<?xml version="1.0" encoding="UTF-8"?>
<testsuite name="Results (powered by Planemo)"
           tests="80"
           errors="14"
           failures="12"
           skip="0">
    
    <testcase classname="anndata_import (Test #1)" name="0" time="1908.7193751335144">
        
            
                <error type="error" message="Tool exit code: None"><![CDATA[
                    { "inputs": {  "hd5_format|in|adata_format": "loom",  "hd5_format|in|cleanup": false,  "hd5_format|in|input": {   "id": "631292e2093a2ec4",   "src": "hda"  },  "hd5_format|in|obs_names": "CellID",  "hd5_format|in|sparse": true,  "hd5_format|in|var_names": "Gene",  "hd5_format|in|x_name": "spliced" }, "job": {  "command_line": "cat \u0027/galaxy/server/database/jobs_directory/000/98/configs/tmpe12pajev\u0027 \u0026\u0026 python \u0027/galaxy/server/database/jobs_directory/000/98/configs/tmpe12pajev\u0027",  "command_version": null,  "create_time": "2023-08-24T18:50:15.012819",  "dependencies": [],  "exit_code": null,  "external_id": "gxy-22cj2",  "galaxy_version": "23.0",  "history_id": "3a533f6f6ce9ae33",  "id": "9a586dbc316a358f",  "inputs": {   "hd5_format|input": {    "id": "631292e2093a2ec4",    "src": "hda",    "uuid": "a4b2ba42-339a-4dd4-943c-0c86d3c46b5e"   }  },  "job_messages": null,  "job_metrics": [],  "job_stderr": null,  "job_stdout": null,  "model_class": "Job",  "output_collections": {},  "outputs": {   "anndata": {    "id": "5425df6722f7f3e2",    "src": "hda",    "uuid": "392d00af-573f-472b-9402-ae6be63245ec"   }  },  "params": {   "__input_ext": "\"input\"",   "chromInfo": "\"/cvmfs/data.galaxyproject.org/managed/len/ucsc/?.len\"",   "dbkey": "\"?\"",   "hd5_format": "{\"__current_case__\": 0, \"filetype\": \"anndata\", \"in\": {\"__current_case__\": 0, \"adata_format\": \"loom\", \"cleanup\": false, \"input\": {\"values\": [{\"id\": 145, \"src\": \"hda\"}]}, \"obs_names\": \"CellID\", \"sparse\": true, \"var_names\": \"Gene\", \"x_name\": \"spliced\"}}"  },  "state": "running",  "stderr": "",  "stdout": "",  "tool_id": "toolshed.g2.bx.psu.edu/repos/iuc/anndata_import/anndata_import/0.7.5+galaxy1",  "tool_stderr": null,  "tool_stdout": null,  "traceback": null,  "update_time": "2023-08-24T18:50:16.785100",  "user_email": "tests@fake.org" }, "output_problems": [  "Timed out after 600.25 seconds waiting on tool test run.",  "Timed out after 600.25 seconds waiting on tool test run.",  "Standard output of the job different than expected\nExpected text matching expression \u0027ad.read_loom\u0027 in output (\u0027\u0027)" ], "status": "failure", "test_index": 0, "time_seconds": 1908.7193751335144, "tool_id": "anndata_import", "tool_version": "0.7.5+galaxy1"}
                ]]></error>
            
            <system-out><![CDATA[
            
            ]]></system-out>
            <system-err><![CDATA[
            
            ]]></system-err>
        
    </testcase>
    
    <testcase classname="anndata_import (Test #1)" name="0" time="1913.965493440628">
        
            
                <error type="error" message="Tool exit code: None"><![CDATA[
                    { "inputs": {  "hd5_format|in|adata_format": "loom",  "hd5_format|in|cleanup": false,  "hd5_format|in|input": {   "id": "c326650e573bbfc1",   "src": "hda"  },  "hd5_format|in|obs_names": "CellID",  "hd5_format|in|sparse": true,  "hd5_format|in|var_names": "Gene",  "hd5_format|in|x_name": "spliced" }, "job": {  "command_line": "cat \u0027/galaxy/server/database/jobs_directory/000/112/configs/tmpymfxs7x_\u0027 \u0026\u0026 python \u0027/galaxy/server/database/jobs_directory/000/112/configs/tmpymfxs7x_\u0027",  "command_version": null,  "create_time": "2023-08-24T20:58:06.117256",  "dependencies": [],  "exit_code": null,  "external_id": "gxy-9fb55",  "galaxy_version": "23.0",  "history_id": "3a533f6f6ce9ae33",  "id": "dc55b9f241a9d4f0",  "inputs": {   "hd5_format|input": {    "id": "c326650e573bbfc1",    "src": "hda",    "uuid": "2d8e3642-4fec-41e0-aa24-10ca7a73f634"   }  },  "job_messages": null,  "job_metrics": [],  "job_stderr": null,  "job_stdout": null,  "model_class": "Job",  "output_collections": {},  "outputs": {   "anndata": {    "id": "6c22b5fc3f063b12",    "src": "hda",    "uuid": "73902d27-badc-455e-89d9-de652482a144"   }  },  "params": {   "__input_ext": "\"input\"",   "chromInfo": "\"/cvmfs/data.galaxyproject.org/managed/len/ucsc/?.len\"",   "dbkey": "\"?\"",   "hd5_format": "{\"__current_case__\": 0, \"filetype\": \"anndata\", \"in\": {\"__current_case__\": 0, \"adata_format\": \"loom\", \"cleanup\": false, \"input\": {\"values\": [{\"id\": 159, \"src\": \"hda\"}]}, \"obs_names\": \"CellID\", \"sparse\": true, \"var_names\": \"Gene\", \"x_name\": \"spliced\"}}"  },  "state": "running",  "stderr": "",  "stdout": "",  "tool_id": "toolshed.g2.bx.psu.edu/repos/iuc/anndata_import/anndata_import/0.7.5+galaxy1",  "tool_stderr": null,  "tool_stdout": null,  "traceback": null,  "update_time": "2023-08-24T20:58:55.639906",  "user_email": "tests@fake.org" }, "output_problems": [  "Timed out after 600.25 seconds waiting on tool test run.",  "Timed out after 600.25 seconds waiting on tool test run.",  "Standard output of the job different than expected\nExpected text matching expression \u0027ad.read_loom\u0027 in output (\u0027\u0027)" ], "status": "failure", "test_index": 0, "time_seconds": 1913.965493440628, "tool_id": "anndata_import", "tool_version": "0.7.5+galaxy1"}
                ]]></error>
            
            <system-out><![CDATA[
            
            ]]></system-out>
            <system-err><![CDATA[
            
            ]]></system-err>
        
    </testcase>
    
    <testcase classname="anndata_import (Test #2)" name="1" time="9.063992023468018">
        
            <error type="error" message="Input staging problem: Job in error state.. tool_id: upload1, exit_code: None, stderr: ."><![CDATA[
                { "execution_problem": "Input staging problem: Job in error state.. tool_id: upload1, exit_code: None, stderr: .", "status": "error", "test_index": 1, "time_seconds": 9.063992023468018, "tool_id": "anndata_import", "tool_version": "0.7.5+galaxy1"}
            ]]></error>
        
    </testcase>
    
    <testcase classname="anndata_import (Test #2)" name="1" time="1911.231496810913">
        
            
                <error type="error" message="Tool exit code: None"><![CDATA[
                    { "inputs": {  "hd5_format|in|adata_format": "tabular",  "hd5_format|in|first_column_names": true,  "hd5_format|in|input": {   "id": "948b94297bec4659",   "src": "hda"  } }, "job": {  "command_line": "cat \u0027/galaxy/server/database/jobs_directory/000/114/configs/tmpc_m44h4e\u0027 \u0026\u0026 python \u0027/galaxy/server/database/jobs_directory/000/114/configs/tmpc_m44h4e\u0027",  "command_version": null,  "create_time": "2023-08-24T21:30:00.865768",  "dependencies": [],  "exit_code": null,  "external_id": "gxy-rkxtk",  "galaxy_version": "23.0",  "history_id": "3a533f6f6ce9ae33",  "id": "9f3de4e38299ce2a",  "inputs": {   "hd5_format|input": {    "id": "948b94297bec4659",    "src": "hda",    "uuid": "7eb76eec-05a3-46ae-bbb0-04d7f4df86e0"   }  },  "job_messages": null,  "job_metrics": [],  "job_stderr": null,  "job_stdout": null,  "model_class": "Job",  "output_collections": {},  "outputs": {   "anndata": {    "id": "23386c3641115545",    "src": "hda",    "uuid": "14a87f0d-bbaf-4bff-8c07-e27f479e7ae3"   }  },  "params": {   "__input_ext": "\"input\"",   "chromInfo": "\"/cvmfs/data.galaxyproject.org/managed/len/ucsc/?.len\"",   "dbkey": "\"?\"",   "hd5_format": "{\"__current_case__\": 0, \"filetype\": \"anndata\", \"in\": {\"__current_case__\": 1, \"adata_format\": \"tabular\", \"first_column_names\": true, \"input\": {\"values\": [{\"id\": 161, \"src\": \"hda\"}]}}}"  },  "state": "running",  "stderr": "",  "stdout": "",  "tool_id": "toolshed.g2.bx.psu.edu/repos/iuc/anndata_import/anndata_import/0.7.5+galaxy1",  "tool_stderr": null,  "tool_stdout": null,  "traceback": null,  "update_time": "2023-08-24T21:30:03.788004",  "user_email": "tests@fake.org" }, "output_problems": [  "Timed out after 600.25 seconds waiting on tool test run.",  "Timed out after 600.25 seconds waiting on tool test run.",  "Standard output of the job different than expected\nExpected text matching expression \u0027ad.read_csv\u0027 in output (\u0027\u0027)" ], "status": "failure", "test_index": 1, "time_seconds": 1911.231496810913, "tool_id": "anndata_import", "tool_version": "0.7.5+galaxy1"}
                ]]></error>
            
            <system-out><![CDATA[
            
            ]]></system-out>
            <system-err><![CDATA[
            
            ]]></system-err>
        
    </testcase>
    
    <testcase classname="anndata_import (Test #3)" name="2" time="1907.432123184204">
        
            
                <error type="error" message="Tool exit code: None"><![CDATA[
                    { "inputs": {  "hd5_format|in|adata_format": "tabular",  "hd5_format|in|first_column_names": true,  "hd5_format|in|input": {   "id": "9516b9d889369c8f",   "src": "hda"  } }, "job": {  "command_line": "cat \u0027/galaxy/server/database/jobs_directory/000/101/configs/tmpfrl0r15f\u0027 \u0026\u0026 python \u0027/galaxy/server/database/jobs_directory/000/101/configs/tmpfrl0r15f\u0027",  "command_version": null,  "create_time": "2023-08-24T19:22:13.149572",  "dependencies": [],  "exit_code": null,  "external_id": "gxy-9q9c2",  "galaxy_version": "23.0",  "history_id": "3a533f6f6ce9ae33",  "id": "0417dccac1b4dae5",  "inputs": {   "hd5_format|input": {    "id": "9516b9d889369c8f",    "src": "hda",    "uuid": "4900ecae-15ae-40fd-b468-8897c37bcbc6"   }  },  "job_messages": null,  "job_metrics": [],  "job_stderr": null,  "job_stdout": null,  "model_class": "Job",  "output_collections": {},  "outputs": {   "anndata": {    "id": "44ddb4016ca7c13c",    "src": "hda",    "uuid": "49fad88b-aa8e-4790-8724-d5ac486f7d2c"   }  },  "params": {   "__input_ext": "\"input\"",   "chromInfo": "\"/cvmfs/data.galaxyproject.org/managed/len/ucsc/?.len\"",   "dbkey": "\"?\"",   "hd5_format": "{\"__current_case__\": 0, \"filetype\": \"anndata\", \"in\": {\"__current_case__\": 1, \"adata_format\": \"tabular\", \"first_column_names\": true, \"input\": {\"values\": [{\"id\": 148, \"src\": \"hda\"}]}}}"  },  "state": "running",  "stderr": "",  "stdout": "",  "tool_id": "toolshed.g2.bx.psu.edu/repos/iuc/anndata_import/anndata_import/0.7.5+galaxy1",  "tool_stderr": null,  "tool_stdout": null,  "traceback": null,  "update_time": "2023-08-24T19:22:14.737517",  "user_email": "tests@fake.org" }, "output_problems": [  "Timed out after 600.25 seconds waiting on tool test run.",  "Timed out after 600.25 seconds waiting on tool test run.",  "Standard output of the job different than expected\nExpected text matching expression \u0027ad.read_csv\u0027 in output (\u0027\u0027)" ], "status": "failure", "test_index": 2, "time_seconds": 1907.432123184204, "tool_id": "anndata_import", "tool_version": "0.7.5+galaxy1"}
                ]]></error>
            
            <system-out><![CDATA[
            
            ]]></system-out>
            <system-err><![CDATA[
            
            ]]></system-err>
        
    </testcase>
    
    <testcase classname="anndata_import (Test #3)" name="2" time="1900.4789118766785">
        
            
                <error type="error" message="Tool exit code: None"><![CDATA[
                    { "inputs": {  "hd5_format|in|adata_format": "tabular",  "hd5_format|in|first_column_names": true,  "hd5_format|in|input": {   "id": "189b90e7f185fe91",   "src": "hda"  } }, "job": {  "command_line": "cat \u0027/galaxy/server/database/jobs_directory/000/116/configs/tmpkmbo6i3t\u0027 \u0026\u0026 python \u0027/galaxy/server/database/jobs_directory/000/116/configs/tmpkmbo6i3t\u0027",  "command_version": null,  "create_time": "2023-08-24T22:01:53.572989",  "dependencies": [],  "exit_code": null,  "external_id": "gxy-g98vw",  "galaxy_version": "23.0",  "history_id": "3a533f6f6ce9ae33",  "id": "b48fbd6fb8e03150",  "inputs": {   "hd5_format|input": {    "id": "189b90e7f185fe91",    "src": "hda",    "uuid": "543dfef0-cf54-4989-884b-6cc24e688320"   }  },  "job_messages": null,  "job_metrics": [],  "job_stderr": null,  "job_stdout": null,  "model_class": "Job",  "output_collections": {},  "outputs": {   "anndata": {    "id": "550f842cc9bee82f",    "src": "hda",    "uuid": "6f25119b-2425-4c50-9bce-4d631bf9b6e7"   }  },  "params": {   "__input_ext": "\"input\"",   "chromInfo": "\"/cvmfs/data.galaxyproject.org/managed/len/ucsc/?.len\"",   "dbkey": "\"?\"",   "hd5_format": "{\"__current_case__\": 0, \"filetype\": \"anndata\", \"in\": {\"__current_case__\": 1, \"adata_format\": \"tabular\", \"first_column_names\": true, \"input\": {\"values\": [{\"id\": 163, \"src\": \"hda\"}]}}}"  },  "state": "running",  "stderr": "",  "stdout": "",  "tool_id": "toolshed.g2.bx.psu.edu/repos/iuc/anndata_import/anndata_import/0.7.5+galaxy1",  "tool_stderr": null,  "tool_stdout": null,  "traceback": null,  "update_time": "2023-08-24T22:02:44.360224",  "user_email": "tests@fake.org" }, "output_problems": [  "Timed out after 600.25 seconds waiting on tool test run.",  "Timed out after 600.25 seconds waiting on tool test run.",  "Standard output of the job different than expected\nExpected text matching expression \u0027ad.read_csv\u0027 in output (\u0027\u0027)" ], "status": "failure", "test_index": 2, "time_seconds": 1900.4789118766785, "tool_id": "anndata_import", "tool_version": "0.7.5+galaxy1"}
                ]]></error>
            
            <system-out><![CDATA[
            
            ]]></system-out>
            <system-err><![CDATA[
            
            ]]></system-err>
        
    </testcase>
    
    <testcase classname="anndata_import (Test #4)" name="3" time="1904.3148419857025">
        
            
                <error type="error" message="Tool exit code: None"><![CDATA[
                    { "inputs": {  "hd5_format|in|adata_format": "mtx",  "hd5_format|in|matrix": {   "id": "33682244fdbad4d3",   "src": "hda"  },  "hd5_format|in|tenx|use": "no" }, "job": {  "command_line": "mkdir mtx \u0026\u0026   cat \u0027/galaxy/server/database/jobs_directory/000/103/configs/tmpczfkb831\u0027 \u0026\u0026 python \u0027/galaxy/server/database/jobs_directory/000/103/configs/tmpczfkb831\u0027    \u0026\u0026 rm -rf mtx",  "command_version": null,  "create_time": "2023-08-24T19:54:00.791155",  "dependencies": [],  "exit_code": null,  "external_id": "gxy-thtl9",  "galaxy_version": "23.0",  "history_id": "3a533f6f6ce9ae33",  "id": "0e51a3b0944ddd48",  "inputs": {   "hd5_format|matrix": {    "id": "33682244fdbad4d3",    "src": "hda",    "uuid": "48b88b86-3ed0-45de-ad4c-6447c989a3bb"   }  },  "job_messages": null,  "job_metrics": [],  "job_stderr": null,  "job_stdout": null,  "model_class": "Job",  "output_collections": {},  "outputs": {   "anndata": {    "id": "90dccb29d0ecfce8",    "src": "hda",    "uuid": "8f2aec81-31cc-4e21-89a4-47e37a754999"   }  },  "params": {   "__input_ext": "\"input\"",   "chromInfo": "\"/cvmfs/data.galaxyproject.org/managed/len/ucsc/?.len\"",   "dbkey": "\"?\"",   "hd5_format": "{\"__current_case__\": 0, \"filetype\": \"anndata\", \"in\": {\"__current_case__\": 3, \"adata_format\": \"mtx\", \"matrix\": {\"values\": [{\"id\": 150, \"src\": \"hda\"}]}, \"tenx\": {\"__current_case__\": 0, \"use\": \"no\"}}}"  },  "state": "running",  "stderr": "",  "stdout": "",  "tool_id": "toolshed.g2.bx.psu.edu/repos/iuc/anndata_import/anndata_import/0.7.5+galaxy1",  "tool_stderr": null,  "tool_stdout": null,  "traceback": null,  "update_time": "2023-08-24T19:54:49.974038",  "user_email": "tests@fake.org" }, "output_problems": [  "Timed out after 600.25 seconds waiting on tool test run.",  "Timed out after 600.25 seconds waiting on tool test run." ], "status": "failure", "test_index": 3, "time_seconds": 1904.3148419857025, "tool_id": "anndata_import", "tool_version": "0.7.5+galaxy1"}
                ]]></error>
            
            <system-out><![CDATA[
            
            ]]></system-out>
            <system-err><![CDATA[
            
            ]]></system-err>
        
    </testcase>
    
    <testcase classname="anndata_import (Test #4)" name="3" time="1896.6905438899994">
        
            
                <error type="error" message="Tool exit code: None"><![CDATA[
                    { "inputs": {  "hd5_format|in|adata_format": "mtx",  "hd5_format|in|matrix": {   "id": "b7dcf09f4b78d9fd",   "src": "hda"  },  "hd5_format|in|tenx|use": "no" }, "job": {  "command_line": "mkdir mtx \u0026\u0026   cat \u0027/galaxy/server/database/jobs_directory/000/118/configs/tmpydglfhv_\u0027 \u0026\u0026 python \u0027/galaxy/server/database/jobs_directory/000/118/configs/tmpydglfhv_\u0027    \u0026\u0026 rm -rf mtx",  "command_version": null,  "create_time": "2023-08-24T22:33:32.383819",  "dependencies": [],  "exit_code": null,  "external_id": "gxy-hfxnq",  "galaxy_version": "23.0",  "history_id": "3a533f6f6ce9ae33",  "id": "6c8bd2fff1896a7b",  "inputs": {   "hd5_format|matrix": {    "id": "b7dcf09f4b78d9fd",    "src": "hda",    "uuid": "77aa7aca-b04b-43bf-a4d8-3ec568e128ae"   }  },  "job_messages": null,  "job_metrics": [],  "job_stderr": null,  "job_stdout": null,  "model_class": "Job",  "output_collections": {},  "outputs": {   "anndata": {    "id": "abcda935462fde54",    "src": "hda",    "uuid": "7c406173-b70c-42e4-a1f9-3b18dc4ed414"   }  },  "params": {   "__input_ext": "\"input\"",   "chromInfo": "\"/cvmfs/data.galaxyproject.org/managed/len/ucsc/?.len\"",   "dbkey": "\"?\"",   "hd5_format": "{\"__current_case__\": 0, \"filetype\": \"anndata\", \"in\": {\"__current_case__\": 3, \"adata_format\": \"mtx\", \"matrix\": {\"values\": [{\"id\": 165, \"src\": \"hda\"}]}, \"tenx\": {\"__current_case__\": 0, \"use\": \"no\"}}}"  },  "state": "running",  "stderr": "",  "stdout": "",  "tool_id": "toolshed.g2.bx.psu.edu/repos/iuc/anndata_import/anndata_import/0.7.5+galaxy1",  "tool_stderr": null,  "tool_stdout": null,  "traceback": null,  "update_time": "2023-08-24T22:33:34.712183",  "user_email": "tests@fake.org" }, "output_problems": [  "Timed out after 600.25 seconds waiting on tool test run.",  "Timed out after 600.25 seconds waiting on tool test run." ], "status": "failure", "test_index": 3, "time_seconds": 1896.6905438899994, "tool_id": "anndata_import", "tool_version": "0.7.5+galaxy1"}
                ]]></error>
            
            <system-out><![CDATA[
            
            ]]></system-out>
            <system-err><![CDATA[
            
            ]]></system-err>
        
    </testcase>
    
    <testcase classname="anndata_import (Test #5)" name="4" time="10.921779155731201">
        
            <error type="error" message="Input staging problem: Job in error state.. tool_id: upload1, exit_code: None, stderr: ."><![CDATA[
                { "execution_problem": "Input staging problem: Job in error state.. tool_id: upload1, exit_code: None, stderr: .", "status": "error", "test_index": 4, "time_seconds": 10.921779155731201, "tool_id": "anndata_import", "tool_version": "0.7.5+galaxy1"}
            ]]></error>
        
    </testcase>
    
    <testcase classname="anndata_import (Test #5)" name="4" time="9.737016201019287">
        
            <error type="error" message="Input staging problem: Job in error state.. tool_id: upload1, exit_code: None, stderr: ."><![CDATA[
                { "execution_problem": "Input staging problem: Job in error state.. tool_id: upload1, exit_code: None, stderr: .", "status": "error", "test_index": 4, "time_seconds": 9.737016201019287, "tool_id": "anndata_import", "tool_version": "0.7.5+galaxy1"}
            ]]></error>
        
    </testcase>
    
    <testcase classname="anndata_import (Test #6)" name="5" time="1919.3481318950653">
        
            
                <error type="error" message="Tool exit code: None"><![CDATA[
                    { "inputs": {  "hd5_format|coldata": {   "id": "9e194aca880fb4be",   "src": "hda"  },  "hd5_format|filetype": "loom",  "hd5_format|mainmatrix": {   "id": "7c22715f3ef2bf02",   "src": "hda"  },  "hd5_format|other_files": {   "id": "043b0bee407bb65f",   "src": "hda"  },  "hd5_format|rowdata": {   "id": "d047b97c8604da5d",   "src": "hda"  } }, "job": {  "command_line": "python \u0027/cvmfs/cloud.galaxyproject.org/tools/toolshed.g2.bx.psu.edu/repos/iuc/anndata_import/fb9e030ffae4/anndata_import/tsv_to_loompy.py\u0027 -c \u0027/galaxy/server/database/objects/8/6/8/dataset_868a31ee-351a-4e72-b3a6-14c1635e6ace.dat\u0027 -r \u0027/galaxy/server/database/objects/8/1/b/dataset_81bd365a-0afa-46d1-b612-bc0bb502ebbe.dat\u0027 -f \u0027/galaxy/server/database/objects/0/6/6/dataset_0663aeb3-ef3f-4450-9150-0cfe9ca2f9af.dat\u0027 \u0027/galaxy/server/database/objects/0/3/9/dataset_0392e5c8-810f-4907-86b6-b71cc45434f8.dat\u0027",  "command_version": null,  "create_time": "2023-08-24T20:26:07.258794",  "dependencies": [],  "exit_code": null,  "external_id": "gxy-j85hl",  "galaxy_version": "23.0",  "history_id": "3a533f6f6ce9ae33",  "id": "3aa469f4c0d92a03",  "inputs": {   "coldata": {    "id": "9e194aca880fb4be",    "src": "hda",    "uuid": "868a31ee-351a-4e72-b3a6-14c1635e6ace"   },   "mainmatrix": {    "id": "7c22715f3ef2bf02",    "src": "hda",    "uuid": "0663aeb3-ef3f-4450-9150-0cfe9ca2f9af"   },   "other_files": {    "id": "043b0bee407bb65f",    "src": "hda",    "uuid": "0392e5c8-810f-4907-86b6-b71cc45434f8"   },   "other_files1": {    "id": "043b0bee407bb65f",    "src": "hda",    "uuid": "0392e5c8-810f-4907-86b6-b71cc45434f8"   },   "rowdata": {    "id": "d047b97c8604da5d",    "src": "hda",    "uuid": "81bd365a-0afa-46d1-b612-bc0bb502ebbe"   }  },  "job_messages": null,  "job_metrics": [],  "job_stderr": null,  "job_stdout": null,  "model_class": "Job",  "output_collections": {},  "outputs": {   "loomdata": {    "id": "eb54fc0e0dd06d82",    "src": "hda",    "uuid": "b651e075-bf03-401d-ad57-aca27ba4ccbd"   }  },  "params": {   "__input_ext": "\"input\"",   "chromInfo": "\"/cvmfs/data.galaxyproject.org/managed/len/ucsc/?.len\"",   "dbkey": "\"?\"",   "hd5_format": "{\"__current_case__\": 1, \"coldata\": {\"values\": [{\"id\": 155, \"src\": \"hda\"}]}, \"filetype\": \"loom\", \"mainmatrix\": {\"values\": [{\"id\": 153, \"src\": \"hda\"}]}, \"other_files\": {\"values\": [{\"id\": 154, \"src\": \"hda\"}]}, \"rowdata\": {\"values\": [{\"id\": 156, \"src\": \"hda\"}]}}"  },  "state": "running",  "stderr": "",  "stdout": "",  "tool_id": "toolshed.g2.bx.psu.edu/repos/iuc/anndata_import/anndata_import/0.7.5+galaxy1",  "tool_stderr": null,  "tool_stdout": null,  "traceback": null,  "update_time": "2023-08-24T20:26:09.097610",  "user_email": "tests@fake.org" }, "output_problems": [  "Timed out after 600.25 seconds waiting on tool test run.",  "Timed out after 600.25 seconds waiting on tool test run." ], "status": "failure", "test_index": 5, "time_seconds": 1919.3481318950653, "tool_id": "anndata_import", "tool_version": "0.7.5+galaxy1"}
                ]]></error>
            
            <system-out><![CDATA[
            
            ]]></system-out>
            <system-err><![CDATA[
            
            ]]></system-err>
        
    </testcase>
    
    <testcase classname="anndata_import (Test #6)" name="5" time="1918.9152176380157">
        
            
                <error type="error" message="Tool exit code: None"><![CDATA[
                    { "inputs": {  "hd5_format|coldata": {   "id": "264417fa1751a303",   "src": "hda"  },  "hd5_format|filetype": "loom",  "hd5_format|mainmatrix": {   "id": "5513d4b248d5a2a8",   "src": "hda"  },  "hd5_format|other_files": {   "id": "ae4650e9bcdea295",   "src": "hda"  },  "hd5_format|rowdata": {   "id": "36d398c40d2de7aa",   "src": "hda"  } }, "job": {  "command_line": "python \u0027/cvmfs/cloud.galaxyproject.org/tools/toolshed.g2.bx.psu.edu/repos/iuc/anndata_import/fb9e030ffae4/anndata_import/tsv_to_loompy.py\u0027 -c \u0027/galaxy/server/database/objects/6/9/0/dataset_690c4b98-26b4-40c8-8806-3db786d2abe9.dat\u0027 -r \u0027/galaxy/server/database/objects/6/f/1/dataset_6f1e5c3e-98d8-4583-82e7-7d662e3afdb0.dat\u0027 -f \u0027/galaxy/server/database/objects/c/1/e/dataset_c1eda56d-6a64-40b6-b0ec-af34057c9378.dat\u0027 \u0027/galaxy/server/database/objects/d/d/a/dataset_dda1037d-f6b4-441e-a488-875a6293083b.dat\u0027",  "command_version": null,  "create_time": "2023-08-24T23:05:31.553508",  "dependencies": [],  "exit_code": null,  "external_id": "gxy-ngwrs",  "galaxy_version": "23.0",  "history_id": "3a533f6f6ce9ae33",  "id": "a109380e64b1519d",  "inputs": {   "coldata": {    "id": "264417fa1751a303",    "src": "hda",    "uuid": "690c4b98-26b4-40c8-8806-3db786d2abe9"   },   "mainmatrix": {    "id": "5513d4b248d5a2a8",    "src": "hda",    "uuid": "c1eda56d-6a64-40b6-b0ec-af34057c9378"   },   "other_files": {    "id": "ae4650e9bcdea295",    "src": "hda",    "uuid": "dda1037d-f6b4-441e-a488-875a6293083b"   },   "other_files1": {    "id": "ae4650e9bcdea295",    "src": "hda",    "uuid": "dda1037d-f6b4-441e-a488-875a6293083b"   },   "rowdata": {    "id": "36d398c40d2de7aa",    "src": "hda",    "uuid": "6f1e5c3e-98d8-4583-82e7-7d662e3afdb0"   }  },  "job_messages": null,  "job_metrics": [],  "job_stderr": null,  "job_stdout": null,  "model_class": "Job",  "output_collections": {},  "outputs": {   "loomdata": {    "id": "68dd73122698e3f8",    "src": "hda",    "uuid": "4010de36-cf43-4a45-95f8-a5c61855d2f9"   }  },  "params": {   "__input_ext": "\"input\"",   "chromInfo": "\"/cvmfs/data.galaxyproject.org/managed/len/ucsc/?.len\"",   "dbkey": "\"?\"",   "hd5_format": "{\"__current_case__\": 1, \"coldata\": {\"values\": [{\"id\": 170, \"src\": \"hda\"}]}, \"filetype\": \"loom\", \"mainmatrix\": {\"values\": [{\"id\": 168, \"src\": \"hda\"}]}, \"other_files\": {\"values\": [{\"id\": 169, \"src\": \"hda\"}]}, \"rowdata\": {\"values\": [{\"id\": 171, \"src\": \"hda\"}]}}"  },  "state": "running",  "stderr": "",  "stdout": "",  "tool_id": "toolshed.g2.bx.psu.edu/repos/iuc/anndata_import/anndata_import/0.7.5+galaxy1",  "tool_stderr": null,  "tool_stdout": null,  "traceback": null,  "update_time": "2023-08-24T23:06:20.396258",  "user_email": "tests@fake.org" }, "output_problems": [  "Timed out after 600.25 seconds waiting on tool test run.",  "Timed out after 600.25 seconds waiting on tool test run." ], "status": "failure", "test_index": 5, "time_seconds": 1918.9152176380157, "tool_id": "anndata_import", "tool_version": "0.7.5+galaxy1"}
                ]]></error>
            
            <system-out><![CDATA[
            
            ]]></system-out>
            <system-err><![CDATA[
            
            ]]></system-err>
        
    </testcase>
    
    <testcase classname="anndata_import (Test #7)" name="6" time="9.706440448760986">
        
            <error type="error" message="Input staging problem: Job in error state.. tool_id: upload1, exit_code: None, stderr: ."><![CDATA[
                { "execution_problem": "Input staging problem: Job in error state.. tool_id: upload1, exit_code: None, stderr: .", "status": "error", "test_index": 6, "time_seconds": 9.706440448760986, "tool_id": "anndata_import", "tool_version": "0.7.5+galaxy1"}
            ]]></error>
        
    </testcase>
    
    <testcase classname="anndata_import (Test #7)" name="6" time="88.23323607444763">
        
            
                <error type="error" message="Tool exit code: 137"><![CDATA[
                    { "inputs": {  "hd5_format|filetype": "anndata",  "hd5_format|in|adata_format": "10x_h5",  "hd5_format|in|input": {   "id": "7af6dbe392534422",   "src": "hda"  } }, "job": {  "command_line": "cat \u0027/galaxy/server/database/jobs_directory/000/126/configs/tmp91w3o4wv\u0027 \u0026\u0026 python \u0027/galaxy/server/database/jobs_directory/000/126/configs/tmp91w3o4wv\u0027",  "command_version": "",  "create_time": "2023-08-24T23:37:20.122683",  "dependencies": [],  "exit_code": 137,  "external_id": "gxy-7dkqh",  "galaxy_version": "23.0",  "history_id": "3a533f6f6ce9ae33",  "id": "ca5841313407f426",  "inputs": {   "hd5_format|input": {    "id": "7af6dbe392534422",    "src": "hda",    "uuid": "cdf69ba4-6356-4de2-815e-f578955c908a"   }  },  "job_messages": [   {    "code_desc": "",    "desc": "Fatal error: Exit code 137 ()",    "error_level": 3,    "exit_code": 137,    "type": "exit_code"   }  ],  "job_metrics": [   {    "name": "runtime_seconds",    "plugin": "core",    "raw_value": "1.0000000",    "title": "Job Runtime (Wall Clock)",    "value": "1 second"   },   {    "name": "end_epoch",    "plugin": "core",    "raw_value": "1692920301.0000000",    "title": "Job End Time",    "value": "2023-08-24 23:38:21"   },   {    "name": "start_epoch",    "plugin": "core",    "raw_value": "1692920300.0000000",    "title": "Job Start Time",    "value": "2023-08-24 23:38:20"   },   {    "name": "galaxy_memory_mb",    "plugin": "core",    "raw_value": "4.0000000",    "title": "Memory Allocated (MB)",    "value": "4"   },   {    "name": "galaxy_slots",    "plugin": "core",    "raw_value": "1.0000000",    "title": "Cores Allocated",    "value": "1"   }  ],  "job_stderr": "",  "job_stdout": "",  "model_class": "Job",  "output_collections": {},  "outputs": {   "anndata": {    "id": "20e6c025b6e0fcf0",    "src": "hda",    "uuid": "b1c35200-f8a2-4414-a040-9a4c214df129"   }  },  "params": {   "__input_ext": "\"input\"",   "chromInfo": "\"/cvmfs/data.galaxyproject.org/managed/len/ucsc/?.len\"",   "dbkey": "\"?\"",   "hd5_format": "{\"__current_case__\": 0, \"filetype\": \"anndata\", \"in\": {\"__current_case__\": 2, \"adata_format\": \"10x_h5\", \"input\": {\"values\": [{\"id\": 173, \"src\": \"hda\"}]}}}"  },  "state": "error",  "stderr": "/galaxy/server/database/jobs_directory/000/126/tool_script.sh: line 23:    22 Killed                  python -c \"import anndata as ad;print(\u0027anndata version: %s\u0027 % ad.__version__); import loompy;print(\u0027\\nloompy version: %s\u0027 % loompy.__version__)\" \u003e /galaxy/server/database/jobs_directory/000/126/outputs/COMMAND_VERSION 2\u003e\u00261\n",  "stdout": "",  "tool_id": "toolshed.g2.bx.psu.edu/repos/iuc/anndata_import/anndata_import/0.7.5+galaxy1",  "tool_stderr": "/galaxy/server/database/jobs_directory/000/126/tool_script.sh: line 23:    22 Killed                  python -c \"import anndata as ad;print(\u0027anndata version: %s\u0027 % ad.__version__); import loompy;print(\u0027\\nloompy version: %s\u0027 % loompy.__version__)\" \u003e /galaxy/server/database/jobs_directory/000/126/outputs/COMMAND_VERSION 2\u003e\u00261\n",  "tool_stdout": "",  "traceback": null,  "update_time": "2023-08-24T23:38:30.736344",  "user_email": "tests@fake.org" }, "output_problems": [  "Job in error state.. tool_id: toolshed.g2.bx.psu.edu/repos/iuc/anndata_import/anndata_import/0.7.5+galaxy1, exit_code: 137, stderr: /galaxy/server/database/jobs_directory/000/126/tool_script.sh: line 23:    22 Killed                  python -c \"import anndata as ad;print(\u0027anndata version: %s\u0027 % ad.__version__); import loompy;print(\u0027\\nloompy version: %s\u0027 % loompy.__version__)\" \u003e /galaxy/server/database/jobs_directory/000/126/outputs/COMMAND_VERSION 2\u003e\u00261\n.",  "Job in error state.. tool_id: toolshed.g2.bx.psu.edu/repos/iuc/anndata_import/anndata_import/0.7.5+galaxy1, exit_code: 137, stderr: /galaxy/server/database/jobs_directory/000/126/tool_script.sh: line 23:    22 Killed                  python -c \"import anndata as ad;print(\u0027anndata version: %s\u0027 % ad.__version__); import loompy;print(\u0027\\nloompy version: %s\u0027 % loompy.__version__)\" \u003e /galaxy/server/database/jobs_directory/000/126/outputs/COMMAND_VERSION 2\u003e\u00261\n." ], "status": "failure", "test_index": 6, "time_seconds": 88.23323607444763, "tool_id": "anndata_import", "tool_version": "0.7.5+galaxy1"}
                ]]></error>
            
            <system-out><![CDATA[
            
            ]]></system-out>
            <system-err><![CDATA[
            /galaxy/server/database/jobs_directory/000/126/tool_script.sh: line 23:    22 Killed                  python -c "import anndata as ad;print('anndata version: %s' % ad.__version__); import loompy;print('\nloompy version: %s' % loompy.__version__)" > /galaxy/server/database/jobs_directory/000/126/outputs/COMMAND_VERSION 2>&1
            ]]></system-err>
        
    </testcase>
    
    <testcase classname="bcftools_plugin_fixploidy (Test #1)" name="0" time="40.70198440551758">
        
            
            <system-out><![CDATA[
            
            ]]></system-out>
            <system-err><![CDATA[
            
            ]]></system-err>
        
    </testcase>
    
    <testcase classname="bcftools_stats (Test #1)" name="0" time="51.159005880355835">
        
            
            <system-out><![CDATA[
            
            ]]></system-out>
            <system-err><![CDATA[
            
            ]]></system-err>
        
    </testcase>
    
    <testcase classname="bcftools_stats (Test #2)" name="1" time="">
        
            <error type="error" message=""><![CDATA[
                { "status": "skip", "test_index": 1, "tool_id": "bcftools_stats", "tool_version": "1.10"}
            ]]></error>
        
    </testcase>
    
    <testcase classname="bcftools_stats (Test #3)" name="2" time="29.22040343284607">
        
            
                <error type="error" message="Tool exit code: 1"><![CDATA[
                    { "inputs": {  "input_file": {   "id": "f2ac0e898ab9d301",   "src": "hda"  },  "plot_title": "Plot for mpileup.vcf" }, "job": {  "command_line": "export BCFTOOLS_PLUGINS=`which bcftools | sed \u0027s,bin/bcftools,libexec/bcftools,\u0027`;     bgzip -c \u0027/galaxy/server/database/objects/0/e/f/dataset_0ef97069-e307-4c33-b371-e66946a021cb.dat\u0027 \u003e input0.vcf.gz \u0026\u0026 bcftools index input0.vcf.gz \u0026\u0026 echo \u0027input0.vcf.gz\u0027 \u003e\u003e vcfs_list \u0026\u0026                     bcftools stats                              input0.vcf.gz  \u003e \u0027/galaxy/server/database/objects/f/4/6/dataset_f46baf9e-fedb-4652-a172-376e40fc3959.dat\u0027 \u0026\u0026 plot-vcfstats -p \u0027plot_tmp/\u0027 -T \u0027Plot for mpileup.vcf\u0027 -s \u0027/galaxy/server/database/objects/f/4/6/dataset_f46baf9e-fedb-4652-a172-376e40fc3959.dat\u0027 || (printf \"The content of plot_tmp/plot-vcfstats.log is:\\n\" \u003e\u00262 \u0026\u0026 cat plot_tmp/plot-vcfstats.log \u003e\u00262 \u0026\u0026 exit 1)",  "command_version": "Version: 1.10.2 (using htslib 1.10.2)",  "create_time": "2023-08-24T23:50:20.758303",  "dependencies": [],  "exit_code": 1,  "external_id": "gxy-4dflv",  "galaxy_version": "23.0",  "history_id": "3a533f6f6ce9ae33",  "id": "20e6c025b6e0fcf0",  "inputs": {   "input_file": {    "id": "f2ac0e898ab9d301",    "src": "hda",    "uuid": "0ef97069-e307-4c33-b371-e66946a021cb"   }  },  "job_messages": [   {    "code_desc": "",    "desc": "Fatal error: Exit code 1 ()",    "error_level": 3,    "exit_code": 1,    "type": "exit_code"   },   {    "code_desc": "",    "desc": "Fatal error: ",    "error_level": 3,    "match": "error:",    "stream": "stderr",    "type": "regex"   }  ],  "job_metrics": [   {    "name": "runtime_seconds",    "plugin": "core",    "raw_value": "2.0000000",    "title": "Job Runtime (Wall Clock)",    "value": "2 seconds"   },   {    "name": "end_epoch",    "plugin": "core",    "raw_value": "1692921024.0000000",    "title": "Job End Time",    "value": "2023-08-24 23:50:24"   },   {    "name": "start_epoch",    "plugin": "core",    "raw_value": "1692921022.0000000",    "title": "Job Start Time",    "value": "2023-08-24 23:50:22"   },   {    "name": "galaxy_memory_mb",    "plugin": "core",    "raw_value": "4080.0000000",    "title": "Memory Allocated (MB)",    "value": "4080"   },   {    "name": "galaxy_slots",    "plugin": "core",    "raw_value": "1.0000000",    "title": "Cores Allocated",    "value": "1"   }  ],  "job_stderr": "",  "job_stdout": "",  "model_class": "Job",  "output_collections": {},  "outputs": {   "output_file": {    "id": "ad98407a5653cbef",    "src": "hda",    "uuid": "f46baf9e-fedb-4652-a172-376e40fc3959"   },   "output_pdf": {    "id": "37619b8196fa9f09",    "src": "hda",    "uuid": "6e9257ba-fe6f-432e-bb5d-6d1dd7ec4116"   }  },  "params": {   "__input_ext": "\"input\"",   "chromInfo": "\"/cvmfs/data.galaxyproject.org/managed/len/ucsc/?.len\"",   "dbkey": "\"?\"",   "inputB_file": null,   "plot_title": "\"Plot for mpileup.vcf\"",   "sec_default": "{\"af_tag\": \"\", \"afbins\": {\"__current_case__\": 0, \"afbins_select\": \"default\"}, \"depth\": {\"__current_case__\": 0, \"set_depth\": \"no\"}, \"exons_file\": null, \"first_allele_only\": false, \"reference_source\": {\"__current_case__\": 0, \"reference_source_selector\": \"\"}, \"split_by_ID\": false, \"user_tstv\": \"\", \"verbose\": false}",   "sec_restrict": "{\"apply_filters\": \"\", \"collapse\": null, \"exclude\": null, \"include\": null, \"invert_samples\": false, \"invert_samples_file\": false, \"regions\": {\"__current_case__\": 0, \"regions_src\": \"__none__\"}, \"samples\": \"\", \"samples_file\": null, \"targets\": {\"__current_case__\": 0, \"targets_src\": \"__none__\"}}"  },  "state": "error",  "stderr": "Parsing bcftools stats output: /galaxy/server/database/objects/f/4/6/dataset_f46baf9e-fedb-4652-a172-376e40fc3959.dat\nPlotting graphs: python3 plot.py\nCreating PDF: tectonic summary.tex \u003eplot-vcfstats.log 2\u003e\u00261\nThe command exited with non-zero status, please consult the output of tectonic: plot_tmp/plot-vcfstats.log\n\n at /usr/local/bin/plot-vcfstats line 111.\n\tmain::error(\"The command exited with non-zero status, please consult the o\"...) called at /usr/local/bin/plot-vcfstats line 2086\n\tmain::create_pdf(HASH(0x560b16736af8)) called at /usr/local/bin/plot-vcfstats line 72\nThe content of plot_tmp/plot-vcfstats.log is:\nnote: this is a BETA release; ask questions and report bugs at https://tectonic.newton.cx/\nnote: indexing https://archive.org/services/purl/net/pkgwpub/tectonic-default\nerror: could not get backend summary digest\ncaused by: couldn\u0027t probe https://archive.org/services/purl/net/pkgwpub/tectonic-default\ncaused by: Invalid Status provided\n",  "stdout": "",  "tool_id": "toolshed.g2.bx.psu.edu/repos/iuc/bcftools_stats/bcftools_stats/1.10",  "tool_stderr": "Parsing bcftools stats output: /galaxy/server/database/objects/f/4/6/dataset_f46baf9e-fedb-4652-a172-376e40fc3959.dat\nPlotting graphs: python3 plot.py\nCreating PDF: tectonic summary.tex \u003eplot-vcfstats.log 2\u003e\u00261\nThe command exited with non-zero status, please consult the output of tectonic: plot_tmp/plot-vcfstats.log\n\n at /usr/local/bin/plot-vcfstats line 111.\n\tmain::error(\"The command exited with non-zero status, please consult the o\"...) called at /usr/local/bin/plot-vcfstats line 2086\n\tmain::create_pdf(HASH(0x560b16736af8)) called at /usr/local/bin/plot-vcfstats line 72\nThe content of plot_tmp/plot-vcfstats.log is:\nnote: this is a BETA release; ask questions and report bugs at https://tectonic.newton.cx/\nnote: indexing https://archive.org/services/purl/net/pkgwpub/tectonic-default\nerror: could not get backend summary digest\ncaused by: couldn\u0027t probe https://archive.org/services/purl/net/pkgwpub/tectonic-default\ncaused by: Invalid Status provided\n",  "tool_stdout": "",  "traceback": null,  "update_time": "2023-08-24T23:50:34.222238",  "user_email": "tests@fake.org" }, "output_problems": [  "Job in error state.. tool_id: toolshed.g2.bx.psu.edu/repos/iuc/bcftools_stats/bcftools_stats/1.10, exit_code: 1, stderr: Parsing bcftools stats output: /galaxy/server/database/objects/f/4/6/dataset_f46baf9e-fedb-4652-a172-376e40fc3959.dat\nPlotting graphs: python3 plot.py\nCreating PDF: tectonic summary.tex \u003eplot-vcfstats.log 2\u003e\u00261\nThe command exited with non-zero status, please consult the output of tectonic: plot_tmp/plot-vcfstats.log\n\n at /usr/local/bin/plot-vcfstats line 111.\n\tmain::error(\"The command exited with non-zero status, please consult the o\"...) called at /usr/local/bin/plot-vcfstats line 2086\n\tmain::create_pdf(HASH(0x560b16736af8)) called at /usr/local/bin/plot-vcfstats line 72\nThe content of plot_tmp/plot-vcfstats.log is:\nnote: this is a BETA release; ask questions and report bugs at https://tectonic.newton.cx/\nnote: indexing https://archive.org/services/purl/net/pkgwpub/tectonic-default\nerror: could not get backend summary digest\ncaused by: couldn\u0027t probe https://archive.org/services/purl/net/pkgwpub/tectonic-default\ncaused by: Invalid Status provided\n.",  "Job in error state.. tool_id: toolshed.g2.bx.psu.edu/repos/iuc/bcftools_stats/bcftools_stats/1.10, exit_code: 1, stderr: Parsing bcftools stats output: /galaxy/server/database/objects/f/4/6/dataset_f46baf9e-fedb-4652-a172-376e40fc3959.dat\nPlotting graphs: python3 plot.py\nCreating PDF: tectonic summary.tex \u003eplot-vcfstats.log 2\u003e\u00261\nThe command exited with non-zero status, please consult the output of tectonic: plot_tmp/plot-vcfstats.log\n\n at /usr/local/bin/plot-vcfstats line 111.\n\tmain::error(\"The command exited with non-zero status, please consult the o\"...) called at /usr/local/bin/plot-vcfstats line 2086\n\tmain::create_pdf(HASH(0x560b16736af8)) called at /usr/local/bin/plot-vcfstats line 72\nThe content of plot_tmp/plot-vcfstats.log is:\nnote: this is a BETA release; ask questions and report bugs at https://tectonic.newton.cx/\nnote: indexing https://archive.org/services/purl/net/pkgwpub/tectonic-default\nerror: could not get backend summary digest\ncaused by: couldn\u0027t probe https://archive.org/services/purl/net/pkgwpub/tectonic-default\ncaused by: Invalid Status provided\n.",  "Job in error state.. tool_id: toolshed.g2.bx.psu.edu/repos/iuc/bcftools_stats/bcftools_stats/1.10, exit_code: 1, stderr: Parsing bcftools stats output: /galaxy/server/database/objects/f/4/6/dataset_f46baf9e-fedb-4652-a172-376e40fc3959.dat\nPlotting graphs: python3 plot.py\nCreating PDF: tectonic summary.tex \u003eplot-vcfstats.log 2\u003e\u00261\nThe command exited with non-zero status, please consult the output of tectonic: plot_tmp/plot-vcfstats.log\n\n at /usr/local/bin/plot-vcfstats line 111.\n\tmain::error(\"The command exited with non-zero status, please consult the o\"...) called at /usr/local/bin/plot-vcfstats line 2086\n\tmain::create_pdf(HASH(0x560b16736af8)) called at /usr/local/bin/plot-vcfstats line 72\nThe content of plot_tmp/plot-vcfstats.log is:\nnote: this is a BETA release; ask questions and report bugs at https://tectonic.newton.cx/\nnote: indexing https://archive.org/services/purl/net/pkgwpub/tectonic-default\nerror: could not get backend summary digest\ncaused by: couldn\u0027t probe https://archive.org/services/purl/net/pkgwpub/tectonic-default\ncaused by: Invalid Status provided\n." ], "status": "failure", "test_index": 2, "time_seconds": 29.22040343284607, "tool_id": "bcftools_stats", "tool_version": "1.10"}
                ]]></error>
            
            <system-out><![CDATA[
            
            ]]></system-out>
            <system-err><![CDATA[
            Parsing bcftools stats output: /galaxy/server/database/objects/f/4/6/dataset_f46baf9e-fedb-4652-a172-376e40fc3959.datPlotting graphs: python3 plot.pyCreating PDF: tectonic summary.tex >plot-vcfstats.log 2>&1The command exited with non-zero status, please consult the output of tectonic: plot_tmp/plot-vcfstats.log at /usr/local/bin/plot-vcfstats line 111.main::error("The command exited with non-zero status, please consult the o"...) called at /usr/local/bin/plot-vcfstats line 2086main::create_pdf(HASH(0x560b16736af8)) called at /usr/local/bin/plot-vcfstats line 72The content of plot_tmp/plot-vcfstats.log is:note: this is a BETA release; ask questions and report bugs at https://tectonic.newton.cx/note: indexing https://archive.org/services/purl/net/pkgwpub/tectonic-defaulterror: could not get backend summary digestcaused by: couldn't probe https://archive.org/services/purl/net/pkgwpub/tectonic-defaultcaused by: Invalid Status provided
            ]]></system-err>
        
    </testcase>
    
    <testcase classname="collection_element_identifiers (Test #1)" name="0" time="34.71421504020691">
        
            
            <system-out><![CDATA[
            
            ]]></system-out>
            <system-err><![CDATA[
            
            ]]></system-err>
        
    </testcase>
    
    <testcase classname="collection_element_identifiers (Test #2)" name="1" time="27.530187129974365">
        
            
            <system-out><![CDATA[
            
            ]]></system-out>
            <system-err><![CDATA[
            
            ]]></system-err>
        
    </testcase>
    
    <testcase classname="deeptools_plot_correlation (Test #1)" name="0" time="104.93536019325256">
        
            
            <system-out><![CDATA[
            
            ]]></system-out>
            <system-err><![CDATA[
            
            ]]></system-err>
        
    </testcase>
    
    <testcase classname="deeptools_plot_correlation (Test #2)" name="1" time="28.38552165031433">
        
            
            <system-out><![CDATA[
            
            ]]></system-out>
            <system-err><![CDATA[
            
            ]]></system-err>
        
    </testcase>
    
    <testcase classname="flash (Test #1)" name="0" time="35.66079545021057">
        
            
            <system-out><![CDATA[
            
            ]]></system-out>
            <system-err><![CDATA[
            
            ]]></system-err>
        
    </testcase>
    
    <testcase classname="flash (Test #2)" name="1" time="37.50935244560242">
        
            
            <system-out><![CDATA[
            
            ]]></system-out>
            <system-err><![CDATA[
            
            ]]></system-err>
        
    </testcase>
    
    <testcase classname="flash (Test #3)" name="2" time="33.413947105407715">
        
            
            <system-out><![CDATA[
            [FLASH] Starting FLASH v1.2.11[FLASH] Fast Length Adjustment of SHort reads[FLASH]  [FLASH] Input files:[FLASH]     /galaxy/server/database/objects/3/b/1/dataset_3b13ee84-5bf2-4c60-8d2b-dd677859d25a.dat[FLASH]     /galaxy/server/database/objects/b/e/2/dataset_be247e69-8fe6-4d61-b486-75e9ef76ca92.dat[FLASH]  [FLASH] Output files:[FLASH]     ./out.extendedFrags.fastq[FLASH]     ./out.notCombined_1.fastq[FLASH]     ./out.notCombined_2.fastq[FLASH]     ./out.hist[FLASH]     ./out.histogram[FLASH]  [FLASH] Parameters:[FLASH]     Min overlap:           10[FLASH]     Max overlap:           65[FLASH]     Max mismatch density:  0.250000[FLASH]     Allow "outie" pairs:   false[FLASH]     Cap mismatch quals:    false[FLASH]     Combiner threads:      1[FLASH]     Input format:          FASTQ, phred_offset=64[FLASH]     Output format:         FASTQ, phred_offset=64[FLASH]  [FLASH] Starting reader and writer threads[FLASH] Starting 1 combiner threads[FLASH] Processed 200 read pairs[FLASH]  [FLASH] Read combination statistics:[FLASH]     Total pairs:      200[FLASH]     Combined pairs:   5[FLASH]     Uncombined pairs: 195[FLASH]     Percent combined: 2.50%[FLASH]  [FLASH] Writing histogram files.[FLASH]  [FLASH] FLASH v1.2.11 complete![FLASH] 0.024 seconds elapsed
            ]]></system-out>
            <system-err><![CDATA[
            
            ]]></system-err>
        
    </testcase>
    
    <testcase classname="flash (Test #4)" name="3" time="31.26223611831665">
        
            
            <system-out><![CDATA[
            
            ]]></system-out>
            <system-err><![CDATA[
            
            ]]></system-err>
        
    </testcase>
    
    <testcase classname="flash (Test #5)" name="4" time="37.975680112838745">
        
            
            <system-out><![CDATA[
            [FLASH] Starting FLASH v1.2.11[FLASH] Fast Length Adjustment of SHort reads[FLASH]  [FLASH] Input files:[FLASH]     /galaxy/server/database/objects/3/8/2/dataset_382045b6-973c-4285-95fb-e887d86c131c.dat[FLASH]     /galaxy/server/database/objects/9/e/a/dataset_9eaff1ea-a932-40c8-8905-199a24fa0894.dat[FLASH]  [FLASH] Output files:[FLASH]     ./out.extendedFrags.fastq[FLASH]     ./out.notCombined_1.fastq[FLASH]     ./out.notCombined_2.fastq[FLASH]     ./out.hist[FLASH]     ./out.histogram[FLASH]  [FLASH] Parameters:[FLASH]     Min overlap:           10[FLASH]     Max overlap:           65[FLASH]     Max mismatch density:  0.250000[FLASH]     Allow "outie" pairs:   false[FLASH]     Cap mismatch quals:    false[FLASH]     Combiner threads:      1[FLASH]     Input format:          FASTQ, phred_offset=33[FLASH]     Output format:         FASTQ, phred_offset=33, gzip[FLASH]  [FLASH] Starting reader and writer threads[FLASH] Starting 1 combiner threads[FLASH] Processed 500 read pairs[FLASH]  [FLASH] Read combination statistics:[FLASH]     Total pairs:      500[FLASH]     Combined pairs:   18[FLASH]     Uncombined pairs: 482[FLASH]     Percent combined: 3.60%[FLASH]  [FLASH] Writing histogram files.[FLASH]  [FLASH] FLASH v1.2.11 complete![FLASH] 5.341 seconds elapsed
            ]]></system-out>
            <system-err><![CDATA[
            
            ]]></system-err>
        
    </testcase>
    
    <testcase classname="lofreq_call (Test #1)" name="0" time="37.454673767089844">
        
            
            <system-out><![CDATA[
            INFO [2023-08-24 23:46:03,115]: Using 2 threads with following basic args: lofreq call --verbose --ref reference.fa --sig 0.01 --bonf dynamic reads.bamINFO [2023-08-24 23:46:03,127]: Adding 5 commands to mp-poolNumber of substitution tests performed: 66Number of indel tests performed: 0INFO [2023-08-24 23:46:04,406]: Executing lofreq filter -i /galaxy/server/database/jobs_directory/000/152/tmp/lofreq2_call_paralleldumw_1__/concat.vcf.gz -o variants.vcf --snvqual-thresh 38 --indelqual-thresh 20set_lofreq_standard
            ]]></system-out>
            <system-err><![CDATA[
            
            ]]></system-err>
        
    </testcase>
    
    <testcase classname="lofreq_call (Test #2)" name="1" time="32.20993709564209">
        
            
            <system-out><![CDATA[
            INFO [2023-08-24 23:46:36,738]: Using 2 threads with following basic args: lofreq call --verbose --ref reference.fa --min-cov 1 --max-depth 1000000 --min-bq 6 --min-alt-bq 6 --min-mq 0 --max-mq 255 --min-jq 0 --min-alt-jq 0 --def-alt-jq 0 --sig 0.01 --bonf dynamic reads.bamINFO [2023-08-24 23:46:36,750]: Adding 5 commands to mp-poolNumber of substitution tests performed: 66Number of indel tests performed: 0INFO [2023-08-24 23:46:38,060]: Executing lofreq filter -i /galaxy/server/database/jobs_directory/000/155/tmp/lofreq2_call_parallelc_cxdr86/concat.vcf.gz -o variants.vcf --snvqual-thresh 38 --indelqual-thresh 20set_lofreq_standard
            ]]></system-out>
            <system-err><![CDATA[
            
            ]]></system-err>
        
    </testcase>
    
    <testcase classname="lofreq_call (Test #3)" name="2" time="38.229424238204956">
        
            
            <system-out><![CDATA[
            INFO [2023-08-24 23:47:14,879]: Using 2 threads with following basic args: lofreq call --verbose --ref reference.fa --min-cov 1 --max-depth 1000000 --min-bq 6 --min-alt-bq 6 --min-mq 0 --max-mq 255 --src-qual --ign-vcf ign0.vcf --def-nm-q 40 --min-jq 0 --min-alt-jq 0 --def-alt-jq 0 --sig 0.01 --bonf dynamic reads.bamINFO [2023-08-24 23:47:14,892]: Adding 5 commands to mp-poolNumber of substitution tests performed: 66Number of indel tests performed: 0INFO [2023-08-24 23:47:16,383]: Executing lofreq filter -i /galaxy/server/database/jobs_directory/000/159/tmp/lofreq2_call_parallelaieqzog2/concat.vcf.gz -o variants.vcf --snvqual-thresh 38 --indelqual-thresh 20set_lofreq_standard
            ]]></system-out>
            <system-err><![CDATA[
            
            ]]></system-err>
        
    </testcase>
    
    <testcase classname="lofreq_call (Test #4)" name="3" time="33.93689966201782">
        
            
            <system-out><![CDATA[
            INFO [2023-08-24 23:47:48,156]: Using 2 threads with following basic args: lofreq call --verbose --ref reference.fa --sig 1 --bonf 1 --no-default-filter reads.bamINFO [2023-08-24 23:47:48,168]: Adding 5 commands to mp-poolNumber of substitution tests performed: 66Number of indel tests performed: 0INFO [2023-08-24 23:47:49,436]: Copying concatenated vcf file to final destinationset_all_off
            ]]></system-out>
            <system-err><![CDATA[
            
            ]]></system-err>
        
    </testcase>
    
    <testcase classname="lofreq_call (Test #5)" name="4" time="30.73671317100525">
        
            
            <system-out><![CDATA[
            INFO [2023-08-24 23:48:20,284]: Using 2 threads with following basic args: lofreq call --verbose --ref reference.fa --call-indels --only-indels --sig 1 --bonf 1 --no-default-filter reads.bamINFO [2023-08-24 23:48:20,296]: Adding 5 commands to mp-poolNumber of substitution tests performed: 0Number of indel tests performed: 9INFO [2023-08-24 23:48:21,996]: Copying concatenated vcf file to final destinationset_all_off
            ]]></system-out>
            <system-err><![CDATA[
            
            ]]></system-err>
        
    </testcase>
    
    <testcase classname="medaka_variant (Test #1)" name="0" time="77.51559114456177">
        
            
            <system-out><![CDATA[
            [18:37:39 - DataIndex] Loaded 1/2 (50.00%) sample files.[18:37:39 - DataIndex] Loaded 2/2 (100.00%) sample files.[18:37:39 - Variants] Label decoding is:0: ('*',)1: ('A',)2: ('C',)3: ('G',)4: ('T',)[18:37:39 - Variants] Processing NC_045512.2:0-.[18:37:39 - TrimOverlap] NC_045512.2:30.0-2939.0 is contained within NC_045512.2:30.0-2939.0, skipping.
            ]]></system-out>
            <system-err><![CDATA[
            
            ]]></system-err>
        
    </testcase>
    
    <testcase classname="medaka_variant (Test #2)" name="1" time="18.235464811325073">
        
            <error type="error" message="Input staging problem: Job in error state.. tool_id: upload1, exit_code: None, stderr: ."><![CDATA[
                { "execution_problem": "Input staging problem: Job in error state.. tool_id: upload1, exit_code: None, stderr: .", "status": "error", "test_index": 1, "time_seconds": 18.235464811325073, "tool_id": "medaka_variant", "tool_version": "1.0.3+galaxy7"}
            ]]></error>
        
    </testcase>
    
    <testcase classname="medaka_variant (Test #3)" name="2" time="31.4360032081604">
        
            
            <system-out><![CDATA[
            [18:38:37 - DataIndex] Loaded 1/1 (100.00%) sample files.[18:38:37 - Variants] Label decoding is:0: ('*',)1: ('A',)2: ('C',)3: ('G',)4: ('T',)[18:38:37 - Variants] Processing NC_045512.2:0-.
            ]]></system-out>
            <system-err><![CDATA[
            
            ]]></system-err>
        
    </testcase>
    
    <testcase classname="poretools_times (Test #1)" name="0" time="57.211997747421265">
        
            
            <system-out><![CDATA[
            
            ]]></system-out>
            <system-err><![CDATA[
            
            ]]></system-err>
        
    </testcase>
    
    <testcase classname="poretools_times (Test #2)" name="1" time="31.047529220581055">
        
            
            <system-out><![CDATA[
            
            ]]></system-out>
            <system-err><![CDATA[
            
            ]]></system-err>
        
    </testcase>
    
    <testcase classname="poretools_times (Test #3)" name="2" time="26.28909945487976">
        
            
            <system-out><![CDATA[
            
            ]]></system-out>
            <system-err><![CDATA[
            
            ]]></system-err>
        
    </testcase>
    
    <testcase classname="poretools_times (Test #4)" name="3" time="30.348851680755615">
        
            
            <system-out><![CDATA[
            
            ]]></system-out>
            <system-err><![CDATA[
            
            ]]></system-err>
        
    </testcase>
    
    <testcase classname="poretools_times (Test #5)" name="4" time="28.271384716033936">
        
            
            <system-out><![CDATA[
            
            ]]></system-out>
            <system-err><![CDATA[
            
            ]]></system-err>
        
    </testcase>
    
    <testcase classname="raceid_inspecttrajectory (Test #1)" name="0" time="52.60562777519226">
        
            
            <system-out><![CDATA[
            null device           1 
            ]]></system-out>
            <system-err><![CDATA[
            
            ]]></system-err>
        
    </testcase>
    
    <testcase classname="raceid_inspecttrajectory (Test #1)" name="0" time="11.269985437393188">
        
            <error type="error" message="Input staging problem: Job in error state.. tool_id: upload1, exit_code: None, stderr: ."><![CDATA[
                { "execution_problem": "Input staging problem: Job in error state.. tool_id: upload1, exit_code: None, stderr: .", "status": "error", "test_index": 0, "time_seconds": 11.269985437393188, "tool_id": "raceid_inspecttrajectory", "tool_version": "0.2.3+galaxy2"}
            ]]></error>
        
    </testcase>
    
    <testcase classname="raceid_inspecttrajectory (Test #2)" name="1" time="10.37517786026001">
        
            <error type="error" message="Input staging problem: Job in error state.. tool_id: upload1, exit_code: None, stderr: ."><![CDATA[
                { "execution_problem": "Input staging problem: Job in error state.. tool_id: upload1, exit_code: None, stderr: .", "status": "error", "test_index": 1, "time_seconds": 10.37517786026001, "tool_id": "raceid_inspecttrajectory", "tool_version": "0.2.3+galaxy2"}
            ]]></error>
        
    </testcase>
    
    <testcase classname="raceid_inspecttrajectory (Test #2)" name="1" time="30.958760738372803">
        
            
            <system-out><![CDATA[
            NULLNULLNULLNULLNULLNULLNULLNULLNULLNULLNULLNULLnull device           1 
            ]]></system-out>
            <system-err><![CDATA[
            
            ]]></system-err>
        
    </testcase>
    
    <testcase classname="raceid_inspecttrajectory (Test #3)" name="2" time="33.444111585617065">
        
            
            <system-out><![CDATA[
            [1] 1NULL[1] 1NULL[1] 1NULL[1] 1NULLnull device           1 
            ]]></system-out>
            <system-err><![CDATA[
            
            ]]></system-err>
        
    </testcase>
    
    <testcase classname="raceid_inspecttrajectory (Test #3)" name="2" time="33.7540967464447">
        
            
            <system-out><![CDATA[
            [1] 1NULL[1] 1NULL[1] 1NULL[1] 1NULLnull device           1 
            ]]></system-out>
            <system-err><![CDATA[
            
            ]]></system-err>
        
    </testcase>
    
    <testcase classname="raceid_inspecttrajectory (Test #4)" name="3" time="33.917428970336914">
        
            
            <system-out><![CDATA[
            [1] 1NULL[1] 1NULL[1] 1NULL[1] 1NULLNULLNULLNULLnull device           1 
            ]]></system-out>
            <system-err><![CDATA[
            
            ]]></system-err>
        
    </testcase>
    
    <testcase classname="raceid_inspecttrajectory (Test #4)" name="3" time="33.44846868515015">
        
            
            <system-out><![CDATA[
            [1] 1NULL[1] 1NULL[1] 1NULL[1] 1NULLNULLNULLNULLnull device           1 
            ]]></system-out>
            <system-err><![CDATA[
            
            ]]></system-err>
        
    </testcase>
    
    <testcase classname="raceid_inspecttrajectory (Test #5)" name="4" time="38.31297206878662">
        
            
            <system-out><![CDATA[
            NULLNULLNULLNULLNULLNULLNULLNULLNULLNULLNULLNULL[1] 1NULL[1] 1NULL[1] 1NULL[1] 1NULLNULLNULLNULLnull device           1 
            ]]></system-out>
            <system-err><![CDATA[
            
            ]]></system-err>
        
    </testcase>
    
    <testcase classname="raceid_inspecttrajectory (Test #5)" name="4" time="39.31595420837402">
        
            
            <system-out><![CDATA[
            NULLNULLNULLNULLNULLNULLNULLNULLNULLNULLNULLNULL[1] 1NULL[1] 1NULL[1] 1NULL[1] 1NULLNULLNULLNULLnull device           1 
            ]]></system-out>
            <system-err><![CDATA[
            
            ]]></system-err>
        
    </testcase>
    
    <testcase classname="sailfish (Test #1)" name="0" time="17.44289517402649">
        
            <error type="error" message="Input staging problem: Job in error state.. tool_id: upload1, exit_code: None, stderr: ."><![CDATA[
                { "execution_problem": "Input staging problem: Job in error state.. tool_id: upload1, exit_code: None, stderr: .", "status": "error", "test_index": 0, "time_seconds": 17.44289517402649, "tool_id": "sailfish", "tool_version": "0.10.1.1"}
            ]]></error>
        
    </testcase>
    
    <testcase classname="sailfish (Test #2)" name="1" time="45.72628593444824">
        
            
            <system-out><![CDATA[
            
            ]]></system-out>
            <system-err><![CDATA[
            Version Info: This is the most recent version of Sailfishwriting log to ./index_dir/logs/sailfish_index.logRapMap Indexer[Step 1 of 4] : counting k-mersElapsed time: 0.00165758sReplaced 0 non-ATCG nucleotidesClipped poly-A tails from 0 transcriptsBuilding rank-select dictionary and saving to disk doneElapsed time: 6.822e-05sWriting sequence data to file . . . doneElapsed time: 8.131e-05s[info] Building 32-bit suffix array (length of generalized text is 28577)Building suffix array . . . successsaving to disk . . . doneElapsed time: 0.00010209sdoneElapsed time: 0.0159559sprocessed 0 positionskhash had 18955 keyssaving hash to disk . . . doneElapsed time: 0.00149798sVersion Info: This is the most recent version of Sailfish# sailfish (quasi-mapping-based) v0.9.2# [ program ] => sailfish # [ command ] => quant # [ index ] => { ./index_dir }# [ mates1 ] => { /dev/fd/63 }# [ mates2 ] => { /dev/fd/62 }# [ libType ] => { IU }# [ output ] => { ./results }# [ threads ] => { 6 }# [ gcSizeSamp ] => { 1 }# [ gcSpeedSamp ] => { 1 }# [ fldMean ] => { 200 }# [ fldSD ] => { 80 }# [ maxReadOcc ] => { 200 }# [ maxFragLen ] => { 1000 }# [ txpAggregationKey ] => { gene_id }# [ numBiasSamples ] => { 1000000 }# [ numFragSamples ] => { 10000 }# [ numGibbsSamples ] => { 0 }# [ numBootstraps ] => { 0 }Logs will be written to ./results/logs[2023-08-24 18:42:36.226] [jointLog] [info] parsing read library formatthere is 1 lib[2023-08-24 18:42:36.261] [jointLog] [info] Loading Quasi indexLoading 32-bit quasi indexIndex contained 15 targetsLoaded targets[2023-08-24 18:42:36.267] [jointLog] [info] doneDone Quasi-Mapping [2023-08-24 18:42:36.292] [jointLog] [info] Gathered fragment lengths from all threads[2023-08-24 18:42:36.292] [jointLog] [warning] Sailfish saw fewer then 10000 uniquely mapped reads so 200 will be used as the mean fragment length and 80 as the standard deviation for effective length correction[2023-08-24 18:42:36.293] [jointLog] [info] Estimating effective lengths[2023-08-24 18:42:36.300] [jointLog] [info] Computed 21 rich equivalence classes for further processing[2023-08-24 18:42:36.300] [jointLog] [info] Counted 10000 total reads in the equivalence classes [2023-08-24 18:42:36.300] [jointLog] [info] Starting optimizer:[2023-08-24 18:42:36.300] [jointLog] [info] Optimizing over 21 equivalence classes[2023-08-24 18:42:36.300] [jointLog] [info] iteration = 0 | max rel diff. = 14.873[2023-08-24 18:42:36.300] [jointLog] [info] iteration = 64 | max rel diff. = 0.00117687[2023-08-24 18:42:36.300] [jointLog] [info] Finished optimizer[2023-08-24 18:42:36.300] [jointLog] [info] writing output [2023-08-24 18:42:36.264] [stderrLog] [info] Loading Suffix Array [2023-08-24 18:42:36.264] [stderrLog] [info] Loading Position Hash[2023-08-24 18:42:36.265] [stderrLog] [info] Loading Transcript Info [2023-08-24 18:42:36.267] [stderrLog] [info] Loading Rank-Select Bit Array[2023-08-24 18:42:36.267] [stderrLog] [info] There were 15 set bits in the bit array[2023-08-24 18:42:36.267] [stderrLog] [info] Computing transcript lengths[2023-08-24 18:42:36.267] [stderrLog] [info] Waiting to finish loading hash[2023-08-24 18:42:36.267] [stderrLog] [info] Done loading index
            ]]></system-err>
        
    </testcase>
    
    <testcase classname="sailfish (Test #3)" name="2" time="34.899505615234375">
        
            
            <system-out><![CDATA[
            
            ]]></system-out>
            <system-err><![CDATA[
            Version Info: This is the most recent version of Sailfishwriting log to ./index_dir/logs/sailfish_index.logRapMap Indexer[Step 1 of 4] : counting k-mersElapsed time: 0.00195037sReplaced 0 non-ATCG nucleotidesClipped poly-A tails from 0 transcriptsBuilding rank-select dictionary and saving to disk doneElapsed time: 9.163e-05sWriting sequence data to file . . . doneElapsed time: 0.000116331s[info] Building 32-bit suffix array (length of generalized text is 28577)Building suffix array . . . successsaving to disk . . . doneElapsed time: 0.00031895sdoneElapsed time: 0.0121771sprocessed 0 positionskhash had 18955 keyssaving hash to disk . . . doneElapsed time: 0.00104793sVersion Info: This is the most recent version of Sailfish# sailfish (quasi-mapping-based) v0.9.2# [ program ] => sailfish # [ command ] => quant # [ index ] => { ./index_dir }# [ mates1 ] => { ./mate1.fastq }# [ mates2 ] => { ./mate2.fastq }# [ libType ] => { IU }# [ output ] => { ./results }# [ biasCorrect ] => { }# [ threads ] => { 6 }# [ gcSizeSamp ] => { 1 }# [ gcSpeedSamp ] => { 1 }# [ fldMean ] => { 200 }# [ fldSD ] => { 80 }# [ maxReadOcc ] => { 200 }# [ maxFragLen ] => { 1000 }# [ txpAggregationKey ] => { gene_id }# [ numBiasSamples ] => { 1000000 }# [ numFragSamples ] => { 10000 }# [ numGibbsSamples ] => { 0 }# [ numBootstraps ] => { 0 }Logs will be written to ./results/logs[2023-08-24 18:43:13.943] [jointLog] [info] parsing read library formatthere is 1 libLoading 32-bit quasi indexIndex contained 15 targetsLoaded targets[2023-08-24 18:43:13.980] [jointLog] [info] Loading Quasi index[2023-08-24 18:43:13.985] [jointLog] [info] done[2023-08-24 18:43:14.008] [jointLog] [info] Gathered fragment lengths from all threads[2023-08-24 18:43:14.008] [jointLog] [warning] Sailfish saw fewer then 10000 uniquely mapped reads so 200 will be used as the mean fragment length and 80 as the standard deviation for effective length correction[2023-08-24 18:43:14.008] [jointLog] [info] Estimating effective lengthsDone Quasi-Mapping [2023-08-24 18:43:14.017] [jointLog] [info] Computed 21 rich equivalence classes for further processing[2023-08-24 18:43:14.017] [jointLog] [info] Counted 10000 total reads in the equivalence classes [2023-08-24 18:43:14.017] [jointLog] [info] Starting optimizer:[2023-08-24 18:43:14.017] [jointLog] [info] Optimizing over 21 equivalence classes[2023-08-24 18:43:14.017] [jointLog] [info] iteration = 0 | max rel diff. = 14.873[2023-08-24 18:43:14.017] [jointLog] [info] iteration 50, recomputing effective lengths[2023-08-24 18:43:14.019] [jointLog] [info] iteration = 63 | max rel diff. = 0.00199953[2023-08-24 18:43:14.019] [jointLog] [info] Finished optimizer[2023-08-24 18:43:14.019] [jointLog] [info] writing output [2023-08-24 18:43:13.982] [stderrLog] [info] Loading Suffix Array [2023-08-24 18:43:13.982] [stderrLog] [info] Loading Position Hash[2023-08-24 18:43:13.983] [stderrLog] [info] Loading Transcript Info [2023-08-24 18:43:13.984] [stderrLog] [info] Loading Rank-Select Bit Array[2023-08-24 18:43:13.984] [stderrLog] [info] There were 15 set bits in the bit array[2023-08-24 18:43:13.985] [stderrLog] [info] Computing transcript lengths[2023-08-24 18:43:13.985] [stderrLog] [info] Waiting to finish loading hash[2023-08-24 18:43:13.985] [stderrLog] [info] Done loading index
            ]]></system-err>
        
    </testcase>
    
    <testcase classname="sailfish (Test #4)" name="3" time="47.41239094734192">
        
            
            <system-out><![CDATA[
            
            ]]></system-out>
            <system-err><![CDATA[
            Version Info: This is the most recent version of Sailfishwriting log to ./index_dir/logs/sailfish_index.logRapMap Indexer[Step 1 of 4] : counting k-mersElapsed time: 0.0013539sReplaced 0 non-ATCG nucleotidesClipped poly-A tails from 0 transcriptsBuilding rank-select dictionary and saving to disk doneElapsed time: 2.192e-05sWriting sequence data to file . . . doneElapsed time: 6.31e-05s[info] Building 32-bit suffix array (length of generalized text is 28577)Building suffix array . . . successsaving to disk . . . doneElapsed time: 8.9391e-05sdoneElapsed time: 0.00267738sprocessed 0 positionskhash had 18955 keyssaving hash to disk . . . doneElapsed time: 0.00112705sVersion Info: This is the most recent version of Sailfish# sailfish (quasi-mapping-based) v0.9.2# [ program ] => sailfish # [ command ] => quant # [ index ] => { ./index_dir }# [ mates1 ] => { ./mate1.fastq }# [ mates2 ] => { ./mate2.fastq }# [ libType ] => { IU }# [ output ] => { ./results }# [ biasCorrect ] => { }# [ threads ] => { 6 }# [ gcSizeSamp ] => { 1 }# [ gcSpeedSamp ] => { 1 }# [ fldMean ] => { 200 }# [ fldSD ] => { 80 }# [ maxReadOcc ] => { 200 }# [ geneMap ] => { ./geneMap.tabular }# [ maxFragLen ] => { 1000 }# [ txpAggregationKey ] => { gene_id }# [ numBiasSamples ] => { 1000000 }# [ numFragSamples ] => { 10000 }# [ numGibbsSamples ] => { 0 }# [ numBootstraps ] => { 0 }Logs will be written to ./results/logs[2023-08-24 18:43:59.437] [jointLog] [info] parsing read library formatthere is 1 libLoading 32-bit quasi indexIndex contained 15 targetsLoaded targets[2023-08-24 18:43:59.476] [jointLog] [info] Loading Quasi index[2023-08-24 18:43:59.480] [jointLog] [info] done[2023-08-24 18:43:59.504] [jointLog] [info] Gathered fragment lengths from all threads[2023-08-24 18:43:59.504] [jointLog] [warning] Sailfish saw fewer then 10000 uniquely mapped reads so 200 will be used as the mean fragment length and 80 as the standard deviation for effective length correction[2023-08-24 18:43:59.505] [jointLog] [info] Estimating effective lengthsDone Quasi-Mapping [2023-08-24 18:43:59.514] [jointLog] [info] Computed 21 rich equivalence classes for further processing[2023-08-24 18:43:59.514] [jointLog] [info] Counted 10000 total reads in the equivalence classes [2023-08-24 18:43:59.515] [jointLog] [info] Starting optimizer:[2023-08-24 18:43:59.515] [jointLog] [info] Optimizing over 21 equivalence classes[2023-08-24 18:43:59.515] [jointLog] [info] iteration = 0 | max rel diff. = 14.873[2023-08-24 18:43:59.515] [jointLog] [info] iteration 50, recomputing effective lengths[2023-08-24 18:43:59.517] [jointLog] [info] iteration = 63 | max rel diff. = 0.00199953[2023-08-24 18:43:59.517] [jointLog] [info] Finished optimizer[2023-08-24 18:43:59.517] [jointLog] [info] writing output Computing gene-level abundance estimatesThere were 3 transcripts mapping to 3 genesWARNING: couldn't find transcript named [NR_031764]; returning transcript  as it's own genedoneAggregating expressions to gene level . . .[2023-08-24 18:43:59.478] [stderrLog] [info] Loading Position Hash[2023-08-24 18:43:59.478] [stderrLog] [info] Loading Suffix Array [2023-08-24 18:43:59.479] [stderrLog] [info] Loading Transcript Info [2023-08-24 18:43:59.480] [stderrLog] [info] Loading Rank-Select Bit Array[2023-08-24 18:43:59.480] [stderrLog] [info] There were 15 set bits in the bit array[2023-08-24 18:43:59.480] [stderrLog] [info] Computing transcript lengths[2023-08-24 18:43:59.480] [stderrLog] [info] Waiting to finish loading hash[2023-08-24 18:43:59.480] [stderrLog] [info] Done loading index done
            ]]></system-err>
        
    </testcase>
    
    <testcase classname="samtools_mpileup (Test #1)" name="0" time="43.54047870635986">
        
            
            <system-out><![CDATA[
            
            ]]></system-out>
            <system-err><![CDATA[
            [mpileup] 3 samples in 3 input files
            ]]></system-err>
        
    </testcase>
    
    <testcase classname="samtools_mpileup (Test #2)" name="1" time="29.361888885498047">
        
            
            <system-out><![CDATA[
            
            ]]></system-out>
            <system-err><![CDATA[
            [mpileup] 1 samples in 1 input files
            ]]></system-err>
        
    </testcase>
    
    <testcase classname="samtools_mpileup (Test #3)" name="2" time="30.569722414016724">
        
            
            <system-out><![CDATA[
            
            ]]></system-out>
            <system-err><![CDATA[
            [mpileup] 1 samples in 1 input files
            ]]></system-err>
        
    </testcase>
    
    <testcase classname="samtools_mpileup (Test #4)" name="3" time="30.658780813217163">
        
            
            <system-out><![CDATA[
            
            ]]></system-out>
            <system-err><![CDATA[
            [mpileup] 1 samples in 1 input files
            ]]></system-err>
        
    </testcase>
    
    <testcase classname="samtools_mpileup (Test #5)" name="4" time="28.627397775650024">
        
            
            <system-out><![CDATA[
            
            ]]></system-out>
            <system-err><![CDATA[
            [mpileup] 1 samples in 1 input files
            ]]></system-err>
        
    </testcase>
    
    <testcase classname="samtools_phase (Test #1)" name="0" time="34.312875270843506">
        
            
            <system-out><![CDATA[
            
            ]]></system-out>
            <system-err><![CDATA[
            
            ]]></system-err>
        
    </testcase>
    
    <testcase classname="samtools_phase (Test #1)" name="0" time="30.849291563034058">
        
            
            <system-out><![CDATA[
            
            ]]></system-out>
            <system-err><![CDATA[
            
            ]]></system-err>
        
    </testcase>
    
    <testcase classname="samtools_phase (Test #2)" name="1" time="30.33435821533203">
        
            
            <system-out><![CDATA[
            
            ]]></system-out>
            <system-err><![CDATA[
            
            ]]></system-err>
        
    </testcase>
    
    <testcase classname="samtools_phase (Test #2)" name="1" time="23.63384222984314">
        
            
                <error type="error" message="Tool exit code: None"><![CDATA[
                    { "inputs": {  "input_bam": {   "id": "6c8bd2fff1896a7b",   "src": "hda"  },  "option_set|block_length": "13",  "option_set|drop_ambiguous": true,  "option_set|ignore_chimeras": false,  "option_set|min_bq": "13",  "option_set|min_het": "37",  "option_set|option_sets": "advanced",  "option_set|read_depth": "256" }, "job": {  "command_line": "samtools phase -b phase_wrapper  -k 13 -q 37 -Q 13 -D 256 -A \u0027/galaxy/server/database/objects/f/5/8/dataset_f5801656-3028-4e19-90dc-e8d152a9b3f0.dat\u0027 \u003e \u0027/galaxy/server/database/objects/b/c/3/dataset_bc3428b5-6aeb-4f34-9080-5917ce79af6f.dat\u0027",  "command_version": null,  "create_time": "2023-08-24T18:46:34.809110",  "dependencies": [],  "exit_code": null,  "external_id": "gxy-bqmzx",  "galaxy_version": "23.0",  "history_id": "3a533f6f6ce9ae33",  "id": "97804f51a684b8e8",  "inputs": {   "input_bam": {    "id": "6c8bd2fff1896a7b",    "src": "hda",    "uuid": "f5801656-3028-4e19-90dc-e8d152a9b3f0"   }  },  "job_messages": null,  "job_metrics": [],  "job_stderr": null,  "job_stdout": null,  "model_class": "Job",  "output_collections": {},  "outputs": {   "chimera": {    "id": "04279949b272a103",    "src": "hda",    "uuid": "3fa5df64-0539-4e14-bad3-9a69c1df706b"   },   "phase0": {    "id": "541ba83921eea25b",    "src": "hda",    "uuid": "9a89ab07-b366-4c80-b409-66bcc911c70c"   },   "phase1": {    "id": "9978cfa7f6a67224",    "src": "hda",    "uuid": "92b884b0-e0f4-47fb-979d-b3932e8fd78e"   },   "phase_sets": {    "id": "05b409cff2ebaa22",    "src": "hda",    "uuid": "bc3428b5-6aeb-4f34-9080-5917ce79af6f"   }  },  "params": {   "__input_ext": "\"input\"",   "chromInfo": "\"/cvmfs/data.galaxyproject.org/managed/len/ucsc/?.len\"",   "dbkey": "\"?\"",   "option_set": "{\"__current_case__\": 1, \"block_length\": \"13\", \"drop_ambiguous\": true, \"ignore_chimeras\": false, \"min_bq\": \"13\", \"min_het\": \"37\", \"option_sets\": \"advanced\", \"read_depth\": \"256\"}"  },  "state": "error",  "stderr": "",  "stdout": "",  "tool_id": "toolshed.g2.bx.psu.edu/repos/devteam/samtools_phase/samtools_phase/2.0.2",  "tool_stderr": "",  "tool_stdout": "",  "traceback": null,  "update_time": "2023-08-24T18:46:41.737792",  "user_email": "tests@fake.org" }, "output_problems": [  "Job in error state.. tool_id: toolshed.g2.bx.psu.edu/repos/devteam/samtools_phase/samtools_phase/2.0.2, exit_code: None, stderr: .",  "Job in error state.. tool_id: toolshed.g2.bx.psu.edu/repos/devteam/samtools_phase/samtools_phase/2.0.2, exit_code: None, stderr: .",  "Job in error state.. tool_id: toolshed.g2.bx.psu.edu/repos/devteam/samtools_phase/samtools_phase/2.0.2, exit_code: None, stderr: .",  "Job in error state.. tool_id: toolshed.g2.bx.psu.edu/repos/devteam/samtools_phase/samtools_phase/2.0.2, exit_code: None, stderr: .",  "Job in error state.. tool_id: toolshed.g2.bx.psu.edu/repos/devteam/samtools_phase/samtools_phase/2.0.2, exit_code: None, stderr: ." ], "status": "failure", "test_index": 1, "time_seconds": 23.63384222984314, "tool_id": "samtools_phase", "tool_version": "2.0.2"}
                ]]></error>
            
            <system-out><![CDATA[
            
            ]]></system-out>
            <system-err><![CDATA[
            
            ]]></system-err>
        
    </testcase>
    
    <testcase classname="samtools_phase (Test #3)" name="2" time="30.331303119659424">
        
            
            <system-out><![CDATA[
            
            ]]></system-out>
            <system-err><![CDATA[
            
            ]]></system-err>
        
    </testcase>
    
    <testcase classname="samtools_phase (Test #3)" name="2" time="30.377949953079224">
        
            
            <system-out><![CDATA[
            
            ]]></system-out>
            <system-err><![CDATA[
            
            ]]></system-err>
        
    </testcase>
    
    <testcase classname="scanpy_normalize (Test #1)" name="0" time="15.373364448547363">
        
            <error type="error" message="Input staging problem: Job in error state.. tool_id: upload1, exit_code: None, stderr: ."><![CDATA[
                { "execution_problem": "Input staging problem: Job in error state.. tool_id: upload1, exit_code: None, stderr: .", "status": "error", "test_index": 0, "time_seconds": 15.373364448547363, "tool_id": "scanpy_normalize", "tool_version": "1.7.1+galaxy0"}
            ]]></error>
        
    </testcase>
    
    <testcase classname="scanpy_normalize (Test #2)" name="1" time="16.267881631851196">
        
            <error type="error" message="Input staging problem: Job in error state.. tool_id: upload1, exit_code: None, stderr: ."><![CDATA[
                { "execution_problem": "Input staging problem: Job in error state.. tool_id: upload1, exit_code: None, stderr: .", "status": "error", "test_index": 1, "time_seconds": 16.267881631851196, "tool_id": "scanpy_normalize", "tool_version": "1.7.1+galaxy0"}
            ]]></error>
        
    </testcase>
    
    <testcase classname="scanpy_normalize (Test #3)" name="2" time="15.508093118667603">
        
            <error type="error" message="Input staging problem: Job in error state.. tool_id: upload1, exit_code: None, stderr: ."><![CDATA[
                { "execution_problem": "Input staging problem: Job in error state.. tool_id: upload1, exit_code: None, stderr: .", "status": "error", "test_index": 2, "time_seconds": 15.508093118667603, "tool_id": "scanpy_normalize", "tool_version": "1.7.1+galaxy0"}
            ]]></error>
        
    </testcase>
    
    <testcase classname="scanpy_normalize (Test #4)" name="3" time="52.50098466873169">
        
            
            <system-out><![CDATA[
            [n_obs  n_vars]-    1000  1[obs]-    n_counts_all-    n_genes[var]-    n_counts-    mean-    std-    n_cells[uns]-    log1p
            ]]></system-out>
            <system-err><![CDATA[
            WARNING: Some cells have total count of genes equal to zero
            ]]></system-err>
        
    </testcase>
    
    <testcase classname="scanpy_scale_data (Test #1)" name="0" time="0.22439336776733398">
        
            <error type="error" message="Input staging problem: Test input file (find_variable_genes.h5) cannot be found."><![CDATA[
                { "execution_problem": "Input staging problem: Test input file (find_variable_genes.h5) cannot be found.", "status": "error", "test_index": 0, "time_seconds": 0.22439336776733398, "tool_id": "scanpy_scale_data", "tool_version": "1.8.1+3+galaxy0"}
            ]]></error>
        
    </testcase>
    
    <testcase classname="scanpy_scale_data (Test #1)" name="0" time="0.22167706489562988">
        
            <error type="error" message="Input staging problem: Test input file (find_variable_genes.h5) cannot be found."><![CDATA[
                { "execution_problem": "Input staging problem: Test input file (find_variable_genes.h5) cannot be found.", "status": "error", "test_index": 0, "time_seconds": 0.22167706489562988, "tool_id": "scanpy_scale_data", "tool_version": "1.8.1+3+galaxy0"}
            ]]></error>
        
    </testcase>
    
    <testcase classname="snpeff_sars_cov_2 (Test #1)" name="0" time="45.28625178337097">
        
            
            <system-out><![CDATA[
            
            ]]></system-out>
            <system-err><![CDATA[
            
            ]]></system-err>
        
    </testcase>
    
    <testcase classname="vcf2tsv (Test #1)" name="0" time="37.446534395217896">
        
            
            <system-out><![CDATA[
            
            ]]></system-out>
            <system-err><![CDATA[
            
            ]]></system-err>
        
    </testcase>
    
    <testcase classname="vcf2tsv (Test #2)" name="1" time="27.886078596115112">
        
            
            <system-out><![CDATA[
            
            ]]></system-out>
            <system-err><![CDATA[
            
            ]]></system-err>
        
    </testcase>
    
    <testcase classname="vcfhethom (Test #1)" name="0" time="27.25824546813965">
        
            
            <system-out><![CDATA[
            
            ]]></system-out>
            <system-err><![CDATA[
            
            ]]></system-err>
        
    </testcase>
    
    <testcase classname="vcfhethom (Test #2)" name="1" time="26.68714714050293">
        
            
            <system-out><![CDATA[
            
            ]]></system-out>
            <system-err><![CDATA[
            
            ]]></system-err>
        
    </testcase>
    
    <testcase classname="vcfhethom (Test #3)" name="2" time="9.62452220916748">
        
            <error type="error" message="Input staging problem: Job in error state.. tool_id: upload1, exit_code: None, stderr: ."><![CDATA[
                { "execution_problem": "Input staging problem: Job in error state.. tool_id: upload1, exit_code: None, stderr: .", "status": "error", "test_index": 2, "time_seconds": 9.62452220916748, "tool_id": "vcfhethom", "tool_version": "1.0.0_rc3+galaxy0"}
            ]]></error>
        
    </testcase>
    
    <testcase classname="volcanoplot (Test #1)" name="0" time="53.00014853477478">
        
            
            <system-out><![CDATA[
            [1] "Header row detected"null device           1 R version 4.0.5 (2021-03-31)Platform: x86_64-conda-linux-gnu (64-bit)Running under: Debian GNU/Linux 10 (buster)Matrix products: defaultBLAS/LAPACK: /usr/local/lib/libopenblasp-r0.3.15.solocale: [1] LC_CTYPE=C.UTF-8       LC_NUMERIC=C           LC_TIME=C.UTF-8        [4] LC_COLLATE=C.UTF-8     LC_MONETARY=C.UTF-8    LC_MESSAGES=C.UTF-8    [7] LC_PAPER=C.UTF-8       LC_NAME=C              LC_ADDRESS=C          [10] LC_TELEPHONE=C         LC_MEASUREMENT=C.UTF-8 LC_IDENTIFICATION=C   attached base packages:[1] stats     graphics  grDevices utils     datasets  methods   base     other attached packages:[1] ggrepel_0.9.1 ggplot2_3.3.3 dplyr_1.0.6  loaded via a namespace (and not attached): [1] Rcpp_1.0.6       magrittr_2.0.1   tidyselect_1.1.1 munsell_0.5.0    [5] colorspace_2.0-1 R6_2.5.0         rlang_0.4.11     fansi_0.5.0      [9] grid_4.0.5       gtable_0.3.0     utf8_1.2.1       withr_2.4.2     [13] ellipsis_0.3.2   digest_0.6.27    tibble_3.1.2     lifecycle_1.0.0 [17] crayon_1.4.1     purrr_0.3.4      farver_2.1.0     vctrs_0.3.8     [21] glue_1.4.2       labeling_0.4.2   compiler_4.0.5   pillar_1.6.1    [25] generics_0.1.0   scales_1.1.1     pkgconfig_2.0.3 
            ]]></system-out>
            <system-err><![CDATA[
            Warning message:In Sys.setlocale("LC_MESSAGES", "en_US.UTF-8") :  OS reports request to set locale to "en_US.UTF-8" cannot be honored
            ]]></system-err>
        
    </testcase>
    
    <testcase classname="volcanoplot (Test #2)" name="1" time="34.88202953338623">
        
            
            <system-out><![CDATA[
            [1] "Header row detected"null device           1 R version 4.0.5 (2021-03-31)Platform: x86_64-conda-linux-gnu (64-bit)Running under: Debian GNU/Linux 10 (buster)Matrix products: defaultBLAS/LAPACK: /usr/local/lib/libopenblasp-r0.3.15.solocale: [1] LC_CTYPE=C.UTF-8       LC_NUMERIC=C           LC_TIME=C.UTF-8        [4] LC_COLLATE=C.UTF-8     LC_MONETARY=C.UTF-8    LC_MESSAGES=C.UTF-8    [7] LC_PAPER=C.UTF-8       LC_NAME=C              LC_ADDRESS=C          [10] LC_TELEPHONE=C         LC_MEASUREMENT=C.UTF-8 LC_IDENTIFICATION=C   attached base packages:[1] stats     graphics  grDevices utils     datasets  methods   base     other attached packages:[1] ggrepel_0.9.1 ggplot2_3.3.3 dplyr_1.0.6  loaded via a namespace (and not attached): [1] Rcpp_1.0.6       magrittr_2.0.1   tidyselect_1.1.1 munsell_0.5.0    [5] colorspace_2.0-1 R6_2.5.0         rlang_0.4.11     fansi_0.5.0      [9] grid_4.0.5       gtable_0.3.0     utf8_1.2.1       withr_2.4.2     [13] ellipsis_0.3.2   digest_0.6.27    tibble_3.1.2     lifecycle_1.0.0 [17] crayon_1.4.1     purrr_0.3.4      farver_2.1.0     vctrs_0.3.8     [21] glue_1.4.2       labeling_0.4.2   compiler_4.0.5   pillar_1.6.1    [25] generics_0.1.0   scales_1.1.1     pkgconfig_2.0.3 
            ]]></system-out>
            <system-err><![CDATA[
            Warning message:In Sys.setlocale("LC_MESSAGES", "en_US.UTF-8") :  OS reports request to set locale to "en_US.UTF-8" cannot be honored
            ]]></system-err>
        
    </testcase>
    
    <testcase classname="volcanoplot (Test #3)" name="2" time="35.3970046043396">
        
            
            <system-out><![CDATA[
            null device           1 R version 4.0.5 (2021-03-31)Platform: x86_64-conda-linux-gnu (64-bit)Running under: Debian GNU/Linux 10 (buster)Matrix products: defaultBLAS/LAPACK: /usr/local/lib/libopenblasp-r0.3.15.solocale: [1] LC_CTYPE=C.UTF-8       LC_NUMERIC=C           LC_TIME=C.UTF-8        [4] LC_COLLATE=C.UTF-8     LC_MONETARY=C.UTF-8    LC_MESSAGES=C.UTF-8    [7] LC_PAPER=C.UTF-8       LC_NAME=C              LC_ADDRESS=C          [10] LC_TELEPHONE=C         LC_MEASUREMENT=C.UTF-8 LC_IDENTIFICATION=C   attached base packages:[1] stats     graphics  grDevices utils     datasets  methods   base     other attached packages:[1] ggrepel_0.9.1 ggplot2_3.3.3 dplyr_1.0.6  loaded via a namespace (and not attached): [1] Rcpp_1.0.6       magrittr_2.0.1   tidyselect_1.1.1 munsell_0.5.0    [5] colorspace_2.0-1 R6_2.5.0         rlang_0.4.11     fansi_0.5.0      [9] grid_4.0.5       gtable_0.3.0     utf8_1.2.1       withr_2.4.2     [13] ellipsis_0.3.2   digest_0.6.27    tibble_3.1.2     lifecycle_1.0.0 [17] crayon_1.4.1     purrr_0.3.4      farver_2.1.0     vctrs_0.3.8     [21] glue_1.4.2       labeling_0.4.2   compiler_4.0.5   pillar_1.6.1    [25] generics_0.1.0   scales_1.1.1     pkgconfig_2.0.3 
            ]]></system-out>
            <system-err><![CDATA[
            Warning message:In Sys.setlocale("LC_MESSAGES", "en_US.UTF-8") :  OS reports request to set locale to "en_US.UTF-8" cannot be honored
            ]]></system-err>
        
    </testcase>
    
</testsuite>