<?xml version="1.0" encoding="UTF-8"?>
<testsuite name="Results (powered by Planemo)"
           tests="80"
           errors="10"
           failures="4"
           skip="0">
    
    <testcase classname="anndata_import (Test #1)" name="0" time="57.34894013404846">
        
            
            <system-out><![CDATA[
            import anndata as ad        adata = ad.read_loom(    '/galaxy/server/database/objects/3/5/1/dataset_3513738c-eb62-47d8-842f-fa4e6c1f3a06.dat',    sparse=True,    cleanup=False,    X_name='spliced',    obs_names='CellID',    var_names='Gene')adata.write('anndata.h5ad')
            ]]></system-out>
            <system-err><![CDATA[
            Observation names are not unique. To make them unique, call `.obs_names_make_unique`.... storing 'cell_type' as categorical
            ]]></system-err>
        
    </testcase>
    
    <testcase classname="anndata_import (Test #1)" name="0" time="38.24399423599243">
        
            
            <system-out><![CDATA[
            import anndata as ad        adata = ad.read_loom(    '/galaxy/server/database/objects/1/9/4/dataset_1943d664-06e5-4a21-b920-d16f8be1ca78.dat',    sparse=True,    cleanup=False,    X_name='spliced',    obs_names='CellID',    var_names='Gene')adata.write('anndata.h5ad')
            ]]></system-out>
            <system-err><![CDATA[
            Observation names are not unique. To make them unique, call `.obs_names_make_unique`.... storing 'cell_type' as categorical
            ]]></system-err>
        
    </testcase>
    
    <testcase classname="anndata_import (Test #2)" name="1" time="37.023983001708984">
        
            
            <system-out><![CDATA[
            import anndata as ad        adata = ad.read_csv(    '/galaxy/server/database/objects/1/4/2/dataset_142fa53e-dd29-48c4-a8f1-e9aa43f5f316.dat',    delimiter=',',    first_column_names=True)adata.write('anndata.h5ad')
            ]]></system-out>
            <system-err><![CDATA[
            
            ]]></system-err>
        
    </testcase>
    
    <testcase classname="anndata_import (Test #2)" name="1" time="37.08105707168579">
        
            
            <system-out><![CDATA[
            import anndata as ad        adata = ad.read_csv(    '/galaxy/server/database/objects/d/0/4/dataset_d04e1056-ce8b-4490-8ec2-1a2fc7cbec16.dat',    delimiter=',',    first_column_names=True)adata.write('anndata.h5ad')
            ]]></system-out>
            <system-err><![CDATA[
            
            ]]></system-err>
        
    </testcase>
    
    <testcase classname="anndata_import (Test #3)" name="2" time="35.95894002914429">
        
            
            <system-out><![CDATA[
            import anndata as ad        adata = ad.read_csv(    '/galaxy/server/database/objects/f/7/c/dataset_f7cdf355-9923-48f1-860a-fd0dcd6659af.dat',    delimiter='\t',    first_column_names=True)adata.write('anndata.h5ad')
            ]]></system-out>
            <system-err><![CDATA[
            
            ]]></system-err>
        
    </testcase>
    
    <testcase classname="anndata_import (Test #3)" name="2" time="36.33336353302002">
        
            
            <system-out><![CDATA[
            import anndata as ad        adata = ad.read_csv(    '/galaxy/server/database/objects/4/7/7/dataset_47777151-e4d0-42d0-99ef-83efa28f02fd.dat',    delimiter='\t',    first_column_names=True)adata.write('anndata.h5ad')
            ]]></system-out>
            <system-err><![CDATA[
            
            ]]></system-err>
        
    </testcase>
    
    <testcase classname="anndata_import (Test #4)" name="3" time="34.69032645225525">
        
            
            <system-out><![CDATA[
            import anndata as ad        adata = ad.read_mtx(filename='/galaxy/server/database/objects/4/6/f/dataset_46fad428-4be1-46d7-8943-d4e8263c123c.dat')adata.write('anndata.h5ad')
            ]]></system-out>
            <system-err><![CDATA[
            
            ]]></system-err>
        
    </testcase>
    
    <testcase classname="anndata_import (Test #4)" name="3" time="35.39412808418274">
        
            
            <system-out><![CDATA[
            import anndata as ad        adata = ad.read_mtx(filename='/galaxy/server/database/objects/e/f/a/dataset_efaf7f1e-09dd-475a-bbf3-cc0badf25656.dat')adata.write('anndata.h5ad')
            ]]></system-out>
            <system-err><![CDATA[
            
            ]]></system-err>
        
    </testcase>
    
    <testcase classname="anndata_import (Test #5)" name="4" time="35.30358338356018">
        
            
            <system-out><![CDATA[
            import anndata as ad        adata = ad.read_umi_tools('umi_tools_input.gz')adata.write('anndata.h5ad')
            ]]></system-out>
            <system-err><![CDATA[
            
            ]]></system-err>
        
    </testcase>
    
    <testcase classname="anndata_import (Test #5)" name="4" time="36.387163400650024">
        
            
            <system-out><![CDATA[
            import anndata as ad        adata = ad.read_umi_tools('umi_tools_input.gz')adata.write('anndata.h5ad')
            ]]></system-out>
            <system-err><![CDATA[
            
            ]]></system-err>
        
    </testcase>
    
    <testcase classname="anndata_import (Test #6)" name="5" time="26.3675754070282">
        
            <error type="error" message="Input staging problem: Job in error state.. tool_id: upload1, exit_code: None, stderr: ."><![CDATA[
                { "execution_problem": "Input staging problem: Job in error state.. tool_id: upload1, exit_code: None, stderr: .", "status": "error", "test_index": 5, "time_seconds": 26.3675754070282, "tool_id": "anndata_import", "tool_version": "0.7.5+galaxy1"}
            ]]></error>
        
    </testcase>
    
    <testcase classname="anndata_import (Test #6)" name="5" time="25.397370100021362">
        
            <error type="error" message="Input staging problem: Job in error state.. tool_id: upload1, exit_code: None, stderr: ."><![CDATA[
                { "execution_problem": "Input staging problem: Job in error state.. tool_id: upload1, exit_code: None, stderr: .", "status": "error", "test_index": 5, "time_seconds": 25.397370100021362, "tool_id": "anndata_import", "tool_version": "0.7.5+galaxy1"}
            ]]></error>
        
    </testcase>
    
    <testcase classname="anndata_import (Test #7)" name="6" time="39.05569267272949">
        
            
            <system-out><![CDATA[
            import anndata as ad        import scanpy as scadata = sc.read_10x_h5('/galaxy/server/database/objects/3/c/5/dataset_3c5bfa47-1fdb-44bf-a953-e623bf065357.dat')adata.write('anndata.h5ad')
            ]]></system-out>
            <system-err><![CDATA[
            
            ]]></system-err>
        
    </testcase>
    
    <testcase classname="anndata_import (Test #7)" name="6" time="40.43671727180481">
        
            
            <system-out><![CDATA[
            import anndata as ad        import scanpy as scadata = sc.read_10x_h5('/galaxy/server/database/objects/f/f/5/dataset_ff590e4b-976c-4812-915b-3582f669cf52.dat')adata.write('anndata.h5ad')
            ]]></system-out>
            <system-err><![CDATA[
            
            ]]></system-err>
        
    </testcase>
    
    <testcase classname="bcftools_plugin_fixploidy (Test #1)" name="0" time="46.59451413154602">
        
            
            <system-out><![CDATA[
            
            ]]></system-out>
            <system-err><![CDATA[
            
            ]]></system-err>
        
    </testcase>
    
    <testcase classname="bcftools_stats (Test #1)" name="0" time="56.6354455947876">
        
            
            <system-out><![CDATA[
            
            ]]></system-out>
            <system-err><![CDATA[
            
            ]]></system-err>
        
    </testcase>
    
    <testcase classname="bcftools_stats (Test #2)" name="1" time="">
        
            <error type="error" message=""><![CDATA[
                { "status": "skip", "test_index": 1, "tool_id": "bcftools_stats", "tool_version": "1.10"}
            ]]></error>
        
    </testcase>
    
    <testcase classname="bcftools_stats (Test #3)" name="2" time="37.74847197532654">
        
            
                <error type="error" message="Tool exit code: 1"><![CDATA[
                    { "inputs": {  "input_file": {   "id": "d35fe79d4a9399bb",   "src": "hda"  },  "plot_title": "Plot for mpileup.vcf" }, "job": {  "command_line": "export BCFTOOLS_PLUGINS=`which bcftools | sed \u0027s,bin/bcftools,libexec/bcftools,\u0027`;     bgzip -c \u0027/galaxy/server/database/objects/0/4/2/dataset_042e6a6a-9722-402d-b37c-8c82126e254c.dat\u0027 \u003e input0.vcf.gz \u0026\u0026 bcftools index input0.vcf.gz \u0026\u0026 echo \u0027input0.vcf.gz\u0027 \u003e\u003e vcfs_list \u0026\u0026                     bcftools stats                              input0.vcf.gz  \u003e \u0027/galaxy/server/database/objects/a/b/6/dataset_ab664884-74e8-47cb-93f4-ee1491341158.dat\u0027 \u0026\u0026 plot-vcfstats -p \u0027plot_tmp/\u0027 -T \u0027Plot for mpileup.vcf\u0027 -s \u0027/galaxy/server/database/objects/a/b/6/dataset_ab664884-74e8-47cb-93f4-ee1491341158.dat\u0027 || (printf \"The content of plot_tmp/plot-vcfstats.log is:\\n\" \u003e\u00262 \u0026\u0026 cat plot_tmp/plot-vcfstats.log \u003e\u00262 \u0026\u0026 exit 1)",  "command_version": "Version: 1.10.2 (using htslib 1.10.2)",  "copied_from_job_id": null,  "create_time": "2024-08-15T19:19:54.606219",  "dependencies": [],  "exit_code": 1,  "external_id": "gxy-5pdxx",  "galaxy_version": "24.1",  "handler": null,  "history_id": "9c606ac5fa103ccf",  "id": "409bc7c82a7263f3",  "inputs": {   "input_file": {    "id": "d35fe79d4a9399bb",    "src": "hda",    "uuid": "042e6a6a-9722-402d-b37c-8c82126e254c"   }  },  "job_messages": [   {    "code_desc": "",    "desc": "Fatal error: Exit code 1 ()",    "error_level": 3,    "exit_code": 1,    "type": "exit_code"   },   {    "code_desc": "",    "desc": "Fatal error: ",    "error_level": 3,    "match": "error:",    "stream": "stderr",    "type": "regex"   }  ],  "job_metrics": [   {    "name": "runtime_seconds",    "plugin": "core",    "raw_value": "2.0000000",    "title": "Job Runtime (Wall Clock)",    "value": "2 seconds"   },   {    "name": "end_epoch",    "plugin": "core",    "raw_value": "1723749598.0000000",    "title": "Job End Time",    "value": "2024-08-15 19:19:58"   },   {    "name": "start_epoch",    "plugin": "core",    "raw_value": "1723749596.0000000",    "title": "Job Start Time",    "value": "2024-08-15 19:19:56"   },   {    "name": "galaxy_memory_mb",    "plugin": "core",    "raw_value": "4080.0000000",    "title": "Memory Allocated (MB)",    "value": "4080"   },   {    "name": "galaxy_slots",    "plugin": "core",    "raw_value": "1.0000000",    "title": "Cores Allocated",    "value": "1"   }  ],  "job_runner_name": null,  "job_stderr": "",  "job_stdout": "",  "model_class": "Job",  "output_collections": {},  "outputs": {   "output_file": {    "id": "474f958903038fc0",    "src": "hda",    "uuid": "ab664884-74e8-47cb-93f4-ee1491341158"   },   "output_pdf": {    "id": "c65e080592db6473",    "src": "hda",    "uuid": "2dd95e6c-9865-4075-b1f6-c09811cc6080"   }  },  "params": {   "__input_ext": "\"input\"",   "chromInfo": "\"/cvmfs/data.galaxyproject.org/managed/len/ucsc/?.len\"",   "dbkey": "\"?\"",   "inputB_file": null,   "plot_title": "\"Plot for mpileup.vcf\"",   "sec_default": "{\"af_tag\": \"\", \"afbins\": {\"__current_case__\": 0, \"afbins_select\": \"default\"}, \"depth\": {\"__current_case__\": 0, \"set_depth\": \"no\"}, \"exons_file\": null, \"first_allele_only\": false, \"reference_source\": {\"__current_case__\": 0, \"reference_source_selector\": \"\"}, \"split_by_ID\": false, \"user_tstv\": \"\", \"verbose\": false}",   "sec_restrict": "{\"apply_filters\": \"\", \"collapse\": null, \"exclude\": null, \"include\": null, \"invert_samples\": false, \"invert_samples_file\": false, \"regions\": {\"__current_case__\": 0, \"regions_src\": \"__none__\"}, \"samples\": \"\", \"samples_file\": null, \"targets\": {\"__current_case__\": 0, \"targets_src\": \"__none__\"}}"  },  "state": "error",  "stderr": "Parsing bcftools stats output: /galaxy/server/database/objects/a/b/6/dataset_ab664884-74e8-47cb-93f4-ee1491341158.dat\nPlotting graphs: python3 plot.py\nCreating PDF: tectonic summary.tex \u003eplot-vcfstats.log 2\u003e\u00261\nThe command exited with non-zero status, please consult the output of tectonic: plot_tmp/plot-vcfstats.log\n\n at /usr/local/bin/plot-vcfstats line 111.\n\tmain::error(\"The command exited with non-zero status, please consult the o\"...) called at /usr/local/bin/plot-vcfstats line 2086\n\tmain::create_pdf(HASH(0x5703cb3aac68)) called at /usr/local/bin/plot-vcfstats line 72\nThe content of plot_tmp/plot-vcfstats.log is:\nnote: this is a BETA release; ask questions and report bugs at https://tectonic.newton.cx/\nnote: indexing https://archive.org/services/purl/net/pkgwpub/tectonic-default\nerror: could not get backend summary digest\ncaused by: couldn\u0027t probe https://archive.org/services/purl/net/pkgwpub/tectonic-default\ncaused by: Invalid Status provided\n",  "stdout": "",  "tool_id": "toolshed.g2.bx.psu.edu/repos/iuc/bcftools_stats/bcftools_stats/1.10",  "tool_stderr": "Parsing bcftools stats output: /galaxy/server/database/objects/a/b/6/dataset_ab664884-74e8-47cb-93f4-ee1491341158.dat\nPlotting graphs: python3 plot.py\nCreating PDF: tectonic summary.tex \u003eplot-vcfstats.log 2\u003e\u00261\nThe command exited with non-zero status, please consult the output of tectonic: plot_tmp/plot-vcfstats.log\n\n at /usr/local/bin/plot-vcfstats line 111.\n\tmain::error(\"The command exited with non-zero status, please consult the o\"...) called at /usr/local/bin/plot-vcfstats line 2086\n\tmain::create_pdf(HASH(0x5703cb3aac68)) called at /usr/local/bin/plot-vcfstats line 72\nThe content of plot_tmp/plot-vcfstats.log is:\nnote: this is a BETA release; ask questions and report bugs at https://tectonic.newton.cx/\nnote: indexing https://archive.org/services/purl/net/pkgwpub/tectonic-default\nerror: could not get backend summary digest\ncaused by: couldn\u0027t probe https://archive.org/services/purl/net/pkgwpub/tectonic-default\ncaused by: Invalid Status provided\n",  "tool_stdout": "",  "update_time": "2024-08-15T19:20:10.430911",  "user_email": "tests@fake.org" }, "output_problems": [  "Job in error state.. tool_id: toolshed.g2.bx.psu.edu/repos/iuc/bcftools_stats/bcftools_stats/1.10, exit_code: 1, stderr: Parsing bcftools stats output: /galaxy/server/database/objects/a/b/6/dataset_ab664884-74e8-47cb-93f4-ee1491341158.dat\nPlotting graphs: python3 plot.py\nCreating PDF: tectonic summary.tex \u003eplot-vcfstats.log 2\u003e\u00261\nThe command exited with non-zero status, please consult the output of tectonic: plot_tmp/plot-vcfstats.log\n\n at /usr/local/bin/plot-vcfstats line 111.\n\tmain::error(\"The command exited with non-zero status, please consult the o\"...) called at /usr/local/bin/plot-vcfstats line 2086\n\tmain::create_pdf(HASH(0x5703cb3aac68)) called at /usr/local/bin/plot-vcfstats line 72\nThe content of plot_tmp/plot-vcfstats.log is:\nnote: this is a BETA release; ask questions and report bugs at https://tectonic.newton.cx/\nnote: indexing https://archive.org/services/purl/net/pkgwpub/tectonic-default\nerror: could not get backend summary digest\ncaused by: couldn\u0027t probe https://archive.org/services/purl/net/pkgwpub/tectonic-default\ncaused by: Invalid Status provided\n.",  "Job in error state.. tool_id: toolshed.g2.bx.psu.edu/repos/iuc/bcftools_stats/bcftools_stats/1.10, exit_code: 1, stderr: Parsing bcftools stats output: /galaxy/server/database/objects/a/b/6/dataset_ab664884-74e8-47cb-93f4-ee1491341158.dat\nPlotting graphs: python3 plot.py\nCreating PDF: tectonic summary.tex \u003eplot-vcfstats.log 2\u003e\u00261\nThe command exited with non-zero status, please consult the output of tectonic: plot_tmp/plot-vcfstats.log\n\n at /usr/local/bin/plot-vcfstats line 111.\n\tmain::error(\"The command exited with non-zero status, please consult the o\"...) called at /usr/local/bin/plot-vcfstats line 2086\n\tmain::create_pdf(HASH(0x5703cb3aac68)) called at /usr/local/bin/plot-vcfstats line 72\nThe content of plot_tmp/plot-vcfstats.log is:\nnote: this is a BETA release; ask questions and report bugs at https://tectonic.newton.cx/\nnote: indexing https://archive.org/services/purl/net/pkgwpub/tectonic-default\nerror: could not get backend summary digest\ncaused by: couldn\u0027t probe https://archive.org/services/purl/net/pkgwpub/tectonic-default\ncaused by: Invalid Status provided\n.",  "Job in error state.. tool_id: toolshed.g2.bx.psu.edu/repos/iuc/bcftools_stats/bcftools_stats/1.10, exit_code: 1, stderr: Parsing bcftools stats output: /galaxy/server/database/objects/a/b/6/dataset_ab664884-74e8-47cb-93f4-ee1491341158.dat\nPlotting graphs: python3 plot.py\nCreating PDF: tectonic summary.tex \u003eplot-vcfstats.log 2\u003e\u00261\nThe command exited with non-zero status, please consult the output of tectonic: plot_tmp/plot-vcfstats.log\n\n at /usr/local/bin/plot-vcfstats line 111.\n\tmain::error(\"The command exited with non-zero status, please consult the o\"...) called at /usr/local/bin/plot-vcfstats line 2086\n\tmain::create_pdf(HASH(0x5703cb3aac68)) called at /usr/local/bin/plot-vcfstats line 72\nThe content of plot_tmp/plot-vcfstats.log is:\nnote: this is a BETA release; ask questions and report bugs at https://tectonic.newton.cx/\nnote: indexing https://archive.org/services/purl/net/pkgwpub/tectonic-default\nerror: could not get backend summary digest\ncaused by: couldn\u0027t probe https://archive.org/services/purl/net/pkgwpub/tectonic-default\ncaused by: Invalid Status provided\n." ], "status": "failure", "test_index": 2, "time_seconds": 37.74847197532654, "tool_id": "bcftools_stats", "tool_version": "1.10"}
                ]]></error>
            
            <system-out><![CDATA[
            
            ]]></system-out>
            <system-err><![CDATA[
            Parsing bcftools stats output: /galaxy/server/database/objects/a/b/6/dataset_ab664884-74e8-47cb-93f4-ee1491341158.datPlotting graphs: python3 plot.pyCreating PDF: tectonic summary.tex >plot-vcfstats.log 2>&1The command exited with non-zero status, please consult the output of tectonic: plot_tmp/plot-vcfstats.log at /usr/local/bin/plot-vcfstats line 111.main::error("The command exited with non-zero status, please consult the o"...) called at /usr/local/bin/plot-vcfstats line 2086main::create_pdf(HASH(0x5703cb3aac68)) called at /usr/local/bin/plot-vcfstats line 72The content of plot_tmp/plot-vcfstats.log is:note: this is a BETA release; ask questions and report bugs at https://tectonic.newton.cx/note: indexing https://archive.org/services/purl/net/pkgwpub/tectonic-defaulterror: could not get backend summary digestcaused by: couldn't probe https://archive.org/services/purl/net/pkgwpub/tectonic-defaultcaused by: Invalid Status provided
            ]]></system-err>
        
    </testcase>
    
    <testcase classname="collection_element_identifiers (Test #1)" name="0" time="64.29075002670288">
        
            
            <system-out><![CDATA[
            
            ]]></system-out>
            <system-err><![CDATA[
            
            ]]></system-err>
        
    </testcase>
    
    <testcase classname="collection_element_identifiers (Test #2)" name="1" time="33.694475412368774">
        
            
            <system-out><![CDATA[
            
            ]]></system-out>
            <system-err><![CDATA[
            
            ]]></system-err>
        
    </testcase>
    
    <testcase classname="deeptools_plot_correlation (Test #1)" name="0" time="86.43561434745789">
        
            
            <system-out><![CDATA[
            
            ]]></system-out>
            <system-err><![CDATA[
            
            ]]></system-err>
        
    </testcase>
    
    <testcase classname="deeptools_plot_correlation (Test #2)" name="1" time="38.425562381744385">
        
            
            <system-out><![CDATA[
            
            ]]></system-out>
            <system-err><![CDATA[
            
            ]]></system-err>
        
    </testcase>
    
    <testcase classname="flash (Test #1)" name="0" time="29.675126791000366">
        
            
                <error type="error" message="Tool exit code: None"><![CDATA[
                    { "inputs": {  "generate_histogram": false,  "layout|forward": {   "id": "c1fb9c3bbc5106c3",   "src": "hda"  },  "layout|reverse": {   "id": "36ec6dce8689add4",   "src": "hda"  },  "layout|select_layout": "individual",  "save_log": true }, "job": {  "command_line": "flash --threads=${GALAXY_SLOTS:-1} -m 10 -M 65 -x 0.25  \u0027/galaxy/server/database/objects/0/d/1/dataset_0d1ac050-f41e-4e7f-9cad-3c5677800937.dat\u0027 \u0027/galaxy/server/database/objects/e/5/4/dataset_e5487241-ae7f-4ca9-9bcc-c65cca97960c.dat\u0027 -p 33 --output-suffix=\u0027\u0027 \u003e \u0027/galaxy/server/database/objects/9/7/3/dataset_9737c98d-3ef1-4f4e-bacc-dc5a48cf8d1c.dat\u0027",  "command_version": null,  "copied_from_job_id": null,  "create_time": "2024-08-15T18:36:16.656483",  "dependencies": [],  "exit_code": null,  "external_id": "gxy-bl2rz",  "galaxy_version": "24.1",  "handler": null,  "history_id": "9c606ac5fa103ccf",  "id": "36ec6dce8689add4",  "inputs": {   "layout|forward": {    "id": "c1fb9c3bbc5106c3",    "src": "hda",    "uuid": "0d1ac050-f41e-4e7f-9cad-3c5677800937"   },   "layout|reverse": {    "id": "36ec6dce8689add4",    "src": "hda",    "uuid": "e5487241-ae7f-4ca9-9bcc-c65cca97960c"   }  },  "job_messages": null,  "job_metrics": [],  "job_runner_name": null,  "job_stderr": null,  "job_stdout": null,  "model_class": "Job",  "output_collections": {},  "outputs": {   "hist": {    "id": "059a2f433a9f8a62",    "src": "hda",    "uuid": "041e535b-c5cd-44d3-9e63-7b132a006f8a"   },   "log": {    "id": "27a472c73c449de9",    "src": "hda",    "uuid": "9737c98d-3ef1-4f4e-bacc-dc5a48cf8d1c"   },   "merged_paired_reads": {    "id": "4082d5bb58d22f39",    "src": "hda",    "uuid": "2f8b8325-2c35-4934-8653-23ad6e92f679"   },   "unmerged_paired_reads_f": {    "id": "89fa0788b443a401",    "src": "hda",    "uuid": "e16e08dc-bde0-48b1-8f9d-cfa08e85324b"   },   "unmerged_paired_reads_r": {    "id": "bd8d460f551df413",    "src": "hda",    "uuid": "52af5e0e-f766-4e8f-8d40-9c205a6d9000"   }  },  "params": {   "__input_ext": "\"fastqsanger\"",   "allow_outies": "false",   "chromInfo": "\"/cvmfs/data.galaxyproject.org/managed/len/ucsc/?.len\"",   "dbkey": "\"?\"",   "generate_histogram": "false",   "layout": "{\"__current_case__\": 0, \"forward\": {\"values\": [{\"id\": 10, \"src\": \"hda\"}]}, \"reverse\": {\"values\": [{\"id\": 11, \"src\": \"hda\"}]}, \"select_layout\": \"individual\"}",   "max_mismatch_density": "\"0.25\"",   "max_overlap": "\"65\"",   "min_overlap": "\"10\"",   "save_log": "true"  },  "state": "error",  "stderr": "",  "stdout": "",  "tool_id": "toolshed.g2.bx.psu.edu/repos/iuc/flash/flash/1.2.11.4",  "tool_stderr": "",  "tool_stdout": "",  "update_time": "2024-08-15T18:36:23.031187",  "user_email": "tests@fake.org" }, "output_problems": [  "Job in error state.. tool_id: toolshed.g2.bx.psu.edu/repos/iuc/flash/flash/1.2.11.4, exit_code: None, stderr: .",  "Job in error state.. tool_id: toolshed.g2.bx.psu.edu/repos/iuc/flash/flash/1.2.11.4, exit_code: None, stderr: .",  "Job in error state.. tool_id: toolshed.g2.bx.psu.edu/repos/iuc/flash/flash/1.2.11.4, exit_code: None, stderr: .",  "Job in error state.. tool_id: toolshed.g2.bx.psu.edu/repos/iuc/flash/flash/1.2.11.4, exit_code: None, stderr: .",  "Job in error state.. tool_id: toolshed.g2.bx.psu.edu/repos/iuc/flash/flash/1.2.11.4, exit_code: None, stderr: .",  "Job in error state.. tool_id: toolshed.g2.bx.psu.edu/repos/iuc/flash/flash/1.2.11.4, exit_code: None, stderr: ." ], "status": "failure", "test_index": 0, "time_seconds": 29.675126791000366, "tool_id": "flash", "tool_version": "1.2.11.4"}
                ]]></error>
            
            <system-out><![CDATA[
            
            ]]></system-out>
            <system-err><![CDATA[
            
            ]]></system-err>
        
    </testcase>
    
    <testcase classname="flash (Test #2)" name="1" time="40.79086375236511">
        
            
            <system-out><![CDATA[
            
            ]]></system-out>
            <system-err><![CDATA[
            
            ]]></system-err>
        
    </testcase>
    
    <testcase classname="flash (Test #3)" name="2" time="27.406111001968384">
        
            
                <error type="error" message="Tool exit code: None"><![CDATA[
                    { "inputs": {  "generate_histogram": false,  "layout|reads": {   "id": "8af71cf132ca5d74",   "src": "hdca"  },  "layout|select_layout": "collection" }, "job": {  "command_line": "flash --threads=${GALAXY_SLOTS:-1} -m 10 -M 65 -x 0.25  \u0027/galaxy/server/database/objects/e/e/a/dataset_eeafebc7-0055-4468-91aa-58755c200f02.dat\u0027 \u0027/galaxy/server/database/objects/6/8/d/dataset_68d76792-9c68-45ee-8be7-4122f507e26f.dat\u0027 -p 64 --output-suffix=\u0027\u0027",  "command_version": null,  "copied_from_job_id": null,  "create_time": "2024-08-15T18:37:27.559718",  "dependencies": [],  "exit_code": null,  "external_id": "gxy-ddfx6",  "galaxy_version": "24.1",  "handler": null,  "history_id": "9c606ac5fa103ccf",  "id": "7733e9b4e0059308",  "inputs": {   "layout|reads1": {    "id": "631c1dbc4c3923b9",    "src": "hda",    "uuid": "eeafebc7-0055-4468-91aa-58755c200f02"   },   "layout|reads2": {    "id": "d26548ded164dd5a",    "src": "hda",    "uuid": "68d76792-9c68-45ee-8be7-4122f507e26f"   }  },  "job_messages": null,  "job_metrics": [],  "job_runner_name": null,  "job_stderr": null,  "job_stdout": null,  "model_class": "Job",  "output_collections": {},  "outputs": {   "hist": {    "id": "87512895773b983d",    "src": "hda",    "uuid": "bb0d0a8d-f5c0-4041-bc85-639e18569cf3"   },   "log": {    "id": "b5ec7f11cbb6a90c",    "src": "hda",    "uuid": "ae62e7f2-2867-4149-9397-f301f1b89f37"   },   "merged_reads": {    "id": "b92fb8adf1d6658d",    "src": "hda",    "uuid": "5514a5ed-0d2c-4e45-9682-e6c8d45fb9aa"   },   "unmerged_reads_f": {    "id": "e83e3599968a68c2",    "src": "hda",    "uuid": "d7cfb026-1ef3-4454-a15d-42d826fec40f"   },   "unmerged_reads_r": {    "id": "54a3b8bd766b608b",    "src": "hda",    "uuid": "ea6f6af5-52f5-46ec-86a0-bf7eac256a21"   }  },  "params": {   "__input_ext": "\"fastqillumina\"",   "allow_outies": "false",   "chromInfo": "\"/cvmfs/data.galaxyproject.org/managed/len/ucsc/?.len\"",   "dbkey": "\"?\"",   "generate_histogram": "false",   "layout": "{\"__current_case__\": 1, \"reads\": {\"values\": [{\"id\": 3, \"src\": \"hdca\"}]}, \"select_layout\": \"collection\"}",   "max_mismatch_density": "\"0.25\"",   "max_overlap": "\"65\"",   "min_overlap": "\"10\"",   "save_log": "false"  },  "state": "error",  "stderr": "",  "stdout": "[FLASH] Starting FLASH v1.2.11\n[FLASH] Fast Length Adjustment of SHort reads\n[FLASH]  \n[FLASH] Input files:\n[FLASH]     /galaxy/server/database/objects/e/e/a/dataset_eeafebc7-0055-4468-91aa-58755c200f02.dat\n[FLASH]     /galaxy/server/database/objects/6/8/d/dataset_68d76792-9c68-45ee-8be7-4122f507e26f.dat\n[FLASH]  \n[FLASH] Output files:\n[FLASH]     ./out.extendedFrags.fastq\n[FLASH]     ./out.notCombined_1.fastq\n[FLASH]     ./out.notCombined_2.fastq\n[FLASH]     ./out.hist\n[FLASH]     ./out.histogram\n[FLASH]  \n[FLASH] Parameters:\n[FLASH]     Min overlap:           10\n[FLASH]     Max overlap:           65\n[FLASH]     Max mismatch density:  0.250000\n[FLASH]     Allow \"outie\" pairs:   false\n[FLASH]     Cap mismatch quals:    false\n[FLASH]     Combiner threads:      1\n[FLASH]     Input format:          FASTQ, phred_offset=64\n[FLASH]     Output format:         FASTQ, phred_offset=64\n[FLASH]  \n[FLASH] Starting reader and writer threads\n[FLASH] Starting 1 combiner threads\n[FLASH] Processed 200 read pairs\n[FLASH]  \n[FLASH] Read combination statistics:\n[FLASH]     Total pairs:      200\n[FLASH]     Combined pairs:   5\n[FLASH]     Uncombined pairs: 195\n[FLASH]     Percent combined: 2.50%\n[FLASH]  \n[FLASH] Writing histogram files.\n[FLASH]  \n[FLASH] FLASH v1.2.11 complete!\n[FLASH] 0.015 seconds elapsed\n",  "tool_id": "toolshed.g2.bx.psu.edu/repos/iuc/flash/flash/1.2.11.4",  "tool_stderr": "",  "tool_stdout": "[FLASH] Starting FLASH v1.2.11\n[FLASH] Fast Length Adjustment of SHort reads\n[FLASH]  \n[FLASH] Input files:\n[FLASH]     /galaxy/server/database/objects/e/e/a/dataset_eeafebc7-0055-4468-91aa-58755c200f02.dat\n[FLASH]     /galaxy/server/database/objects/6/8/d/dataset_68d76792-9c68-45ee-8be7-4122f507e26f.dat\n[FLASH]  \n[FLASH] Output files:\n[FLASH]     ./out.extendedFrags.fastq\n[FLASH]     ./out.notCombined_1.fastq\n[FLASH]     ./out.notCombined_2.fastq\n[FLASH]     ./out.hist\n[FLASH]     ./out.histogram\n[FLASH]  \n[FLASH] Parameters:\n[FLASH]     Min overlap:           10\n[FLASH]     Max overlap:           65\n[FLASH]     Max mismatch density:  0.250000\n[FLASH]     Allow \"outie\" pairs:   false\n[FLASH]     Cap mismatch quals:    false\n[FLASH]     Combiner threads:      1\n[FLASH]     Input format:          FASTQ, phred_offset=64\n[FLASH]     Output format:         FASTQ, phred_offset=64\n[FLASH]  \n[FLASH] Starting reader and writer threads\n[FLASH] Starting 1 combiner threads\n[FLASH] Processed 200 read pairs\n[FLASH]  \n[FLASH] Read combination statistics:\n[FLASH]     Total pairs:      200\n[FLASH]     Combined pairs:   5\n[FLASH]     Uncombined pairs: 195\n[FLASH]     Percent combined: 2.50%\n[FLASH]  \n[FLASH] Writing histogram files.\n[FLASH]  \n[FLASH] FLASH v1.2.11 complete!\n[FLASH] 0.015 seconds elapsed\n",  "update_time": "2024-08-15T18:37:31.439129",  "user_email": "tests@fake.org" }, "output_problems": [  "Job in error state.. tool_id: toolshed.g2.bx.psu.edu/repos/iuc/flash/flash/1.2.11.4, exit_code: None, stderr: .",  "Job in error state.. tool_id: toolshed.g2.bx.psu.edu/repos/iuc/flash/flash/1.2.11.4, exit_code: None, stderr: .",  "Job in error state.. tool_id: toolshed.g2.bx.psu.edu/repos/iuc/flash/flash/1.2.11.4, exit_code: None, stderr: .",  "Job in error state.. tool_id: toolshed.g2.bx.psu.edu/repos/iuc/flash/flash/1.2.11.4, exit_code: None, stderr: .",  "Job in error state.. tool_id: toolshed.g2.bx.psu.edu/repos/iuc/flash/flash/1.2.11.4, exit_code: None, stderr: ." ], "status": "failure", "test_index": 2, "time_seconds": 27.406111001968384, "tool_id": "flash", "tool_version": "1.2.11.4"}
                ]]></error>
            
            <system-out><![CDATA[
            [FLASH] Starting FLASH v1.2.11[FLASH] Fast Length Adjustment of SHort reads[FLASH]  [FLASH] Input files:[FLASH]     /galaxy/server/database/objects/e/e/a/dataset_eeafebc7-0055-4468-91aa-58755c200f02.dat[FLASH]     /galaxy/server/database/objects/6/8/d/dataset_68d76792-9c68-45ee-8be7-4122f507e26f.dat[FLASH]  [FLASH] Output files:[FLASH]     ./out.extendedFrags.fastq[FLASH]     ./out.notCombined_1.fastq[FLASH]     ./out.notCombined_2.fastq[FLASH]     ./out.hist[FLASH]     ./out.histogram[FLASH]  [FLASH] Parameters:[FLASH]     Min overlap:           10[FLASH]     Max overlap:           65[FLASH]     Max mismatch density:  0.250000[FLASH]     Allow "outie" pairs:   false[FLASH]     Cap mismatch quals:    false[FLASH]     Combiner threads:      1[FLASH]     Input format:          FASTQ, phred_offset=64[FLASH]     Output format:         FASTQ, phred_offset=64[FLASH]  [FLASH] Starting reader and writer threads[FLASH] Starting 1 combiner threads[FLASH] Processed 200 read pairs[FLASH]  [FLASH] Read combination statistics:[FLASH]     Total pairs:      200[FLASH]     Combined pairs:   5[FLASH]     Uncombined pairs: 195[FLASH]     Percent combined: 2.50%[FLASH]  [FLASH] Writing histogram files.[FLASH]  [FLASH] FLASH v1.2.11 complete![FLASH] 0.015 seconds elapsed
            ]]></system-out>
            <system-err><![CDATA[
            
            ]]></system-err>
        
    </testcase>
    
    <testcase classname="flash (Test #4)" name="3" time="38.08878684043884">
        
            
            <system-out><![CDATA[
            
            ]]></system-out>
            <system-err><![CDATA[
            
            ]]></system-err>
        
    </testcase>
    
    <testcase classname="flash (Test #5)" name="4" time="38.05876350402832">
        
            
            <system-out><![CDATA[
            [FLASH] Starting FLASH v1.2.11[FLASH] Fast Length Adjustment of SHort reads[FLASH]  [FLASH] Input files:[FLASH]     /galaxy/server/database/objects/d/0/a/dataset_d0a40643-6a98-48fe-a77f-2d04c9e35a4e.dat[FLASH]     /galaxy/server/database/objects/a/c/a/dataset_acae909d-4b1c-4d6c-96f7-559ee176f827.dat[FLASH]  [FLASH] Output files:[FLASH]     ./out.extendedFrags.fastq[FLASH]     ./out.notCombined_1.fastq[FLASH]     ./out.notCombined_2.fastq[FLASH]     ./out.hist[FLASH]     ./out.histogram[FLASH]  [FLASH] Parameters:[FLASH]     Min overlap:           10[FLASH]     Max overlap:           65[FLASH]     Max mismatch density:  0.250000[FLASH]     Allow "outie" pairs:   false[FLASH]     Cap mismatch quals:    false[FLASH]     Combiner threads:      1[FLASH]     Input format:          FASTQ, phred_offset=33[FLASH]     Output format:         FASTQ, phred_offset=33, gzip[FLASH]  [FLASH] Starting reader and writer threads[FLASH] Starting 1 combiner threads[FLASH] Processed 500 read pairs[FLASH]  [FLASH] Read combination statistics:[FLASH]     Total pairs:      500[FLASH]     Combined pairs:   18[FLASH]     Uncombined pairs: 482[FLASH]     Percent combined: 3.60%[FLASH]  [FLASH] Writing histogram files.[FLASH]  [FLASH] FLASH v1.2.11 complete![FLASH] 0.038 seconds elapsed
            ]]></system-out>
            <system-err><![CDATA[
            
            ]]></system-err>
        
    </testcase>
    
    <testcase classname="lofreq_call (Test #1)" name="0" time="44.623382806777954">
        
            
            <system-out><![CDATA[
            INFO [2024-08-15 19:15:11,164]: Using 2 threads with following basic args: lofreq call --verbose --ref reference.fa --sig 0.01 --bonf dynamic reads.bamINFO [2024-08-15 19:15:11,172]: Adding 5 commands to mp-poolNumber of substitution tests performed: 66Number of indel tests performed: 0INFO [2024-08-15 19:15:12,854]: Executing lofreq filter -i /galaxy/server/database/jobs_directory/000/156/tmp/lofreq2_call_paralleld5k6_49e/concat.vcf.gz -o variants.vcf --snvqual-thresh 38 --indelqual-thresh 20set_lofreq_standard
            ]]></system-out>
            <system-err><![CDATA[
            
            ]]></system-err>
        
    </testcase>
    
    <testcase classname="lofreq_call (Test #2)" name="1" time="39.46992111206055">
        
            
            <system-out><![CDATA[
            INFO [2024-08-15 19:15:51,787]: Using 2 threads with following basic args: lofreq call --verbose --ref reference.fa --min-cov 1 --max-depth 1000000 --min-bq 6 --min-alt-bq 6 --min-mq 0 --max-mq 255 --min-jq 0 --min-alt-jq 0 --def-alt-jq 0 --sig 0.01 --bonf dynamic reads.bamINFO [2024-08-15 19:15:51,795]: Adding 5 commands to mp-poolNumber of substitution tests performed: 66Number of indel tests performed: 0INFO [2024-08-15 19:15:53,453]: Executing lofreq filter -i /galaxy/server/database/jobs_directory/000/159/tmp/lofreq2_call_parallelue29mlej/concat.vcf.gz -o variants.vcf --snvqual-thresh 38 --indelqual-thresh 20set_lofreq_standard
            ]]></system-out>
            <system-err><![CDATA[
            
            ]]></system-err>
        
    </testcase>
    
    <testcase classname="lofreq_call (Test #3)" name="2" time="23.053080558776855">
        
            <error type="error" message="Input staging problem: Job in error state.. tool_id: upload1, exit_code: None, stderr: ."><![CDATA[
                { "execution_problem": "Input staging problem: Job in error state.. tool_id: upload1, exit_code: None, stderr: .", "status": "error", "test_index": 2, "time_seconds": 23.053080558776855, "tool_id": "lofreq_call", "tool_version": "2.1.5+galaxy2"}
            ]]></error>
        
    </testcase>
    
    <testcase classname="lofreq_call (Test #4)" name="3" time="37.70826745033264">
        
            
            <system-out><![CDATA[
            INFO [2024-08-15 19:16:53,319]: Using 2 threads with following basic args: lofreq call --verbose --ref reference.fa --sig 1 --bonf 1 --no-default-filter reads.bamINFO [2024-08-15 19:16:53,328]: Adding 5 commands to mp-poolNumber of substitution tests performed: 66Number of indel tests performed: 0INFO [2024-08-15 19:16:54,969]: Copying concatenated vcf file to final destinationset_all_off
            ]]></system-out>
            <system-err><![CDATA[
            
            ]]></system-err>
        
    </testcase>
    
    <testcase classname="lofreq_call (Test #5)" name="4" time="40.447253942489624">
        
            
            <system-out><![CDATA[
            INFO [2024-08-15 19:17:32,458]: Using 2 threads with following basic args: lofreq call --verbose --ref reference.fa --call-indels --only-indels --sig 1 --bonf 1 --no-default-filter reads.bamINFO [2024-08-15 19:17:32,466]: Adding 5 commands to mp-poolNumber of substitution tests performed: 0Number of indel tests performed: 9INFO [2024-08-15 19:17:34,924]: Copying concatenated vcf file to final destinationset_all_off
            ]]></system-out>
            <system-err><![CDATA[
            
            ]]></system-err>
        
    </testcase>
    
    <testcase classname="medaka_variant (Test #1)" name="0" time="71.52845454216003">
        
            
            <system-out><![CDATA[
            [18:42:04 - DataIndex] Loaded 1/2 (50.00%) sample files.[18:42:04 - DataIndex] Loaded 2/2 (100.00%) sample files.[18:42:04 - Variants] Label decoding is:0: ('*',)1: ('A',)2: ('C',)3: ('G',)4: ('T',)[18:42:04 - Variants] Processing NC_045512.2:0-.[18:42:04 - TrimOverlap] NC_045512.2:30.0-2939.0 is contained within NC_045512.2:30.0-2939.0, skipping.
            ]]></system-out>
            <system-err><![CDATA[
            
            ]]></system-err>
        
    </testcase>
    
    <testcase classname="medaka_variant (Test #2)" name="1" time="47.56637263298035">
        
            
            <system-out><![CDATA[
            [18:42:58 - DataIndex] Loaded 1/1 (100.00%) sample files.[18:42:58 - Variants] Label decoding is:0: ('*',)1: ('A',)2: ('C',)3: ('G',)4: ('T',)[18:42:58 - Variants] Processing NC_045512.2:0-.
            ]]></system-out>
            <system-err><![CDATA[
            
            ]]></system-err>
        
    </testcase>
    
    <testcase classname="medaka_variant (Test #3)" name="2" time="21.59141755104065">
        
            <error type="error" message="Input staging problem: Job in error state.. tool_id: upload1, exit_code: None, stderr: ."><![CDATA[
                { "execution_problem": "Input staging problem: Job in error state.. tool_id: upload1, exit_code: None, stderr: .", "status": "error", "test_index": 2, "time_seconds": 21.59141755104065, "tool_id": "medaka_variant", "tool_version": "1.0.3+galaxy7"}
            ]]></error>
        
    </testcase>
    
    <testcase classname="poretools_times (Test #1)" name="0" time="62.38836908340454">
        
            
            <system-out><![CDATA[
            
            ]]></system-out>
            <system-err><![CDATA[
            
            ]]></system-err>
        
    </testcase>
    
    <testcase classname="poretools_times (Test #2)" name="1" time="27.470621824264526">
        
            
                <error type="error" message="Tool exit code: None"><![CDATA[
                    { "inputs": {  "input": {   "id": "b4ff9bc7d6009961",   "src": "hda"  } }, "job": {  "command_line": "poretools times --utc \u0027/galaxy/server/database/objects/b/c/c/dataset_bcc3d656-49a8-4665-96b3-815053a313f1.dat\u0027 \u003e \u0027/galaxy/server/database/objects/5/4/9/dataset_549f0d27-478d-4c00-9944-b356c2893454.dat\u0027",  "command_version": null,  "copied_from_job_id": null,  "create_time": "2024-08-15T18:45:01.165002",  "dependencies": [],  "exit_code": null,  "external_id": "gxy-w5d62",  "galaxy_version": "24.1",  "handler": null,  "history_id": "9c606ac5fa103ccf",  "id": "fb5d4ddee9dbc858",  "inputs": {   "input": {    "id": "b4ff9bc7d6009961",    "src": "hda",    "uuid": "bcc3d656-49a8-4665-96b3-815053a313f1"   }  },  "job_messages": null,  "job_metrics": [],  "job_runner_name": null,  "job_stderr": null,  "job_stdout": null,  "model_class": "Job",  "output_collections": {},  "outputs": {   "output": {    "id": "c500412c807b93f9",    "src": "hda",    "uuid": "549f0d27-478d-4c00-9944-b356c2893454"   }  },  "params": {   "__input_ext": "\"fast5.tar\"",   "chromInfo": "\"/cvmfs/data.galaxyproject.org/managed/len/ucsc/?.len\"",   "dbkey": "\"?\""  },  "state": "error",  "stderr": "",  "stdout": "",  "tool_id": "toolshed.g2.bx.psu.edu/repos/iuc/poretools_times/poretools_times/0.6.1a1.0",  "tool_stderr": "",  "tool_stdout": "",  "update_time": "2024-08-15T18:45:06.477517",  "user_email": "tests@fake.org" }, "output_problems": [  "Job in error state.. tool_id: toolshed.g2.bx.psu.edu/repos/iuc/poretools_times/poretools_times/0.6.1a1.0, exit_code: None, stderr: .",  "Job in error state.. tool_id: toolshed.g2.bx.psu.edu/repos/iuc/poretools_times/poretools_times/0.6.1a1.0, exit_code: None, stderr: ." ], "status": "failure", "test_index": 1, "time_seconds": 27.470621824264526, "tool_id": "poretools_times", "tool_version": "0.6.1a1.0"}
                ]]></error>
            
            <system-out><![CDATA[
            
            ]]></system-out>
            <system-err><![CDATA[
            
            ]]></system-err>
        
    </testcase>
    
    <testcase classname="poretools_times (Test #3)" name="2" time="35.048624992370605">
        
            
            <system-out><![CDATA[
            
            ]]></system-out>
            <system-err><![CDATA[
            
            ]]></system-err>
        
    </testcase>
    
    <testcase classname="poretools_times (Test #4)" name="3" time="36.405330181121826">
        
            
            <system-out><![CDATA[
            
            ]]></system-out>
            <system-err><![CDATA[
            
            ]]></system-err>
        
    </testcase>
    
    <testcase classname="poretools_times (Test #5)" name="4" time="37.06882858276367">
        
            
            <system-out><![CDATA[
            
            ]]></system-out>
            <system-err><![CDATA[
            
            ]]></system-err>
        
    </testcase>
    
    <testcase classname="raceid_inspecttrajectory (Test #1)" name="0" time="60.754783391952515">
        
            
            <system-out><![CDATA[
            null device           1 
            ]]></system-out>
            <system-err><![CDATA[
            
            ]]></system-err>
        
    </testcase>
    
    <testcase classname="raceid_inspecttrajectory (Test #1)" name="0" time="38.70925974845886">
        
            
            <system-out><![CDATA[
            null device           1 
            ]]></system-out>
            <system-err><![CDATA[
            
            ]]></system-err>
        
    </testcase>
    
    <testcase classname="raceid_inspecttrajectory (Test #2)" name="1" time="40.46453022956848">
        
            
            <system-out><![CDATA[
            NULLNULLNULLNULLNULLNULLNULLNULLNULLNULLNULLNULLnull device           1 
            ]]></system-out>
            <system-err><![CDATA[
            
            ]]></system-err>
        
    </testcase>
    
    <testcase classname="raceid_inspecttrajectory (Test #2)" name="1" time="40.798930168151855">
        
            
            <system-out><![CDATA[
            NULLNULLNULLNULLNULLNULLNULLNULLNULLNULLNULLNULLnull device           1 
            ]]></system-out>
            <system-err><![CDATA[
            
            ]]></system-err>
        
    </testcase>
    
    <testcase classname="raceid_inspecttrajectory (Test #3)" name="2" time="42.96359467506409">
        
            
            <system-out><![CDATA[
            [1] 1NULL[1] 1NULL[1] 1NULL[1] 1NULLnull device           1 
            ]]></system-out>
            <system-err><![CDATA[
            
            ]]></system-err>
        
    </testcase>
    
    <testcase classname="raceid_inspecttrajectory (Test #3)" name="2" time="43.8885498046875">
        
            
            <system-out><![CDATA[
            [1] 1NULL[1] 1NULL[1] 1NULL[1] 1NULLnull device           1 
            ]]></system-out>
            <system-err><![CDATA[
            
            ]]></system-err>
        
    </testcase>
    
    <testcase classname="raceid_inspecttrajectory (Test #4)" name="3" time="43.46602129936218">
        
            
            <system-out><![CDATA[
            [1] 1NULL[1] 1NULL[1] 1NULL[1] 1NULLNULLNULLNULLnull device           1 
            ]]></system-out>
            <system-err><![CDATA[
            
            ]]></system-err>
        
    </testcase>
    
    <testcase classname="raceid_inspecttrajectory (Test #4)" name="3" time="13.078598737716675">
        
            <error type="error" message="Input staging problem: Job in error state.. tool_id: upload1, exit_code: None, stderr: ."><![CDATA[
                { "execution_problem": "Input staging problem: Job in error state.. tool_id: upload1, exit_code: None, stderr: .", "status": "error", "test_index": 3, "time_seconds": 13.078598737716675, "tool_id": "raceid_inspecttrajectory", "tool_version": "0.2.3+galaxy2"}
            ]]></error>
        
    </testcase>
    
    <testcase classname="raceid_inspecttrajectory (Test #5)" name="4" time="52.95863485336304">
        
            
            <system-out><![CDATA[
            NULLNULLNULLNULLNULLNULLNULLNULLNULLNULLNULLNULL[1] 1NULL[1] 1NULL[1] 1NULL[1] 1NULLNULLNULLNULLnull device           1 
            ]]></system-out>
            <system-err><![CDATA[
            
            ]]></system-err>
        
    </testcase>
    
    <testcase classname="raceid_inspecttrajectory (Test #5)" name="4" time="52.01646137237549">
        
            
            <system-out><![CDATA[
            NULLNULLNULLNULLNULLNULLNULLNULLNULLNULLNULLNULL[1] 1NULL[1] 1NULL[1] 1NULL[1] 1NULLNULLNULLNULLnull device           1 
            ]]></system-out>
            <system-err><![CDATA[
            
            ]]></system-err>
        
    </testcase>
    
    <testcase classname="sailfish (Test #1)" name="0" time="53.655895471572876">
        
            
            <system-out><![CDATA[
            
            ]]></system-out>
            <system-err><![CDATA[
            Version Info: This is the most recent version of Sailfishwriting log to ./index_dir/logs/sailfish_index.logRapMap Indexer[Step 1 of 4] : counting k-mersElapsed time: 0.000943748sReplaced 0 non-ATCG nucleotidesClipped poly-A tails from 0 transcriptsBuilding rank-select dictionary and saving to disk doneElapsed time: 3.2257e-05sWriting sequence data to file . . . doneElapsed time: 7.3411e-05s[info] Building 32-bit suffix array (length of generalized text is 28577)Building suffix array . . . successsaving to disk . . . doneElapsed time: 0.000115552sdoneElapsed time: 0.0136452sprocessed 0 positionskhash had 18955 keyssaving hash to disk . . . doneElapsed time: 0.0014839sVersion Info: This is the most recent version of Sailfish# sailfish (quasi-mapping-based) v0.9.2# [ program ] => sailfish # [ command ] => quant # [ index ] => { ./index_dir }# [ mates1 ] => { ./mate1.fastq }# [ mates2 ] => { ./mate2.fastq }# [ libType ] => { IU }# [ output ] => { ./results }# [ threads ] => { 6 }# [ gcSizeSamp ] => { 1 }# [ gcSpeedSamp ] => { 1 }# [ fldMean ] => { 200 }# [ fldSD ] => { 80 }# [ maxReadOcc ] => { 200 }# [ maxFragLen ] => { 1000 }# [ txpAggregationKey ] => { gene_id }# [ numBiasSamples ] => { 1000000 }# [ numFragSamples ] => { 10000 }# [ numGibbsSamples ] => { 0 }# [ numBootstraps ] => { 0 }Logs will be written to ./results/logs[2024-08-15 18:47:35.486] [jointLog] [info] parsing read library formatthere is 1 libLoading 32-bit quasi indexIndex contained 15 targetsLoaded targets[2024-08-15 18:47:35.574] [jointLog] [info] Loading Quasi index[2024-08-15 18:47:35.577] [jointLog] [info] done[2024-08-15 18:47:35.575] [stderrLog] [info] Loading Suffix Array [2024-08-15 18:47:35.575] [stderrLog] [info] Loading Position Hash[2024-08-15 18:47:35.576] [stderrLog] [info] Loading Transcript Info [2024-08-15 18:47:35.576] [stderrLog] [info] Loading Rank-Select Bit Array[2024-08-15 18:47:35.576] [stderrLog] [info] There were 15 set bits in the bit array[2024-08-15 18:47:35.576] [stderrLog] [info] Computing transcript lengths[2024-08-15 18:47:35.576] [stderrLog] [info] Waiting to finish loading hash[2024-08-15 18:47:35.577] [stderrLog] [info] Done loading index[2024-08-15 18:47:35.611] [jointLog] [info] Gathered fragment lengths from all threads[2024-08-15 18:47:35.611] [jointLog] [warning] Sailfish saw fewer then 10000 uniquely mapped reads so 200 will be used as the mean fragment length and 80 as the standard deviation for effective length correction[2024-08-15 18:47:35.612] [jointLog] [info] Estimating effective lengthsDone Quasi-Mapping [2024-08-15 18:47:35.621] [jointLog] [info] Computed 21 rich equivalence classes for further processing[2024-08-15 18:47:35.621] [jointLog] [info] Counted 10000 total reads in the equivalence classes [2024-08-15 18:47:35.622] [jointLog] [info] Starting optimizer:[2024-08-15 18:47:35.622] [jointLog] [info] Optimizing over 21 equivalence classes[2024-08-15 18:47:35.622] [jointLog] [info] iteration = 0 | max rel diff. = 14.873[2024-08-15 18:47:35.622] [jointLog] [info] iteration = 64 | max rel diff. = 0.00117687[2024-08-15 18:47:35.622] [jointLog] [info] Finished optimizer[2024-08-15 18:47:35.622] [jointLog] [info] writing output 
            ]]></system-err>
        
    </testcase>
    
    <testcase classname="sailfish (Test #2)" name="1" time="41.69818663597107">
        
            
            <system-out><![CDATA[
            
            ]]></system-out>
            <system-err><![CDATA[
            Version Info: This is the most recent version of Sailfishwriting log to ./index_dir/logs/sailfish_index.logRapMap Indexer[Step 1 of 4] : counting k-mersElapsed time: 0.000819318sReplaced 0 non-ATCG nucleotidesClipped poly-A tails from 0 transcriptsBuilding rank-select dictionary and saving to disk doneElapsed time: 3.1683e-05sWriting sequence data to file . . . doneElapsed time: 5.6356e-05s[info] Building 32-bit suffix array (length of generalized text is 28577)Building suffix array . . . successsaving to disk . . . doneElapsed time: 0.00010071sdoneElapsed time: 0.00310098sprocessed 0 positionskhash had 18955 keyssaving hash to disk . . . doneElapsed time: 0.00139928sVersion Info: This is the most recent version of Sailfish# sailfish (quasi-mapping-based) v0.9.2# [ program ] => sailfish # [ command ] => quant # [ index ] => { ./index_dir }# [ mates1 ] => { /dev/fd/63 }# [ mates2 ] => { /dev/fd/62 }# [ libType ] => { IU }# [ output ] => { ./results }# [ threads ] => { 6 }# [ gcSizeSamp ] => { 1 }# [ gcSpeedSamp ] => { 1 }# [ fldMean ] => { 200 }# [ fldSD ] => { 80 }# [ maxReadOcc ] => { 200 }# [ maxFragLen ] => { 1000 }# [ txpAggregationKey ] => { gene_id }# [ numBiasSamples ] => { 1000000 }# [ numFragSamples ] => { 10000 }# [ numGibbsSamples ] => { 0 }# [ numBootstraps ] => { 0 }Logs will be written to ./results/logs[2024-08-15 18:48:19.116] [jointLog] [info] parsing read library formatthere is 1 libLoading 32-bit quasi indexIndex contained 15 targetsLoaded targets[2024-08-15 18:48:19.204] [jointLog] [info] Loading Quasi index[2024-08-15 18:48:19.207] [jointLog] [info] done[2024-08-15 18:48:19.227] [jointLog] [info] Gathered fragment lengths from all threads[2024-08-15 18:48:19.227] [jointLog] [warning] Sailfish saw fewer then 10000 uniquely mapped reads so 200 will be used as the mean fragment length and 80 as the standard deviation for effective length correction[2024-08-15 18:48:19.228] [jointLog] [info] Estimating effective lengthsDone Quasi-Mapping [2024-08-15 18:48:19.237] [jointLog] [info] Computed 21 rich equivalence classes for further processing[2024-08-15 18:48:19.237] [jointLog] [info] Counted 10000 total reads in the equivalence classes [2024-08-15 18:48:19.205] [stderrLog] [info] Loading Suffix Array [2024-08-15 18:48:19.205] [stderrLog] [info] Loading Position Hash[2024-08-15 18:48:19.205] [stderrLog] [info] Loading Transcript Info [2024-08-15 18:48:19.206] [stderrLog] [info] Loading Rank-Select Bit Array[2024-08-15 18:48:19.206] [stderrLog] [info] There were 15 set bits in the bit array[2024-08-15 18:48:19.206] [stderrLog] [info] Computing transcript lengths[2024-08-15 18:48:19.206] [stderrLog] [info] Waiting to finish loading hash[2024-08-15 18:48:19.207] [stderrLog] [info] Done loading index[2024-08-15 18:48:19.238] [jointLog] [info] Starting optimizer:[2024-08-15 18:48:19.238] [jointLog] [info] Optimizing over 21 equivalence classes[2024-08-15 18:48:19.238] [jointLog] [info] iteration = 0 | max rel diff. = 14.873[2024-08-15 18:48:19.238] [jointLog] [info] iteration = 64 | max rel diff. = 0.00117687[2024-08-15 18:48:19.238] [jointLog] [info] Finished optimizer[2024-08-15 18:48:19.238] [jointLog] [info] writing output 
            ]]></system-err>
        
    </testcase>
    
    <testcase classname="sailfish (Test #3)" name="2" time="41.78562068939209">
        
            
            <system-out><![CDATA[
            
            ]]></system-out>
            <system-err><![CDATA[
            Version Info: This is the most recent version of Sailfishwriting log to ./index_dir/logs/sailfish_index.logRapMap Indexer[Step 1 of 4] : counting k-mersElapsed time: 0.000848117sReplaced 0 non-ATCG nucleotidesClipped poly-A tails from 0 transcriptsBuilding rank-select dictionary and saving to disk doneElapsed time: 3.4032e-05sWriting sequence data to file . . . doneElapsed time: 5.7534e-05s[info] Building 32-bit suffix array (length of generalized text is 28577)Building suffix array . . . successsaving to disk . . . doneElapsed time: 0.000106267sdoneElapsed time: 0.00394749sprocessed 0 positionskhash had 18955 keyssaving hash to disk . . . doneElapsed time: 0.00143529sVersion Info: This is the most recent version of Sailfish# sailfish (quasi-mapping-based) v0.9.2# [ program ] => sailfish # [ command ] => quant # [ index ] => { ./index_dir }# [ mates1 ] => { ./mate1.fastq }# [ mates2 ] => { ./mate2.fastq }# [ libType ] => { IU }# [ output ] => { ./results }# [ biasCorrect ] => { }# [ threads ] => { 6 }# [ gcSizeSamp ] => { 1 }# [ gcSpeedSamp ] => { 1 }# [ fldMean ] => { 200 }# [ fldSD ] => { 80 }# [ maxReadOcc ] => { 200 }# [ maxFragLen ] => { 1000 }# [ txpAggregationKey ] => { gene_id }# [ numBiasSamples ] => { 1000000 }# [ numFragSamples ] => { 10000 }# [ numGibbsSamples ] => { 0 }# [ numBootstraps ] => { 0 }Logs will be written to ./results/logs[2024-08-15 18:49:01.051] [jointLog] [info] parsing read library formatthere is 1 libLoading 32-bit quasi indexIndex contained 15 targetsLoaded targets[2024-08-15 18:49:01.140] [jointLog] [info] Loading Quasi index[2024-08-15 18:49:01.143] [jointLog] [info] done[2024-08-15 18:49:01.168] [jointLog] [info] Gathered fragment lengths from all threads[2024-08-15 18:49:01.168] [jointLog] [warning] Sailfish saw fewer then 10000 uniquely mapped reads so 200 will be used as the mean fragment length and 80 as the standard deviation for effective length correction[2024-08-15 18:49:01.169] [jointLog] [info] Estimating effective lengthsDone Quasi-Mapping [2024-08-15 18:49:01.141] [stderrLog] [info] Loading Position Hash[2024-08-15 18:49:01.141] [stderrLog] [info] Loading Suffix Array [2024-08-15 18:49:01.142] [stderrLog] [info] Loading Transcript Info [2024-08-15 18:49:01.142] [stderrLog] [info] Loading Rank-Select Bit Array[2024-08-15 18:49:01.142] [stderrLog] [info] There were 15 set bits in the bit array[2024-08-15 18:49:01.142] [stderrLog] [info] Computing transcript lengths[2024-08-15 18:49:01.142] [stderrLog] [info] Waiting to finish loading hash[2024-08-15 18:49:01.143] [stderrLog] [info] Done loading index[2024-08-15 18:49:01.179] [jointLog] [info] Computed 21 rich equivalence classes for further processing[2024-08-15 18:49:01.179] [jointLog] [info] Counted 10000 total reads in the equivalence classes [2024-08-15 18:49:01.180] [jointLog] [info] Starting optimizer:[2024-08-15 18:49:01.180] [jointLog] [info] Optimizing over 21 equivalence classes[2024-08-15 18:49:01.180] [jointLog] [info] iteration = 0 | max rel diff. = 14.873[2024-08-15 18:49:01.180] [jointLog] [info] iteration 50, recomputing effective lengths[2024-08-15 18:49:01.182] [jointLog] [info] iteration = 63 | max rel diff. = 0.00199953[2024-08-15 18:49:01.182] [jointLog] [info] Finished optimizer[2024-08-15 18:49:01.182] [jointLog] [info] writing output 
            ]]></system-err>
        
    </testcase>
    
    <testcase classname="sailfish (Test #4)" name="3" time="11.39002013206482">
        
            <error type="error" message="Input staging problem: Job in error state.. tool_id: upload1, exit_code: None, stderr: ."><![CDATA[
                { "execution_problem": "Input staging problem: Job in error state.. tool_id: upload1, exit_code: None, stderr: .", "status": "error", "test_index": 3, "time_seconds": 11.39002013206482, "tool_id": "sailfish", "tool_version": "0.10.1.1"}
            ]]></error>
        
    </testcase>
    
    <testcase classname="samtools_mpileup (Test #1)" name="0" time="13.471181154251099">
        
            <error type="error" message="Input staging problem: Job in error state.. tool_id: upload1, exit_code: None, stderr: ."><![CDATA[
                { "execution_problem": "Input staging problem: Job in error state.. tool_id: upload1, exit_code: None, stderr: .", "status": "error", "test_index": 0, "time_seconds": 13.471181154251099, "tool_id": "samtools_mpileup", "tool_version": "2.1.4"}
            ]]></error>
        
    </testcase>
    
    <testcase classname="samtools_mpileup (Test #2)" name="1" time="40.64197587966919">
        
            
            <system-out><![CDATA[
            
            ]]></system-out>
            <system-err><![CDATA[
            [mpileup] 1 samples in 1 input files
            ]]></system-err>
        
    </testcase>
    
    <testcase classname="samtools_mpileup (Test #3)" name="2" time="35.01522922515869">
        
            
            <system-out><![CDATA[
            
            ]]></system-out>
            <system-err><![CDATA[
            [mpileup] 1 samples in 1 input files
            ]]></system-err>
        
    </testcase>
    
    <testcase classname="samtools_mpileup (Test #4)" name="3" time="36.90576171875">
        
            
            <system-out><![CDATA[
            
            ]]></system-out>
            <system-err><![CDATA[
            [mpileup] 1 samples in 1 input files
            ]]></system-err>
        
    </testcase>
    
    <testcase classname="samtools_mpileup (Test #5)" name="4" time="20.632243394851685">
        
            <error type="error" message="Input staging problem: Job in error state.. tool_id: upload1, exit_code: None, stderr: ."><![CDATA[
                { "execution_problem": "Input staging problem: Job in error state.. tool_id: upload1, exit_code: None, stderr: .", "status": "error", "test_index": 4, "time_seconds": 20.632243394851685, "tool_id": "samtools_mpileup", "tool_version": "2.1.4"}
            ]]></error>
        
    </testcase>
    
    <testcase classname="samtools_phase (Test #1)" name="0" time="41.051042318344116">
        
            
            <system-out><![CDATA[
            
            ]]></system-out>
            <system-err><![CDATA[
            
            ]]></system-err>
        
    </testcase>
    
    <testcase classname="samtools_phase (Test #1)" name="0" time="37.598093032836914">
        
            
            <system-out><![CDATA[
            
            ]]></system-out>
            <system-err><![CDATA[
            
            ]]></system-err>
        
    </testcase>
    
    <testcase classname="samtools_phase (Test #2)" name="1" time="37.198445081710815">
        
            
            <system-out><![CDATA[
            
            ]]></system-out>
            <system-err><![CDATA[
            
            ]]></system-err>
        
    </testcase>
    
    <testcase classname="samtools_phase (Test #2)" name="1" time="37.50351643562317">
        
            
            <system-out><![CDATA[
            
            ]]></system-out>
            <system-err><![CDATA[
            
            ]]></system-err>
        
    </testcase>
    
    <testcase classname="samtools_phase (Test #3)" name="2" time="36.22529721260071">
        
            
            <system-out><![CDATA[
            
            ]]></system-out>
            <system-err><![CDATA[
            
            ]]></system-err>
        
    </testcase>
    
    <testcase classname="samtools_phase (Test #3)" name="2" time="36.85874152183533">
        
            
            <system-out><![CDATA[
            
            ]]></system-out>
            <system-err><![CDATA[
            
            ]]></system-err>
        
    </testcase>
    
    <testcase classname="scanpy_normalize (Test #1)" name="0" time="59.8106963634491">
        
            
            <system-out><![CDATA[
            [n_obs  n_vars]-    640  11[obs]-    cell_type-    n_counts[uns]-    cell_type_colors-    highlights-    iroot
            ]]></system-out>
            <system-err><![CDATA[
            Observation names are not unique. To make them unique, call `.obs_names_make_unique`.
            ]]></system-err>
        
    </testcase>
    
    <testcase classname="scanpy_normalize (Test #2)" name="1" time="42.085824966430664">
        
            
            <system-out><![CDATA[
            [n_obs  n_vars]-    1000  998[obs]-    n_counts_all[var]-    n_counts-    mean-    std[uns]-    log1p
            ]]></system-out>
            <system-err><![CDATA[
            
            ]]></system-err>
        
    </testcase>
    
    <testcase classname="scanpy_normalize (Test #3)" name="2" time="40.66507840156555">
        
            
            <system-out><![CDATA[
            [n_obs  n_vars]-    100  1592[obs]-    paul15_clusters[uns]-    iroot-    log1p[obsm]-    X_pca
            ]]></system-out>
            <system-err><![CDATA[
            ... storing 'paul15_clusters' as categorical
            ]]></system-err>
        
    </testcase>
    
    <testcase classname="scanpy_normalize (Test #4)" name="3" time="42.29649090766907">
        
            
            <system-out><![CDATA[
            [n_obs  n_vars]-    1000  1[obs]-    n_counts_all-    n_genes[var]-    n_counts-    mean-    std-    n_cells[uns]-    log1p
            ]]></system-out>
            <system-err><![CDATA[
            WARNING: Some cells have total count of genes equal to zero
            ]]></system-err>
        
    </testcase>
    
    <testcase classname="scanpy_scale_data (Test #1)" name="0" time="0.2194042205810547">
        
            <error type="error" message="Input staging problem: Test input file (find_variable_genes.h5) cannot be found."><![CDATA[
                { "execution_problem": "Input staging problem: Test input file (find_variable_genes.h5) cannot be found.", "status": "error", "test_index": 0, "time_seconds": 0.2194042205810547, "tool_id": "scanpy_scale_data", "tool_version": "1.8.1+3+galaxy0"}
            ]]></error>
        
    </testcase>
    
    <testcase classname="scanpy_scale_data (Test #1)" name="0" time="0.21764373779296875">
        
            <error type="error" message="Input staging problem: Test input file (find_variable_genes.h5) cannot be found."><![CDATA[
                { "execution_problem": "Input staging problem: Test input file (find_variable_genes.h5) cannot be found.", "status": "error", "test_index": 0, "time_seconds": 0.21764373779296875, "tool_id": "scanpy_scale_data", "tool_version": "1.8.1+3+galaxy0"}
            ]]></error>
        
    </testcase>
    
    <testcase classname="snpeff_sars_cov_2 (Test #1)" name="0" time="58.50239443778992">
        
            
            <system-out><![CDATA[
            
            ]]></system-out>
            <system-err><![CDATA[
            
            ]]></system-err>
        
    </testcase>
    
    <testcase classname="vcf2tsv (Test #1)" name="0" time="42.489705324172974">
        
            
            <system-out><![CDATA[
            
            ]]></system-out>
            <system-err><![CDATA[
            
            ]]></system-err>
        
    </testcase>
    
    <testcase classname="vcf2tsv (Test #2)" name="1" time="35.37224531173706">
        
            
            <system-out><![CDATA[
            
            ]]></system-out>
            <system-err><![CDATA[
            
            ]]></system-err>
        
    </testcase>
    
    <testcase classname="vcfhethom (Test #1)" name="0" time="33.12252330780029">
        
            
            <system-out><![CDATA[
            
            ]]></system-out>
            <system-err><![CDATA[
            
            ]]></system-err>
        
    </testcase>
    
    <testcase classname="vcfhethom (Test #2)" name="1" time="35.272789478302">
        
            
            <system-out><![CDATA[
            
            ]]></system-out>
            <system-err><![CDATA[
            
            ]]></system-err>
        
    </testcase>
    
    <testcase classname="vcfhethom (Test #3)" name="2" time="34.249234199523926">
        
            
            <system-out><![CDATA[
            
            ]]></system-out>
            <system-err><![CDATA[
            
            ]]></system-err>
        
    </testcase>
    
    <testcase classname="volcanoplot (Test #1)" name="0" time="60.96514940261841">
        
            
            <system-out><![CDATA[
            [1] "Header row detected"null device           1 R version 4.0.5 (2021-03-31)Platform: x86_64-conda-linux-gnu (64-bit)Running under: Debian GNU/Linux 10 (buster)Matrix products: defaultBLAS/LAPACK: /usr/local/lib/libopenblasp-r0.3.15.solocale: [1] LC_CTYPE=C.UTF-8       LC_NUMERIC=C           LC_TIME=C.UTF-8        [4] LC_COLLATE=C.UTF-8     LC_MONETARY=C.UTF-8    LC_MESSAGES=C.UTF-8    [7] LC_PAPER=C.UTF-8       LC_NAME=C              LC_ADDRESS=C          [10] LC_TELEPHONE=C         LC_MEASUREMENT=C.UTF-8 LC_IDENTIFICATION=C   attached base packages:[1] stats     graphics  grDevices utils     datasets  methods   base     other attached packages:[1] ggrepel_0.9.1 ggplot2_3.3.3 dplyr_1.0.6  loaded via a namespace (and not attached): [1] Rcpp_1.0.6       magrittr_2.0.1   tidyselect_1.1.1 munsell_0.5.0    [5] colorspace_2.0-1 R6_2.5.0         rlang_0.4.11     fansi_0.5.0      [9] grid_4.0.5       gtable_0.3.0     utf8_1.2.1       withr_2.4.2     [13] ellipsis_0.3.2   digest_0.6.27    tibble_3.1.2     lifecycle_1.0.0 [17] crayon_1.4.1     purrr_0.3.4      farver_2.1.0     vctrs_0.3.8     [21] glue_1.4.2       labeling_0.4.2   compiler_4.0.5   pillar_1.6.1    [25] generics_0.1.0   scales_1.1.1     pkgconfig_2.0.3 
            ]]></system-out>
            <system-err><![CDATA[
            Warning message:In Sys.setlocale("LC_MESSAGES", "en_US.UTF-8") :  OS reports request to set locale to "en_US.UTF-8" cannot be honored
            ]]></system-err>
        
    </testcase>
    
    <testcase classname="volcanoplot (Test #2)" name="1" time="42.4521963596344">
        
            
            <system-out><![CDATA[
            [1] "Header row detected"null device           1 R version 4.0.5 (2021-03-31)Platform: x86_64-conda-linux-gnu (64-bit)Running under: Debian GNU/Linux 10 (buster)Matrix products: defaultBLAS/LAPACK: /usr/local/lib/libopenblasp-r0.3.15.solocale: [1] LC_CTYPE=C.UTF-8       LC_NUMERIC=C           LC_TIME=C.UTF-8        [4] LC_COLLATE=C.UTF-8     LC_MONETARY=C.UTF-8    LC_MESSAGES=C.UTF-8    [7] LC_PAPER=C.UTF-8       LC_NAME=C              LC_ADDRESS=C          [10] LC_TELEPHONE=C         LC_MEASUREMENT=C.UTF-8 LC_IDENTIFICATION=C   attached base packages:[1] stats     graphics  grDevices utils     datasets  methods   base     other attached packages:[1] ggrepel_0.9.1 ggplot2_3.3.3 dplyr_1.0.6  loaded via a namespace (and not attached): [1] Rcpp_1.0.6       magrittr_2.0.1   tidyselect_1.1.1 munsell_0.5.0    [5] colorspace_2.0-1 R6_2.5.0         rlang_0.4.11     fansi_0.5.0      [9] grid_4.0.5       gtable_0.3.0     utf8_1.2.1       withr_2.4.2     [13] ellipsis_0.3.2   digest_0.6.27    tibble_3.1.2     lifecycle_1.0.0 [17] crayon_1.4.1     purrr_0.3.4      farver_2.1.0     vctrs_0.3.8     [21] glue_1.4.2       labeling_0.4.2   compiler_4.0.5   pillar_1.6.1    [25] generics_0.1.0   scales_1.1.1     pkgconfig_2.0.3 
            ]]></system-out>
            <system-err><![CDATA[
            Warning message:In Sys.setlocale("LC_MESSAGES", "en_US.UTF-8") :  OS reports request to set locale to "en_US.UTF-8" cannot be honored
            ]]></system-err>
        
    </testcase>
    
    <testcase classname="volcanoplot (Test #3)" name="2" time="40.86796021461487">
        
            
            <system-out><![CDATA[
            null device           1 R version 4.0.5 (2021-03-31)Platform: x86_64-conda-linux-gnu (64-bit)Running under: Debian GNU/Linux 10 (buster)Matrix products: defaultBLAS/LAPACK: /usr/local/lib/libopenblasp-r0.3.15.solocale: [1] LC_CTYPE=C.UTF-8       LC_NUMERIC=C           LC_TIME=C.UTF-8        [4] LC_COLLATE=C.UTF-8     LC_MONETARY=C.UTF-8    LC_MESSAGES=C.UTF-8    [7] LC_PAPER=C.UTF-8       LC_NAME=C              LC_ADDRESS=C          [10] LC_TELEPHONE=C         LC_MEASUREMENT=C.UTF-8 LC_IDENTIFICATION=C   attached base packages:[1] stats     graphics  grDevices utils     datasets  methods   base     other attached packages:[1] ggrepel_0.9.1 ggplot2_3.3.3 dplyr_1.0.6  loaded via a namespace (and not attached): [1] Rcpp_1.0.6       magrittr_2.0.1   tidyselect_1.1.1 munsell_0.5.0    [5] colorspace_2.0-1 R6_2.5.0         rlang_0.4.11     fansi_0.5.0      [9] grid_4.0.5       gtable_0.3.0     utf8_1.2.1       withr_2.4.2     [13] ellipsis_0.3.2   digest_0.6.27    tibble_3.1.2     lifecycle_1.0.0 [17] crayon_1.4.1     purrr_0.3.4      farver_2.1.0     vctrs_0.3.8     [21] glue_1.4.2       labeling_0.4.2   compiler_4.0.5   pillar_1.6.1    [25] generics_0.1.0   scales_1.1.1     pkgconfig_2.0.3 
            ]]></system-out>
            <system-err><![CDATA[
            Warning message:In Sys.setlocale("LC_MESSAGES", "en_US.UTF-8") :  OS reports request to set locale to "en_US.UTF-8" cannot be honored
            ]]></system-err>
        
    </testcase>
    
</testsuite>