<?xml version="1.0" encoding="UTF-8"?>
<testsuite name="Results (powered by Planemo)"
           tests="90"
           errors="19"
           failures="5"
           skip="0">
    
    <testcase classname="bcftools_call (Test #1)" name="0" time="35.136598110198975">
        
            
            <system-out><![CDATA[
            
            ]]></system-out>
            <system-err><![CDATA[
            Note: none of --samples-file, --ploidy or --ploidy-file given, assuming all sites are diploid
            ]]></system-err>
        
    </testcase>
    
    <testcase classname="bcftools_call (Test #2)" name="1" time="32.52934169769287">
        
            
            <system-out><![CDATA[
            
            ]]></system-out>
            <system-err><![CDATA[
            Note: none of --samples-file, --ploidy or --ploidy-file given, assuming all sites are diploid
            ]]></system-err>
        
    </testcase>
    
    <testcase classname="bcftools_call (Test #3)" name="2" time="37.435699462890625">
        
            
            <system-out><![CDATA[
            
            ]]></system-out>
            <system-err><![CDATA[
            
            ]]></system-err>
        
    </testcase>
    
    <testcase classname="bcftools_call (Test #4)" name="3" time="35.01740264892578">
        
            
            <system-out><![CDATA[
            
            ]]></system-out>
            <system-err><![CDATA[
            
            ]]></system-err>
        
    </testcase>
    
    <testcase classname="bcftools_call (Test #5)" name="4" time="34.32920050621033">
        
            
            <system-out><![CDATA[
            
            ]]></system-out>
            <system-err><![CDATA[
            
            ]]></system-err>
        
    </testcase>
    
    <testcase classname="bcftools_call (Test #6)" name="5" time="32.90822792053223">
        
            
            <system-out><![CDATA[
            
            ]]></system-out>
            <system-err><![CDATA[
            Note: none of --samples-file, --ploidy or --ploidy-file given, assuming all sites are diploid
            ]]></system-err>
        
    </testcase>
    
    <testcase classname="bcftools_call (Test #7)" name="6" time="32.25512909889221">
        
            
            <system-out><![CDATA[
            
            ]]></system-out>
            <system-err><![CDATA[
            Note: none of --samples-file, --ploidy or --ploidy-file given, assuming all sites are diploid
            ]]></system-err>
        
    </testcase>
    
    <testcase classname="bcftools_call (Test #8)" name="7" time="34.12770700454712">
        
            
            <system-out><![CDATA[
            
            ]]></system-out>
            <system-err><![CDATA[
            Note: none of --samples-file, --ploidy or --ploidy-file given, assuming all sites are diploid
            ]]></system-err>
        
    </testcase>
    
    <testcase classname="bcftools_plugin_setgt (Test #1)" name="0" time="36.26819324493408">
        
            
            <system-out><![CDATA[
            
            ]]></system-out>
            <system-err><![CDATA[
            Filled 44 alleles
            ]]></system-err>
        
    </testcase>
    
    <testcase classname="bcftools_plugin_setgt (Test #2)" name="1" time="32.72042798995972">
        
            
            <system-out><![CDATA[
            
            ]]></system-out>
            <system-err><![CDATA[
            Filled 0 alleles
            ]]></system-err>
        
    </testcase>
    
    <testcase classname="deeptools_plot_heatmap (Test #1)" name="0" time="19.05641269683838">
        
            <error type="error" message="Input staging problem: Job in error state.. tool_id: upload1, exit_code: None, stderr: ."><![CDATA[
                { "execution_problem": "Input staging problem: Job in error state.. tool_id: upload1, exit_code: None, stderr: .", "status": "error", "test_index": 0, "time_seconds": 19.05641269683838, "tool_id": "deeptools_plot_heatmap", "tool_version": "3.5.4+galaxy0"}
            ]]></error>
        
    </testcase>
    
    <testcase classname="deeptools_plot_heatmap (Test #2)" name="1" time="78.5141806602478">
        
            
            <system-out><![CDATA[
            
            ]]></system-out>
            <system-err><![CDATA[
            
            ]]></system-err>
        
    </testcase>
    
    <testcase classname="deeptools_plot_profile (Test #1)" name="0" time="10.567928314208984">
        
            <error type="error" message="Input staging problem: Job in error state.. tool_id: upload1, exit_code: None, stderr: ."><![CDATA[
                { "execution_problem": "Input staging problem: Job in error state.. tool_id: upload1, exit_code: None, stderr: .", "status": "error", "test_index": 0, "time_seconds": 10.567928314208984, "tool_id": "deeptools_plot_profile", "tool_version": "3.5.4+galaxy0"}
            ]]></error>
        
    </testcase>
    
    <testcase classname="deeptools_plot_profile (Test #2)" name="1" time="35.318169593811035">
        
            
            <system-out><![CDATA[
            
            ]]></system-out>
            <system-err><![CDATA[
            
            ]]></system-err>
        
    </testcase>
    
    <testcase classname="dropletutils (Test #1)" name="0" time="11.858132123947144">
        
            <error type="error" message="Input staging problem: Job in error state.. tool_id: upload1, exit_code: None, stderr: ."><![CDATA[
                { "execution_problem": "Input staging problem: Job in error state.. tool_id: upload1, exit_code: None, stderr: .", "status": "error", "test_index": 0, "time_seconds": 11.858132123947144, "tool_id": "dropletutils", "tool_version": "1.10.0+galaxy2"}
            ]]></error>
        
    </testcase>
    
    <testcase classname="dropletutils (Test #1)" name="0" time="46.94985318183899">
        
            
            <system-out><![CDATA[
            
            ]]></system-out>
            <system-err><![CDATA[
            Error in print.default(ifelse(is.na(y), NA_character_, sQuote(y)), quote = FALSE,  :   ignoring SIGPIPE signalCalls: <Anonymous> -> print.numeric_version -> print -> print.defaultExecution haltedCells: 1025
            ]]></system-err>
        
    </testcase>
    
    <testcase classname="dropletutils (Test #2)" name="1" time="21.58977699279785">
        
            <error type="error" message="Input staging problem: Job in error state.. tool_id: upload1, exit_code: None, stderr: ."><![CDATA[
                { "execution_problem": "Input staging problem: Job in error state.. tool_id: upload1, exit_code: None, stderr: .", "status": "error", "test_index": 1, "time_seconds": 21.58977699279785, "tool_id": "dropletutils", "tool_version": "1.10.0+galaxy2"}
            ]]></error>
        
    </testcase>
    
    <testcase classname="dropletutils (Test #2)" name="1" time="12.186685562133789">
        
            <error type="error" message="Input staging problem: Job in error state.. tool_id: upload1, exit_code: None, stderr: ."><![CDATA[
                { "execution_problem": "Input staging problem: Job in error state.. tool_id: upload1, exit_code: None, stderr: .", "status": "error", "test_index": 1, "time_seconds": 12.186685562133789, "tool_id": "dropletutils", "tool_version": "1.10.0+galaxy2"}
            ]]></error>
        
    </testcase>
    
    <testcase classname="dropletutils (Test #3)" name="2" time="72.23344945907593">
        
            
            <system-out><![CDATA[
            [1] "knee = 324 , inflection =  151"
            ]]></system-out>
            <system-err><![CDATA[
            Error in print.default(ifelse(is.na(y), NA_character_, sQuote(y)), quote = FALSE,  :   ignoring SIGPIPE signalCalls: <Anonymous> -> print.numeric_version -> print -> print.defaultExecution haltedWarning message:In xy.coords(x, y, xlabel, ylabel, log) :  7432 y values <= 0 omitted from logarithmic plot
            ]]></system-err>
        
    </testcase>
    
    <testcase classname="dropletutils (Test #3)" name="2" time="45.71310234069824">
        
            
            <system-out><![CDATA[
            [1] "knee = 324 , inflection =  151"
            ]]></system-out>
            <system-err><![CDATA[
            Error in print.default(ifelse(is.na(y), NA_character_, sQuote(y)), quote = FALSE,  :   ignoring SIGPIPE signalCalls: <Anonymous> -> print.numeric_version -> print -> print.defaultExecution haltedWarning message:In xy.coords(x, y, xlabel, ylabel, log) :  7432 y values <= 0 omitted from logarithmic plot
            ]]></system-err>
        
    </testcase>
    
    <testcase classname="dropletutils (Test #4)" name="3" time="53.34187650680542">
        
            
            <system-out><![CDATA[
            [1] "Cell Library Size Distribution:"   Min. 1st Qu.  Median    Mean 3rd Qu.    Max.    0.00    0.00    0.00   46.53    3.00 1153.00 
            ]]></system-out>
            <system-err><![CDATA[
            Error in print.default(ifelse(is.na(y), NA_character_, sQuote(y)), quote = FALSE,  :   ignoring SIGPIPE signalCalls: <Anonymous> -> print.numeric_version -> print -> print.defaultExecution haltedCells: 998Cells and Limited: 998
            ]]></system-err>
        
    </testcase>
    
    <testcase classname="dropletutils (Test #4)" name="3" time="48.310548543930054">
        
            
            <system-out><![CDATA[
            [1] "Cell Library Size Distribution:"   Min. 1st Qu.  Median    Mean 3rd Qu.    Max.    0.00    0.00    0.00   46.53    3.00 1153.00 
            ]]></system-out>
            <system-err><![CDATA[
            Error in print.default(ifelse(is.na(y), NA_character_, sQuote(y)), quote = FALSE,  :   ignoring SIGPIPE signalCalls: <Anonymous> -> print.numeric_version -> print -> print.defaultExecution haltedCells: 998Cells and Limited: 998
            ]]></system-err>
        
    </testcase>
    
    <testcase classname="dropletutils (Test #5)" name="4" time="44.89320397377014">
        
            
            <system-out><![CDATA[
            [1] "Cell Library Size Distribution:"   Min. 1st Qu.  Median    Mean 3rd Qu.    Max.     0.0     8.0    20.0   114.3    46.0  2347.0 
            ]]></system-out>
            <system-err><![CDATA[
            Error in print.default(ifelse(is.na(y), NA_character_, sQuote(y)), quote = FALSE,  :   ignoring SIGPIPE signalCalls: <Anonymous> -> print.numeric_version -> print -> print.defaultExecution haltedCells: 954Cells and Limited: 85
            ]]></system-err>
        
    </testcase>
    
    <testcase classname="dropletutils (Test #5)" name="4" time="45.94258713722229">
        
            
            <system-out><![CDATA[
            [1] "Cell Library Size Distribution:"   Min. 1st Qu.  Median    Mean 3rd Qu.    Max.     0.0     8.0    20.0   114.3    46.0  2347.0 
            ]]></system-out>
            <system-err><![CDATA[
            Error in print.default(ifelse(is.na(y), NA_character_, sQuote(y)), quote = FALSE,  :   ignoring SIGPIPE signalCalls: <Anonymous> -> print.numeric_version -> print -> print.defaultExecution haltedCells: 954Cells and Limited: 85
            ]]></system-err>
        
    </testcase>
    
    <testcase classname="dropletutils (Test #6)" name="5" time="43.56763958930969">
        
            
            <system-out><![CDATA[
            
            ]]></system-out>
            <system-err><![CDATA[
            Error in print.default(ifelse(is.na(y), NA_character_, sQuote(y)), quote = FALSE,  :   ignoring SIGPIPE signalCalls: <Anonymous> -> print.numeric_version -> print -> print.defaultExecution haltedCells: 2650
            ]]></system-err>
        
    </testcase>
    
    <testcase classname="dropletutils (Test #6)" name="5" time="43.758410930633545">
        
            
            <system-out><![CDATA[
            
            ]]></system-out>
            <system-err><![CDATA[
            Error in print.default(ifelse(is.na(y), NA_character_, sQuote(y)), quote = FALSE,  :   ignoring SIGPIPE signalCalls: <Anonymous> -> print.numeric_version -> print -> print.defaultExecution haltedCells: 2650
            ]]></system-err>
        
    </testcase>
    
    <testcase classname="fastp (Test #1)" name="0" time="35.86609649658203">
        
            
            <system-out><![CDATA[
            
            ]]></system-out>
            <system-err><![CDATA[
            Detecting adapter sequence for read1...No adapter detected for read1Read1 before filtering:total reads: 2total bases: 302Q20 bases: 262(86.755%)Q30 bases: 241(79.8013%)Read1 after filtering:total reads: 2total bases: 302Q20 bases: 262(86.755%)Q30 bases: 241(79.8013%)Filtering result:reads passed filter: 2reads failed due to low quality: 0reads failed due to too many N: 0reads failed due to too short: 0reads with adapter trimmed: 0bases trimmed due to adapters: 0Duplication rate (may be overestimated since this is SE data): 0%JSON report: fastp.jsonHTML report: fastp.htmlfastp --thread 4 --report_title fastp report for R1_fq.fastq -i R1_fq.fastq -o first.fastq fastp v0.23.4, time used: 0 seconds
            ]]></system-err>
        
    </testcase>
    
    <testcase classname="fastp (Test #2)" name="1" time="35.578789472579956">
        
            
            <system-out><![CDATA[
            
            ]]></system-out>
            <system-err><![CDATA[
            Read1 before filtering:total reads: 99total bases: 24849Q20 bases: 23268(93.6376%)Q30 bases: 22391(90.1083%)Read2 before filtering:total reads: 99total bases: 24849Q20 bases: 22676(91.2552%)Q30 bases: 21532(86.6514%)Read1 after filtering:total reads: 97total bases: 22942Q20 bases: 21680(94.4992%)Q30 bases: 20981(91.4524%)Read2 after filtering:total reads: 97total bases: 22942Q20 bases: 21535(93.8671%)Q30 bases: 20672(90.1055%)Filtering result:reads passed filter: 194reads failed due to low quality: 2reads failed due to too many N: 2reads failed due to too short: 0reads with adapter trimmed: 68bases trimmed due to adapters: 2824Duplication rate: 0%Insert size peak (evaluated by paired-end reads): 308JSON report: fastp.jsonHTML report: fastp.htmlfastp --thread 4 --report_title fastp report for Unnamed Collection.fastq -i Unnamed Collection.fastq -o first.fastq -I Unnamed Collection_R2.fastq -O second.fastq fastp v0.23.4, time used: 0 seconds
            ]]></system-err>
        
    </testcase>
    
    <testcase classname="fastp (Test #11)" name="10" time="32.05264687538147">
        
            
            <system-out><![CDATA[
            
            ]]></system-out>
            <system-err><![CDATA[
            Detecting adapter sequence for read1...No adapter detected for read1Read1 before filtering:total reads: 2total bases: 302Q20 bases: 262(86.755%)Q30 bases: 241(79.8013%)Read1 after filtering:total reads: 2total bases: 302Q20 bases: 262(86.755%)Q30 bases: 241(79.8013%)Filtering result:reads passed filter: 2reads failed due to low quality: 0reads failed due to too many N: 0reads failed due to too short: 0reads with adapter trimmed: 0bases trimmed due to adapters: 0reads with polyX in 3' end: 0bases trimmed in polyX tail: 0Duplication rate (may be overestimated since this is SE data): 0%JSON report: fastp.jsonHTML report: fastp.htmlfastp --thread 4 --report_title fastp report for R1_fq_gz.fastq.gz -i R1_fq_gz.fastq.gz -o first.fastq.gz -x --poly_x_min_len 10 fastp v0.23.4, time used: 1 seconds
            ]]></system-err>
        
    </testcase>
    
    <testcase classname="fastp (Test #12)" name="11" time="32.638360023498535">
        
            
            <system-out><![CDATA[
            
            ]]></system-out>
            <system-err><![CDATA[
            WARNNIG: different read numbers of the 0 packRead1 pack size: 99Read2 pack size: 100ERROR: input files don't contain identical amount of reads
            ]]></system-err>
        
    </testcase>
    
    <testcase classname="fastp (Test #3)" name="2" time="33.806811571121216">
        
            
            <system-out><![CDATA[
            
            ]]></system-out>
            <system-err><![CDATA[
            Read1 before filtering:total reads: 2total bases: 302Q20 bases: 262(86.755%)Q30 bases: 241(79.8013%)Read1 after filtering:total reads: 1total bases: 151Q20 bases: 114(75.4967%)Q30 bases: 98(64.9007%)Filtering result:reads passed filter: 1reads failed due to low quality: 0reads failed due to too many N: 0reads failed due to too short: 1reads with adapter trimmed: 1bases trimmed due to adapters: 139Duplication rate (may be overestimated since this is SE data): 0%JSON report: fastp.jsonHTML report: fastp.htmlfastp --thread 4 --report_title fastp report for R1_fq.fastq -i R1_fq.fastq -o first.fastq --adapter_sequence ATCG fastp v0.23.4, time used: 1 seconds
            ]]></system-err>
        
    </testcase>
    
    <testcase classname="fastp (Test #4)" name="3" time="10.447540760040283">
        
            <error type="error" message="Input staging problem: Job in error state.. tool_id: upload1, exit_code: None, stderr: ."><![CDATA[
                { "execution_problem": "Input staging problem: Job in error state.. tool_id: upload1, exit_code: None, stderr: .", "status": "error", "test_index": 3, "time_seconds": 10.447540760040283, "tool_id": "fastp", "tool_version": "0.23.4+galaxy1"}
            ]]></error>
        
    </testcase>
    
    <testcase classname="fastp (Test #5)" name="4" time="32.22854423522949">
        
            
            <system-out><![CDATA[
            
            ]]></system-out>
            <system-err><![CDATA[
            Detecting adapter sequence for read1...No adapter detected for read1Read1 before filtering:total reads: 2total bases: 302Q20 bases: 262(86.755%)Q30 bases: 241(79.8013%)Read1 after filtering:total reads: 2total bases: 278Q20 bases: 239(85.9712%)Q30 bases: 220(79.1367%)Filtering result:reads passed filter: 2reads failed due to low quality: 0reads failed due to too many N: 0reads failed due to too short: 0reads with adapter trimmed: 0bases trimmed due to adapters: 0Duplication rate (may be overestimated since this is SE data): 0%JSON report: fastp.jsonHTML report: fastp.htmlfastp --thread 4 --report_title fastp report for R1_fq.fastq -i R1_fq.fastq -o first.fastq -U --umi_loc read1 --umi_len 12 fastp v0.23.4, time used: 1 seconds
            ]]></system-err>
        
    </testcase>
    
    <testcase classname="fastp (Test #6)" name="5" time="35.51468563079834">
        
            
            <system-out><![CDATA[
            
            ]]></system-out>
            <system-err><![CDATA[
            Read1 before filtering:total reads: 99total bases: 24849Q20 bases: 23268(93.6376%)Q30 bases: 22391(90.1083%)Read2 before filtering:total reads: 99total bases: 24849Q20 bases: 22676(91.2552%)Q30 bases: 21532(86.6514%)Read1 after filtering:total reads: 97total bases: 22942Q20 bases: 21680(94.4992%)Q30 bases: 20981(91.4524%)Read2 after filtering:total reads: 97total bases: 22942Q20 bases: 21535(93.8671%)Q30 bases: 20672(90.1055%)Filtering result:reads passed filter: 194reads failed due to low quality: 2reads failed due to too many N: 2reads failed due to too short: 0reads with adapter trimmed: 68bases trimmed due to adapters: 2824Duplication rate: 0%Insert size peak (evaluated by paired-end reads): 308JSON report: fastp.jsonHTML report: fastp.htmlfastp --thread 4 --report_title fastp report for bwa-mem-fastq1_fq.fastq -i bwa-mem-fastq1_fq.fastq -o first.fastq -I bwa-mem-fastq2_fq_R2.fastq -O second.fastq fastp v0.23.4, time used: 0 seconds
            ]]></system-err>
        
    </testcase>
    
    <testcase classname="fastp (Test #7)" name="6" time="35.91467618942261">
        
            
            <system-out><![CDATA[
            
            ]]></system-out>
            <system-err><![CDATA[
            Read1 before filtering:total reads: 99total bases: 24849Q20 bases: 23268(93.6376%)Q30 bases: 22391(90.1083%)Read2 before filtering:total reads: 99total bases: 24849Q20 bases: 22676(91.2552%)Q30 bases: 21532(86.6514%)Read1 after filtering:total reads: 97total bases: 22166Q20 bases: 20935(94.4464%)Q30 bases: 20255(91.3787%)Read2 after filtering:total reads: 97total bases: 22646Q20 bases: 21284(93.9857%)Q30 bases: 20447(90.2897%)Filtering result:reads passed filter: 194reads failed due to low quality: 2reads failed due to too many N: 2reads failed due to too short: 0reads with adapter trimmed: 76bases trimmed due to adapters: 3128Duplication rate: 0%Insert size peak (evaluated by paired-end reads): 243JSON report: fastp.jsonHTML report: fastp.htmlfastp --thread 4 --report_title fastp report for bwa-mem-fastq1_fq.fastq -i bwa-mem-fastq1_fq.fastq -o first.fastq -I bwa-mem-fastq2_fq_R2.fastq -O second.fastq -U --umi_loc read1 --umi_len 8 fastp v0.23.4, time used: 0 seconds
            ]]></system-err>
        
    </testcase>
    
    <testcase classname="fastp (Test #8)" name="7" time="34.16582417488098">
        
            
            <system-out><![CDATA[
            
            ]]></system-out>
            <system-err><![CDATA[
            Read1 before filtering:total reads: 99total bases: 24849Q20 bases: 23268(93.6376%)Q30 bases: 22391(90.1083%)Read2 before filtering:total reads: 99total bases: 24849Q20 bases: 22676(91.2552%)Q30 bases: 21532(86.6514%)Read1 after filtering:total reads: 97total bases: 22678Q20 bases: 21439(94.5366%)Q30 bases: 20756(91.5248%)Read2 after filtering:total reads: 97total bases: 22166Q20 bases: 20766(93.684%)Q30 bases: 19910(89.8223%)Filtering result:reads passed filter: 194reads failed due to low quality: 2reads failed due to too many N: 2reads failed due to too short: 0reads with adapter trimmed: 68bases trimmed due to adapters: 3096Duplication rate: 0%Insert size peak (evaluated by paired-end reads): 300JSON report: fastp.jsonHTML report: fastp.htmlfastp --thread 4 --report_title fastp report for bwa-mem-fastq1_fq.fastq -i bwa-mem-fastq1_fq.fastq -o first.fastq -I bwa-mem-fastq2_fq_R2.fastq -O second.fastq -U --umi_loc read2 --umi_len 8 fastp v0.23.4, time used: 1 seconds
            ]]></system-err>
        
    </testcase>
    
    <testcase classname="fastp (Test #9)" name="8" time="33.18852949142456">
        
            
            <system-out><![CDATA[
            
            ]]></system-out>
            <system-err><![CDATA[
            Detecting adapter sequence for read1...No adapter detected for read1Read1 before filtering:total reads: 2total bases: 302Q20 bases: 262(86.755%)Q30 bases: 241(79.8013%)Read1 after filtering:total reads: 2total bases: 302Q20 bases: 262(86.755%)Q30 bases: 241(79.8013%)Filtering result:reads passed filter: 2reads failed due to low quality: 0reads failed due to too many N: 0reads failed due to too short: 0reads with adapter trimmed: 0bases trimmed due to adapters: 0Duplication rate (may be overestimated since this is SE data): 0%JSON report: fastp.jsonHTML report: fastp.htmlfastp --thread 4 --report_title fastp report for R1_fq.fastq -i R1_fq.fastq -o first.fastq fastp v0.23.4, time used: 1 seconds
            ]]></system-err>
        
    </testcase>
    
    <testcase classname="fastp (Test #10)" name="9" time="33.369038105010986">
        
            
            <system-out><![CDATA[
            
            ]]></system-out>
            <system-err><![CDATA[
            Detecting adapter sequence for read1...No adapter detected for read1Read1 before filtering:total reads: 2total bases: 302Q20 bases: 262(86.755%)Q30 bases: 241(79.8013%)Read1 after filtering:total reads: 2total bases: 302Q20 bases: 262(86.755%)Q30 bases: 241(79.8013%)Filtering result:reads passed filter: 2reads failed due to low quality: 0reads failed due to too many N: 0reads failed due to too short: 0reads with adapter trimmed: 0bases trimmed due to adapters: 0Duplication rate (may be overestimated since this is SE data): 0%JSON report: fastp.jsonHTML report: fastp.htmlfastp --thread 4 --report_title fastp report for R1_fq_gz.fastq.gz -i R1_fq_gz.fastq.gz -o first.fastq.gz --poly_g_min_len 10 -g fastp v0.23.4, time used: 0 seconds
            ]]></system-err>
        
    </testcase>
    
    <testcase classname="pharmcat (Test #1)" name="0" time="96.9203691482544">
        
            
            <system-out><![CDATA[
            
            ]]></system-out>
            <system-err><![CDATA[
            Picked up _JAVA_OPTIONS: -Xmx4G -Xms1G
            ]]></system-err>
        
    </testcase>
    
    <testcase classname="pharmcat (Test #2)" name="1" time="34.89719271659851">
        
            
            <system-out><![CDATA[
            
            ]]></system-out>
            <system-err><![CDATA[
            Picked up _JAVA_OPTIONS: -Xmx4G -Xms1G
            ]]></system-err>
        
    </testcase>
    
    <testcase classname="pharmcat (Test #3)" name="2" time="36.1389696598053">
        
            
            <system-out><![CDATA[
            
            ]]></system-out>
            <system-err><![CDATA[
            Picked up _JAVA_OPTIONS: -Xmx4G -Xms1G
            ]]></system-err>
        
    </testcase>
    
    <testcase classname="pharmcat (Test #4)" name="3" time="12.290445804595947">
        
            <error type="error" message="Input staging problem: Job in error state.. tool_id: upload1, exit_code: None, stderr: ."><![CDATA[
                { "execution_problem": "Input staging problem: Job in error state.. tool_id: upload1, exit_code: None, stderr: .", "status": "error", "test_index": 3, "time_seconds": 12.290445804595947, "tool_id": "pharmcat", "tool_version": "1.7.0+galaxy0"}
            ]]></error>
        
    </testcase>
    
    <testcase classname="pharmcat (Test #5)" name="4" time="34.49769043922424">
        
            
            <system-out><![CDATA[
            
            ]]></system-out>
            <system-err><![CDATA[
            Picked up _JAVA_OPTIONS: -Xmx4G -Xms1G
            ]]></system-err>
        
    </testcase>
    
    <testcase classname="poretools_events (Test #1)" name="0" time="56.118722915649414">
        
            
                <error type="error" message="Tool exit code: 1"><![CDATA[
                    { "inputs": {  "input": {   "id": "bc795f6b6148ee47",   "src": "hda"  },  "precalled": false }, "job": {  "command_line": "poretools events  \u0027/galaxy/server/database/objects/3/b/3/dataset_3b3f47ad-e6e3-4c13-ae60-f423b3b172f0.dat\u0027 \u003e \u0027/galaxy/server/database/objects/a/9/8/dataset_a982b274-bbdf-47a5-abaa-3a7101b7d172.dat\u0027",  "command_version": "",  "copied_from_job_id": null,  "create_time": "2024-09-29T18:41:10.395246",  "dependencies": [],  "exit_code": 1,  "external_id": "gxy-2j892",  "galaxy_version": "24.1",  "handler": null,  "history_id": "2e041cf72b73a6bd",  "id": "ac6a803ec93d6162",  "inputs": {   "input": {    "id": "bc795f6b6148ee47",    "src": "hda",    "uuid": "3b3f47ad-e6e3-4c13-ae60-f423b3b172f0"   }  },  "job_messages": [   {    "code_desc": "",    "desc": "Fatal error: Exit code 1 ()",    "error_level": 3,    "exit_code": 1,    "type": "exit_code"   },   {    "code_desc": "",    "desc": "Fatal error: ",    "error_level": 3,    "match": "Error:",    "stream": "stderr",    "type": "regex"   }  ],  "job_metrics": [   {    "name": "galaxy_slots",    "plugin": "core",    "raw_value": "1.0000000",    "title": "Cores Allocated",    "value": "1"   },   {    "name": "galaxy_memory_mb",    "plugin": "core",    "raw_value": "12240.0000000",    "title": "Memory Allocated (MB)",    "value": "12240"   },   {    "name": "start_epoch",    "plugin": "core",    "raw_value": "1727635286.0000000",    "title": "Job Start Time",    "value": "2024-09-29 18:41:26"   },   {    "name": "end_epoch",    "plugin": "core",    "raw_value": "1727635287.0000000",    "title": "Job End Time",    "value": "2024-09-29 18:41:27"   },   {    "name": "runtime_seconds",    "plugin": "core",    "raw_value": "1.0000000",    "title": "Job Runtime (Wall Clock)",    "value": "1 second"   }  ],  "job_runner_name": null,  "job_stderr": "",  "job_stdout": "",  "model_class": "Job",  "output_collections": {},  "outputs": {   "output": {    "id": "a1835bd973f20983",    "src": "hda",    "uuid": "a982b274-bbdf-47a5-abaa-3a7101b7d172"   }  },  "params": {   "__input_ext": "\"fast5.tar\"",   "chromInfo": "\"/cvmfs/data.galaxyproject.org/managed/len/ucsc/?.len\"",   "dbkey": "\"?\"",   "precalled": "false"  },  "state": "error",  "stderr": "Traceback (most recent call last):\n  File \"/usr/local/bin/poretools\", line 11, in \u003cmodule\u003e\n    load_entry_point(\u0027poretools==0.6.0\u0027, \u0027console_scripts\u0027, \u0027poretools\u0027)()\n  File \"/usr/local/lib/python2.7/site-packages/poretools/poretools_main.py\", line 543, in main\n    args.func(parser, args)\n  File \"/usr/local/lib/python2.7/site-packages/poretools/poretools_main.py\", line 55, in run_subtool\n    submodule.run(parser, args)\n  File \"/usr/local/lib/python2.7/site-packages/poretools/events.py\", line 17, in run\n    for fast5 in Fast5File.Fast5FileSet(args.files):\n  File \"/usr/local/lib/python2.7/site-packages/poretools/Fast5File.py\", line 110, in next\n    shutil.rmtree(PORETOOLS_TMPDIR)\n  File \"/usr/local/lib/python2.7/shutil.py\", line 261, in rmtree\n    rmtree(fullname, ignore_errors, onerror)\n  File \"/usr/local/lib/python2.7/shutil.py\", line 270, in rmtree\n    onerror(os.rmdir, path, sys.exc_info())\n  File \"/usr/local/lib/python2.7/shutil.py\", line 268, in rmtree\n    os.rmdir(path)\nOSError: [Errno 39] Directory not empty: \u0027.poretools_tmp/test-data\u0027\n",  "stdout": "",  "tool_id": "toolshed.g2.bx.psu.edu/repos/iuc/poretools_events/poretools_events/0.6.1a1.1",  "tool_stderr": "Traceback (most recent call last):\n  File \"/usr/local/bin/poretools\", line 11, in \u003cmodule\u003e\n    load_entry_point(\u0027poretools==0.6.0\u0027, \u0027console_scripts\u0027, \u0027poretools\u0027)()\n  File \"/usr/local/lib/python2.7/site-packages/poretools/poretools_main.py\", line 543, in main\n    args.func(parser, args)\n  File \"/usr/local/lib/python2.7/site-packages/poretools/poretools_main.py\", line 55, in run_subtool\n    submodule.run(parser, args)\n  File \"/usr/local/lib/python2.7/site-packages/poretools/events.py\", line 17, in run\n    for fast5 in Fast5File.Fast5FileSet(args.files):\n  File \"/usr/local/lib/python2.7/site-packages/poretools/Fast5File.py\", line 110, in next\n    shutil.rmtree(PORETOOLS_TMPDIR)\n  File \"/usr/local/lib/python2.7/shutil.py\", line 261, in rmtree\n    rmtree(fullname, ignore_errors, onerror)\n  File \"/usr/local/lib/python2.7/shutil.py\", line 270, in rmtree\n    onerror(os.rmdir, path, sys.exc_info())\n  File \"/usr/local/lib/python2.7/shutil.py\", line 268, in rmtree\n    os.rmdir(path)\nOSError: [Errno 39] Directory not empty: \u0027.poretools_tmp/test-data\u0027\n",  "tool_stdout": "",  "update_time": "2024-09-29T18:41:45.652895",  "user_email": "tests@fake.org" }, "output_problems": [  "Job in error state.. tool_id: toolshed.g2.bx.psu.edu/repos/iuc/poretools_events/poretools_events/0.6.1a1.1, exit_code: 1, stderr: Traceback (most recent call last):\n  File \"/usr/local/bin/poretools\", line 11, in \u003cmodule\u003e\n    load_entry_point(\u0027poretools==0.6.0\u0027, \u0027console_scripts\u0027, \u0027poretools\u0027)()\n  File \"/usr/local/lib/python2.7/site-packages/poretools/poretools_main.py\", line 543, in main\n    args.func(parser, args)\n  File \"/usr/local/lib/python2.7/site-packages/poretools/poretools_main.py\", line 55, in run_subtool\n    submodule.run(parser, args)\n  File \"/usr/local/lib/python2.7/site-packages/poretools/events.py\", line 17, in run\n    for fast5 in Fast5File.Fast5FileSet(args.files):\n  File \"/usr/local/lib/python2.7/site-packages/poretools/Fast5File.py\", line 110, in next\n    shutil.rmtree(PORETOOLS_TMPDIR)\n  File \"/usr/local/lib/python2.7/shutil.py\", line 261, in rmtree\n    rmtree(fullname, ignore_errors, onerror)\n  File \"/usr/local/lib/python2.7/shutil.py\", line 270, in rmtree\n    onerror(os.rmdir, path, sys.exc_info())\n  File \"/usr/local/lib/python2.7/shutil.py\", line 268, in rmtree\n    os.rmdir(path)\nOSError: [Errno 39] Directory not empty: \u0027.poretools_tmp/test-data\u0027\n.",  "Job in error state.. tool_id: toolshed.g2.bx.psu.edu/repos/iuc/poretools_events/poretools_events/0.6.1a1.1, exit_code: 1, stderr: Traceback (most recent call last):\n  File \"/usr/local/bin/poretools\", line 11, in \u003cmodule\u003e\n    load_entry_point(\u0027poretools==0.6.0\u0027, \u0027console_scripts\u0027, \u0027poretools\u0027)()\n  File \"/usr/local/lib/python2.7/site-packages/poretools/poretools_main.py\", line 543, in main\n    args.func(parser, args)\n  File \"/usr/local/lib/python2.7/site-packages/poretools/poretools_main.py\", line 55, in run_subtool\n    submodule.run(parser, args)\n  File \"/usr/local/lib/python2.7/site-packages/poretools/events.py\", line 17, in run\n    for fast5 in Fast5File.Fast5FileSet(args.files):\n  File \"/usr/local/lib/python2.7/site-packages/poretools/Fast5File.py\", line 110, in next\n    shutil.rmtree(PORETOOLS_TMPDIR)\n  File \"/usr/local/lib/python2.7/shutil.py\", line 261, in rmtree\n    rmtree(fullname, ignore_errors, onerror)\n  File \"/usr/local/lib/python2.7/shutil.py\", line 270, in rmtree\n    onerror(os.rmdir, path, sys.exc_info())\n  File \"/usr/local/lib/python2.7/shutil.py\", line 268, in rmtree\n    os.rmdir(path)\nOSError: [Errno 39] Directory not empty: \u0027.poretools_tmp/test-data\u0027\n." ], "status": "failure", "test_index": 0, "time_seconds": 56.118722915649414, "tool_id": "poretools_events", "tool_version": "0.6.1a1.1"}
                ]]></error>
            
            <system-out><![CDATA[
            
            ]]></system-out>
            <system-err><![CDATA[
            Traceback (most recent call last):  File "/usr/local/bin/poretools", line 11, in <module>    load_entry_point('poretools==0.6.0', 'console_scripts', 'poretools')()  File "/usr/local/lib/python2.7/site-packages/poretools/poretools_main.py", line 543, in main    args.func(parser, args)  File "/usr/local/lib/python2.7/site-packages/poretools/poretools_main.py", line 55, in run_subtool    submodule.run(parser, args)  File "/usr/local/lib/python2.7/site-packages/poretools/events.py", line 17, in run    for fast5 in Fast5File.Fast5FileSet(args.files):  File "/usr/local/lib/python2.7/site-packages/poretools/Fast5File.py", line 110, in next    shutil.rmtree(PORETOOLS_TMPDIR)  File "/usr/local/lib/python2.7/shutil.py", line 261, in rmtree    rmtree(fullname, ignore_errors, onerror)  File "/usr/local/lib/python2.7/shutil.py", line 270, in rmtree    onerror(os.rmdir, path, sys.exc_info())  File "/usr/local/lib/python2.7/shutil.py", line 268, in rmtree    os.rmdir(path)OSError: [Errno 39] Directory not empty: '.poretools_tmp/test-data'
            ]]></system-err>
        
    </testcase>
    
    <testcase classname="poretools_events (Test #2)" name="1" time="33.36627411842346">
        
            
                <error type="error" message="Tool exit code: 1"><![CDATA[
                    { "inputs": {  "input": {   "id": "a7683ddb302f2107",   "src": "hda"  },  "precalled": true }, "job": {  "command_line": "poretools events --pre-basecalled \u0027/galaxy/server/database/objects/3/3/3/dataset_33391413-60e9-4d24-9e09-039157819a8b.dat\u0027 \u003e \u0027/galaxy/server/database/objects/d/b/b/dataset_dbb14128-cddb-4fdf-b3ee-493c88e738b4.dat\u0027",  "command_version": "",  "copied_from_job_id": null,  "create_time": "2024-09-29T18:42:06.833449",  "dependencies": [],  "exit_code": 1,  "external_id": "gxy-dqrzh",  "galaxy_version": "24.1",  "handler": null,  "history_id": "2e041cf72b73a6bd",  "id": "637c7d79b4afb90a",  "inputs": {   "input": {    "id": "a7683ddb302f2107",    "src": "hda",    "uuid": "33391413-60e9-4d24-9e09-039157819a8b"   }  },  "job_messages": [   {    "code_desc": "",    "desc": "Fatal error: Exit code 1 ()",    "error_level": 3,    "exit_code": 1,    "type": "exit_code"   },   {    "code_desc": "",    "desc": "Fatal error: ",    "error_level": 3,    "match": "Error:",    "stream": "stderr",    "type": "regex"   }  ],  "job_metrics": [   {    "name": "galaxy_slots",    "plugin": "core",    "raw_value": "1.0000000",    "title": "Cores Allocated",    "value": "1"   },   {    "name": "galaxy_memory_mb",    "plugin": "core",    "raw_value": "12240.0000000",    "title": "Memory Allocated (MB)",    "value": "12240"   },   {    "name": "start_epoch",    "plugin": "core",    "raw_value": "1727635328.0000000",    "title": "Job Start Time",    "value": "2024-09-29 18:42:08"   },   {    "name": "end_epoch",    "plugin": "core",    "raw_value": "1727635329.0000000",    "title": "Job End Time",    "value": "2024-09-29 18:42:09"   },   {    "name": "runtime_seconds",    "plugin": "core",    "raw_value": "1.0000000",    "title": "Job Runtime (Wall Clock)",    "value": "1 second"   }  ],  "job_runner_name": null,  "job_stderr": "",  "job_stdout": "",  "model_class": "Job",  "output_collections": {},  "outputs": {   "output": {    "id": "929b5177fd8c0f86",    "src": "hda",    "uuid": "dbb14128-cddb-4fdf-b3ee-493c88e738b4"   }  },  "params": {   "__input_ext": "\"fast5.tar\"",   "chromInfo": "\"/cvmfs/data.galaxyproject.org/managed/len/ucsc/?.len\"",   "dbkey": "\"?\"",   "precalled": "true"  },  "state": "error",  "stderr": "Traceback (most recent call last):\n  File \"/usr/local/bin/poretools\", line 11, in \u003cmodule\u003e\n    load_entry_point(\u0027poretools==0.6.0\u0027, \u0027console_scripts\u0027, \u0027poretools\u0027)()\n  File \"/usr/local/lib/python2.7/site-packages/poretools/poretools_main.py\", line 543, in main\n    args.func(parser, args)\n  File \"/usr/local/lib/python2.7/site-packages/poretools/poretools_main.py\", line 55, in run_subtool\n    submodule.run(parser, args)\n  File \"/usr/local/lib/python2.7/site-packages/poretools/events.py\", line 13, in run\n    for fast5 in Fast5File.Fast5FileSet(args.files):\n  File \"/usr/local/lib/python2.7/site-packages/poretools/Fast5File.py\", line 110, in next\n    shutil.rmtree(PORETOOLS_TMPDIR)\n  File \"/usr/local/lib/python2.7/shutil.py\", line 261, in rmtree\n    rmtree(fullname, ignore_errors, onerror)\n  File \"/usr/local/lib/python2.7/shutil.py\", line 270, in rmtree\n    onerror(os.rmdir, path, sys.exc_info())\n  File \"/usr/local/lib/python2.7/shutil.py\", line 268, in rmtree\n    os.rmdir(path)\nOSError: [Errno 39] Directory not empty: \u0027.poretools_tmp/test-data\u0027\n",  "stdout": "",  "tool_id": "toolshed.g2.bx.psu.edu/repos/iuc/poretools_events/poretools_events/0.6.1a1.1",  "tool_stderr": "Traceback (most recent call last):\n  File \"/usr/local/bin/poretools\", line 11, in \u003cmodule\u003e\n    load_entry_point(\u0027poretools==0.6.0\u0027, \u0027console_scripts\u0027, \u0027poretools\u0027)()\n  File \"/usr/local/lib/python2.7/site-packages/poretools/poretools_main.py\", line 543, in main\n    args.func(parser, args)\n  File \"/usr/local/lib/python2.7/site-packages/poretools/poretools_main.py\", line 55, in run_subtool\n    submodule.run(parser, args)\n  File \"/usr/local/lib/python2.7/site-packages/poretools/events.py\", line 13, in run\n    for fast5 in Fast5File.Fast5FileSet(args.files):\n  File \"/usr/local/lib/python2.7/site-packages/poretools/Fast5File.py\", line 110, in next\n    shutil.rmtree(PORETOOLS_TMPDIR)\n  File \"/usr/local/lib/python2.7/shutil.py\", line 261, in rmtree\n    rmtree(fullname, ignore_errors, onerror)\n  File \"/usr/local/lib/python2.7/shutil.py\", line 270, in rmtree\n    onerror(os.rmdir, path, sys.exc_info())\n  File \"/usr/local/lib/python2.7/shutil.py\", line 268, in rmtree\n    os.rmdir(path)\nOSError: [Errno 39] Directory not empty: \u0027.poretools_tmp/test-data\u0027\n",  "tool_stdout": "",  "update_time": "2024-09-29T18:42:19.110910",  "user_email": "tests@fake.org" }, "output_problems": [  "Job in error state.. tool_id: toolshed.g2.bx.psu.edu/repos/iuc/poretools_events/poretools_events/0.6.1a1.1, exit_code: 1, stderr: Traceback (most recent call last):\n  File \"/usr/local/bin/poretools\", line 11, in \u003cmodule\u003e\n    load_entry_point(\u0027poretools==0.6.0\u0027, \u0027console_scripts\u0027, \u0027poretools\u0027)()\n  File \"/usr/local/lib/python2.7/site-packages/poretools/poretools_main.py\", line 543, in main\n    args.func(parser, args)\n  File \"/usr/local/lib/python2.7/site-packages/poretools/poretools_main.py\", line 55, in run_subtool\n    submodule.run(parser, args)\n  File \"/usr/local/lib/python2.7/site-packages/poretools/events.py\", line 13, in run\n    for fast5 in Fast5File.Fast5FileSet(args.files):\n  File \"/usr/local/lib/python2.7/site-packages/poretools/Fast5File.py\", line 110, in next\n    shutil.rmtree(PORETOOLS_TMPDIR)\n  File \"/usr/local/lib/python2.7/shutil.py\", line 261, in rmtree\n    rmtree(fullname, ignore_errors, onerror)\n  File \"/usr/local/lib/python2.7/shutil.py\", line 270, in rmtree\n    onerror(os.rmdir, path, sys.exc_info())\n  File \"/usr/local/lib/python2.7/shutil.py\", line 268, in rmtree\n    os.rmdir(path)\nOSError: [Errno 39] Directory not empty: \u0027.poretools_tmp/test-data\u0027\n.",  "Job in error state.. tool_id: toolshed.g2.bx.psu.edu/repos/iuc/poretools_events/poretools_events/0.6.1a1.1, exit_code: 1, stderr: Traceback (most recent call last):\n  File \"/usr/local/bin/poretools\", line 11, in \u003cmodule\u003e\n    load_entry_point(\u0027poretools==0.6.0\u0027, \u0027console_scripts\u0027, \u0027poretools\u0027)()\n  File \"/usr/local/lib/python2.7/site-packages/poretools/poretools_main.py\", line 543, in main\n    args.func(parser, args)\n  File \"/usr/local/lib/python2.7/site-packages/poretools/poretools_main.py\", line 55, in run_subtool\n    submodule.run(parser, args)\n  File \"/usr/local/lib/python2.7/site-packages/poretools/events.py\", line 13, in run\n    for fast5 in Fast5File.Fast5FileSet(args.files):\n  File \"/usr/local/lib/python2.7/site-packages/poretools/Fast5File.py\", line 110, in next\n    shutil.rmtree(PORETOOLS_TMPDIR)\n  File \"/usr/local/lib/python2.7/shutil.py\", line 261, in rmtree\n    rmtree(fullname, ignore_errors, onerror)\n  File \"/usr/local/lib/python2.7/shutil.py\", line 270, in rmtree\n    onerror(os.rmdir, path, sys.exc_info())\n  File \"/usr/local/lib/python2.7/shutil.py\", line 268, in rmtree\n    os.rmdir(path)\nOSError: [Errno 39] Directory not empty: \u0027.poretools_tmp/test-data\u0027\n." ], "status": "failure", "test_index": 1, "time_seconds": 33.36627411842346, "tool_id": "poretools_events", "tool_version": "0.6.1a1.1"}
                ]]></error>
            
            <system-out><![CDATA[
            
            ]]></system-out>
            <system-err><![CDATA[
            Traceback (most recent call last):  File "/usr/local/bin/poretools", line 11, in <module>    load_entry_point('poretools==0.6.0', 'console_scripts', 'poretools')()  File "/usr/local/lib/python2.7/site-packages/poretools/poretools_main.py", line 543, in main    args.func(parser, args)  File "/usr/local/lib/python2.7/site-packages/poretools/poretools_main.py", line 55, in run_subtool    submodule.run(parser, args)  File "/usr/local/lib/python2.7/site-packages/poretools/events.py", line 13, in run    for fast5 in Fast5File.Fast5FileSet(args.files):  File "/usr/local/lib/python2.7/site-packages/poretools/Fast5File.py", line 110, in next    shutil.rmtree(PORETOOLS_TMPDIR)  File "/usr/local/lib/python2.7/shutil.py", line 261, in rmtree    rmtree(fullname, ignore_errors, onerror)  File "/usr/local/lib/python2.7/shutil.py", line 270, in rmtree    onerror(os.rmdir, path, sys.exc_info())  File "/usr/local/lib/python2.7/shutil.py", line 268, in rmtree    os.rmdir(path)OSError: [Errno 39] Directory not empty: '.poretools_tmp/test-data'
            ]]></system-err>
        
    </testcase>
    
    <testcase classname="qualimap_bamqc (Test #1)" name="0" time="72.25650477409363">
        
            
            <system-out><![CDATA[
            Java memory size is set to 1200MLaunching application...detected environment java options -Djava.awt.headless=true -Xmx25769mQualiMap v.2.3Built on 2023-05-19 16:57Selected tool: bamqcAvailable memory (Mb): 389Max memory (Mb): 26121Starting bam qc....Loading sam header...Loading locator...Loading reference...Only flagged duplicate alignments will be skipped...Number of windows: 400, effective number of windows: 325Chunk of reads size: 1000Number of threads: 1Processed 50 out of 325 windows...Processed 100 out of 325 windows...Processed 150 out of 325 windows...Processed 200 out of 325 windows...Processed 250 out of 325 windows...Processed 300 out of 325 windows...Total processed windows:325Number of reads: 100Number of valid reads: 100Number of correct strand reads:0Inside of regions...Num mapped reads: 100Num mapped first of pair: 0Num mapped second of pair: 0Num singletons: 0Time taken to analyze reads: 0Computing descriptors...numberOfMappedBases: 12665referenceSize: 650numberOfSequencedBases: 7465numberOfAs: 1910Computing per chromosome statistics...Computing histograms...Overall analysis time: 0end of bam qcComputing report...Writing HTML report...HTML report created successfullyFinished
            ]]></system-out>
            <system-err><![CDATA[
            
            ]]></system-err>
        
    </testcase>
    
    <testcase classname="qualimap_bamqc (Test #2)" name="1" time="31.21723461151123">
        
            
                <error type="error" message="Tool exit code: None"><![CDATA[
                    { "inputs": {  "input1": {   "id": "1893df88bd000bf8",   "src": "hda"  },  "per_base_coverage": true }, "job": {  "command_line": "export JAVA_OPTS=\"-Djava.awt.headless=true -Xmx${GALAXY_MEMORY_MB:-1024}m\" \u0026\u0026    ln -s \u0027/galaxy/server/database/objects/a/d/2/dataset_ad203080-8d3c-40dd-903a-d0c9ab984e29.dat\u0027 \u0027test_mapped_reads_bam\u0027 \u0026\u0026  qualimap bamqc -bam \u0027test_mapped_reads_bam\u0027 -outdir results -outformat html --collect-overlap-pairs --output-genome-coverage results/coverage.txt -nw 400 --paint-chromosome-limits -hm 3  --skip-duplicated --skip-dup-mode 0 -nt ${GALAXY_SLOTS:-1} \u0026\u0026  mv results/coverage.txt \u0027/galaxy/server/database/objects/1/e/c/dataset_1eca6190-0b2e-46d4-ad02-3565ad9ff680.dat\u0027 \u0026\u0026  sed \u0027s|images_qualimapReport/||g;s|css/||g\u0027 results/qualimapReport.html \u003e \u0027/galaxy/server/database/objects/9/e/3/dataset_9e3dd958-e726-4e6b-aee4-e0add06acc64.dat\u0027 \u0026\u0026 mkdir \u0027/galaxy/server/database/objects/9/e/3/dataset_9e3dd958-e726-4e6b-aee4-e0add06acc64_files\u0027 \u0026\u0026 mv results/css/*.css \u0027/galaxy/server/database/objects/9/e/3/dataset_9e3dd958-e726-4e6b-aee4-e0add06acc64_files\u0027 \u0026\u0026 mv results/css/*.png \u0027/galaxy/server/database/objects/9/e/3/dataset_9e3dd958-e726-4e6b-aee4-e0add06acc64_files\u0027 \u0026\u0026 if [ -d results/images_qualimapReport ]; then mv results/images_qualimapReport/* \u0027/galaxy/server/database/objects/9/e/3/dataset_9e3dd958-e726-4e6b-aee4-e0add06acc64_files\u0027 \u0026\u0026 for file in $(ls -A results/raw_data_qualimapReport); do mv \"results/raw_data_qualimapReport/$file\" `echo \"results/$file\" | sed \u0027s/(//;s/)//\u0027`; done fi \u0026\u0026 mv results/genome_results.txt results/summary_report.txt",  "command_version": null,  "copied_from_job_id": null,  "create_time": "2024-09-29T18:47:30.330200",  "dependencies": [],  "exit_code": null,  "external_id": "gxy-7v55c",  "galaxy_version": "24.1",  "handler": null,  "history_id": "2e041cf72b73a6bd",  "id": "a1835bd973f20983",  "inputs": {   "input1": {    "id": "1893df88bd000bf8",    "src": "hda",    "uuid": "ad203080-8d3c-40dd-903a-d0c9ab984e29"   }  },  "job_messages": null,  "job_metrics": [],  "job_runner_name": null,  "job_stderr": null,  "job_stdout": null,  "model_class": "Job",  "output_collections": {   "raw_data": {    "id": "583d9e125fa142b0",    "src": "hdca"   }  },  "outputs": {   "output_html": {    "id": "340eac6c3ecf377d",    "src": "hda",    "uuid": "9e3dd958-e726-4e6b-aee4-e0add06acc64"   },   "output_per_base_coverage": {    "id": "57440eec31ebef66",    "src": "hda",    "uuid": "1eca6190-0b2e-46d4-ad02-3565ad9ff680"   },   "raw_data|__part__|coverage_across_reference": {    "id": "ae42bdfaa101a1bf",    "src": "hda",    "uuid": "b3aeebfa-bc43-48d8-ad7c-e07235701936"   },   "raw_data|__part__|coverage_histogram": {    "id": "e0dfbc017579d1d9",    "src": "hda",    "uuid": "39ce12a1-4d5a-40ae-b517-45aef9d11b5b"   },   "raw_data|__part__|duplication_rate_histogram": {    "id": "79717e476d2226a4",    "src": "hda",    "uuid": "54666284-312a-4378-9dc8-ccec90c8a10d"   },   "raw_data|__part__|genome_fraction_coverage": {    "id": "0bcca4311b8d2cf4",    "src": "hda",    "uuid": "bf56d289-8a72-4a23-b815-1efa2287c830"   },   "raw_data|__part__|genome_results": {    "id": "29fe6249107e8000",    "src": "hda",    "uuid": "32449530-1ba2-41e3-adb0-5dc55fa4f816"   },   "raw_data|__part__|homopolymer_indels": {    "id": "9ae1a7a7a4b069b2",    "src": "hda",    "uuid": "aee7ac5f-a381-4b5d-a81b-9878ce5cfe0f"   },   "raw_data|__part__|insert_size_across_reference": {    "id": "294e07857bdd814a",    "src": "hda",    "uuid": "424e621f-c11c-4608-84ae-3c45b16d8080"   },   "raw_data|__part__|insert_size_histogram": {    "id": "54c36a799c903281",    "src": "hda",    "uuid": "b7569b1b-1611-4035-8439-a3271985ecb6"   },   "raw_data|__part__|mapped_reads_clipping_profile": {    "id": "44b65232bb1a702e",    "src": "hda",    "uuid": "6f7be7a9-d096-4fb9-8ee9-b98d924224e7"   },   "raw_data|__part__|mapped_reads_gc-content_distribution": {    "id": "b7f8648abdbbf516",    "src": "hda",    "uuid": "9d6f3b3c-a608-411c-98c3-6f0a18e09fd0"   },   "raw_data|__part__|mapped_reads_nucleotide_content": {    "id": "ca3877cba2047471",    "src": "hda",    "uuid": "86788a5d-e3e5-45de-9d42-cd591627fe89"   },   "raw_data|__part__|mapping_quality_across_reference": {    "id": "33a6dfb7b4da6997",    "src": "hda",    "uuid": "6661f6c6-661c-41a2-acb5-789020816829"   },   "raw_data|__part__|mapping_quality_histogram": {    "id": "34d7c3c717ec2b81",    "src": "hda",    "uuid": "2989a1b2-e861-4d44-b5d9-3ce05bbc1bff"   }  },  "params": {   "__input_ext": "\"input\"",   "chromInfo": "\"/cvmfs/data.galaxyproject.org/managed/len/ucsc/?.len\"",   "dbkey": "\"?\"",   "duplicate_skipping": "\"0\"",   "per_base_coverage": "true",   "plot_specific": "{\"genome_gc_distr\": null, \"homopolymer_size\": \"3\", \"n_bins\": \"400\", \"paint_chromosome_limits\": true}",   "stats_regions": "{\"__current_case__\": 0, \"region_select\": \"all\"}"  },  "state": "error",  "stderr": "",  "stdout": "Java memory size is set to 1200M\nLaunching application...\n\ndetected environment java options -Djava.awt.headless=true -Xmx25769m\nQualiMap v.2.3\nBuilt on 2023-05-19 16:57\n\nSelected tool: bamqc\nAvailable memory (Mb): 389\nMax memory (Mb): 26121\nStarting bam qc....\nLoading sam header...\nLoading locator...\nLoading reference...\nOnly flagged duplicate alignments will be skipped...\nNumber of windows: 400, effective number of windows: 325\nChunk of reads size: 1000\nNumber of threads: 1\nProcessed 50 out of 325 windows...\nProcessed 100 out of 325 windows...\nProcessed 150 out of 325 windows...\nProcessed 200 out of 325 windows...\nProcessed 250 out of 325 windows...\nProcessed 300 out of 325 windows...\nTotal processed windows:325\nNumber of reads: 100\nNumber of valid reads: 100\nNumber of correct strand reads:0\n\nInside of regions...\nNum mapped reads: 100\nNum mapped first of pair: 0\nNum mapped second of pair: 0\nNum singletons: 0\nTime taken to analyze reads: 0\nComputing descriptors...\nnumberOfMappedBases: 12665\nreferenceSize: 650\nnumberOfSequencedBases: 7465\nnumberOfAs: 1910\nComputing per chromosome statistics...\nComputing histograms...\nOverall analysis time: 0\nend of bam qc\nComputing report...\nWriting HTML report...\nHTML report created successfully\n\nFinished\n",  "tool_id": "toolshed.g2.bx.psu.edu/repos/iuc/qualimap_bamqc/qualimap_bamqc/2.3+galaxy0",  "tool_stderr": "",  "tool_stdout": "Java memory size is set to 1200M\nLaunching application...\n\ndetected environment java options -Djava.awt.headless=true -Xmx25769m\nQualiMap v.2.3\nBuilt on 2023-05-19 16:57\n\nSelected tool: bamqc\nAvailable memory (Mb): 389\nMax memory (Mb): 26121\nStarting bam qc....\nLoading sam header...\nLoading locator...\nLoading reference...\nOnly flagged duplicate alignments will be skipped...\nNumber of windows: 400, effective number of windows: 325\nChunk of reads size: 1000\nNumber of threads: 1\nProcessed 50 out of 325 windows...\nProcessed 100 out of 325 windows...\nProcessed 150 out of 325 windows...\nProcessed 200 out of 325 windows...\nProcessed 250 out of 325 windows...\nProcessed 300 out of 325 windows...\nTotal processed windows:325\nNumber of reads: 100\nNumber of valid reads: 100\nNumber of correct strand reads:0\n\nInside of regions...\nNum mapped reads: 100\nNum mapped first of pair: 0\nNum mapped second of pair: 0\nNum singletons: 0\nTime taken to analyze reads: 0\nComputing descriptors...\nnumberOfMappedBases: 12665\nreferenceSize: 650\nnumberOfSequencedBases: 7465\nnumberOfAs: 1910\nComputing per chromosome statistics...\nComputing histograms...\nOverall analysis time: 0\nend of bam qc\nComputing report...\nWriting HTML report...\nHTML report created successfully\n\nFinished\n",  "update_time": "2024-09-29T18:47:39.484368",  "user_email": "tests@fake.org" }, "output_problems": [  "Job in error state.. tool_id: toolshed.g2.bx.psu.edu/repos/iuc/qualimap_bamqc/qualimap_bamqc/2.3+galaxy0, exit_code: None, stderr: .",  "Job in error state.. tool_id: toolshed.g2.bx.psu.edu/repos/iuc/qualimap_bamqc/qualimap_bamqc/2.3+galaxy0, exit_code: None, stderr: .",  "Job in error state.. tool_id: toolshed.g2.bx.psu.edu/repos/iuc/qualimap_bamqc/qualimap_bamqc/2.3+galaxy0, exit_code: None, stderr: ." ], "status": "failure", "test_index": 1, "time_seconds": 31.21723461151123, "tool_id": "qualimap_bamqc", "tool_version": "2.3+galaxy0"}
                ]]></error>
            
            <system-out><![CDATA[
            Java memory size is set to 1200MLaunching application...detected environment java options -Djava.awt.headless=true -Xmx25769mQualiMap v.2.3Built on 2023-05-19 16:57Selected tool: bamqcAvailable memory (Mb): 389Max memory (Mb): 26121Starting bam qc....Loading sam header...Loading locator...Loading reference...Only flagged duplicate alignments will be skipped...Number of windows: 400, effective number of windows: 325Chunk of reads size: 1000Number of threads: 1Processed 50 out of 325 windows...Processed 100 out of 325 windows...Processed 150 out of 325 windows...Processed 200 out of 325 windows...Processed 250 out of 325 windows...Processed 300 out of 325 windows...Total processed windows:325Number of reads: 100Number of valid reads: 100Number of correct strand reads:0Inside of regions...Num mapped reads: 100Num mapped first of pair: 0Num mapped second of pair: 0Num singletons: 0Time taken to analyze reads: 0Computing descriptors...numberOfMappedBases: 12665referenceSize: 650numberOfSequencedBases: 7465numberOfAs: 1910Computing per chromosome statistics...Computing histograms...Overall analysis time: 0end of bam qcComputing report...Writing HTML report...HTML report created successfullyFinished
            ]]></system-out>
            <system-err><![CDATA[
            
            ]]></system-err>
        
    </testcase>
    
    <testcase classname="qualimap_bamqc (Test #3)" name="2" time="37.82029414176941">
        
            
            <system-out><![CDATA[
            Java memory size is set to 1200MLaunching application...detected environment java options -Djava.awt.headless=true -Xmx25769mQualiMap v.2.3Built on 2023-05-19 16:57Selected tool: bamqcAvailable memory (Mb): 389Max memory (Mb): 26121Starting bam qc....Loading sam header...Loading locator...Loading reference...Only flagged duplicate alignments will be skipped...Number of windows: 400, effective number of windows: 325Chunk of reads size: 1000Number of threads: 1Initializing regions from regions.gtf.....Found 4 regionsFilling region references... Processed 50 out of 325 windows...Processed 100 out of 325 windows...Processed 150 out of 325 windows...Processed 200 out of 325 windows...Processed 250 out of 325 windows...Processed 300 out of 325 windows...Total processed windows:325Number of reads: 100Number of valid reads: 100Number of correct strand reads:0Inside of regions...Num mapped reads: 82Num mapped first of pair: 0Num mapped second of pair: 0Num singletons: 0Time taken to analyze reads: 0Computing descriptors...numberOfMappedBases: 6451referenceSize: 650numberOfSequencedBases: 5101numberOfAs: 1243Computing per chromosome statistics...Computing histograms...Overall analysis time: 0end of bam qcComputing report...Writing HTML report...HTML report created successfullyFinished
            ]]></system-out>
            <system-err><![CDATA[
            
            ]]></system-err>
        
    </testcase>
    
    <testcase classname="qualimap_bamqc (Test #4)" name="3" time="38.711705446243286">
        
            
            <system-out><![CDATA[
            Java memory size is set to 1200MLaunching application...detected environment java options -Djava.awt.headless=true -Xmx25769mQualiMap v.2.3Built on 2023-05-19 16:57Selected tool: bamqcAvailable memory (Mb): 389Max memory (Mb): 26121Starting bam qc....Loading sam header...Loading locator...Loading reference...Only flagged duplicate alignments will be skipped...Number of windows: 400, effective number of windows: 325Chunk of reads size: 1000Number of threads: 1Initializing regions from regions.gtf.....Found 4 regionsFilling region references... Processed 50 out of 325 windows...Processed 100 out of 325 windows...Processed 150 out of 325 windows...Processed 200 out of 325 windows...Processed 250 out of 325 windows...Processed 300 out of 325 windows...Total processed windows:325Number of reads: 100Number of valid reads: 100Number of correct strand reads:0Inside of regions...Num mapped reads: 82Num mapped first of pair: 0Num mapped second of pair: 0Num singletons: 0Time taken to analyze reads: 0Computing descriptors...numberOfMappedBases: 6451referenceSize: 650numberOfSequencedBases: 5101numberOfAs: 1243Computing per chromosome statistics...Computing histograms...Overall analysis time: 0end of bam qcComputing report...Writing HTML report...HTML report created successfullyFinished
            ]]></system-out>
            <system-err><![CDATA[
            
            ]]></system-err>
        
    </testcase>
    
    <testcase classname="qualimap_bamqc (Test #5)" name="4" time="40.1021146774292">
        
            
            <system-out><![CDATA[
            Java memory size is set to 1200MLaunching application...detected environment java options -Djava.awt.headless=true -Xmx25769mQualiMap v.2.3Built on 2023-05-19 16:57Selected tool: bamqcAvailable memory (Mb): 389Max memory (Mb): 26121Starting bam qc....Loading sam header...Loading locator...Loading reference...Only flagged duplicate alignments will be skipped...Number of windows: 400, effective number of windows: 325Chunk of reads size: 1000Number of threads: 1Initializing regions from regions.gtf.....Found 4 regionsFilling region references... Processed 50 out of 325 windows...Processed 100 out of 325 windows...Processed 150 out of 325 windows...Processed 200 out of 325 windows...Processed 250 out of 325 windows...Processed 300 out of 325 windows...Total processed windows:325Number of reads: 100Number of valid reads: 100Number of correct strand reads:0Inside of regions...Num mapped reads: 82Num mapped first of pair: 0Num mapped second of pair: 0Num singletons: 0Ouside of regions...Num mapped reads: 18Num mapped first of pair: 0Num mapped second of pair: 0Num singletons: 0Time taken to analyze reads: 0Computing descriptors...numberOfMappedBases: 6451referenceSize: 650numberOfSequencedBases: 5101numberOfAs: 1243Computing per chromosome statistics...Computing histograms...Computing descriptors for outside regions...numberOfMappedBases: 6214referenceSize: 650numberOfSequencedBases: 2364numberOfAs: 667Computing per chromosome statistics for outside regions...Computing histograms for outside regions...Overall analysis time: 0end of bam qcComputing report...Writing HTML report...HTML report created successfullyFinished
            ]]></system-out>
            <system-err><![CDATA[
            
            ]]></system-err>
        
    </testcase>
    
    <testcase classname="samtools_stats (Test #1)" name="0" time="42.096855878829956">
        
            
            <system-out><![CDATA[
            
            ]]></system-out>
            <system-err><![CDATA[
            
            ]]></system-err>
        
    </testcase>
    
    <testcase classname="samtools_stats (Test #1)" name="0" time="32.35586380958557">
        
            
            <system-out><![CDATA[
            
            ]]></system-out>
            <system-err><![CDATA[
            
            ]]></system-err>
        
    </testcase>
    
    <testcase classname="samtools_stats (Test #2)" name="1" time="33.33455204963684">
        
            
            <system-out><![CDATA[
            
            ]]></system-out>
            <system-err><![CDATA[
            
            ]]></system-err>
        
    </testcase>
    
    <testcase classname="samtools_stats (Test #2)" name="1" time="34.18263244628906">
        
            
            <system-out><![CDATA[
            
            ]]></system-out>
            <system-err><![CDATA[
            
            ]]></system-err>
        
    </testcase>
    
    <testcase classname="samtools_stats (Test #11)" name="10" time="33.30159091949463">
        
            
            <system-out><![CDATA[
            
            ]]></system-out>
            <system-err><![CDATA[
            
            ]]></system-err>
        
    </testcase>
    
    <testcase classname="samtools_stats (Test #11)" name="10" time="19.44178867340088">
        
            <error type="error" message="Input staging problem: Job in error state.. tool_id: upload1, exit_code: None, stderr: ."><![CDATA[
                { "execution_problem": "Input staging problem: Job in error state.. tool_id: upload1, exit_code: None, stderr: .", "status": "error", "test_index": 10, "time_seconds": 19.44178867340088, "tool_id": "samtools_stats", "tool_version": "2.0.5"}
            ]]></error>
        
    </testcase>
    
    <testcase classname="samtools_stats (Test #12)" name="11" time="34.518784523010254">
        
            
            <system-out><![CDATA[
            
            ]]></system-out>
            <system-err><![CDATA[
            
            ]]></system-err>
        
    </testcase>
    
    <testcase classname="samtools_stats (Test #12)" name="11" time="34.042848110198975">
        
            
            <system-out><![CDATA[
            
            ]]></system-out>
            <system-err><![CDATA[
            
            ]]></system-err>
        
    </testcase>
    
    <testcase classname="samtools_stats (Test #13)" name="12" time="35.079832315444946">
        
            
            <system-out><![CDATA[
            
            ]]></system-out>
            <system-err><![CDATA[
            
            ]]></system-err>
        
    </testcase>
    
    <testcase classname="samtools_stats (Test #13)" name="12" time="33.82660436630249">
        
            
            <system-out><![CDATA[
            
            ]]></system-out>
            <system-err><![CDATA[
            
            ]]></system-err>
        
    </testcase>
    
    <testcase classname="samtools_stats (Test #3)" name="2" time="33.392229080200195">
        
            
            <system-out><![CDATA[
            
            ]]></system-out>
            <system-err><![CDATA[
            
            ]]></system-err>
        
    </testcase>
    
    <testcase classname="samtools_stats (Test #3)" name="2" time="33.35358238220215">
        
            
            <system-out><![CDATA[
            
            ]]></system-out>
            <system-err><![CDATA[
            
            ]]></system-err>
        
    </testcase>
    
    <testcase classname="samtools_stats (Test #4)" name="3" time="34.188300132751465">
        
            
            <system-out><![CDATA[
            
            ]]></system-out>
            <system-err><![CDATA[
            Barcodes with tag BC differ in length at sequence 'ref1_grp1_p002'
            ]]></system-err>
        
    </testcase>
    
    <testcase classname="samtools_stats (Test #4)" name="3" time="32.07211995124817">
        
            
            <system-out><![CDATA[
            
            ]]></system-out>
            <system-err><![CDATA[
            Barcodes with tag BC differ in length at sequence 'ref1_grp1_p002'
            ]]></system-err>
        
    </testcase>
    
    <testcase classname="samtools_stats (Test #5)" name="4" time="24.71657943725586">
        
            
                <error type="error" message="Tool exit code: None"><![CDATA[
                    { "inputs": {  "addref_cond|addref_select": "no",  "cond_region|regions_repeat_0|region": "ref1:10-24",  "cond_region|regions_repeat_1|region": "ref1:30-46",  "cond_region|regions_repeat_2|region": "ref1:39-56",  "cond_region|select_region": "text",  "input": {   "id": "29bf1e2552c4713b",   "src": "hda"  } }, "job": {  "command_line": "addthreads=${GALAXY_SLOTS:-1} \u0026\u0026 (( addthreads-- )) \u0026\u0026   ln -s \u0027/galaxy/server/database/objects/6/0/1/dataset_601a255d-4a66-4ea1-94a1-8a9c7b901e9f.dat\u0027 infile \u0026\u0026 ln -s \u0027/galaxy/server/database/objects/_metadata_files/f/2/b/metadata_f2b88058-d20f-449a-971b-58341cda017d.dat\u0027 infile.bai \u0026\u0026       samtools stats       -@ $addthreads infile  \u0027ref1:10-24\u0027 \u0027ref1:30-46\u0027 \u0027ref1:39-56\u0027  \u003e \u0027/galaxy/server/database/objects/e/5/d/dataset_e5d77f48-880e-490b-acf4-e7ac6d46274c.dat\u0027",  "command_version": null,  "copied_from_job_id": null,  "create_time": "2024-09-29T18:52:22.306836",  "dependencies": [],  "exit_code": null,  "external_id": "gxy-8xpmf",  "galaxy_version": "24.1",  "handler": null,  "history_id": "2e041cf72b73a6bd",  "id": "fc5ffe0186e54a85",  "inputs": {   "input": {    "id": "29bf1e2552c4713b",    "src": "hda",    "uuid": "601a255d-4a66-4ea1-94a1-8a9c7b901e9f"   }  },  "job_messages": null,  "job_metrics": [],  "job_runner_name": null,  "job_stderr": null,  "job_stdout": null,  "model_class": "Job",  "output_collections": {},  "outputs": {   "output": {    "id": "acd3baed319c740e",    "src": "hda",    "uuid": "e5d77f48-880e-490b-acf4-e7ac6d46274c"   }  },  "params": {   "__input_ext": "\"input\"",   "addref_cond": "{\"__current_case__\": 0, \"addref_select\": \"no\"}",   "chromInfo": "\"/cvmfs/data.galaxyproject.org/managed/len/ucsc/?.len\"",   "cond_region": "{\"__current_case__\": 1, \"regions_repeat\": [{\"__index__\": 0, \"region\": \"ref1:10-24\"}, {\"__index__\": 1, \"region\": \"ref1:30-46\"}, {\"__index__\": 2, \"region\": \"ref1:39-56\"}], \"select_region\": \"text\"}",   "cov_threshold": "\"\"",   "coverage_cond": "{\"__current_case__\": 0, \"coverage_select\": \"no\"}",   "dbkey": "\"?\"",   "filter_by_flags": "{\"__current_case__\": 1, \"filter_flags\": \"nofilter\"}",   "gc_depth": "\"\"",   "insert_size": "\"\"",   "most_inserts": "\"\"",   "read_group": null,   "read_length": "\"\"",   "remove_dups": "false",   "remove_overlaps": "false",   "sparse": "false",   "split_output_cond": "{\"__current_case__\": 0, \"split_output_selector\": \"no\"}",   "trim_quality": "\"\""  },  "state": "error",  "stderr": "Barcodes with tag BC differ in length at sequence \u0027ref1_grp1_p002\u0027\n",  "stdout": "",  "tool_id": "toolshed.g2.bx.psu.edu/repos/devteam/samtools_stats/samtools_stats/2.0.5",  "tool_stderr": "Barcodes with tag BC differ in length at sequence \u0027ref1_grp1_p002\u0027\n",  "tool_stdout": "",  "update_time": "2024-09-29T18:52:27.247070",  "user_email": "tests@fake.org" }, "output_problems": [  "Job in error state.. tool_id: toolshed.g2.bx.psu.edu/repos/devteam/samtools_stats/samtools_stats/2.0.5, exit_code: None, stderr: Barcodes with tag BC differ in length at sequence \u0027ref1_grp1_p002\u0027\n.",  "Job in error state.. tool_id: toolshed.g2.bx.psu.edu/repos/devteam/samtools_stats/samtools_stats/2.0.5, exit_code: None, stderr: Barcodes with tag BC differ in length at sequence \u0027ref1_grp1_p002\u0027\n." ], "status": "failure", "test_index": 4, "time_seconds": 24.71657943725586, "tool_id": "samtools_stats", "tool_version": "2.0.5"}
                ]]></error>
            
            <system-out><![CDATA[
            
            ]]></system-out>
            <system-err><![CDATA[
            Barcodes with tag BC differ in length at sequence 'ref1_grp1_p002'
            ]]></system-err>
        
    </testcase>
    
    <testcase classname="samtools_stats (Test #5)" name="4" time="32.60171985626221">
        
            
            <system-out><![CDATA[
            
            ]]></system-out>
            <system-err><![CDATA[
            Barcodes with tag BC differ in length at sequence 'ref1_grp1_p002'
            ]]></system-err>
        
    </testcase>
    
    <testcase classname="samtools_stats (Test #6)" name="5" time="33.89997458457947">
        
            
            <system-out><![CDATA[
            
            ]]></system-out>
            <system-err><![CDATA[
            Barcodes with tag BC differ in length at sequence 'ref1_grp1_p002'
            ]]></system-err>
        
    </testcase>
    
    <testcase classname="samtools_stats (Test #6)" name="5" time="18.35769557952881">
        
            <error type="error" message="Input staging problem: Job in error state.. tool_id: upload1, exit_code: None, stderr: ."><![CDATA[
                { "execution_problem": "Input staging problem: Job in error state.. tool_id: upload1, exit_code: None, stderr: .", "status": "error", "test_index": 5, "time_seconds": 18.35769557952881, "tool_id": "samtools_stats", "tool_version": "2.0.5"}
            ]]></error>
        
    </testcase>
    
    <testcase classname="samtools_stats (Test #7)" name="6" time="34.26956605911255">
        
            
            <system-out><![CDATA[
            
            ]]></system-out>
            <system-err><![CDATA[
            Barcodes with tag BC differ in length at sequence 'ref1_grp1_p002'
            ]]></system-err>
        
    </testcase>
    
    <testcase classname="samtools_stats (Test #7)" name="6" time="33.129008769989014">
        
            
            <system-out><![CDATA[
            
            ]]></system-out>
            <system-err><![CDATA[
            Barcodes with tag BC differ in length at sequence 'ref1_grp1_p002'
            ]]></system-err>
        
    </testcase>
    
    <testcase classname="samtools_stats (Test #8)" name="7" time="33.42793011665344">
        
            
            <system-out><![CDATA[
            
            ]]></system-out>
            <system-err><![CDATA[
            
            ]]></system-err>
        
    </testcase>
    
    <testcase classname="samtools_stats (Test #8)" name="7" time="33.328335762023926">
        
            
            <system-out><![CDATA[
            
            ]]></system-out>
            <system-err><![CDATA[
            
            ]]></system-err>
        
    </testcase>
    
    <testcase classname="samtools_stats (Test #9)" name="8" time="35.10977077484131">
        
            
            <system-out><![CDATA[
            
            ]]></system-out>
            <system-err><![CDATA[
            
            ]]></system-err>
        
    </testcase>
    
    <testcase classname="samtools_stats (Test #9)" name="8" time="12.239883184432983">
        
            <error type="error" message="Input staging problem: Job in error state.. tool_id: upload1, exit_code: None, stderr: ."><![CDATA[
                { "execution_problem": "Input staging problem: Job in error state.. tool_id: upload1, exit_code: None, stderr: .", "status": "error", "test_index": 8, "time_seconds": 12.239883184432983, "tool_id": "samtools_stats", "tool_version": "2.0.5"}
            ]]></error>
        
    </testcase>
    
    <testcase classname="samtools_stats (Test #10)" name="9" time="34.25401329994202">
        
            
            <system-out><![CDATA[
            
            ]]></system-out>
            <system-err><![CDATA[
            
            ]]></system-err>
        
    </testcase>
    
    <testcase classname="samtools_stats (Test #10)" name="9" time="33.7043936252594">
        
            
            <system-out><![CDATA[
            
            ]]></system-out>
            <system-err><![CDATA[
            
            ]]></system-err>
        
    </testcase>
    
    <testcase classname="scanpy_find_markers (Test #1)" name="0" time="0.4542050361633301">
        
            <error type="error" message="Input staging problem: Test input file (louvain_1.0) cannot be found."><![CDATA[
                { "execution_problem": "Input staging problem: Test input file (louvain_1.0) cannot be found.", "status": "error", "test_index": 0, "time_seconds": 0.4542050361633301, "tool_id": "scanpy_find_markers", "tool_version": "1.9.3+galaxy0"}
            ]]></error>
        
    </testcase>
    
    <testcase classname="scanpy_find_markers (Test #1)" name="0" time="0.4526851177215576">
        
            <error type="error" message="Input staging problem: Test input file (louvain_1.0) cannot be found."><![CDATA[
                { "execution_problem": "Input staging problem: Test input file (louvain_1.0) cannot be found.", "status": "error", "test_index": 0, "time_seconds": 0.4526851177215576, "tool_id": "scanpy_find_markers", "tool_version": "1.9.3+galaxy0"}
            ]]></error>
        
    </testcase>
    
    <testcase classname="scanpy_find_markers (Test #2)" name="1" time="0.3073587417602539">
        
            <error type="error" message="Input staging problem: Test input file (louvain_1.0) cannot be found."><![CDATA[
                { "execution_problem": "Input staging problem: Test input file (louvain_1.0) cannot be found.", "status": "error", "test_index": 1, "time_seconds": 0.3073587417602539, "tool_id": "scanpy_find_markers", "tool_version": "1.9.3+galaxy0"}
            ]]></error>
        
    </testcase>
    
    <testcase classname="scanpy_find_markers (Test #2)" name="1" time="0.3085360527038574">
        
            <error type="error" message="Input staging problem: Test input file (louvain_1.0) cannot be found."><![CDATA[
                { "execution_problem": "Input staging problem: Test input file (louvain_1.0) cannot be found.", "status": "error", "test_index": 1, "time_seconds": 0.3085360527038574, "tool_id": "scanpy_find_markers", "tool_version": "1.9.3+galaxy0"}
            ]]></error>
        
    </testcase>
    
    <testcase classname="scanpy_find_markers (Test #3)" name="2" time="0.31067395210266113">
        
            <error type="error" message="Input staging problem: Test input file (mnn.h5) cannot be found."><![CDATA[
                { "execution_problem": "Input staging problem: Test input file (mnn.h5) cannot be found.", "status": "error", "test_index": 2, "time_seconds": 0.31067395210266113, "tool_id": "scanpy_find_markers", "tool_version": "1.9.3+galaxy0"}
            ]]></error>
        
    </testcase>
    
    <testcase classname="scanpy_find_markers (Test #3)" name="2" time="0.3075575828552246">
        
            <error type="error" message="Input staging problem: Test input file (mnn.h5) cannot be found."><![CDATA[
                { "execution_problem": "Input staging problem: Test input file (mnn.h5) cannot be found.", "status": "error", "test_index": 2, "time_seconds": 0.3075575828552246, "tool_id": "scanpy_find_markers", "tool_version": "1.9.3+galaxy0"}
            ]]></error>
        
    </testcase>
    
    <testcase classname="scater_filter (Test #1)" name="0" time="11.796442985534668">
        
            <error type="error" message="Input staging problem: Job in error state.. tool_id: upload1, exit_code: None, stderr: ."><![CDATA[
                { "execution_problem": "Input staging problem: Job in error state.. tool_id: upload1, exit_code: None, stderr: .", "status": "error", "test_index": 0, "time_seconds": 11.796442985534668, "tool_id": "scater_filter", "tool_version": "1.22.0"}
            ]]></error>
        
    </testcase>
    
    <testcase classname="scater_filter (Test #1)" name="0" time="34.734575033187866">
        
            
                <error type="error" message="Tool exit code: None"><![CDATA[
                    { "inputs": {  "filter_type|detection_limit": "4",  "filter_type|filter_type_selector": "manual",  "filter_type|library_size": "100000",  "filter_type|min_cells_expressed": "3",  "filter_type|percent_counts_MT": "33.0",  "input_loom": {   "id": "746b6a4ab6348548",   "src": "hda"  } }, "job": {  "command_line": "Rscript \u0027/cvmfs/cloud.galaxyproject.org/tools/toolshed.g2.bx.psu.edu/repos/iuc/scater_filter/652923ce664f/scater_filter/scater-manual-filter.R\u0027 -i \u0027/galaxy/server/database/objects/b/a/7/dataset_ba712bf8-fbe1-4966-8de2-7397ddb24400.dat\u0027 --library-size 100000 --percent-counts-MT 33.0 --expressed-features 100 --detection-limit 4.0 --min-cells-expressed 3 -o \u0027/galaxy/server/database/objects/f/1/3/dataset_f137d28e-ef1e-4088-add8-6fd59c48b0dc.dat\u0027",  "command_version": null,  "copied_from_job_id": null,  "create_time": "2024-09-29T19:13:26.299591",  "dependencies": [],  "exit_code": null,  "external_id": "gxy-k7nrn",  "galaxy_version": "24.1",  "handler": null,  "history_id": "2e041cf72b73a6bd",  "id": "a4a00af5fb823fa9",  "inputs": {   "input_loom": {    "id": "746b6a4ab6348548",    "src": "hda",    "uuid": "ba712bf8-fbe1-4966-8de2-7397ddb24400"   }  },  "job_messages": null,  "job_metrics": [],  "job_runner_name": null,  "job_stderr": null,  "job_stdout": null,  "model_class": "Job",  "output_collections": {},  "outputs": {   "output_loom": {    "id": "d16ad29544a12be5",    "src": "hda",    "uuid": "f137d28e-ef1e-4088-add8-6fd59c48b0dc"   }  },  "params": {   "__input_ext": "\"input\"",   "chromInfo": "\"/cvmfs/data.galaxyproject.org/managed/len/ucsc/?.len\"",   "dbkey": "\"?\"",   "filter_type": "{\"__current_case__\": 0, \"detection_limit\": \"4.0\", \"expressed_features\": \"100\", \"filter_type_selector\": \"manual\", \"library_size\": \"100000\", \"min_cells_expressed\": \"3\", \"percent_counts_MT\": \"33.0\"}"  },  "state": "error",  "stderr": "Loading required package: S4Vectors\nLoading required package: stats4\nLoading required package: BiocGenerics\n\nAttaching package: \u2018BiocGenerics\u2019\n\nThe following objects are masked from \u2018package:stats\u2019:\n\n    IQR, mad, sd, var, xtabs\n\nThe following objects are masked from \u2018package:base\u2019:\n\n    anyDuplicated, append, as.data.frame, basename, cbind, colnames,\n    dirname, do.call, duplicated, eval, evalq, Filter, Find, get, grep,\n    grepl, intersect, is.unsorted, lapply, Map, mapply, match, mget,\n    order, paste, pmax, pmax.int, pmin, pmin.int, Position, rank,\n    rbind, Reduce, rownames, sapply, setdiff, sort, table, tapply,\n    union, unique, unsplit, which.max, which.min\n\n\nAttaching package: \u2018S4Vectors\u2019\n\nThe following objects are masked from \u2018package:base\u2019:\n\n    expand.grid, I, unname\n\nLoading required package: SingleCellExperiment\nLoading required package: SummarizedExperiment\nLoading required package: MatrixGenerics\nLoading required package: matrixStats\n\nAttaching package: \u2018MatrixGenerics\u2019\n\nThe following objects are masked from \u2018package:matrixStats\u2019:\n\n    colAlls, colAnyNAs, colAnys, colAvgsPerRowSet, colCollapse,\n    colCounts, colCummaxs, colCummins, colCumprods, colCumsums,\n    colDiffs, colIQRDiffs, colIQRs, colLogSumExps, colMadDiffs,\n    colMads, colMaxs, colMeans2, colMedians, colMins, colOrderStats,\n    colProds, colQuantiles, colRanges, colRanks, colSdDiffs, colSds,\n    colSums2, colTabulates, colVarDiffs, colVars, colWeightedMads,\n    colWeightedMeans, colWeightedMedians, colWeightedSds,\n    colWeightedVars, rowAlls, rowAnyNAs, rowAnys, rowAvgsPerColSet,\n    rowCollapse, rowCounts, rowCummaxs, rowCummins, rowCumprods,\n    rowCumsums, rowDiffs, rowIQRDiffs, rowIQRs, rowLogSumExps,\n    rowMadDiffs, rowMads, rowMaxs, rowMeans2, rowMedians, rowMins,\n    rowOrderStats, rowProds, rowQuantiles, rowRanges, rowRanks,\n    rowSdDiffs, rowSds, rowSums2, rowTabulates, rowVarDiffs, rowVars,\n    rowWeightedMads, rowWeightedMeans, rowWeightedMedians,\n    rowWeightedSds, rowWeightedVars\n\nLoading required package: GenomicRanges\nLoading required package: IRanges\nLoading required package: GenomeInfoDb\nLoading required package: Biobase\nWelcome to Bioconductor\n\n    Vignettes contain introductory material; view with\n    \u0027browseVignettes()\u0027. To cite Bioconductor, see\n    \u0027citation(\"Biobase\")\u0027, and for packages \u0027citation(\"pkgname\")\u0027.\n\n\nAttaching package: \u2018Biobase\u2019\n\nThe following object is masked from \u2018package:MatrixGenerics\u2019:\n\n    rowMedians\n\nThe following objects are masked from \u2018package:matrixStats\u2019:\n\n    anyMissing, rowMedians\n\nLoading required package: rhdf5\nLoading required package: BiocIO\nLoading required package: scuttle\nLoading required package: ggplot2\nWarning message:\nIn value[[3L]](cond) :\n  zero-length inputs cannot be mixed with those of non-zero length\n",  "stdout": "[1] \"Starting with 40 cells and 2000 features.\"\n[1] \"After filtering out low library counts:  39 cells and 2000 features.\"\n[1] \"After filtering out high MT gene counts:  34 cells and 2000 features.\"\n[1] \"After filtering out cells with low feature counts:  34 cells and 2000 features.\"\n[1] \"After filtering out rare features:  34 cells and 1148 features.\"\n[1] TRUE\n",  "tool_id": "toolshed.g2.bx.psu.edu/repos/iuc/scater_filter/scater_filter/1.22.0",  "tool_stderr": "Loading required package: S4Vectors\nLoading required package: stats4\nLoading required package: BiocGenerics\n\nAttaching package: \u2018BiocGenerics\u2019\n\nThe following objects are masked from \u2018package:stats\u2019:\n\n    IQR, mad, sd, var, xtabs\n\nThe following objects are masked from \u2018package:base\u2019:\n\n    anyDuplicated, append, as.data.frame, basename, cbind, colnames,\n    dirname, do.call, duplicated, eval, evalq, Filter, Find, get, grep,\n    grepl, intersect, is.unsorted, lapply, Map, mapply, match, mget,\n    order, paste, pmax, pmax.int, pmin, pmin.int, Position, rank,\n    rbind, Reduce, rownames, sapply, setdiff, sort, table, tapply,\n    union, unique, unsplit, which.max, which.min\n\n\nAttaching package: \u2018S4Vectors\u2019\n\nThe following objects are masked from \u2018package:base\u2019:\n\n    expand.grid, I, unname\n\nLoading required package: SingleCellExperiment\nLoading required package: SummarizedExperiment\nLoading required package: MatrixGenerics\nLoading required package: matrixStats\n\nAttaching package: \u2018MatrixGenerics\u2019\n\nThe following objects are masked from \u2018package:matrixStats\u2019:\n\n    colAlls, colAnyNAs, colAnys, colAvgsPerRowSet, colCollapse,\n    colCounts, colCummaxs, colCummins, colCumprods, colCumsums,\n    colDiffs, colIQRDiffs, colIQRs, colLogSumExps, colMadDiffs,\n    colMads, colMaxs, colMeans2, colMedians, colMins, colOrderStats,\n    colProds, colQuantiles, colRanges, colRanks, colSdDiffs, colSds,\n    colSums2, colTabulates, colVarDiffs, colVars, colWeightedMads,\n    colWeightedMeans, colWeightedMedians, colWeightedSds,\n    colWeightedVars, rowAlls, rowAnyNAs, rowAnys, rowAvgsPerColSet,\n    rowCollapse, rowCounts, rowCummaxs, rowCummins, rowCumprods,\n    rowCumsums, rowDiffs, rowIQRDiffs, rowIQRs, rowLogSumExps,\n    rowMadDiffs, rowMads, rowMaxs, rowMeans2, rowMedians, rowMins,\n    rowOrderStats, rowProds, rowQuantiles, rowRanges, rowRanks,\n    rowSdDiffs, rowSds, rowSums2, rowTabulates, rowVarDiffs, rowVars,\n    rowWeightedMads, rowWeightedMeans, rowWeightedMedians,\n    rowWeightedSds, rowWeightedVars\n\nLoading required package: GenomicRanges\nLoading required package: IRanges\nLoading required package: GenomeInfoDb\nLoading required package: Biobase\nWelcome to Bioconductor\n\n    Vignettes contain introductory material; view with\n    \u0027browseVignettes()\u0027. To cite Bioconductor, see\n    \u0027citation(\"Biobase\")\u0027, and for packages \u0027citation(\"pkgname\")\u0027.\n\n\nAttaching package: \u2018Biobase\u2019\n\nThe following object is masked from \u2018package:MatrixGenerics\u2019:\n\n    rowMedians\n\nThe following objects are masked from \u2018package:matrixStats\u2019:\n\n    anyMissing, rowMedians\n\nLoading required package: rhdf5\nLoading required package: BiocIO\nLoading required package: scuttle\nLoading required package: ggplot2\nWarning message:\nIn value[[3L]](cond) :\n  zero-length inputs cannot be mixed with those of non-zero length\n",  "tool_stdout": "[1] \"Starting with 40 cells and 2000 features.\"\n[1] \"After filtering out low library counts:  39 cells and 2000 features.\"\n[1] \"After filtering out high MT gene counts:  34 cells and 2000 features.\"\n[1] \"After filtering out cells with low feature counts:  34 cells and 2000 features.\"\n[1] \"After filtering out rare features:  34 cells and 1148 features.\"\n[1] TRUE\n",  "update_time": "2024-09-29T19:13:40.209643",  "user_email": "tests@fake.org" }, "output_problems": [  "Job in error state.. tool_id: toolshed.g2.bx.psu.edu/repos/iuc/scater_filter/scater_filter/1.22.0, exit_code: None, stderr: Loading required package: S4Vectors\nLoading required package: stats4\nLoading required package: BiocGenerics\n\nAttaching package: \u2018BiocGenerics\u2019\n\nThe following objects are masked from \u2018package:stats\u2019:\n\n    IQR, mad, sd, var, xtabs\n\nThe following objects are masked from \u2018package:base\u2019:\n\n    anyDuplicated, append, as.data.frame, basename, cbind, colnames,\n    dirname, do.call, duplicated, eval, evalq, Filter, Find, get, grep,\n    grepl, intersect, is.unsorted, lapply, Map, mapply, match, mget,\n    order, paste, pmax, pmax.int, pmin, pmin.int, Position, rank,\n    rbind, Reduce, rownames, sapply, setdiff, sort, table, tapply,\n    union, unique, unsplit, which.max, which.min\n\n\nAttaching package: \u2018S4Vectors\u2019\n\nThe following objects are masked from \u2018package:base\u2019:\n\n    expand.grid, I, unname\n\nLoading required package: SingleCellExperiment\nLoading required package: SummarizedExperiment\nLoading required package: MatrixGenerics\nLoading required package: matrixStats\n\nAttaching package: \u2018MatrixGenerics\u2019\n\nThe following objects are masked from \u2018package:matrixStats\u2019:\n\n    colAlls, colAnyNAs, colAnys, colAvgsPerRowSet, colCollapse,\n    colCounts, colCummaxs, colCummins, colCumprods, colCumsums,\n    colDiffs, colIQRDiffs, colIQRs, colLogSumExps, colMadDiffs,\n    colMads, colMaxs, colMeans2, colMedians, colMins, colOrderStats,\n    colProds, colQuantiles, colRanges, colRanks, colSdDiffs, colSds,\n    colSums2, colTabulates, colVarDiffs, colVars, colWeightedMads,\n    colWeightedMeans, colWeightedMedians, colWeightedSds,\n    colWeightedVars, rowAlls, rowAnyNAs, rowAnys, rowAvgsPerColSet,\n    rowCollapse, rowCounts, rowCummaxs, rowCummins, rowCumprods,\n    rowCumsums, rowDiffs, rowIQRDiffs, rowIQRs, rowLogSumExps,\n    rowMadDiffs, rowMads, rowMaxs, rowMeans2, rowMedians, rowMins,\n    rowOrderStats, rowProds, rowQuantiles, rowRanges, rowRanks,\n    rowSdDiffs, rowSds, rowSums2, rowTabulates, rowVarDiffs, rowVars,\n    rowWeightedMads, rowWeightedMeans, rowWeightedMedians,\n    rowWeightedSds, rowWeightedVars\n\nLoading required package: GenomicRanges\nLoading required package: IRanges\nLoading required package: GenomeInfoDb\nLoading required package: Biobase\nWelcome to Bioconductor\n\n    Vignettes contain introductory material; view with\n    \u0027browseVignettes()\u0027. To cite Bioconductor, see\n    \u0027citation(\"Biobase\")\u0027, and for packages \u0027citation(\"pkgname\")\u0027.\n\n\nAttaching package: \u2018Biobase\u2019\n\nThe following object is masked from \u2018package:MatrixGenerics\u2019:\n\n    rowMedians\n\nThe following objects are masked from \u2018package:matrixStats\u2019:\n\n    anyMissing, rowMedians\n\nLoading required package: rhdf5\nLoading required package: BiocIO\nLoading required package: scuttle\nLoading required package: ggplot2\nWarning message:\nIn value[[3L]](cond) :\n  zero-length inputs cannot be mixed with those of non-zero length\n.",  "Job in error state.. tool_id: toolshed.g2.bx.psu.edu/repos/iuc/scater_filter/scater_filter/1.22.0, exit_code: None, stderr: Loading required package: S4Vectors\nLoading required package: stats4\nLoading required package: BiocGenerics\n\nAttaching package: \u2018BiocGenerics\u2019\n\nThe following objects are masked from \u2018package:stats\u2019:\n\n    IQR, mad, sd, var, xtabs\n\nThe following objects are masked from \u2018package:base\u2019:\n\n    anyDuplicated, append, as.data.frame, basename, cbind, colnames,\n    dirname, do.call, duplicated, eval, evalq, Filter, Find, get, grep,\n    grepl, intersect, is.unsorted, lapply, Map, mapply, match, mget,\n    order, paste, pmax, pmax.int, pmin, pmin.int, Position, rank,\n    rbind, Reduce, rownames, sapply, setdiff, sort, table, tapply,\n    union, unique, unsplit, which.max, which.min\n\n\nAttaching package: \u2018S4Vectors\u2019\n\nThe following objects are masked from \u2018package:base\u2019:\n\n    expand.grid, I, unname\n\nLoading required package: SingleCellExperiment\nLoading required package: SummarizedExperiment\nLoading required package: MatrixGenerics\nLoading required package: matrixStats\n\nAttaching package: \u2018MatrixGenerics\u2019\n\nThe following objects are masked from \u2018package:matrixStats\u2019:\n\n    colAlls, colAnyNAs, colAnys, colAvgsPerRowSet, colCollapse,\n    colCounts, colCummaxs, colCummins, colCumprods, colCumsums,\n    colDiffs, colIQRDiffs, colIQRs, colLogSumExps, colMadDiffs,\n    colMads, colMaxs, colMeans2, colMedians, colMins, colOrderStats,\n    colProds, colQuantiles, colRanges, colRanks, colSdDiffs, colSds,\n    colSums2, colTabulates, colVarDiffs, colVars, colWeightedMads,\n    colWeightedMeans, colWeightedMedians, colWeightedSds,\n    colWeightedVars, rowAlls, rowAnyNAs, rowAnys, rowAvgsPerColSet,\n    rowCollapse, rowCounts, rowCummaxs, rowCummins, rowCumprods,\n    rowCumsums, rowDiffs, rowIQRDiffs, rowIQRs, rowLogSumExps,\n    rowMadDiffs, rowMads, rowMaxs, rowMeans2, rowMedians, rowMins,\n    rowOrderStats, rowProds, rowQuantiles, rowRanges, rowRanks,\n    rowSdDiffs, rowSds, rowSums2, rowTabulates, rowVarDiffs, rowVars,\n    rowWeightedMads, rowWeightedMeans, rowWeightedMedians,\n    rowWeightedSds, rowWeightedVars\n\nLoading required package: GenomicRanges\nLoading required package: IRanges\nLoading required package: GenomeInfoDb\nLoading required package: Biobase\nWelcome to Bioconductor\n\n    Vignettes contain introductory material; view with\n    \u0027browseVignettes()\u0027. To cite Bioconductor, see\n    \u0027citation(\"Biobase\")\u0027, and for packages \u0027citation(\"pkgname\")\u0027.\n\n\nAttaching package: \u2018Biobase\u2019\n\nThe following object is masked from \u2018package:MatrixGenerics\u2019:\n\n    rowMedians\n\nThe following objects are masked from \u2018package:matrixStats\u2019:\n\n    anyMissing, rowMedians\n\nLoading required package: rhdf5\nLoading required package: BiocIO\nLoading required package: scuttle\nLoading required package: ggplot2\nWarning message:\nIn value[[3L]](cond) :\n  zero-length inputs cannot be mixed with those of non-zero length\n." ], "status": "failure", "test_index": 0, "time_seconds": 34.734575033187866, "tool_id": "scater_filter", "tool_version": "1.22.0"}
                ]]></error>
            
            <system-out><![CDATA[
            [1] "Starting with 40 cells and 2000 features."[1] "After filtering out low library counts:  39 cells and 2000 features."[1] "After filtering out high MT gene counts:  34 cells and 2000 features."[1] "After filtering out cells with low feature counts:  34 cells and 2000 features."[1] "After filtering out rare features:  34 cells and 1148 features."[1] TRUE
            ]]></system-out>
            <system-err><![CDATA[
            Loading required package: S4VectorsLoading required package: stats4Loading required package: BiocGenericsAttaching package: BiocGenericsThe following objects are masked from package:stats:    IQR, mad, sd, var, xtabsThe following objects are masked from package:base:    anyDuplicated, append, as.data.frame, basename, cbind, colnames,    dirname, do.call, duplicated, eval, evalq, Filter, Find, get, grep,    grepl, intersect, is.unsorted, lapply, Map, mapply, match, mget,    order, paste, pmax, pmax.int, pmin, pmin.int, Position, rank,    rbind, Reduce, rownames, sapply, setdiff, sort, table, tapply,    union, unique, unsplit, which.max, which.minAttaching package: S4VectorsThe following objects are masked from package:base:    expand.grid, I, unnameLoading required package: SingleCellExperimentLoading required package: SummarizedExperimentLoading required package: MatrixGenericsLoading required package: matrixStatsAttaching package: MatrixGenericsThe following objects are masked from package:matrixStats:    colAlls, colAnyNAs, colAnys, colAvgsPerRowSet, colCollapse,    colCounts, colCummaxs, colCummins, colCumprods, colCumsums,    colDiffs, colIQRDiffs, colIQRs, colLogSumExps, colMadDiffs,    colMads, colMaxs, colMeans2, colMedians, colMins, colOrderStats,    colProds, colQuantiles, colRanges, colRanks, colSdDiffs, colSds,    colSums2, colTabulates, colVarDiffs, colVars, colWeightedMads,    colWeightedMeans, colWeightedMedians, colWeightedSds,    colWeightedVars, rowAlls, rowAnyNAs, rowAnys, rowAvgsPerColSet,    rowCollapse, rowCounts, rowCummaxs, rowCummins, rowCumprods,    rowCumsums, rowDiffs, rowIQRDiffs, rowIQRs, rowLogSumExps,    rowMadDiffs, rowMads, rowMaxs, rowMeans2, rowMedians, rowMins,    rowOrderStats, rowProds, rowQuantiles, rowRanges, rowRanks,    rowSdDiffs, rowSds, rowSums2, rowTabulates, rowVarDiffs, rowVars,    rowWeightedMads, rowWeightedMeans, rowWeightedMedians,    rowWeightedSds, rowWeightedVarsLoading required package: GenomicRangesLoading required package: IRangesLoading required package: GenomeInfoDbLoading required package: BiobaseWelcome to Bioconductor    Vignettes contain introductory material; view with    'browseVignettes()'. To cite Bioconductor, see    'citation("Biobase")', and for packages 'citation("pkgname")'.Attaching package: BiobaseThe following object is masked from package:MatrixGenerics:    rowMediansThe following objects are masked from package:matrixStats:    anyMissing, rowMediansLoading required package: rhdf5Loading required package: BiocIOLoading required package: scuttleLoading required package: ggplot2Warning message:In value[[3L]](cond) :  zero-length inputs cannot be mixed with those of non-zero length
            ]]></system-err>
        
    </testcase>
    
    <testcase classname="scater_filter (Test #2)" name="1" time="68.00751805305481">
        
            
            <system-out><![CDATA[
            [1] "Starting with 40 cells"[1] "Ending with 33 cells"[1] TRUE
            ]]></system-out>
            <system-err><![CDATA[
            Loading required package: S4VectorsLoading required package: stats4Loading required package: BiocGenericsAttaching package: BiocGenericsThe following objects are masked from package:stats:    IQR, mad, sd, var, xtabsThe following objects are masked from package:base:    anyDuplicated, append, as.data.frame, basename, cbind, colnames,    dirname, do.call, duplicated, eval, evalq, Filter, Find, get, grep,    grepl, intersect, is.unsorted, lapply, Map, mapply, match, mget,    order, paste, pmax, pmax.int, pmin, pmin.int, Position, rank,    rbind, Reduce, rownames, sapply, setdiff, sort, table, tapply,    union, unique, unsplit, which.max, which.minAttaching package: S4VectorsThe following objects are masked from package:base:    expand.grid, I, unnameLoading required package: SingleCellExperimentLoading required package: SummarizedExperimentLoading required package: MatrixGenericsLoading required package: matrixStatsAttaching package: MatrixGenericsThe following objects are masked from package:matrixStats:    colAlls, colAnyNAs, colAnys, colAvgsPerRowSet, colCollapse,    colCounts, colCummaxs, colCummins, colCumprods, colCumsums,    colDiffs, colIQRDiffs, colIQRs, colLogSumExps, colMadDiffs,    colMads, colMaxs, colMeans2, colMedians, colMins, colOrderStats,    colProds, colQuantiles, colRanges, colRanks, colSdDiffs, colSds,    colSums2, colTabulates, colVarDiffs, colVars, colWeightedMads,    colWeightedMeans, colWeightedMedians, colWeightedSds,    colWeightedVars, rowAlls, rowAnyNAs, rowAnys, rowAvgsPerColSet,    rowCollapse, rowCounts, rowCummaxs, rowCummins, rowCumprods,    rowCumsums, rowDiffs, rowIQRDiffs, rowIQRs, rowLogSumExps,    rowMadDiffs, rowMads, rowMaxs, rowMeans2, rowMedians, rowMins,    rowOrderStats, rowProds, rowQuantiles, rowRanges, rowRanks,    rowSdDiffs, rowSds, rowSums2, rowTabulates, rowVarDiffs, rowVars,    rowWeightedMads, rowWeightedMeans, rowWeightedMedians,    rowWeightedSds, rowWeightedVarsLoading required package: GenomicRangesLoading required package: IRangesLoading required package: GenomeInfoDbLoading required package: BiobaseWelcome to Bioconductor    Vignettes contain introductory material; view with    'browseVignettes()'. To cite Bioconductor, see    'citation("Biobase")', and for packages 'citation("pkgname")'.Attaching package: BiobaseThe following object is masked from package:MatrixGenerics:    rowMediansThe following objects are masked from package:matrixStats:    anyMissing, rowMediansLoading required package: rhdf5Loading required package: BiocIOLoading required package: scuttleLoading required package: ggplot2Attaching package: robustbaseThe following object is masked from package:Biobase:    rowMediansThe following objects are masked from package:MatrixGenerics:    colMedians, rowMediansThe following objects are masked from package:matrixStats:    colMedians, rowMedians
            ]]></system-err>
        
    </testcase>
    
    <testcase classname="scater_filter (Test #2)" name="1" time="40.8483784198761">
        
            
            <system-out><![CDATA[
            [1] "Starting with 40 cells"[1] "Ending with 33 cells"[1] TRUE
            ]]></system-out>
            <system-err><![CDATA[
            Loading required package: S4VectorsLoading required package: stats4Loading required package: BiocGenericsAttaching package: BiocGenericsThe following objects are masked from package:stats:    IQR, mad, sd, var, xtabsThe following objects are masked from package:base:    anyDuplicated, append, as.data.frame, basename, cbind, colnames,    dirname, do.call, duplicated, eval, evalq, Filter, Find, get, grep,    grepl, intersect, is.unsorted, lapply, Map, mapply, match, mget,    order, paste, pmax, pmax.int, pmin, pmin.int, Position, rank,    rbind, Reduce, rownames, sapply, setdiff, sort, table, tapply,    union, unique, unsplit, which.max, which.minAttaching package: S4VectorsThe following objects are masked from package:base:    expand.grid, I, unnameLoading required package: SingleCellExperimentLoading required package: SummarizedExperimentLoading required package: MatrixGenericsLoading required package: matrixStatsAttaching package: MatrixGenericsThe following objects are masked from package:matrixStats:    colAlls, colAnyNAs, colAnys, colAvgsPerRowSet, colCollapse,    colCounts, colCummaxs, colCummins, colCumprods, colCumsums,    colDiffs, colIQRDiffs, colIQRs, colLogSumExps, colMadDiffs,    colMads, colMaxs, colMeans2, colMedians, colMins, colOrderStats,    colProds, colQuantiles, colRanges, colRanks, colSdDiffs, colSds,    colSums2, colTabulates, colVarDiffs, colVars, colWeightedMads,    colWeightedMeans, colWeightedMedians, colWeightedSds,    colWeightedVars, rowAlls, rowAnyNAs, rowAnys, rowAvgsPerColSet,    rowCollapse, rowCounts, rowCummaxs, rowCummins, rowCumprods,    rowCumsums, rowDiffs, rowIQRDiffs, rowIQRs, rowLogSumExps,    rowMadDiffs, rowMads, rowMaxs, rowMeans2, rowMedians, rowMins,    rowOrderStats, rowProds, rowQuantiles, rowRanges, rowRanks,    rowSdDiffs, rowSds, rowSums2, rowTabulates, rowVarDiffs, rowVars,    rowWeightedMads, rowWeightedMeans, rowWeightedMedians,    rowWeightedSds, rowWeightedVarsLoading required package: GenomicRangesLoading required package: IRangesLoading required package: GenomeInfoDbLoading required package: BiobaseWelcome to Bioconductor    Vignettes contain introductory material; view with    'browseVignettes()'. To cite Bioconductor, see    'citation("Biobase")', and for packages 'citation("pkgname")'.Attaching package: BiobaseThe following object is masked from package:MatrixGenerics:    rowMediansThe following objects are masked from package:matrixStats:    anyMissing, rowMediansLoading required package: rhdf5Loading required package: BiocIOLoading required package: scuttleLoading required package: ggplot2Attaching package: robustbaseThe following object is masked from package:Biobase:    rowMediansThe following objects are masked from package:MatrixGenerics:    colMedians, rowMediansThe following objects are masked from package:matrixStats:    colMedians, rowMedians
            ]]></system-err>
        
    </testcase>
    
    <testcase classname="sceasy_convert (Test #1)" name="0" time="0.45536160469055176">
        
            <error type="error" message="Input staging problem: Test input file (input.loom) cannot be found."><![CDATA[
                { "execution_problem": "Input staging problem: Test input file (input.loom) cannot be found.", "status": "error", "test_index": 0, "time_seconds": 0.45536160469055176, "tool_id": "sceasy_convert", "tool_version": "0.0.5+galaxy1"}
            ]]></error>
        
    </testcase>
    
    <testcase classname="vcfbreakcreatemulti (Test #1)" name="0" time="37.450926303863525">
        
            
            <system-out><![CDATA[
            
            ]]></system-out>
            <system-err><![CDATA[
            
            ]]></system-err>
        
    </testcase>
    
    <testcase classname="vcfbreakcreatemulti (Test #2)" name="1" time="10.86398458480835">
        
            <error type="error" message="Input staging problem: Job in error state.. tool_id: upload1, exit_code: None, stderr: ."><![CDATA[
                { "execution_problem": "Input staging problem: Job in error state.. tool_id: upload1, exit_code: None, stderr: .", "status": "error", "test_index": 1, "time_seconds": 10.86398458480835, "tool_id": "vcfbreakcreatemulti", "tool_version": "1.0.0_rc3+galaxy0"}
            ]]></error>
        
    </testcase>
    
    <testcase classname="vcfselectsamples (Test #1)" name="0" time="32.50925278663635">
        
            
            <system-out><![CDATA[
            
            ]]></system-out>
            <system-err><![CDATA[
            
            ]]></system-err>
        
    </testcase>
    
</testsuite>