<?xml version="1.0" encoding="UTF-8"?>
<testsuite name="Results (powered by Planemo)"
           tests="80"
           errors="14"
           failures="8"
           skip="0">
    
    <testcase classname="anndata_import (Test #1)" name="0" time="57.25970196723938">
        
            
            <system-out><![CDATA[
            import anndata as ad        adata = ad.read_loom(    '/galaxy/server/database/objects/a/a/3/dataset_aa33e67f-6f53-4398-941d-8226655107a7.dat',    sparse=True,    cleanup=False,    X_name='spliced',    obs_names='CellID',    var_names='Gene')adata.write('anndata.h5ad')
            ]]></system-out>
            <system-err><![CDATA[
            Observation names are not unique. To make them unique, call `.obs_names_make_unique`.... storing 'cell_type' as categorical
            ]]></system-err>
        
    </testcase>
    
    <testcase classname="anndata_import (Test #1)" name="0" time="27.53275156021118">
        
            
            <system-out><![CDATA[
            import anndata as ad        adata = ad.read_loom(    '/galaxy/server/database/objects/9/5/9/dataset_9595e88d-7b99-4483-abbe-bfe4a54125a3.dat',    sparse=True,    cleanup=False,    X_name='spliced',    obs_names='CellID',    var_names='Gene')adata.write('anndata.h5ad')
            ]]></system-out>
            <system-err><![CDATA[
            Observation names are not unique. To make them unique, call `.obs_names_make_unique`.... storing 'cell_type' as categorical
            ]]></system-err>
        
    </testcase>
    
    <testcase classname="anndata_import (Test #2)" name="1" time="28.557159423828125">
        
            
            <system-out><![CDATA[
            import anndata as ad        adata = ad.read_csv(    '/galaxy/server/database/objects/f/e/c/dataset_fec37ece-aae7-43eb-9236-4863c4eb4fc8.dat',    delimiter=',',    first_column_names=True)adata.write('anndata.h5ad')
            ]]></system-out>
            <system-err><![CDATA[
            
            ]]></system-err>
        
    </testcase>
    
    <testcase classname="anndata_import (Test #2)" name="1" time="25.0162992477417">
        
            
            <system-out><![CDATA[
            import anndata as ad        adata = ad.read_csv(    '/galaxy/server/database/objects/3/9/c/dataset_39ce1646-78a5-4632-94ab-4434f6d11b86.dat',    delimiter=',',    first_column_names=True)adata.write('anndata.h5ad')
            ]]></system-out>
            <system-err><![CDATA[
            
            ]]></system-err>
        
    </testcase>
    
    <testcase classname="anndata_import (Test #3)" name="2" time="25.384520530700684">
        
            
            <system-out><![CDATA[
            import anndata as ad        adata = ad.read_csv(    '/galaxy/server/database/objects/1/6/7/dataset_167a9b86-6a15-485e-a914-be1325ced7e7.dat',    delimiter='\t',    first_column_names=True)adata.write('anndata.h5ad')
            ]]></system-out>
            <system-err><![CDATA[
            
            ]]></system-err>
        
    </testcase>
    
    <testcase classname="anndata_import (Test #3)" name="2" time="27.633128881454468">
        
            
            <system-out><![CDATA[
            import anndata as ad        adata = ad.read_csv(    '/galaxy/server/database/objects/b/a/f/dataset_bafab6ed-20aa-42a9-b98e-1f3611c19719.dat',    delimiter='\t',    first_column_names=True)adata.write('anndata.h5ad')
            ]]></system-out>
            <system-err><![CDATA[
            
            ]]></system-err>
        
    </testcase>
    
    <testcase classname="anndata_import (Test #4)" name="3" time="27.44671630859375">
        
            
            <system-out><![CDATA[
            import anndata as ad        adata = ad.read_mtx(filename='/galaxy/server/database/objects/c/0/c/dataset_c0c473d2-ab65-45a1-8599-f83f7a1509bd.dat')adata.write('anndata.h5ad')
            ]]></system-out>
            <system-err><![CDATA[
            
            ]]></system-err>
        
    </testcase>
    
    <testcase classname="anndata_import (Test #4)" name="3" time="27.147987127304077">
        
            
            <system-out><![CDATA[
            import anndata as ad        adata = ad.read_mtx(filename='/galaxy/server/database/objects/1/7/e/dataset_17e3df18-2961-489c-ab86-7eb75244c8a4.dat')adata.write('anndata.h5ad')
            ]]></system-out>
            <system-err><![CDATA[
            
            ]]></system-err>
        
    </testcase>
    
    <testcase classname="anndata_import (Test #5)" name="4" time="27.33585023880005">
        
            
            <system-out><![CDATA[
            import anndata as ad        adata = ad.read_umi_tools('umi_tools_input.gz')adata.write('anndata.h5ad')
            ]]></system-out>
            <system-err><![CDATA[
            
            ]]></system-err>
        
    </testcase>
    
    <testcase classname="anndata_import (Test #5)" name="4" time="26.717040538787842">
        
            
            <system-out><![CDATA[
            import anndata as ad        adata = ad.read_umi_tools('umi_tools_input.gz')adata.write('anndata.h5ad')
            ]]></system-out>
            <system-err><![CDATA[
            
            ]]></system-err>
        
    </testcase>
    
    <testcase classname="anndata_import (Test #6)" name="5" time="33.07625102996826">
        
            
            <system-out><![CDATA[
            
            ]]></system-out>
            <system-err><![CDATA[
            
            ]]></system-err>
        
    </testcase>
    
    <testcase classname="anndata_import (Test #6)" name="5" time="32.50106167793274">
        
            
            <system-out><![CDATA[
            
            ]]></system-out>
            <system-err><![CDATA[
            
            ]]></system-err>
        
    </testcase>
    
    <testcase classname="anndata_import (Test #7)" name="6" time="28.895488023757935">
        
            
            <system-out><![CDATA[
            import anndata as ad        import scanpy as scadata = sc.read_10x_h5('/galaxy/server/database/objects/b/c/5/dataset_bc5bdec2-0c54-4b3d-aeb8-9d51f7e9f162.dat')adata.write('anndata.h5ad')
            ]]></system-out>
            <system-err><![CDATA[
            
            ]]></system-err>
        
    </testcase>
    
    <testcase classname="anndata_import (Test #7)" name="6" time="29.674684762954712">
        
            
            <system-out><![CDATA[
            import anndata as ad        import scanpy as scadata = sc.read_10x_h5('/galaxy/server/database/objects/0/1/9/dataset_01932be6-fa46-453f-bc50-66eb5f346cad.dat')adata.write('anndata.h5ad')
            ]]></system-out>
            <system-err><![CDATA[
            
            ]]></system-err>
        
    </testcase>
    
    <testcase classname="bcftools_plugin_fixploidy (Test #1)" name="0" time="33.229877948760986">
        
            
            <system-out><![CDATA[
            
            ]]></system-out>
            <system-err><![CDATA[
            
            ]]></system-err>
        
    </testcase>
    
    <testcase classname="bcftools_stats (Test #1)" name="0" time="44.948851346969604">
        
            
            <system-out><![CDATA[
            
            ]]></system-out>
            <system-err><![CDATA[
            
            ]]></system-err>
        
    </testcase>
    
    <testcase classname="bcftools_stats (Test #2)" name="1" time="">
        
            <error type="error" message=""><![CDATA[
                { "status": "skip", "test_index": 1, "tool_id": "bcftools_stats", "tool_version": "1.10"}
            ]]></error>
        
    </testcase>
    
    <testcase classname="bcftools_stats (Test #3)" name="2" time="27.599214553833008">
        
            
                <error type="error" message="Tool exit code: 1"><![CDATA[
                    { "inputs": {  "input_file": {   "id": "bc7a28573773502d",   "src": "hda"  },  "plot_title": "Plot for mpileup.vcf" }, "job": {  "command_line": "export BCFTOOLS_PLUGINS=`which bcftools | sed \u0027s,bin/bcftools,libexec/bcftools,\u0027`;     bgzip -c \u0027/galaxy/server/database/objects/2/0/9/dataset_209d345f-8bef-41b4-8ede-91d40fad461d.dat\u0027 \u003e input0.vcf.gz \u0026\u0026 bcftools index input0.vcf.gz \u0026\u0026 echo \u0027input0.vcf.gz\u0027 \u003e\u003e vcfs_list \u0026\u0026                     bcftools stats                              input0.vcf.gz  \u003e \u0027/galaxy/server/database/objects/1/6/3/dataset_163af2c4-0a58-4692-8b4a-dafc3138ba3e.dat\u0027 \u0026\u0026 plot-vcfstats -p \u0027plot_tmp/\u0027 -T \u0027Plot for mpileup.vcf\u0027 -s \u0027/galaxy/server/database/objects/1/6/3/dataset_163af2c4-0a58-4692-8b4a-dafc3138ba3e.dat\u0027 || (printf \"The content of plot_tmp/plot-vcfstats.log is:\\n\" \u003e\u00262 \u0026\u0026 cat plot_tmp/plot-vcfstats.log \u003e\u00262 \u0026\u0026 exit 1)",  "command_version": "Version: 1.10.2 (using htslib 1.10.2)",  "copied_from_job_id": null,  "create_time": "2024-07-11T19:07:12.369972",  "dependencies": [],  "exit_code": 1,  "external_id": "gxy-n44wr",  "galaxy_version": "23.1",  "history_id": "f06d5714b6020e4e",  "id": "dd0d178e26f0a340",  "inputs": {   "input_file": {    "id": "bc7a28573773502d",    "src": "hda",    "uuid": "209d345f-8bef-41b4-8ede-91d40fad461d"   }  },  "job_messages": [   {    "code_desc": "",    "desc": "Fatal error: Exit code 1 ()",    "error_level": 3,    "exit_code": 1,    "type": "exit_code"   },   {    "code_desc": "",    "desc": "Fatal error: ",    "error_level": 3,    "match": "error:",    "stream": "stderr",    "type": "regex"   }  ],  "job_metrics": [   {    "name": "runtime_seconds",    "plugin": "core",    "raw_value": "2.0000000",    "title": "Job Runtime (Wall Clock)",    "value": "2 seconds"   },   {    "name": "end_epoch",    "plugin": "core",    "raw_value": "1720724836.0000000",    "title": "Job End Time",    "value": "2024-07-11 19:07:16"   },   {    "name": "start_epoch",    "plugin": "core",    "raw_value": "1720724834.0000000",    "title": "Job Start Time",    "value": "2024-07-11 19:07:14"   },   {    "name": "galaxy_memory_mb",    "plugin": "core",    "raw_value": "4080.0000000",    "title": "Memory Allocated (MB)",    "value": "4080"   },   {    "name": "galaxy_slots",    "plugin": "core",    "raw_value": "1.0000000",    "title": "Cores Allocated",    "value": "1"   }  ],  "job_stderr": "",  "job_stdout": "",  "model_class": "Job",  "output_collections": {},  "outputs": {   "output_file": {    "id": "e044e7aaf4bf2be9",    "src": "hda",    "uuid": "163af2c4-0a58-4692-8b4a-dafc3138ba3e"   },   "output_pdf": {    "id": "7aabf144604f656a",    "src": "hda",    "uuid": "f5afbcc5-90e5-464f-8122-dcdea806f0cf"   }  },  "params": {   "__input_ext": "\"input\"",   "chromInfo": "\"/cvmfs/data.galaxyproject.org/managed/len/ucsc/?.len\"",   "dbkey": "\"?\"",   "inputB_file": null,   "plot_title": "\"Plot for mpileup.vcf\"",   "sec_default": "{\"af_tag\": \"\", \"afbins\": {\"__current_case__\": 0, \"afbins_select\": \"default\"}, \"depth\": {\"__current_case__\": 0, \"set_depth\": \"no\"}, \"exons_file\": null, \"first_allele_only\": false, \"reference_source\": {\"__current_case__\": 0, \"reference_source_selector\": \"\"}, \"split_by_ID\": false, \"user_tstv\": \"\", \"verbose\": false}",   "sec_restrict": "{\"apply_filters\": \"\", \"collapse\": null, \"exclude\": null, \"include\": null, \"invert_samples\": false, \"invert_samples_file\": false, \"regions\": {\"__current_case__\": 0, \"regions_src\": \"__none__\"}, \"samples\": \"\", \"samples_file\": null, \"targets\": {\"__current_case__\": 0, \"targets_src\": \"__none__\"}}"  },  "state": "error",  "stderr": "Parsing bcftools stats output: /galaxy/server/database/objects/1/6/3/dataset_163af2c4-0a58-4692-8b4a-dafc3138ba3e.dat\nPlotting graphs: python3 plot.py\nCreating PDF: tectonic summary.tex \u003eplot-vcfstats.log 2\u003e\u00261\nThe command exited with non-zero status, please consult the output of tectonic: plot_tmp/plot-vcfstats.log\n\n at /usr/local/bin/plot-vcfstats line 111.\n\tmain::error(\"The command exited with non-zero status, please consult the o\"...) called at /usr/local/bin/plot-vcfstats line 2086\n\tmain::create_pdf(HASH(0x57a53f3adc68)) called at /usr/local/bin/plot-vcfstats line 72\nThe content of plot_tmp/plot-vcfstats.log is:\nnote: this is a BETA release; ask questions and report bugs at https://tectonic.newton.cx/\nnote: indexing https://archive.org/services/purl/net/pkgwpub/tectonic-default\nerror: could not get backend summary digest\ncaused by: couldn\u0027t probe https://archive.org/services/purl/net/pkgwpub/tectonic-default\ncaused by: Invalid Status provided\n",  "stdout": "",  "tool_id": "toolshed.g2.bx.psu.edu/repos/iuc/bcftools_stats/bcftools_stats/1.10",  "tool_stderr": "Parsing bcftools stats output: /galaxy/server/database/objects/1/6/3/dataset_163af2c4-0a58-4692-8b4a-dafc3138ba3e.dat\nPlotting graphs: python3 plot.py\nCreating PDF: tectonic summary.tex \u003eplot-vcfstats.log 2\u003e\u00261\nThe command exited with non-zero status, please consult the output of tectonic: plot_tmp/plot-vcfstats.log\n\n at /usr/local/bin/plot-vcfstats line 111.\n\tmain::error(\"The command exited with non-zero status, please consult the o\"...) called at /usr/local/bin/plot-vcfstats line 2086\n\tmain::create_pdf(HASH(0x57a53f3adc68)) called at /usr/local/bin/plot-vcfstats line 72\nThe content of plot_tmp/plot-vcfstats.log is:\nnote: this is a BETA release; ask questions and report bugs at https://tectonic.newton.cx/\nnote: indexing https://archive.org/services/purl/net/pkgwpub/tectonic-default\nerror: could not get backend summary digest\ncaused by: couldn\u0027t probe https://archive.org/services/purl/net/pkgwpub/tectonic-default\ncaused by: Invalid Status provided\n",  "tool_stdout": "",  "traceback": null,  "update_time": "2024-07-11T19:07:24.311064",  "user_email": "tests@fake.org" }, "output_problems": [  "Job in error state.. tool_id: toolshed.g2.bx.psu.edu/repos/iuc/bcftools_stats/bcftools_stats/1.10, exit_code: 1, stderr: Parsing bcftools stats output: /galaxy/server/database/objects/1/6/3/dataset_163af2c4-0a58-4692-8b4a-dafc3138ba3e.dat\nPlotting graphs: python3 plot.py\nCreating PDF: tectonic summary.tex \u003eplot-vcfstats.log 2\u003e\u00261\nThe command exited with non-zero status, please consult the output of tectonic: plot_tmp/plot-vcfstats.log\n\n at /usr/local/bin/plot-vcfstats line 111.\n\tmain::error(\"The command exited with non-zero status, please consult the o\"...) called at /usr/local/bin/plot-vcfstats line 2086\n\tmain::create_pdf(HASH(0x57a53f3adc68)) called at /usr/local/bin/plot-vcfstats line 72\nThe content of plot_tmp/plot-vcfstats.log is:\nnote: this is a BETA release; ask questions and report bugs at https://tectonic.newton.cx/\nnote: indexing https://archive.org/services/purl/net/pkgwpub/tectonic-default\nerror: could not get backend summary digest\ncaused by: couldn\u0027t probe https://archive.org/services/purl/net/pkgwpub/tectonic-default\ncaused by: Invalid Status provided\n.",  "Job in error state.. tool_id: toolshed.g2.bx.psu.edu/repos/iuc/bcftools_stats/bcftools_stats/1.10, exit_code: 1, stderr: Parsing bcftools stats output: /galaxy/server/database/objects/1/6/3/dataset_163af2c4-0a58-4692-8b4a-dafc3138ba3e.dat\nPlotting graphs: python3 plot.py\nCreating PDF: tectonic summary.tex \u003eplot-vcfstats.log 2\u003e\u00261\nThe command exited with non-zero status, please consult the output of tectonic: plot_tmp/plot-vcfstats.log\n\n at /usr/local/bin/plot-vcfstats line 111.\n\tmain::error(\"The command exited with non-zero status, please consult the o\"...) called at /usr/local/bin/plot-vcfstats line 2086\n\tmain::create_pdf(HASH(0x57a53f3adc68)) called at /usr/local/bin/plot-vcfstats line 72\nThe content of plot_tmp/plot-vcfstats.log is:\nnote: this is a BETA release; ask questions and report bugs at https://tectonic.newton.cx/\nnote: indexing https://archive.org/services/purl/net/pkgwpub/tectonic-default\nerror: could not get backend summary digest\ncaused by: couldn\u0027t probe https://archive.org/services/purl/net/pkgwpub/tectonic-default\ncaused by: Invalid Status provided\n.",  "Job in error state.. tool_id: toolshed.g2.bx.psu.edu/repos/iuc/bcftools_stats/bcftools_stats/1.10, exit_code: 1, stderr: Parsing bcftools stats output: /galaxy/server/database/objects/1/6/3/dataset_163af2c4-0a58-4692-8b4a-dafc3138ba3e.dat\nPlotting graphs: python3 plot.py\nCreating PDF: tectonic summary.tex \u003eplot-vcfstats.log 2\u003e\u00261\nThe command exited with non-zero status, please consult the output of tectonic: plot_tmp/plot-vcfstats.log\n\n at /usr/local/bin/plot-vcfstats line 111.\n\tmain::error(\"The command exited with non-zero status, please consult the o\"...) called at /usr/local/bin/plot-vcfstats line 2086\n\tmain::create_pdf(HASH(0x57a53f3adc68)) called at /usr/local/bin/plot-vcfstats line 72\nThe content of plot_tmp/plot-vcfstats.log is:\nnote: this is a BETA release; ask questions and report bugs at https://tectonic.newton.cx/\nnote: indexing https://archive.org/services/purl/net/pkgwpub/tectonic-default\nerror: could not get backend summary digest\ncaused by: couldn\u0027t probe https://archive.org/services/purl/net/pkgwpub/tectonic-default\ncaused by: Invalid Status provided\n." ], "status": "failure", "test_index": 2, "time_seconds": 27.599214553833008, "tool_id": "bcftools_stats", "tool_version": "1.10"}
                ]]></error>
            
            <system-out><![CDATA[
            
            ]]></system-out>
            <system-err><![CDATA[
            Parsing bcftools stats output: /galaxy/server/database/objects/1/6/3/dataset_163af2c4-0a58-4692-8b4a-dafc3138ba3e.datPlotting graphs: python3 plot.pyCreating PDF: tectonic summary.tex >plot-vcfstats.log 2>&1The command exited with non-zero status, please consult the output of tectonic: plot_tmp/plot-vcfstats.log at /usr/local/bin/plot-vcfstats line 111.main::error("The command exited with non-zero status, please consult the o"...) called at /usr/local/bin/plot-vcfstats line 2086main::create_pdf(HASH(0x57a53f3adc68)) called at /usr/local/bin/plot-vcfstats line 72The content of plot_tmp/plot-vcfstats.log is:note: this is a BETA release; ask questions and report bugs at https://tectonic.newton.cx/note: indexing https://archive.org/services/purl/net/pkgwpub/tectonic-defaulterror: could not get backend summary digestcaused by: couldn't probe https://archive.org/services/purl/net/pkgwpub/tectonic-defaultcaused by: Invalid Status provided
            ]]></system-err>
        
    </testcase>
    
    <testcase classname="collection_element_identifiers (Test #1)" name="0" time="39.13525986671448">
        
            
            <system-out><![CDATA[
            
            ]]></system-out>
            <system-err><![CDATA[
            
            ]]></system-err>
        
    </testcase>
    
    <testcase classname="collection_element_identifiers (Test #2)" name="1" time="25.68671751022339">
        
            
            <system-out><![CDATA[
            
            ]]></system-out>
            <system-err><![CDATA[
            
            ]]></system-err>
        
    </testcase>
    
    <testcase classname="deeptools_plot_correlation (Test #1)" name="0" time="72.72869181632996">
        
            
            <system-out><![CDATA[
            
            ]]></system-out>
            <system-err><![CDATA[
            
            ]]></system-err>
        
    </testcase>
    
    <testcase classname="deeptools_plot_correlation (Test #2)" name="1" time="9.406514406204224">
        
            <error type="error" message="Input staging problem: Job in error state.. tool_id: upload1, exit_code: None, stderr: ."><![CDATA[
                { "execution_problem": "Input staging problem: Job in error state.. tool_id: upload1, exit_code: None, stderr: .", "status": "error", "test_index": 1, "time_seconds": 9.406514406204224, "tool_id": "deeptools_plot_correlation", "tool_version": "3.3.2.0.0"}
            ]]></error>
        
    </testcase>
    
    <testcase classname="flash (Test #1)" name="0" time="29.599220991134644">
        
            
            <system-out><![CDATA[
            
            ]]></system-out>
            <system-err><![CDATA[
            
            ]]></system-err>
        
    </testcase>
    
    <testcase classname="flash (Test #2)" name="1" time="30.570528268814087">
        
            
            <system-out><![CDATA[
            
            ]]></system-out>
            <system-err><![CDATA[
            
            ]]></system-err>
        
    </testcase>
    
    <testcase classname="flash (Test #3)" name="2" time="29.853259086608887">
        
            
            <system-out><![CDATA[
            [FLASH] Starting FLASH v1.2.11[FLASH] Fast Length Adjustment of SHort reads[FLASH]  [FLASH] Input files:[FLASH]     /galaxy/server/database/objects/8/5/8/dataset_85800d42-c039-4317-a82b-666bc027c67a.dat[FLASH]     /galaxy/server/database/objects/5/e/4/dataset_5e416c04-caf0-43bd-bf6b-be001cb7c303.dat[FLASH]  [FLASH] Output files:[FLASH]     ./out.extendedFrags.fastq[FLASH]     ./out.notCombined_1.fastq[FLASH]     ./out.notCombined_2.fastq[FLASH]     ./out.hist[FLASH]     ./out.histogram[FLASH]  [FLASH] Parameters:[FLASH]     Min overlap:           10[FLASH]     Max overlap:           65[FLASH]     Max mismatch density:  0.250000[FLASH]     Allow "outie" pairs:   false[FLASH]     Cap mismatch quals:    false[FLASH]     Combiner threads:      1[FLASH]     Input format:          FASTQ, phred_offset=64[FLASH]     Output format:         FASTQ, phred_offset=64[FLASH]  [FLASH] Starting reader and writer threads[FLASH] Starting 1 combiner threads[FLASH] Processed 200 read pairs[FLASH]  [FLASH] Read combination statistics:[FLASH]     Total pairs:      200[FLASH]     Combined pairs:   5[FLASH]     Uncombined pairs: 195[FLASH]     Percent combined: 2.50%[FLASH]  [FLASH] Writing histogram files.[FLASH]  [FLASH] FLASH v1.2.11 complete![FLASH] 0.027 seconds elapsed
            ]]></system-out>
            <system-err><![CDATA[
            
            ]]></system-err>
        
    </testcase>
    
    <testcase classname="flash (Test #4)" name="3" time="28.76965355873108">
        
            
            <system-out><![CDATA[
            
            ]]></system-out>
            <system-err><![CDATA[
            
            ]]></system-err>
        
    </testcase>
    
    <testcase classname="flash (Test #5)" name="4" time="27.819000244140625">
        
            
            <system-out><![CDATA[
            [FLASH] Starting FLASH v1.2.11[FLASH] Fast Length Adjustment of SHort reads[FLASH]  [FLASH] Input files:[FLASH]     /galaxy/server/database/objects/e/1/3/dataset_e139d2d9-a87a-4725-a8c2-7eebcff5eb97.dat[FLASH]     /galaxy/server/database/objects/3/e/4/dataset_3e4a947e-3d9e-44cc-b551-ccf59e91d1c9.dat[FLASH]  [FLASH] Output files:[FLASH]     ./out.extendedFrags.fastq[FLASH]     ./out.notCombined_1.fastq[FLASH]     ./out.notCombined_2.fastq[FLASH]     ./out.hist[FLASH]     ./out.histogram[FLASH]  [FLASH] Parameters:[FLASH]     Min overlap:           10[FLASH]     Max overlap:           65[FLASH]     Max mismatch density:  0.250000[FLASH]     Allow "outie" pairs:   false[FLASH]     Cap mismatch quals:    false[FLASH]     Combiner threads:      1[FLASH]     Input format:          FASTQ, phred_offset=33[FLASH]     Output format:         FASTQ, phred_offset=33, gzip[FLASH]  [FLASH] Starting reader and writer threads[FLASH] Starting 1 combiner threads[FLASH] Processed 500 read pairs[FLASH]  [FLASH] Read combination statistics:[FLASH]     Total pairs:      500[FLASH]     Combined pairs:   18[FLASH]     Uncombined pairs: 482[FLASH]     Percent combined: 3.60%[FLASH]  [FLASH] Writing histogram files.[FLASH]  [FLASH] FLASH v1.2.11 complete![FLASH] 0.041 seconds elapsed
            ]]></system-out>
            <system-err><![CDATA[
            
            ]]></system-err>
        
    </testcase>
    
    <testcase classname="lofreq_call (Test #1)" name="0" time="35.234705209732056">
        
            
            <system-out><![CDATA[
            INFO [2024-07-11 19:03:51,270]: Using 2 threads with following basic args: lofreq call --verbose --ref reference.fa --sig 0.01 --bonf dynamic reads.bamINFO [2024-07-11 19:03:51,282]: Adding 5 commands to mp-poolNumber of substitution tests performed: 66Number of indel tests performed: 0INFO [2024-07-11 19:03:52,400]: Executing lofreq filter -i /galaxy/server/database/jobs_directory/000/152/tmp/lofreq2_call_parallelce8nlkdh/concat.vcf.gz -o variants.vcf --snvqual-thresh 38 --indelqual-thresh 20set_lofreq_standard
            ]]></system-out>
            <system-err><![CDATA[
            
            ]]></system-err>
        
    </testcase>
    
    <testcase classname="lofreq_call (Test #2)" name="1" time="28.209146738052368">
        
            
            <system-out><![CDATA[
            INFO [2024-07-11 19:04:20,898]: Using 2 threads with following basic args: lofreq call --verbose --ref reference.fa --min-cov 1 --max-depth 1000000 --min-bq 6 --min-alt-bq 6 --min-mq 0 --max-mq 255 --min-jq 0 --min-alt-jq 0 --def-alt-jq 0 --sig 0.01 --bonf dynamic reads.bamINFO [2024-07-11 19:04:20,910]: Adding 5 commands to mp-poolNumber of substitution tests performed: 66Number of indel tests performed: 0INFO [2024-07-11 19:04:22,002]: Executing lofreq filter -i /galaxy/server/database/jobs_directory/000/155/tmp/lofreq2_call_parallelhky17bgr/concat.vcf.gz -o variants.vcf --snvqual-thresh 38 --indelqual-thresh 20set_lofreq_standard
            ]]></system-out>
            <system-err><![CDATA[
            
            ]]></system-err>
        
    </testcase>
    
    <testcase classname="lofreq_call (Test #3)" name="2" time="9.332978248596191">
        
            <error type="error" message="Input staging problem: Job in error state.. tool_id: upload1, exit_code: None, stderr: ."><![CDATA[
                { "execution_problem": "Input staging problem: Job in error state.. tool_id: upload1, exit_code: None, stderr: .", "status": "error", "test_index": 2, "time_seconds": 9.332978248596191, "tool_id": "lofreq_call", "tool_version": "2.1.5+galaxy2"}
            ]]></error>
        
    </testcase>
    
    <testcase classname="lofreq_call (Test #4)" name="3" time="28.09846591949463">
        
            
            <system-out><![CDATA[
            INFO [2024-07-11 19:04:57,945]: Using 2 threads with following basic args: lofreq call --verbose --ref reference.fa --sig 1 --bonf 1 --no-default-filter reads.bamINFO [2024-07-11 19:04:57,956]: Adding 5 commands to mp-poolNumber of substitution tests performed: 66Number of indel tests performed: 0INFO [2024-07-11 19:04:59,086]: Copying concatenated vcf file to final destinationset_all_off
            ]]></system-out>
            <system-err><![CDATA[
            
            ]]></system-err>
        
    </testcase>
    
    <testcase classname="lofreq_call (Test #5)" name="4" time="28.47801971435547">
        
            
            <system-out><![CDATA[
            INFO [2024-07-11 19:05:26,648]: Using 2 threads with following basic args: lofreq call --verbose --ref reference.fa --call-indels --only-indels --sig 1 --bonf 1 --no-default-filter reads.bamINFO [2024-07-11 19:05:26,660]: Adding 5 commands to mp-poolNumber of substitution tests performed: 0Number of indel tests performed: 9INFO [2024-07-11 19:05:28,343]: Copying concatenated vcf file to final destinationset_all_off
            ]]></system-out>
            <system-err><![CDATA[
            
            ]]></system-err>
        
    </testcase>
    
    <testcase classname="medaka_variant (Test #1)" name="0" time="65.6982672214508">
        
            
            <system-out><![CDATA[
            [18:40:00 - DataIndex] Loaded 1/2 (50.00%) sample files.[18:40:00 - DataIndex] Loaded 2/2 (100.00%) sample files.[18:40:00 - Variants] Label decoding is:0: ('*',)1: ('A',)2: ('C',)3: ('G',)4: ('T',)[18:40:00 - Variants] Processing NC_045512.2:0-.[18:40:00 - TrimOverlap] NC_045512.2:30.0-2939.0 is contained within NC_045512.2:30.0-2939.0, skipping.
            ]]></system-out>
            <system-err><![CDATA[
            
            ]]></system-err>
        
    </testcase>
    
    <testcase classname="medaka_variant (Test #2)" name="1" time="8.705398082733154">
        
            <error type="error" message="Input staging problem: Job in error state.. tool_id: upload1, exit_code: None, stderr: ."><![CDATA[
                { "execution_problem": "Input staging problem: Job in error state.. tool_id: upload1, exit_code: None, stderr: .", "status": "error", "test_index": 1, "time_seconds": 8.705398082733154, "tool_id": "medaka_variant", "tool_version": "1.0.3+galaxy7"}
            ]]></error>
        
    </testcase>
    
    <testcase classname="medaka_variant (Test #3)" name="2" time="15.88804006576538">
        
            <error type="error" message="Input staging problem: Job in error state.. tool_id: upload1, exit_code: None, stderr: ."><![CDATA[
                { "execution_problem": "Input staging problem: Job in error state.. tool_id: upload1, exit_code: None, stderr: .", "status": "error", "test_index": 2, "time_seconds": 15.88804006576538, "tool_id": "medaka_variant", "tool_version": "1.0.3+galaxy7"}
            ]]></error>
        
    </testcase>
    
    <testcase classname="poretools_times (Test #1)" name="0" time="49.36905026435852">
        
            
            <system-out><![CDATA[
            
            ]]></system-out>
            <system-err><![CDATA[
            
            ]]></system-err>
        
    </testcase>
    
    <testcase classname="poretools_times (Test #2)" name="1" time="8.85879635810852">
        
            <error type="error" message="Input staging problem: Job in error state.. tool_id: upload1, exit_code: None, stderr: ."><![CDATA[
                { "execution_problem": "Input staging problem: Job in error state.. tool_id: upload1, exit_code: None, stderr: .", "status": "error", "test_index": 1, "time_seconds": 8.85879635810852, "tool_id": "poretools_times", "tool_version": "0.6.1a1.0"}
            ]]></error>
        
    </testcase>
    
    <testcase classname="poretools_times (Test #3)" name="2" time="26.773935556411743">
        
            
            <system-out><![CDATA[
            
            ]]></system-out>
            <system-err><![CDATA[
            
            ]]></system-err>
        
    </testcase>
    
    <testcase classname="poretools_times (Test #4)" name="3" time="27.257409811019897">
        
            
            <system-out><![CDATA[
            
            ]]></system-out>
            <system-err><![CDATA[
            
            ]]></system-err>
        
    </testcase>
    
    <testcase classname="poretools_times (Test #5)" name="4" time="9.869164943695068">
        
            <error type="error" message="Input staging problem: Job in error state.. tool_id: upload1, exit_code: None, stderr: ."><![CDATA[
                { "execution_problem": "Input staging problem: Job in error state.. tool_id: upload1, exit_code: None, stderr: .", "status": "error", "test_index": 4, "time_seconds": 9.869164943695068, "tool_id": "poretools_times", "tool_version": "0.6.1a1.0"}
            ]]></error>
        
    </testcase>
    
    <testcase classname="raceid_inspecttrajectory (Test #1)" name="0" time="47.86210775375366">
        
            
            <system-out><![CDATA[
            null device           1 
            ]]></system-out>
            <system-err><![CDATA[
            
            ]]></system-err>
        
    </testcase>
    
    <testcase classname="raceid_inspecttrajectory (Test #1)" name="0" time="29.340426445007324">
        
            
            <system-out><![CDATA[
            null device           1 
            ]]></system-out>
            <system-err><![CDATA[
            
            ]]></system-err>
        
    </testcase>
    
    <testcase classname="raceid_inspecttrajectory (Test #2)" name="1" time="29.823251724243164">
        
            
            <system-out><![CDATA[
            NULLNULLNULLNULLNULLNULLNULLNULLNULLNULLNULLNULLnull device           1 
            ]]></system-out>
            <system-err><![CDATA[
            
            ]]></system-err>
        
    </testcase>
    
    <testcase classname="raceid_inspecttrajectory (Test #2)" name="1" time="27.93239998817444">
        
            
            <system-out><![CDATA[
            NULLNULLNULLNULLNULLNULLNULLNULLNULLNULLNULLNULLnull device           1 
            ]]></system-out>
            <system-err><![CDATA[
            
            ]]></system-err>
        
    </testcase>
    
    <testcase classname="raceid_inspecttrajectory (Test #3)" name="2" time="25.07256269454956">
        
            
                <error type="error" message="Tool exit code: None"><![CDATA[
                    { "inputs": {  "inputrds": {   "id": "3a350a22fe7d6a0d",   "src": "hda"  },  "trjfid|basic|cellsfromz": "2,1,4",  "trjfid|basic|doit": "yes",  "trjfid|basic|use|def": "no",  "trjfid|basic|use|filterset_minexpr": "2",  "trjfid|basic|use|getsom_alpha": "0.5",  "trjfid|basic|use|getsom_nb": "1000",  "trjfid|basic|use|plotheat_xlab": true }, "job": {  "command_line": "Rscript \u0027/cvmfs/cloud.galaxyproject.org/tools/toolshed.g2.bx.psu.edu/repos/iuc/raceid_inspecttrajectory/df8e4e54d367/raceid_inspecttrajectory/scripts/trajectoryinspect.R\u0027 \u0027/galaxy/server/database/jobs_directory/000/130/configs/tmpl65li0a1\u0027 2\u003e \u0027/galaxy/server/database/objects/7/3/a/dataset_73a6a5a6-dbbf-4888-8fa2-d73ec6059e13.dat\u0027",  "command_version": null,  "copied_from_job_id": null,  "create_time": "2024-07-11T18:58:06.773020",  "dependencies": [],  "exit_code": null,  "external_id": "gxy-dqrfs",  "galaxy_version": "23.1",  "history_id": "f06d5714b6020e4e",  "id": "3d173b072f36d7e6",  "inputs": {   "inputrds": {    "id": "3a350a22fe7d6a0d",    "src": "hda",    "uuid": "73ad4364-ed43-4461-86be-8a8f231d2113"   }  },  "job_messages": null,  "job_metrics": [],  "job_stderr": null,  "job_stdout": null,  "model_class": "Job",  "output_collections": {},  "outputs": {   "outlog": {    "id": "f15625199208af9c",    "src": "hda",    "uuid": "73a6a5a6-dbbf-4888-8fa2-d73ec6059e13"   },   "outpdf": {    "id": "d7da065ed2102c5a",    "src": "hda",    "uuid": "258452b3-0575-401a-8c10-907fd933ad88"   }  },  "params": {   "__input_ext": "\"input\"",   "chromInfo": "\"/cvmfs/data.galaxyproject.org/managed/len/ucsc/?.len\"",   "dbkey": "\"?\"",   "trjfid": "{\"basic\": {\"__current_case__\": 1, \"cellsfromz\": \"2,1,4\", \"doit\": \"yes\", \"som\": {\"__current_case__\": 0, \"doit\": \"no\"}, \"use\": {\"__current_case__\": 1, \"def\": \"no\", \"filterset_minexpr\": \"2\", \"filterset_minnumber\": \"1\", \"getsom_alpha\": \"0.5\", \"getsom_nb\": \"1000\", \"plotheat_xgrid\": false, \"plotheat_xlab\": true, \"plotheat_ygrid\": false, \"procsom_corthr\": \"0.85\", \"procsom_minsom\": \"3\"}}}",   "trjsid": "{\"basic\": {\"__current_case__\": 0, \"doit\": \"no\"}}"  },  "state": "error",  "stderr": "",  "stdout": "",  "tool_id": "toolshed.g2.bx.psu.edu/repos/iuc/raceid_inspecttrajectory/raceid_inspecttrajectory/0.2.3+galaxy2",  "tool_stderr": "",  "tool_stdout": "",  "traceback": null,  "update_time": "2024-07-11T18:58:15.981631",  "user_email": "tests@fake.org" }, "output_problems": [  "Job in error state.. tool_id: toolshed.g2.bx.psu.edu/repos/iuc/raceid_inspecttrajectory/raceid_inspecttrajectory/0.2.3+galaxy2, exit_code: None, stderr: .",  "Job in error state.. tool_id: toolshed.g2.bx.psu.edu/repos/iuc/raceid_inspecttrajectory/raceid_inspecttrajectory/0.2.3+galaxy2, exit_code: None, stderr: ." ], "status": "failure", "test_index": 2, "time_seconds": 25.07256269454956, "tool_id": "raceid_inspecttrajectory", "tool_version": "0.2.3+galaxy2"}
                ]]></error>
            
            <system-out><![CDATA[
            
            ]]></system-out>
            <system-err><![CDATA[
            
            ]]></system-err>
        
    </testcase>
    
    <testcase classname="raceid_inspecttrajectory (Test #3)" name="2" time="30.766556978225708">
        
            
            <system-out><![CDATA[
            [1] 1NULL[1] 1NULL[1] 1NULL[1] 1NULLnull device           1 
            ]]></system-out>
            <system-err><![CDATA[
            
            ]]></system-err>
        
    </testcase>
    
    <testcase classname="raceid_inspecttrajectory (Test #4)" name="3" time="30.5319402217865">
        
            
            <system-out><![CDATA[
            [1] 1NULL[1] 1NULL[1] 1NULL[1] 1NULLNULLNULLNULLnull device           1 
            ]]></system-out>
            <system-err><![CDATA[
            
            ]]></system-err>
        
    </testcase>
    
    <testcase classname="raceid_inspecttrajectory (Test #4)" name="3" time="31.836339473724365">
        
            
            <system-out><![CDATA[
            [1] 1NULL[1] 1NULL[1] 1NULL[1] 1NULLNULLNULLNULLnull device           1 
            ]]></system-out>
            <system-err><![CDATA[
            
            ]]></system-err>
        
    </testcase>
    
    <testcase classname="raceid_inspecttrajectory (Test #5)" name="4" time="30.351605653762817">
        
            
                <error type="error" message="Tool exit code: None"><![CDATA[
                    { "inputs": {  "inputrds": {   "id": "e3d5f0ce4a7ec737",   "src": "hda"  },  "trjfid|basic|cellsfromz": "3,9,2",  "trjfid|basic|doit": "yes",  "trjfid|basic|som|doit": "yes",  "trjfid|basic|som|use_genes|typer": "genelist",  "trjfid|basic|som|use_genes|use_genes": "Clca4,Mki67,Defa24,Ybx1,Vasp,Apoa1",  "trjfid|basic|use|def": "no",  "trjfid|basic|use|filterset_minexpr": "1",  "trjfid|basic|use|filterset_minnumber": "2",  "trjfid|basic|use|plotheat_ygrid": true,  "trjfid|basic|use|procsom_corthr": "0.5",  "trjfid|basic|use|procsom_minsom": "5",  "trjsid|basic|br": "6,5,3",  "trjsid|basic|doit": "yes",  "trjsid|basic|i": "5",  "trjsid|basic|use|def": "no",  "trjsid|basic|use|ndiffgenes": "14",  "trjsid|basic|use|zscore": true }, "job": {  "command_line": "Rscript \u0027/cvmfs/cloud.galaxyproject.org/tools/toolshed.g2.bx.psu.edu/repos/iuc/raceid_inspecttrajectory/df8e4e54d367/raceid_inspecttrajectory/scripts/trajectoryinspect.R\u0027 \u0027/galaxy/server/database/jobs_directory/000/134/configs/tmphlim3fuv\u0027 2\u003e \u0027/galaxy/server/database/objects/0/6/c/dataset_06c22dd6-1a30-45cf-b4f1-f96b1604771b.dat\u0027",  "command_version": null,  "copied_from_job_id": null,  "create_time": "2024-07-11T18:59:02.076914",  "dependencies": [],  "exit_code": null,  "external_id": "gxy-wsjmj",  "galaxy_version": "23.1",  "history_id": "f06d5714b6020e4e",  "id": "26838313d3e010fb",  "inputs": {   "inputrds": {    "id": "e3d5f0ce4a7ec737",    "src": "hda",    "uuid": "b00162a9-afba-4d48-9fcc-0c0fa548949b"   }  },  "job_messages": null,  "job_metrics": [],  "job_stderr": null,  "job_stdout": null,  "model_class": "Job",  "output_collections": {},  "outputs": {   "outdiffgenes": {    "id": "2fae77f03d3a00ab",    "src": "hda",    "uuid": "bb165141-8dbe-4b4a-8285-9950e6b66d04"   },   "outlog": {    "id": "8654b045735b19b7",    "src": "hda",    "uuid": "06c22dd6-1a30-45cf-b4f1-f96b1604771b"   },   "outpdf": {    "id": "215b91896a0b3098",    "src": "hda",    "uuid": "a5d40dc8-5123-435f-87f7-eb88461058be"   }  },  "params": {   "__input_ext": "\"input\"",   "chromInfo": "\"/cvmfs/data.galaxyproject.org/managed/len/ucsc/?.len\"",   "dbkey": "\"?\"",   "trjfid": "{\"basic\": {\"__current_case__\": 1, \"cellsfromz\": \"3,9,2\", \"doit\": \"yes\", \"som\": {\"__current_case__\": 1, \"doit\": \"yes\", \"title\": \"Title\", \"use\": {\"__current_case__\": 0, \"def\": \"yes\"}, \"use_genes\": {\"__current_case__\": 0, \"typer\": \"genelist\", \"use_genes\": \"Clca4,Mki67,Defa24,Ybx1,Vasp,Apoa1\"}, \"use_types\": \"\\\\\\\\_\\\\\\\\d+\"}, \"use\": {\"__current_case__\": 1, \"def\": \"no\", \"filterset_minexpr\": \"1\", \"filterset_minnumber\": \"2\", \"getsom_alpha\": \"0.5\", \"getsom_nb\": \"1000\", \"plotheat_xgrid\": false, \"plotheat_xlab\": false, \"plotheat_ygrid\": true, \"procsom_corthr\": \"0.5\", \"procsom_minsom\": \"5\"}}}",   "trjsid": "{\"basic\": {\"__current_case__\": 1, \"br\": \"6,5,3\", \"doit\": \"yes\", \"i\": \"5\", \"use\": {\"__current_case__\": 1, \"def\": \"no\", \"ndiffgenes\": \"14\", \"zscore\": true}}}"  },  "state": "error",  "stderr": "",  "stdout": "",  "tool_id": "toolshed.g2.bx.psu.edu/repos/iuc/raceid_inspecttrajectory/raceid_inspecttrajectory/0.2.3+galaxy2",  "tool_stderr": "",  "tool_stdout": "",  "traceback": null,  "update_time": "2024-07-11T18:59:16.601220",  "user_email": "tests@fake.org" }, "output_problems": [  "Job in error state.. tool_id: toolshed.g2.bx.psu.edu/repos/iuc/raceid_inspecttrajectory/raceid_inspecttrajectory/0.2.3+galaxy2, exit_code: None, stderr: .",  "Job in error state.. tool_id: toolshed.g2.bx.psu.edu/repos/iuc/raceid_inspecttrajectory/raceid_inspecttrajectory/0.2.3+galaxy2, exit_code: None, stderr: .",  "Job in error state.. tool_id: toolshed.g2.bx.psu.edu/repos/iuc/raceid_inspecttrajectory/raceid_inspecttrajectory/0.2.3+galaxy2, exit_code: None, stderr: ." ], "status": "failure", "test_index": 4, "time_seconds": 30.351605653762817, "tool_id": "raceid_inspecttrajectory", "tool_version": "0.2.3+galaxy2"}
                ]]></error>
            
            <system-out><![CDATA[
            
            ]]></system-out>
            <system-err><![CDATA[
            
            ]]></system-err>
        
    </testcase>
    
    <testcase classname="raceid_inspecttrajectory (Test #5)" name="4" time="36.207789182662964">
        
            
            <system-out><![CDATA[
            NULLNULLNULLNULLNULLNULLNULLNULLNULLNULLNULLNULL[1] 1NULL[1] 1NULL[1] 1NULL[1] 1NULLNULLNULLNULLnull device           1 
            ]]></system-out>
            <system-err><![CDATA[
            
            ]]></system-err>
        
    </testcase>
    
    <testcase classname="sailfish (Test #1)" name="0" time="39.83677005767822">
        
            
            <system-out><![CDATA[
            
            ]]></system-out>
            <system-err><![CDATA[
            Version Info: This is the most recent version of Sailfishwriting log to ./index_dir/logs/sailfish_index.logRapMap Indexer[Step 1 of 4] : counting k-mersElapsed time: 0.00117258sReplaced 0 non-ATCG nucleotidesClipped poly-A tails from 0 transcriptsBuilding rank-select dictionary and saving to disk doneElapsed time: 4.114e-05sWriting sequence data to file . . . doneElapsed time: 7.221e-05s[info] Building 32-bit suffix array (length of generalized text is 28577)Building suffix array . . . successsaving to disk . . . doneElapsed time: 0.00016169sdoneElapsed time: 0.00293039sprocessed 0 positionskhash had 18955 keyssaving hash to disk . . . doneElapsed time: 0.00133352sVersion Info: This is the most recent version of Sailfish# sailfish (quasi-mapping-based) v0.9.2# [ program ] => sailfish # [ command ] => quant # [ index ] => { ./index_dir }# [ mates1 ] => { ./mate1.fastq }# [ mates2 ] => { ./mate2.fastq }# [ libType ] => { IU }# [ output ] => { ./results }# [ threads ] => { 6 }# [ gcSizeSamp ] => { 1 }# [ gcSpeedSamp ] => { 1 }# [ fldMean ] => { 200 }# [ fldSD ] => { 80 }# [ maxReadOcc ] => { 200 }# [ maxFragLen ] => { 1000 }# [ txpAggregationKey ] => { gene_id }# [ numBiasSamples ] => { 1000000 }# [ numFragSamples ] => { 10000 }# [ numGibbsSamples ] => { 0 }# [ numBootstraps ] => { 0 }Logs will be written to ./results/logs[2024-07-11 18:43:17.112] [jointLog] [info] parsing read library formatthere is 1 libLoading 32-bit quasi index[2024-07-11 18:43:17.187] [stderrLog] [info] Loading Suffix Array [2024-07-11 18:43:17.187] [stderrLog] [info] Loading Position Hash[2024-07-11 18:43:17.188] [stderrLog] [info] Loading Transcript Info [2024-07-11 18:43:17.189] [stderrLog] [info] Loading Rank-Select Bit Array[2024-07-11 18:43:17.189] [stderrLog] [info] There were 15 set bits in the bit array[2024-07-11 18:43:17.189] [stderrLog] [info] Computing transcript lengths[2024-07-11 18:43:17.189] [stderrLog] [info] Waiting to finish loading hash[2024-07-11 18:43:17.189] [stderrLog] [info] Done loading indexIndex contained 15 targetsLoaded targets[2024-07-11 18:43:17.185] [jointLog] [info] Loading Quasi index[2024-07-11 18:43:17.189] [jointLog] [info] done[2024-07-11 18:43:17.209] [jointLog] [info] Gathered fragment lengths from all threads[2024-07-11 18:43:17.209] [jointLog] [warning] Sailfish saw fewer then 10000 uniquely mapped reads so 200 will be used as the mean fragment length and 80 as the standard deviation for effective length correction[2024-07-11 18:43:17.210] [jointLog] [info] Estimating effective lengthsDone Quasi-Mapping [2024-07-11 18:43:17.218] [jointLog] [info] Computed 21 rich equivalence classes for further processing[2024-07-11 18:43:17.218] [jointLog] [info] Counted 10000 total reads in the equivalence classes [2024-07-11 18:43:17.219] [jointLog] [info] Starting optimizer:[2024-07-11 18:43:17.219] [jointLog] [info] Optimizing over 21 equivalence classes[2024-07-11 18:43:17.219] [jointLog] [info] iteration = 0 | max rel diff. = 14.873[2024-07-11 18:43:17.219] [jointLog] [info] iteration = 64 | max rel diff. = 0.00117687[2024-07-11 18:43:17.219] [jointLog] [info] Finished optimizer[2024-07-11 18:43:17.219] [jointLog] [info] writing output 
            ]]></system-err>
        
    </testcase>
    
    <testcase classname="sailfish (Test #2)" name="1" time="25.2188880443573">
        
            
                <error type="error" message="Tool exit code: None"><![CDATA[
                    { "inputs": {  "biasCorrect": false,  "refTranscriptSource|TranscriptSource": "history",  "refTranscriptSource|ownFile": {   "id": "8646e7fb4af3732c",   "src": "hda"  },  "single_or_paired|input_mate1": {   "id": "4a4a576860bc1b5d",   "src": "hda"  },  "single_or_paired|input_mate2": {   "id": "757d396eba7a521c",   "src": "hda"  },  "single_or_paired|single_or_paired_opts": "paired" }, "job": {  "command_line": "sailfish index --transcripts /galaxy/server/database/objects/0/e/1/dataset_0e180ff3-fd4f-4450-97ac-ed097f6c3c28.dat --kmerSize 21 --out ./index_dir --threads \"${GALAXY_SLOTS:-4}\" \u0026\u0026 ln -s /galaxy/server/database/objects/2/b/6/dataset_2b6af16a-a572-4842-b1d4-f096eb198768.dat ./mate1.fastq \u0026\u0026 ln -s /galaxy/server/database/objects/d/d/d/dataset_dddd8497-3ea9-42c3-b1a8-f9970afa7b3f.dat ./mate2.fastq \u0026\u0026 sailfish quant --index ./index_dir --mates1 \u003c(zcat ./mate1.fastq) --mates2 \u003c(zcat ./mate2.fastq) --libType \"IU\" --output ./results   --threads \"${GALAXY_SLOTS:-4}\"  --gcSizeSamp 1 --gcSpeedSamp 1 --fldMean 200 --fldSD 80 --maxReadOcc 200      --maxFragLen 1000 --txpAggregationKey \u0027gene_id\u0027    --numBiasSamples 1000000 --numFragSamples 10000 --numGibbsSamples 0 --numBootstraps 0",  "command_version": null,  "copied_from_job_id": null,  "create_time": "2024-07-11T18:43:46.346155",  "dependencies": [],  "exit_code": null,  "external_id": "gxy-dng9s",  "galaxy_version": "23.1",  "history_id": "f06d5714b6020e4e",  "id": "229a0813849df0cf",  "inputs": {   "refTranscriptSource|ownFile": {    "id": "8646e7fb4af3732c",    "src": "hda",    "uuid": "0e180ff3-fd4f-4450-97ac-ed097f6c3c28"   },   "single_or_paired|input_mate1": {    "id": "4a4a576860bc1b5d",    "src": "hda",    "uuid": "2b6af16a-a572-4842-b1d4-f096eb198768"   },   "single_or_paired|input_mate2": {    "id": "757d396eba7a521c",    "src": "hda",    "uuid": "dddd8497-3ea9-42c3-b1a8-f9970afa7b3f"   }  },  "job_messages": null,  "job_metrics": [],  "job_stderr": null,  "job_stdout": null,  "model_class": "Job",  "output_collections": {},  "outputs": {   "output_quant": {    "id": "b73f99f3b075c9e7",    "src": "hda",    "uuid": "c78a8243-ef19-4fdc-8a58-575a9f61630e"   }  },  "params": {   "__input_ext": "\"fasta\"",   "allowDovetail": "false",   "biasCorrect": "false",   "chromInfo": "\"/cvmfs/data.galaxyproject.org/managed/len/ucsc/?.len\"",   "dbkey": "\"?\"",   "discardOrphans": "false",   "dumpEq": "false",   "enforceLibCompat": "false",   "fldMean": "\"200\"",   "fldSD": "\"80\"",   "gcBiasCorrect": "false",   "gcSizeSamp": "\"1\"",   "gcSpeedSamp": "\"1\"",   "geneMap": null,   "ignoreLibCompat": "false",   "maxFragLen": "\"1000\"",   "maxReadOcc": "\"200\"",   "noEffectiveLengthCorrection": "false",   "numBiasSamples": "\"1000000\"",   "numBootstraps": "\"0\"",   "numFragSamples": "\"10000\"",   "numGibbsSamples": "\"0\"",   "refTranscriptSource": "{\"TranscriptSource\": \"history\", \"__current_case__\": 1, \"kmerSize\": \"21\", \"ownFile\": {\"values\": [{\"id\": 79, \"src\": \"hda\"}]}}",   "single_or_paired": "{\"__current_case__\": 1, \"input_mate1\": {\"values\": [{\"id\": 80, \"src\": \"hda\"}]}, \"input_mate2\": {\"values\": [{\"id\": 81, \"src\": \"hda\"}]}, \"orientation\": \"I\", \"single_or_paired_opts\": \"paired\", \"strandedness\": \"U\"}",   "strictIntersect": "false",   "txpAggregationKey": "\"gene_id\"",   "unsmoothedFLD": "false",   "useVBOpt": "false"  },  "state": "error",  "stderr": "",  "stdout": "",  "tool_id": "toolshed.g2.bx.psu.edu/repos/bgruening/sailfish/sailfish/0.10.1.1",  "tool_stderr": "",  "tool_stdout": "",  "traceback": null,  "update_time": "2024-07-11T18:43:52.947924",  "user_email": "tests@fake.org" }, "output_problems": [  "Job in error state.. tool_id: toolshed.g2.bx.psu.edu/repos/bgruening/sailfish/sailfish/0.10.1.1, exit_code: None, stderr: .",  "Job in error state.. tool_id: toolshed.g2.bx.psu.edu/repos/bgruening/sailfish/sailfish/0.10.1.1, exit_code: None, stderr: ." ], "status": "failure", "test_index": 1, "time_seconds": 25.2188880443573, "tool_id": "sailfish", "tool_version": "0.10.1.1"}
                ]]></error>
            
            <system-out><![CDATA[
            
            ]]></system-out>
            <system-err><![CDATA[
            
            ]]></system-err>
        
    </testcase>
    
    <testcase classname="sailfish (Test #3)" name="2" time="30.07423424720764">
        
            
            <system-out><![CDATA[
            
            ]]></system-out>
            <system-err><![CDATA[
            Version Info: This is the most recent version of Sailfishwriting log to ./index_dir/logs/sailfish_index.logRapMap Indexer[Step 1 of 4] : counting k-mersElapsed time: 0.00118748sReplaced 0 non-ATCG nucleotidesClipped poly-A tails from 0 transcriptsBuilding rank-select dictionary and saving to disk doneElapsed time: 3.389e-05sWriting sequence data to file . . . doneElapsed time: 0.00017079s[info] Building 32-bit suffix array (length of generalized text is 28577)Building suffix array . . . successsaving to disk . . . doneElapsed time: 0.0002014sdoneElapsed time: 0.015243sprocessed 0 positionskhash had 18955 keyssaving hash to disk . . . doneElapsed time: 0.00110451sVersion Info: This is the most recent version of Sailfish# sailfish (quasi-mapping-based) v0.9.2# [ program ] => sailfish # [ command ] => quant # [ index ] => { ./index_dir }# [ mates1 ] => { ./mate1.fastq }# [ mates2 ] => { ./mate2.fastq }# [ libType ] => { IU }# [ output ] => { ./results }# [ biasCorrect ] => { }# [ threads ] => { 6 }# [ gcSizeSamp ] => { 1 }# [ gcSpeedSamp ] => { 1 }# [ fldMean ] => { 200 }# [ fldSD ] => { 80 }# [ maxReadOcc ] => { 200 }# [ maxFragLen ] => { 1000 }# [ txpAggregationKey ] => { gene_id }# [ numBiasSamples ] => { 1000000 }# [ numFragSamples ] => { 10000 }# [ numGibbsSamples ] => { 0 }# [ numBootstraps ] => { 0 }Logs will be written to ./results/logs[2024-07-11 18:44:14.803] [jointLog] [info] parsing read library formatthere is 1 libLoading 32-bit quasi indexIndex contained 15 targetsLoaded targetsDone Quasi-Mapping [2024-07-11 18:44:14.881] [jointLog] [info] Loading Quasi index[2024-07-11 18:44:14.885] [jointLog] [info] done[2024-07-11 18:44:14.909] [jointLog] [info] Gathered fragment lengths from all threads[2024-07-11 18:44:14.909] [jointLog] [warning] Sailfish saw fewer then 10000 uniquely mapped reads so 200 will be used as the mean fragment length and 80 as the standard deviation for effective length correction[2024-07-11 18:44:14.910] [jointLog] [info] Estimating effective lengths[2024-07-11 18:44:14.917] [jointLog] [info] Computed 21 rich equivalence classes for further processing[2024-07-11 18:44:14.917] [jointLog] [info] Counted 10000 total reads in the equivalence classes [2024-07-11 18:44:14.917] [jointLog] [info] Starting optimizer:[2024-07-11 18:44:14.917] [jointLog] [info] Optimizing over 21 equivalence classes[2024-07-11 18:44:14.917] [jointLog] [info] iteration = 0 | max rel diff. = 14.873[2024-07-11 18:44:14.917] [jointLog] [info] iteration 50, recomputing effective lengths[2024-07-11 18:44:14.919] [jointLog] [info] iteration = 63 | max rel diff. = 0.00199953[2024-07-11 18:44:14.919] [jointLog] [info] Finished optimizer[2024-07-11 18:44:14.919] [jointLog] [info] writing output [2024-07-11 18:44:14.883] [stderrLog] [info] Loading Suffix Array [2024-07-11 18:44:14.883] [stderrLog] [info] Loading Position Hash[2024-07-11 18:44:14.884] [stderrLog] [info] Loading Transcript Info [2024-07-11 18:44:14.884] [stderrLog] [info] Loading Rank-Select Bit Array[2024-07-11 18:44:14.885] [stderrLog] [info] There were 15 set bits in the bit array[2024-07-11 18:44:14.885] [stderrLog] [info] Computing transcript lengths[2024-07-11 18:44:14.885] [stderrLog] [info] Waiting to finish loading hash[2024-07-11 18:44:14.885] [stderrLog] [info] Done loading index
            ]]></system-err>
        
    </testcase>
    
    <testcase classname="sailfish (Test #4)" name="3" time="33.76469659805298">
        
            
            <system-out><![CDATA[
            
            ]]></system-out>
            <system-err><![CDATA[
            Version Info: This is the most recent version of Sailfishwriting log to ./index_dir/logs/sailfish_index.logRapMap Indexer[Step 1 of 4] : counting k-mersElapsed time: 0.00116043sReplaced 0 non-ATCG nucleotidesClipped poly-A tails from 0 transcriptsBuilding rank-select dictionary and saving to disk doneElapsed time: 5.991e-05sWriting sequence data to file . . . doneElapsed time: 7.8511e-05s[info] Building 32-bit suffix array (length of generalized text is 28577)Building suffix array . . . successsaving to disk . . . doneElapsed time: 0.00017007sdoneElapsed time: 0.00294338sprocessed 0 positionskhash had 18955 keyssaving hash to disk . . . doneElapsed time: 0.00136333sVersion Info: This is the most recent version of Sailfish# sailfish (quasi-mapping-based) v0.9.2# [ program ] => sailfish # [ command ] => quant # [ index ] => { ./index_dir }# [ mates1 ] => { ./mate1.fastq }# [ mates2 ] => { ./mate2.fastq }# [ libType ] => { IU }# [ output ] => { ./results }# [ biasCorrect ] => { }# [ threads ] => { 6 }# [ gcSizeSamp ] => { 1 }# [ gcSpeedSamp ] => { 1 }# [ fldMean ] => { 200 }# [ fldSD ] => { 80 }# [ maxReadOcc ] => { 200 }# [ geneMap ] => { ./geneMap.tabular }# [ maxFragLen ] => { 1000 }# [ txpAggregationKey ] => { gene_id }# [ numBiasSamples ] => { 1000000 }# [ numFragSamples ] => { 10000 }# [ numGibbsSamples ] => { 0 }# [ numBootstraps ] => { 0 }Logs will be written to ./results/logs[2024-07-11 18:44:47.736] [jointLog] [info] parsing read library formatthere is 1 libLoading 32-bit quasi index[2024-07-11 18:44:47.809] [stderrLog] [info] Loading Suffix Array [2024-07-11 18:44:47.809] [stderrLog] [info] Loading Position Hash[2024-07-11 18:44:47.810] [stderrLog] [info] Loading Transcript Info [2024-07-11 18:44:47.811] [stderrLog] [info] Loading Rank-Select Bit Array[2024-07-11 18:44:47.811] [stderrLog] [info] There were 15 set bits in the bit array[2024-07-11 18:44:47.811] [stderrLog] [info] Computing transcript lengths[2024-07-11 18:44:47.811] [stderrLog] [info] Waiting to finish loading hash[2024-07-11 18:44:47.812] [stderrLog] [info] Done loading indexIndex contained 15 targetsLoaded targets[2024-07-11 18:44:47.808] [jointLog] [info] Loading Quasi index[2024-07-11 18:44:47.812] [jointLog] [info] done[2024-07-11 18:44:47.833] [jointLog] [info] Gathered fragment lengths from all threads[2024-07-11 18:44:47.833] [jointLog] [warning] Sailfish saw fewer then 10000 uniquely mapped reads so 200 will be used as the mean fragment length and 80 as the standard deviation for effective length correction[2024-07-11 18:44:47.834] [jointLog] [info] Estimating effective lengthsDone Quasi-Mapping [2024-07-11 18:44:47.842] [jointLog] [info] Computed 21 rich equivalence classes for further processing[2024-07-11 18:44:47.842] [jointLog] [info] Counted 10000 total reads in the equivalence classes [2024-07-11 18:44:47.842] [jointLog] [info] Starting optimizer:[2024-07-11 18:44:47.842] [jointLog] [info] Optimizing over 21 equivalence classes[2024-07-11 18:44:47.842] [jointLog] [info] iteration = 0 | max rel diff. = 14.873[2024-07-11 18:44:47.842] [jointLog] [info] iteration 50, recomputing effective lengths[2024-07-11 18:44:47.844] [jointLog] [info] iteration = 63 | max rel diff. = 0.00199953[2024-07-11 18:44:47.844] [jointLog] [info] Finished optimizer[2024-07-11 18:44:47.844] [jointLog] [info] writing output Computing gene-level abundance estimatesThere were 3 transcripts mapping to 3 genesWARNING: couldn't find transcript named [NR_031764]; returning transcript  as it's own genedoneAggregating expressions to gene level . . . done
            ]]></system-err>
        
    </testcase>
    
    <testcase classname="samtools_mpileup (Test #1)" name="0" time="35.56483745574951">
        
            
            <system-out><![CDATA[
            
            ]]></system-out>
            <system-err><![CDATA[
            [mpileup] 3 samples in 3 input files
            ]]></system-err>
        
    </testcase>
    
    <testcase classname="samtools_mpileup (Test #2)" name="1" time="26.757856845855713">
        
            
            <system-out><![CDATA[
            
            ]]></system-out>
            <system-err><![CDATA[
            [mpileup] 1 samples in 1 input files
            ]]></system-err>
        
    </testcase>
    
    <testcase classname="samtools_mpileup (Test #3)" name="2" time="26.312443494796753">
        
            
            <system-out><![CDATA[
            
            ]]></system-out>
            <system-err><![CDATA[
            [mpileup] 1 samples in 1 input files
            ]]></system-err>
        
    </testcase>
    
    <testcase classname="samtools_mpileup (Test #4)" name="3" time="27.895071744918823">
        
            
            <system-out><![CDATA[
            
            ]]></system-out>
            <system-err><![CDATA[
            [mpileup] 1 samples in 1 input files
            ]]></system-err>
        
    </testcase>
    
    <testcase classname="samtools_mpileup (Test #5)" name="4" time="10.438112497329712">
        
            <error type="error" message="Input staging problem: Job in error state.. tool_id: upload1, exit_code: None, stderr: ."><![CDATA[
                { "execution_problem": "Input staging problem: Job in error state.. tool_id: upload1, exit_code: None, stderr: .", "status": "error", "test_index": 4, "time_seconds": 10.438112497329712, "tool_id": "samtools_mpileup", "tool_version": "2.1.4"}
            ]]></error>
        
    </testcase>
    
    <testcase classname="samtools_phase (Test #1)" name="0" time="23.810202836990356">
        
            
                <error type="error" message="Tool exit code: None"><![CDATA[
                    { "inputs": {  "input_bam": {   "id": "798bc31cc2d98750",   "src": "hda"  },  "option_set|option_sets": "default" }, "job": {  "command_line": "samtools phase -b phase_wrapper -k 13 -q 37 -Q 13 -D 256 \u0027/galaxy/server/database/objects/3/e/2/dataset_3e2bf65e-d569-4179-b9e3-aa72aa554abc.dat\u0027 \u003e \u0027/galaxy/server/database/objects/d/5/8/dataset_d5826c7f-04b4-47fe-aa21-491cad181806.dat\u0027",  "command_version": null,  "copied_from_job_id": null,  "create_time": "2024-07-11T18:45:13.873517",  "dependencies": [],  "exit_code": null,  "external_id": "gxy-hfq8l",  "galaxy_version": "23.1",  "history_id": "f06d5714b6020e4e",  "id": "083c058ade4e8c46",  "inputs": {   "input_bam": {    "id": "798bc31cc2d98750",    "src": "hda",    "uuid": "3e2bf65e-d569-4179-b9e3-aa72aa554abc"   }  },  "job_messages": null,  "job_metrics": [],  "job_stderr": null,  "job_stdout": null,  "model_class": "Job",  "output_collections": {},  "outputs": {   "chimera": {    "id": "04f95188dbd428b4",    "src": "hda",    "uuid": "d34865ad-ef80-4e15-9fcb-ce9d8d6f8747"   },   "phase0": {    "id": "1c8805551a4b8bff",    "src": "hda",    "uuid": "d465ae7f-83c2-4c8b-aefd-2c0b1706ee2c"   },   "phase1": {    "id": "7b702c989316dcb4",    "src": "hda",    "uuid": "374020f4-2cdd-4d74-a8d1-8698263a799c"   },   "phase_sets": {    "id": "710f5b64e863367a",    "src": "hda",    "uuid": "d5826c7f-04b4-47fe-aa21-491cad181806"   }  },  "params": {   "__input_ext": "\"input\"",   "chromInfo": "\"/cvmfs/data.galaxyproject.org/managed/len/ucsc/?.len\"",   "dbkey": "\"?\"",   "option_set": "{\"__current_case__\": 0, \"option_sets\": \"default\"}"  },  "state": "error",  "stderr": "",  "stdout": "",  "tool_id": "toolshed.g2.bx.psu.edu/repos/devteam/samtools_phase/samtools_phase/2.0.2",  "tool_stderr": "",  "tool_stdout": "",  "traceback": null,  "update_time": "2024-07-11T18:45:21.135671",  "user_email": "tests@fake.org" }, "output_problems": [  "Job in error state.. tool_id: toolshed.g2.bx.psu.edu/repos/devteam/samtools_phase/samtools_phase/2.0.2, exit_code: None, stderr: .",  "Job in error state.. tool_id: toolshed.g2.bx.psu.edu/repos/devteam/samtools_phase/samtools_phase/2.0.2, exit_code: None, stderr: .",  "Job in error state.. tool_id: toolshed.g2.bx.psu.edu/repos/devteam/samtools_phase/samtools_phase/2.0.2, exit_code: None, stderr: .",  "Job in error state.. tool_id: toolshed.g2.bx.psu.edu/repos/devteam/samtools_phase/samtools_phase/2.0.2, exit_code: None, stderr: .",  "Job in error state.. tool_id: toolshed.g2.bx.psu.edu/repos/devteam/samtools_phase/samtools_phase/2.0.2, exit_code: None, stderr: ." ], "status": "failure", "test_index": 0, "time_seconds": 23.810202836990356, "tool_id": "samtools_phase", "tool_version": "2.0.2"}
                ]]></error>
            
            <system-out><![CDATA[
            
            ]]></system-out>
            <system-err><![CDATA[
            
            ]]></system-err>
        
    </testcase>
    
    <testcase classname="samtools_phase (Test #1)" name="0" time="20.21490716934204">
        
            
                <error type="error" message="Tool exit code: None"><![CDATA[
                    { "inputs": {  "input_bam": {   "id": "40099fd20a23b29d",   "src": "hda"  },  "option_set|option_sets": "default" }, "job": {  "command_line": "samtools phase -b phase_wrapper -k 13 -q 37 -Q 13 -D 256 \u0027/galaxy/server/database/objects/7/8/b/dataset_78b5d3f5-9b87-4cb1-89ce-18b1e4a41a4a.dat\u0027 \u003e \u0027/galaxy/server/database/objects/8/8/1/dataset_8810477e-43bd-4bff-81b6-ae2ec55f3fc4.dat\u0027",  "command_version": null,  "copied_from_job_id": null,  "create_time": "2024-07-11T18:46:34.505829",  "dependencies": [],  "exit_code": null,  "external_id": "gxy-22xgl",  "galaxy_version": "23.1",  "history_id": "f06d5714b6020e4e",  "id": "9bd0cd3a4e138a96",  "inputs": {   "input_bam": {    "id": "40099fd20a23b29d",    "src": "hda",    "uuid": "78b5d3f5-9b87-4cb1-89ce-18b1e4a41a4a"   }  },  "job_messages": null,  "job_metrics": [],  "job_stderr": null,  "job_stdout": null,  "model_class": "Job",  "output_collections": {},  "outputs": {   "chimera": {    "id": "017d4bb69de55062",    "src": "hda",    "uuid": "9e12fdf7-d5b8-4fd9-bf66-ca7c63e55176"   },   "phase0": {    "id": "723d6ccaaaa2b761",    "src": "hda",    "uuid": "1312e783-d5f7-41c7-a90e-6b9f2cba776b"   },   "phase1": {    "id": "3042b850f8036ecb",    "src": "hda",    "uuid": "5d5d13c5-ba2f-42ba-a63c-e55c29f06357"   },   "phase_sets": {    "id": "f6dc7ee4414b71d7",    "src": "hda",    "uuid": "8810477e-43bd-4bff-81b6-ae2ec55f3fc4"   }  },  "params": {   "__input_ext": "\"input\"",   "chromInfo": "\"/cvmfs/data.galaxyproject.org/managed/len/ucsc/?.len\"",   "dbkey": "\"?\"",   "option_set": "{\"__current_case__\": 0, \"option_sets\": \"default\"}"  },  "state": "error",  "stderr": "",  "stdout": "",  "tool_id": "toolshed.g2.bx.psu.edu/repos/devteam/samtools_phase/samtools_phase/2.0.2",  "tool_stderr": "",  "tool_stdout": "",  "traceback": null,  "update_time": "2024-07-11T18:46:39.698779",  "user_email": "tests@fake.org" }, "output_problems": [  "Job in error state.. tool_id: toolshed.g2.bx.psu.edu/repos/devteam/samtools_phase/samtools_phase/2.0.2, exit_code: None, stderr: .",  "Job in error state.. tool_id: toolshed.g2.bx.psu.edu/repos/devteam/samtools_phase/samtools_phase/2.0.2, exit_code: None, stderr: .",  "Job in error state.. tool_id: toolshed.g2.bx.psu.edu/repos/devteam/samtools_phase/samtools_phase/2.0.2, exit_code: None, stderr: .",  "Job in error state.. tool_id: toolshed.g2.bx.psu.edu/repos/devteam/samtools_phase/samtools_phase/2.0.2, exit_code: None, stderr: .",  "Job in error state.. tool_id: toolshed.g2.bx.psu.edu/repos/devteam/samtools_phase/samtools_phase/2.0.2, exit_code: None, stderr: ." ], "status": "failure", "test_index": 0, "time_seconds": 20.21490716934204, "tool_id": "samtools_phase", "tool_version": "2.0.2"}
                ]]></error>
            
            <system-out><![CDATA[
            
            ]]></system-out>
            <system-err><![CDATA[
            
            ]]></system-err>
        
    </testcase>
    
    <testcase classname="samtools_phase (Test #2)" name="1" time="28.454004049301147">
        
            
            <system-out><![CDATA[
            
            ]]></system-out>
            <system-err><![CDATA[
            
            ]]></system-err>
        
    </testcase>
    
    <testcase classname="samtools_phase (Test #2)" name="1" time="27.29091215133667">
        
            
            <system-out><![CDATA[
            
            ]]></system-out>
            <system-err><![CDATA[
            
            ]]></system-err>
        
    </testcase>
    
    <testcase classname="samtools_phase (Test #3)" name="2" time="28.683738470077515">
        
            
            <system-out><![CDATA[
            
            ]]></system-out>
            <system-err><![CDATA[
            
            ]]></system-err>
        
    </testcase>
    
    <testcase classname="samtools_phase (Test #3)" name="2" time="9.86366605758667">
        
            <error type="error" message="Input staging problem: Job in error state.. tool_id: upload1, exit_code: None, stderr: ."><![CDATA[
                { "execution_problem": "Input staging problem: Job in error state.. tool_id: upload1, exit_code: None, stderr: .", "status": "error", "test_index": 2, "time_seconds": 9.86366605758667, "tool_id": "samtools_phase", "tool_version": "2.0.2"}
            ]]></error>
        
    </testcase>
    
    <testcase classname="scanpy_normalize (Test #1)" name="0" time="14.243833780288696">
        
            <error type="error" message="Input staging problem: Job in error state.. tool_id: upload1, exit_code: None, stderr: ."><![CDATA[
                { "execution_problem": "Input staging problem: Job in error state.. tool_id: upload1, exit_code: None, stderr: .", "status": "error", "test_index": 0, "time_seconds": 14.243833780288696, "tool_id": "scanpy_normalize", "tool_version": "1.7.1+galaxy0"}
            ]]></error>
        
    </testcase>
    
    <testcase classname="scanpy_normalize (Test #2)" name="1" time="9.21688985824585">
        
            <error type="error" message="Input staging problem: Job in error state.. tool_id: upload1, exit_code: None, stderr: ."><![CDATA[
                { "execution_problem": "Input staging problem: Job in error state.. tool_id: upload1, exit_code: None, stderr: .", "status": "error", "test_index": 1, "time_seconds": 9.21688985824585, "tool_id": "scanpy_normalize", "tool_version": "1.7.1+galaxy0"}
            ]]></error>
        
    </testcase>
    
    <testcase classname="scanpy_normalize (Test #3)" name="2" time="13.976645469665527">
        
            <error type="error" message="Input staging problem: Job in error state.. tool_id: upload1, exit_code: None, stderr: ."><![CDATA[
                { "execution_problem": "Input staging problem: Job in error state.. tool_id: upload1, exit_code: None, stderr: .", "status": "error", "test_index": 2, "time_seconds": 13.976645469665527, "tool_id": "scanpy_normalize", "tool_version": "1.7.1+galaxy0"}
            ]]></error>
        
    </testcase>
    
    <testcase classname="scanpy_normalize (Test #4)" name="3" time="50.7532696723938">
        
            
            <system-out><![CDATA[
            [n_obs  n_vars]-    1000  1[obs]-    n_counts_all-    n_genes[var]-    n_counts-    mean-    std-    n_cells[uns]-    log1p
            ]]></system-out>
            <system-err><![CDATA[
            WARNING: Some cells have total count of genes equal to zero
            ]]></system-err>
        
    </testcase>
    
    <testcase classname="scanpy_scale_data (Test #1)" name="0" time="0.1484689712524414">
        
            <error type="error" message="Input staging problem: Test input file (find_variable_genes.h5) cannot be found."><![CDATA[
                { "execution_problem": "Input staging problem: Test input file (find_variable_genes.h5) cannot be found.", "status": "error", "test_index": 0, "time_seconds": 0.1484689712524414, "tool_id": "scanpy_scale_data", "tool_version": "1.8.1+3+galaxy0"}
            ]]></error>
        
    </testcase>
    
    <testcase classname="scanpy_scale_data (Test #1)" name="0" time="0.1487102508544922">
        
            <error type="error" message="Input staging problem: Test input file (find_variable_genes.h5) cannot be found."><![CDATA[
                { "execution_problem": "Input staging problem: Test input file (find_variable_genes.h5) cannot be found.", "status": "error", "test_index": 0, "time_seconds": 0.1487102508544922, "tool_id": "scanpy_scale_data", "tool_version": "1.8.1+3+galaxy0"}
            ]]></error>
        
    </testcase>
    
    <testcase classname="snpeff_sars_cov_2 (Test #1)" name="0" time="49.87634897232056">
        
            
            <system-out><![CDATA[
            
            ]]></system-out>
            <system-err><![CDATA[
            
            ]]></system-err>
        
    </testcase>
    
    <testcase classname="vcf2tsv (Test #1)" name="0" time="30.282842874526978">
        
            
            <system-out><![CDATA[
            
            ]]></system-out>
            <system-err><![CDATA[
            
            ]]></system-err>
        
    </testcase>
    
    <testcase classname="vcf2tsv (Test #2)" name="1" time="19.46847414970398">
        
            
                <error type="error" message="Tool exit code: None"><![CDATA[
                    { "inputs": {  "g_option": false,  "input": {   "id": "0bd2d58b0ff3b285",   "src": "hda"  },  "null_filler": "." }, "job": {  "command_line": "vcf2tsv  -n \u0027.\u0027 \u0027/galaxy/server/database/objects/c/d/6/dataset_cd6fcff2-4a27-4415-9690-9b321aecb546.dat\u0027 \u003e \u0027/galaxy/server/database/objects/4/1/9/dataset_419482ac-8ec3-4b11-9691-c8f15039acfe.dat\u0027",  "command_version": null,  "copied_from_job_id": null,  "create_time": "2024-07-11T19:08:10.119621",  "dependencies": [],  "exit_code": null,  "external_id": "gxy-tt5nz",  "galaxy_version": "23.1",  "history_id": "f06d5714b6020e4e",  "id": "d7da065ed2102c5a",  "inputs": {   "input": {    "id": "0bd2d58b0ff3b285",    "src": "hda",    "uuid": "cd6fcff2-4a27-4415-9690-9b321aecb546"   }  },  "job_messages": null,  "job_metrics": [],  "job_stderr": null,  "job_stdout": null,  "model_class": "Job",  "output_collections": {},  "outputs": {   "out_file1": {    "id": "20ec5f20503caeb5",    "src": "hda",    "uuid": "419482ac-8ec3-4b11-9691-c8f15039acfe"   }  },  "params": {   "__input_ext": "\"vcf\"",   "chromInfo": "\"/cvmfs/data.galaxyproject.org/managed/len/ucsc/?.len\"",   "dbkey": "\"?\"",   "g_option": "false",   "null_filler": "\".\""  },  "state": "error",  "stderr": "",  "stdout": "",  "tool_id": "toolshed.g2.bx.psu.edu/repos/devteam/vcf2tsv/vcf2tsv/1.0.0_rc3+galaxy0",  "tool_stderr": "",  "tool_stdout": "",  "traceback": null,  "update_time": "2024-07-11T19:08:15.292256",  "user_email": "tests@fake.org" }, "output_problems": [  "Job in error state.. tool_id: toolshed.g2.bx.psu.edu/repos/devteam/vcf2tsv/vcf2tsv/1.0.0_rc3+galaxy0, exit_code: None, stderr: .",  "Job in error state.. tool_id: toolshed.g2.bx.psu.edu/repos/devteam/vcf2tsv/vcf2tsv/1.0.0_rc3+galaxy0, exit_code: None, stderr: ." ], "status": "failure", "test_index": 1, "time_seconds": 19.46847414970398, "tool_id": "vcf2tsv", "tool_version": "1.0.0_rc3+galaxy0"}
                ]]></error>
            
            <system-out><![CDATA[
            
            ]]></system-out>
            <system-err><![CDATA[
            
            ]]></system-err>
        
    </testcase>
    
    <testcase classname="vcfhethom (Test #1)" name="0" time="25.394965887069702">
        
            
            <system-out><![CDATA[
            
            ]]></system-out>
            <system-err><![CDATA[
            
            ]]></system-err>
        
    </testcase>
    
    <testcase classname="vcfhethom (Test #2)" name="1" time="24.312897443771362">
        
            
            <system-out><![CDATA[
            
            ]]></system-out>
            <system-err><![CDATA[
            
            ]]></system-err>
        
    </testcase>
    
    <testcase classname="vcfhethom (Test #3)" name="2" time="19.76086187362671">
        
            
                <error type="error" message="Tool exit code: None"><![CDATA[
                    { "inputs": {  "analysis_type": "allele_count",  "vcf_input": {   "id": "e607fe577e0b7d65",   "src": "hda"  } }, "job": {  "command_line": "vcfcountalleles \u0027/galaxy/server/database/objects/1/b/0/dataset_1b06b0ec-dedd-44bb-8e44-8cb0eb074100.dat\u0027 \u003e \u0027/galaxy/server/database/objects/5/3/c/dataset_53cba4ff-48dc-4692-9b82-5e2f6b4ea791.dat\u0027",  "command_version": null,  "copied_from_job_id": null,  "create_time": "2024-07-11T19:09:20.642017",  "dependencies": [],  "exit_code": null,  "external_id": "gxy-fr89r",  "galaxy_version": "23.1",  "history_id": "f06d5714b6020e4e",  "id": "215b91896a0b3098",  "inputs": {   "vcf_input": {    "id": "e607fe577e0b7d65",    "src": "hda",    "uuid": "1b06b0ec-dedd-44bb-8e44-8cb0eb074100"   }  },  "job_messages": null,  "job_metrics": [],  "job_stderr": null,  "job_stdout": null,  "model_class": "Job",  "output_collections": {},  "outputs": {   "out_file1": {    "id": "9ad2cc8c820bbae8",    "src": "hda",    "uuid": "53cba4ff-48dc-4692-9b82-5e2f6b4ea791"   }  },  "params": {   "__input_ext": "\"vcf\"",   "analysis_type": "\"allele_count\"",   "chromInfo": "\"/cvmfs/data.galaxyproject.org/managed/len/ucsc/?.len\"",   "dbkey": "\"?\""  },  "state": "error",  "stderr": "",  "stdout": "",  "tool_id": "toolshed.g2.bx.psu.edu/repos/devteam/vcfhethom/vcfhethom/1.0.0_rc3+galaxy0",  "tool_stderr": "",  "tool_stdout": "",  "traceback": null,  "update_time": "2024-07-11T19:09:25.679305",  "user_email": "tests@fake.org" }, "output_problems": [  "Job in error state.. tool_id: toolshed.g2.bx.psu.edu/repos/devteam/vcfhethom/vcfhethom/1.0.0_rc3+galaxy0, exit_code: None, stderr: .",  "Job in error state.. tool_id: toolshed.g2.bx.psu.edu/repos/devteam/vcfhethom/vcfhethom/1.0.0_rc3+galaxy0, exit_code: None, stderr: ." ], "status": "failure", "test_index": 2, "time_seconds": 19.76086187362671, "tool_id": "vcfhethom", "tool_version": "1.0.0_rc3+galaxy0"}
                ]]></error>
            
            <system-out><![CDATA[
            
            ]]></system-out>
            <system-err><![CDATA[
            
            ]]></system-err>
        
    </testcase>
    
    <testcase classname="volcanoplot (Test #1)" name="0" time="47.569223403930664">
        
            
            <system-out><![CDATA[
            [1] "Header row detected"null device           1 R version 4.0.5 (2021-03-31)Platform: x86_64-conda-linux-gnu (64-bit)Running under: Debian GNU/Linux 10 (buster)Matrix products: defaultBLAS/LAPACK: /usr/local/lib/libopenblasp-r0.3.15.solocale: [1] LC_CTYPE=C.UTF-8       LC_NUMERIC=C           LC_TIME=C.UTF-8        [4] LC_COLLATE=C.UTF-8     LC_MONETARY=C.UTF-8    LC_MESSAGES=C.UTF-8    [7] LC_PAPER=C.UTF-8       LC_NAME=C              LC_ADDRESS=C          [10] LC_TELEPHONE=C         LC_MEASUREMENT=C.UTF-8 LC_IDENTIFICATION=C   attached base packages:[1] stats     graphics  grDevices utils     datasets  methods   base     other attached packages:[1] ggrepel_0.9.1 ggplot2_3.3.3 dplyr_1.0.6  loaded via a namespace (and not attached): [1] Rcpp_1.0.6       magrittr_2.0.1   tidyselect_1.1.1 munsell_0.5.0    [5] colorspace_2.0-1 R6_2.5.0         rlang_0.4.11     fansi_0.5.0      [9] grid_4.0.5       gtable_0.3.0     utf8_1.2.1       withr_2.4.2     [13] ellipsis_0.3.2   digest_0.6.27    tibble_3.1.2     lifecycle_1.0.0 [17] crayon_1.4.1     purrr_0.3.4      farver_2.1.0     vctrs_0.3.8     [21] glue_1.4.2       labeling_0.4.2   compiler_4.0.5   pillar_1.6.1    [25] generics_0.1.0   scales_1.1.1     pkgconfig_2.0.3 
            ]]></system-out>
            <system-err><![CDATA[
            Warning message:In Sys.setlocale("LC_MESSAGES", "en_US.UTF-8") :  OS reports request to set locale to "en_US.UTF-8" cannot be honored
            ]]></system-err>
        
    </testcase>
    
    <testcase classname="volcanoplot (Test #2)" name="1" time="30.308386087417603">
        
            
            <system-out><![CDATA[
            [1] "Header row detected"null device           1 R version 4.0.5 (2021-03-31)Platform: x86_64-conda-linux-gnu (64-bit)Running under: Debian GNU/Linux 10 (buster)Matrix products: defaultBLAS/LAPACK: /usr/local/lib/libopenblasp-r0.3.15.solocale: [1] LC_CTYPE=C.UTF-8       LC_NUMERIC=C           LC_TIME=C.UTF-8        [4] LC_COLLATE=C.UTF-8     LC_MONETARY=C.UTF-8    LC_MESSAGES=C.UTF-8    [7] LC_PAPER=C.UTF-8       LC_NAME=C              LC_ADDRESS=C          [10] LC_TELEPHONE=C         LC_MEASUREMENT=C.UTF-8 LC_IDENTIFICATION=C   attached base packages:[1] stats     graphics  grDevices utils     datasets  methods   base     other attached packages:[1] ggrepel_0.9.1 ggplot2_3.3.3 dplyr_1.0.6  loaded via a namespace (and not attached): [1] Rcpp_1.0.6       magrittr_2.0.1   tidyselect_1.1.1 munsell_0.5.0    [5] colorspace_2.0-1 R6_2.5.0         rlang_0.4.11     fansi_0.5.0      [9] grid_4.0.5       gtable_0.3.0     utf8_1.2.1       withr_2.4.2     [13] ellipsis_0.3.2   digest_0.6.27    tibble_3.1.2     lifecycle_1.0.0 [17] crayon_1.4.1     purrr_0.3.4      farver_2.1.0     vctrs_0.3.8     [21] glue_1.4.2       labeling_0.4.2   compiler_4.0.5   pillar_1.6.1    [25] generics_0.1.0   scales_1.1.1     pkgconfig_2.0.3 
            ]]></system-out>
            <system-err><![CDATA[
            Warning message:In Sys.setlocale("LC_MESSAGES", "en_US.UTF-8") :  OS reports request to set locale to "en_US.UTF-8" cannot be honored
            ]]></system-err>
        
    </testcase>
    
    <testcase classname="volcanoplot (Test #3)" name="2" time="14.387519836425781">
        
            <error type="error" message="Input staging problem: Job in error state.. tool_id: upload1, exit_code: None, stderr: ."><![CDATA[
                { "execution_problem": "Input staging problem: Job in error state.. tool_id: upload1, exit_code: None, stderr: .", "status": "error", "test_index": 2, "time_seconds": 14.387519836425781, "tool_id": "volcanoplot", "tool_version": "0.0.5"}
            ]]></error>
        
    </testcase>
    
</testsuite>