<?xml version="1.0" encoding="UTF-8"?>
<testsuite name="Results (powered by Planemo)"
           tests="82"
           errors="14"
           failures="9"
           skip="0">
    
    <testcase classname="bcftools_call (Test #1)" name="0" time="40.1719331741333">
        
            
            <system-out><![CDATA[
            
            ]]></system-out>
            <system-err><![CDATA[
            Note: none of --samples-file, --ploidy or --ploidy-file given, assuming all sites are diploid
            ]]></system-err>
        
    </testcase>
    
    <testcase classname="bcftools_call (Test #2)" name="1" time="40.50753307342529">
        
            
            <system-out><![CDATA[
            
            ]]></system-out>
            <system-err><![CDATA[
            Note: none of --samples-file, --ploidy or --ploidy-file given, assuming all sites are diploid
            ]]></system-err>
        
    </testcase>
    
    <testcase classname="bcftools_call (Test #3)" name="2" time="45.97795271873474">
        
            
            <system-out><![CDATA[
            
            ]]></system-out>
            <system-err><![CDATA[
            
            ]]></system-err>
        
    </testcase>
    
    <testcase classname="bcftools_call (Test #4)" name="3" time="40.64751386642456">
        
            
            <system-out><![CDATA[
            
            ]]></system-out>
            <system-err><![CDATA[
            
            ]]></system-err>
        
    </testcase>
    
    <testcase classname="bcftools_plugin_setgt (Test #1)" name="0" time="45.066208839416504">
        
            
            <system-out><![CDATA[
            
            ]]></system-out>
            <system-err><![CDATA[
            Filled 44 alleles
            ]]></system-err>
        
    </testcase>
    
    <testcase classname="deeptools_plot_heatmap (Test #1)" name="0" time="121.72410345077515">
        
            
            <system-out><![CDATA[
            
            ]]></system-out>
            <system-err><![CDATA[
            
            ]]></system-err>
        
    </testcase>
    
    <testcase classname="deeptools_plot_heatmap (Test #2)" name="1" time="31.4304039478302">
        
            
                <error type="error" message="Tool exit code: None"><![CDATA[
                    { "inputs": {  "advancedOpt|showAdvancedOpt": "yes",  "advancedOpt|whatToShow": "heatmap and colorbar",  "matrixFile": {   "id": "198ef348e8da387d",   "src": "hda"  } }, "job": {  "command_line": "plotHeatmap --matrixFile \u0027/galaxy/server/database/objects/d/b/4/dataset_db4396ad-5890-472e-947d-50e896827594.dat\u0027 --outFileName \u0027/galaxy/server/database/objects/5/5/4/dataset_554a804e-1b40-47da-9383-62deadeb22b0.dat\u0027  --plotFileFormat \u0027png\u0027  --sortRegions \u0027descend\u0027  --sortUsing \u0027mean\u0027  --averageTypeSummaryPlot \u0027mean\u0027  --plotType \u0027lines\u0027  --missingDataColor \u0027black\u0027   --alpha \u00271.0\u0027    --xAxisLabel \u0027distance from TSS (bp)\u0027 --yAxisLabel \u0027genes\u0027  --heatmapWidth 7.5 --heatmapHeight 25.0  --whatToShow \u0027heatmap and colorbar\u0027  --startLabel \u0027TSS\u0027 --endLabel \u0027TES\u0027  --refPointLabel \u0027TSS\u0027     --legendLocation \u0027best\u0027  --labelRotation \u00270\u0027",  "command_version": null,  "copied_from_job_id": null,  "create_time": "2024-08-25T18:32:54.837500",  "dependencies": [],  "exit_code": null,  "external_id": "gxy-hg2ct",  "galaxy_version": "24.1",  "handler": null,  "history_id": "4496ec44713a9b61",  "id": "ffbde8ba35c8fe0e",  "inputs": {   "matrixFile": {    "id": "198ef348e8da387d",    "src": "hda",    "uuid": "db4396ad-5890-472e-947d-50e896827594"   }  },  "job_messages": null,  "job_metrics": [],  "job_runner_name": null,  "job_stderr": null,  "job_stdout": null,  "model_class": "Job",  "output_collections": {},  "outputs": {   "outFileName": {    "id": "ffbde8ba35c8fe0e",    "src": "hda",    "uuid": "554a804e-1b40-47da-9383-62deadeb22b0"   }  },  "params": {   "__input_ext": "\"input\"",   "advancedOpt": "{\"__current_case__\": 1, \"alpha\": \"1.0\", \"averageTypeSummaryPlot\": \"mean\", \"colorList\": \"\", \"colorMapRepeat\": [], \"endLabel\": \"TES\", \"heatmapHeight\": \"25.0\", \"heatmapWidth\": \"7.5\", \"labelRotation\": \"0\", \"legendLocation\": \"best\", \"missingDataColor\": \"black\", \"perGroup\": false, \"plotTitle\": \"\", \"plotType\": \"lines\", \"referencePointLabel\": \"TSS\", \"regionsLabel\": null, \"samplesLabel\": null, \"showAdvancedOpt\": \"yes\", \"sortRegions\": \"descend\", \"sortUsing\": \"mean\", \"startLabel\": \"TSS\", \"used_multiple_regions\": {\"__current_case__\": 1, \"used_multiple_regions_options\": \"yes\"}, \"whatToShow\": \"heatmap and colorbar\", \"xAxisLabel\": \"distance from TSS (bp)\", \"yAxisLabel\": \"genes\", \"yMax\": \"\", \"yMin\": \"\", \"zMax\": \"\", \"zMin\": \"\"}",   "chromInfo": "\"/cvmfs/data.galaxyproject.org/managed/len/ucsc/?.len\"",   "dbkey": "\"?\"",   "output": "{\"__current_case__\": 0, \"showOutputSettings\": \"no\"}"  },  "state": "error",  "stderr": "",  "stdout": "",  "tool_id": "toolshed.g2.bx.psu.edu/repos/bgruening/deeptools_plot_heatmap/deeptools_plot_heatmap/3.3.2.0.1",  "tool_stderr": "",  "tool_stdout": "",  "update_time": "2024-08-25T18:33:02.873781",  "user_email": "tests@fake.org" }, "output_problems": [  "Job in error state.. tool_id: toolshed.g2.bx.psu.edu/repos/bgruening/deeptools_plot_heatmap/deeptools_plot_heatmap/3.3.2.0.1, exit_code: None, stderr: .",  "Job in error state.. tool_id: toolshed.g2.bx.psu.edu/repos/bgruening/deeptools_plot_heatmap/deeptools_plot_heatmap/3.3.2.0.1, exit_code: None, stderr: ." ], "status": "failure", "test_index": 1, "time_seconds": 31.4304039478302, "tool_id": "deeptools_plot_heatmap", "tool_version": "3.3.2.0.1"}
                ]]></error>
            
            <system-out><![CDATA[
            
            ]]></system-out>
            <system-err><![CDATA[
            
            ]]></system-err>
        
    </testcase>
    
    <testcase classname="deeptools_plot_profile (Test #1)" name="0" time="40.0735867023468">
        
            
            <system-out><![CDATA[
            
            ]]></system-out>
            <system-err><![CDATA[
            
            ]]></system-err>
        
    </testcase>
    
    <testcase classname="deeptools_plot_profile (Test #2)" name="1" time="42.58564758300781">
        
            
            <system-out><![CDATA[
            
            ]]></system-out>
            <system-err><![CDATA[
            
            ]]></system-err>
        
    </testcase>
    
    <testcase classname="dropletutils (Test #1)" name="0" time="85.15784549713135">
        
            
            <system-out><![CDATA[
            
            ]]></system-out>
            <system-err><![CDATA[
            Error in print.default(ifelse(is.na(y), NA_character_, sQuote(y)), quote = FALSE,  :   ignoring SIGPIPE signalCalls: <Anonymous> -> print.numeric_version -> print -> print.defaultExecution haltedCells: 1025
            ]]></system-err>
        
    </testcase>
    
    <testcase classname="dropletutils (Test #1)" name="0" time="25.60759472846985">
        
            <error type="error" message="Input staging problem: Job in error state.. tool_id: upload1, exit_code: None, stderr: ."><![CDATA[
                { "execution_problem": "Input staging problem: Job in error state.. tool_id: upload1, exit_code: None, stderr: .", "status": "error", "test_index": 0, "time_seconds": 25.60759472846985, "tool_id": "dropletutils", "tool_version": "1.10.0+galaxy2"}
            ]]></error>
        
    </testcase>
    
    <testcase classname="dropletutils (Test #2)" name="1" time="56.752238273620605">
        
            
            <system-out><![CDATA[
            
            ]]></system-out>
            <system-err><![CDATA[
            Error in print.default(ifelse(is.na(y), NA_character_, sQuote(y)), quote = FALSE,  :   ignoring SIGPIPE signalCalls: <Anonymous> -> print.numeric_version -> print -> print.defaultExecution haltedCells: 1025
            ]]></system-err>
        
    </testcase>
    
    <testcase classname="dropletutils (Test #2)" name="1" time="57.32180380821228">
        
            
            <system-out><![CDATA[
            
            ]]></system-out>
            <system-err><![CDATA[
            Error in print.default(ifelse(is.na(y), NA_character_, sQuote(y)), quote = FALSE,  :   ignoring SIGPIPE signalCalls: <Anonymous> -> print.numeric_version -> print -> print.defaultExecution haltedCells: 1025
            ]]></system-err>
        
    </testcase>
    
    <testcase classname="dropletutils (Test #3)" name="2" time="56.700544595718384">
        
            
            <system-out><![CDATA[
            [1] "knee = 324 , inflection =  151"
            ]]></system-out>
            <system-err><![CDATA[
            Error in print.default(ifelse(is.na(y), NA_character_, sQuote(y)), quote = FALSE,  :   ignoring SIGPIPE signalCalls: <Anonymous> -> print.numeric_version -> print -> print.defaultExecution haltedWarning message:In xy.coords(x, y, xlabel, ylabel, log) :  7432 y values <= 0 omitted from logarithmic plot
            ]]></system-err>
        
    </testcase>
    
    <testcase classname="dropletutils (Test #3)" name="2" time="55.61913442611694">
        
            
            <system-out><![CDATA[
            [1] "knee = 324 , inflection =  151"
            ]]></system-out>
            <system-err><![CDATA[
            Error in print.default(ifelse(is.na(y), NA_character_, sQuote(y)), quote = FALSE,  :   ignoring SIGPIPE signalCalls: <Anonymous> -> print.numeric_version -> print -> print.defaultExecution haltedWarning message:In xy.coords(x, y, xlabel, ylabel, log) :  7432 y values <= 0 omitted from logarithmic plot
            ]]></system-err>
        
    </testcase>
    
    <testcase classname="dropletutils (Test #4)" name="3" time="59.84292125701904">
        
            
            <system-out><![CDATA[
            [1] "Cell Library Size Distribution:"   Min. 1st Qu.  Median    Mean 3rd Qu.    Max.    0.00    0.00    0.00   46.53    3.00 1153.00 
            ]]></system-out>
            <system-err><![CDATA[
            Error in print.default(ifelse(is.na(y), NA_character_, sQuote(y)), quote = FALSE,  :   ignoring SIGPIPE signalCalls: <Anonymous> -> print.numeric_version -> print -> print.defaultExecution haltedCells: 998Cells and Limited: 998
            ]]></system-err>
        
    </testcase>
    
    <testcase classname="dropletutils (Test #4)" name="3" time="59.10251808166504">
        
            
            <system-out><![CDATA[
            [1] "Cell Library Size Distribution:"   Min. 1st Qu.  Median    Mean 3rd Qu.    Max.    0.00    0.00    0.00   46.53    3.00 1153.00 
            ]]></system-out>
            <system-err><![CDATA[
            Error in print.default(ifelse(is.na(y), NA_character_, sQuote(y)), quote = FALSE,  :   ignoring SIGPIPE signalCalls: <Anonymous> -> print.numeric_version -> print -> print.defaultExecution haltedCells: 998Cells and Limited: 998
            ]]></system-err>
        
    </testcase>
    
    <testcase classname="dropletutils (Test #5)" name="4" time="56.218162059783936">
        
            
            <system-out><![CDATA[
            [1] "Cell Library Size Distribution:"   Min. 1st Qu.  Median    Mean 3rd Qu.    Max.     0.0     8.0    20.0   114.3    46.0  2347.0 
            ]]></system-out>
            <system-err><![CDATA[
            Error in print.default(ifelse(is.na(y), NA_character_, sQuote(y)), quote = FALSE,  :   ignoring SIGPIPE signalCalls: <Anonymous> -> print.numeric_version -> print -> print.defaultExecution haltedCells: 954Cells and Limited: 85
            ]]></system-err>
        
    </testcase>
    
    <testcase classname="dropletutils (Test #5)" name="4" time="44.4571487903595">
        
            
                <error type="error" message="Tool exit code: None"><![CDATA[
                    { "inputs": {  "operation|method|fdr_thresh": "0.02",  "operation|method|lower": "150",  "operation|method|use": "emptydrops",  "operation|outformat": "h5",  "operation|use": "filter",  "tenx_format|input": {   "id": "06bb99d9ec6ddda3",   "src": "hda"  },  "tenx_format|use": "h5" }, "job": {  "command_line": "Rscript \u0027/cvmfs/cloud.galaxyproject.org/tools/toolshed.g2.bx.psu.edu/repos/iuc/dropletutils/a9caad671439/dropletutils/scripts/dropletutils.Rscript\u0027 \u0027/galaxy/server/database/jobs_directory/000/166/configs/tmpfi6cqmdn\u0027",  "command_version": null,  "copied_from_job_id": null,  "create_time": "2024-08-25T19:16:33.844596",  "dependencies": [],  "exit_code": null,  "external_id": "gxy-rf4dk",  "galaxy_version": "24.1",  "handler": null,  "history_id": "4496ec44713a9b61",  "id": "f9c429a722825758",  "inputs": {   "tenx_format|input": {    "id": "06bb99d9ec6ddda3",    "src": "hda",    "uuid": "b06b4503-80a3-4aeb-b04b-870c642014b6"   }  },  "job_messages": null,  "job_metrics": [],  "job_runner_name": null,  "job_stderr": null,  "job_stdout": null,  "model_class": "Job",  "output_collections": {},  "outputs": {   "fileout_h5": {    "id": "301eefea53b7fe19",    "src": "hda",    "uuid": "da53c156-14e8-4257-87ca-bcf85caf4cb6"   },   "plot": {    "id": "3b79ba25b9c9afad",    "src": "hda",    "uuid": "c5a1e211-f51d-4763-86bb-bc932c3146ac"   },   "table": {    "id": "fbb45657024ca9c2",    "src": "hda",    "uuid": "a13e2243-c6b4-442c-8028-2ad1559e41f2"   }  },  "params": {   "__input_ext": "\"h5\"",   "chromInfo": "\"/cvmfs/data.galaxyproject.org/managed/len/ucsc/?.len\"",   "dbkey": "\"?\"",   "operation": "{\"__current_case__\": 0, \"method\": {\"__current_case__\": 1, \"fdr_thresh\": \"0.02\", \"lower\": \"150\", \"use\": \"emptydrops\"}, \"outformat\": \"h5\", \"use\": \"filter\"}",   "seed": "\"100\"",   "tenx_format": "{\"__current_case__\": 1, \"input\": {\"values\": [{\"id\": 247, \"src\": \"hda\"}]}, \"use\": \"h5\"}"  },  "state": "error",  "stderr": "Error in print.default(ifelse(is.na(y), NA_character_, sQuote(y)), quote = FALSE,  : \n  ignoring SIGPIPE signal\nCalls: \u003cAnonymous\u003e -\u003e print.numeric_version -\u003e print -\u003e print.default\nExecution halted\nCells: 954\nCells and Limited: 85\n",  "stdout": "[1] \"Cell Library Size Distribution:\"\n   Min. 1st Qu.  Median    Mean 3rd Qu.    Max. \n    0.0     8.0    20.0   114.3    46.0  2347.0 \n",  "tool_id": "toolshed.g2.bx.psu.edu/repos/iuc/dropletutils/dropletutils/1.10.0+galaxy2",  "tool_stderr": "Error in print.default(ifelse(is.na(y), NA_character_, sQuote(y)), quote = FALSE,  : \n  ignoring SIGPIPE signal\nCalls: \u003cAnonymous\u003e -\u003e print.numeric_version -\u003e print -\u003e print.default\nExecution halted\nCells: 954\nCells and Limited: 85\n",  "tool_stdout": "[1] \"Cell Library Size Distribution:\"\n   Min. 1st Qu.  Median    Mean 3rd Qu.    Max. \n    0.0     8.0    20.0   114.3    46.0  2347.0 \n",  "update_time": "2024-08-25T19:16:53.516456",  "user_email": "tests@fake.org" }, "output_problems": [  "Job in error state.. tool_id: toolshed.g2.bx.psu.edu/repos/iuc/dropletutils/dropletutils/1.10.0+galaxy2, exit_code: None, stderr: Error in print.default(ifelse(is.na(y), NA_character_, sQuote(y)), quote = FALSE,  : \n  ignoring SIGPIPE signal\nCalls: \u003cAnonymous\u003e -\u003e print.numeric_version -\u003e print -\u003e print.default\nExecution halted\nCells: 954\nCells and Limited: 85\n.",  "Job in error state.. tool_id: toolshed.g2.bx.psu.edu/repos/iuc/dropletutils/dropletutils/1.10.0+galaxy2, exit_code: None, stderr: Error in print.default(ifelse(is.na(y), NA_character_, sQuote(y)), quote = FALSE,  : \n  ignoring SIGPIPE signal\nCalls: \u003cAnonymous\u003e -\u003e print.numeric_version -\u003e print -\u003e print.default\nExecution halted\nCells: 954\nCells and Limited: 85\n.",  "Job in error state.. tool_id: toolshed.g2.bx.psu.edu/repos/iuc/dropletutils/dropletutils/1.10.0+galaxy2, exit_code: None, stderr: Error in print.default(ifelse(is.na(y), NA_character_, sQuote(y)), quote = FALSE,  : \n  ignoring SIGPIPE signal\nCalls: \u003cAnonymous\u003e -\u003e print.numeric_version -\u003e print -\u003e print.default\nExecution halted\nCells: 954\nCells and Limited: 85\n.",  "Job in error state.. tool_id: toolshed.g2.bx.psu.edu/repos/iuc/dropletutils/dropletutils/1.10.0+galaxy2, exit_code: None, stderr: Error in print.default(ifelse(is.na(y), NA_character_, sQuote(y)), quote = FALSE,  : \n  ignoring SIGPIPE signal\nCalls: \u003cAnonymous\u003e -\u003e print.numeric_version -\u003e print -\u003e print.default\nExecution halted\nCells: 954\nCells and Limited: 85\n." ], "status": "failure", "test_index": 4, "time_seconds": 44.4571487903595, "tool_id": "dropletutils", "tool_version": "1.10.0+galaxy2"}
                ]]></error>
            
            <system-out><![CDATA[
            [1] "Cell Library Size Distribution:"   Min. 1st Qu.  Median    Mean 3rd Qu.    Max.     0.0     8.0    20.0   114.3    46.0  2347.0 
            ]]></system-out>
            <system-err><![CDATA[
            Error in print.default(ifelse(is.na(y), NA_character_, sQuote(y)), quote = FALSE,  :   ignoring SIGPIPE signalCalls: <Anonymous> -> print.numeric_version -> print -> print.defaultExecution haltedCells: 954Cells and Limited: 85
            ]]></system-err>
        
    </testcase>
    
    <testcase classname="dropletutils (Test #6)" name="5" time="41.50284433364868">
        
            
                <error type="error" message="Tool exit code: None"><![CDATA[
                    { "inputs": {  "operation|method|expected": "2000",  "operation|method|upperquant": "0.85",  "operation|method|use": "defaultdrops",  "operation|outformat": "directory",  "operation|use": "filter",  "tenx_format|input": {   "id": "9060ed7082531d5a",   "src": "hda"  },  "tenx_format|use": "tsv" }, "job": {  "command_line": "mkdir \u0027tenx.output\u0027 \u0026\u0026  Rscript \u0027/cvmfs/cloud.galaxyproject.org/tools/toolshed.g2.bx.psu.edu/repos/iuc/dropletutils/a9caad671439/dropletutils/scripts/dropletutils.Rscript\u0027 \u0027/galaxy/server/database/jobs_directory/000/149/configs/tmpc3_j0dtk\u0027",  "command_version": null,  "copied_from_job_id": null,  "create_time": "2024-08-25T19:12:34.504659",  "dependencies": [],  "exit_code": null,  "external_id": "gxy-tstr8",  "galaxy_version": "24.1",  "handler": null,  "history_id": "4496ec44713a9b61",  "id": "d60750ca3464a7b7",  "inputs": {   "tenx_format|input": {    "id": "9060ed7082531d5a",    "src": "hda",    "uuid": "429d59aa-a58d-4daf-873c-1170bfbbb610"   }  },  "job_messages": null,  "job_metrics": [],  "job_runner_name": null,  "job_stderr": null,  "job_stdout": null,  "model_class": "Job",  "output_collections": {},  "outputs": {   "barcodes_out": {    "id": "7072ce910d286843",    "src": "hda",    "uuid": "8b5fc8b0-737e-46de-9fc3-b7ff34501ebf"   },   "genes_out": {    "id": "6ea00f5b55cd0d39",    "src": "hda",    "uuid": "8d6c9f91-7921-493d-8b06-92bbbde8227a"   },   "matrix_out": {    "id": "984cbd2ae5b8ba38",    "src": "hda",    "uuid": "38af2c41-c38c-4613-a236-cfdf14e15f47"   }  },  "params": {   "__input_ext": "\"tabular\"",   "chromInfo": "\"/cvmfs/data.galaxyproject.org/managed/len/ucsc/?.len\"",   "dbkey": "\"?\"",   "operation": "{\"__current_case__\": 0, \"method\": {\"__current_case__\": 0, \"expected\": \"2000\", \"lowerprop\": \"0.1\", \"upperquant\": \"0.85\", \"use\": \"defaultdrops\"}, \"outformat\": \"directory\", \"use\": \"filter\"}",   "seed": "\"100\"",   "tenx_format": "{\"__current_case__\": 2, \"input\": {\"values\": [{\"id\": 226, \"src\": \"hda\"}]}, \"use\": \"tsv\"}"  },  "state": "error",  "stderr": "Error in print.default(ifelse(is.na(y), NA_character_, sQuote(y)), quote = FALSE,  : \n  ignoring SIGPIPE signal\nCalls: \u003cAnonymous\u003e -\u003e print.numeric_version -\u003e print -\u003e print.default\nExecution halted\nCells: 2650\n",  "stdout": "",  "tool_id": "toolshed.g2.bx.psu.edu/repos/iuc/dropletutils/dropletutils/1.10.0+galaxy2",  "tool_stderr": "Error in print.default(ifelse(is.na(y), NA_character_, sQuote(y)), quote = FALSE,  : \n  ignoring SIGPIPE signal\nCalls: \u003cAnonymous\u003e -\u003e print.numeric_version -\u003e print -\u003e print.default\nExecution halted\nCells: 2650\n",  "tool_stdout": "",  "update_time": "2024-08-25T19:12:49.574393",  "user_email": "tests@fake.org" }, "output_problems": [  "Job in error state.. tool_id: toolshed.g2.bx.psu.edu/repos/iuc/dropletutils/dropletutils/1.10.0+galaxy2, exit_code: None, stderr: Error in print.default(ifelse(is.na(y), NA_character_, sQuote(y)), quote = FALSE,  : \n  ignoring SIGPIPE signal\nCalls: \u003cAnonymous\u003e -\u003e print.numeric_version -\u003e print -\u003e print.default\nExecution halted\nCells: 2650\n.",  "Job in error state.. tool_id: toolshed.g2.bx.psu.edu/repos/iuc/dropletutils/dropletutils/1.10.0+galaxy2, exit_code: None, stderr: Error in print.default(ifelse(is.na(y), NA_character_, sQuote(y)), quote = FALSE,  : \n  ignoring SIGPIPE signal\nCalls: \u003cAnonymous\u003e -\u003e print.numeric_version -\u003e print -\u003e print.default\nExecution halted\nCells: 2650\n.",  "Job in error state.. tool_id: toolshed.g2.bx.psu.edu/repos/iuc/dropletutils/dropletutils/1.10.0+galaxy2, exit_code: None, stderr: Error in print.default(ifelse(is.na(y), NA_character_, sQuote(y)), quote = FALSE,  : \n  ignoring SIGPIPE signal\nCalls: \u003cAnonymous\u003e -\u003e print.numeric_version -\u003e print -\u003e print.default\nExecution halted\nCells: 2650\n.",  "Job in error state.. tool_id: toolshed.g2.bx.psu.edu/repos/iuc/dropletutils/dropletutils/1.10.0+galaxy2, exit_code: None, stderr: Error in print.default(ifelse(is.na(y), NA_character_, sQuote(y)), quote = FALSE,  : \n  ignoring SIGPIPE signal\nCalls: \u003cAnonymous\u003e -\u003e print.numeric_version -\u003e print -\u003e print.default\nExecution halted\nCells: 2650\n." ], "status": "failure", "test_index": 5, "time_seconds": 41.50284433364868, "tool_id": "dropletutils", "tool_version": "1.10.0+galaxy2"}
                ]]></error>
            
            <system-out><![CDATA[
            
            ]]></system-out>
            <system-err><![CDATA[
            Error in print.default(ifelse(is.na(y), NA_character_, sQuote(y)), quote = FALSE,  :   ignoring SIGPIPE signalCalls: <Anonymous> -> print.numeric_version -> print -> print.defaultExecution haltedCells: 2650
            ]]></system-err>
        
    </testcase>
    
    <testcase classname="dropletutils (Test #6)" name="5" time="51.41948628425598">
        
            
            <system-out><![CDATA[
            
            ]]></system-out>
            <system-err><![CDATA[
            Error in print.default(ifelse(is.na(y), NA_character_, sQuote(y)), quote = FALSE,  :   ignoring SIGPIPE signalCalls: <Anonymous> -> print.numeric_version -> print -> print.defaultExecution haltedCells: 2650
            ]]></system-err>
        
    </testcase>
    
    <testcase classname="fastp (Test #1)" name="0" time="12.718876838684082">
        
            <error type="error" message="Input staging problem: Job in error state.. tool_id: upload1, exit_code: None, stderr: ."><![CDATA[
                { "execution_problem": "Input staging problem: Job in error state.. tool_id: upload1, exit_code: None, stderr: .", "status": "error", "test_index": 0, "time_seconds": 12.718876838684082, "tool_id": "fastp", "tool_version": "0.23.2+galaxy0"}
            ]]></error>
        
    </testcase>
    
    <testcase classname="fastp (Test #2)" name="1" time="44.76896381378174">
        
            
            <system-out><![CDATA[
            
            ]]></system-out>
            <system-err><![CDATA[
            Detecting adapter sequence for read1...No adapter detected for read1Detecting adapter sequence for read2...No adapter detected for read2WARNNIG: different read numbers of the 0 packRead1 pack size: 99Read2 pack size: 100Read1 before filtering:total reads: 99total bases: 24849Q20 bases: 23268(93.6376%)Q30 bases: 22391(90.1083%)Read2 before filtering:total reads: 99total bases: 24849Q20 bases: 22676(91.2552%)Q30 bases: 21532(86.6514%)Read1 after filtering:total reads: 97total bases: 22942Q20 bases: 21680(94.4992%)Q30 bases: 20981(91.4524%)Read2 after filtering:total reads: 97total bases: 22942Q20 bases: 21535(93.8671%)Q30 bases: 20672(90.1055%)Filtering result:reads passed filter: 194reads failed due to low quality: 2reads failed due to too many N: 2reads failed due to too short: 0reads with adapter trimmed: 68bases trimmed due to adapters: 2824Duplication rate: 0%Insert size peak (evaluated by paired-end reads): 308JSON report: fastp.jsonHTML report: fastp.htmlfastp --thread 4 --report_title fastp report for Unnamed Collection.fastq -i Unnamed Collection.fastq -o first.fastq -I Unnamed Collection_R2.fastq -O second.fastq --detect_adapter_for_pe fastp v0.23.2, time used: 2 seconds
            ]]></system-err>
        
    </testcase>
    
    <testcase classname="fastp (Test #11)" name="10" time="38.33843016624451">
        
            
            <system-out><![CDATA[
            
            ]]></system-out>
            <system-err><![CDATA[
            Detecting adapter sequence for read1...No adapter detected for read1Read1 before filtering:total reads: 2total bases: 302Q20 bases: 262(86.755%)Q30 bases: 241(79.8013%)Read1 after filtering:total reads: 2total bases: 302Q20 bases: 262(86.755%)Q30 bases: 241(79.8013%)Filtering result:reads passed filter: 2reads failed due to low quality: 0reads failed due to too many N: 0reads failed due to too short: 0reads with adapter trimmed: 0bases trimmed due to adapters: 0reads with polyX in 3' end: 0bases trimmed in polyX tail: 0Duplication rate (may be overestimated since this is SE data): 0%JSON report: fastp.jsonHTML report: fastp.htmlfastp --thread 4 --report_title fastp report for R1_fq_gz.fastq.gz -i R1_fq_gz.fastq.gz -o first.fastq.gz -x --poly_x_min_len 10 fastp v0.23.2, time used: 1 seconds
            ]]></system-err>
        
    </testcase>
    
    <testcase classname="fastp (Test #3)" name="2" time="39.08981704711914">
        
            
            <system-out><![CDATA[
            
            ]]></system-out>
            <system-err><![CDATA[
            Read1 before filtering:total reads: 2total bases: 302Q20 bases: 262(86.755%)Q30 bases: 241(79.8013%)Read1 after filtering:total reads: 1total bases: 151Q20 bases: 114(75.4967%)Q30 bases: 98(64.9007%)Filtering result:reads passed filter: 1reads failed due to low quality: 0reads failed due to too many N: 0reads failed due to too short: 1reads with adapter trimmed: 1bases trimmed due to adapters: 139Duplication rate (may be overestimated since this is SE data): 0%JSON report: fastp.jsonHTML report: fastp.htmlfastp --thread 4 --report_title fastp report for R1_fq.fastq -i R1_fq.fastq -o first.fastq --adapter_sequence ATCG fastp v0.23.2, time used: 1 seconds
            ]]></system-err>
        
    </testcase>
    
    <testcase classname="fastp (Test #4)" name="3" time="13.038204908370972">
        
            <error type="error" message="Input staging problem: Job in error state.. tool_id: upload1, exit_code: None, stderr: ."><![CDATA[
                { "execution_problem": "Input staging problem: Job in error state.. tool_id: upload1, exit_code: None, stderr: .", "status": "error", "test_index": 3, "time_seconds": 13.038204908370972, "tool_id": "fastp", "tool_version": "0.23.2+galaxy0"}
            ]]></error>
        
    </testcase>
    
    <testcase classname="fastp (Test #5)" name="4" time="29.38591766357422">
        
            
                <error type="error" message="Tool exit code: None"><![CDATA[
                    { "inputs": {  "read_mod_options|umi_processing|umi": true,  "read_mod_options|umi_processing|umi_len": "12",  "read_mod_options|umi_processing|umi_loc": "read1",  "single_paired|in1": {   "id": "b2af9180e7aa84e4",   "src": "hda"  },  "single_paired|single_paired_selector": "single" }, "job": {  "command_line": "ln -s \u0027/galaxy/server/database/objects/e/d/f/dataset_edffba1f-ef9b-4763-9a33-2bdb8690358c.dat\u0027 \u0027R1_fq.fastq\u0027 \u0026\u0026     fastp  --thread ${GALAXY_SLOTS:-1} --report_title \u0027fastp report for R1_fq.fastq\u0027   -i \u0027R1_fq.fastq\u0027 -o first.fastq                                           -U --umi_loc \u0027read1\u0027 --umi_len 12       \u0026\u0026  mv first.fastq \u0027/galaxy/server/database/objects/6/1/d/dataset_61defbc3-7612-4e3b-81b0-24cace1def88.dat\u0027",  "command_version": null,  "copied_from_job_id": null,  "create_time": "2024-08-25T18:36:41.380602",  "dependencies": [],  "exit_code": null,  "external_id": "gxy-n6582",  "galaxy_version": "24.1",  "handler": null,  "history_id": "4496ec44713a9b61",  "id": "212f29ba4195e055",  "inputs": {   "single_paired|in1": {    "id": "b2af9180e7aa84e4",    "src": "hda",    "uuid": "edffba1f-ef9b-4763-9a33-2bdb8690358c"   }  },  "job_messages": null,  "job_metrics": [],  "job_runner_name": null,  "job_stderr": null,  "job_stdout": null,  "model_class": "Job",  "output_collections": {},  "outputs": {   "out1": {    "id": "67c15d738c22aad2",    "src": "hda",    "uuid": "61defbc3-7612-4e3b-81b0-24cace1def88"   },   "report_html": {    "id": "9bb391d789e80ad4",    "src": "hda",    "uuid": "5b9df4ee-ddfc-42ed-892f-3bc4a11697e1"   }  },  "params": {   "__input_ext": "\"fastq\"",   "chromInfo": "\"/cvmfs/data.galaxyproject.org/managed/len/ucsc/?.len\"",   "dbkey": "\"?\"",   "filter_options": "{\"length_filtering_options\": {\"disable_length_filtering\": false, \"length_limit\": \"\", \"length_required\": \"\"}, \"low_complexity_filter\": {\"complexity_threshold\": \"\", \"enable_low_complexity_filter\": false}, \"quality_filtering_options\": {\"disable_quality_filtering\": false, \"n_base_limit\": \"\", \"qualified_quality_phred\": \"\", \"unqualified_percent_limit\": \"\"}}",   "output_options": "{\"report_html\": true, \"report_json\": false}",   "overrepresented_sequence_analysis": "{\"overrepresentation_analysis\": false, \"overrepresentation_sampling\": \"\"}",   "read_mod_options": "{\"base_correction_options\": {\"correction\": false}, \"cutting_by_quality_options\": {\"cut_by_quality3\": false, \"cut_by_quality5\": false, \"cut_mean_quality\": \"\", \"cut_window_size\": \"\"}, \"polyg_tail_trimming\": {\"__current_case__\": 1, \"poly_g_min_len\": \"\", \"trimming_select\": \"\"}, \"polyx_tail_trimming\": {\"__current_case__\": 1, \"polyx_trimming_select\": \"\"}, \"umi_processing\": {\"umi\": true, \"umi_len\": \"12\", \"umi_loc\": \"read1\", \"umi_prefix\": null}}",   "single_paired": "{\"__current_case__\": 0, \"adapter_trimming_options\": {\"adapter_sequence1\": null, \"disable_adapter_trimming\": false}, \"global_trimming_options\": {\"trim_front1\": \"\", \"trim_tail1\": \"\"}, \"in1\": {\"values\": [{\"id\": 20, \"src\": \"hda\"}]}, \"single_paired_selector\": \"single\"}"  },  "state": "error",  "stderr": "Detecting adapter sequence for read1...\nNo adapter detected for read1\n\nRead1 before filtering:\ntotal reads: 2\ntotal bases: 302\nQ20 bases: 262(86.755%)\nQ30 bases: 241(79.8013%)\n\nRead1 after filtering:\ntotal reads: 2\ntotal bases: 278\nQ20 bases: 239(85.9712%)\nQ30 bases: 220(79.1367%)\n\nFiltering result:\nreads passed filter: 2\nreads failed due to low quality: 0\nreads failed due to too many N: 0\nreads failed due to too short: 0\nreads with adapter trimmed: 0\nbases trimmed due to adapters: 0\n\nDuplication rate (may be overestimated since this is SE data): 0%\n\nJSON report: fastp.json\nHTML report: fastp.html\n\nfastp --thread 4 --report_title fastp report for R1_fq.fastq -i R1_fq.fastq -o first.fastq -U --umi_loc read1 --umi_len 12 \nfastp v0.23.2, time used: 1 seconds\n",  "stdout": "",  "tool_id": "toolshed.g2.bx.psu.edu/repos/iuc/fastp/fastp/0.23.2+galaxy0",  "tool_stderr": "Detecting adapter sequence for read1...\nNo adapter detected for read1\n\nRead1 before filtering:\ntotal reads: 2\ntotal bases: 302\nQ20 bases: 262(86.755%)\nQ30 bases: 241(79.8013%)\n\nRead1 after filtering:\ntotal reads: 2\ntotal bases: 278\nQ20 bases: 239(85.9712%)\nQ30 bases: 220(79.1367%)\n\nFiltering result:\nreads passed filter: 2\nreads failed due to low quality: 0\nreads failed due to too many N: 0\nreads failed due to too short: 0\nreads with adapter trimmed: 0\nbases trimmed due to adapters: 0\n\nDuplication rate (may be overestimated since this is SE data): 0%\n\nJSON report: fastp.json\nHTML report: fastp.html\n\nfastp --thread 4 --report_title fastp report for R1_fq.fastq -i R1_fq.fastq -o first.fastq -U --umi_loc read1 --umi_len 12 \nfastp v0.23.2, time used: 1 seconds\n",  "tool_stdout": "",  "update_time": "2024-08-25T18:36:47.485578",  "user_email": "tests@fake.org" }, "output_problems": [  "Job in error state.. tool_id: toolshed.g2.bx.psu.edu/repos/iuc/fastp/fastp/0.23.2+galaxy0, exit_code: None, stderr: Detecting adapter sequence for read1...\nNo adapter detected for read1\n\nRead1 before filtering:\ntotal reads: 2\ntotal bases: 302\nQ20 bases: 262(86.755%)\nQ30 bases: 241(79.8013%)\n\nRead1 after filtering:\ntotal reads: 2\ntotal bases: 278\nQ20 bases: 239(85.9712%)\nQ30 bases: 220(79.1367%)\n\nFiltering result:\nreads passed filter: 2\nreads failed due to low quality: 0\nreads failed due to too many N: 0\nreads failed due to too short: 0\nreads with adapter trimmed: 0\nbases trimmed due to adapters: 0\n\nDuplication rate (may be overestimated since this is SE data): 0%\n\nJSON report: fastp.json\nHTML report: fastp.html\n\nfastp --thread 4 --report_title fastp report for R1_fq.fastq -i R1_fq.fastq -o first.fastq -U --umi_loc read1 --umi_len 12 \nfastp v0.23.2, time used: 1 seconds\n.",  "Job in error state.. tool_id: toolshed.g2.bx.psu.edu/repos/iuc/fastp/fastp/0.23.2+galaxy0, exit_code: None, stderr: Detecting adapter sequence for read1...\nNo adapter detected for read1\n\nRead1 before filtering:\ntotal reads: 2\ntotal bases: 302\nQ20 bases: 262(86.755%)\nQ30 bases: 241(79.8013%)\n\nRead1 after filtering:\ntotal reads: 2\ntotal bases: 278\nQ20 bases: 239(85.9712%)\nQ30 bases: 220(79.1367%)\n\nFiltering result:\nreads passed filter: 2\nreads failed due to low quality: 0\nreads failed due to too many N: 0\nreads failed due to too short: 0\nreads with adapter trimmed: 0\nbases trimmed due to adapters: 0\n\nDuplication rate (may be overestimated since this is SE data): 0%\n\nJSON report: fastp.json\nHTML report: fastp.html\n\nfastp --thread 4 --report_title fastp report for R1_fq.fastq -i R1_fq.fastq -o first.fastq -U --umi_loc read1 --umi_len 12 \nfastp v0.23.2, time used: 1 seconds\n." ], "status": "failure", "test_index": 4, "time_seconds": 29.38591766357422, "tool_id": "fastp", "tool_version": "0.23.2+galaxy0"}
                ]]></error>
            
            <system-out><![CDATA[
            
            ]]></system-out>
            <system-err><![CDATA[
            Detecting adapter sequence for read1...No adapter detected for read1Read1 before filtering:total reads: 2total bases: 302Q20 bases: 262(86.755%)Q30 bases: 241(79.8013%)Read1 after filtering:total reads: 2total bases: 278Q20 bases: 239(85.9712%)Q30 bases: 220(79.1367%)Filtering result:reads passed filter: 2reads failed due to low quality: 0reads failed due to too many N: 0reads failed due to too short: 0reads with adapter trimmed: 0bases trimmed due to adapters: 0Duplication rate (may be overestimated since this is SE data): 0%JSON report: fastp.jsonHTML report: fastp.htmlfastp --thread 4 --report_title fastp report for R1_fq.fastq -i R1_fq.fastq -o first.fastq -U --umi_loc read1 --umi_len 12 fastp v0.23.2, time used: 1 seconds
            ]]></system-err>
        
    </testcase>
    
    <testcase classname="fastp (Test #6)" name="5" time="22.054590463638306">
        
            <error type="error" message="Input staging problem: Job in error state.. tool_id: upload1, exit_code: None, stderr: ."><![CDATA[
                { "execution_problem": "Input staging problem: Job in error state.. tool_id: upload1, exit_code: None, stderr: .", "status": "error", "test_index": 5, "time_seconds": 22.054590463638306, "tool_id": "fastp", "tool_version": "0.23.2+galaxy0"}
            ]]></error>
        
    </testcase>
    
    <testcase classname="fastp (Test #7)" name="6" time="43.419764041900635">
        
            
            <system-out><![CDATA[
            
            ]]></system-out>
            <system-err><![CDATA[
            Detecting adapter sequence for read1...No adapter detected for read1Detecting adapter sequence for read2...No adapter detected for read2WARNNIG: different read numbers of the 0 packRead1 pack size: 99Read2 pack size: 100Read1 before filtering:total reads: 99total bases: 24849Q20 bases: 23268(93.6376%)Q30 bases: 22391(90.1083%)Read2 before filtering:total reads: 99total bases: 24849Q20 bases: 22676(91.2552%)Q30 bases: 21532(86.6514%)Read1 after filtering:total reads: 97total bases: 22166Q20 bases: 20935(94.4464%)Q30 bases: 20255(91.3787%)Read2 after filtering:total reads: 97total bases: 22646Q20 bases: 21284(93.9857%)Q30 bases: 20447(90.2897%)Filtering result:reads passed filter: 194reads failed due to low quality: 2reads failed due to too many N: 2reads failed due to too short: 0reads with adapter trimmed: 76bases trimmed due to adapters: 3128Duplication rate: 0%Insert size peak (evaluated by paired-end reads): 243JSON report: fastp.jsonHTML report: fastp.htmlfastp --thread 4 --report_title fastp report for bwa-mem-fastq1_fq.fastq -i bwa-mem-fastq1_fq.fastq -o first.fastq -I bwa-mem-fastq2_fq_R2.fastq -O second.fastq --detect_adapter_for_pe -U --umi_loc read1 --umi_len 8 fastp v0.23.2, time used: 1 seconds
            ]]></system-err>
        
    </testcase>
    
    <testcase classname="fastp (Test #8)" name="7" time="42.01464247703552">
        
            
            <system-out><![CDATA[
            
            ]]></system-out>
            <system-err><![CDATA[
            Detecting adapter sequence for read1...No adapter detected for read1Detecting adapter sequence for read2...No adapter detected for read2WARNNIG: different read numbers of the 0 packRead1 pack size: 99Read2 pack size: 100Read1 before filtering:total reads: 99total bases: 24849Q20 bases: 23268(93.6376%)Q30 bases: 22391(90.1083%)Read2 before filtering:total reads: 99total bases: 24849Q20 bases: 22676(91.2552%)Q30 bases: 21532(86.6514%)Read1 after filtering:total reads: 97total bases: 22678Q20 bases: 21439(94.5366%)Q30 bases: 20756(91.5248%)Read2 after filtering:total reads: 97total bases: 22166Q20 bases: 20766(93.684%)Q30 bases: 19910(89.8223%)Filtering result:reads passed filter: 194reads failed due to low quality: 2reads failed due to too many N: 2reads failed due to too short: 0reads with adapter trimmed: 68bases trimmed due to adapters: 3096Duplication rate: 0%Insert size peak (evaluated by paired-end reads): 300JSON report: fastp.jsonHTML report: fastp.htmlfastp --thread 4 --report_title fastp report for bwa-mem-fastq1_fq.fastq -i bwa-mem-fastq1_fq.fastq -o first.fastq -I bwa-mem-fastq2_fq_R2.fastq -O second.fastq --detect_adapter_for_pe -U --umi_loc read2 --umi_len 8 fastp v0.23.2, time used: 1 seconds
            ]]></system-err>
        
    </testcase>
    
    <testcase classname="fastp (Test #9)" name="8" time="41.05483365058899">
        
            
            <system-out><![CDATA[
            
            ]]></system-out>
            <system-err><![CDATA[
            Detecting adapter sequence for read1...No adapter detected for read1Read1 before filtering:total reads: 2total bases: 302Q20 bases: 262(86.755%)Q30 bases: 241(79.8013%)Read1 after filtering:total reads: 2total bases: 302Q20 bases: 262(86.755%)Q30 bases: 241(79.8013%)Filtering result:reads passed filter: 2reads failed due to low quality: 0reads failed due to too many N: 0reads failed due to too short: 0reads with adapter trimmed: 0bases trimmed due to adapters: 0Duplication rate (may be overestimated since this is SE data): 0%JSON report: fastp.jsonHTML report: fastp.htmlfastp --thread 4 --report_title fastp report for R1_fq.fastq -i R1_fq.fastq -o first.fastq fastp v0.23.2, time used: 1 seconds
            ]]></system-err>
        
    </testcase>
    
    <testcase classname="fastp (Test #10)" name="9" time="39.57797837257385">
        
            
            <system-out><![CDATA[
            
            ]]></system-out>
            <system-err><![CDATA[
            Detecting adapter sequence for read1...No adapter detected for read1Read1 before filtering:total reads: 2total bases: 302Q20 bases: 262(86.755%)Q30 bases: 241(79.8013%)Read1 after filtering:total reads: 2total bases: 302Q20 bases: 262(86.755%)Q30 bases: 241(79.8013%)Filtering result:reads passed filter: 2reads failed due to low quality: 0reads failed due to too many N: 0reads failed due to too short: 0reads with adapter trimmed: 0bases trimmed due to adapters: 0Duplication rate (may be overestimated since this is SE data): 0%JSON report: fastp.jsonHTML report: fastp.htmlfastp --thread 4 --report_title fastp report for R1_fq_gz.fastq.gz -i R1_fq_gz.fastq.gz -o first.fastq.gz --poly_g_min_len 10 -g fastp v0.23.2, time used: 1 seconds
            ]]></system-err>
        
    </testcase>
    
    <testcase classname="pharmcat (Test #1)" name="0" time="115.0381371974945">
        
            
            <system-out><![CDATA[
            
            ]]></system-out>
            <system-err><![CDATA[
            Picked up _JAVA_OPTIONS: -Xmx4G -Xms1G
            ]]></system-err>
        
    </testcase>
    
    <testcase classname="pharmcat (Test #2)" name="1" time="41.371617555618286">
        
            
            <system-out><![CDATA[
            
            ]]></system-out>
            <system-err><![CDATA[
            Picked up _JAVA_OPTIONS: -Xmx4G -Xms1G
            ]]></system-err>
        
    </testcase>
    
    <testcase classname="pharmcat (Test #3)" name="2" time="43.8958535194397">
        
            
            <system-out><![CDATA[
            
            ]]></system-out>
            <system-err><![CDATA[
            Picked up _JAVA_OPTIONS: -Xmx4G -Xms1G
            ]]></system-err>
        
    </testcase>
    
    <testcase classname="pharmcat (Test #4)" name="3" time="39.88822412490845">
        
            
            <system-out><![CDATA[
            
            ]]></system-out>
            <system-err><![CDATA[
            Picked up _JAVA_OPTIONS: -Xmx4G -Xms1G
            ]]></system-err>
        
    </testcase>
    
    <testcase classname="pharmcat (Test #5)" name="4" time="41.8658652305603">
        
            
            <system-out><![CDATA[
            
            ]]></system-out>
            <system-err><![CDATA[
            Picked up _JAVA_OPTIONS: -Xmx4G -Xms1G
            ]]></system-err>
        
    </testcase>
    
    <testcase classname="poretools_events (Test #1)" name="0" time="64.93436098098755">
        
            
                <error type="error" message="Tool exit code: 1"><![CDATA[
                    { "inputs": {  "input": {   "id": "929c4b5e9a446860",   "src": "hda"  },  "precalled": false }, "job": {  "command_line": "poretools events  \u0027/galaxy/server/database/objects/a/4/6/dataset_a460b837-44ea-4a4b-ab5d-e85e51452eb7.dat\u0027 \u003e \u0027/galaxy/server/database/objects/2/2/6/dataset_226464d6-7ba0-4355-96db-4780be07e6f5.dat\u0027",  "command_version": "",  "copied_from_job_id": null,  "create_time": "2024-08-25T18:41:04.355434",  "dependencies": [],  "exit_code": 1,  "external_id": "gxy-qm6cr",  "galaxy_version": "24.1",  "handler": null,  "history_id": "4496ec44713a9b61",  "id": "34f0757ae0b98f83",  "inputs": {   "input": {    "id": "929c4b5e9a446860",    "src": "hda",    "uuid": "a460b837-44ea-4a4b-ab5d-e85e51452eb7"   }  },  "job_messages": [   {    "code_desc": "",    "desc": "Fatal error: Exit code 1 ()",    "error_level": 3,    "exit_code": 1,    "type": "exit_code"   },   {    "code_desc": "",    "desc": "Fatal error: ",    "error_level": 3,    "match": "Error:",    "stream": "stderr",    "type": "regex"   }  ],  "job_metrics": [   {    "name": "runtime_seconds",    "plugin": "core",    "raw_value": "1.0000000",    "title": "Job Runtime (Wall Clock)",    "value": "1 second"   },   {    "name": "end_epoch",    "plugin": "core",    "raw_value": "1724611284.0000000",    "title": "Job End Time",    "value": "2024-08-25 18:41:24"   },   {    "name": "start_epoch",    "plugin": "core",    "raw_value": "1724611283.0000000",    "title": "Job Start Time",    "value": "2024-08-25 18:41:23"   },   {    "name": "galaxy_memory_mb",    "plugin": "core",    "raw_value": "12240.0000000",    "title": "Memory Allocated (MB)",    "value": "12240"   },   {    "name": "galaxy_slots",    "plugin": "core",    "raw_value": "1.0000000",    "title": "Cores Allocated",    "value": "1"   }  ],  "job_runner_name": null,  "job_stderr": "",  "job_stdout": "",  "model_class": "Job",  "output_collections": {},  "outputs": {   "output": {    "id": "01dd01867bc07557",    "src": "hda",    "uuid": "226464d6-7ba0-4355-96db-4780be07e6f5"   }  },  "params": {   "__input_ext": "\"fast5.tar\"",   "chromInfo": "\"/cvmfs/data.galaxyproject.org/managed/len/ucsc/?.len\"",   "dbkey": "\"?\"",   "precalled": "false"  },  "state": "error",  "stderr": "Traceback (most recent call last):\n  File \"/usr/local/bin/poretools\", line 11, in \u003cmodule\u003e\n    load_entry_point(\u0027poretools==0.6.0\u0027, \u0027console_scripts\u0027, \u0027poretools\u0027)()\n  File \"/usr/local/lib/python2.7/site-packages/poretools/poretools_main.py\", line 543, in main\n    args.func(parser, args)\n  File \"/usr/local/lib/python2.7/site-packages/poretools/poretools_main.py\", line 55, in run_subtool\n    submodule.run(parser, args)\n  File \"/usr/local/lib/python2.7/site-packages/poretools/events.py\", line 17, in run\n    for fast5 in Fast5File.Fast5FileSet(args.files):\n  File \"/usr/local/lib/python2.7/site-packages/poretools/Fast5File.py\", line 110, in next\n    shutil.rmtree(PORETOOLS_TMPDIR)\n  File \"/usr/local/lib/python2.7/shutil.py\", line 261, in rmtree\n    rmtree(fullname, ignore_errors, onerror)\n  File \"/usr/local/lib/python2.7/shutil.py\", line 270, in rmtree\n    onerror(os.rmdir, path, sys.exc_info())\n  File \"/usr/local/lib/python2.7/shutil.py\", line 268, in rmtree\n    os.rmdir(path)\nOSError: [Errno 39] Directory not empty: \u0027.poretools_tmp/test-data\u0027\n",  "stdout": "",  "tool_id": "toolshed.g2.bx.psu.edu/repos/iuc/poretools_events/poretools_events/0.6.1a1.1",  "tool_stderr": "Traceback (most recent call last):\n  File \"/usr/local/bin/poretools\", line 11, in \u003cmodule\u003e\n    load_entry_point(\u0027poretools==0.6.0\u0027, \u0027console_scripts\u0027, \u0027poretools\u0027)()\n  File \"/usr/local/lib/python2.7/site-packages/poretools/poretools_main.py\", line 543, in main\n    args.func(parser, args)\n  File \"/usr/local/lib/python2.7/site-packages/poretools/poretools_main.py\", line 55, in run_subtool\n    submodule.run(parser, args)\n  File \"/usr/local/lib/python2.7/site-packages/poretools/events.py\", line 17, in run\n    for fast5 in Fast5File.Fast5FileSet(args.files):\n  File \"/usr/local/lib/python2.7/site-packages/poretools/Fast5File.py\", line 110, in next\n    shutil.rmtree(PORETOOLS_TMPDIR)\n  File \"/usr/local/lib/python2.7/shutil.py\", line 261, in rmtree\n    rmtree(fullname, ignore_errors, onerror)\n  File \"/usr/local/lib/python2.7/shutil.py\", line 270, in rmtree\n    onerror(os.rmdir, path, sys.exc_info())\n  File \"/usr/local/lib/python2.7/shutil.py\", line 268, in rmtree\n    os.rmdir(path)\nOSError: [Errno 39] Directory not empty: \u0027.poretools_tmp/test-data\u0027\n",  "tool_stdout": "",  "update_time": "2024-08-25T18:41:44.374343",  "user_email": "tests@fake.org" }, "output_problems": [  "Job in error state.. tool_id: toolshed.g2.bx.psu.edu/repos/iuc/poretools_events/poretools_events/0.6.1a1.1, exit_code: 1, stderr: Traceback (most recent call last):\n  File \"/usr/local/bin/poretools\", line 11, in \u003cmodule\u003e\n    load_entry_point(\u0027poretools==0.6.0\u0027, \u0027console_scripts\u0027, \u0027poretools\u0027)()\n  File \"/usr/local/lib/python2.7/site-packages/poretools/poretools_main.py\", line 543, in main\n    args.func(parser, args)\n  File \"/usr/local/lib/python2.7/site-packages/poretools/poretools_main.py\", line 55, in run_subtool\n    submodule.run(parser, args)\n  File \"/usr/local/lib/python2.7/site-packages/poretools/events.py\", line 17, in run\n    for fast5 in Fast5File.Fast5FileSet(args.files):\n  File \"/usr/local/lib/python2.7/site-packages/poretools/Fast5File.py\", line 110, in next\n    shutil.rmtree(PORETOOLS_TMPDIR)\n  File \"/usr/local/lib/python2.7/shutil.py\", line 261, in rmtree\n    rmtree(fullname, ignore_errors, onerror)\n  File \"/usr/local/lib/python2.7/shutil.py\", line 270, in rmtree\n    onerror(os.rmdir, path, sys.exc_info())\n  File \"/usr/local/lib/python2.7/shutil.py\", line 268, in rmtree\n    os.rmdir(path)\nOSError: [Errno 39] Directory not empty: \u0027.poretools_tmp/test-data\u0027\n.",  "Job in error state.. tool_id: toolshed.g2.bx.psu.edu/repos/iuc/poretools_events/poretools_events/0.6.1a1.1, exit_code: 1, stderr: Traceback (most recent call last):\n  File \"/usr/local/bin/poretools\", line 11, in \u003cmodule\u003e\n    load_entry_point(\u0027poretools==0.6.0\u0027, \u0027console_scripts\u0027, \u0027poretools\u0027)()\n  File \"/usr/local/lib/python2.7/site-packages/poretools/poretools_main.py\", line 543, in main\n    args.func(parser, args)\n  File \"/usr/local/lib/python2.7/site-packages/poretools/poretools_main.py\", line 55, in run_subtool\n    submodule.run(parser, args)\n  File \"/usr/local/lib/python2.7/site-packages/poretools/events.py\", line 17, in run\n    for fast5 in Fast5File.Fast5FileSet(args.files):\n  File \"/usr/local/lib/python2.7/site-packages/poretools/Fast5File.py\", line 110, in next\n    shutil.rmtree(PORETOOLS_TMPDIR)\n  File \"/usr/local/lib/python2.7/shutil.py\", line 261, in rmtree\n    rmtree(fullname, ignore_errors, onerror)\n  File \"/usr/local/lib/python2.7/shutil.py\", line 270, in rmtree\n    onerror(os.rmdir, path, sys.exc_info())\n  File \"/usr/local/lib/python2.7/shutil.py\", line 268, in rmtree\n    os.rmdir(path)\nOSError: [Errno 39] Directory not empty: \u0027.poretools_tmp/test-data\u0027\n." ], "status": "failure", "test_index": 0, "time_seconds": 64.93436098098755, "tool_id": "poretools_events", "tool_version": "0.6.1a1.1"}
                ]]></error>
            
            <system-out><![CDATA[
            
            ]]></system-out>
            <system-err><![CDATA[
            Traceback (most recent call last):  File "/usr/local/bin/poretools", line 11, in <module>    load_entry_point('poretools==0.6.0', 'console_scripts', 'poretools')()  File "/usr/local/lib/python2.7/site-packages/poretools/poretools_main.py", line 543, in main    args.func(parser, args)  File "/usr/local/lib/python2.7/site-packages/poretools/poretools_main.py", line 55, in run_subtool    submodule.run(parser, args)  File "/usr/local/lib/python2.7/site-packages/poretools/events.py", line 17, in run    for fast5 in Fast5File.Fast5FileSet(args.files):  File "/usr/local/lib/python2.7/site-packages/poretools/Fast5File.py", line 110, in next    shutil.rmtree(PORETOOLS_TMPDIR)  File "/usr/local/lib/python2.7/shutil.py", line 261, in rmtree    rmtree(fullname, ignore_errors, onerror)  File "/usr/local/lib/python2.7/shutil.py", line 270, in rmtree    onerror(os.rmdir, path, sys.exc_info())  File "/usr/local/lib/python2.7/shutil.py", line 268, in rmtree    os.rmdir(path)OSError: [Errno 39] Directory not empty: '.poretools_tmp/test-data'
            ]]></system-err>
        
    </testcase>
    
    <testcase classname="poretools_events (Test #2)" name="1" time="39.18029451370239">
        
            
                <error type="error" message="Tool exit code: 1"><![CDATA[
                    { "inputs": {  "input": {   "id": "0ae7fb0930009f5d",   "src": "hda"  },  "precalled": true }, "job": {  "command_line": "poretools events --pre-basecalled \u0027/galaxy/server/database/objects/5/1/3/dataset_51325fc9-b734-48fb-9493-5f3d7864ecca.dat\u0027 \u003e \u0027/galaxy/server/database/objects/b/4/5/dataset_b452d5f0-949a-4f9c-9cdd-d1cb6e6f4498.dat\u0027",  "command_version": "",  "copied_from_job_id": null,  "create_time": "2024-08-25T18:42:08.914343",  "dependencies": [],  "exit_code": 1,  "external_id": "gxy-j78wr",  "galaxy_version": "24.1",  "handler": null,  "history_id": "4496ec44713a9b61",  "id": "ec670b665c8f507c",  "inputs": {   "input": {    "id": "0ae7fb0930009f5d",    "src": "hda",    "uuid": "51325fc9-b734-48fb-9493-5f3d7864ecca"   }  },  "job_messages": [   {    "code_desc": "",    "desc": "Fatal error: Exit code 1 ()",    "error_level": 3,    "exit_code": 1,    "type": "exit_code"   },   {    "code_desc": "",    "desc": "Fatal error: ",    "error_level": 3,    "match": "Error:",    "stream": "stderr",    "type": "regex"   }  ],  "job_metrics": [   {    "name": "runtime_seconds",    "plugin": "core",    "raw_value": "1.0000000",    "title": "Job Runtime (Wall Clock)",    "value": "1 second"   },   {    "name": "end_epoch",    "plugin": "core",    "raw_value": "1724611331.0000000",    "title": "Job End Time",    "value": "2024-08-25 18:42:11"   },   {    "name": "start_epoch",    "plugin": "core",    "raw_value": "1724611330.0000000",    "title": "Job Start Time",    "value": "2024-08-25 18:42:10"   },   {    "name": "galaxy_memory_mb",    "plugin": "core",    "raw_value": "12240.0000000",    "title": "Memory Allocated (MB)",    "value": "12240"   },   {    "name": "galaxy_slots",    "plugin": "core",    "raw_value": "1.0000000",    "title": "Cores Allocated",    "value": "1"   }  ],  "job_runner_name": null,  "job_stderr": "",  "job_stdout": "",  "model_class": "Job",  "output_collections": {},  "outputs": {   "output": {    "id": "74d3cd711c46cc1a",    "src": "hda",    "uuid": "b452d5f0-949a-4f9c-9cdd-d1cb6e6f4498"   }  },  "params": {   "__input_ext": "\"fast5.tar\"",   "chromInfo": "\"/cvmfs/data.galaxyproject.org/managed/len/ucsc/?.len\"",   "dbkey": "\"?\"",   "precalled": "true"  },  "state": "error",  "stderr": "Traceback (most recent call last):\n  File \"/usr/local/bin/poretools\", line 11, in \u003cmodule\u003e\n    load_entry_point(\u0027poretools==0.6.0\u0027, \u0027console_scripts\u0027, \u0027poretools\u0027)()\n  File \"/usr/local/lib/python2.7/site-packages/poretools/poretools_main.py\", line 543, in main\n    args.func(parser, args)\n  File \"/usr/local/lib/python2.7/site-packages/poretools/poretools_main.py\", line 55, in run_subtool\n    submodule.run(parser, args)\n  File \"/usr/local/lib/python2.7/site-packages/poretools/events.py\", line 13, in run\n    for fast5 in Fast5File.Fast5FileSet(args.files):\n  File \"/usr/local/lib/python2.7/site-packages/poretools/Fast5File.py\", line 110, in next\n    shutil.rmtree(PORETOOLS_TMPDIR)\n  File \"/usr/local/lib/python2.7/shutil.py\", line 261, in rmtree\n    rmtree(fullname, ignore_errors, onerror)\n  File \"/usr/local/lib/python2.7/shutil.py\", line 270, in rmtree\n    onerror(os.rmdir, path, sys.exc_info())\n  File \"/usr/local/lib/python2.7/shutil.py\", line 268, in rmtree\n    os.rmdir(path)\nOSError: [Errno 39] Directory not empty: \u0027.poretools_tmp/test-data\u0027\n",  "stdout": "",  "tool_id": "toolshed.g2.bx.psu.edu/repos/iuc/poretools_events/poretools_events/0.6.1a1.1",  "tool_stderr": "Traceback (most recent call last):\n  File \"/usr/local/bin/poretools\", line 11, in \u003cmodule\u003e\n    load_entry_point(\u0027poretools==0.6.0\u0027, \u0027console_scripts\u0027, \u0027poretools\u0027)()\n  File \"/usr/local/lib/python2.7/site-packages/poretools/poretools_main.py\", line 543, in main\n    args.func(parser, args)\n  File \"/usr/local/lib/python2.7/site-packages/poretools/poretools_main.py\", line 55, in run_subtool\n    submodule.run(parser, args)\n  File \"/usr/local/lib/python2.7/site-packages/poretools/events.py\", line 13, in run\n    for fast5 in Fast5File.Fast5FileSet(args.files):\n  File \"/usr/local/lib/python2.7/site-packages/poretools/Fast5File.py\", line 110, in next\n    shutil.rmtree(PORETOOLS_TMPDIR)\n  File \"/usr/local/lib/python2.7/shutil.py\", line 261, in rmtree\n    rmtree(fullname, ignore_errors, onerror)\n  File \"/usr/local/lib/python2.7/shutil.py\", line 270, in rmtree\n    onerror(os.rmdir, path, sys.exc_info())\n  File \"/usr/local/lib/python2.7/shutil.py\", line 268, in rmtree\n    os.rmdir(path)\nOSError: [Errno 39] Directory not empty: \u0027.poretools_tmp/test-data\u0027\n",  "tool_stdout": "",  "update_time": "2024-08-25T18:42:23.442739",  "user_email": "tests@fake.org" }, "output_problems": [  "Job in error state.. tool_id: toolshed.g2.bx.psu.edu/repos/iuc/poretools_events/poretools_events/0.6.1a1.1, exit_code: 1, stderr: Traceback (most recent call last):\n  File \"/usr/local/bin/poretools\", line 11, in \u003cmodule\u003e\n    load_entry_point(\u0027poretools==0.6.0\u0027, \u0027console_scripts\u0027, \u0027poretools\u0027)()\n  File \"/usr/local/lib/python2.7/site-packages/poretools/poretools_main.py\", line 543, in main\n    args.func(parser, args)\n  File \"/usr/local/lib/python2.7/site-packages/poretools/poretools_main.py\", line 55, in run_subtool\n    submodule.run(parser, args)\n  File \"/usr/local/lib/python2.7/site-packages/poretools/events.py\", line 13, in run\n    for fast5 in Fast5File.Fast5FileSet(args.files):\n  File \"/usr/local/lib/python2.7/site-packages/poretools/Fast5File.py\", line 110, in next\n    shutil.rmtree(PORETOOLS_TMPDIR)\n  File \"/usr/local/lib/python2.7/shutil.py\", line 261, in rmtree\n    rmtree(fullname, ignore_errors, onerror)\n  File \"/usr/local/lib/python2.7/shutil.py\", line 270, in rmtree\n    onerror(os.rmdir, path, sys.exc_info())\n  File \"/usr/local/lib/python2.7/shutil.py\", line 268, in rmtree\n    os.rmdir(path)\nOSError: [Errno 39] Directory not empty: \u0027.poretools_tmp/test-data\u0027\n.",  "Job in error state.. tool_id: toolshed.g2.bx.psu.edu/repos/iuc/poretools_events/poretools_events/0.6.1a1.1, exit_code: 1, stderr: Traceback (most recent call last):\n  File \"/usr/local/bin/poretools\", line 11, in \u003cmodule\u003e\n    load_entry_point(\u0027poretools==0.6.0\u0027, \u0027console_scripts\u0027, \u0027poretools\u0027)()\n  File \"/usr/local/lib/python2.7/site-packages/poretools/poretools_main.py\", line 543, in main\n    args.func(parser, args)\n  File \"/usr/local/lib/python2.7/site-packages/poretools/poretools_main.py\", line 55, in run_subtool\n    submodule.run(parser, args)\n  File \"/usr/local/lib/python2.7/site-packages/poretools/events.py\", line 13, in run\n    for fast5 in Fast5File.Fast5FileSet(args.files):\n  File \"/usr/local/lib/python2.7/site-packages/poretools/Fast5File.py\", line 110, in next\n    shutil.rmtree(PORETOOLS_TMPDIR)\n  File \"/usr/local/lib/python2.7/shutil.py\", line 261, in rmtree\n    rmtree(fullname, ignore_errors, onerror)\n  File \"/usr/local/lib/python2.7/shutil.py\", line 270, in rmtree\n    onerror(os.rmdir, path, sys.exc_info())\n  File \"/usr/local/lib/python2.7/shutil.py\", line 268, in rmtree\n    os.rmdir(path)\nOSError: [Errno 39] Directory not empty: \u0027.poretools_tmp/test-data\u0027\n." ], "status": "failure", "test_index": 1, "time_seconds": 39.18029451370239, "tool_id": "poretools_events", "tool_version": "0.6.1a1.1"}
                ]]></error>
            
            <system-out><![CDATA[
            
            ]]></system-out>
            <system-err><![CDATA[
            Traceback (most recent call last):  File "/usr/local/bin/poretools", line 11, in <module>    load_entry_point('poretools==0.6.0', 'console_scripts', 'poretools')()  File "/usr/local/lib/python2.7/site-packages/poretools/poretools_main.py", line 543, in main    args.func(parser, args)  File "/usr/local/lib/python2.7/site-packages/poretools/poretools_main.py", line 55, in run_subtool    submodule.run(parser, args)  File "/usr/local/lib/python2.7/site-packages/poretools/events.py", line 13, in run    for fast5 in Fast5File.Fast5FileSet(args.files):  File "/usr/local/lib/python2.7/site-packages/poretools/Fast5File.py", line 110, in next    shutil.rmtree(PORETOOLS_TMPDIR)  File "/usr/local/lib/python2.7/shutil.py", line 261, in rmtree    rmtree(fullname, ignore_errors, onerror)  File "/usr/local/lib/python2.7/shutil.py", line 270, in rmtree    onerror(os.rmdir, path, sys.exc_info())  File "/usr/local/lib/python2.7/shutil.py", line 268, in rmtree    os.rmdir(path)OSError: [Errno 39] Directory not empty: '.poretools_tmp/test-data'
            ]]></system-err>
        
    </testcase>
    
    <testcase classname="qualimap_bamqc (Test #1)" name="0" time="76.64571022987366">
        
            
            <system-out><![CDATA[
            Java memory size is set to 1200MLaunching application...detected environment java options -Djava.awt.headless=true -Xmx25769mQualiMap v.2.2.2-devBuilt on 2019-11-11 14:05Selected tool: bamqcAvailable memory (Mb): 1321Max memory (Mb): 27023Starting bam qc....Loading sam header...Loading locator...Loading reference...Only flagged duplicate alignments will be skipped...Number of windows: 400, effective number of windows: 325Chunk of reads size: 1000Number of threads: 1Processed 50 out of 325 windows...Processed 100 out of 325 windows...Processed 150 out of 325 windows...Processed 200 out of 325 windows...Processed 250 out of 325 windows...Processed 300 out of 325 windows...Total processed windows:325Number of reads: 100Number of valid reads: 100Number of correct strand reads:0Inside of regions...Num mapped reads: 100Num mapped first of pair: 0Num mapped second of pair: 0Num singletons: 0Time taken to analyze reads: 0Computing descriptors...numberOfMappedBases: 12665referenceSize: 650numberOfSequencedBases: 7465numberOfAs: 1910Computing per chromosome statistics...Computing histograms...Overall analysis time: 0end of bam qcComputing report...Writing HTML report...HTML report created successfullyFinished
            ]]></system-out>
            <system-err><![CDATA[
            
            ]]></system-err>
        
    </testcase>
    
    <testcase classname="qualimap_bamqc (Test #2)" name="1" time="48.34028458595276">
        
            
            <system-out><![CDATA[
            Java memory size is set to 1200MLaunching application...detected environment java options -Djava.awt.headless=true -Xmx25769mQualiMap v.2.2.2-devBuilt on 2019-11-11 14:05Selected tool: bamqcAvailable memory (Mb): 1321Max memory (Mb): 27023Starting bam qc....Loading sam header...Loading locator...Loading reference...Only flagged duplicate alignments will be skipped...Number of windows: 400, effective number of windows: 325Chunk of reads size: 1000Number of threads: 1Processed 50 out of 325 windows...Processed 100 out of 325 windows...Processed 150 out of 325 windows...Processed 200 out of 325 windows...Processed 250 out of 325 windows...Processed 300 out of 325 windows...Total processed windows:325Number of reads: 100Number of valid reads: 100Number of correct strand reads:0Inside of regions...Num mapped reads: 100Num mapped first of pair: 0Num mapped second of pair: 0Num singletons: 0Time taken to analyze reads: 0Computing descriptors...numberOfMappedBases: 12665referenceSize: 650numberOfSequencedBases: 7465numberOfAs: 1910Computing per chromosome statistics...Computing histograms...Overall analysis time: 0end of bam qcComputing report...Writing HTML report...HTML report created successfullyFinished
            ]]></system-out>
            <system-err><![CDATA[
            
            ]]></system-err>
        
    </testcase>
    
    <testcase classname="qualimap_bamqc (Test #3)" name="2" time="40.24037528038025">
        
            
                <error type="error" message="Tool exit code: None"><![CDATA[
                    { "inputs": {  "input1": {   "id": "7ff7a5cf62d16b24",   "src": "hda"  },  "stats_regions|region_select": "custom_regions",  "stats_regions|regions": {   "id": "62bb627b085fa9a0",   "src": "hda"  } }, "job": {  "command_line": "export JAVA_OPTS=\"-Djava.awt.headless=true -Xmx${GALAXY_MEMORY_MB:-1024}m\" \u0026\u0026   ln -s \u0027/galaxy/server/database/objects/0/2/2/dataset_0226f099-9406-4e7d-b0c0-5d977c9c92f8.dat\u0027 regions.gtf \u0026\u0026   ln -s \u0027/galaxy/server/database/objects/b/a/9/dataset_ba934749-adb4-4683-b83b-7a27e9fd37ac.dat\u0027 \u0027test_mapped_reads_bam\u0027 \u0026\u0026  qualimap bamqc -bam \u0027test_mapped_reads_bam\u0027 -outdir results -outformat html --collect-overlap-pairs -gff regions.gtf -nw 400 --paint-chromosome-limits -hm 3  --skip-duplicated --skip-dup-mode 0 -nt ${GALAXY_SLOTS:-1} \u0026\u0026   sed \u0027s|images_qualimapReport/||g;s|css/||g\u0027 results/qualimapReport.html \u003e \u0027/galaxy/server/database/objects/a/3/c/dataset_a3c26643-4c1b-4b79-97cb-2dec1ff2ece0.dat\u0027 \u0026\u0026 mkdir \u0027/galaxy/server/database/objects/a/3/c/dataset_a3c26643-4c1b-4b79-97cb-2dec1ff2ece0_files\u0027 \u0026\u0026 mv results/css/*.css \u0027/galaxy/server/database/objects/a/3/c/dataset_a3c26643-4c1b-4b79-97cb-2dec1ff2ece0_files\u0027 \u0026\u0026 mv results/css/*.png \u0027/galaxy/server/database/objects/a/3/c/dataset_a3c26643-4c1b-4b79-97cb-2dec1ff2ece0_files\u0027 \u0026\u0026 if [ -d results/images_qualimapReport ]; then mv results/images_qualimapReport/* \u0027/galaxy/server/database/objects/a/3/c/dataset_a3c26643-4c1b-4b79-97cb-2dec1ff2ece0_files\u0027 \u0026\u0026 for file in $(ls -A results/raw_data_qualimapReport); do mv \"results/raw_data_qualimapReport/$file\" `echo \"results/$file\" | sed \u0027s/(//;s/)//\u0027`; done fi \u0026\u0026 mv results/genome_results.txt results/summary_report.txt",  "command_version": null,  "copied_from_job_id": null,  "create_time": "2024-08-25T18:49:40.874001",  "dependencies": [],  "exit_code": null,  "external_id": "gxy-89lkf",  "galaxy_version": "24.1",  "handler": null,  "history_id": "4496ec44713a9b61",  "id": "1c96cd94e690513c",  "inputs": {   "input1": {    "id": "7ff7a5cf62d16b24",    "src": "hda",    "uuid": "ba934749-adb4-4683-b83b-7a27e9fd37ac"   },   "stats_regions|regions": {    "id": "62bb627b085fa9a0",    "src": "hda",    "uuid": "0226f099-9406-4e7d-b0c0-5d977c9c92f8"   }  },  "job_messages": null,  "job_metrics": [],  "job_runner_name": null,  "job_stderr": null,  "job_stdout": null,  "model_class": "Job",  "output_collections": {   "raw_data": {    "id": "a53c3ce7d1750294",    "src": "hdca"   }  },  "outputs": {   "output_html": {    "id": "a0fcdff219edda62",    "src": "hda",    "uuid": "a3c26643-4c1b-4b79-97cb-2dec1ff2ece0"   },   "raw_data|__part__|coverage_across_reference": {    "id": "39a04ec09e49d707",    "src": "hda",    "uuid": "9d406a62-2237-462d-80da-74cf1339a375"   },   "raw_data|__part__|coverage_histogram": {    "id": "6dfb9ffcaaf0ada7",    "src": "hda",    "uuid": "1de9f7c0-bc91-4b13-b4c3-d9a7866b69c7"   },   "raw_data|__part__|duplication_rate_histogram": {    "id": "a24ef0162933921c",    "src": "hda",    "uuid": "fe67f27b-686e-49cf-a6a0-8eb41357a9e8"   },   "raw_data|__part__|genome_fraction_coverage": {    "id": "dbc3efab18c3459f",    "src": "hda",    "uuid": "88bbf581-1c7e-45f0-8b09-1fff3c7a5043"   },   "raw_data|__part__|genome_results": {    "id": "0ef0105e13a9cbb3",    "src": "hda",    "uuid": "839fdba4-b05c-4027-aef3-858876caa530"   },   "raw_data|__part__|homopolymer_indels": {    "id": "bc2c6ccd038e0d99",    "src": "hda",    "uuid": "b210fbde-34d3-4370-8e23-6f036c09b15d"   },   "raw_data|__part__|insert_size_across_reference": {    "id": "01f29de7b4234de8",    "src": "hda",    "uuid": "19fd0ed4-5db3-4e9e-acfc-5411252cef3a"   },   "raw_data|__part__|insert_size_histogram": {    "id": "5cef03d684a9e1b9",    "src": "hda",    "uuid": "429a4bb4-e80a-4662-8da7-4a0c40780c5b"   },   "raw_data|__part__|mapped_reads_clipping_profile": {    "id": "1b1ff080f8246f18",    "src": "hda",    "uuid": "99325d19-d2f3-475b-86a7-ac7cead4f6e5"   },   "raw_data|__part__|mapped_reads_gc-content_distribution": {    "id": "393aff90728d381d",    "src": "hda",    "uuid": "15905bc6-86d0-4ced-9a35-e075759134f4"   },   "raw_data|__part__|mapped_reads_nucleotide_content": {    "id": "c5e900190f77c408",    "src": "hda",    "uuid": "bee372c4-6d0c-4f24-98a3-5545bc00b526"   },   "raw_data|__part__|mapping_quality_across_reference": {    "id": "24618a95b2935de3",    "src": "hda",    "uuid": "62bcae0f-2b20-4505-9b41-8d45a0cde565"   },   "raw_data|__part__|mapping_quality_histogram": {    "id": "96c6018e03b09bf5",    "src": "hda",    "uuid": "13da193e-66ef-4c2f-a933-ff6a664b8467"   }  },  "params": {   "__input_ext": "\"bam\"",   "chromInfo": "\"/cvmfs/data.galaxyproject.org/managed/len/ucsc/?.len\"",   "dbkey": "\"?\"",   "duplicate_skipping": "\"0\"",   "per_base_coverage": "false",   "plot_specific": "{\"genome_gc_distr\": null, \"homopolymer_size\": \"3\", \"n_bins\": \"400\", \"paint_chromosome_limits\": true}",   "stats_regions": "{\"__current_case__\": 1, \"outside_stats\": false, \"region_select\": \"custom_regions\", \"regions\": {\"values\": [{\"id\": 96, \"src\": \"hda\"}]}}"  },  "state": "error",  "stderr": "",  "stdout": "Java memory size is set to 1200M\nLaunching application...\n\ndetected environment java options -Djava.awt.headless=true -Xmx25769m\nQualiMap v.2.2.2-dev\nBuilt on 2019-11-11 14:05\n\nSelected tool: bamqc\nAvailable memory (Mb): 1321\nMax memory (Mb): 27023\nStarting bam qc....\nLoading sam header...\nLoading locator...\nLoading reference...\nOnly flagged duplicate alignments will be skipped...\nNumber of windows: 400, effective number of windows: 325\nChunk of reads size: 1000\nNumber of threads: 1\nInitializing regions from regions.gtf.....\nFound 4 regions\nFilling region references... \nProcessed 50 out of 325 windows...\nProcessed 100 out of 325 windows...\nProcessed 150 out of 325 windows...\nProcessed 200 out of 325 windows...\nProcessed 250 out of 325 windows...\nProcessed 300 out of 325 windows...\nTotal processed windows:325\nNumber of reads: 100\nNumber of valid reads: 100\nNumber of correct strand reads:0\n\nInside of regions...\nNum mapped reads: 82\nNum mapped first of pair: 0\nNum mapped second of pair: 0\nNum singletons: 0\nTime taken to analyze reads: 0\nComputing descriptors...\nnumberOfMappedBases: 6451\nreferenceSize: 650\nnumberOfSequencedBases: 5101\nnumberOfAs: 1243\nComputing per chromosome statistics...\nComputing histograms...\nOverall analysis time: 0\nend of bam qc\nComputing report...\nWriting HTML report...\nHTML report created successfully\n\nFinished\n",  "tool_id": "toolshed.g2.bx.psu.edu/repos/iuc/qualimap_bamqc/qualimap_bamqc/2.2.2d+galaxy3",  "tool_stderr": "",  "tool_stdout": "Java memory size is set to 1200M\nLaunching application...\n\ndetected environment java options -Djava.awt.headless=true -Xmx25769m\nQualiMap v.2.2.2-dev\nBuilt on 2019-11-11 14:05\n\nSelected tool: bamqc\nAvailable memory (Mb): 1321\nMax memory (Mb): 27023\nStarting bam qc....\nLoading sam header...\nLoading locator...\nLoading reference...\nOnly flagged duplicate alignments will be skipped...\nNumber of windows: 400, effective number of windows: 325\nChunk of reads size: 1000\nNumber of threads: 1\nInitializing regions from regions.gtf.....\nFound 4 regions\nFilling region references... \nProcessed 50 out of 325 windows...\nProcessed 100 out of 325 windows...\nProcessed 150 out of 325 windows...\nProcessed 200 out of 325 windows...\nProcessed 250 out of 325 windows...\nProcessed 300 out of 325 windows...\nTotal processed windows:325\nNumber of reads: 100\nNumber of valid reads: 100\nNumber of correct strand reads:0\n\nInside of regions...\nNum mapped reads: 82\nNum mapped first of pair: 0\nNum mapped second of pair: 0\nNum singletons: 0\nTime taken to analyze reads: 0\nComputing descriptors...\nnumberOfMappedBases: 6451\nreferenceSize: 650\nnumberOfSequencedBases: 5101\nnumberOfAs: 1243\nComputing per chromosome statistics...\nComputing histograms...\nOverall analysis time: 0\nend of bam qc\nComputing report...\nWriting HTML report...\nHTML report created successfully\n\nFinished\n",  "update_time": "2024-08-25T18:49:53.556265",  "user_email": "tests@fake.org" }, "output_problems": [  "Job in error state.. tool_id: toolshed.g2.bx.psu.edu/repos/iuc/qualimap_bamqc/qualimap_bamqc/2.2.2d+galaxy3, exit_code: None, stderr: .",  "Job in error state.. tool_id: toolshed.g2.bx.psu.edu/repos/iuc/qualimap_bamqc/qualimap_bamqc/2.2.2d+galaxy3, exit_code: None, stderr: ." ], "status": "failure", "test_index": 2, "time_seconds": 40.24037528038025, "tool_id": "qualimap_bamqc", "tool_version": "2.2.2d+galaxy3"}
                ]]></error>
            
            <system-out><![CDATA[
            Java memory size is set to 1200MLaunching application...detected environment java options -Djava.awt.headless=true -Xmx25769mQualiMap v.2.2.2-devBuilt on 2019-11-11 14:05Selected tool: bamqcAvailable memory (Mb): 1321Max memory (Mb): 27023Starting bam qc....Loading sam header...Loading locator...Loading reference...Only flagged duplicate alignments will be skipped...Number of windows: 400, effective number of windows: 325Chunk of reads size: 1000Number of threads: 1Initializing regions from regions.gtf.....Found 4 regionsFilling region references... Processed 50 out of 325 windows...Processed 100 out of 325 windows...Processed 150 out of 325 windows...Processed 200 out of 325 windows...Processed 250 out of 325 windows...Processed 300 out of 325 windows...Total processed windows:325Number of reads: 100Number of valid reads: 100Number of correct strand reads:0Inside of regions...Num mapped reads: 82Num mapped first of pair: 0Num mapped second of pair: 0Num singletons: 0Time taken to analyze reads: 0Computing descriptors...numberOfMappedBases: 6451referenceSize: 650numberOfSequencedBases: 5101numberOfAs: 1243Computing per chromosome statistics...Computing histograms...Overall analysis time: 0end of bam qcComputing report...Writing HTML report...HTML report created successfullyFinished
            ]]></system-out>
            <system-err><![CDATA[
            
            ]]></system-err>
        
    </testcase>
    
    <testcase classname="qualimap_bamqc (Test #4)" name="3" time="49.97565484046936">
        
            
            <system-out><![CDATA[
            Java memory size is set to 1200MLaunching application...detected environment java options -Djava.awt.headless=true -Xmx25769mQualiMap v.2.2.2-devBuilt on 2019-11-11 14:05Selected tool: bamqcAvailable memory (Mb): 1321Max memory (Mb): 27023Starting bam qc....Loading sam header...Loading locator...Loading reference...Only flagged duplicate alignments will be skipped...Number of windows: 400, effective number of windows: 325Chunk of reads size: 1000Number of threads: 1Initializing regions from regions.gtf.....Found 4 regionsFilling region references... Processed 50 out of 325 windows...Processed 100 out of 325 windows...Processed 150 out of 325 windows...Processed 200 out of 325 windows...Processed 250 out of 325 windows...Processed 300 out of 325 windows...Total processed windows:325Number of reads: 100Number of valid reads: 100Number of correct strand reads:0Inside of regions...Num mapped reads: 82Num mapped first of pair: 0Num mapped second of pair: 0Num singletons: 0Time taken to analyze reads: 0Computing descriptors...numberOfMappedBases: 6451referenceSize: 650numberOfSequencedBases: 5101numberOfAs: 1243Computing per chromosome statistics...Computing histograms...Overall analysis time: 0end of bam qcComputing report...Writing HTML report...HTML report created successfullyFinished
            ]]></system-out>
            <system-err><![CDATA[
            
            ]]></system-err>
        
    </testcase>
    
    <testcase classname="qualimap_bamqc (Test #5)" name="4" time="14.80564022064209">
        
            <error type="error" message="Input staging problem: Job in error state.. tool_id: upload1, exit_code: None, stderr: ."><![CDATA[
                { "execution_problem": "Input staging problem: Job in error state.. tool_id: upload1, exit_code: None, stderr: .", "status": "error", "test_index": 4, "time_seconds": 14.80564022064209, "tool_id": "qualimap_bamqc", "tool_version": "2.2.2d+galaxy3"}
            ]]></error>
        
    </testcase>
    
    <testcase classname="samtools_stats (Test #1)" name="0" time="43.3026921749115">
        
            
            <system-out><![CDATA[
            
            ]]></system-out>
            <system-err><![CDATA[
            
            ]]></system-err>
        
    </testcase>
    
    <testcase classname="samtools_stats (Test #1)" name="0" time="41.937522888183594">
        
            
            <system-out><![CDATA[
            
            ]]></system-out>
            <system-err><![CDATA[
            
            ]]></system-err>
        
    </testcase>
    
    <testcase classname="samtools_stats (Test #2)" name="1" time="40.947320222854614">
        
            
            <system-out><![CDATA[
            
            ]]></system-out>
            <system-err><![CDATA[
            
            ]]></system-err>
        
    </testcase>
    
    <testcase classname="samtools_stats (Test #2)" name="1" time="39.36419701576233">
        
            
            <system-out><![CDATA[
            
            ]]></system-out>
            <system-err><![CDATA[
            
            ]]></system-err>
        
    </testcase>
    
    <testcase classname="samtools_stats (Test #11)" name="10" time="41.06900644302368">
        
            
            <system-out><![CDATA[
            
            ]]></system-out>
            <system-err><![CDATA[
            
            ]]></system-err>
        
    </testcase>
    
    <testcase classname="samtools_stats (Test #11)" name="10" time="39.35867953300476">
        
            
            <system-out><![CDATA[
            
            ]]></system-out>
            <system-err><![CDATA[
            
            ]]></system-err>
        
    </testcase>
    
    <testcase classname="samtools_stats (Test #12)" name="11" time="41.74473762512207">
        
            
            <system-out><![CDATA[
            
            ]]></system-out>
            <system-err><![CDATA[
            
            ]]></system-err>
        
    </testcase>
    
    <testcase classname="samtools_stats (Test #12)" name="11" time="40.59610462188721">
        
            
            <system-out><![CDATA[
            
            ]]></system-out>
            <system-err><![CDATA[
            
            ]]></system-err>
        
    </testcase>
    
    <testcase classname="samtools_stats (Test #13)" name="12" time="41.05623197555542">
        
            
            <system-out><![CDATA[
            
            ]]></system-out>
            <system-err><![CDATA[
            
            ]]></system-err>
        
    </testcase>
    
    <testcase classname="samtools_stats (Test #13)" name="12" time="41.54828405380249">
        
            
            <system-out><![CDATA[
            
            ]]></system-out>
            <system-err><![CDATA[
            
            ]]></system-err>
        
    </testcase>
    
    <testcase classname="samtools_stats (Test #3)" name="2" time="40.57575249671936">
        
            
            <system-out><![CDATA[
            
            ]]></system-out>
            <system-err><![CDATA[
            
            ]]></system-err>
        
    </testcase>
    
    <testcase classname="samtools_stats (Test #3)" name="2" time="46.578672885894775">
        
            
            <system-out><![CDATA[
            
            ]]></system-out>
            <system-err><![CDATA[
            
            ]]></system-err>
        
    </testcase>
    
    <testcase classname="samtools_stats (Test #4)" name="3" time="42.25873875617981">
        
            
            <system-out><![CDATA[
            
            ]]></system-out>
            <system-err><![CDATA[
            
            ]]></system-err>
        
    </testcase>
    
    <testcase classname="samtools_stats (Test #4)" name="3" time="12.764034509658813">
        
            <error type="error" message="Input staging problem: Job in error state.. tool_id: upload1, exit_code: None, stderr: ."><![CDATA[
                { "execution_problem": "Input staging problem: Job in error state.. tool_id: upload1, exit_code: None, stderr: .", "status": "error", "test_index": 3, "time_seconds": 12.764034509658813, "tool_id": "samtools_stats", "tool_version": "2.0.2+galaxy2"}
            ]]></error>
        
    </testcase>
    
    <testcase classname="samtools_stats (Test #5)" name="4" time="13.85996150970459">
        
            <error type="error" message="Input staging problem: Job in error state.. tool_id: upload1, exit_code: None, stderr: ."><![CDATA[
                { "execution_problem": "Input staging problem: Job in error state.. tool_id: upload1, exit_code: None, stderr: .", "status": "error", "test_index": 4, "time_seconds": 13.85996150970459, "tool_id": "samtools_stats", "tool_version": "2.0.2+galaxy2"}
            ]]></error>
        
    </testcase>
    
    <testcase classname="samtools_stats (Test #5)" name="4" time="39.85541486740112">
        
            
            <system-out><![CDATA[
            
            ]]></system-out>
            <system-err><![CDATA[
            
            ]]></system-err>
        
    </testcase>
    
    <testcase classname="samtools_stats (Test #6)" name="5" time="40.59138822555542">
        
            
            <system-out><![CDATA[
            
            ]]></system-out>
            <system-err><![CDATA[
            
            ]]></system-err>
        
    </testcase>
    
    <testcase classname="samtools_stats (Test #6)" name="5" time="40.633795976638794">
        
            
            <system-out><![CDATA[
            
            ]]></system-out>
            <system-err><![CDATA[
            
            ]]></system-err>
        
    </testcase>
    
    <testcase classname="samtools_stats (Test #7)" name="6" time="12.995055198669434">
        
            <error type="error" message="Input staging problem: Job in error state.. tool_id: upload1, exit_code: None, stderr: ."><![CDATA[
                { "execution_problem": "Input staging problem: Job in error state.. tool_id: upload1, exit_code: None, stderr: .", "status": "error", "test_index": 6, "time_seconds": 12.995055198669434, "tool_id": "samtools_stats", "tool_version": "2.0.2+galaxy2"}
            ]]></error>
        
    </testcase>
    
    <testcase classname="samtools_stats (Test #7)" name="6" time="38.989238262176514">
        
            
            <system-out><![CDATA[
            
            ]]></system-out>
            <system-err><![CDATA[
            
            ]]></system-err>
        
    </testcase>
    
    <testcase classname="samtools_stats (Test #8)" name="7" time="40.641130685806274">
        
            
            <system-out><![CDATA[
            
            ]]></system-out>
            <system-err><![CDATA[
            
            ]]></system-err>
        
    </testcase>
    
    <testcase classname="samtools_stats (Test #8)" name="7" time="40.238444328308105">
        
            
            <system-out><![CDATA[
            
            ]]></system-out>
            <system-err><![CDATA[
            
            ]]></system-err>
        
    </testcase>
    
    <testcase classname="samtools_stats (Test #9)" name="8" time="40.599074363708496">
        
            
            <system-out><![CDATA[
            
            ]]></system-out>
            <system-err><![CDATA[
            
            ]]></system-err>
        
    </testcase>
    
    <testcase classname="samtools_stats (Test #9)" name="8" time="40.22280430793762">
        
            
            <system-out><![CDATA[
            
            ]]></system-out>
            <system-err><![CDATA[
            
            ]]></system-err>
        
    </testcase>
    
    <testcase classname="samtools_stats (Test #10)" name="9" time="14.000694274902344">
        
            <error type="error" message="Input staging problem: Job in error state.. tool_id: upload1, exit_code: None, stderr: ."><![CDATA[
                { "execution_problem": "Input staging problem: Job in error state.. tool_id: upload1, exit_code: None, stderr: .", "status": "error", "test_index": 9, "time_seconds": 14.000694274902344, "tool_id": "samtools_stats", "tool_version": "2.0.2+galaxy2"}
            ]]></error>
        
    </testcase>
    
    <testcase classname="samtools_stats (Test #10)" name="9" time="29.68406319618225">
        
            
                <error type="error" message="Tool exit code: None"><![CDATA[
                    { "inputs": {  "addref_cond|addref_select": "no",  "cond_region|select_region": "tab",  "cond_region|targetregions": {   "id": "624562c3c8c44f0f",   "src": "hda"  },  "input": {   "id": "7f12da55c88beeeb",   "src": "hda"  } }, "job": {  "command_line": "addthreads=${GALAXY_SLOTS:-1} \u0026\u0026 (( addthreads-- )) \u0026\u0026   ln -s \u0027/galaxy/server/database/objects/1/9/7/dataset_197c9a31-f72d-467e-99a1-6697de5eb5fc.dat\u0027 infile \u0026\u0026 ln -s \u0027/galaxy/server/database/objects/_metadata_files/d/7/6/metadata_d760704c-1a17-4495-ba77-df7471df8199.dat\u0027 infile.bai \u0026\u0026    samtools stats     -t \u0027/galaxy/server/database/objects/c/e/d/dataset_cede1067-9933-47b0-81af-12e847a65f49.dat\u0027   -@ $addthreads infile   \u003e \u0027/galaxy/server/database/objects/5/8/6/dataset_586c4496-8ae0-453c-9172-71da472e9040.dat\u0027",  "command_version": null,  "copied_from_job_id": null,  "create_time": "2024-08-25T19:04:44.134434",  "dependencies": [],  "exit_code": null,  "external_id": "gxy-pvcnq",  "galaxy_version": "24.1",  "handler": null,  "history_id": "4496ec44713a9b61",  "id": "b50d4460f6f8589a",  "inputs": {   "cond_region|targetregions": {    "id": "624562c3c8c44f0f",    "src": "hda",    "uuid": "cede1067-9933-47b0-81af-12e847a65f49"   },   "input": {    "id": "7f12da55c88beeeb",    "src": "hda",    "uuid": "197c9a31-f72d-467e-99a1-6697de5eb5fc"   }  },  "job_messages": null,  "job_metrics": [],  "job_runner_name": null,  "job_stderr": null,  "job_stdout": null,  "model_class": "Job",  "output_collections": {},  "outputs": {   "output": {    "id": "2b20f1dd254911d2",    "src": "hda",    "uuid": "586c4496-8ae0-453c-9172-71da472e9040"   }  },  "params": {   "__input_ext": "\"bam\"",   "addref_cond": "{\"__current_case__\": 0, \"addref_select\": \"no\"}",   "chromInfo": "\"/cvmfs/data.galaxyproject.org/managed/len/ucsc/?.len\"",   "cond_region": "{\"__current_case__\": 2, \"select_region\": \"tab\", \"targetregions\": {\"values\": [{\"id\": 191, \"src\": \"hda\"}]}}",   "cov_threshold": "\"\"",   "coverage_cond": "{\"__current_case__\": 0, \"coverage_select\": \"no\"}",   "dbkey": "\"?\"",   "filter_by_flags": "{\"__current_case__\": 1, \"filter_flags\": \"nofilter\"}",   "gc_depth": "\"\"",   "insert_size": "\"\"",   "most_inserts": "\"\"",   "read_length": "\"\"",   "remove_dups": "false",   "remove_overlaps": "false",   "sparse": "false",   "split_output_cond": "{\"__current_case__\": 0, \"split_output_selector\": \"no\"}",   "trim_quality": "\"\""  },  "state": "error",  "stderr": "",  "stdout": "",  "tool_id": "toolshed.g2.bx.psu.edu/repos/devteam/samtools_stats/samtools_stats/2.0.2+galaxy2",  "tool_stderr": "",  "tool_stdout": "",  "update_time": "2024-08-25T19:04:49.091839",  "user_email": "tests@fake.org" }, "output_problems": [  "Job in error state.. tool_id: toolshed.g2.bx.psu.edu/repos/devteam/samtools_stats/samtools_stats/2.0.2+galaxy2, exit_code: None, stderr: .",  "Job in error state.. tool_id: toolshed.g2.bx.psu.edu/repos/devteam/samtools_stats/samtools_stats/2.0.2+galaxy2, exit_code: None, stderr: ." ], "status": "failure", "test_index": 9, "time_seconds": 29.68406319618225, "tool_id": "samtools_stats", "tool_version": "2.0.2+galaxy2"}
                ]]></error>
            
            <system-out><![CDATA[
            
            ]]></system-out>
            <system-err><![CDATA[
            
            ]]></system-err>
        
    </testcase>
    
    <testcase classname="scanpy_find_markers (Test #1)" name="0" time="0.44948458671569824">
        
            <error type="error" message="Input staging problem: Test input file (louvain_1.0) cannot be found."><![CDATA[
                { "execution_problem": "Input staging problem: Test input file (louvain_1.0) cannot be found.", "status": "error", "test_index": 0, "time_seconds": 0.44948458671569824, "tool_id": "scanpy_find_markers", "tool_version": "1.8.1+3+galaxy0"}
            ]]></error>
        
    </testcase>
    
    <testcase classname="scanpy_find_markers (Test #1)" name="0" time="0.45491909980773926">
        
            <error type="error" message="Input staging problem: Test input file (louvain_1.0) cannot be found."><![CDATA[
                { "execution_problem": "Input staging problem: Test input file (louvain_1.0) cannot be found.", "status": "error", "test_index": 0, "time_seconds": 0.45491909980773926, "tool_id": "scanpy_find_markers", "tool_version": "1.8.1+3+galaxy0"}
            ]]></error>
        
    </testcase>
    
    <testcase classname="scanpy_find_markers (Test #2)" name="1" time="0.3046760559082031">
        
            <error type="error" message="Input staging problem: Test input file (louvain_1.0) cannot be found."><![CDATA[
                { "execution_problem": "Input staging problem: Test input file (louvain_1.0) cannot be found.", "status": "error", "test_index": 1, "time_seconds": 0.3046760559082031, "tool_id": "scanpy_find_markers", "tool_version": "1.8.1+3+galaxy0"}
            ]]></error>
        
    </testcase>
    
    <testcase classname="scanpy_find_markers (Test #2)" name="1" time="0.3116006851196289">
        
            <error type="error" message="Input staging problem: Test input file (louvain_1.0) cannot be found."><![CDATA[
                { "execution_problem": "Input staging problem: Test input file (louvain_1.0) cannot be found.", "status": "error", "test_index": 1, "time_seconds": 0.3116006851196289, "tool_id": "scanpy_find_markers", "tool_version": "1.8.1+3+galaxy0"}
            ]]></error>
        
    </testcase>
    
    <testcase classname="scater_filter (Test #1)" name="0" time="77.8150725364685">
        
            
            <system-out><![CDATA[
            [1] "Starting with 40 cells and 2000 features."[1] "After filtering out low library counts:  39 cells and 2000 features."[1] "After filtering out high MT gene counts:  34 cells and 2000 features."[1] "After filtering out cells with low feature counts:  34 cells and 2000 features."[1] "After filtering out rare features:  34 cells and 1148 features."[1] TRUE
            ]]></system-out>
            <system-err><![CDATA[
            Loading required package: S4VectorsLoading required package: stats4Loading required package: BiocGenericsAttaching package: BiocGenericsThe following objects are masked from package:stats:    IQR, mad, sd, var, xtabsThe following objects are masked from package:base:    anyDuplicated, append, as.data.frame, basename, cbind, colnames,    dirname, do.call, duplicated, eval, evalq, Filter, Find, get, grep,    grepl, intersect, is.unsorted, lapply, Map, mapply, match, mget,    order, paste, pmax, pmax.int, pmin, pmin.int, Position, rank,    rbind, Reduce, rownames, sapply, setdiff, sort, table, tapply,    union, unique, unsplit, which.max, which.minAttaching package: S4VectorsThe following objects are masked from package:base:    expand.grid, I, unnameLoading required package: SingleCellExperimentLoading required package: SummarizedExperimentLoading required package: MatrixGenericsLoading required package: matrixStatsAttaching package: MatrixGenericsThe following objects are masked from package:matrixStats:    colAlls, colAnyNAs, colAnys, colAvgsPerRowSet, colCollapse,    colCounts, colCummaxs, colCummins, colCumprods, colCumsums,    colDiffs, colIQRDiffs, colIQRs, colLogSumExps, colMadDiffs,    colMads, colMaxs, colMeans2, colMedians, colMins, colOrderStats,    colProds, colQuantiles, colRanges, colRanks, colSdDiffs, colSds,    colSums2, colTabulates, colVarDiffs, colVars, colWeightedMads,    colWeightedMeans, colWeightedMedians, colWeightedSds,    colWeightedVars, rowAlls, rowAnyNAs, rowAnys, rowAvgsPerColSet,    rowCollapse, rowCounts, rowCummaxs, rowCummins, rowCumprods,    rowCumsums, rowDiffs, rowIQRDiffs, rowIQRs, rowLogSumExps,    rowMadDiffs, rowMads, rowMaxs, rowMeans2, rowMedians, rowMins,    rowOrderStats, rowProds, rowQuantiles, rowRanges, rowRanks,    rowSdDiffs, rowSds, rowSums2, rowTabulates, rowVarDiffs, rowVars,    rowWeightedMads, rowWeightedMeans, rowWeightedMedians,    rowWeightedSds, rowWeightedVarsLoading required package: GenomicRangesLoading required package: IRangesLoading required package: GenomeInfoDbLoading required package: BiobaseWelcome to Bioconductor    Vignettes contain introductory material; view with    'browseVignettes()'. To cite Bioconductor, see    'citation("Biobase")', and for packages 'citation("pkgname")'.Attaching package: BiobaseThe following object is masked from package:MatrixGenerics:    rowMediansThe following objects are masked from package:matrixStats:    anyMissing, rowMediansLoading required package: rhdf5Loading required package: BiocIOLoading required package: scuttleLoading required package: ggplot2Warning message:In value[[3L]](cond) :  zero-length inputs cannot be mixed with those of non-zero length
            ]]></system-err>
        
    </testcase>
    
    <testcase classname="scater_filter (Test #1)" name="0" time="51.082502603530884">
        
            
            <system-out><![CDATA[
            [1] "Starting with 40 cells and 2000 features."[1] "After filtering out low library counts:  39 cells and 2000 features."[1] "After filtering out high MT gene counts:  34 cells and 2000 features."[1] "After filtering out cells with low feature counts:  34 cells and 2000 features."[1] "After filtering out rare features:  34 cells and 1148 features."[1] TRUE
            ]]></system-out>
            <system-err><![CDATA[
            Loading required package: S4VectorsLoading required package: stats4Loading required package: BiocGenericsAttaching package: BiocGenericsThe following objects are masked from package:stats:    IQR, mad, sd, var, xtabsThe following objects are masked from package:base:    anyDuplicated, append, as.data.frame, basename, cbind, colnames,    dirname, do.call, duplicated, eval, evalq, Filter, Find, get, grep,    grepl, intersect, is.unsorted, lapply, Map, mapply, match, mget,    order, paste, pmax, pmax.int, pmin, pmin.int, Position, rank,    rbind, Reduce, rownames, sapply, setdiff, sort, table, tapply,    union, unique, unsplit, which.max, which.minAttaching package: S4VectorsThe following objects are masked from package:base:    expand.grid, I, unnameLoading required package: SingleCellExperimentLoading required package: SummarizedExperimentLoading required package: MatrixGenericsLoading required package: matrixStatsAttaching package: MatrixGenericsThe following objects are masked from package:matrixStats:    colAlls, colAnyNAs, colAnys, colAvgsPerRowSet, colCollapse,    colCounts, colCummaxs, colCummins, colCumprods, colCumsums,    colDiffs, colIQRDiffs, colIQRs, colLogSumExps, colMadDiffs,    colMads, colMaxs, colMeans2, colMedians, colMins, colOrderStats,    colProds, colQuantiles, colRanges, colRanks, colSdDiffs, colSds,    colSums2, colTabulates, colVarDiffs, colVars, colWeightedMads,    colWeightedMeans, colWeightedMedians, colWeightedSds,    colWeightedVars, rowAlls, rowAnyNAs, rowAnys, rowAvgsPerColSet,    rowCollapse, rowCounts, rowCummaxs, rowCummins, rowCumprods,    rowCumsums, rowDiffs, rowIQRDiffs, rowIQRs, rowLogSumExps,    rowMadDiffs, rowMads, rowMaxs, rowMeans2, rowMedians, rowMins,    rowOrderStats, rowProds, rowQuantiles, rowRanges, rowRanks,    rowSdDiffs, rowSds, rowSums2, rowTabulates, rowVarDiffs, rowVars,    rowWeightedMads, rowWeightedMeans, rowWeightedMedians,    rowWeightedSds, rowWeightedVarsLoading required package: GenomicRangesLoading required package: IRangesLoading required package: GenomeInfoDbLoading required package: BiobaseWelcome to Bioconductor    Vignettes contain introductory material; view with    'browseVignettes()'. To cite Bioconductor, see    'citation("Biobase")', and for packages 'citation("pkgname")'.Attaching package: BiobaseThe following object is masked from package:MatrixGenerics:    rowMediansThe following objects are masked from package:matrixStats:    anyMissing, rowMediansLoading required package: rhdf5Loading required package: BiocIOLoading required package: scuttleLoading required package: ggplot2Warning message:In value[[3L]](cond) :  zero-length inputs cannot be mixed with those of non-zero length
            ]]></system-err>
        
    </testcase>
    
    <testcase classname="scater_filter (Test #2)" name="1" time="51.50854516029358">
        
            
            <system-out><![CDATA[
            [1] "Starting with 40 cells"[1] "Ending with 33 cells"[1] TRUE
            ]]></system-out>
            <system-err><![CDATA[
            Loading required package: S4VectorsLoading required package: stats4Loading required package: BiocGenericsAttaching package: BiocGenericsThe following objects are masked from package:stats:    IQR, mad, sd, var, xtabsThe following objects are masked from package:base:    anyDuplicated, append, as.data.frame, basename, cbind, colnames,    dirname, do.call, duplicated, eval, evalq, Filter, Find, get, grep,    grepl, intersect, is.unsorted, lapply, Map, mapply, match, mget,    order, paste, pmax, pmax.int, pmin, pmin.int, Position, rank,    rbind, Reduce, rownames, sapply, setdiff, sort, table, tapply,    union, unique, unsplit, which.max, which.minAttaching package: S4VectorsThe following objects are masked from package:base:    expand.grid, I, unnameLoading required package: SingleCellExperimentLoading required package: SummarizedExperimentLoading required package: MatrixGenericsLoading required package: matrixStatsAttaching package: MatrixGenericsThe following objects are masked from package:matrixStats:    colAlls, colAnyNAs, colAnys, colAvgsPerRowSet, colCollapse,    colCounts, colCummaxs, colCummins, colCumprods, colCumsums,    colDiffs, colIQRDiffs, colIQRs, colLogSumExps, colMadDiffs,    colMads, colMaxs, colMeans2, colMedians, colMins, colOrderStats,    colProds, colQuantiles, colRanges, colRanks, colSdDiffs, colSds,    colSums2, colTabulates, colVarDiffs, colVars, colWeightedMads,    colWeightedMeans, colWeightedMedians, colWeightedSds,    colWeightedVars, rowAlls, rowAnyNAs, rowAnys, rowAvgsPerColSet,    rowCollapse, rowCounts, rowCummaxs, rowCummins, rowCumprods,    rowCumsums, rowDiffs, rowIQRDiffs, rowIQRs, rowLogSumExps,    rowMadDiffs, rowMads, rowMaxs, rowMeans2, rowMedians, rowMins,    rowOrderStats, rowProds, rowQuantiles, rowRanges, rowRanks,    rowSdDiffs, rowSds, rowSums2, rowTabulates, rowVarDiffs, rowVars,    rowWeightedMads, rowWeightedMeans, rowWeightedMedians,    rowWeightedSds, rowWeightedVarsLoading required package: GenomicRangesLoading required package: IRangesLoading required package: GenomeInfoDbLoading required package: BiobaseWelcome to Bioconductor    Vignettes contain introductory material; view with    'browseVignettes()'. To cite Bioconductor, see    'citation("Biobase")', and for packages 'citation("pkgname")'.Attaching package: BiobaseThe following object is masked from package:MatrixGenerics:    rowMediansThe following objects are masked from package:matrixStats:    anyMissing, rowMediansLoading required package: rhdf5Loading required package: BiocIOLoading required package: scuttleLoading required package: ggplot2Attaching package: robustbaseThe following object is masked from package:Biobase:    rowMediansThe following objects are masked from package:MatrixGenerics:    colMedians, rowMediansThe following objects are masked from package:matrixStats:    colMedians, rowMedians
            ]]></system-err>
        
    </testcase>
    
    <testcase classname="scater_filter (Test #2)" name="1" time="51.1252658367157">
        
            
            <system-out><![CDATA[
            [1] "Starting with 40 cells"[1] "Ending with 33 cells"[1] TRUE
            ]]></system-out>
            <system-err><![CDATA[
            Loading required package: S4VectorsLoading required package: stats4Loading required package: BiocGenericsAttaching package: BiocGenericsThe following objects are masked from package:stats:    IQR, mad, sd, var, xtabsThe following objects are masked from package:base:    anyDuplicated, append, as.data.frame, basename, cbind, colnames,    dirname, do.call, duplicated, eval, evalq, Filter, Find, get, grep,    grepl, intersect, is.unsorted, lapply, Map, mapply, match, mget,    order, paste, pmax, pmax.int, pmin, pmin.int, Position, rank,    rbind, Reduce, rownames, sapply, setdiff, sort, table, tapply,    union, unique, unsplit, which.max, which.minAttaching package: S4VectorsThe following objects are masked from package:base:    expand.grid, I, unnameLoading required package: SingleCellExperimentLoading required package: SummarizedExperimentLoading required package: MatrixGenericsLoading required package: matrixStatsAttaching package: MatrixGenericsThe following objects are masked from package:matrixStats:    colAlls, colAnyNAs, colAnys, colAvgsPerRowSet, colCollapse,    colCounts, colCummaxs, colCummins, colCumprods, colCumsums,    colDiffs, colIQRDiffs, colIQRs, colLogSumExps, colMadDiffs,    colMads, colMaxs, colMeans2, colMedians, colMins, colOrderStats,    colProds, colQuantiles, colRanges, colRanks, colSdDiffs, colSds,    colSums2, colTabulates, colVarDiffs, colVars, colWeightedMads,    colWeightedMeans, colWeightedMedians, colWeightedSds,    colWeightedVars, rowAlls, rowAnyNAs, rowAnys, rowAvgsPerColSet,    rowCollapse, rowCounts, rowCummaxs, rowCummins, rowCumprods,    rowCumsums, rowDiffs, rowIQRDiffs, rowIQRs, rowLogSumExps,    rowMadDiffs, rowMads, rowMaxs, rowMeans2, rowMedians, rowMins,    rowOrderStats, rowProds, rowQuantiles, rowRanges, rowRanks,    rowSdDiffs, rowSds, rowSums2, rowTabulates, rowVarDiffs, rowVars,    rowWeightedMads, rowWeightedMeans, rowWeightedMedians,    rowWeightedSds, rowWeightedVarsLoading required package: GenomicRangesLoading required package: IRangesLoading required package: GenomeInfoDbLoading required package: BiobaseWelcome to Bioconductor    Vignettes contain introductory material; view with    'browseVignettes()'. To cite Bioconductor, see    'citation("Biobase")', and for packages 'citation("pkgname")'.Attaching package: BiobaseThe following object is masked from package:MatrixGenerics:    rowMediansThe following objects are masked from package:matrixStats:    anyMissing, rowMediansLoading required package: rhdf5Loading required package: BiocIOLoading required package: scuttleLoading required package: ggplot2Attaching package: robustbaseThe following object is masked from package:Biobase:    rowMediansThe following objects are masked from package:MatrixGenerics:    colMedians, rowMediansThe following objects are masked from package:matrixStats:    colMedians, rowMedians
            ]]></system-err>
        
    </testcase>
    
    <testcase classname="sceasy_convert (Test #1)" name="0" time="0.44971251487731934">
        
            <error type="error" message="Input staging problem: Test input file (input.loom) cannot be found."><![CDATA[
                { "execution_problem": "Input staging problem: Test input file (input.loom) cannot be found.", "status": "error", "test_index": 0, "time_seconds": 0.44971251487731934, "tool_id": "sceasy_convert", "tool_version": "0.0.5+galaxy1"}
            ]]></error>
        
    </testcase>
    
    <testcase classname="vcfbreakcreatemulti (Test #1)" name="0" time="34.052149295806885">
        
            
                <error type="error" message="Tool exit code: None"><![CDATA[
                    { "inputs": {  "break_or_create": "break",  "input1": {   "id": "bc08fab821b37f58",   "src": "hda"  } }, "job": {  "command_line": "vcfbreakmulti \u0027/galaxy/server/database/objects/6/c/8/dataset_6c8839dc-cf5c-4acd-914a-a1219ed724a6.dat\u0027 \u003e \u0027/galaxy/server/database/objects/e/0/a/dataset_e0a4b0b8-4f58-40a1-821c-77e9c3be4207.dat\u0027",  "command_version": null,  "copied_from_job_id": null,  "create_time": "2024-08-25T19:25:48.357586",  "dependencies": [],  "exit_code": null,  "external_id": "gxy-b9xrf",  "galaxy_version": "24.1",  "handler": null,  "history_id": "4496ec44713a9b61",  "id": "624562c3c8c44f0f",  "inputs": {   "input1": {    "id": "bc08fab821b37f58",    "src": "hda",    "uuid": "6c8839dc-cf5c-4acd-914a-a1219ed724a6"   }  },  "job_messages": null,  "job_metrics": [],  "job_runner_name": null,  "job_stderr": null,  "job_stdout": null,  "model_class": "Job",  "output_collections": {},  "outputs": {   "out_file1": {    "id": "855052d34865166e",    "src": "hda",    "uuid": "e0a4b0b8-4f58-40a1-821c-77e9c3be4207"   }  },  "params": {   "__input_ext": "\"vcf\"",   "break_or_create": "\"break\"",   "chromInfo": "\"/cvmfs/data.galaxyproject.org/managed/len/ucsc/?.len\"",   "dbkey": "\"?\""  },  "state": "error",  "stderr": "",  "stdout": "",  "tool_id": "toolshed.g2.bx.psu.edu/repos/devteam/vcfbreakcreatemulti/vcfbreakcreatemulti/1.0.0_rc3+galaxy0",  "tool_stderr": "",  "tool_stdout": "",  "update_time": "2024-08-25T19:25:58.517397",  "user_email": "tests@fake.org" }, "output_problems": [  "Job in error state.. tool_id: toolshed.g2.bx.psu.edu/repos/devteam/vcfbreakcreatemulti/vcfbreakcreatemulti/1.0.0_rc3+galaxy0, exit_code: None, stderr: .",  "Job in error state.. tool_id: toolshed.g2.bx.psu.edu/repos/devteam/vcfbreakcreatemulti/vcfbreakcreatemulti/1.0.0_rc3+galaxy0, exit_code: None, stderr: ." ], "status": "failure", "test_index": 0, "time_seconds": 34.052149295806885, "tool_id": "vcfbreakcreatemulti", "tool_version": "1.0.0_rc3+galaxy0"}
                ]]></error>
            
            <system-out><![CDATA[
            
            ]]></system-out>
            <system-err><![CDATA[
            
            ]]></system-err>
        
    </testcase>
    
    <testcase classname="vcfbreakcreatemulti (Test #2)" name="1" time="38.007962226867676">
        
            
            <system-out><![CDATA[
            
            ]]></system-out>
            <system-err><![CDATA[
            
            ]]></system-err>
        
    </testcase>
    
    <testcase classname="vcfselectsamples (Test #1)" name="0" time="39.00568747520447">
        
            
            <system-out><![CDATA[
            
            ]]></system-out>
            <system-err><![CDATA[
            
            ]]></system-err>
        
    </testcase>
    
</testsuite>