<?xml version="1.0" encoding="UTF-8"?>
<testsuite name="Results (powered by Planemo)"
           tests="89"
           errors="16"
           failures="6"
           skip="0">
    
    <testcase classname="bamtools (Test #1)" name="0" time="30.211005926132202">
        
            
            <system-out><![CDATA[
            
            ]]></system-out>
            <system-err><![CDATA[
            Pileup::Run() : Data not sorted correctly!Pileup::Run() : Data not sorted correctly!Pileup::Run() : Data not sorted correctly!
            ]]></system-err>
        
    </testcase>
    
    <testcase classname="bamtools (Test #2)" name="1" time="9.06236481666565">
        
            <error type="error" message="Input staging problem: Job in error state.. tool_id: upload1, exit_code: None, stderr: ."><![CDATA[
                { "execution_problem": "Input staging problem: Job in error state.. tool_id: upload1, exit_code: None, stderr: .", "status": "error", "test_index": 1, "time_seconds": 9.06236481666565, "tool_id": "bamtools", "tool_version": "2.4.0.0"}
            ]]></error>
        
    </testcase>
    
    <testcase classname="bamtools (Test #3)" name="2" time="24.52377223968506">
        
            
            <system-out><![CDATA[
            
            ]]></system-out>
            <system-err><![CDATA[
            Pileup::Run() : Data not sorted correctly!Pileup::Run() : Data not sorted correctly!Pileup::Run() : Data not sorted correctly!
            ]]></system-err>
        
    </testcase>
    
    <testcase classname="bamtools (Test #4)" name="3" time="25.08635425567627">
        
            
            <system-out><![CDATA[
            
            ]]></system-out>
            <system-err><![CDATA[
            
            ]]></system-err>
        
    </testcase>
    
    <testcase classname="bcftools_annotate (Test #1)" name="0" time="27.923207998275757">
        
            
            <system-out><![CDATA[
            
            ]]></system-out>
            <system-err><![CDATA[
            
            ]]></system-err>
        
    </testcase>
    
    <testcase classname="bcftools_annotate (Test #2)" name="1" time="8.803584575653076">
        
            <error type="error" message="Input staging problem: Job in error state.. tool_id: upload1, exit_code: None, stderr: ."><![CDATA[
                { "execution_problem": "Input staging problem: Job in error state.. tool_id: upload1, exit_code: None, stderr: .", "status": "error", "test_index": 1, "time_seconds": 8.803584575653076, "tool_id": "bcftools_annotate", "tool_version": "1.10"}
            ]]></error>
        
    </testcase>
    
    <testcase classname="bcftools_annotate (Test #3)" name="2" time="25.96229648590088">
        
            
            <system-out><![CDATA[
            
            ]]></system-out>
            <system-err><![CDATA[
            
            ]]></system-err>
        
    </testcase>
    
    <testcase classname="bcftools_annotate (Test #4)" name="3" time="25.88114094734192">
        
            
            <system-out><![CDATA[
            
            ]]></system-out>
            <system-err><![CDATA[
            
            ]]></system-err>
        
    </testcase>
    
    <testcase classname="bcftools_annotate (Test #5)" name="4" time="25.309916734695435">
        
            
            <system-out><![CDATA[
            
            ]]></system-out>
            <system-err><![CDATA[
            
            ]]></system-err>
        
    </testcase>
    
    <testcase classname="bcftools_annotate (Test #6)" name="5" time="26.183838844299316">
        
            
            <system-out><![CDATA[
            
            ]]></system-out>
            <system-err><![CDATA[
            
            ]]></system-err>
        
    </testcase>
    
    <testcase classname="bcftools_annotate (Test #7)" name="6" time="24.510639429092407">
        
            
            <system-out><![CDATA[
            
            ]]></system-out>
            <system-err><![CDATA[
            
            ]]></system-err>
        
    </testcase>
    
    <testcase classname="bcftools_annotate (Test #8)" name="7" time="19.60878276824951">
        
            
                <error type="error" message="Tool exit code: None"><![CDATA[
                    { "inputs": {  "input_file": {   "id": "e53b9b26ba7bd5c9",   "src": "hda"  },  "output_type": "v",  "sec_annofile|annofile|anno_fmt": "none",  "sec_annotate|remove": "FORMAT" }, "job": {  "command_line": "export BCFTOOLS_PLUGINS=`which bcftools | sed \u0027s,bin/bcftools,libexec/bcftools,\u0027`;     bgzip -c \u0027/galaxy/server/database/objects/9/5/4/dataset_954a08b1-f793-49d2-98ad-f7ee2a398999.dat\u0027 \u003e input.vcf.gz \u0026\u0026 bcftools index input.vcf.gz \u0026\u0026    bcftools annotate          --remove \"FORMAT\"                --output-type \u0027v\u0027   --threads ${GALAXY_SLOTS:-4}    input.vcf.gz  \u003e \u0027/galaxy/server/database/objects/5/b/9/dataset_5b93fd68-9a58-4b1f-9843-79b13f0c62c1.dat\u0027",  "command_version": null,  "copied_from_job_id": null,  "create_time": "2024-04-09T19:04:52.196465",  "dependencies": [],  "exit_code": null,  "external_id": "gxy-8dpnf",  "galaxy_version": "23.1",  "history_id": "c2cc0768b68969e1",  "id": "8af787d052a33a9b",  "inputs": {   "input_file": {    "id": "e53b9b26ba7bd5c9",    "src": "hda",    "uuid": "954a08b1-f793-49d2-98ad-f7ee2a398999"   }  },  "job_messages": null,  "job_metrics": [],  "job_stderr": null,  "job_stdout": null,  "model_class": "Job",  "output_collections": {},  "outputs": {   "output_file": {    "id": "8ad01b4cc042b76d",    "src": "hda",    "uuid": "5b93fd68-9a58-4b1f-9843-79b13f0c62c1"   }  },  "params": {   "__input_ext": "\"vcf\"",   "chromInfo": "\"/cvmfs/data.galaxyproject.org/managed/len/ucsc/?.len\"",   "dbkey": "\"?\"",   "output_type": "\"v\"",   "sec_annofile": "{\"annofile\": {\"__current_case__\": 0, \"anno_fmt\": \"none\"}, \"columns\": \"\", \"mark_sites\": \"\", \"set_id\": \"\"}",   "sec_annotate": "{\"remove\": \"FORMAT\", \"rename_chrs\": null}",   "sec_restrict": "{\"collapse\": null, \"exclude\": null, \"include\": null, \"invert_samples\": false, \"invert_samples_file\": false, \"regions\": {\"__current_case__\": 0, \"regions_src\": \"__none__\"}, \"samples\": \"\", \"samples_file\": null}"  },  "state": "error",  "stderr": "",  "stdout": "",  "tool_id": "toolshed.g2.bx.psu.edu/repos/iuc/bcftools_annotate/bcftools_annotate/1.10",  "tool_stderr": "",  "tool_stdout": "",  "traceback": null,  "update_time": "2024-04-09T19:04:57.213760",  "user_email": "tests@fake.org" }, "output_problems": [  "Job in error state.. tool_id: toolshed.g2.bx.psu.edu/repos/iuc/bcftools_annotate/bcftools_annotate/1.10, exit_code: None, stderr: .",  "Job in error state.. tool_id: toolshed.g2.bx.psu.edu/repos/iuc/bcftools_annotate/bcftools_annotate/1.10, exit_code: None, stderr: ." ], "status": "failure", "test_index": 7, "time_seconds": 19.60878276824951, "tool_id": "bcftools_annotate", "tool_version": "1.10"}
                ]]></error>
            
            <system-out><![CDATA[
            
            ]]></system-out>
            <system-err><![CDATA[
            
            ]]></system-err>
        
    </testcase>
    
    <testcase classname="bcftools_concat (Test #1)" name="0" time="15.38879656791687">
        
            <error type="error" message="Input staging problem: Job in error state.. tool_id: upload1, exit_code: None, stderr: ."><![CDATA[
                { "execution_problem": "Input staging problem: Job in error state.. tool_id: upload1, exit_code: None, stderr: .", "status": "error", "test_index": 0, "time_seconds": 15.38879656791687, "tool_id": "bcftools_concat", "tool_version": "1.10"}
            ]]></error>
        
    </testcase>
    
    <testcase classname="bcftools_concat (Test #2)" name="1" time="31.945441007614136">
        
            
            <system-out><![CDATA[
            
            ]]></system-out>
            <system-err><![CDATA[
            Checking the headers of 2 files.Done, the headers are compatible.Concatenating input0.vcf.gz0.000749 secondsConcatenating input1.vcf.gz0.000642 seconds[W::vcf_parse] INFO 'XX' is not defined in the header, assuming Type=String[W::vcf_parse] FILTER 'Fail' is not defined in the header
            ]]></system-err>
        
    </testcase>
    
    <testcase classname="bcftools_concat (Test #3)" name="2" time="24.096531867980957">
        
            
            <system-out><![CDATA[
            
            ]]></system-out>
            <system-err><![CDATA[
            Checking the headers and starting positions of 2 files
            ]]></system-err>
        
    </testcase>
    
    <testcase classname="bcftools_concat (Test #4)" name="3" time="25.679137468338013">
        
            
            <system-out><![CDATA[
            
            ]]></system-out>
            <system-err><![CDATA[
            Checking the headers and starting positions of 2 files
            ]]></system-err>
        
    </testcase>
    
    <testcase classname="column_order_header_sort (Test #1)" name="0" time="9.126174211502075">
        
            <error type="error" message="Input staging problem: Job in error state.. tool_id: upload1, exit_code: None, stderr: ."><![CDATA[
                { "execution_problem": "Input staging problem: Job in error state.. tool_id: upload1, exit_code: None, stderr: .", "status": "error", "test_index": 0, "time_seconds": 9.126174211502075, "tool_id": "column_order_header_sort", "tool_version": "0.0.1"}
            ]]></error>
        
    </testcase>
    
    <testcase classname="deeptools_compute_gc_bias (Test #1)" name="0" time="52.10852932929993">
        
            
            <system-out><![CDATA[
            2bit: /galaxy/server/database/objects/d/5/2/dataset_d5240031-a436-4cfd-8cf8-447d844c432d.datbam: local_bamInput.bamfilter_out: Noneextra_sampling_file: Nonegenome_size: 10050total_reads: 12589reads_per_bp: 1.252636815920398max_reads: 1553.0min_reads: 82.0computing frequenciesstepSize: 1005
            ]]></system-out>
            <system-err><![CDATA[
            
            ]]></system-err>
        
    </testcase>
    
    <testcase classname="fastq_manipulation (Test #1)" name="0" time="28.499878644943237">
        
            
            <system-out><![CDATA[
            Manipulated 2 of 2 reads (100.00%).
            ]]></system-out>
            <system-err><![CDATA[
            
            ]]></system-err>
        
    </testcase>
    
    <testcase classname="fastq_manipulation (Test #2)" name="1" time="25.5014750957489">
        
            
            <system-out><![CDATA[
            Manipulated 0 of 2 reads (0.00%).
            ]]></system-out>
            <system-err><![CDATA[
            
            ]]></system-err>
        
    </testcase>
    
    <testcase classname="fastq_manipulation (Test #11)" name="10" time="9.064852952957153">
        
            <error type="error" message="Input staging problem: Job in error state.. tool_id: upload1, exit_code: None, stderr: ."><![CDATA[
                { "execution_problem": "Input staging problem: Job in error state.. tool_id: upload1, exit_code: None, stderr: .", "status": "error", "test_index": 10, "time_seconds": 9.064852952957153, "tool_id": "fastq_manipulation", "tool_version": "1.1.5"}
            ]]></error>
        
    </testcase>
    
    <testcase classname="fastq_manipulation (Test #12)" name="11" time="23.60387349128723">
        
            
            <system-out><![CDATA[
            Manipulated 2 of 2 reads (100.00%).
            ]]></system-out>
            <system-err><![CDATA[
            
            ]]></system-err>
        
    </testcase>
    
    <testcase classname="fastq_manipulation (Test #13)" name="12" time="26.341227531433105">
        
            
            <system-out><![CDATA[
            Manipulated 2 of 2 reads (100.00%).
            ]]></system-out>
            <system-err><![CDATA[
            
            ]]></system-err>
        
    </testcase>
    
    <testcase classname="fastq_manipulation (Test #14)" name="13" time="25.579342365264893">
        
            
            <system-out><![CDATA[
            Manipulated 2 of 2 reads (100.00%).
            ]]></system-out>
            <system-err><![CDATA[
            
            ]]></system-err>
        
    </testcase>
    
    <testcase classname="fastq_manipulation (Test #15)" name="14" time="23.10387659072876">
        
            
            <system-out><![CDATA[
            Manipulated 2 of 2 reads (100.00%).
            ]]></system-out>
            <system-err><![CDATA[
            
            ]]></system-err>
        
    </testcase>
    
    <testcase classname="fastq_manipulation (Test #3)" name="2" time="25.154757261276245">
        
            
            <system-out><![CDATA[
            Manipulated 2 of 2 reads (100.00%).
            ]]></system-out>
            <system-err><![CDATA[
            
            ]]></system-err>
        
    </testcase>
    
    <testcase classname="fastq_manipulation (Test #4)" name="3" time="8.10113525390625">
        
            <error type="error" message="Input staging problem: Job in error state.. tool_id: upload1, exit_code: None, stderr: ."><![CDATA[
                { "execution_problem": "Input staging problem: Job in error state.. tool_id: upload1, exit_code: None, stderr: .", "status": "error", "test_index": 3, "time_seconds": 8.10113525390625, "tool_id": "fastq_manipulation", "tool_version": "1.1.5"}
            ]]></error>
        
    </testcase>
    
    <testcase classname="fastq_manipulation (Test #5)" name="4" time="23.27683734893799">
        
            
            <system-out><![CDATA[
            Manipulated 2 of 2 reads (100.00%).
            ]]></system-out>
            <system-err><![CDATA[
            
            ]]></system-err>
        
    </testcase>
    
    <testcase classname="fastq_manipulation (Test #6)" name="5" time="24.310459852218628">
        
            
            <system-out><![CDATA[
            Manipulated 2 of 2 reads (100.00%).
            ]]></system-out>
            <system-err><![CDATA[
            
            ]]></system-err>
        
    </testcase>
    
    <testcase classname="fastq_manipulation (Test #7)" name="6" time="26.497827529907227">
        
            
            <system-out><![CDATA[
            Manipulated 2 of 2 reads (100.00%).
            ]]></system-out>
            <system-err><![CDATA[
            
            ]]></system-err>
        
    </testcase>
    
    <testcase classname="fastq_manipulation (Test #8)" name="7" time="18.383907079696655">
        
            
                <error type="error" message="Tool exit code: None"><![CDATA[
                    { "inputs": {  "input_file": {   "id": "9a019b529b9d42a1",   "src": "hda"  },  "manipulate_blocks_0|manipulation_type|manipulation_type_selector": "sequence",  "manipulate_blocks_0|manipulation_type|manipulation|manipulation_selector": "rev_comp",  "match_blocks_0|match_type|match_type_selector": "identifier",  "match_blocks_0|match_type|match|match_by": ".*",  "match_blocks_0|match_type|match|match_selector": "regex" }, "job": {  "command_line": "gx-fastq-manipulation \u0027/galaxy/server/database/objects/7/4/0/dataset_740a8f1e-f402-4a25-a12f-3009bafd65bf.dat\u0027 \u0027/galaxy/server/database/jobs_directory/000/25/configs/tmpquv7xmzb\u0027 \u0027/galaxy/server/database/objects/e/2/9/dataset_e29de291-a927-40a1-a7f6-b30f2a7b7639.dat\u0027 \u0027/galaxy/server/database/objects/e/2/9/dataset_e29de291-a927-40a1-a7f6-b30f2a7b7639_files\u0027 \u0027sanger\u0027",  "command_version": null,  "copied_from_job_id": null,  "create_time": "2024-04-09T18:33:24.946637",  "dependencies": [],  "exit_code": null,  "external_id": "gxy-nnqh6",  "galaxy_version": "23.1",  "history_id": "c2cc0768b68969e1",  "id": "203cee2c09d8fb99",  "inputs": {   "input_file": {    "id": "9a019b529b9d42a1",    "src": "hda",    "uuid": "740a8f1e-f402-4a25-a12f-3009bafd65bf"   }  },  "job_messages": null,  "job_metrics": [],  "job_stderr": null,  "job_stdout": null,  "model_class": "Job",  "output_collections": {},  "outputs": {   "output_file": {    "id": "203cee2c09d8fb99",    "src": "hda",    "uuid": "e29de291-a927-40a1-a7f6-b30f2a7b7639"   }  },  "params": {   "__input_ext": "\"fastqsanger\"",   "chromInfo": "\"/cvmfs/data.galaxyproject.org/managed/len/ucsc/?.len\"",   "dbkey": "\"?\"",   "manipulate_blocks": "[{\"__index__\": 0, \"manipulation_type\": {\"__current_case__\": 1, \"manipulation\": {\"__current_case__\": 0, \"manipulation_selector\": \"rev_comp\"}, \"manipulation_type_selector\": \"sequence\"}}]",   "match_blocks": "[{\"__index__\": 0, \"match_type\": {\"__current_case__\": 0, \"match\": {\"__current_case__\": 0, \"match_by\": \".*\", \"match_selector\": \"regex\"}, \"match_type_selector\": \"identifier\"}}]"  },  "state": "error",  "stderr": "",  "stdout": "",  "tool_id": "toolshed.g2.bx.psu.edu/repos/devteam/fastq_manipulation/fastq_manipulation/1.1.5",  "tool_stderr": "",  "tool_stdout": "",  "traceback": null,  "update_time": "2024-04-09T18:33:29.083994",  "user_email": "tests@fake.org" }, "output_problems": [  "Job in error state.. tool_id: toolshed.g2.bx.psu.edu/repos/devteam/fastq_manipulation/fastq_manipulation/1.1.5, exit_code: None, stderr: .",  "Job in error state.. tool_id: toolshed.g2.bx.psu.edu/repos/devteam/fastq_manipulation/fastq_manipulation/1.1.5, exit_code: None, stderr: ." ], "status": "failure", "test_index": 7, "time_seconds": 18.383907079696655, "tool_id": "fastq_manipulation", "tool_version": "1.1.5"}
                ]]></error>
            
            <system-out><![CDATA[
            
            ]]></system-out>
            <system-err><![CDATA[
            
            ]]></system-err>
        
    </testcase>
    
    <testcase classname="fastq_manipulation (Test #9)" name="8" time="24.280389308929443">
        
            
            <system-out><![CDATA[
            Manipulated 4 of 4 reads (100.00%).
            ]]></system-out>
            <system-err><![CDATA[
            
            ]]></system-err>
        
    </testcase>
    
    <testcase classname="fastq_manipulation (Test #10)" name="9" time="24.265944957733154">
        
            
            <system-out><![CDATA[
            Manipulated 1 of 2 reads (50.00%).
            ]]></system-out>
            <system-err><![CDATA[
            
            ]]></system-err>
        
    </testcase>
    
    <testcase classname="kallisto_quant (Test #1)" name="0" time="31.585326433181763">
        
            
            <system-out><![CDATA[
            {"n_targets": 1,"n_bootstraps": 0,"n_processed": 100,"n_pseudoaligned": 100,"n_unique": 100,"p_pseudoaligned": 100.0,"p_unique": 100.0,"kallisto_version": "0.46.0","index_version": 10,"start_time": "Tue Apr  9 18:42:31 2024","call": "kallisto quant -i reference.kallisto --bootstrap-samples 0 --seed 42 --threads 8 -o . /galaxy/server/database/objects/6/0/d/dataset_60df186d-09d4-4c42-b032-bdec962548c2.dat /galaxy/server/database/objects/6/2/8/dataset_6283cb8b-ecb9-4dc7-84a9-b844b09843cf.dat"}
            ]]></system-out>
            <system-err><![CDATA[
            [build] loading fasta file reference.fa[build] k-mer length: 31[build] counting k-mers ... done.[build] building target de Bruijn graph ...  done [build] creating equivalence classes ...  done[build] target de Bruijn graph has 1 contigs and contains 16269 k-mers [quant] fragment length distribution will be estimated from the data[index] k-mer length: 31[index] number of targets: 1[index] number of k-mers: 16,269[index] number of equivalence classes: 1[quant] running in paired-end mode[quant] will process pair 1: /galaxy/server/database/objects/6/0/d/dataset_60df186d-09d4-4c42-b032-bdec962548c2.dat                             /galaxy/server/database/objects/6/2/8/dataset_6283cb8b-ecb9-4dc7-84a9-b844b09843cf.dat[quant] finding pseudoalignments for the reads ... done[quant] processed 100 reads, 100 reads pseudoaligned[quant] estimated average fragment length: 499.12[   em] quantifying the abundances ... done[   em] the Expectation-Maximization algorithm ran for 52 rounds
            ]]></system-err>
        
    </testcase>
    
    <testcase classname="kallisto_quant (Test #2)" name="1" time="27.586597681045532">
        
            
            <system-out><![CDATA[
            {"n_targets": 1,"n_bootstraps": 0,"n_processed": 100,"n_pseudoaligned": 37,"n_unique": 37,"p_pseudoaligned": 37.0,"p_unique": 37.0,"kallisto_version": "0.46.0","index_version": 10,"start_time": "Tue Apr  9 18:42:58 2024","call": "kallisto quant -i reference.kallisto --bootstrap-samples 0 --seed 42 --fr-stranded --threads 8 -o . /galaxy/server/database/objects/1/8/0/dataset_18025c0f-bc19-4c88-ba6b-98ba06d2152a.dat /galaxy/server/database/objects/3/4/e/dataset_34eaadbd-d654-4691-b571-fcc94e8e016c.dat"}
            ]]></system-out>
            <system-err><![CDATA[
            [build] loading fasta file reference.fa[build] k-mer length: 31[build] counting k-mers ... done.[build] building target de Bruijn graph ...  done [build] creating equivalence classes ...  done[build] target de Bruijn graph has 1 contigs and contains 16269 k-mers [quant] fragment length distribution will be estimated from the data[index] k-mer length: 31[index] number of targets: 1[index] number of k-mers: 16,269[index] number of equivalence classes: 1[quant] running in paired-end mode[quant] will process pair 1: /galaxy/server/database/objects/1/8/0/dataset_18025c0f-bc19-4c88-ba6b-98ba06d2152a.dat                             /galaxy/server/database/objects/3/4/e/dataset_34eaadbd-d654-4691-b571-fcc94e8e016c.dat[quant] finding pseudoalignments for the reads ... done[quant] processed 100 reads, 37 reads pseudoaligned[quant] estimated average fragment length: 495.838[   em] quantifying the abundances ... done[   em] the Expectation-Maximization algorithm ran for 52 rounds
            ]]></system-err>
        
    </testcase>
    
    <testcase classname="kallisto_quant (Test #3)" name="2" time="14.669780969619751">
        
            <error type="error" message="Input staging problem: Job in error state.. tool_id: upload1, exit_code: None, stderr: ."><![CDATA[
                { "execution_problem": "Input staging problem: Job in error state.. tool_id: upload1, exit_code: None, stderr: .", "status": "error", "test_index": 2, "time_seconds": 14.669780969619751, "tool_id": "kallisto_quant", "tool_version": "0.46.0.4"}
            ]]></error>
        
    </testcase>
    
    <testcase classname="kallisto_quant (Test #4)" name="3" time="26.686092853546143">
        
            
            <system-out><![CDATA[
            {"n_targets": 1,"n_bootstraps": 0,"n_processed": 100,"n_pseudoaligned": 100,"n_unique": 100,"p_pseudoaligned": 100.0,"p_unique": 100.0,"kallisto_version": "0.46.0","index_version": 10,"start_time": "Tue Apr  9 18:43:40 2024","call": "kallisto quant -i reference.kallisto --bootstrap-samples 0 --seed 42 --threads 8 -o . --single --fragment-length 200 --sd 20 /galaxy/server/database/objects/5/c/f/dataset_5cfbdbbd-18dd-4fde-a822-9fac61a09841.dat"}
            ]]></system-out>
            <system-err><![CDATA[
            [build] loading fasta file reference.fa[build] k-mer length: 31[build] counting k-mers ... done.[build] building target de Bruijn graph ...  done [build] creating equivalence classes ...  done[build] target de Bruijn graph has 1 contigs and contains 16269 k-mers [quant] fragment length distribution is truncated gaussian with mean = 200, sd = 20[index] k-mer length: 31[index] number of targets: 1[index] number of k-mers: 16,269[index] number of equivalence classes: 1[quant] running in single-end mode[quant] will process file 1: /galaxy/server/database/objects/5/c/f/dataset_5cfbdbbd-18dd-4fde-a822-9fac61a09841.dat[quant] finding pseudoalignments for the reads ... done[quant] processed 100 reads, 100 reads pseudoaligned[   em] quantifying the abundances ... done[   em] the Expectation-Maximization algorithm ran for 52 rounds
            ]]></system-err>
        
    </testcase>
    
    <testcase classname="kallisto_quant (Test #5)" name="4" time="9.205631732940674">
        
            <error type="error" message="Input staging problem: Job in error state.. tool_id: upload1, exit_code: None, stderr: ."><![CDATA[
                { "execution_problem": "Input staging problem: Job in error state.. tool_id: upload1, exit_code: None, stderr: .", "status": "error", "test_index": 4, "time_seconds": 9.205631732940674, "tool_id": "kallisto_quant", "tool_version": "0.46.0.4"}
            ]]></error>
        
    </testcase>
    
    <testcase classname="kallisto_quant (Test #6)" name="5" time="15.08462142944336">
        
            <error type="error" message="parameter 'index': an invalid option (None) was selected, please verify"><![CDATA[
                { "dynamic_param_error": true, "execution_problem": "parameter \u0027index\u0027: an invalid option (None) was selected, please verify", "inputs": {  "pseudobam": true,  "single_paired|collection|collection_selector": "datasets",  "single_paired|collection|forward": {   "id": "268290c1740bb0c9",   "src": "hda"  },  "single_paired|collection|reverse": {   "id": "807147471093b666",   "src": "hda"  },  "single_paired|single_paired_selector": "paired" }, "status": "error", "test_index": 5, "time_seconds": 15.08462142944336, "tool_id": "kallisto_quant", "tool_version": "0.46.0.4"}
            ]]></error>
        
    </testcase>
    
    <testcase classname="kallisto_quant (Test #7)" name="6" time="8.650598764419556">
        
            <error type="error" message="Input staging problem: Job in error state.. tool_id: upload1, exit_code: None, stderr: ."><![CDATA[
                { "execution_problem": "Input staging problem: Job in error state.. tool_id: upload1, exit_code: None, stderr: .", "status": "error", "test_index": 6, "time_seconds": 8.650598764419556, "tool_id": "kallisto_quant", "tool_version": "0.46.0.4"}
            ]]></error>
        
    </testcase>
    
    <testcase classname="mummer_show_coords (Test #1)" name="0" time="27.551074266433716">
        
            
            <system-out><![CDATA[
            
            ]]></system-out>
            <system-err><![CDATA[
            
            ]]></system-err>
        
    </testcase>
    
    <testcase classname="music_inspect_eset (Test #1)" name="0" time="48.85814189910889">
        
            
            <system-out><![CDATA[
            ExpressionSet (storageMode: lockedEnvironment)assayData: 2066 features, 250 samples   element names: exprs protocolData: nonephenoData  sampleNames: AZ_A10 AZ_A11 ... HP1502401_K15 (250 total)  varLabels: sampleID SubjectName cellTypeID cellType  varMetadata: labelDescriptionfeatureData: noneexperimentData: use 'experimentData(object)'Annotation:  
            ]]></system-out>
            <system-err><![CDATA[
            
            ]]></system-err>
        
    </testcase>
    
    <testcase classname="music_inspect_eset (Test #1)" name="0" time="27.645737886428833">
        
            
            <system-out><![CDATA[
            ExpressionSet (storageMode: lockedEnvironment)assayData: 2066 features, 250 samples   element names: exprs protocolData: nonephenoData  sampleNames: AZ_A10 AZ_A11 ... HP1502401_K15 (250 total)  varLabels: sampleID SubjectName cellTypeID cellType  varMetadata: labelDescriptionfeatureData: noneexperimentData: use 'experimentData(object)'Annotation:  
            ]]></system-out>
            <system-err><![CDATA[
            
            ]]></system-err>
        
    </testcase>
    
    <testcase classname="music_inspect_eset (Test #2)" name="1" time="28.224863529205322">
        
            
            <system-out><![CDATA[
            
            ]]></system-out>
            <system-err><![CDATA[
            
            ]]></system-err>
        
    </testcase>
    
    <testcase classname="music_inspect_eset (Test #2)" name="1" time="28.399571180343628">
        
            
            <system-out><![CDATA[
            
            ]]></system-out>
            <system-err><![CDATA[
            
            ]]></system-err>
        
    </testcase>
    
    <testcase classname="music_inspect_eset (Test #3)" name="2" time="8.995397090911865">
        
            <error type="error" message="Input staging problem: Job in error state.. tool_id: upload1, exit_code: None, stderr: ."><![CDATA[
                { "execution_problem": "Input staging problem: Job in error state.. tool_id: upload1, exit_code: None, stderr: .", "status": "error", "test_index": 2, "time_seconds": 8.995397090911865, "tool_id": "music_inspect_eset", "tool_version": "0.1.1+galaxy0"}
            ]]></error>
        
    </testcase>
    
    <testcase classname="music_inspect_eset (Test #3)" name="2" time="9.374767065048218">
        
            <error type="error" message="Input staging problem: Job in error state.. tool_id: upload1, exit_code: None, stderr: ."><![CDATA[
                { "execution_problem": "Input staging problem: Job in error state.. tool_id: upload1, exit_code: None, stderr: .", "status": "error", "test_index": 2, "time_seconds": 9.374767065048218, "tool_id": "music_inspect_eset", "tool_version": "0.1.1+galaxy0"}
            ]]></error>
        
    </testcase>
    
    <testcase classname="ncbi_acc_download (Test #1)" name="0" time="37.95253372192383">
        
            
            <system-out><![CDATA[
            
            ]]></system-out>
            <system-err><![CDATA[
            
            ]]></system-err>
        
    </testcase>
    
    <testcase classname="ncbi_acc_download (Test #2)" name="1" time="42.340044021606445">
        
            
            <system-out><![CDATA[
            
            ]]></system-out>
            <system-err><![CDATA[
            
            ]]></system-err>
        
    </testcase>
    
    <testcase classname="ncbi_acc_download (Test #3)" name="2" time="36.48317003250122">
        
            
            <system-out><![CDATA[
            
            ]]></system-out>
            <system-err><![CDATA[
            
            ]]></system-err>
        
    </testcase>
    
    <testcase classname="ncbi_acc_download (Test #4)" name="3" time="35.297107219696045">
        
            
            <system-out><![CDATA[
            
            ]]></system-out>
            <system-err><![CDATA[
            
            ]]></system-err>
        
    </testcase>
    
    <testcase classname="ncbi_acc_download (Test #5)" name="4" time="12.252854347229004">
        
            
                <error type="error" message="Tool exit code: None"><![CDATA[
                    { "inputs": {  "molecule|format": "fasta",  "molecule|select": "nucleotide",  "query_source|accession_list": "CP011064,CP021680",  "query_source|select": "accession_list" }, "job": {  "command_line": "echo \u0027CP011064,CP021680\u0027 | sed -r \u0027s/(\\,|__cn__)/\\n/g\u0027 | grep -v \"^[ \\t]*$\" \u003e accessions \u0026\u0026 mkdir outdir \u0026\u0026 cd outdir \u0026\u0026 ignore_errors=0 \u0026\u0026 while read accession; do echo \"Downloading accession number: \" $accession \" ...\" \u003e\u003e ../error.log \u0026\u0026 ncbi-acc-download --molecule \u0027nucleotide\u0027 --format \u0027fasta\u0027 --extended-validation all ${accession}; failure=$?; if [ $failure -ne 0 ]; then echo \" failed.\" \u003e\u003e ../error.log; if [ $ignore_errors -ne 0 ]; then echo $accession \u003e\u003e ../failed.txt; else exit 1; fi; else echo \" done.\" \u003e\u003e ../error.log; fi; sleep 2; done \u003c ../accessions 2\u003e \u003e(tee -a ../error.log \u003e\u00262);",  "command_version": null,  "copied_from_job_id": null,  "create_time": "2024-04-09T18:38:39.316217",  "dependencies": [],  "exit_code": null,  "external_id": "gxy-69v74",  "galaxy_version": "23.1",  "history_id": "c2cc0768b68969e1",  "id": "b650c9025147273f",  "inputs": {},  "job_messages": null,  "job_metrics": [],  "job_stderr": null,  "job_stdout": null,  "model_class": "Job",  "output_collections": {   "output": {    "id": "c49706e3865ebced",    "src": "hdca"   }  },  "outputs": {   "error_log": {    "id": "c6b66dceb4ef3d16",    "src": "hda",    "uuid": "72202798-7fd8-4d9d-a98b-47e20906c800"   }  },  "params": {   "__input_ext": "\"data\"",   "chromInfo": "\"/cvmfs/data.galaxyproject.org/managed/len/ucsc/?.len\"",   "dbkey": "\"?\"",   "ignore_failed": "\"0\"",   "molecule": "{\"__current_case__\": 0, \"format\": \"fasta\", \"select\": \"nucleotide\"}",   "query_source": "{\"__current_case__\": 1, \"accession_list\": \"CP011064,CP021680\", \"select\": \"accession_list\"}"  },  "state": "error",  "stderr": "",  "stdout": "",  "tool_id": "toolshed.g2.bx.psu.edu/repos/iuc/ncbi_acc_download/ncbi_acc_download/0.2.5+galaxy0",  "tool_stderr": "",  "tool_stdout": "",  "traceback": null,  "update_time": "2024-04-09T18:38:51.041946",  "user_email": "tests@fake.org" }, "output_problems": [  "Job in error state.. tool_id: toolshed.g2.bx.psu.edu/repos/iuc/ncbi_acc_download/ncbi_acc_download/0.2.5+galaxy0, exit_code: None, stderr: .",  "Output collection \u0027output\u0027: failed to find identifier \u0027CP011064\u0027 in the tool generated elements []" ], "status": "failure", "test_index": 4, "time_seconds": 12.252854347229004, "tool_id": "ncbi_acc_download", "tool_version": "0.2.5+galaxy0"}
                ]]></error>
            
            <system-out><![CDATA[
            
            ]]></system-out>
            <system-err><![CDATA[
            
            ]]></system-err>
        
    </testcase>
    
    <testcase classname="ncbi_acc_download (Test #6)" name="5" time="19.78995633125305">
        
            
            <system-out><![CDATA[
            
            ]]></system-out>
            <system-err><![CDATA[
            Failed to download file with id CP0XXXXX from NCBITraceback (most recent call last):  File "/usr/local/bin/ncbi-acc-download", line 10, in <module>    sys.exit(main())  File "/usr/local/lib/python3.8/site-packages/ncbi_acc_download/__main__.py", line 54, in main    download_to_file(dl_id, config, filename, append)  File "/usr/local/lib/python3.8/site-packages/ncbi_acc_download/core.py", line 110, in download_to_file    r = get_stream(url, params)  File "/usr/local/lib/python3.8/site-packages/ncbi_acc_download/download.py", line 90, in get_stream    raise DownloadError("Download failed with return code: {}".format(r.status_code))ncbi_acc_download.errors.DownloadError: Download failed with return code: 400
            ]]></system-err>
        
    </testcase>
    
    <testcase classname="ncbi_acc_download (Test #7)" name="6" time="12.790884494781494">
        
            
            <system-out><![CDATA[
            
            ]]></system-out>
            <system-err><![CDATA[
            Failed to download file with id CP0XXXXX from NCBITraceback (most recent call last):  File "/usr/local/bin/ncbi-acc-download", line 10, in <module>    sys.exit(main())  File "/usr/local/lib/python3.8/site-packages/ncbi_acc_download/__main__.py", line 54, in main    download_to_file(dl_id, config, filename, append)  File "/usr/local/lib/python3.8/site-packages/ncbi_acc_download/core.py", line 110, in download_to_file    r = get_stream(url, params)  File "/usr/local/lib/python3.8/site-packages/ncbi_acc_download/download.py", line 90, in get_stream    raise DownloadError("Download failed with return code: {}".format(r.status_code))ncbi_acc_download.errors.DownloadError: Download failed with return code: 400
            ]]></system-err>
        
    </testcase>
    
    <testcase classname="ncbi_acc_download (Test #8)" name="7" time="16.99217677116394">
        
            
            <system-out><![CDATA[
            
            ]]></system-out>
            <system-err><![CDATA[
            Failed to download file with id CP0XXXXX from NCBITraceback (most recent call last):  File "/usr/local/bin/ncbi-acc-download", line 10, in <module>    sys.exit(main())  File "/usr/local/lib/python3.8/site-packages/ncbi_acc_download/__main__.py", line 54, in main    download_to_file(dl_id, config, filename, append)  File "/usr/local/lib/python3.8/site-packages/ncbi_acc_download/core.py", line 110, in download_to_file    r = get_stream(url, params)  File "/usr/local/lib/python3.8/site-packages/ncbi_acc_download/download.py", line 90, in get_stream    raise DownloadError("Download failed with return code: {}".format(r.status_code))ncbi_acc_download.errors.DownloadError: Download failed with return code: 400
            ]]></system-err>
        
    </testcase>
    
    <testcase classname="ncbi_acc_download (Test #9)" name="8" time="11.545875072479248">
        
            
                <error type="error" message="Tool exit code: None"><![CDATA[
                    { "inputs": {  "molecule|format": "fasta",  "molecule|select": "nucleotide",  "query_source|accession_list": "CP011064\nCP021680",  "query_source|select": "accession_list" }, "job": {  "command_line": "echo \u0027CP011064__cn__CP021680\u0027 | sed -r \u0027s/(\\,|__cn__)/\\n/g\u0027 | grep -v \"^[ \\t]*$\" \u003e accessions \u0026\u0026 mkdir outdir \u0026\u0026 cd outdir \u0026\u0026 ignore_errors=0 \u0026\u0026 while read accession; do echo \"Downloading accession number: \" $accession \" ...\" \u003e\u003e ../error.log \u0026\u0026 ncbi-acc-download --molecule \u0027nucleotide\u0027 --format \u0027fasta\u0027 --extended-validation all ${accession}; failure=$?; if [ $failure -ne 0 ]; then echo \" failed.\" \u003e\u003e ../error.log; if [ $ignore_errors -ne 0 ]; then echo $accession \u003e\u003e ../failed.txt; else exit 1; fi; else echo \" done.\" \u003e\u003e ../error.log; fi; sleep 2; done \u003c ../accessions 2\u003e \u003e(tee -a ../error.log \u003e\u00262);",  "command_version": null,  "copied_from_job_id": null,  "create_time": "2024-04-09T18:39:41.358466",  "dependencies": [],  "exit_code": null,  "external_id": "gxy-jl2j2",  "galaxy_version": "23.1",  "history_id": "c2cc0768b68969e1",  "id": "ed2d182ba242e898",  "inputs": {},  "job_messages": null,  "job_metrics": [],  "job_stderr": null,  "job_stdout": null,  "model_class": "Job",  "output_collections": {   "output": {    "id": "6f44aad2b1c665e2",    "src": "hdca"   }  },  "outputs": {   "error_log": {    "id": "606f3dfca6767b25",    "src": "hda",    "uuid": "5c443b01-ef5d-4537-92e4-0df8a8a48671"   }  },  "params": {   "__input_ext": "\"data\"",   "chromInfo": "\"/cvmfs/data.galaxyproject.org/managed/len/ucsc/?.len\"",   "dbkey": "\"?\"",   "ignore_failed": "\"0\"",   "molecule": "{\"__current_case__\": 0, \"format\": \"fasta\", \"select\": \"nucleotide\"}",   "query_source": "{\"__current_case__\": 1, \"accession_list\": \"CP011064\\nCP021680\", \"select\": \"accession_list\"}"  },  "state": "error",  "stderr": "",  "stdout": "",  "tool_id": "toolshed.g2.bx.psu.edu/repos/iuc/ncbi_acc_download/ncbi_acc_download/0.2.5+galaxy0",  "tool_stderr": "",  "tool_stdout": "",  "traceback": null,  "update_time": "2024-04-09T18:39:52.290567",  "user_email": "tests@fake.org" }, "output_problems": [  "Job in error state.. tool_id: toolshed.g2.bx.psu.edu/repos/iuc/ncbi_acc_download/ncbi_acc_download/0.2.5+galaxy0, exit_code: None, stderr: .",  "Output collection \u0027output\u0027: failed to find identifier \u0027CP011064\u0027 in the tool generated elements []" ], "status": "failure", "test_index": 8, "time_seconds": 11.545875072479248, "tool_id": "ncbi_acc_download", "tool_version": "0.2.5+galaxy0"}
                ]]></error>
            
            <system-out><![CDATA[
            
            ]]></system-out>
            <system-err><![CDATA[
            
            ]]></system-err>
        
    </testcase>
    
    <testcase classname="ncbi_acc_download (Test #10)" name="9" time="12.929329633712769">
        
            
            <system-out><![CDATA[
            
            ]]></system-out>
            <system-err><![CDATA[
            
            ]]></system-err>
        
    </testcase>
    
    <testcase classname="poretools_squiggle (Test #1)" name="0" time="58.227946043014526">
        
            
            <system-out><![CDATA[
            
            ]]></system-out>
            <system-err><![CDATA[
            
            ]]></system-err>
        
    </testcase>
    
    <testcase classname="poretools_squiggle (Test #2)" name="1" time="34.43321967124939">
        
            
            <system-out><![CDATA[
            
            ]]></system-out>
            <system-err><![CDATA[
            
            ]]></system-err>
        
    </testcase>
    
    <testcase classname="raceid_inspectclusters (Test #1)" name="0" time="52.46917462348938">
        
            
            <system-out><![CDATA[
            
            ]]></system-out>
            <system-err><![CDATA[
            
            ]]></system-err>
        
    </testcase>
    
    <testcase classname="raceid_inspectclusters (Test #1)" name="0" time="28.48665189743042">
        
            
            <system-out><![CDATA[
            
            ]]></system-out>
            <system-err><![CDATA[
            
            ]]></system-err>
        
    </testcase>
    
    <testcase classname="raceid_inspectclusters (Test #2)" name="1" time="27.865542888641357">
        
            
            <system-out><![CDATA[
            
            ]]></system-out>
            <system-err><![CDATA[
            
            ]]></system-err>
        
    </testcase>
    
    <testcase classname="raceid_inspectclusters (Test #2)" name="1" time="27.19964361190796">
        
            
            <system-out><![CDATA[
            
            ]]></system-out>
            <system-err><![CDATA[
            
            ]]></system-err>
        
    </testcase>
    
    <testcase classname="raceid_inspectclusters (Test #3)" name="2" time="28.588634729385376">
        
            
            <system-out><![CDATA[
            
            ]]></system-out>
            <system-err><![CDATA[
            
            ]]></system-err>
        
    </testcase>
    
    <testcase classname="raceid_inspectclusters (Test #3)" name="2" time="28.55716371536255">
        
            
            <system-out><![CDATA[
            
            ]]></system-out>
            <system-err><![CDATA[
            
            ]]></system-err>
        
    </testcase>
    
    <testcase classname="raceid_inspectclusters (Test #4)" name="3" time="29.393232822418213">
        
            
            <system-out><![CDATA[
            
            ]]></system-out>
            <system-err><![CDATA[
            
            ]]></system-err>
        
    </testcase>
    
    <testcase classname="raceid_inspectclusters (Test #4)" name="3" time="29.481564044952393">
        
            
            <system-out><![CDATA[
            
            ]]></system-out>
            <system-err><![CDATA[
            
            ]]></system-err>
        
    </testcase>
    
    <testcase classname="raceid_inspectclusters (Test #5)" name="4" time="29.476528644561768">
        
            
            <system-out><![CDATA[
            
            ]]></system-out>
            <system-err><![CDATA[
            
            ]]></system-err>
        
    </testcase>
    
    <testcase classname="raceid_inspectclusters (Test #5)" name="4" time="30.202821969985962">
        
            
            <system-out><![CDATA[
            
            ]]></system-out>
            <system-err><![CDATA[
            
            ]]></system-err>
        
    </testcase>
    
    <testcase classname="raceid_inspectclusters (Test #6)" name="5" time="28.249290704727173">
        
            
            <system-out><![CDATA[
            
            ]]></system-out>
            <system-err><![CDATA[
            
            ]]></system-err>
        
    </testcase>
    
    <testcase classname="raceid_inspectclusters (Test #6)" name="5" time="29.215644121170044">
        
            
            <system-out><![CDATA[
            
            ]]></system-out>
            <system-err><![CDATA[
            
            ]]></system-err>
        
    </testcase>
    
    <testcase classname="racon (Test #1)" name="0" time="25.31064224243164">
        
            <error type="error" message="Input staging problem: Job in error state.. tool_id: upload1, exit_code: None, stderr: ."><![CDATA[
                { "execution_problem": "Input staging problem: Job in error state.. tool_id: upload1, exit_code: None, stderr: .", "status": "error", "test_index": 0, "time_seconds": 25.31064224243164, "tool_id": "racon", "tool_version": "1.4.13"}
            ]]></error>
        
    </testcase>
    
    <testcase classname="racon (Test #2)" name="1" time="60.267566204071045">
        
            
            <system-out><![CDATA[
            
            ]]></system-out>
            <system-err><![CDATA[
            [racon::Polisher::initialize] loaded target sequences 0.001180 s[racon::Polisher::initialize] loaded sequences 0.011416 s[racon::Polisher::initialize] loaded overlaps 0.000739 s[racon::Polisher::initialize] aligning overlaps [=>                  ] 0.022730 s[racon::Polisher::initialize] aligning overlaps [==>                 ] 0.027281 s[racon::Polisher::initialize] aligning overlaps [===>                ] 0.030881 s[racon::Polisher::initialize] aligning overlaps [====>               ] 0.037480 s[racon::Polisher::initialize] aligning overlaps [=====>              ] 0.040935 s[racon::Polisher::initialize] aligning overlaps [======>             ] 0.044708 s[racon::Polisher::initialize] aligning overlaps [=======>            ] 0.047966 s[racon::Polisher::initialize] aligning overlaps [========>           ] 0.051994 s[racon::Polisher::initialize] aligning overlaps [=========>          ] 0.058174 s[racon::Polisher::initialize] aligning overlaps [==========>         ] 0.062488 s[racon::Polisher::initialize] aligning overlaps [===========>        ] 0.062504 s[racon::Polisher::initialize] aligning overlaps [============>       ] 0.069088 s[racon::Polisher::initialize] aligning overlaps [=============>      ] 0.079166 s[racon::Polisher::initialize] aligning overlaps [==============>     ] 0.079224 s[racon::Polisher::initialize] aligning overlaps [===============>    ] 0.085357 s[racon::Polisher::initialize] aligning overlaps [================>   ] 0.088722 s[racon::Polisher::initialize] aligning overlaps [=================>  ] 0.096511 s[racon::Polisher::initialize] aligning overlaps [==================> ] 0.096535 s[racon::Polisher::initialize] aligning overlaps [===================>] 0.101230 s[racon::Polisher::initialize] aligning overlaps [====================] 0.112235 s[racon::Polisher::initialize] transformed data into windows 0.000361 s[racon::Polisher::polish] generating consensus [=>                  ] 0.018596 s[racon::Polisher::polish] generating consensus [==>                 ] 0.022079 s[racon::Polisher::polish] generating consensus [===>                ] 0.029572 s[racon::Polisher::polish] generating consensus [====>               ] 0.031157 s[racon::Polisher::polish] generating consensus [=====>              ] 0.034062 s[racon::Polisher::polish] generating consensus [======>             ] 0.036857 s[racon::Polisher::polish] generating consensus [=======>            ] 0.039760 s[racon::Polisher::polish] generating consensus [========>           ] 0.044568 s[racon::Polisher::polish] generating consensus [=========>          ] 0.047436 s[racon::Polisher::polish] generating consensus [==========>         ] 0.058836 s[racon::Polisher::polish] generating consensus [===========>        ] 0.067599 s[racon::Polisher::polish] generating consensus [============>       ] 0.075112 s[racon::Polisher::polish] generating consensus [=============>      ] 0.097501 s[racon::Polisher::polish] generating consensus [==============>     ] 0.102857 s[racon::Polisher::polish] generating consensus [===============>    ] 0.118863 s[racon::Polisher::polish] generating consensus [================>   ] 0.120386 s[racon::Polisher::polish] generating consensus [=================>  ] 0.133081 s[racon::Polisher::polish] generating consensus [==================> ] 0.133183 s[racon::Polisher::polish] generating consensus [===================>] 0.149106 s[racon::Polisher::polish] generating consensus [====================] 0.184901 s[racon::Polisher::] total = 0.313643 s
            ]]></system-err>
        
    </testcase>
    
    <testcase classname="samtools_idxstats (Test #1)" name="0" time="27.839956521987915">
        
            
            <system-out><![CDATA[
            
            ]]></system-out>
            <system-err><![CDATA[
            
            ]]></system-err>
        
    </testcase>
    
    <testcase classname="samtools_idxstats (Test #1)" name="0" time="23.39438033103943">
        
            
            <system-out><![CDATA[
            
            ]]></system-out>
            <system-err><![CDATA[
            
            ]]></system-err>
        
    </testcase>
    
    <testcase classname="samtools_idxstats (Test #2)" name="1" time="19.37874412536621">
        
            
                <error type="error" message="Tool exit code: None"><![CDATA[
                    { "inputs": {  "input": {   "id": "f58b616167cb13f7",   "src": "hda"  } }, "job": {  "command_line": "addthreads=${GALAXY_SLOTS:-1} \u0026\u0026 (( addthreads-- )) \u0026\u0026   ln -s \u0027/galaxy/server/database/objects/1/5/9/dataset_1593363c-ac6b-4fb2-959b-747b5bc591c5.dat\u0027 infile \u0026\u0026 ln -s \u0027/galaxy/server/database/objects/_metadata_files/5/f/5/metadata_5f5a6105-4c55-49b5-845a-7eb452820732.dat\u0027 infile.bai \u0026\u0026  samtools idxstats -@ $addthreads infile  \u003e \u0027/galaxy/server/database/objects/a/e/c/dataset_aec4a8d4-ffd0-4e0a-a2f8-b8f88df4f09b.dat\u0027",  "command_version": null,  "copied_from_job_id": null,  "create_time": "2024-04-09T18:46:35.091823",  "dependencies": [],  "exit_code": null,  "external_id": "gxy-p6r9v",  "galaxy_version": "23.1",  "history_id": "c2cc0768b68969e1",  "id": "c9ce781ac600fd69",  "inputs": {   "input": {    "id": "f58b616167cb13f7",    "src": "hda",    "uuid": "1593363c-ac6b-4fb2-959b-747b5bc591c5"   }  },  "job_messages": null,  "job_metrics": [],  "job_stderr": null,  "job_stdout": null,  "model_class": "Job",  "output_collections": {},  "outputs": {   "output": {    "id": "384d776246128070",    "src": "hda",    "uuid": "aec4a8d4-ffd0-4e0a-a2f8-b8f88df4f09b"   }  },  "params": {   "__input_ext": "\"input\"",   "chromInfo": "\"/cvmfs/data.galaxyproject.org/managed/len/ucsc/?.len\"",   "dbkey": "\"?\""  },  "state": "error",  "stderr": "",  "stdout": "",  "tool_id": "toolshed.g2.bx.psu.edu/repos/devteam/samtools_idxstats/samtools_idxstats/2.0.4",  "tool_stderr": "",  "tool_stdout": "",  "traceback": null,  "update_time": "2024-04-09T18:46:40.215393",  "user_email": "tests@fake.org" }, "output_problems": [  "Job in error state.. tool_id: toolshed.g2.bx.psu.edu/repos/devteam/samtools_idxstats/samtools_idxstats/2.0.4, exit_code: None, stderr: .",  "Job in error state.. tool_id: toolshed.g2.bx.psu.edu/repos/devteam/samtools_idxstats/samtools_idxstats/2.0.4, exit_code: None, stderr: ." ], "status": "failure", "test_index": 1, "time_seconds": 19.37874412536621, "tool_id": "samtools_idxstats", "tool_version": "2.0.4"}
                ]]></error>
            
            <system-out><![CDATA[
            
            ]]></system-out>
            <system-err><![CDATA[
            
            ]]></system-err>
        
    </testcase>
    
    <testcase classname="samtools_idxstats (Test #2)" name="1" time="25.575764656066895">
        
            
            <system-out><![CDATA[
            
            ]]></system-out>
            <system-err><![CDATA[
            
            ]]></system-err>
        
    </testcase>
    
    <testcase classname="scanpy_filter_cells (Test #1)" name="0" time="0.14528536796569824">
        
            <error type="error" message="Input staging problem: Test input file (read_10x.h5) cannot be found."><![CDATA[
                { "execution_problem": "Input staging problem: Test input file (read_10x.h5) cannot be found.", "status": "error", "test_index": 0, "time_seconds": 0.14528536796569824, "tool_id": "scanpy_filter_cells", "tool_version": "1.8.1+3+galaxy0"}
            ]]></error>
        
    </testcase>
    
    <testcase classname="scanpy_filter_cells (Test #1)" name="0" time="0.1451718807220459">
        
            <error type="error" message="Input staging problem: Test input file (read_10x.h5) cannot be found."><![CDATA[
                { "execution_problem": "Input staging problem: Test input file (read_10x.h5) cannot be found.", "status": "error", "test_index": 0, "time_seconds": 0.1451718807220459, "tool_id": "scanpy_filter_cells", "tool_version": "1.8.1+3+galaxy0"}
            ]]></error>
        
    </testcase>
    
    <testcase classname="scater_plot_pca (Test #1)" name="0" time="8.86295747756958">
        
            <error type="error" message="Input staging problem: Job in error state.. tool_id: upload1, exit_code: None, stderr: ."><![CDATA[
                { "execution_problem": "Input staging problem: Job in error state.. tool_id: upload1, exit_code: None, stderr: .", "status": "error", "test_index": 0, "time_seconds": 8.86295747756958, "tool_id": "scater_plot_pca", "tool_version": "1.22.0"}
            ]]></error>
        
    </testcase>
    
    <testcase classname="scater_plot_pca (Test #1)" name="0" time="58.56959056854248">
        
            
            <system-out><![CDATA[
            
            ]]></system-out>
            <system-err><![CDATA[
            Loading required package: S4VectorsLoading required package: stats4Loading required package: BiocGenericsAttaching package: BiocGenericsThe following objects are masked from package:stats:    IQR, mad, sd, var, xtabsThe following objects are masked from package:base:    anyDuplicated, append, as.data.frame, basename, cbind, colnames,    dirname, do.call, duplicated, eval, evalq, Filter, Find, get, grep,    grepl, intersect, is.unsorted, lapply, Map, mapply, match, mget,    order, paste, pmax, pmax.int, pmin, pmin.int, Position, rank,    rbind, Reduce, rownames, sapply, setdiff, sort, table, tapply,    union, unique, unsplit, which.max, which.minAttaching package: S4VectorsThe following objects are masked from package:base:    expand.grid, I, unnameLoading required package: SingleCellExperimentLoading required package: SummarizedExperimentLoading required package: MatrixGenericsLoading required package: matrixStatsAttaching package: MatrixGenericsThe following objects are masked from package:matrixStats:    colAlls, colAnyNAs, colAnys, colAvgsPerRowSet, colCollapse,    colCounts, colCummaxs, colCummins, colCumprods, colCumsums,    colDiffs, colIQRDiffs, colIQRs, colLogSumExps, colMadDiffs,    colMads, colMaxs, colMeans2, colMedians, colMins, colOrderStats,    colProds, colQuantiles, colRanges, colRanks, colSdDiffs, colSds,    colSums2, colTabulates, colVarDiffs, colVars, colWeightedMads,    colWeightedMeans, colWeightedMedians, colWeightedSds,    colWeightedVars, rowAlls, rowAnyNAs, rowAnys, rowAvgsPerColSet,    rowCollapse, rowCounts, rowCummaxs, rowCummins, rowCumprods,    rowCumsums, rowDiffs, rowIQRDiffs, rowIQRs, rowLogSumExps,    rowMadDiffs, rowMads, rowMaxs, rowMeans2, rowMedians, rowMins,    rowOrderStats, rowProds, rowQuantiles, rowRanges, rowRanks,    rowSdDiffs, rowSds, rowSums2, rowTabulates, rowVarDiffs, rowVars,    rowWeightedMads, rowWeightedMeans, rowWeightedMedians,    rowWeightedSds, rowWeightedVarsLoading required package: GenomicRangesLoading required package: IRangesLoading required package: GenomeInfoDbLoading required package: BiobaseWelcome to Bioconductor    Vignettes contain introductory material; view with    'browseVignettes()'. To cite Bioconductor, see    'citation("Biobase")', and for packages 'citation("pkgname")'.Attaching package: BiobaseThe following object is masked from package:MatrixGenerics:    rowMediansThe following objects are masked from package:matrixStats:    anyMissing, rowMediansLoading required package: rhdf5Loading required package: BiocIOLoading required package: scuttleLoading required package: ggplot2Warning in (function (A, nv = 5, nu = nv, maxit = 1000, work = nv + 7, reorth = TRUE,  :  You're computing too large a percentage of total singular values, use a standard svd instead.Warning message:In check_numbers(k = k, nu = nu, nv = nv, limit = min(dim(x)) -  :  more singular values/vectors requested than availableSaving 7 x 7 in image
            ]]></system-err>
        
    </testcase>
    
    <testcase classname="sniffles (Test #1)" name="0" time="27.591835260391235">
        
            
            <system-out><![CDATA[
            Estimating parameter...Max dist between aln events: 4Max diff in window: 50Min score ratio: 2Avg DEL ratio: 0.0432235Avg INS ratio: 0.0740733Start parsing... 21Switch Chr 21Reassessing breakpointsContinue parsingFinalizing  ..Start genotype calling:Reopening Bam file for parsing coverage Finalizing  ..
            ]]></system-out>
            <system-err><![CDATA[
            
            ]]></system-err>
        
    </testcase>
    
    <testcase classname="sniffles (Test #2)" name="1" time="25.228565216064453">
        
            
            <system-out><![CDATA[
            Estimating parameter...Max dist between aln events: 4Max diff in window: 50Min score ratio: 2Avg DEL ratio: 0.0432235Avg INS ratio: 0.0740733Start parsing... 21Switch Chr 21Reassessing breakpointsContinue parsingFinalizing  ..Start genotype calling:Reopening Bam file for parsing coverage Finalizing  ..
            ]]></system-out>
            <system-err><![CDATA[
            
            ]]></system-err>
        
    </testcase>
    
    <testcase classname="sniffles (Test #3)" name="2" time="26.42302107810974">
        
            
            <system-out><![CDATA[
            Estimating parameter...Max dist between aln events: 4Max diff in window: 50Min score ratio: 2Avg DEL ratio: 0.0432235Avg INS ratio: 0.0740733Start parsing... 21Switch Chr 21Reassessing breakpointsContinue parsingFinalizing  ..Start genotype calling:Reopening Bam file for parsing coverage Finalizing  ..
            ]]></system-out>
            <system-err><![CDATA[
            
            ]]></system-err>
        
    </testcase>
    
    <testcase classname="sniffles (Test #4)" name="3" time="24.615644454956055">
        
            
            <system-out><![CDATA[
            Estimating parameter...Max dist between aln events: 4Max diff in window: 50Min score ratio: 2Avg DEL ratio: 0.0432235Avg INS ratio: 0.0740733Start parsing... 21Switch Chr 21Reassessing breakpointsContinue parsingFinalizing  ..Start phasing: Cleaning tmp filesStart genotype calling:Reopening Bam file for parsing coverage Finalizing  ..
            ]]></system-out>
            <system-err><![CDATA[
            
            ]]></system-err>
        
    </testcase>
    
    <testcase classname="sniffles (Test #5)" name="4" time="24.993691444396973">
        
            
            <system-out><![CDATA[
            Estimating parameter...Max dist between aln events: 4Max diff in window: 50Min score ratio: 2Avg DEL ratio: 0.0432235Avg INS ratio: 0.0740733Start parsing... 21Switch Chr 21Reassessing breakpointsContinue parsingFinalizing  ..Start genotype calling:Reopening Bam file for parsing coverage Finalizing  ..
            ]]></system-out>
            <system-err><![CDATA[
            
            ]]></system-err>
        
    </testcase>
    
    <testcase classname="sniffles (Test #6)" name="5" time="26.57930564880371">
        
            
            <system-out><![CDATA[
            Skip parameter estimation.Start parsing... 21Switch Chr 21Reassessing breakpointsContinue parsingFinalizing  ..Start genotype calling:Reopening Bam file for parsing coverage Finalizing  ..
            ]]></system-out>
            <system-err><![CDATA[
            
            ]]></system-err>
        
    </testcase>
    
    <testcase classname="vcffixup (Test #1)" name="0" time="31.213555335998535">
        
            
            <system-out><![CDATA[
            
            ]]></system-out>
            <system-err><![CDATA[
            
            ]]></system-err>
        
    </testcase>
    
    <testcase classname="vcftools_annotate (Test #1)" name="0" time="28.50205421447754">
        
            
                <error type="error" message="Tool exit code: 127"><![CDATA[
                    { "inputs": {  "condition": "\u003e= 7",  "description": "MinAF [7]",  "filter": "MinAF",  "input": {   "id": "e77da5d41309f5a6",   "src": "hda"  },  "tag": "FORMAT/FREQ" }, "job": {  "command_line": "echo \"{ tag  =\u003e \u0027FORMAT/FREQ\u0027, name =\u003e \u0027MinAF\u0027, desc =\u003e \u0027MinAF [7]\u0027, test =\u003e sub { my @t = split(\u0027%\u0027, @\\$MATCH[0]); return @t[0] \u003e= 7 ? \\$PASS : \\$FAIL }, },\" \u003e f.txt ;  vcf-annotate -f f.txt /galaxy/server/database/objects/c/2/b/dataset_c2b60cc0-233b-4bf0-a1b3-44656f668872.dat \u003e /galaxy/server/database/objects/1/4/a/dataset_14a91cc6-c198-4746-a505-dc000cc12839.dat",  "command_version": "",  "copied_from_job_id": null,  "create_time": "2024-04-09T19:05:44.984318",  "dependencies": [],  "exit_code": 127,  "external_id": "gxy-shvkt",  "galaxy_version": "23.1",  "history_id": "c2cc0768b68969e1",  "id": "ef747b9310f74630",  "inputs": {   "input": {    "id": "e77da5d41309f5a6",    "src": "hda",    "uuid": "c2b60cc0-233b-4bf0-a1b3-44656f668872"   }  },  "job_messages": [   {    "code_desc": "tool progress",    "desc": "Log: tool progress",    "error_level": 1,    "match": "/galaxy/server/database/jobs_directory/000/184/tool_script.sh: line 22: vcf-annotate: command not found",    "stream": "stderr",    "type": "regex"   },   {    "code_desc": "tool progress",    "desc": "Log: tool progress",    "error_level": 1,    "match": "",    "stream": "stdout",    "type": "regex"   }  ],  "job_metrics": [   {    "name": "runtime_seconds",    "plugin": "core",    "raw_value": "0E-7",    "title": "Job Runtime (Wall Clock)",    "value": "0 seconds"   },   {    "name": "end_epoch",    "plugin": "core",    "raw_value": "1712689549.0000000",    "title": "Job End Time",    "value": "2024-04-09 19:05:49"   },   {    "name": "start_epoch",    "plugin": "core",    "raw_value": "1712689549.0000000",    "title": "Job Start Time",    "value": "2024-04-09 19:05:49"   },   {    "name": "galaxy_memory_mb",    "plugin": "core",    "raw_value": "4080.0000000",    "title": "Memory Allocated (MB)",    "value": "4080"   },   {    "name": "galaxy_slots",    "plugin": "core",    "raw_value": "1.0000000",    "title": "Cores Allocated",    "value": "1"   }  ],  "job_stderr": "",  "job_stdout": "",  "model_class": "Job",  "output_collections": {},  "outputs": {   "output": {    "id": "7bc02f1cf60fdbf7",    "src": "hda",    "uuid": "14a91cc6-c198-4746-a505-dc000cc12839"   }  },  "params": {   "__input_ext": "\"vcf\"",   "chromInfo": "\"/cvmfs/data.galaxyproject.org/managed/len/ucsc/?.len\"",   "condition": "\"\u003e= 7\"",   "dbkey": "\"?\"",   "description": "\"MinAF [7]\"",   "filter": "\"MinAF\"",   "tag": "\"FORMAT/FREQ\""  },  "state": "ok",  "stderr": "/galaxy/server/database/jobs_directory/000/184/tool_script.sh: line 22: vcf-annotate: command not found\n",  "stdout": "",  "tool_id": "toolshed.g2.bx.psu.edu/repos/devteam/vcftools_annotate/vcftools_annotate/0.1",  "tool_stderr": "/galaxy/server/database/jobs_directory/000/184/tool_script.sh: line 22: vcf-annotate: command not found\n",  "tool_stdout": "",  "traceback": null,  "update_time": "2024-04-09T19:05:58.839688",  "user_email": "tests@fake.org" }, "output_problems": [  "Output output:  different than expected, difference (using diff):\n( /tmp/tmpavveoj0etest_out1.vcf v. /tmp/tmpeblu2ruxtest_out1.vcf )\n--- local_file\n+++ history_data\n@@ -1,30 +0,0 @@\n-##fileformat=VCFv4.1\n-##FILTER=\u003cID=MinAF,Description=\"MinAF [7]\"\u003e\n-##source_20130813.1=vcf-annotate(r797) -f f.txt \u003cinput_file\u003e\n-#CHROM\tPOS\tID\tREF\tALT\tQUAL\tFILTER\tINFO\tFORMAT\tSample1\n-chr1\t14470\t.\tG\tA\t.\tPASS\tADP=25;WT=0;HET=1;HOM=0;NC=0\tGT:GQ:SDP:DP:RD:AD:FREQ:PVAL:RBQ:ABQ:RDF:RDR:ADF:ADR\t0/1:0:28:25:23:2:8%:9.8E-1:33:39:22:1:2:0\n-chr1\t14513\t.\tG\tA\t.\tPASS\tADP=32;WT=0;HET=1;HOM=0;NC=0\tGT:GQ:SDP:DP:RD:AD:FREQ:PVAL:RBQ:ABQ:RDF:RDR:ADF:ADR\t0/1:0:36:32:24:8:25%:9.8E-1:31:22:16:8:7:1\n-chr1\t14626\t.\tG\tC\t.\tPASS\tADP=44;WT=0;HET=1;HOM=0;NC=0\tGT:GQ:SDP:DP:RD:AD:FREQ:PVAL:RBQ:ABQ:RDF:RDR:ADF:ADR\t0/1:0:45:44:40:4:9.09%:9.8E-1:34:36:14:26:0:4\n-chr1\t14677\t.\tG\tA\t.\tPASS\tADP=70;WT=0;HET=1;HOM=0;NC=0\tGT:GQ:SDP:DP:RD:AD:FREQ:PVAL:RBQ:ABQ:RDF:RDR:ADF:ADR\t0/1:0:82:70:63:7:10%:9.8E-1:33:17:44:19:7:0\n-chr1\t14813\t.\tT\tG\t.\tMinAF\tADP=105;WT=0;HET=1;HOM=0;NC=0\tGT:GQ:SDP:DP:RD:AD:FREQ:PVAL:RBQ:ABQ:RDF:RDR:ADF:ADR\t0/1:0:121:105:103:2:1.9%:9.8E-1:32:22:42:61:1:1\n-chr1\t14815\t.\tC\tT\t.\tMinAF\tADP=117;WT=0;HET=1;HOM=0;NC=0\tGT:GQ:SDP:DP:RD:AD:FREQ:PVAL:RBQ:ABQ:RDF:RDR:ADF:ADR\t0/1:0:122:117:109:8:6.84%:9.8E-1:33:29:50:59:4:4\n-chr1\t14907\t.\tA\tG\t.\tPASS\tADP=104;WT=0;HET=1;HOM=0;NC=0\tGT:GQ:SDP:DP:RD:AD:FREQ:PVAL:RBQ:ABQ:RDF:RDR:ADF:ADR\t0/1:0:108:104:19:16:45.71%:9.8E-1:37:18:10:9:8:8\n-chr1\t14930\t.\tA\tG\t.\tPASS\tADP=103;WT=0;HET=1;HOM=0;NC=0\tGT:GQ:SDP:DP:RD:AD:FREQ:PVAL:RBQ:ABQ:RDF:RDR:ADF:ADR\t0/1:0:110:103:17:17:50%:9.8E-1:37:24:8:9:8:9\n-chr1\t15015\t.\tG\tC\t.\tPASS\tADP=52;WT=0;HET=1;HOM=0;NC=0\tGT:GQ:SDP:DP:RD:AD:FREQ:PVAL:RBQ:ABQ:RDF:RDR:ADF:ADR\t0/1:0:55:52:44:8:15.38%:9.8E-1:34:35:5:39:1:7\n-chr1\t15211\t.\tT\tG\t.\tPASS\tADP=21;WT=0;HET=0;HOM=1;NC=0\tGT:GQ:SDP:DP:RD:AD:FREQ:PVAL:RBQ:ABQ:RDF:RDR:ADF:ADR\t1/1:0:23:21:0:2:100%:9.8E-1:0:26:0:0:1:1\n-chr1\t15527\t.\tG\tA\t.\tPASS\tADP=53;WT=0;HET=1;HOM=0;NC=0\tGT:GQ:SDP:DP:RD:AD:FREQ:PVAL:RBQ:ABQ:RDF:RDR:ADF:ADR\t0/1:0:57:53:29:5:14.71%:9.8E-1:32:23:19:10:3:2\n-chr1\t15688\t.\tC\tT\t.\tPASS\tADP=34;WT=0;HET=1;HOM=0;NC=0\tGT:GQ:SDP:DP:RD:AD:FREQ:PVAL:RBQ:ABQ:RDF:RDR:ADF:ADR\t0/1:0:36:34:11:4:26.67%:9.8E-1:35:26:6:5:1:3\n-chr1\t16257\t.\tG\tC\t.\tPASS\tADP=23;WT=0;HET=1;HOM=0;NC=0\tGT:GQ:SDP:DP:RD:AD:FREQ:PVAL:RBQ:ABQ:RDF:RDR:ADF:ADR\t0/1:0:26:23:20:2:9.09%:9.8E-1:35:17:7:13:0:2\n-chr1\t16288\t.\tC\tG\t.\tPASS\tADP=15;WT=0;HET=1;HOM=0;NC=0\tGT:GQ:SDP:DP:RD:AD:FREQ:PVAL:RBQ:ABQ:RDF:RDR:ADF:ADR\t0/1:0:16:15:11:3:21.43%:9.8E-1:34:36:3:8:1:2\n-chr1\t16298\t.\tC\tT\t.\tPASS\tADP=12;WT=0;HET=1;HOM=0;NC=0\tGT:GQ:SDP:DP:RD:AD:FREQ:PVAL:RBQ:ABQ:RDF:RDR:ADF:ADR\t0/1:0:12:12:9:2:18.18%:9.8E-1:34:30:2:7:1:1\n-chr1\t16378\t.\tT\tC\t.\tPASS\tADP=24;WT=0;HET=1;HOM=0;NC=0\tGT:GQ:SDP:DP:RD:AD:FREQ:PVAL:RBQ:ABQ:RDF:RDR:ADF:ADR\t0/1:0:24:24:11:12:52.17%:9.8E-1:37:34:7:4:8:4\n-chr1\t16495\t.\tG\tC\t.\tPASS\tADP=21;WT=0;HET=1;HOM=0;NC=0\tGT:GQ:SDP:DP:RD:AD:FREQ:PVAL:RBQ:ABQ:RDF:RDR:ADF:ADR\t0/1:0:22:21:14:6:30%:9.8E-1:31:25:5:9:2:4\n-chr1\t16534\t.\tC\tT\t.\tPASS\tADP=11;WT=0;HET=1;HOM=0;NC=0\tGT:GQ:SDP:DP:RD:AD:FREQ:PVAL:RBQ:ABQ:RDF:RDR:ADF:ADR\t0/1:0:11:11:6:4:40%:9.8E-1:32:37:1:5:0:4\n-chr1\t16571\t.\tG\tA\t.\tPASS\tADP=8;WT=0;HET=1;HOM=0;NC=0\tGT:GQ:SDP:DP:RD:AD:FREQ:PVAL:RBQ:ABQ:RDF:RDR:ADF:ADR\t0/1:0:8:8:5:2:28.57%:9.8E-1:31:34:2:3:0:2\n-chr1\t16737\t.\tG\tT\t.\tPASS\tADP=27;WT=0;HET=1;HOM=0;NC=0\tGT:GQ:SDP:DP:RD:AD:FREQ:PVAL:RBQ:ABQ:RDF:RDR:ADF:ADR\t0/1:0:30:27:22:5:18.52%:9.8E-1:37:34:21:1:5:0\n-chr1\t16742\t.\tG\tC\t.\tPASS\tADP=30;WT=0;HET=1;HOM=0;NC=0\tGT:GQ:SDP:DP:RD:AD:FREQ:PVAL:RBQ:ABQ:RDF:RDR:ADF:ADR\t0/1:0:30:30:23:7:23.33%:9.8E-1:32:37:21:2:7:0\n-chr1\t16900\t.\tT\tC\t.\tMinAF\tADP=140;WT=0;HET=1;HOM=0;NC=0\tGT:GQ:SDP:DP:RD:AD:FREQ:PVAL:RBQ:ABQ:RDF:RDR:ADF:ADR\t0/1:0:150:140:135:5:3.57%:9.8E-1:35:25:119:16:5:0\n-chr1\t16963\t.\tG\tA\t.\tPASS\tADP=338;WT=0;HET=1;HOM=0;NC=0\tGT:GQ:SDP:DP:RD:AD:FREQ:PVAL:RBQ:ABQ:RDF:RDR:ADF:ADR\t0/1:0:354:338:297:41:12.13%:9.8E-1:32:34:218:79:26:15\n-chr1\t16977\t.\tG\tA\t.\tPASS\tADP=368;WT=0;HET=1;HOM=0;NC=0\tGT:GQ:SDP:DP:RD:AD:FREQ:PVAL:RBQ:ABQ:RDF:RDR:ADF:ADR\t0/1:0:384:368:270:98:26.63%:9.8E-1:34:25:186:84:63:35\n-chr1\t16996\t.\tT\tC\t.\tPASS\tADP=356;WT=0;HET=1;HOM=0;NC=0\tGT:GQ:SDP:DP:RD:AD:FREQ:PVAL:RBQ:ABQ:RDF:RDR:ADF:ADR\t0/1:0:371:356:269:87:24.44%:9.8E-1:35:34:147:122:58:29\n-chr1\t17020\t.\tG\tA\t.\tMinAF\tADP=355;WT=0;HET=1;HOM=0;NC=0\tGT:GQ:SDP:DP:RD:AD:FREQ:PVAL:RBQ:ABQ:RDF:RDR:ADF:ADR\t0/1:0:380:355:347:8:2.25%:9.8E-1:33:29:164:183:4:4\n" ], "status": "failure", "test_index": 0, "time_seconds": 28.50205421447754, "tool_id": "vcftools_annotate", "tool_version": "0.1"}
                ]]></error>
            
            <system-out><![CDATA[
            
            ]]></system-out>
            <system-err><![CDATA[
            /galaxy/server/database/jobs_directory/000/184/tool_script.sh: line 22: vcf-annotate: command not found
            ]]></system-err>
        
    </testcase>
    
</testsuite>