<?xml version="1.0" encoding="UTF-8"?>
<testsuite name="Results (powered by Planemo)"
           tests="80"
           errors="11"
           failures="4"
           skip="0">
    
    <testcase classname="anndata_import (Test #1)" name="0" time="59.658804178237915">
        
            
            <system-out><![CDATA[
            import anndata as ad        adata = ad.read_loom(    '/galaxy/server/database/objects/3/0/a/dataset_30a945d6-3800-4e70-b9b3-eb43acb72f5c.dat',    sparse=True,    cleanup=False,    X_name='spliced',    obs_names='CellID',    var_names='Gene')adata.write('anndata.h5ad')
            ]]></system-out>
            <system-err><![CDATA[
            Observation names are not unique. To make them unique, call `.obs_names_make_unique`.... storing 'cell_type' as categorical
            ]]></system-err>
        
    </testcase>
    
    <testcase classname="anndata_import (Test #1)" name="0" time="38.480019092559814">
        
            
            <system-out><![CDATA[
            import anndata as ad        adata = ad.read_loom(    '/galaxy/server/database/objects/9/8/6/dataset_98611256-2dee-49d5-9dd3-790ec3887caf.dat',    sparse=True,    cleanup=False,    X_name='spliced',    obs_names='CellID',    var_names='Gene')adata.write('anndata.h5ad')
            ]]></system-out>
            <system-err><![CDATA[
            Observation names are not unique. To make them unique, call `.obs_names_make_unique`.... storing 'cell_type' as categorical
            ]]></system-err>
        
    </testcase>
    
    <testcase classname="anndata_import (Test #2)" name="1" time="12.725324392318726">
        
            <error type="error" message="Input staging problem: Job in error state.. tool_id: upload1, exit_code: None, stderr: ."><![CDATA[
                { "execution_problem": "Input staging problem: Job in error state.. tool_id: upload1, exit_code: None, stderr: .", "status": "error", "test_index": 1, "time_seconds": 12.725324392318726, "tool_id": "anndata_import", "tool_version": "0.7.5+galaxy1"}
            ]]></error>
        
    </testcase>
    
    <testcase classname="anndata_import (Test #2)" name="1" time="38.36729288101196">
        
            
            <system-out><![CDATA[
            import anndata as ad        adata = ad.read_csv(    '/galaxy/server/database/objects/7/b/a/dataset_7baf9065-74f6-49cc-aa81-98f49fa37ddb.dat',    delimiter=',',    first_column_names=True)adata.write('anndata.h5ad')
            ]]></system-out>
            <system-err><![CDATA[
            
            ]]></system-err>
        
    </testcase>
    
    <testcase classname="anndata_import (Test #3)" name="2" time="37.62827277183533">
        
            
            <system-out><![CDATA[
            import anndata as ad        adata = ad.read_csv(    '/galaxy/server/database/objects/e/d/c/dataset_edcbe5a2-e3f2-42a5-8c98-d00c7337dc6b.dat',    delimiter='\t',    first_column_names=True)adata.write('anndata.h5ad')
            ]]></system-out>
            <system-err><![CDATA[
            
            ]]></system-err>
        
    </testcase>
    
    <testcase classname="anndata_import (Test #3)" name="2" time="38.362627029418945">
        
            
            <system-out><![CDATA[
            import anndata as ad        adata = ad.read_csv(    '/galaxy/server/database/objects/f/8/3/dataset_f835a688-0ad9-40b7-b5be-521805bf805a.dat',    delimiter='\t',    first_column_names=True)adata.write('anndata.h5ad')
            ]]></system-out>
            <system-err><![CDATA[
            
            ]]></system-err>
        
    </testcase>
    
    <testcase classname="anndata_import (Test #4)" name="3" time="38.45513463020325">
        
            
            <system-out><![CDATA[
            import anndata as ad        adata = ad.read_mtx(filename='/galaxy/server/database/objects/1/1/e/dataset_11e96ade-0e12-4eb4-a48e-8ae0a87023fc.dat')adata.write('anndata.h5ad')
            ]]></system-out>
            <system-err><![CDATA[
            
            ]]></system-err>
        
    </testcase>
    
    <testcase classname="anndata_import (Test #4)" name="3" time="38.43539309501648">
        
            
            <system-out><![CDATA[
            import anndata as ad        adata = ad.read_mtx(filename='/galaxy/server/database/objects/9/6/b/dataset_96bf6326-8286-45d1-9ca5-573d6b191ece.dat')adata.write('anndata.h5ad')
            ]]></system-out>
            <system-err><![CDATA[
            
            ]]></system-err>
        
    </testcase>
    
    <testcase classname="anndata_import (Test #5)" name="4" time="38.29423427581787">
        
            
            <system-out><![CDATA[
            import anndata as ad        adata = ad.read_umi_tools('umi_tools_input.gz')adata.write('anndata.h5ad')
            ]]></system-out>
            <system-err><![CDATA[
            
            ]]></system-err>
        
    </testcase>
    
    <testcase classname="anndata_import (Test #5)" name="4" time="39.44827151298523">
        
            
            <system-out><![CDATA[
            import anndata as ad        adata = ad.read_umi_tools('umi_tools_input.gz')adata.write('anndata.h5ad')
            ]]></system-out>
            <system-err><![CDATA[
            
            ]]></system-err>
        
    </testcase>
    
    <testcase classname="anndata_import (Test #6)" name="5" time="49.029810667037964">
        
            
            <system-out><![CDATA[
            
            ]]></system-out>
            <system-err><![CDATA[
            
            ]]></system-err>
        
    </testcase>
    
    <testcase classname="anndata_import (Test #6)" name="5" time="13.341519117355347">
        
            <error type="error" message="Input staging problem: Job in error state.. tool_id: upload1, exit_code: None, stderr: ."><![CDATA[
                { "execution_problem": "Input staging problem: Job in error state.. tool_id: upload1, exit_code: None, stderr: .", "status": "error", "test_index": 5, "time_seconds": 13.341519117355347, "tool_id": "anndata_import", "tool_version": "0.7.5+galaxy1"}
            ]]></error>
        
    </testcase>
    
    <testcase classname="anndata_import (Test #7)" name="6" time="42.18039536476135">
        
            
            <system-out><![CDATA[
            import anndata as ad        import scanpy as scadata = sc.read_10x_h5('/galaxy/server/database/objects/8/4/b/dataset_84bf8a76-d05c-48b4-9998-2d318a2b25f6.dat')adata.write('anndata.h5ad')
            ]]></system-out>
            <system-err><![CDATA[
            
            ]]></system-err>
        
    </testcase>
    
    <testcase classname="anndata_import (Test #7)" name="6" time="42.304654359817505">
        
            
            <system-out><![CDATA[
            import anndata as ad        import scanpy as scadata = sc.read_10x_h5('/galaxy/server/database/objects/4/8/5/dataset_485bb988-2568-49ab-95b7-c5db5703c80f.dat')adata.write('anndata.h5ad')
            ]]></system-out>
            <system-err><![CDATA[
            
            ]]></system-err>
        
    </testcase>
    
    <testcase classname="bcftools_plugin_fixploidy (Test #1)" name="0" time="47.810118198394775">
        
            
            <system-out><![CDATA[
            
            ]]></system-out>
            <system-err><![CDATA[
            
            ]]></system-err>
        
    </testcase>
    
    <testcase classname="bcftools_stats (Test #1)" name="0" time="57.887417793273926">
        
            
            <system-out><![CDATA[
            
            ]]></system-out>
            <system-err><![CDATA[
            
            ]]></system-err>
        
    </testcase>
    
    <testcase classname="bcftools_stats (Test #2)" name="1" time="">
        
            <error type="error" message=""><![CDATA[
                { "status": "skip", "test_index": 1, "tool_id": "bcftools_stats", "tool_version": "1.10"}
            ]]></error>
        
    </testcase>
    
    <testcase classname="bcftools_stats (Test #3)" name="2" time="39.36246585845947">
        
            
                <error type="error" message="Tool exit code: 1"><![CDATA[
                    { "inputs": {  "input_file": {   "id": "ca46bb58b1b61a63",   "src": "hda"  },  "plot_title": "Plot for mpileup.vcf" }, "job": {  "command_line": "export BCFTOOLS_PLUGINS=`which bcftools | sed \u0027s,bin/bcftools,libexec/bcftools,\u0027`;     bgzip -c \u0027/galaxy/server/database/objects/f/8/2/dataset_f82f7675-b306-4788-bfe3-8f65d62b67eb.dat\u0027 \u003e input0.vcf.gz \u0026\u0026 bcftools index input0.vcf.gz \u0026\u0026 echo \u0027input0.vcf.gz\u0027 \u003e\u003e vcfs_list \u0026\u0026                     bcftools stats                              input0.vcf.gz  \u003e \u0027/galaxy/server/database/objects/3/4/d/dataset_34d53ae1-789e-42d5-a5f8-9110073be743.dat\u0027 \u0026\u0026 plot-vcfstats -p \u0027plot_tmp/\u0027 -T \u0027Plot for mpileup.vcf\u0027 -s \u0027/galaxy/server/database/objects/3/4/d/dataset_34d53ae1-789e-42d5-a5f8-9110073be743.dat\u0027 || (printf \"The content of plot_tmp/plot-vcfstats.log is:\\n\" \u003e\u00262 \u0026\u0026 cat plot_tmp/plot-vcfstats.log \u003e\u00262 \u0026\u0026 exit 1)",  "command_version": "Version: 1.10.2 (using htslib 1.10.2)",  "copied_from_job_id": null,  "create_time": "2024-09-05T19:20:38.667191",  "dependencies": [],  "exit_code": 1,  "external_id": "gxy-8xnjr",  "galaxy_version": "24.1",  "handler": null,  "history_id": "223f9cda4025d0b5",  "id": "a4f9f38437fa5b32",  "inputs": {   "input_file": {    "id": "ca46bb58b1b61a63",    "src": "hda",    "uuid": "f82f7675-b306-4788-bfe3-8f65d62b67eb"   }  },  "job_messages": [   {    "code_desc": "",    "desc": "Fatal error: Exit code 1 ()",    "error_level": 3,    "exit_code": 1,    "type": "exit_code"   },   {    "code_desc": "",    "desc": "Fatal error: ",    "error_level": 3,    "match": "error:",    "stream": "stderr",    "type": "regex"   }  ],  "job_metrics": [   {    "name": "runtime_seconds",    "plugin": "core",    "raw_value": "2.0000000",    "title": "Job Runtime (Wall Clock)",    "value": "2 seconds"   },   {    "name": "end_epoch",    "plugin": "core",    "raw_value": "1725564042.0000000",    "title": "Job End Time",    "value": "2024-09-05 19:20:42"   },   {    "name": "start_epoch",    "plugin": "core",    "raw_value": "1725564040.0000000",    "title": "Job Start Time",    "value": "2024-09-05 19:20:40"   },   {    "name": "galaxy_memory_mb",    "plugin": "core",    "raw_value": "4080.0000000",    "title": "Memory Allocated (MB)",    "value": "4080"   },   {    "name": "galaxy_slots",    "plugin": "core",    "raw_value": "1.0000000",    "title": "Cores Allocated",    "value": "1"   }  ],  "job_runner_name": null,  "job_stderr": "",  "job_stdout": "",  "model_class": "Job",  "output_collections": {},  "outputs": {   "output_file": {    "id": "792b861fba495a3a",    "src": "hda",    "uuid": "34d53ae1-789e-42d5-a5f8-9110073be743"   },   "output_pdf": {    "id": "36e6cd423db8ec2d",    "src": "hda",    "uuid": "059f690f-a8fa-4e08-9a68-ee2afae2c335"   }  },  "params": {   "__input_ext": "\"input\"",   "chromInfo": "\"/cvmfs/data.galaxyproject.org/managed/len/ucsc/?.len\"",   "dbkey": "\"?\"",   "inputB_file": null,   "plot_title": "\"Plot for mpileup.vcf\"",   "sec_default": "{\"af_tag\": \"\", \"afbins\": {\"__current_case__\": 0, \"afbins_select\": \"default\"}, \"depth\": {\"__current_case__\": 0, \"set_depth\": \"no\"}, \"exons_file\": null, \"first_allele_only\": false, \"reference_source\": {\"__current_case__\": 0, \"reference_source_selector\": \"\"}, \"split_by_ID\": false, \"user_tstv\": \"\", \"verbose\": false}",   "sec_restrict": "{\"apply_filters\": \"\", \"collapse\": null, \"exclude\": null, \"include\": null, \"invert_samples\": false, \"invert_samples_file\": false, \"regions\": {\"__current_case__\": 0, \"regions_src\": \"__none__\"}, \"samples\": \"\", \"samples_file\": null, \"targets\": {\"__current_case__\": 0, \"targets_src\": \"__none__\"}}"  },  "state": "error",  "stderr": "Parsing bcftools stats output: /galaxy/server/database/objects/3/4/d/dataset_34d53ae1-789e-42d5-a5f8-9110073be743.dat\nPlotting graphs: python3 plot.py\nCreating PDF: tectonic summary.tex \u003eplot-vcfstats.log 2\u003e\u00261\nThe command exited with non-zero status, please consult the output of tectonic: plot_tmp/plot-vcfstats.log\n\n at /usr/local/bin/plot-vcfstats line 111.\n\tmain::error(\"The command exited with non-zero status, please consult the o\"...) called at /usr/local/bin/plot-vcfstats line 2086\n\tmain::create_pdf(HASH(0x58240b5cbc98)) called at /usr/local/bin/plot-vcfstats line 72\nThe content of plot_tmp/plot-vcfstats.log is:\nnote: this is a BETA release; ask questions and report bugs at https://tectonic.newton.cx/\nnote: indexing https://archive.org/services/purl/net/pkgwpub/tectonic-default\nerror: could not get backend summary digest\ncaused by: couldn\u0027t probe https://archive.org/services/purl/net/pkgwpub/tectonic-default\ncaused by: Invalid Status provided\n",  "stdout": "",  "tool_id": "toolshed.g2.bx.psu.edu/repos/iuc/bcftools_stats/bcftools_stats/1.10",  "tool_stderr": "Parsing bcftools stats output: /galaxy/server/database/objects/3/4/d/dataset_34d53ae1-789e-42d5-a5f8-9110073be743.dat\nPlotting graphs: python3 plot.py\nCreating PDF: tectonic summary.tex \u003eplot-vcfstats.log 2\u003e\u00261\nThe command exited with non-zero status, please consult the output of tectonic: plot_tmp/plot-vcfstats.log\n\n at /usr/local/bin/plot-vcfstats line 111.\n\tmain::error(\"The command exited with non-zero status, please consult the o\"...) called at /usr/local/bin/plot-vcfstats line 2086\n\tmain::create_pdf(HASH(0x58240b5cbc98)) called at /usr/local/bin/plot-vcfstats line 72\nThe content of plot_tmp/plot-vcfstats.log is:\nnote: this is a BETA release; ask questions and report bugs at https://tectonic.newton.cx/\nnote: indexing https://archive.org/services/purl/net/pkgwpub/tectonic-default\nerror: could not get backend summary digest\ncaused by: couldn\u0027t probe https://archive.org/services/purl/net/pkgwpub/tectonic-default\ncaused by: Invalid Status provided\n",  "tool_stdout": "",  "update_time": "2024-09-05T19:20:55.342312",  "user_email": "tests@fake.org" }, "output_problems": [  "Job in error state.. tool_id: toolshed.g2.bx.psu.edu/repos/iuc/bcftools_stats/bcftools_stats/1.10, exit_code: 1, stderr: Parsing bcftools stats output: /galaxy/server/database/objects/3/4/d/dataset_34d53ae1-789e-42d5-a5f8-9110073be743.dat\nPlotting graphs: python3 plot.py\nCreating PDF: tectonic summary.tex \u003eplot-vcfstats.log 2\u003e\u00261\nThe command exited with non-zero status, please consult the output of tectonic: plot_tmp/plot-vcfstats.log\n\n at /usr/local/bin/plot-vcfstats line 111.\n\tmain::error(\"The command exited with non-zero status, please consult the o\"...) called at /usr/local/bin/plot-vcfstats line 2086\n\tmain::create_pdf(HASH(0x58240b5cbc98)) called at /usr/local/bin/plot-vcfstats line 72\nThe content of plot_tmp/plot-vcfstats.log is:\nnote: this is a BETA release; ask questions and report bugs at https://tectonic.newton.cx/\nnote: indexing https://archive.org/services/purl/net/pkgwpub/tectonic-default\nerror: could not get backend summary digest\ncaused by: couldn\u0027t probe https://archive.org/services/purl/net/pkgwpub/tectonic-default\ncaused by: Invalid Status provided\n.",  "Job in error state.. tool_id: toolshed.g2.bx.psu.edu/repos/iuc/bcftools_stats/bcftools_stats/1.10, exit_code: 1, stderr: Parsing bcftools stats output: /galaxy/server/database/objects/3/4/d/dataset_34d53ae1-789e-42d5-a5f8-9110073be743.dat\nPlotting graphs: python3 plot.py\nCreating PDF: tectonic summary.tex \u003eplot-vcfstats.log 2\u003e\u00261\nThe command exited with non-zero status, please consult the output of tectonic: plot_tmp/plot-vcfstats.log\n\n at /usr/local/bin/plot-vcfstats line 111.\n\tmain::error(\"The command exited with non-zero status, please consult the o\"...) called at /usr/local/bin/plot-vcfstats line 2086\n\tmain::create_pdf(HASH(0x58240b5cbc98)) called at /usr/local/bin/plot-vcfstats line 72\nThe content of plot_tmp/plot-vcfstats.log is:\nnote: this is a BETA release; ask questions and report bugs at https://tectonic.newton.cx/\nnote: indexing https://archive.org/services/purl/net/pkgwpub/tectonic-default\nerror: could not get backend summary digest\ncaused by: couldn\u0027t probe https://archive.org/services/purl/net/pkgwpub/tectonic-default\ncaused by: Invalid Status provided\n.",  "Job in error state.. tool_id: toolshed.g2.bx.psu.edu/repos/iuc/bcftools_stats/bcftools_stats/1.10, exit_code: 1, stderr: Parsing bcftools stats output: /galaxy/server/database/objects/3/4/d/dataset_34d53ae1-789e-42d5-a5f8-9110073be743.dat\nPlotting graphs: python3 plot.py\nCreating PDF: tectonic summary.tex \u003eplot-vcfstats.log 2\u003e\u00261\nThe command exited with non-zero status, please consult the output of tectonic: plot_tmp/plot-vcfstats.log\n\n at /usr/local/bin/plot-vcfstats line 111.\n\tmain::error(\"The command exited with non-zero status, please consult the o\"...) called at /usr/local/bin/plot-vcfstats line 2086\n\tmain::create_pdf(HASH(0x58240b5cbc98)) called at /usr/local/bin/plot-vcfstats line 72\nThe content of plot_tmp/plot-vcfstats.log is:\nnote: this is a BETA release; ask questions and report bugs at https://tectonic.newton.cx/\nnote: indexing https://archive.org/services/purl/net/pkgwpub/tectonic-default\nerror: could not get backend summary digest\ncaused by: couldn\u0027t probe https://archive.org/services/purl/net/pkgwpub/tectonic-default\ncaused by: Invalid Status provided\n." ], "status": "failure", "test_index": 2, "time_seconds": 39.36246585845947, "tool_id": "bcftools_stats", "tool_version": "1.10"}
                ]]></error>
            
            <system-out><![CDATA[
            
            ]]></system-out>
            <system-err><![CDATA[
            Parsing bcftools stats output: /galaxy/server/database/objects/3/4/d/dataset_34d53ae1-789e-42d5-a5f8-9110073be743.datPlotting graphs: python3 plot.pyCreating PDF: tectonic summary.tex >plot-vcfstats.log 2>&1The command exited with non-zero status, please consult the output of tectonic: plot_tmp/plot-vcfstats.log at /usr/local/bin/plot-vcfstats line 111.main::error("The command exited with non-zero status, please consult the o"...) called at /usr/local/bin/plot-vcfstats line 2086main::create_pdf(HASH(0x58240b5cbc98)) called at /usr/local/bin/plot-vcfstats line 72The content of plot_tmp/plot-vcfstats.log is:note: this is a BETA release; ask questions and report bugs at https://tectonic.newton.cx/note: indexing https://archive.org/services/purl/net/pkgwpub/tectonic-defaulterror: could not get backend summary digestcaused by: couldn't probe https://archive.org/services/purl/net/pkgwpub/tectonic-defaultcaused by: Invalid Status provided
            ]]></system-err>
        
    </testcase>
    
    <testcase classname="collection_element_identifiers (Test #1)" name="0" time="65.76716923713684">
        
            
            <system-out><![CDATA[
            
            ]]></system-out>
            <system-err><![CDATA[
            
            ]]></system-err>
        
    </testcase>
    
    <testcase classname="collection_element_identifiers (Test #2)" name="1" time="36.29091668128967">
        
            
            <system-out><![CDATA[
            
            ]]></system-out>
            <system-err><![CDATA[
            
            ]]></system-err>
        
    </testcase>
    
    <testcase classname="deeptools_plot_correlation (Test #1)" name="0" time="87.24383449554443">
        
            
            <system-out><![CDATA[
            
            ]]></system-out>
            <system-err><![CDATA[
            
            ]]></system-err>
        
    </testcase>
    
    <testcase classname="deeptools_plot_correlation (Test #2)" name="1" time="38.71734404563904">
        
            
            <system-out><![CDATA[
            
            ]]></system-out>
            <system-err><![CDATA[
            
            ]]></system-err>
        
    </testcase>
    
    <testcase classname="flash (Test #1)" name="0" time="41.12606692314148">
        
            
            <system-out><![CDATA[
            
            ]]></system-out>
            <system-err><![CDATA[
            
            ]]></system-err>
        
    </testcase>
    
    <testcase classname="flash (Test #2)" name="1" time="22.722954034805298">
        
            <error type="error" message="Input staging problem: Job in error state.. tool_id: upload1, exit_code: None, stderr: ."><![CDATA[
                { "execution_problem": "Input staging problem: Job in error state.. tool_id: upload1, exit_code: None, stderr: .", "status": "error", "test_index": 1, "time_seconds": 22.722954034805298, "tool_id": "flash", "tool_version": "1.2.11.4"}
            ]]></error>
        
    </testcase>
    
    <testcase classname="flash (Test #3)" name="2" time="39.3748722076416">
        
            
            <system-out><![CDATA[
            [FLASH] Starting FLASH v1.2.11[FLASH] Fast Length Adjustment of SHort reads[FLASH]  [FLASH] Input files:[FLASH]     /galaxy/server/database/objects/7/a/b/dataset_7ab2829c-3a70-4f3b-8fa7-03428f5ca671.dat[FLASH]     /galaxy/server/database/objects/0/3/3/dataset_033e6c21-e189-4e0c-85fd-474536f0f6f3.dat[FLASH]  [FLASH] Output files:[FLASH]     ./out.extendedFrags.fastq[FLASH]     ./out.notCombined_1.fastq[FLASH]     ./out.notCombined_2.fastq[FLASH]     ./out.hist[FLASH]     ./out.histogram[FLASH]  [FLASH] Parameters:[FLASH]     Min overlap:           10[FLASH]     Max overlap:           65[FLASH]     Max mismatch density:  0.250000[FLASH]     Allow "outie" pairs:   false[FLASH]     Cap mismatch quals:    false[FLASH]     Combiner threads:      1[FLASH]     Input format:          FASTQ, phred_offset=64[FLASH]     Output format:         FASTQ, phred_offset=64[FLASH]  [FLASH] Starting reader and writer threads[FLASH] Starting 1 combiner threads[FLASH] Processed 200 read pairs[FLASH]  [FLASH] Read combination statistics:[FLASH]     Total pairs:      200[FLASH]     Combined pairs:   5[FLASH]     Uncombined pairs: 195[FLASH]     Percent combined: 2.50%[FLASH]  [FLASH] Writing histogram files.[FLASH]  [FLASH] FLASH v1.2.11 complete![FLASH] 0.018 seconds elapsed
            ]]></system-out>
            <system-err><![CDATA[
            
            ]]></system-err>
        
    </testcase>
    
    <testcase classname="flash (Test #4)" name="3" time="40.37784481048584">
        
            
            <system-out><![CDATA[
            
            ]]></system-out>
            <system-err><![CDATA[
            
            ]]></system-err>
        
    </testcase>
    
    <testcase classname="flash (Test #5)" name="4" time="37.35675120353699">
        
            
            <system-out><![CDATA[
            [FLASH] Starting FLASH v1.2.11[FLASH] Fast Length Adjustment of SHort reads[FLASH]  [FLASH] Input files:[FLASH]     /galaxy/server/database/objects/0/c/5/dataset_0c5fae28-5f77-4dbe-aa59-8390fe55dab5.dat[FLASH]     /galaxy/server/database/objects/7/5/2/dataset_752e8d4b-44ae-495a-ac6c-f6653ad97434.dat[FLASH]  [FLASH] Output files:[FLASH]     ./out.extendedFrags.fastq[FLASH]     ./out.notCombined_1.fastq[FLASH]     ./out.notCombined_2.fastq[FLASH]     ./out.hist[FLASH]     ./out.histogram[FLASH]  [FLASH] Parameters:[FLASH]     Min overlap:           10[FLASH]     Max overlap:           65[FLASH]     Max mismatch density:  0.250000[FLASH]     Allow "outie" pairs:   false[FLASH]     Cap mismatch quals:    false[FLASH]     Combiner threads:      1[FLASH]     Input format:          FASTQ, phred_offset=33[FLASH]     Output format:         FASTQ, phred_offset=33, gzip[FLASH]  [FLASH] Starting reader and writer threads[FLASH] Starting 1 combiner threads[FLASH] Processed 500 read pairs[FLASH]  [FLASH] Read combination statistics:[FLASH]     Total pairs:      500[FLASH]     Combined pairs:   18[FLASH]     Uncombined pairs: 482[FLASH]     Percent combined: 3.60%[FLASH]  [FLASH] Writing histogram files.[FLASH]  [FLASH] FLASH v1.2.11 complete![FLASH] 0.041 seconds elapsed
            ]]></system-out>
            <system-err><![CDATA[
            
            ]]></system-err>
        
    </testcase>
    
    <testcase classname="lofreq_call (Test #1)" name="0" time="46.02950716018677">
        
            
            <system-out><![CDATA[
            INFO [2024-09-05 19:15:26,531]: Using 2 threads with following basic args: lofreq call --verbose --ref reference.fa --sig 0.01 --bonf dynamic reads.bamINFO [2024-09-05 19:15:26,540]: Adding 5 commands to mp-poolNumber of substitution tests performed: 66Number of indel tests performed: 0INFO [2024-09-05 19:15:28,219]: Executing lofreq filter -i /galaxy/server/database/jobs_directory/000/154/tmp/lofreq2_call_parallels_gazwjt/concat.vcf.gz -o variants.vcf --snvqual-thresh 38 --indelqual-thresh 20set_lofreq_standard
            ]]></system-out>
            <system-err><![CDATA[
            
            ]]></system-err>
        
    </testcase>
    
    <testcase classname="lofreq_call (Test #2)" name="1" time="41.9284610748291">
        
            
            <system-out><![CDATA[
            INFO [2024-09-05 19:16:08,420]: Using 2 threads with following basic args: lofreq call --verbose --ref reference.fa --min-cov 1 --max-depth 1000000 --min-bq 6 --min-alt-bq 6 --min-mq 0 --max-mq 255 --min-jq 0 --min-alt-jq 0 --def-alt-jq 0 --sig 0.01 --bonf dynamic reads.bamINFO [2024-09-05 19:16:08,430]: Adding 5 commands to mp-poolNumber of substitution tests performed: 66Number of indel tests performed: 0INFO [2024-09-05 19:16:10,124]: Executing lofreq filter -i /galaxy/server/database/jobs_directory/000/157/tmp/lofreq2_call_parallellcoe8jv8/concat.vcf.gz -o variants.vcf --snvqual-thresh 38 --indelqual-thresh 20set_lofreq_standard
            ]]></system-out>
            <system-err><![CDATA[
            
            ]]></system-err>
        
    </testcase>
    
    <testcase classname="lofreq_call (Test #3)" name="2" time="44.739437103271484">
        
            
            <system-out><![CDATA[
            INFO [2024-09-05 19:16:53,695]: Using 2 threads with following basic args: lofreq call --verbose --ref reference.fa --min-cov 1 --max-depth 1000000 --min-bq 6 --min-alt-bq 6 --min-mq 0 --max-mq 255 --src-qual --ign-vcf ign0.vcf --def-nm-q 40 --min-jq 0 --min-alt-jq 0 --def-alt-jq 0 --sig 0.01 --bonf dynamic reads.bamINFO [2024-09-05 19:16:53,705]: Adding 5 commands to mp-poolNumber of substitution tests performed: 66Number of indel tests performed: 0INFO [2024-09-05 19:16:55,620]: Executing lofreq filter -i /galaxy/server/database/jobs_directory/000/161/tmp/lofreq2_call_parallelr3bvpwk4/concat.vcf.gz -o variants.vcf --snvqual-thresh 38 --indelqual-thresh 20set_lofreq_standard
            ]]></system-out>
            <system-err><![CDATA[
            
            ]]></system-err>
        
    </testcase>
    
    <testcase classname="lofreq_call (Test #4)" name="3" time="40.26061534881592">
        
            
            <system-out><![CDATA[
            INFO [2024-09-05 19:17:33,842]: Using 2 threads with following basic args: lofreq call --verbose --ref reference.fa --sig 1 --bonf 1 --no-default-filter reads.bamINFO [2024-09-05 19:17:33,850]: Adding 5 commands to mp-poolNumber of substitution tests performed: 66Number of indel tests performed: 0INFO [2024-09-05 19:17:35,528]: Copying concatenated vcf file to final destinationset_all_off
            ]]></system-out>
            <system-err><![CDATA[
            
            ]]></system-err>
        
    </testcase>
    
    <testcase classname="lofreq_call (Test #5)" name="4" time="39.66922330856323">
        
            
            <system-out><![CDATA[
            INFO [2024-09-05 19:18:13,794]: Using 2 threads with following basic args: lofreq call --verbose --ref reference.fa --call-indels --only-indels --sig 1 --bonf 1 --no-default-filter reads.bamINFO [2024-09-05 19:18:13,804]: Adding 5 commands to mp-poolNumber of substitution tests performed: 0Number of indel tests performed: 9INFO [2024-09-05 19:18:16,349]: Copying concatenated vcf file to final destinationset_all_off
            ]]></system-out>
            <system-err><![CDATA[
            
            ]]></system-err>
        
    </testcase>
    
    <testcase classname="medaka_variant (Test #1)" name="0" time="72.65329337120056">
        
            
            <system-out><![CDATA[
            [18:41:50 - DataIndex] Loaded 1/2 (50.00%) sample files.[18:41:50 - DataIndex] Loaded 2/2 (100.00%) sample files.[18:41:50 - Variants] Label decoding is:0: ('*',)1: ('A',)2: ('C',)3: ('G',)4: ('T',)[18:41:50 - Variants] Processing NC_045512.2:0-.[18:41:50 - TrimOverlap] NC_045512.2:30.0-2939.0 is contained within NC_045512.2:30.0-2939.0, skipping.
            ]]></system-out>
            <system-err><![CDATA[
            
            ]]></system-err>
        
    </testcase>
    
    <testcase classname="medaka_variant (Test #2)" name="1" time="49.015626192092896">
        
            
            <system-out><![CDATA[
            [18:42:46 - DataIndex] Loaded 1/1 (100.00%) sample files.[18:42:46 - Variants] Label decoding is:0: ('*',)1: ('A',)2: ('C',)3: ('G',)4: ('T',)[18:42:46 - Variants] Processing NC_045512.2:0-.
            ]]></system-out>
            <system-err><![CDATA[
            
            ]]></system-err>
        
    </testcase>
    
    <testcase classname="medaka_variant (Test #3)" name="2" time="31.86837148666382">
        
            
                <error type="error" message="Tool exit code: None"><![CDATA[
                    { "inputs": {  "output_annotated|output_annotated_select": "false",  "output_log_bool": false,  "pool|input": {   "id": "883af610111391fd",   "src": "hda"  },  "pool|pool_mode": "No",  "reference_source|ref_file": {   "id": "5d7c57f442a27f1e",   "src": "hda"  },  "reference_source|reference_source_selector": "history" }, "job": {  "command_line": "ln -f -s \u0027/galaxy/server/database/objects/2/2/9/dataset_2294d27d-b3a6-4e58-b475-50f25fb7074c.dat\u0027 reference.fa \u0026\u0026    medaka variant --debug  reference.fa \u0027/galaxy/server/database/objects/2/a/8/dataset_2a85e7a5-70ea-4261-8785-e913ee686735.dat\u0027 \u0027/galaxy/server/database/objects/5/7/6/dataset_576f0420-3297-45cb-9253-bcde79f5fca4.dat\u0027 2\u003e\u00261 | tee \u0027XXXX\u0027",  "command_version": null,  "copied_from_job_id": null,  "create_time": "2024-09-05T18:43:26.254341",  "dependencies": [],  "exit_code": null,  "external_id": "gxy-6mlks",  "galaxy_version": "24.1",  "handler": null,  "history_id": "223f9cda4025d0b5",  "id": "a7a22493e46f2612",  "inputs": {   "pool|input": {    "id": "883af610111391fd",    "src": "hda",    "uuid": "2a85e7a5-70ea-4261-8785-e913ee686735"   },   "reference_source|ref_file": {    "id": "5d7c57f442a27f1e",    "src": "hda",    "uuid": "2294d27d-b3a6-4e58-b475-50f25fb7074c"   }  },  "job_messages": null,  "job_metrics": [],  "job_runner_name": null,  "job_stderr": null,  "job_stdout": null,  "model_class": "Job",  "output_collections": {},  "outputs": {   "out_result": {    "id": "9055f5f74edee351",    "src": "hda",    "uuid": "576f0420-3297-45cb-9253-bcde79f5fca4"   }  },  "params": {   "__input_ext": "\"input\"",   "chromInfo": "\"/cvmfs/data.galaxyproject.org/managed/len/ucsc/?.len\"",   "dbkey": "\"?\"",   "output_annotated": "{\"__current_case__\": 1, \"output_annotated_select\": \"false\"}",   "output_log_bool": "false",   "pool": "{\"__current_case__\": 1, \"input\": {\"values\": [{\"id\": 60, \"src\": \"hda\"}]}, \"pool_mode\": \"No\"}",   "reference_source": "{\"__current_case__\": 1, \"ref_file\": {\"values\": [{\"id\": 61, \"src\": \"hda\"}]}, \"reference_source_selector\": \"history\"}",   "regions": "\"\"",   "verbose": "false"  },  "state": "error",  "stderr": "",  "stdout": "[18:43:31 - DataIndex] Loaded 1/1 (100.00%) sample files.\n[18:43:31 - Variants] Label decoding is:\n0: (\u0027*\u0027,)\n1: (\u0027A\u0027,)\n2: (\u0027C\u0027,)\n3: (\u0027G\u0027,)\n4: (\u0027T\u0027,)\n[18:43:31 - Variants] Processing NC_045512.2:0-.\n",  "tool_id": "toolshed.g2.bx.psu.edu/repos/iuc/medaka_variant/medaka_variant/1.0.3+galaxy7",  "tool_stderr": "",  "tool_stdout": "[18:43:31 - DataIndex] Loaded 1/1 (100.00%) sample files.\n[18:43:31 - Variants] Label decoding is:\n0: (\u0027*\u0027,)\n1: (\u0027A\u0027,)\n2: (\u0027C\u0027,)\n3: (\u0027G\u0027,)\n4: (\u0027T\u0027,)\n[18:43:31 - Variants] Processing NC_045512.2:0-.\n",  "update_time": "2024-09-05T18:43:34.567424",  "user_email": "tests@fake.org" }, "output_problems": [  "Job in error state.. tool_id: toolshed.g2.bx.psu.edu/repos/iuc/medaka_variant/medaka_variant/1.0.3+galaxy7, exit_code: None, stderr: .",  "Job in error state.. tool_id: toolshed.g2.bx.psu.edu/repos/iuc/medaka_variant/medaka_variant/1.0.3+galaxy7, exit_code: None, stderr: ." ], "status": "failure", "test_index": 2, "time_seconds": 31.86837148666382, "tool_id": "medaka_variant", "tool_version": "1.0.3+galaxy7"}
                ]]></error>
            
            <system-out><![CDATA[
            [18:43:31 - DataIndex] Loaded 1/1 (100.00%) sample files.[18:43:31 - Variants] Label decoding is:0: ('*',)1: ('A',)2: ('C',)3: ('G',)4: ('T',)[18:43:31 - Variants] Processing NC_045512.2:0-.
            ]]></system-out>
            <system-err><![CDATA[
            
            ]]></system-err>
        
    </testcase>
    
    <testcase classname="poretools_times (Test #1)" name="0" time="13.014366388320923">
        
            <error type="error" message="Input staging problem: Job in error state.. tool_id: upload1, exit_code: None, stderr: ."><![CDATA[
                { "execution_problem": "Input staging problem: Job in error state.. tool_id: upload1, exit_code: None, stderr: .", "status": "error", "test_index": 0, "time_seconds": 13.014366388320923, "tool_id": "poretools_times", "tool_version": "0.6.1a1.0"}
            ]]></error>
        
    </testcase>
    
    <testcase classname="poretools_times (Test #2)" name="1" time="61.66418528556824">
        
            
            <system-out><![CDATA[
            
            ]]></system-out>
            <system-err><![CDATA[
            
            ]]></system-err>
        
    </testcase>
    
    <testcase classname="poretools_times (Test #3)" name="2" time="38.588369846343994">
        
            
            <system-out><![CDATA[
            
            ]]></system-out>
            <system-err><![CDATA[
            
            ]]></system-err>
        
    </testcase>
    
    <testcase classname="poretools_times (Test #4)" name="3" time="38.48473048210144">
        
            
            <system-out><![CDATA[
            
            ]]></system-out>
            <system-err><![CDATA[
            
            ]]></system-err>
        
    </testcase>
    
    <testcase classname="poretools_times (Test #5)" name="4" time="36.94028425216675">
        
            
            <system-out><![CDATA[
            
            ]]></system-out>
            <system-err><![CDATA[
            
            ]]></system-err>
        
    </testcase>
    
    <testcase classname="raceid_inspecttrajectory (Test #1)" name="0" time="65.76479148864746">
        
            
            <system-out><![CDATA[
            null device           1 
            ]]></system-out>
            <system-err><![CDATA[
            
            ]]></system-err>
        
    </testcase>
    
    <testcase classname="raceid_inspecttrajectory (Test #1)" name="0" time="40.879151344299316">
        
            
            <system-out><![CDATA[
            null device           1 
            ]]></system-out>
            <system-err><![CDATA[
            
            ]]></system-err>
        
    </testcase>
    
    <testcase classname="raceid_inspecttrajectory (Test #2)" name="1" time="41.57583665847778">
        
            
            <system-out><![CDATA[
            NULLNULLNULLNULLNULLNULLNULLNULLNULLNULLNULLNULLnull device           1 
            ]]></system-out>
            <system-err><![CDATA[
            
            ]]></system-err>
        
    </testcase>
    
    <testcase classname="raceid_inspecttrajectory (Test #2)" name="1" time="12.488906145095825">
        
            <error type="error" message="Input staging problem: Job in error state.. tool_id: upload1, exit_code: None, stderr: ."><![CDATA[
                { "execution_problem": "Input staging problem: Job in error state.. tool_id: upload1, exit_code: None, stderr: .", "status": "error", "test_index": 1, "time_seconds": 12.488906145095825, "tool_id": "raceid_inspecttrajectory", "tool_version": "0.2.3+galaxy2"}
            ]]></error>
        
    </testcase>
    
    <testcase classname="raceid_inspecttrajectory (Test #3)" name="2" time="45.02116942405701">
        
            
            <system-out><![CDATA[
            [1] 1NULL[1] 1NULL[1] 1NULL[1] 1NULLnull device           1 
            ]]></system-out>
            <system-err><![CDATA[
            
            ]]></system-err>
        
    </testcase>
    
    <testcase classname="raceid_inspecttrajectory (Test #3)" name="2" time="43.04773569107056">
        
            
            <system-out><![CDATA[
            [1] 1NULL[1] 1NULL[1] 1NULL[1] 1NULLnull device           1 
            ]]></system-out>
            <system-err><![CDATA[
            
            ]]></system-err>
        
    </testcase>
    
    <testcase classname="raceid_inspecttrajectory (Test #4)" name="3" time="12.817782402038574">
        
            <error type="error" message="Input staging problem: Job in error state.. tool_id: upload1, exit_code: None, stderr: ."><![CDATA[
                { "execution_problem": "Input staging problem: Job in error state.. tool_id: upload1, exit_code: None, stderr: .", "status": "error", "test_index": 3, "time_seconds": 12.817782402038574, "tool_id": "raceid_inspecttrajectory", "tool_version": "0.2.3+galaxy2"}
            ]]></error>
        
    </testcase>
    
    <testcase classname="raceid_inspecttrajectory (Test #4)" name="3" time="45.319132566452026">
        
            
            <system-out><![CDATA[
            [1] 1NULL[1] 1NULL[1] 1NULL[1] 1NULLNULLNULLNULLnull device           1 
            ]]></system-out>
            <system-err><![CDATA[
            
            ]]></system-err>
        
    </testcase>
    
    <testcase classname="raceid_inspecttrajectory (Test #5)" name="4" time="53.69206523895264">
        
            
            <system-out><![CDATA[
            NULLNULLNULLNULLNULLNULLNULLNULLNULLNULLNULLNULL[1] 1NULL[1] 1NULL[1] 1NULL[1] 1NULLNULLNULLNULLnull device           1 
            ]]></system-out>
            <system-err><![CDATA[
            
            ]]></system-err>
        
    </testcase>
    
    <testcase classname="raceid_inspecttrajectory (Test #5)" name="4" time="53.03866934776306">
        
            
            <system-out><![CDATA[
            NULLNULLNULLNULLNULLNULLNULLNULLNULLNULLNULLNULL[1] 1NULL[1] 1NULL[1] 1NULL[1] 1NULLNULLNULLNULLnull device           1 
            ]]></system-out>
            <system-err><![CDATA[
            
            ]]></system-err>
        
    </testcase>
    
    <testcase classname="sailfish (Test #1)" name="0" time="46.15652537345886">
        
            
                <error type="error" message="Tool exit code: None"><![CDATA[
                    { "inputs": {  "biasCorrect": false,  "refTranscriptSource|TranscriptSource": "history",  "refTranscriptSource|ownFile": {   "id": "7ee2333357a925b0",   "src": "hda"  },  "single_or_paired|input_mate1": {   "id": "4d2ae3c13b3cc0cf",   "src": "hda"  },  "single_or_paired|input_mate2": {   "id": "99812b725f028205",   "src": "hda"  },  "single_or_paired|single_or_paired_opts": "paired" }, "job": {  "command_line": "sailfish index --transcripts /galaxy/server/database/objects/9/3/4/dataset_9340c0e8-3f83-4ca6-8d7c-d2d4c804d2b3.dat --kmerSize 21 --out ./index_dir --threads \"${GALAXY_SLOTS:-4}\" \u0026\u0026 ln -s /galaxy/server/database/objects/7/5/6/dataset_756510c8-f937-4c16-bf0e-53b93974e7d6.dat ./mate1.fastq \u0026\u0026 ln -s /galaxy/server/database/objects/b/3/2/dataset_b3227344-6df9-4999-a630-73a545b74fcc.dat ./mate2.fastq \u0026\u0026 sailfish quant --index ./index_dir --mates1 ./mate1.fastq --mates2 ./mate2.fastq --libType \"IU\" --output ./results   --threads \"${GALAXY_SLOTS:-4}\"  --gcSizeSamp 1 --gcSpeedSamp 1 --fldMean 200 --fldSD 80 --maxReadOcc 200      --maxFragLen 1000 --txpAggregationKey \u0027gene_id\u0027    --numBiasSamples 1000000 --numFragSamples 10000 --numGibbsSamples 0 --numBootstraps 0",  "command_version": null,  "copied_from_job_id": null,  "create_time": "2024-09-05T18:47:13.595842",  "dependencies": [],  "exit_code": null,  "external_id": "gxy-99mrk",  "galaxy_version": "24.1",  "handler": null,  "history_id": "223f9cda4025d0b5",  "id": "0a3d7c1cfc390d0c",  "inputs": {   "refTranscriptSource|ownFile": {    "id": "7ee2333357a925b0",    "src": "hda",    "uuid": "9340c0e8-3f83-4ca6-8d7c-d2d4c804d2b3"   },   "single_or_paired|input_mate1": {    "id": "4d2ae3c13b3cc0cf",    "src": "hda",    "uuid": "756510c8-f937-4c16-bf0e-53b93974e7d6"   },   "single_or_paired|input_mate2": {    "id": "99812b725f028205",    "src": "hda",    "uuid": "b3227344-6df9-4999-a630-73a545b74fcc"   }  },  "job_messages": null,  "job_metrics": [],  "job_runner_name": null,  "job_stderr": null,  "job_stdout": null,  "model_class": "Job",  "output_collections": {},  "outputs": {   "output_quant": {    "id": "cada1303e9501420",    "src": "hda",    "uuid": "8f127d47-84a2-43c5-9c16-37329bf001e2"   }  },  "params": {   "__input_ext": "\"fasta\"",   "allowDovetail": "false",   "biasCorrect": "false",   "chromInfo": "\"/cvmfs/data.galaxyproject.org/managed/len/ucsc/?.len\"",   "dbkey": "\"?\"",   "discardOrphans": "false",   "dumpEq": "false",   "enforceLibCompat": "false",   "fldMean": "\"200\"",   "fldSD": "\"80\"",   "gcBiasCorrect": "false",   "gcSizeSamp": "\"1\"",   "gcSpeedSamp": "\"1\"",   "geneMap": null,   "ignoreLibCompat": "false",   "maxFragLen": "\"1000\"",   "maxReadOcc": "\"200\"",   "noEffectiveLengthCorrection": "false",   "numBiasSamples": "\"1000000\"",   "numBootstraps": "\"0\"",   "numFragSamples": "\"10000\"",   "numGibbsSamples": "\"0\"",   "refTranscriptSource": "{\"TranscriptSource\": \"history\", \"__current_case__\": 1, \"kmerSize\": \"21\", \"ownFile\": {\"values\": [{\"id\": 72, \"src\": \"hda\"}]}}",   "single_or_paired": "{\"__current_case__\": 1, \"input_mate1\": {\"values\": [{\"id\": 73, \"src\": \"hda\"}]}, \"input_mate2\": {\"values\": [{\"id\": 74, \"src\": \"hda\"}]}, \"orientation\": \"I\", \"single_or_paired_opts\": \"paired\", \"strandedness\": \"U\"}",   "strictIntersect": "false",   "txpAggregationKey": "\"gene_id\"",   "unsmoothedFLD": "false",   "useVBOpt": "false"  },  "state": "error",  "stderr": "Version Info: This is the most recent version of Sailfish\nwriting log to ./index_dir/logs/sailfish_index.log\nRapMap Indexer\n\n[Step 1 of 4] : counting k-mers\nElapsed time: 0.00108113s\n\nReplaced 0 non-ATCG nucleotides\nClipped poly-A tails from 0 transcripts\nBuilding rank-select dictionary and saving to disk done\nElapsed time: 4.0882e-05s\nWriting sequence data to file . . . done\nElapsed time: 7.8268e-05s\n[info] Building 32-bit suffix array (length of generalized text is 28577)\nBuilding suffix array . . . success\nsaving to disk . . . done\nElapsed time: 0.000110377s\ndone\nElapsed time: 0.00321708s\n\r\rprocessed 0 positions\nkhash had 18955 keys\nsaving hash to disk . . . done\nElapsed time: 0.00147222s\nVersion Info: This is the most recent version of Sailfish\n# sailfish (quasi-mapping-based) v0.9.2\n# [ program ] =\u003e sailfish \n# [ command ] =\u003e quant \n# [ index ] =\u003e { ./index_dir }\n# [ mates1 ] =\u003e { ./mate1.fastq }\n# [ mates2 ] =\u003e { ./mate2.fastq }\n# [ libType ] =\u003e { IU }\n# [ output ] =\u003e { ./results }\n# [ threads ] =\u003e { 6 }\n# [ gcSizeSamp ] =\u003e { 1 }\n# [ gcSpeedSamp ] =\u003e { 1 }\n# [ fldMean ] =\u003e { 200 }\n# [ fldSD ] =\u003e { 80 }\n# [ maxReadOcc ] =\u003e { 200 }\n# [ maxFragLen ] =\u003e { 1000 }\n# [ txpAggregationKey ] =\u003e { gene_id }\n# [ numBiasSamples ] =\u003e { 1000000 }\n# [ numFragSamples ] =\u003e { 10000 }\n# [ numGibbsSamples ] =\u003e { 0 }\n# [ numBootstraps ] =\u003e { 0 }\nLogs will be written to ./results/logs\n[2024-09-05 18:47:25.286] [jointLog] [info] parsing read library format\nthere is 1 lib\nLoading 32-bit quasi indexIndex contained 15 targets\nLoaded targets\n\n\n[2024-09-05 18:47:25.376] [jointLog] [info] Loading Quasi index\n[2024-09-05 18:47:25.379] [jointLog] [info] done\n\n[2024-09-05 18:47:25.402] [jointLog] [info] Gathered fragment lengths from all threads\n[2024-09-05 18:47:25.402] [jointLog] [warning] Sailfish saw fewer then 10000 uniquely mapped reads so 200 will be used as the mean fragment length and 80 as the standard deviation for effective length correction\n[2024-09-05 18:47:25.403] [jointLog] [info] Estimating effective lengths\n[2024-09-05 18:47:25.377] [stderrLog] [info] Loading Suffix Array \n[2024-09-05 18:47:25.377] [stderrLog] [info] Loading Position Hash\n[2024-09-05 18:47:25.378] [stderrLog] [info] Loading Transcript Info \n[2024-09-05 18:47:25.379] [stderrLog] [info] Loading Rank-Select Bit Array\n[2024-09-05 18:47:25.379] [stderrLog] [info] There were 15 set bits in the bit array\n[2024-09-05 18:47:25.379] [stderrLog] [info] Computing transcript lengths\n[2024-09-05 18:47:25.379] [stderrLog] [info] Waiting to finish loading hash\n[2024-09-05 18:47:25.379] [stderrLog] [info] Done loading index\nDone Quasi-Mapping \n\n[2024-09-05 18:47:25.413] [jointLog] [info] Computed 21 rich equivalence classes for further processing\n[2024-09-05 18:47:25.413] [jointLog] [info] Counted 10000 total reads in the equivalence classes \n[2024-09-05 18:47:25.413] [jointLog] [info] Starting optimizer:\n\n[2024-09-05 18:47:25.414] [jointLog] [info] Optimizing over 21 equivalence classes\n[2024-09-05 18:47:25.414] [jointLog] [info] iteration = 0 | max rel diff. = 14.873\n[2024-09-05 18:47:25.414] [jointLog] [info] iteration = 64 | max rel diff. = 0.00117687\n[2024-09-05 18:47:25.414] [jointLog] [info] Finished optimizer\n[2024-09-05 18:47:25.414] [jointLog] [info] writing output \n\n",  "stdout": "",  "tool_id": "toolshed.g2.bx.psu.edu/repos/bgruening/sailfish/sailfish/0.10.1.1",  "tool_stderr": "Version Info: This is the most recent version of Sailfish\nwriting log to ./index_dir/logs/sailfish_index.log\nRapMap Indexer\n\n[Step 1 of 4] : counting k-mers\nElapsed time: 0.00108113s\n\nReplaced 0 non-ATCG nucleotides\nClipped poly-A tails from 0 transcripts\nBuilding rank-select dictionary and saving to disk done\nElapsed time: 4.0882e-05s\nWriting sequence data to file . . . done\nElapsed time: 7.8268e-05s\n[info] Building 32-bit suffix array (length of generalized text is 28577)\nBuilding suffix array . . . success\nsaving to disk . . . done\nElapsed time: 0.000110377s\ndone\nElapsed time: 0.00321708s\n\r\rprocessed 0 positions\nkhash had 18955 keys\nsaving hash to disk . . . done\nElapsed time: 0.00147222s\nVersion Info: This is the most recent version of Sailfish\n# sailfish (quasi-mapping-based) v0.9.2\n# [ program ] =\u003e sailfish \n# [ command ] =\u003e quant \n# [ index ] =\u003e { ./index_dir }\n# [ mates1 ] =\u003e { ./mate1.fastq }\n# [ mates2 ] =\u003e { ./mate2.fastq }\n# [ libType ] =\u003e { IU }\n# [ output ] =\u003e { ./results }\n# [ threads ] =\u003e { 6 }\n# [ gcSizeSamp ] =\u003e { 1 }\n# [ gcSpeedSamp ] =\u003e { 1 }\n# [ fldMean ] =\u003e { 200 }\n# [ fldSD ] =\u003e { 80 }\n# [ maxReadOcc ] =\u003e { 200 }\n# [ maxFragLen ] =\u003e { 1000 }\n# [ txpAggregationKey ] =\u003e { gene_id }\n# [ numBiasSamples ] =\u003e { 1000000 }\n# [ numFragSamples ] =\u003e { 10000 }\n# [ numGibbsSamples ] =\u003e { 0 }\n# [ numBootstraps ] =\u003e { 0 }\nLogs will be written to ./results/logs\n[2024-09-05 18:47:25.286] [jointLog] [info] parsing read library format\nthere is 1 lib\nLoading 32-bit quasi indexIndex contained 15 targets\nLoaded targets\n\n\n[2024-09-05 18:47:25.376] [jointLog] [info] Loading Quasi index\n[2024-09-05 18:47:25.379] [jointLog] [info] done\n\n[2024-09-05 18:47:25.402] [jointLog] [info] Gathered fragment lengths from all threads\n[2024-09-05 18:47:25.402] [jointLog] [warning] Sailfish saw fewer then 10000 uniquely mapped reads so 200 will be used as the mean fragment length and 80 as the standard deviation for effective length correction\n[2024-09-05 18:47:25.403] [jointLog] [info] Estimating effective lengths\n[2024-09-05 18:47:25.377] [stderrLog] [info] Loading Suffix Array \n[2024-09-05 18:47:25.377] [stderrLog] [info] Loading Position Hash\n[2024-09-05 18:47:25.378] [stderrLog] [info] Loading Transcript Info \n[2024-09-05 18:47:25.379] [stderrLog] [info] Loading Rank-Select Bit Array\n[2024-09-05 18:47:25.379] [stderrLog] [info] There were 15 set bits in the bit array\n[2024-09-05 18:47:25.379] [stderrLog] [info] Computing transcript lengths\n[2024-09-05 18:47:25.379] [stderrLog] [info] Waiting to finish loading hash\n[2024-09-05 18:47:25.379] [stderrLog] [info] Done loading index\nDone Quasi-Mapping \n\n[2024-09-05 18:47:25.413] [jointLog] [info] Computed 21 rich equivalence classes for further processing\n[2024-09-05 18:47:25.413] [jointLog] [info] Counted 10000 total reads in the equivalence classes \n[2024-09-05 18:47:25.413] [jointLog] [info] Starting optimizer:\n\n[2024-09-05 18:47:25.414] [jointLog] [info] Optimizing over 21 equivalence classes\n[2024-09-05 18:47:25.414] [jointLog] [info] iteration = 0 | max rel diff. = 14.873\n[2024-09-05 18:47:25.414] [jointLog] [info] iteration = 64 | max rel diff. = 0.00117687\n[2024-09-05 18:47:25.414] [jointLog] [info] Finished optimizer\n[2024-09-05 18:47:25.414] [jointLog] [info] writing output \n\n",  "tool_stdout": "",  "update_time": "2024-09-05T18:47:31.591910",  "user_email": "tests@fake.org" }, "output_problems": [  "Job in error state.. tool_id: toolshed.g2.bx.psu.edu/repos/bgruening/sailfish/sailfish/0.10.1.1, exit_code: None, stderr: Version Info: This is the most recent version of Sailfish\nwriting log to ./index_dir/logs/sailfish_index.log\nRapMap Indexer\n\n[Step 1 of 4] : counting k-mers\nElapsed time: 0.00108113s\n\nReplaced 0 non-ATCG nucleotides\nClipped poly-A tails from 0 transcripts\nBuilding rank-select dictionary and saving to disk done\nElapsed time: 4.0882e-05s\nWriting sequence data to file . . . done\nElapsed time: 7.8268e-05s\n[info] Building 32-bit suffix array (length of generalized text is 28577)\nBuilding suffix array . . . success\nsaving to disk . . . done\nElapsed time: 0.000110377s\ndone\nElapsed time: 0.00321708s\n\r\rprocessed 0 positions\nkhash had 18955 keys\nsaving hash to disk . . . done\nElapsed time: 0.00147222s\nVersion Info: This is the most recent version of Sailfish\n# sailfish (quasi-mapping-based) v0.9.2\n# [ program ] =\u003e sailfish \n# [ command ] =\u003e quant \n# [ index ] =\u003e { ./index_dir }\n# [ mates1 ] =\u003e { ./mate1.fastq }\n# [ mates2 ] =\u003e { ./mate2.fastq }\n# [ libType ] =\u003e { IU }\n# [ output ] =\u003e { ./results }\n# [ threads ] =\u003e { 6 }\n# [ gcSizeSamp ] =\u003e { 1 }\n# [ gcSpeedSamp ] =\u003e { 1 }\n# [ fldMean ] =\u003e { 200 }\n# [ fldSD ] =\u003e { 80 }\n# [ maxReadOcc ] =\u003e { 200 }\n# [ maxFragLen ] =\u003e { 1000 }\n# [ txpAggregationKey ] =\u003e { gene_id }\n# [ numBiasSamples ] =\u003e { 1000000 }\n# [ numFragSamples ] =\u003e { 10000 }\n# [ numGibbsSamples ] =\u003e { 0 }\n# [ numBootstraps ] =\u003e { 0 }\nLogs will be written to ./results/logs\n[2024-09-05 18:47:25.286] [jointLog] [info] parsing read library format\nthere is 1 lib\nLoading 32-bit quasi indexIndex contained 15 targets\nLoaded targets\n\n\n[2024-09-05 18:47:25.376] [jointLog] [info] Loading Quasi index\n[2024-09-05 18:47:25.379] [jointLog] [info] done\n\n[2024-09-05 18:47:25.402] [jointLog] [info] Gathered fragment lengths from all threads\n[2024-09-05 18:47:25.402] [jointLog] [warning] Sailfish saw fewer then 10000 uniquely mapped reads so 200 will be used as the mean fragment length and 80 as the standard deviation for effective length correction\n[2024-09-05 18:47:25.403] [jointLog] [info] Estimating effective lengths\n[2024-09-05 18:47:25.377] [stderrLog] [info] Loading Suffix Array \n[2024-09-05 18:47:25.377] [stderrLog] [info] Loading Position Hash\n[2024-09-05 18:47:25.378] [stderrLog] [info] Loading Transcript Info \n[2024-09-05 18:47:25.379] [stderrLog] [info] Loading Rank-Select Bit Array\n[2024-09-05 18:47:25.379] [stderrLog] [info] There were 15 set bits in the bit array\n[2024-09-05 18:47:25.379] [stderrLog] [info] Computing transcript lengths\n[2024-09-05 18:47:25.379] [stderrLog] [info] Waiting to finish loading hash\n[2024-09-05 18:47:25.379] [stderrLog] [info] Done loading index\nDone Quasi-Mapping \n\n[2024-09-05 18:47:25.413] [jointLog] [info] Computed 21 rich equivalence classes for further processing\n[2024-09-05 18:47:25.413] [jointLog] [info] Counted 10000 total reads in the equivalence classes \n[2024-09-05 18:47:25.413] [jointLog] [info] Starting optimizer:\n\n[2024-09-05 18:47:25.414] [jointLog] [info] Optimizing over 21 equivalence classes\n[2024-09-05 18:47:25.414] [jointLog] [info] iteration = 0 | max rel diff. = 14.873\n[2024-09-05 18:47:25.414] [jointLog] [info] iteration = 64 | max rel diff. = 0.00117687\n[2024-09-05 18:47:25.414] [jointLog] [info] Finished optimizer\n[2024-09-05 18:47:25.414] [jointLog] [info] writing output \n\n.",  "Job in error state.. tool_id: toolshed.g2.bx.psu.edu/repos/bgruening/sailfish/sailfish/0.10.1.1, exit_code: None, stderr: Version Info: This is the most recent version of Sailfish\nwriting log to ./index_dir/logs/sailfish_index.log\nRapMap Indexer\n\n[Step 1 of 4] : counting k-mers\nElapsed time: 0.00108113s\n\nReplaced 0 non-ATCG nucleotides\nClipped poly-A tails from 0 transcripts\nBuilding rank-select dictionary and saving to disk done\nElapsed time: 4.0882e-05s\nWriting sequence data to file . . . done\nElapsed time: 7.8268e-05s\n[info] Building 32-bit suffix array (length of generalized text is 28577)\nBuilding suffix array . . . success\nsaving to disk . . . done\nElapsed time: 0.000110377s\ndone\nElapsed time: 0.00321708s\n\r\rprocessed 0 positions\nkhash had 18955 keys\nsaving hash to disk . . . done\nElapsed time: 0.00147222s\nVersion Info: This is the most recent version of Sailfish\n# sailfish (quasi-mapping-based) v0.9.2\n# [ program ] =\u003e sailfish \n# [ command ] =\u003e quant \n# [ index ] =\u003e { ./index_dir }\n# [ mates1 ] =\u003e { ./mate1.fastq }\n# [ mates2 ] =\u003e { ./mate2.fastq }\n# [ libType ] =\u003e { IU }\n# [ output ] =\u003e { ./results }\n# [ threads ] =\u003e { 6 }\n# [ gcSizeSamp ] =\u003e { 1 }\n# [ gcSpeedSamp ] =\u003e { 1 }\n# [ fldMean ] =\u003e { 200 }\n# [ fldSD ] =\u003e { 80 }\n# [ maxReadOcc ] =\u003e { 200 }\n# [ maxFragLen ] =\u003e { 1000 }\n# [ txpAggregationKey ] =\u003e { gene_id }\n# [ numBiasSamples ] =\u003e { 1000000 }\n# [ numFragSamples ] =\u003e { 10000 }\n# [ numGibbsSamples ] =\u003e { 0 }\n# [ numBootstraps ] =\u003e { 0 }\nLogs will be written to ./results/logs\n[2024-09-05 18:47:25.286] [jointLog] [info] parsing read library format\nthere is 1 lib\nLoading 32-bit quasi indexIndex contained 15 targets\nLoaded targets\n\n\n[2024-09-05 18:47:25.376] [jointLog] [info] Loading Quasi index\n[2024-09-05 18:47:25.379] [jointLog] [info] done\n\n[2024-09-05 18:47:25.402] [jointLog] [info] Gathered fragment lengths from all threads\n[2024-09-05 18:47:25.402] [jointLog] [warning] Sailfish saw fewer then 10000 uniquely mapped reads so 200 will be used as the mean fragment length and 80 as the standard deviation for effective length correction\n[2024-09-05 18:47:25.403] [jointLog] [info] Estimating effective lengths\n[2024-09-05 18:47:25.377] [stderrLog] [info] Loading Suffix Array \n[2024-09-05 18:47:25.377] [stderrLog] [info] Loading Position Hash\n[2024-09-05 18:47:25.378] [stderrLog] [info] Loading Transcript Info \n[2024-09-05 18:47:25.379] [stderrLog] [info] Loading Rank-Select Bit Array\n[2024-09-05 18:47:25.379] [stderrLog] [info] There were 15 set bits in the bit array\n[2024-09-05 18:47:25.379] [stderrLog] [info] Computing transcript lengths\n[2024-09-05 18:47:25.379] [stderrLog] [info] Waiting to finish loading hash\n[2024-09-05 18:47:25.379] [stderrLog] [info] Done loading index\nDone Quasi-Mapping \n\n[2024-09-05 18:47:25.413] [jointLog] [info] Computed 21 rich equivalence classes for further processing\n[2024-09-05 18:47:25.413] [jointLog] [info] Counted 10000 total reads in the equivalence classes \n[2024-09-05 18:47:25.413] [jointLog] [info] Starting optimizer:\n\n[2024-09-05 18:47:25.414] [jointLog] [info] Optimizing over 21 equivalence classes\n[2024-09-05 18:47:25.414] [jointLog] [info] iteration = 0 | max rel diff. = 14.873\n[2024-09-05 18:47:25.414] [jointLog] [info] iteration = 64 | max rel diff. = 0.00117687\n[2024-09-05 18:47:25.414] [jointLog] [info] Finished optimizer\n[2024-09-05 18:47:25.414] [jointLog] [info] writing output \n\n." ], "status": "failure", "test_index": 0, "time_seconds": 46.15652537345886, "tool_id": "sailfish", "tool_version": "0.10.1.1"}
                ]]></error>
            
            <system-out><![CDATA[
            
            ]]></system-out>
            <system-err><![CDATA[
            Version Info: This is the most recent version of Sailfishwriting log to ./index_dir/logs/sailfish_index.logRapMap Indexer[Step 1 of 4] : counting k-mersElapsed time: 0.00108113sReplaced 0 non-ATCG nucleotidesClipped poly-A tails from 0 transcriptsBuilding rank-select dictionary and saving to disk doneElapsed time: 4.0882e-05sWriting sequence data to file . . . doneElapsed time: 7.8268e-05s[info] Building 32-bit suffix array (length of generalized text is 28577)Building suffix array . . . successsaving to disk . . . doneElapsed time: 0.000110377sdoneElapsed time: 0.00321708sprocessed 0 positionskhash had 18955 keyssaving hash to disk . . . doneElapsed time: 0.00147222sVersion Info: This is the most recent version of Sailfish# sailfish (quasi-mapping-based) v0.9.2# [ program ] => sailfish # [ command ] => quant # [ index ] => { ./index_dir }# [ mates1 ] => { ./mate1.fastq }# [ mates2 ] => { ./mate2.fastq }# [ libType ] => { IU }# [ output ] => { ./results }# [ threads ] => { 6 }# [ gcSizeSamp ] => { 1 }# [ gcSpeedSamp ] => { 1 }# [ fldMean ] => { 200 }# [ fldSD ] => { 80 }# [ maxReadOcc ] => { 200 }# [ maxFragLen ] => { 1000 }# [ txpAggregationKey ] => { gene_id }# [ numBiasSamples ] => { 1000000 }# [ numFragSamples ] => { 10000 }# [ numGibbsSamples ] => { 0 }# [ numBootstraps ] => { 0 }Logs will be written to ./results/logs[2024-09-05 18:47:25.286] [jointLog] [info] parsing read library formatthere is 1 libLoading 32-bit quasi indexIndex contained 15 targetsLoaded targets[2024-09-05 18:47:25.376] [jointLog] [info] Loading Quasi index[2024-09-05 18:47:25.379] [jointLog] [info] done[2024-09-05 18:47:25.402] [jointLog] [info] Gathered fragment lengths from all threads[2024-09-05 18:47:25.402] [jointLog] [warning] Sailfish saw fewer then 10000 uniquely mapped reads so 200 will be used as the mean fragment length and 80 as the standard deviation for effective length correction[2024-09-05 18:47:25.403] [jointLog] [info] Estimating effective lengths[2024-09-05 18:47:25.377] [stderrLog] [info] Loading Suffix Array [2024-09-05 18:47:25.377] [stderrLog] [info] Loading Position Hash[2024-09-05 18:47:25.378] [stderrLog] [info] Loading Transcript Info [2024-09-05 18:47:25.379] [stderrLog] [info] Loading Rank-Select Bit Array[2024-09-05 18:47:25.379] [stderrLog] [info] There were 15 set bits in the bit array[2024-09-05 18:47:25.379] [stderrLog] [info] Computing transcript lengths[2024-09-05 18:47:25.379] [stderrLog] [info] Waiting to finish loading hash[2024-09-05 18:47:25.379] [stderrLog] [info] Done loading indexDone Quasi-Mapping [2024-09-05 18:47:25.413] [jointLog] [info] Computed 21 rich equivalence classes for further processing[2024-09-05 18:47:25.413] [jointLog] [info] Counted 10000 total reads in the equivalence classes [2024-09-05 18:47:25.413] [jointLog] [info] Starting optimizer:[2024-09-05 18:47:25.414] [jointLog] [info] Optimizing over 21 equivalence classes[2024-09-05 18:47:25.414] [jointLog] [info] iteration = 0 | max rel diff. = 14.873[2024-09-05 18:47:25.414] [jointLog] [info] iteration = 64 | max rel diff. = 0.00117687[2024-09-05 18:47:25.414] [jointLog] [info] Finished optimizer[2024-09-05 18:47:25.414] [jointLog] [info] writing output 
            ]]></system-err>
        
    </testcase>
    
    <testcase classname="sailfish (Test #2)" name="1" time="45.01902365684509">
        
            
            <system-out><![CDATA[
            
            ]]></system-out>
            <system-err><![CDATA[
            Version Info: This is the most recent version of Sailfishwriting log to ./index_dir/logs/sailfish_index.logRapMap Indexer[Step 1 of 4] : counting k-mersElapsed time: 0.0012084sReplaced 0 non-ATCG nucleotidesClipped poly-A tails from 0 transcriptsBuilding rank-select dictionary and saving to disk doneElapsed time: 4.7267e-05sWriting sequence data to file . . . doneElapsed time: 7.1848e-05s[info] Building 32-bit suffix array (length of generalized text is 28577)Building suffix array . . . successsaving to disk . . . doneElapsed time: 0.000110243sdoneElapsed time: 0.00327215sprocessed 0 positionskhash had 18955 keyssaving hash to disk . . . doneElapsed time: 0.00148815sVersion Info: This is the most recent version of Sailfish# sailfish (quasi-mapping-based) v0.9.2# [ program ] => sailfish # [ command ] => quant # [ index ] => { ./index_dir }# [ mates1 ] => { /dev/fd/63 }# [ mates2 ] => { /dev/fd/62 }# [ libType ] => { IU }# [ output ] => { ./results }# [ threads ] => { 6 }# [ gcSizeSamp ] => { 1 }# [ gcSpeedSamp ] => { 1 }# [ fldMean ] => { 200 }# [ fldSD ] => { 80 }# [ maxReadOcc ] => { 200 }# [ maxFragLen ] => { 1000 }# [ txpAggregationKey ] => { gene_id }# [ numBiasSamples ] => { 1000000 }# [ numFragSamples ] => { 10000 }# [ numGibbsSamples ] => { 0 }# [ numBootstraps ] => { 0 }Logs will be written to ./results/logs[2024-09-05 18:48:03.624] [jointLog] [info] parsing read library formatthere is 1 libLoading 32-bit quasi indexIndex contained 15 targetsLoaded targets[2024-09-05 18:48:03.714] [jointLog] [info] Loading Quasi index[2024-09-05 18:48:03.717] [jointLog] [info] done[2024-09-05 18:48:03.738] [jointLog] [info] Gathered fragment lengths from all threads[2024-09-05 18:48:03.738] [jointLog] [warning] Sailfish saw fewer then 10000 uniquely mapped reads so 200 will be used as the mean fragment length and 80 as the standard deviation for effective length correction[2024-09-05 18:48:03.739] [jointLog] [info] Estimating effective lengths[2024-09-05 18:48:03.715] [stderrLog] [info] Loading Suffix Array [2024-09-05 18:48:03.715] [stderrLog] [info] Loading Position Hash[2024-09-05 18:48:03.715] [stderrLog] [info] Loading Transcript Info [2024-09-05 18:48:03.716] [stderrLog] [info] Loading Rank-Select Bit Array[2024-09-05 18:48:03.716] [stderrLog] [info] There were 15 set bits in the bit array[2024-09-05 18:48:03.716] [stderrLog] [info] Computing transcript lengths[2024-09-05 18:48:03.716] [stderrLog] [info] Waiting to finish loading hash[2024-09-05 18:48:03.717] [stderrLog] [info] Done loading indexDone Quasi-Mapping [2024-09-05 18:48:03.753] [jointLog] [info] Computed 21 rich equivalence classes for further processing[2024-09-05 18:48:03.753] [jointLog] [info] Counted 10000 total reads in the equivalence classes [2024-09-05 18:48:03.754] [jointLog] [info] Starting optimizer:[2024-09-05 18:48:03.754] [jointLog] [info] Optimizing over 21 equivalence classes[2024-09-05 18:48:03.754] [jointLog] [info] iteration = 0 | max rel diff. = 14.873[2024-09-05 18:48:03.754] [jointLog] [info] iteration = 64 | max rel diff. = 0.00117687[2024-09-05 18:48:03.754] [jointLog] [info] Finished optimizer[2024-09-05 18:48:03.754] [jointLog] [info] writing output 
            ]]></system-err>
        
    </testcase>
    
    <testcase classname="sailfish (Test #3)" name="2" time="43.443981647491455">
        
            
            <system-out><![CDATA[
            
            ]]></system-out>
            <system-err><![CDATA[
            Version Info: This is the most recent version of Sailfishwriting log to ./index_dir/logs/sailfish_index.logRapMap Indexer[Step 1 of 4] : counting k-mersElapsed time: 0.00104974sReplaced 0 non-ATCG nucleotidesClipped poly-A tails from 0 transcriptsBuilding rank-select dictionary and saving to disk doneElapsed time: 4.3051e-05sWriting sequence data to file . . . doneElapsed time: 6.0948e-05s[info] Building 32-bit suffix array (length of generalized text is 28577)Building suffix array . . . successsaving to disk . . . doneElapsed time: 0.000111371sdoneElapsed time: 0.00317195sprocessed 0 positionskhash had 18955 keyssaving hash to disk . . . doneElapsed time: 0.00148199sVersion Info: This is the most recent version of Sailfish# sailfish (quasi-mapping-based) v0.9.2# [ program ] => sailfish # [ command ] => quant # [ index ] => { ./index_dir }# [ mates1 ] => { ./mate1.fastq }# [ mates2 ] => { ./mate2.fastq }# [ libType ] => { IU }# [ output ] => { ./results }# [ biasCorrect ] => { }# [ threads ] => { 6 }# [ gcSizeSamp ] => { 1 }# [ gcSpeedSamp ] => { 1 }# [ fldMean ] => { 200 }# [ fldSD ] => { 80 }# [ maxReadOcc ] => { 200 }# [ maxFragLen ] => { 1000 }# [ txpAggregationKey ] => { gene_id }# [ numBiasSamples ] => { 1000000 }# [ numFragSamples ] => { 10000 }# [ numGibbsSamples ] => { 0 }# [ numBootstraps ] => { 0 }Logs will be written to ./results/logs[2024-09-05 18:48:47.720] [jointLog] [info] parsing read library formatthere is 1 libLoading 32-bit quasi indexIndex contained 15 targetsLoaded targets[2024-09-05 18:48:47.814] [jointLog] [info] Loading Quasi index[2024-09-05 18:48:47.818] [jointLog] [info] done[2024-09-05 18:48:47.816] [stderrLog] [info] Loading Position Hash[2024-09-05 18:48:47.816] [stderrLog] [info] Loading Suffix Array [2024-09-05 18:48:47.817] [stderrLog] [info] Loading Transcript Info [2024-09-05 18:48:47.818] [stderrLog] [info] Loading Rank-Select Bit Array[2024-09-05 18:48:47.818] [stderrLog] [info] There were 15 set bits in the bit array[2024-09-05 18:48:47.818] [stderrLog] [info] Computing transcript lengths[2024-09-05 18:48:47.818] [stderrLog] [info] Waiting to finish loading hash[2024-09-05 18:48:47.818] [stderrLog] [info] Done loading index[2024-09-05 18:48:47.841] [jointLog] [info] Gathered fragment lengths from all threads[2024-09-05 18:48:47.841] [jointLog] [warning] Sailfish saw fewer then 10000 uniquely mapped reads so 200 will be used as the mean fragment length and 80 as the standard deviation for effective length correction[2024-09-05 18:48:47.842] [jointLog] [info] Estimating effective lengthsDone Quasi-Mapping [2024-09-05 18:48:47.852] [jointLog] [info] Computed 21 rich equivalence classes for further processing[2024-09-05 18:48:47.852] [jointLog] [info] Counted 10000 total reads in the equivalence classes [2024-09-05 18:48:47.853] [jointLog] [info] Starting optimizer:[2024-09-05 18:48:47.853] [jointLog] [info] Optimizing over 21 equivalence classes[2024-09-05 18:48:47.853] [jointLog] [info] iteration = 0 | max rel diff. = 14.873[2024-09-05 18:48:47.854] [jointLog] [info] iteration 50, recomputing effective lengths[2024-09-05 18:48:47.856] [jointLog] [info] iteration = 63 | max rel diff. = 0.00199953[2024-09-05 18:48:47.856] [jointLog] [info] Finished optimizer[2024-09-05 18:48:47.856] [jointLog] [info] writing output 
            ]]></system-err>
        
    </testcase>
    
    <testcase classname="sailfish (Test #4)" name="3" time="12.601189613342285">
        
            <error type="error" message="Input staging problem: Job in error state.. tool_id: upload1, exit_code: None, stderr: ."><![CDATA[
                { "execution_problem": "Input staging problem: Job in error state.. tool_id: upload1, exit_code: None, stderr: .", "status": "error", "test_index": 3, "time_seconds": 12.601189613342285, "tool_id": "sailfish", "tool_version": "0.10.1.1"}
            ]]></error>
        
    </testcase>
    
    <testcase classname="samtools_mpileup (Test #1)" name="0" time="50.851890563964844">
        
            
            <system-out><![CDATA[
            
            ]]></system-out>
            <system-err><![CDATA[
            [mpileup] 3 samples in 3 input files
            ]]></system-err>
        
    </testcase>
    
    <testcase classname="samtools_mpileup (Test #2)" name="1" time="37.500983476638794">
        
            
            <system-out><![CDATA[
            
            ]]></system-out>
            <system-err><![CDATA[
            [mpileup] 1 samples in 1 input files
            ]]></system-err>
        
    </testcase>
    
    <testcase classname="samtools_mpileup (Test #3)" name="2" time="38.33973717689514">
        
            
            <system-out><![CDATA[
            
            ]]></system-out>
            <system-err><![CDATA[
            [mpileup] 1 samples in 1 input files
            ]]></system-err>
        
    </testcase>
    
    <testcase classname="samtools_mpileup (Test #4)" name="3" time="38.96317172050476">
        
            
            <system-out><![CDATA[
            
            ]]></system-out>
            <system-err><![CDATA[
            [mpileup] 1 samples in 1 input files
            ]]></system-err>
        
    </testcase>
    
    <testcase classname="samtools_mpileup (Test #5)" name="4" time="37.4014356136322">
        
            
            <system-out><![CDATA[
            
            ]]></system-out>
            <system-err><![CDATA[
            [mpileup] 1 samples in 1 input files
            ]]></system-err>
        
    </testcase>
    
    <testcase classname="samtools_phase (Test #1)" name="0" time="43.41720414161682">
        
            
            <system-out><![CDATA[
            
            ]]></system-out>
            <system-err><![CDATA[
            
            ]]></system-err>
        
    </testcase>
    
    <testcase classname="samtools_phase (Test #1)" name="0" time="39.44249677658081">
        
            
            <system-out><![CDATA[
            
            ]]></system-out>
            <system-err><![CDATA[
            
            ]]></system-err>
        
    </testcase>
    
    <testcase classname="samtools_phase (Test #2)" name="1" time="12.426985263824463">
        
            <error type="error" message="Input staging problem: Job in error state.. tool_id: upload1, exit_code: None, stderr: ."><![CDATA[
                { "execution_problem": "Input staging problem: Job in error state.. tool_id: upload1, exit_code: None, stderr: .", "status": "error", "test_index": 1, "time_seconds": 12.426985263824463, "tool_id": "samtools_phase", "tool_version": "2.0.2"}
            ]]></error>
        
    </testcase>
    
    <testcase classname="samtools_phase (Test #2)" name="1" time="39.399473667144775">
        
            
            <system-out><![CDATA[
            
            ]]></system-out>
            <system-err><![CDATA[
            
            ]]></system-err>
        
    </testcase>
    
    <testcase classname="samtools_phase (Test #3)" name="2" time="27.147128343582153">
        
            
                <error type="error" message="Tool exit code: None"><![CDATA[
                    { "inputs": {  "input_bam": {   "id": "0f03d531e687486f",   "src": "hda"  },  "option_set|block_length": "13",  "option_set|drop_ambiguous": false,  "option_set|ignore_chimeras": true,  "option_set|min_bq": "13",  "option_set|min_het": "37",  "option_set|option_sets": "advanced",  "option_set|read_depth": "256" }, "job": {  "command_line": "samtools phase -b phase_wrapper -F -k 13 -q 37 -Q 13 -D 256  \u0027/galaxy/server/database/objects/0/a/c/dataset_0ac138d0-f640-4215-8351-6a1affbf6a88.dat\u0027 \u003e \u0027/galaxy/server/database/objects/e/9/f/dataset_e9f09927-5620-4d02-b113-a5bce4de23e5.dat\u0027",  "command_version": null,  "copied_from_job_id": null,  "create_time": "2024-09-05T18:50:31.447462",  "dependencies": [],  "exit_code": null,  "external_id": "gxy-n2lvd",  "galaxy_version": "24.1",  "handler": null,  "history_id": "223f9cda4025d0b5",  "id": "e4fa62ebf99968cb",  "inputs": {   "input_bam": {    "id": "0f03d531e687486f",    "src": "hda",    "uuid": "0ac138d0-f640-4215-8351-6a1affbf6a88"   }  },  "job_messages": null,  "job_metrics": [],  "job_runner_name": null,  "job_stderr": null,  "job_stdout": null,  "model_class": "Job",  "output_collections": {},  "outputs": {   "chimera": {    "id": "b3eb785c85f6a9f2",    "src": "hda",    "uuid": "35b71cba-130d-4adb-95e9-0fd7640dd535"   },   "phase0": {    "id": "207f3762365cefc1",    "src": "hda",    "uuid": "97b9ff76-4722-4504-abf1-d785d721527b"   },   "phase1": {    "id": "9d36ffc51ddb5abf",    "src": "hda",    "uuid": "3a778e08-fb4b-48db-a79a-b203fb163d69"   },   "phase_sets": {    "id": "c0b1f18c6f4789bf",    "src": "hda",    "uuid": "e9f09927-5620-4d02-b113-a5bce4de23e5"   }  },  "params": {   "__input_ext": "\"input\"",   "chromInfo": "\"/cvmfs/data.galaxyproject.org/managed/len/ucsc/?.len\"",   "dbkey": "\"?\"",   "option_set": "{\"__current_case__\": 1, \"block_length\": \"13\", \"drop_ambiguous\": false, \"ignore_chimeras\": true, \"min_bq\": \"13\", \"min_het\": \"37\", \"option_sets\": \"advanced\", \"read_depth\": \"256\"}"  },  "state": "error",  "stderr": "",  "stdout": "",  "tool_id": "toolshed.g2.bx.psu.edu/repos/devteam/samtools_phase/samtools_phase/2.0.2",  "tool_stderr": "",  "tool_stdout": "",  "update_time": "2024-09-05T18:50:36.329876",  "user_email": "tests@fake.org" }, "output_problems": [  "Job in error state.. tool_id: toolshed.g2.bx.psu.edu/repos/devteam/samtools_phase/samtools_phase/2.0.2, exit_code: None, stderr: .",  "Job in error state.. tool_id: toolshed.g2.bx.psu.edu/repos/devteam/samtools_phase/samtools_phase/2.0.2, exit_code: None, stderr: .",  "Job in error state.. tool_id: toolshed.g2.bx.psu.edu/repos/devteam/samtools_phase/samtools_phase/2.0.2, exit_code: None, stderr: .",  "Job in error state.. tool_id: toolshed.g2.bx.psu.edu/repos/devteam/samtools_phase/samtools_phase/2.0.2, exit_code: None, stderr: .",  "Job in error state.. tool_id: toolshed.g2.bx.psu.edu/repos/devteam/samtools_phase/samtools_phase/2.0.2, exit_code: None, stderr: ." ], "status": "failure", "test_index": 2, "time_seconds": 27.147128343582153, "tool_id": "samtools_phase", "tool_version": "2.0.2"}
                ]]></error>
            
            <system-out><![CDATA[
            
            ]]></system-out>
            <system-err><![CDATA[
            
            ]]></system-err>
        
    </testcase>
    
    <testcase classname="samtools_phase (Test #3)" name="2" time="39.09204697608948">
        
            
            <system-out><![CDATA[
            
            ]]></system-out>
            <system-err><![CDATA[
            
            ]]></system-err>
        
    </testcase>
    
    <testcase classname="scanpy_normalize (Test #1)" name="0" time="60.53028917312622">
        
            
            <system-out><![CDATA[
            [n_obs  n_vars]-    640  11[obs]-    cell_type-    n_counts[uns]-    cell_type_colors-    highlights-    iroot
            ]]></system-out>
            <system-err><![CDATA[
            Observation names are not unique. To make them unique, call `.obs_names_make_unique`.
            ]]></system-err>
        
    </testcase>
    
    <testcase classname="scanpy_normalize (Test #2)" name="1" time="41.9121413230896">
        
            
            <system-out><![CDATA[
            [n_obs  n_vars]-    1000  998[obs]-    n_counts_all[var]-    n_counts-    mean-    std[uns]-    log1p
            ]]></system-out>
            <system-err><![CDATA[
            
            ]]></system-err>
        
    </testcase>
    
    <testcase classname="scanpy_normalize (Test #3)" name="2" time="41.87747406959534">
        
            
            <system-out><![CDATA[
            [n_obs  n_vars]-    100  1592[obs]-    paul15_clusters[uns]-    iroot-    log1p[obsm]-    X_pca
            ]]></system-out>
            <system-err><![CDATA[
            ... storing 'paul15_clusters' as categorical
            ]]></system-err>
        
    </testcase>
    
    <testcase classname="scanpy_normalize (Test #4)" name="3" time="41.17180609703064">
        
            
            <system-out><![CDATA[
            [n_obs  n_vars]-    1000  1[obs]-    n_counts_all-    n_genes[var]-    n_counts-    mean-    std-    n_cells[uns]-    log1p
            ]]></system-out>
            <system-err><![CDATA[
            WARNING: Some cells have total count of genes equal to zero
            ]]></system-err>
        
    </testcase>
    
    <testcase classname="scanpy_scale_data (Test #1)" name="0" time="0.1505446434020996">
        
            <error type="error" message="Input staging problem: Test input file (find_variable_genes.h5) cannot be found."><![CDATA[
                { "execution_problem": "Input staging problem: Test input file (find_variable_genes.h5) cannot be found.", "status": "error", "test_index": 0, "time_seconds": 0.1505446434020996, "tool_id": "scanpy_scale_data", "tool_version": "1.8.1+3+galaxy0"}
            ]]></error>
        
    </testcase>
    
    <testcase classname="scanpy_scale_data (Test #1)" name="0" time="0.15146660804748535">
        
            <error type="error" message="Input staging problem: Test input file (find_variable_genes.h5) cannot be found."><![CDATA[
                { "execution_problem": "Input staging problem: Test input file (find_variable_genes.h5) cannot be found.", "status": "error", "test_index": 0, "time_seconds": 0.15146660804748535, "tool_id": "scanpy_scale_data", "tool_version": "1.8.1+3+galaxy0"}
            ]]></error>
        
    </testcase>
    
    <testcase classname="snpeff_sars_cov_2 (Test #1)" name="0" time="56.350595235824585">
        
            
            <system-out><![CDATA[
            
            ]]></system-out>
            <system-err><![CDATA[
            
            ]]></system-err>
        
    </testcase>
    
    <testcase classname="vcf2tsv (Test #1)" name="0" time="41.463770389556885">
        
            
            <system-out><![CDATA[
            
            ]]></system-out>
            <system-err><![CDATA[
            
            ]]></system-err>
        
    </testcase>
    
    <testcase classname="vcf2tsv (Test #2)" name="1" time="36.25703978538513">
        
            
            <system-out><![CDATA[
            
            ]]></system-out>
            <system-err><![CDATA[
            
            ]]></system-err>
        
    </testcase>
    
    <testcase classname="vcfhethom (Test #1)" name="0" time="37.5721492767334">
        
            
            <system-out><![CDATA[
            
            ]]></system-out>
            <system-err><![CDATA[
            
            ]]></system-err>
        
    </testcase>
    
    <testcase classname="vcfhethom (Test #2)" name="1" time="35.10823130607605">
        
            
            <system-out><![CDATA[
            
            ]]></system-out>
            <system-err><![CDATA[
            
            ]]></system-err>
        
    </testcase>
    
    <testcase classname="vcfhethom (Test #3)" name="2" time="37.49323296546936">
        
            
            <system-out><![CDATA[
            
            ]]></system-out>
            <system-err><![CDATA[
            
            ]]></system-err>
        
    </testcase>
    
    <testcase classname="volcanoplot (Test #1)" name="0" time="62.50328063964844">
        
            
            <system-out><![CDATA[
            [1] "Header row detected"null device           1 R version 4.0.5 (2021-03-31)Platform: x86_64-conda-linux-gnu (64-bit)Running under: Debian GNU/Linux 10 (buster)Matrix products: defaultBLAS/LAPACK: /usr/local/lib/libopenblasp-r0.3.15.solocale: [1] LC_CTYPE=C.UTF-8       LC_NUMERIC=C           LC_TIME=C.UTF-8        [4] LC_COLLATE=C.UTF-8     LC_MONETARY=C.UTF-8    LC_MESSAGES=C.UTF-8    [7] LC_PAPER=C.UTF-8       LC_NAME=C              LC_ADDRESS=C          [10] LC_TELEPHONE=C         LC_MEASUREMENT=C.UTF-8 LC_IDENTIFICATION=C   attached base packages:[1] stats     graphics  grDevices utils     datasets  methods   base     other attached packages:[1] ggrepel_0.9.1 ggplot2_3.3.3 dplyr_1.0.6  loaded via a namespace (and not attached): [1] Rcpp_1.0.6       magrittr_2.0.1   tidyselect_1.1.1 munsell_0.5.0    [5] colorspace_2.0-1 R6_2.5.0         rlang_0.4.11     fansi_0.5.0      [9] grid_4.0.5       gtable_0.3.0     utf8_1.2.1       withr_2.4.2     [13] ellipsis_0.3.2   digest_0.6.27    tibble_3.1.2     lifecycle_1.0.0 [17] crayon_1.4.1     purrr_0.3.4      farver_2.1.0     vctrs_0.3.8     [21] glue_1.4.2       labeling_0.4.2   compiler_4.0.5   pillar_1.6.1    [25] generics_0.1.0   scales_1.1.1     pkgconfig_2.0.3 
            ]]></system-out>
            <system-err><![CDATA[
            Warning message:In Sys.setlocale("LC_MESSAGES", "en_US.UTF-8") :  OS reports request to set locale to "en_US.UTF-8" cannot be honored
            ]]></system-err>
        
    </testcase>
    
    <testcase classname="volcanoplot (Test #2)" name="1" time="12.239272356033325">
        
            <error type="error" message="Input staging problem: Job in error state.. tool_id: upload1, exit_code: None, stderr: ."><![CDATA[
                { "execution_problem": "Input staging problem: Job in error state.. tool_id: upload1, exit_code: None, stderr: .", "status": "error", "test_index": 1, "time_seconds": 12.239272356033325, "tool_id": "volcanoplot", "tool_version": "0.0.5"}
            ]]></error>
        
    </testcase>
    
    <testcase classname="volcanoplot (Test #3)" name="2" time="43.2482123374939">
        
            
            <system-out><![CDATA[
            null device           1 R version 4.0.5 (2021-03-31)Platform: x86_64-conda-linux-gnu (64-bit)Running under: Debian GNU/Linux 10 (buster)Matrix products: defaultBLAS/LAPACK: /usr/local/lib/libopenblasp-r0.3.15.solocale: [1] LC_CTYPE=C.UTF-8       LC_NUMERIC=C           LC_TIME=C.UTF-8        [4] LC_COLLATE=C.UTF-8     LC_MONETARY=C.UTF-8    LC_MESSAGES=C.UTF-8    [7] LC_PAPER=C.UTF-8       LC_NAME=C              LC_ADDRESS=C          [10] LC_TELEPHONE=C         LC_MEASUREMENT=C.UTF-8 LC_IDENTIFICATION=C   attached base packages:[1] stats     graphics  grDevices utils     datasets  methods   base     other attached packages:[1] ggrepel_0.9.1 ggplot2_3.3.3 dplyr_1.0.6  loaded via a namespace (and not attached): [1] Rcpp_1.0.6       magrittr_2.0.1   tidyselect_1.1.1 munsell_0.5.0    [5] colorspace_2.0-1 R6_2.5.0         rlang_0.4.11     fansi_0.5.0      [9] grid_4.0.5       gtable_0.3.0     utf8_1.2.1       withr_2.4.2     [13] ellipsis_0.3.2   digest_0.6.27    tibble_3.1.2     lifecycle_1.0.0 [17] crayon_1.4.1     purrr_0.3.4      farver_2.1.0     vctrs_0.3.8     [21] glue_1.4.2       labeling_0.4.2   compiler_4.0.5   pillar_1.6.1    [25] generics_0.1.0   scales_1.1.1     pkgconfig_2.0.3 
            ]]></system-out>
            <system-err><![CDATA[
            Warning message:In Sys.setlocale("LC_MESSAGES", "en_US.UTF-8") :  OS reports request to set locale to "en_US.UTF-8" cannot be honored
            ]]></system-err>
        
    </testcase>
    
</testsuite>