<?xml version="1.0" encoding="UTF-8"?>
<testsuite name="Results (powered by Planemo)"
           tests="93"
           errors="17"
           failures="8"
           skip="0">
    
    <testcase classname="bcftools_call (Test #1)" name="0" time="34.03823399543762">
        
            
            <system-out><![CDATA[
            
            ]]></system-out>
            <system-err><![CDATA[
            Note: none of --samples-file, --ploidy or --ploidy-file given, assuming all sites are diploid
            ]]></system-err>
        
    </testcase>
    
    <testcase classname="bcftools_call (Test #2)" name="1" time="33.170692920684814">
        
            
            <system-out><![CDATA[
            
            ]]></system-out>
            <system-err><![CDATA[
            Note: none of --samples-file, --ploidy or --ploidy-file given, assuming all sites are diploid
            ]]></system-err>
        
    </testcase>
    
    <testcase classname="bcftools_call (Test #3)" name="2" time="39.87878465652466">
        
            
            <system-out><![CDATA[
            
            ]]></system-out>
            <system-err><![CDATA[
            
            ]]></system-err>
        
    </testcase>
    
    <testcase classname="bcftools_call (Test #4)" name="3" time="34.824766635894775">
        
            
            <system-out><![CDATA[
            
            ]]></system-out>
            <system-err><![CDATA[
            
            ]]></system-err>
        
    </testcase>
    
    <testcase classname="bcftools_call (Test #5)" name="4" time="11.47397494316101">
        
            <error type="error" message="Input staging problem: Job in error state.. tool_id: upload1, exit_code: None, stderr: ."><![CDATA[
                { "execution_problem": "Input staging problem: Job in error state.. tool_id: upload1, exit_code: None, stderr: .", "status": "error", "test_index": 4, "time_seconds": 11.47397494316101, "tool_id": "bcftools_call", "tool_version": "1.15.1+galaxy5"}
            ]]></error>
        
    </testcase>
    
    <testcase classname="bcftools_call (Test #6)" name="5" time="34.056336641311646">
        
            
            <system-out><![CDATA[
            
            ]]></system-out>
            <system-err><![CDATA[
            Note: none of --samples-file, --ploidy or --ploidy-file given, assuming all sites are diploid
            ]]></system-err>
        
    </testcase>
    
    <testcase classname="bcftools_call (Test #7)" name="6" time="32.519675493240356">
        
            
            <system-out><![CDATA[
            
            ]]></system-out>
            <system-err><![CDATA[
            Note: none of --samples-file, --ploidy or --ploidy-file given, assuming all sites are diploid
            ]]></system-err>
        
    </testcase>
    
    <testcase classname="bcftools_call (Test #8)" name="7" time="35.401915550231934">
        
            
            <system-out><![CDATA[
            
            ]]></system-out>
            <system-err><![CDATA[
            Note: none of --samples-file, --ploidy or --ploidy-file given, assuming all sites are diploid
            ]]></system-err>
        
    </testcase>
    
    <testcase classname="bcftools_plugin_setgt (Test #1)" name="0" time="40.06300234794617">
        
            
            <system-out><![CDATA[
            
            ]]></system-out>
            <system-err><![CDATA[
            Filled 44 alleles
            ]]></system-err>
        
    </testcase>
    
    <testcase classname="bcftools_plugin_setgt (Test #2)" name="1" time="31.525390625">
        
            
            <system-out><![CDATA[
            
            ]]></system-out>
            <system-err><![CDATA[
            Filled 0 alleles
            ]]></system-err>
        
    </testcase>
    
    <testcase classname="deeptools_plot_heatmap (Test #1)" name="0" time="83.12355041503906">
        
            
            <system-out><![CDATA[
            
            ]]></system-out>
            <system-err><![CDATA[
            
            ]]></system-err>
        
    </testcase>
    
    <testcase classname="deeptools_plot_heatmap (Test #2)" name="1" time="33.64507722854614">
        
            
            <system-out><![CDATA[
            
            ]]></system-out>
            <system-err><![CDATA[
            
            ]]></system-err>
        
    </testcase>
    
    <testcase classname="deeptools_plot_profile (Test #1)" name="0" time="35.07859396934509">
        
            
            <system-out><![CDATA[
            
            ]]></system-out>
            <system-err><![CDATA[
            
            ]]></system-err>
        
    </testcase>
    
    <testcase classname="deeptools_plot_profile (Test #2)" name="1" time="12.170469999313354">
        
            <error type="error" message="Input staging problem: Job in error state.. tool_id: upload1, exit_code: None, stderr: ."><![CDATA[
                { "execution_problem": "Input staging problem: Job in error state.. tool_id: upload1, exit_code: None, stderr: .", "status": "error", "test_index": 1, "time_seconds": 12.170469999313354, "tool_id": "deeptools_plot_profile", "tool_version": "3.5.4+galaxy0"}
            ]]></error>
        
    </testcase>
    
    <testcase classname="dropletutils (Test #1)" name="0" time="81.62181997299194">
        
            
            <system-out><![CDATA[
            
            ]]></system-out>
            <system-err><![CDATA[
            Error in print.default(ifelse(is.na(y), NA_character_, sQuote(y)), quote = FALSE,  :   ignoring SIGPIPE signalCalls: <Anonymous> -> print.numeric_version -> print -> print.defaultExecution haltedCells: 1025
            ]]></system-err>
        
    </testcase>
    
    <testcase classname="dropletutils (Test #1)" name="0" time="47.20386219024658">
        
            
            <system-out><![CDATA[
            
            ]]></system-out>
            <system-err><![CDATA[
            Error in print.default(ifelse(is.na(y), NA_character_, sQuote(y)), quote = FALSE,  :   ignoring SIGPIPE signalCalls: <Anonymous> -> print.numeric_version -> print -> print.defaultExecution haltedCells: 1025
            ]]></system-err>
        
    </testcase>
    
    <testcase classname="dropletutils (Test #2)" name="1" time="46.09622812271118">
        
            
            <system-out><![CDATA[
            
            ]]></system-out>
            <system-err><![CDATA[
            Error in print.default(ifelse(is.na(y), NA_character_, sQuote(y)), quote = FALSE,  :   ignoring SIGPIPE signalCalls: <Anonymous> -> print.numeric_version -> print -> print.defaultExecution haltedCells: 1025
            ]]></system-err>
        
    </testcase>
    
    <testcase classname="dropletutils (Test #2)" name="1" time="13.787054777145386">
        
            <error type="error" message="Input staging problem: Job in error state.. tool_id: upload1, exit_code: None, stderr: ."><![CDATA[
                { "execution_problem": "Input staging problem: Job in error state.. tool_id: upload1, exit_code: None, stderr: .", "status": "error", "test_index": 1, "time_seconds": 13.787054777145386, "tool_id": "dropletutils", "tool_version": "1.10.0+galaxy2"}
            ]]></error>
        
    </testcase>
    
    <testcase classname="dropletutils (Test #3)" name="2" time="39.39081025123596">
        
            
                <error type="error" message="Tool exit code: None"><![CDATA[
                    { "inputs": {  "operation|lower": "120",  "operation|use": "barcode_rank",  "tenx_format|input": {   "id": "f784b65ceda18b4d",   "src": "hda"  },  "tenx_format|input_barcodes": {   "id": "518b3c99badf1ffc",   "src": "hda"  },  "tenx_format|input_genes": {   "id": "efd1b56a095be415",   "src": "hda"  },  "tenx_format|use": "directory" }, "job": {  "command_line": "mkdir \u0027tenx.input\u0027 \u0026\u0026 ln -s \u0027/galaxy/server/database/objects/1/6/7/dataset_16704eba-5e6d-4c5a-8e3a-c9e75620838b.dat\u0027 \u0027tenx.input/matrix.mtx\u0027 \u0026\u0026 ln -s \u0027/galaxy/server/database/objects/b/0/b/dataset_b0b14a5a-c332-4661-ab1a-a203d3ce127d.dat\u0027 \u0027tenx.input/genes.tsv\u0027 \u0026\u0026 ln -s \u0027/galaxy/server/database/objects/6/2/5/dataset_6250a86a-bba9-4be6-b0a2-dfb132407904.dat\u0027 \u0027tenx.input/barcodes.tsv\u0027 \u0026\u0026   Rscript \u0027/cvmfs/cloud.galaxyproject.org/tools/toolshed.g2.bx.psu.edu/repos/iuc/dropletutils/a9caad671439/dropletutils/scripts/dropletutils.Rscript\u0027 \u0027/galaxy/server/database/jobs_directory/000/155/configs/tmpwnthwqed\u0027",  "command_version": null,  "copied_from_job_id": null,  "create_time": "2025-03-02T19:12:50.802640",  "dependencies": [],  "exit_code": null,  "external_id": "gxy-hls59",  "galaxy_version": "24.1",  "handler": null,  "history_id": "68ce40de164b1c88",  "id": "acb9a45c4c7bc1d0",  "inputs": {   "tenx_format|input": {    "id": "f784b65ceda18b4d",    "src": "hda",    "uuid": "16704eba-5e6d-4c5a-8e3a-c9e75620838b"   },   "tenx_format|input_barcodes": {    "id": "518b3c99badf1ffc",    "src": "hda",    "uuid": "6250a86a-bba9-4be6-b0a2-dfb132407904"   },   "tenx_format|input_genes": {    "id": "efd1b56a095be415",    "src": "hda",    "uuid": "b0b14a5a-c332-4661-ab1a-a203d3ce127d"   }  },  "job_messages": null,  "job_metrics": [],  "job_runner_name": null,  "job_stderr": null,  "job_stdout": null,  "model_class": "Job",  "output_collections": {},  "outputs": {   "plot": {    "id": "4aa2ac8438dbe374",    "src": "hda",    "uuid": "17e68e42-5e29-46f5-8ff3-432c604c0143"   }  },  "params": {   "__input_ext": "\"mtx\"",   "chromInfo": "\"/cvmfs/data.galaxyproject.org/managed/len/ucsc/?.len\"",   "dbkey": "\"?\"",   "operation": "{\"__current_case__\": 1, \"lower\": \"120\", \"use\": \"barcode_rank\"}",   "seed": "\"100\"",   "tenx_format": "{\"__current_case__\": 0, \"input\": {\"values\": [{\"id\": 251, \"src\": \"hda\"}]}, \"input_barcodes\": {\"values\": [{\"id\": 253, \"src\": \"hda\"}]}, \"input_genes\": {\"values\": [{\"id\": 252, \"src\": \"hda\"}]}, \"use\": \"directory\"}"  },  "state": "error",  "stderr": "Error in print.default(ifelse(is.na(y), NA_character_, sQuote(y)), quote = FALSE,  : \n  ignoring SIGPIPE signal\nCalls: \u003cAnonymous\u003e -\u003e print.numeric_version -\u003e print -\u003e print.default\nExecution halted\nWarning message:\nIn xy.coords(x, y, xlabel, ylabel, log) :\n  7432 y values \u003c= 0 omitted from logarithmic plot\n",  "stdout": "[1] \"knee = 324 , inflection =  151\"\n",  "tool_id": "toolshed.g2.bx.psu.edu/repos/iuc/dropletutils/dropletutils/1.10.0+galaxy2",  "tool_stderr": "Error in print.default(ifelse(is.na(y), NA_character_, sQuote(y)), quote = FALSE,  : \n  ignoring SIGPIPE signal\nCalls: \u003cAnonymous\u003e -\u003e print.numeric_version -\u003e print -\u003e print.default\nExecution halted\nWarning message:\nIn xy.coords(x, y, xlabel, ylabel, log) :\n  7432 y values \u003c= 0 omitted from logarithmic plot\n",  "tool_stdout": "[1] \"knee = 324 , inflection =  151\"\n",  "update_time": "2025-03-02T19:13:04.547084",  "user_email": "tests@fake.org" }, "output_problems": [  "Job in error state.. tool_id: toolshed.g2.bx.psu.edu/repos/iuc/dropletutils/dropletutils/1.10.0+galaxy2, exit_code: None, stderr: Error in print.default(ifelse(is.na(y), NA_character_, sQuote(y)), quote = FALSE,  : \n  ignoring SIGPIPE signal\nCalls: \u003cAnonymous\u003e -\u003e print.numeric_version -\u003e print -\u003e print.default\nExecution halted\nWarning message:\nIn xy.coords(x, y, xlabel, ylabel, log) :\n  7432 y values \u003c= 0 omitted from logarithmic plot\n.",  "Job in error state.. tool_id: toolshed.g2.bx.psu.edu/repos/iuc/dropletutils/dropletutils/1.10.0+galaxy2, exit_code: None, stderr: Error in print.default(ifelse(is.na(y), NA_character_, sQuote(y)), quote = FALSE,  : \n  ignoring SIGPIPE signal\nCalls: \u003cAnonymous\u003e -\u003e print.numeric_version -\u003e print -\u003e print.default\nExecution halted\nWarning message:\nIn xy.coords(x, y, xlabel, ylabel, log) :\n  7432 y values \u003c= 0 omitted from logarithmic plot\n." ], "status": "failure", "test_index": 2, "time_seconds": 39.39081025123596, "tool_id": "dropletutils", "tool_version": "1.10.0+galaxy2"}
                ]]></error>
            
            <system-out><![CDATA[
            [1] "knee = 324 , inflection =  151"
            ]]></system-out>
            <system-err><![CDATA[
            Error in print.default(ifelse(is.na(y), NA_character_, sQuote(y)), quote = FALSE,  :   ignoring SIGPIPE signalCalls: <Anonymous> -> print.numeric_version -> print -> print.defaultExecution haltedWarning message:In xy.coords(x, y, xlabel, ylabel, log) :  7432 y values <= 0 omitted from logarithmic plot
            ]]></system-err>
        
    </testcase>
    
    <testcase classname="dropletutils (Test #3)" name="2" time="55.21338748931885">
        
            
            <system-out><![CDATA[
            [1] "knee = 324 , inflection =  151"
            ]]></system-out>
            <system-err><![CDATA[
            Error in print.default(ifelse(is.na(y), NA_character_, sQuote(y)), quote = FALSE,  :   ignoring SIGPIPE signalCalls: <Anonymous> -> print.numeric_version -> print -> print.defaultExecution haltedWarning message:In xy.coords(x, y, xlabel, ylabel, log) :  7432 y values <= 0 omitted from logarithmic plot
            ]]></system-err>
        
    </testcase>
    
    <testcase classname="dropletutils (Test #4)" name="3" time="11.809512376785278">
        
            <error type="error" message="Input staging problem: Job in error state.. tool_id: upload1, exit_code: None, stderr: ."><![CDATA[
                { "execution_problem": "Input staging problem: Job in error state.. tool_id: upload1, exit_code: None, stderr: .", "status": "error", "test_index": 3, "time_seconds": 11.809512376785278, "tool_id": "dropletutils", "tool_version": "1.10.0+galaxy2"}
            ]]></error>
        
    </testcase>
    
    <testcase classname="dropletutils (Test #4)" name="3" time="51.899823904037476">
        
            
            <system-out><![CDATA[
            [1] "Cell Library Size Distribution:"   Min. 1st Qu.  Median    Mean 3rd Qu.    Max.    0.00    0.00    0.00   46.53    3.00 1153.00 
            ]]></system-out>
            <system-err><![CDATA[
            Error in print.default(ifelse(is.na(y), NA_character_, sQuote(y)), quote = FALSE,  :   ignoring SIGPIPE signalCalls: <Anonymous> -> print.numeric_version -> print -> print.defaultExecution haltedCells: 998Cells and Limited: 998
            ]]></system-err>
        
    </testcase>
    
    <testcase classname="dropletutils (Test #5)" name="4" time="44.84646797180176">
        
            
            <system-out><![CDATA[
            [1] "Cell Library Size Distribution:"   Min. 1st Qu.  Median    Mean 3rd Qu.    Max.     0.0     8.0    20.0   114.3    46.0  2347.0 
            ]]></system-out>
            <system-err><![CDATA[
            Error in print.default(ifelse(is.na(y), NA_character_, sQuote(y)), quote = FALSE,  :   ignoring SIGPIPE signalCalls: <Anonymous> -> print.numeric_version -> print -> print.defaultExecution haltedCells: 954Cells and Limited: 85
            ]]></system-err>
        
    </testcase>
    
    <testcase classname="dropletutils (Test #5)" name="4" time="47.715720653533936">
        
            
            <system-out><![CDATA[
            [1] "Cell Library Size Distribution:"   Min. 1st Qu.  Median    Mean 3rd Qu.    Max.     0.0     8.0    20.0   114.3    46.0  2347.0 
            ]]></system-out>
            <system-err><![CDATA[
            Error in print.default(ifelse(is.na(y), NA_character_, sQuote(y)), quote = FALSE,  :   ignoring SIGPIPE signalCalls: <Anonymous> -> print.numeric_version -> print -> print.defaultExecution haltedCells: 954Cells and Limited: 85
            ]]></system-err>
        
    </testcase>
    
    <testcase classname="dropletutils (Test #6)" name="5" time="41.502817153930664">
        
            
            <system-out><![CDATA[
            
            ]]></system-out>
            <system-err><![CDATA[
            Error in print.default(ifelse(is.na(y), NA_character_, sQuote(y)), quote = FALSE,  :   ignoring SIGPIPE signalCalls: <Anonymous> -> print.numeric_version -> print -> print.defaultExecution haltedCells: 2650
            ]]></system-err>
        
    </testcase>
    
    <testcase classname="dropletutils (Test #6)" name="5" time="44.864452600479126">
        
            
            <system-out><![CDATA[
            
            ]]></system-out>
            <system-err><![CDATA[
            Error in print.default(ifelse(is.na(y), NA_character_, sQuote(y)), quote = FALSE,  :   ignoring SIGPIPE signalCalls: <Anonymous> -> print.numeric_version -> print -> print.defaultExecution haltedCells: 2650
            ]]></system-err>
        
    </testcase>
    
    <testcase classname="fastp (Test #1)" name="0" time="35.42538809776306">
        
            
            <system-out><![CDATA[
            
            ]]></system-out>
            <system-err><![CDATA[
            Detecting adapter sequence for read1...No adapter detected for read1Read1 before filtering:total reads: 2total bases: 302Q20 bases: 262(86.755%)Q30 bases: 241(79.8013%)Read1 after filtering:total reads: 2total bases: 302Q20 bases: 262(86.755%)Q30 bases: 241(79.8013%)Filtering result:reads passed filter: 2reads failed due to low quality: 0reads failed due to too many N: 0reads failed due to too short: 0reads with adapter trimmed: 0bases trimmed due to adapters: 0Duplication rate (may be overestimated since this is SE data): 0%JSON report: fastp.jsonHTML report: fastp.htmlfastp --thread 4 --report_title fastp report for R1_fq.fastqsanger -i R1_fq.fastqsanger -o first.fastqsanger fastp v0.24.0, time used: 1 seconds
            ]]></system-err>
        
    </testcase>
    
    <testcase classname="fastp (Test #2)" name="1" time="35.352845191955566">
        
            
            <system-out><![CDATA[
            
            ]]></system-out>
            <system-err><![CDATA[
            Read1 before filtering:total reads: 99total bases: 24849Q20 bases: 23268(93.6376%)Q30 bases: 22391(90.1083%)Read2 before filtering:total reads: 99total bases: 24849Q20 bases: 22676(91.2552%)Q30 bases: 21532(86.6514%)Read1 after filtering:total reads: 97total bases: 22942Q20 bases: 21680(94.4992%)Q30 bases: 20981(91.4524%)Read2 after filtering:total reads: 97total bases: 22942Q20 bases: 21535(93.8671%)Q30 bases: 20672(90.1055%)Filtering result:reads passed filter: 194reads failed due to low quality: 2reads failed due to too many N: 2reads failed due to too short: 0reads with adapter trimmed: 68bases trimmed due to adapters: 2824Duplication rate: 0%Insert size peak (evaluated by paired-end reads): 308JSON report: fastp.jsonHTML report: fastp.htmlfastp --thread 4 --report_title fastp report for Unnamed Collection.fastqsanger -i Unnamed Collection.fastqsanger -I Unnamed Collection_R2.fastqsanger -o first.fastqsanger -O second.fastqsanger fastp v0.24.0, time used: 1 seconds
            ]]></system-err>
        
    </testcase>
    
    <testcase classname="fastp (Test #11)" name="10" time="36.823718309402466">
        
            
            <system-out><![CDATA[
            
            ]]></system-out>
            <system-err><![CDATA[
            Detecting adapter sequence for read1...No adapter detected for read1Read1 before filtering:total reads: 2total bases: 302Q20 bases: 262(86.755%)Q30 bases: 241(79.8013%)Read1 after filtering:total reads: 2total bases: 302Q20 bases: 262(86.755%)Q30 bases: 241(79.8013%)Filtering result:reads passed filter: 2reads failed due to low quality: 0reads failed due to too many N: 0reads failed due to too short: 0reads with adapter trimmed: 0bases trimmed due to adapters: 0reads with polyX in 3' end: 0bases trimmed in polyX tail: 0Duplication rate (may be overestimated since this is SE data): 0%JSON report: fastp.jsonHTML report: fastp.htmlfastp --thread 4 --report_title fastp report for R1_fq_gz.fastqsanger.gz -i R1_fq_gz.fastqsanger.gz -o first.fastqsanger.gz -x --poly_x_min_len 10 fastp v0.24.0, time used: 0 seconds
            ]]></system-err>
        
    </testcase>
    
    <testcase classname="fastp (Test #12)" name="11" time="22.775789737701416">
        
            <error type="error" message="Input staging problem: Job in error state.. tool_id: upload1, exit_code: None, stderr: ."><![CDATA[
                { "execution_problem": "Input staging problem: Job in error state.. tool_id: upload1, exit_code: None, stderr: .", "status": "error", "test_index": 11, "time_seconds": 22.775789737701416, "tool_id": "fastp", "tool_version": "0.24.0+galaxy3"}
            ]]></error>
        
    </testcase>
    
    <testcase classname="fastp (Test #13)" name="12" time="40.9598114490509">
        
            
            <system-out><![CDATA[
            
            ]]></system-out>
            <system-err><![CDATA[
            Read1 before filtering:total reads: 99total bases: 24849Q20 bases: 23268(93.6376%)Q30 bases: 22391(90.1083%)Read2 before filtering:total reads: 99total bases: 24849Q20 bases: 22676(91.2552%)Q30 bases: 21532(86.6514%)Merged and filtered:total reads: 97total bases: 25703Q20 bases: 24459(95.1601%)Q30 bases: 23743(92.3744%)Filtering result:reads passed filter: 196reads failed due to low quality: 2reads failed due to too many N: 0reads failed due to too short: 0reads with adapter trimmed: 68bases trimmed due to adapters: 2824reads corrected by overlap analysis: 55bases corrected by overlap analysis: 101Duplication rate: 0%Insert size peak (evaluated by paired-end reads): 308Read pairs merged: 97% of original read pairs: 97.9798%% in reads after filtering: 100%JSON report: fastp.jsonHTML report: fastp.htmlfastp --thread 4 --report_title fastp report for bwa-mem-fastq1_fq.fastqsanger -i bwa-mem-fastq1_fq.fastqsanger -I bwa-mem-fastq2_fq_R2.fastqsanger --merge --merged_out /galaxy/server/database/objects/6/c/0/dataset_6c0f33d3-176c-4959-a0b0-160d057e5fa1.dat --out1 /galaxy/server/database/objects/f/f/7/dataset_ff7ef886-3e29-4c6b-baa3-86a15b602705.dat --out2 /galaxy/server/database/objects/d/3/0/dataset_d309ca4a-1765-4fa8-8076-12d7ab808481.dat --unpaired1 /galaxy/server/database/objects/6/1/c/dataset_61c88d76-d65e-4b22-9e89-dc4dba127f34.dat --unpaired2 /galaxy/server/database/objects/a/e/3/dataset_ae33ba26-869c-4c75-b6b1-278b69e268e6.dat fastp v0.24.0, time used: 0 seconds
            ]]></system-err>
        
    </testcase>
    
    <testcase classname="fastp (Test #14)" name="13" time="37.061612606048584">
        
            
            <system-out><![CDATA[
            
            ]]></system-out>
            <system-err><![CDATA[
            Read1 before filtering:total reads: 99total bases: 24849Q20 bases: 23268(93.6376%)Q30 bases: 22391(90.1083%)Read2 before filtering:total reads: 99total bases: 24849Q20 bases: 22676(91.2552%)Q30 bases: 21532(86.6514%)Merged and filtered:total reads: 100total bases: 26456Q20 bases: 25141(95.0295%)Q30 bases: 24378(92.1454%)Filtering result:reads passed filter: 197reads failed due to low quality: 1reads failed due to too many N: 0reads failed due to too short: 0reads with adapter trimmed: 68bases trimmed due to adapters: 2824reads corrected by overlap analysis: 55bases corrected by overlap analysis: 101Duplication rate: 0%Insert size peak (evaluated by paired-end reads): 308Read pairs merged: 97% of original read pairs: 97.9798%% in reads after filtering: 97%JSON report: fastp.jsonHTML report: fastp.htmlfastp --thread 4 --report_title fastp report for Unnamed Collection.fastqsanger -i Unnamed Collection.fastqsanger -I Unnamed Collection_R2.fastqsanger --merge --merged_out /galaxy/server/database/objects/c/d/8/dataset_cd8337ce-78a5-420a-84e8-78027f4498d2.dat --include_unmerged fastp v0.24.0, time used: 0 seconds
            ]]></system-err>
        
    </testcase>
    
    <testcase classname="fastp (Test #15)" name="14" time="28.790958642959595">
        
            
                <error type="error" message="Tool exit code: None"><![CDATA[
                    { "inputs": {  "output_options|report_json": false,  "single_paired|paired_input": {   "id": "1c9ef350bda82342",   "src": "hdca"  },  "single_paired|single_paired_selector": "paired_collection" }, "job": {  "command_line": "ln -sf \u0027/galaxy/server/database/objects/e/8/4/dataset_e84c7054-752b-4bb3-abbe-315e7605fd57.dat\u0027 \u0027Unnamed Collection.fastqsanger.gz\u0027 \u0026\u0026 ln -sf \u0027/galaxy/server/database/objects/d/c/4/dataset_dc4088bd-0e5b-4383-a973-df617be2ff9a.dat\u0027 \u0027Unnamed Collection_R2.fastqsanger.gz\u0027 \u0026\u0026   fastp  --thread ${GALAXY_SLOTS:-1} --report_title \u0027fastp report for Unnamed Collection.fastqsanger.gz\u0027  -i \u0027Unnamed Collection.fastqsanger.gz\u0027   -I \u0027Unnamed Collection_R2.fastqsanger.gz\u0027 -o first.fastqsanger.gz -O second.fastqsanger.gz                                                \u0026\u0026 mv first.fastqsanger.gz \u0027/galaxy/server/database/objects/d/3/0/dataset_d30a83c4-e568-49b0-8928-f922ba733ac4.dat\u0027 \u0026\u0026 mv second.fastqsanger.gz \u0027/galaxy/server/database/objects/9/6/3/dataset_963dacda-7750-4e96-96f6-afbdf3e76a32.dat\u0027",  "command_version": null,  "copied_from_job_id": null,  "create_time": "2025-03-02T18:46:18.965448",  "dependencies": [],  "exit_code": null,  "external_id": "gxy-dmvkc",  "galaxy_version": "24.1",  "handler": null,  "history_id": "68ce40de164b1c88",  "id": "22b03cbd02c9366b",  "inputs": {   "single_paired|paired_input1": {    "id": "b3b34620983d5fe0",    "src": "hda",    "uuid": "e84c7054-752b-4bb3-abbe-315e7605fd57"   },   "single_paired|paired_input2": {    "id": "6a569fe5f02478f7",    "src": "hda",    "uuid": "dc4088bd-0e5b-4383-a973-df617be2ff9a"   }  },  "job_messages": null,  "job_metrics": [],  "job_runner_name": null,  "job_stderr": null,  "job_stdout": null,  "model_class": "Job",  "output_collections": {   "output_paired_coll": {    "id": "057057fe676c3475",    "src": "hdca"   }  },  "outputs": {   "output_paired_coll|__part__|forward": {    "id": "9bc89bde43c5ec04",    "src": "hda",    "uuid": "d30a83c4-e568-49b0-8928-f922ba733ac4"   },   "output_paired_coll|__part__|reverse": {    "id": "5b026932e21a9d2f",    "src": "hda",    "uuid": "963dacda-7750-4e96-96f6-afbdf3e76a32"   },   "report_html": {    "id": "e48b16bde2edb424",    "src": "hda",    "uuid": "c10b4b4d-3345-408e-a050-450efa7a56d0"   }  },  "params": {   "__input_ext": "\"input\"",   "chromInfo": "\"/cvmfs/data.galaxyproject.org/managed/len/ucsc/?.len\"",   "dbkey": "\"?\"",   "filter_options": "{\"length_filtering_options\": {\"disable_length_filtering\": false, \"length_limit\": \"\", \"length_required\": \"\"}, \"low_complexity_filter\": {\"complexity_threshold\": \"\", \"enable_low_complexity_filter\": false}, \"quality_filtering_options\": {\"disable_quality_filtering\": false, \"n_base_limit\": \"\", \"qualified_quality_phred\": \"\", \"unqualified_percent_limit\": \"\"}}",   "output_options": "{\"report_html\": true, \"report_json\": false}",   "overrepresented_sequence_analysis": "{\"overrepresentation_analysis\": false, \"overrepresentation_sampling\": \"\"}",   "read_mod_options": "{\"base_correction_options\": {\"correction\": false}, \"cutting_by_quality_options\": {\"cut_by_quality3\": false, \"cut_by_quality5\": false, \"cut_mean_quality\": \"\", \"cut_window_size\": \"\"}, \"polyg_tail_trimming\": {\"__current_case__\": 1, \"poly_g_min_len\": \"\", \"trimming_select\": \"\"}, \"polyx_tail_trimming\": {\"__current_case__\": 1, \"polyx_trimming_select\": \"\"}, \"umi_processing\": {\"umi\": false, \"umi_len\": \"\", \"umi_loc\": null, \"umi_prefix\": null}}",   "single_paired": "{\"__current_case__\": 2, \"adapter_trimming_options\": {\"adapter_sequence1\": null, \"adapter_sequence2\": null, \"detect_adapter_for_pe\": false, \"disable_adapter_trimming\": false}, \"global_trimming_options\": {\"trim_front1\": \"\", \"trim_front2\": \"\", \"trim_tail1\": \"\", \"trim_tail2\": \"\"}, \"merge_reads\": {\"__current_case__\": 1, \"merge\": \"\"}, \"paired_input\": {\"values\": [{\"id\": 4, \"src\": \"hdca\"}]}, \"single_paired_selector\": \"paired_collection\"}"  },  "state": "error",  "stderr": "Read1 before filtering:\ntotal reads: 99\ntotal bases: 24849\nQ20 bases: 22676(91.2552%)\nQ30 bases: 21532(86.6514%)\n\nRead2 before filtering:\ntotal reads: 99\ntotal bases: 24849\nQ20 bases: 23268(93.6376%)\nQ30 bases: 22391(90.1083%)\n\nRead1 after filtering:\ntotal reads: 97\ntotal bases: 22942\nQ20 bases: 21535(93.8671%)\nQ30 bases: 20672(90.1055%)\n\nRead2 after filtering:\ntotal reads: 97\ntotal bases: 22942\nQ20 bases: 21680(94.4992%)\nQ30 bases: 20981(91.4524%)\n\nFiltering result:\nreads passed filter: 194\nreads failed due to low quality: 2\nreads failed due to too many N: 2\nreads failed due to too short: 0\nreads with adapter trimmed: 68\nbases trimmed due to adapters: 2824\n\nDuplication rate: 0%\n\nInsert size peak (evaluated by paired-end reads): 308\n\nJSON report: fastp.json\nHTML report: fastp.html\n\nfastp --thread 4 --report_title fastp report for Unnamed Collection.fastqsanger.gz -i Unnamed Collection.fastqsanger.gz -I Unnamed Collection_R2.fastqsanger.gz -o first.fastqsanger.gz -O second.fastqsanger.gz \nfastp v0.24.0, time used: 1 seconds\n",  "stdout": "",  "tool_id": "toolshed.g2.bx.psu.edu/repos/iuc/fastp/fastp/0.24.0+galaxy3",  "tool_stderr": "Read1 before filtering:\ntotal reads: 99\ntotal bases: 24849\nQ20 bases: 22676(91.2552%)\nQ30 bases: 21532(86.6514%)\n\nRead2 before filtering:\ntotal reads: 99\ntotal bases: 24849\nQ20 bases: 23268(93.6376%)\nQ30 bases: 22391(90.1083%)\n\nRead1 after filtering:\ntotal reads: 97\ntotal bases: 22942\nQ20 bases: 21535(93.8671%)\nQ30 bases: 20672(90.1055%)\n\nRead2 after filtering:\ntotal reads: 97\ntotal bases: 22942\nQ20 bases: 21680(94.4992%)\nQ30 bases: 20981(91.4524%)\n\nFiltering result:\nreads passed filter: 194\nreads failed due to low quality: 2\nreads failed due to too many N: 2\nreads failed due to too short: 0\nreads with adapter trimmed: 68\nbases trimmed due to adapters: 2824\n\nDuplication rate: 0%\n\nInsert size peak (evaluated by paired-end reads): 308\n\nJSON report: fastp.json\nHTML report: fastp.html\n\nfastp --thread 4 --report_title fastp report for Unnamed Collection.fastqsanger.gz -i Unnamed Collection.fastqsanger.gz -I Unnamed Collection_R2.fastqsanger.gz -o first.fastqsanger.gz -O second.fastqsanger.gz \nfastp v0.24.0, time used: 1 seconds\n",  "tool_stdout": "",  "update_time": "2025-03-02T18:46:25.087810",  "user_email": "tests@fake.org" }, "output_problems": [  "Job in error state.. tool_id: toolshed.g2.bx.psu.edu/repos/iuc/fastp/fastp/0.24.0+galaxy3, exit_code: None, stderr: Read1 before filtering:\ntotal reads: 99\ntotal bases: 24849\nQ20 bases: 22676(91.2552%)\nQ30 bases: 21532(86.6514%)\n\nRead2 before filtering:\ntotal reads: 99\ntotal bases: 24849\nQ20 bases: 23268(93.6376%)\nQ30 bases: 22391(90.1083%)\n\nRead1 after filtering:\ntotal reads: 97\ntotal bases: 22942\nQ20 bases: 21535(93.8671%)\nQ30 bases: 20672(90.1055%)\n\nRead2 after filtering:\ntotal reads: 97\ntotal bases: 22942\nQ20 bases: 21680(94.4992%)\nQ30 bases: 20981(91.4524%)\n\nFiltering result:\nreads passed filter: 194\nreads failed due to low quality: 2\nreads failed due to too many N: 2\nreads failed due to too short: 0\nreads with adapter trimmed: 68\nbases trimmed due to adapters: 2824\n\nDuplication rate: 0%\n\nInsert size peak (evaluated by paired-end reads): 308\n\nJSON report: fastp.json\nHTML report: fastp.html\n\nfastp --thread 4 --report_title fastp report for Unnamed Collection.fastqsanger.gz -i Unnamed Collection.fastqsanger.gz -I Unnamed Collection_R2.fastqsanger.gz -o first.fastqsanger.gz -O second.fastqsanger.gz \nfastp v0.24.0, time used: 1 seconds\n.",  "Job in error state.. tool_id: toolshed.g2.bx.psu.edu/repos/iuc/fastp/fastp/0.24.0+galaxy3, exit_code: None, stderr: Read1 before filtering:\ntotal reads: 99\ntotal bases: 24849\nQ20 bases: 22676(91.2552%)\nQ30 bases: 21532(86.6514%)\n\nRead2 before filtering:\ntotal reads: 99\ntotal bases: 24849\nQ20 bases: 23268(93.6376%)\nQ30 bases: 22391(90.1083%)\n\nRead1 after filtering:\ntotal reads: 97\ntotal bases: 22942\nQ20 bases: 21535(93.8671%)\nQ30 bases: 20672(90.1055%)\n\nRead2 after filtering:\ntotal reads: 97\ntotal bases: 22942\nQ20 bases: 21680(94.4992%)\nQ30 bases: 20981(91.4524%)\n\nFiltering result:\nreads passed filter: 194\nreads failed due to low quality: 2\nreads failed due to too many N: 2\nreads failed due to too short: 0\nreads with adapter trimmed: 68\nbases trimmed due to adapters: 2824\n\nDuplication rate: 0%\n\nInsert size peak (evaluated by paired-end reads): 308\n\nJSON report: fastp.json\nHTML report: fastp.html\n\nfastp --thread 4 --report_title fastp report for Unnamed Collection.fastqsanger.gz -i Unnamed Collection.fastqsanger.gz -I Unnamed Collection_R2.fastqsanger.gz -o first.fastqsanger.gz -O second.fastqsanger.gz \nfastp v0.24.0, time used: 1 seconds\n." ], "status": "failure", "test_index": 14, "time_seconds": 28.790958642959595, "tool_id": "fastp", "tool_version": "0.24.0+galaxy3"}
                ]]></error>
            
            <system-out><![CDATA[
            
            ]]></system-out>
            <system-err><![CDATA[
            Read1 before filtering:total reads: 99total bases: 24849Q20 bases: 22676(91.2552%)Q30 bases: 21532(86.6514%)Read2 before filtering:total reads: 99total bases: 24849Q20 bases: 23268(93.6376%)Q30 bases: 22391(90.1083%)Read1 after filtering:total reads: 97total bases: 22942Q20 bases: 21535(93.8671%)Q30 bases: 20672(90.1055%)Read2 after filtering:total reads: 97total bases: 22942Q20 bases: 21680(94.4992%)Q30 bases: 20981(91.4524%)Filtering result:reads passed filter: 194reads failed due to low quality: 2reads failed due to too many N: 2reads failed due to too short: 0reads with adapter trimmed: 68bases trimmed due to adapters: 2824Duplication rate: 0%Insert size peak (evaluated by paired-end reads): 308JSON report: fastp.jsonHTML report: fastp.htmlfastp --thread 4 --report_title fastp report for Unnamed Collection.fastqsanger.gz -i Unnamed Collection.fastqsanger.gz -I Unnamed Collection_R2.fastqsanger.gz -o first.fastqsanger.gz -O second.fastqsanger.gz fastp v0.24.0, time used: 1 seconds
            ]]></system-err>
        
    </testcase>
    
    <testcase classname="fastp (Test #3)" name="2" time="32.130531311035156">
        
            
            <system-out><![CDATA[
            
            ]]></system-out>
            <system-err><![CDATA[
            Read1 before filtering:total reads: 2total bases: 302Q20 bases: 262(86.755%)Q30 bases: 241(79.8013%)Read1 after filtering:total reads: 1total bases: 151Q20 bases: 114(75.4967%)Q30 bases: 98(64.9007%)Filtering result:reads passed filter: 1reads failed due to low quality: 0reads failed due to too many N: 0reads failed due to too short: 1reads with adapter trimmed: 1bases trimmed due to adapters: 139Duplication rate (may be overestimated since this is SE data): 0%JSON report: fastp.jsonHTML report: fastp.htmlfastp --thread 4 --report_title fastp report for R1_fq.fastqsanger -i R1_fq.fastqsanger -o first.fastqsanger --adapter_sequence ATCG fastp v0.24.0, time used: 0 seconds
            ]]></system-err>
        
    </testcase>
    
    <testcase classname="fastp (Test #4)" name="3" time="34.651503562927246">
        
            
            <system-out><![CDATA[
            
            ]]></system-out>
            <system-err><![CDATA[
            Detecting adapter sequence for read1...No adapter detected for read1Read1 before filtering:total reads: 2total bases: 302Q20 bases: 262(86.755%)Q30 bases: 241(79.8013%)Read1 after filtering:total reads: 2total bases: 286Q20 bases: 246(86.014%)Q30 bases: 226(79.021%)Filtering result:reads passed filter: 2reads failed due to low quality: 0reads failed due to too many N: 0reads failed due to too short: 0reads with adapter trimmed: 0bases trimmed due to adapters: 0Duplication rate (may be overestimated since this is SE data): 0%JSON report: fastp.jsonHTML report: fastp.htmlfastp --thread 4 --report_title fastp report for R1_fq.fastqsanger -i R1_fq.fastqsanger -o first.fastqsanger -U --umi_loc read1 --umi_len 8 fastp v0.24.0, time used: 0 seconds
            ]]></system-err>
        
    </testcase>
    
    <testcase classname="fastp (Test #5)" name="4" time="10.782626390457153">
        
            <error type="error" message="Input staging problem: Job in error state.. tool_id: upload1, exit_code: None, stderr: ."><![CDATA[
                { "execution_problem": "Input staging problem: Job in error state.. tool_id: upload1, exit_code: None, stderr: .", "status": "error", "test_index": 4, "time_seconds": 10.782626390457153, "tool_id": "fastp", "tool_version": "0.24.0+galaxy3"}
            ]]></error>
        
    </testcase>
    
    <testcase classname="fastp (Test #6)" name="5" time="37.63110017776489">
        
            
            <system-out><![CDATA[
            
            ]]></system-out>
            <system-err><![CDATA[
            Read1 before filtering:total reads: 99total bases: 24849Q20 bases: 23268(93.6376%)Q30 bases: 22391(90.1083%)Read2 before filtering:total reads: 99total bases: 24849Q20 bases: 22676(91.2552%)Q30 bases: 21532(86.6514%)Read1 after filtering:total reads: 97total bases: 22942Q20 bases: 21680(94.4992%)Q30 bases: 20981(91.4524%)Read2 after filtering:total reads: 97total bases: 22942Q20 bases: 21535(93.8671%)Q30 bases: 20672(90.1055%)Filtering result:reads passed filter: 194reads failed due to low quality: 2reads failed due to too many N: 2reads failed due to too short: 0reads with adapter trimmed: 68bases trimmed due to adapters: 2824Duplication rate: 0%Insert size peak (evaluated by paired-end reads): 308JSON report: fastp.jsonHTML report: fastp.htmlfastp --thread 4 --report_title fastp report for bwa-mem-fastq1_fq.fastqsanger -i bwa-mem-fastq1_fq.fastqsanger -I bwa-mem-fastq2_fq_R2.fastqsanger -o first.fastqsanger -O second.fastqsanger fastp v0.24.0, time used: 1 seconds
            ]]></system-err>
        
    </testcase>
    
    <testcase classname="fastp (Test #7)" name="6" time="13.100950717926025">
        
            <error type="error" message="Input staging problem: Job in error state.. tool_id: upload1, exit_code: None, stderr: ."><![CDATA[
                { "execution_problem": "Input staging problem: Job in error state.. tool_id: upload1, exit_code: None, stderr: .", "status": "error", "test_index": 6, "time_seconds": 13.100950717926025, "tool_id": "fastp", "tool_version": "0.24.0+galaxy3"}
            ]]></error>
        
    </testcase>
    
    <testcase classname="fastp (Test #8)" name="7" time="37.04782271385193">
        
            
            <system-out><![CDATA[
            
            ]]></system-out>
            <system-err><![CDATA[
            Read1 before filtering:total reads: 99total bases: 24849Q20 bases: 23268(93.6376%)Q30 bases: 22391(90.1083%)Read2 before filtering:total reads: 99total bases: 24849Q20 bases: 22676(91.2552%)Q30 bases: 21532(86.6514%)Read1 after filtering:total reads: 97total bases: 22678Q20 bases: 21439(94.5366%)Q30 bases: 20756(91.5248%)Read2 after filtering:total reads: 97total bases: 22166Q20 bases: 20766(93.684%)Q30 bases: 19910(89.8223%)Filtering result:reads passed filter: 194reads failed due to low quality: 2reads failed due to too many N: 2reads failed due to too short: 0reads with adapter trimmed: 68bases trimmed due to adapters: 3096Duplication rate: 0%Insert size peak (evaluated by paired-end reads): 300JSON report: fastp.jsonHTML report: fastp.htmlfastp --thread 4 --report_title fastp report for bwa-mem-fastq1_fq.fastqsanger -i bwa-mem-fastq1_fq.fastqsanger -I bwa-mem-fastq2_fq_R2.fastqsanger -o first.fastqsanger -O second.fastqsanger -U --umi_loc read2 --umi_len 8 fastp v0.24.0, time used: 1 seconds
            ]]></system-err>
        
    </testcase>
    
    <testcase classname="fastp (Test #9)" name="8" time="36.57785725593567">
        
            
            <system-out><![CDATA[
            
            ]]></system-out>
            <system-err><![CDATA[
            Detecting adapter sequence for read1...No adapter detected for read1Read1 before filtering:total reads: 2total bases: 302Q20 bases: 262(86.755%)Q30 bases: 241(79.8013%)Read1 after filtering:total reads: 2total bases: 302Q20 bases: 262(86.755%)Q30 bases: 241(79.8013%)Filtering result:reads passed filter: 2reads failed due to low quality: 0reads failed due to too many N: 0reads failed due to too short: 0reads with adapter trimmed: 0bases trimmed due to adapters: 0Duplication rate (may be overestimated since this is SE data): 0%JSON report: fastp.jsonHTML report: fastp.htmlfastp --thread 4 --report_title fastp report for R1_fq.fastqsanger -i R1_fq.fastqsanger -o first.fastqsanger fastp v0.24.0, time used: 1 seconds
            ]]></system-err>
        
    </testcase>
    
    <testcase classname="fastp (Test #10)" name="9" time="35.93462824821472">
        
            
            <system-out><![CDATA[
            
            ]]></system-out>
            <system-err><![CDATA[
            Detecting adapter sequence for read1...No adapter detected for read1Read1 before filtering:total reads: 2total bases: 302Q20 bases: 262(86.755%)Q30 bases: 241(79.8013%)Read1 after filtering:total reads: 2total bases: 302Q20 bases: 262(86.755%)Q30 bases: 241(79.8013%)Filtering result:reads passed filter: 2reads failed due to low quality: 0reads failed due to too many N: 0reads failed due to too short: 0reads with adapter trimmed: 0bases trimmed due to adapters: 0Duplication rate (may be overestimated since this is SE data): 0%JSON report: fastp.jsonHTML report: fastp.htmlfastp --thread 4 --report_title fastp report for R1_fq_gz.fastqsanger.gz -i R1_fq_gz.fastqsanger.gz -o first.fastqsanger.gz --poly_g_min_len 10 -g fastp v0.24.0, time used: 0 seconds
            ]]></system-err>
        
    </testcase>
    
    <testcase classname="pharmcat (Test #1)" name="0" time="93.38243460655212">
        
            
            <system-out><![CDATA[
            
            ]]></system-out>
            <system-err><![CDATA[
            Picked up _JAVA_OPTIONS: -Xmx4G -Xms1G
            ]]></system-err>
        
    </testcase>
    
    <testcase classname="pharmcat (Test #2)" name="1" time="37.4850800037384">
        
            
            <system-out><![CDATA[
            
            ]]></system-out>
            <system-err><![CDATA[
            Picked up _JAVA_OPTIONS: -Xmx4G -Xms1G
            ]]></system-err>
        
    </testcase>
    
    <testcase classname="pharmcat (Test #3)" name="2" time="37.55392932891846">
        
            
            <system-out><![CDATA[
            
            ]]></system-out>
            <system-err><![CDATA[
            Picked up _JAVA_OPTIONS: -Xmx4G -Xms1G
            ]]></system-err>
        
    </testcase>
    
    <testcase classname="pharmcat (Test #4)" name="3" time="36.776331424713135">
        
            
            <system-out><![CDATA[
            
            ]]></system-out>
            <system-err><![CDATA[
            Picked up _JAVA_OPTIONS: -Xmx4G -Xms1G
            ]]></system-err>
        
    </testcase>
    
    <testcase classname="pharmcat (Test #5)" name="4" time="35.7665376663208">
        
            
            <system-out><![CDATA[
            
            ]]></system-out>
            <system-err><![CDATA[
            Picked up _JAVA_OPTIONS: -Xmx4G -Xms1G
            ]]></system-err>
        
    </testcase>
    
    <testcase classname="poretools_events (Test #1)" name="0" time="69.42980217933655">
        
            
                <error type="error" message="Tool exit code: 1"><![CDATA[
                    { "inputs": {  "input": {   "id": "25b38843bc404563",   "src": "hda"  },  "precalled": false }, "job": {  "command_line": "poretools events  \u0027/galaxy/server/database/objects/8/3/5/dataset_835b2073-66e1-4490-b830-725001a23850.dat\u0027 \u003e \u0027/galaxy/server/database/objects/1/5/9/dataset_1597b6c6-98fb-454e-9bd2-a3fe3c08403a.dat\u0027",  "command_version": "",  "copied_from_job_id": null,  "create_time": "2025-03-02T18:46:50.006801",  "dependencies": [],  "exit_code": 1,  "external_id": "gxy-6vm7m",  "galaxy_version": "24.1",  "handler": null,  "history_id": "68ce40de164b1c88",  "id": "eac0ad2c1ad02bbe",  "inputs": {   "input": {    "id": "25b38843bc404563",    "src": "hda",    "uuid": "835b2073-66e1-4490-b830-725001a23850"   }  },  "job_messages": [   {    "code_desc": "",    "desc": "Fatal error: Exit code 1 ()",    "error_level": 3,    "exit_code": 1,    "type": "exit_code"   },   {    "code_desc": "",    "desc": "Fatal error: ",    "error_level": 3,    "match": "Error:",    "stream": "stderr",    "type": "regex"   }  ],  "job_metrics": [   {    "name": "runtime_seconds",    "plugin": "core",    "raw_value": "1.0000000",    "title": "Job Runtime (Wall Clock)",    "value": "1 second"   },   {    "name": "end_epoch",    "plugin": "core",    "raw_value": "1740941239.0000000",    "title": "Job End Time",    "value": "2025-03-02 18:47:19"   },   {    "name": "start_epoch",    "plugin": "core",    "raw_value": "1740941238.0000000",    "title": "Job Start Time",    "value": "2025-03-02 18:47:18"   },   {    "name": "galaxy_memory_mb",    "plugin": "core",    "raw_value": "12240.0000000",    "title": "Memory Allocated (MB)",    "value": "12240"   },   {    "name": "galaxy_slots",    "plugin": "core",    "raw_value": "1.0000000",    "title": "Cores Allocated",    "value": "1"   }  ],  "job_runner_name": null,  "job_stderr": "",  "job_stdout": "",  "model_class": "Job",  "output_collections": {},  "outputs": {   "output": {    "id": "c4ade84c752d6bb4",    "src": "hda",    "uuid": "1597b6c6-98fb-454e-9bd2-a3fe3c08403a"   }  },  "params": {   "__input_ext": "\"input\"",   "chromInfo": "\"/cvmfs/data.galaxyproject.org/managed/len/ucsc/?.len\"",   "dbkey": "\"?\"",   "precalled": "false"  },  "state": "error",  "stderr": "Traceback (most recent call last):\n  File \"/usr/local/bin/poretools\", line 11, in \u003cmodule\u003e\n    load_entry_point(\u0027poretools==0.6.0\u0027, \u0027console_scripts\u0027, \u0027poretools\u0027)()\n  File \"/usr/local/lib/python2.7/site-packages/poretools/poretools_main.py\", line 543, in main\n    args.func(parser, args)\n  File \"/usr/local/lib/python2.7/site-packages/poretools/poretools_main.py\", line 55, in run_subtool\n    submodule.run(parser, args)\n  File \"/usr/local/lib/python2.7/site-packages/poretools/events.py\", line 17, in run\n    for fast5 in Fast5File.Fast5FileSet(args.files):\n  File \"/usr/local/lib/python2.7/site-packages/poretools/Fast5File.py\", line 110, in next\n    shutil.rmtree(PORETOOLS_TMPDIR)\n  File \"/usr/local/lib/python2.7/shutil.py\", line 261, in rmtree\n    rmtree(fullname, ignore_errors, onerror)\n  File \"/usr/local/lib/python2.7/shutil.py\", line 270, in rmtree\n    onerror(os.rmdir, path, sys.exc_info())\n  File \"/usr/local/lib/python2.7/shutil.py\", line 268, in rmtree\n    os.rmdir(path)\nOSError: [Errno 39] Directory not empty: \u0027.poretools_tmp/test-data\u0027\n",  "stdout": "",  "tool_id": "toolshed.g2.bx.psu.edu/repos/iuc/poretools_events/poretools_events/0.6.1a1.1",  "tool_stderr": "Traceback (most recent call last):\n  File \"/usr/local/bin/poretools\", line 11, in \u003cmodule\u003e\n    load_entry_point(\u0027poretools==0.6.0\u0027, \u0027console_scripts\u0027, \u0027poretools\u0027)()\n  File \"/usr/local/lib/python2.7/site-packages/poretools/poretools_main.py\", line 543, in main\n    args.func(parser, args)\n  File \"/usr/local/lib/python2.7/site-packages/poretools/poretools_main.py\", line 55, in run_subtool\n    submodule.run(parser, args)\n  File \"/usr/local/lib/python2.7/site-packages/poretools/events.py\", line 17, in run\n    for fast5 in Fast5File.Fast5FileSet(args.files):\n  File \"/usr/local/lib/python2.7/site-packages/poretools/Fast5File.py\", line 110, in next\n    shutil.rmtree(PORETOOLS_TMPDIR)\n  File \"/usr/local/lib/python2.7/shutil.py\", line 261, in rmtree\n    rmtree(fullname, ignore_errors, onerror)\n  File \"/usr/local/lib/python2.7/shutil.py\", line 270, in rmtree\n    onerror(os.rmdir, path, sys.exc_info())\n  File \"/usr/local/lib/python2.7/shutil.py\", line 268, in rmtree\n    os.rmdir(path)\nOSError: [Errno 39] Directory not empty: \u0027.poretools_tmp/test-data\u0027\n",  "tool_stdout": "",  "update_time": "2025-03-02T18:47:38.477074",  "user_email": "tests@fake.org" }, "output_problems": [  "Job in error state.. tool_id: toolshed.g2.bx.psu.edu/repos/iuc/poretools_events/poretools_events/0.6.1a1.1, exit_code: 1, stderr: Traceback (most recent call last):\n  File \"/usr/local/bin/poretools\", line 11, in \u003cmodule\u003e\n    load_entry_point(\u0027poretools==0.6.0\u0027, \u0027console_scripts\u0027, \u0027poretools\u0027)()\n  File \"/usr/local/lib/python2.7/site-packages/poretools/poretools_main.py\", line 543, in main\n    args.func(parser, args)\n  File \"/usr/local/lib/python2.7/site-packages/poretools/poretools_main.py\", line 55, in run_subtool\n    submodule.run(parser, args)\n  File \"/usr/local/lib/python2.7/site-packages/poretools/events.py\", line 17, in run\n    for fast5 in Fast5File.Fast5FileSet(args.files):\n  File \"/usr/local/lib/python2.7/site-packages/poretools/Fast5File.py\", line 110, in next\n    shutil.rmtree(PORETOOLS_TMPDIR)\n  File \"/usr/local/lib/python2.7/shutil.py\", line 261, in rmtree\n    rmtree(fullname, ignore_errors, onerror)\n  File \"/usr/local/lib/python2.7/shutil.py\", line 270, in rmtree\n    onerror(os.rmdir, path, sys.exc_info())\n  File \"/usr/local/lib/python2.7/shutil.py\", line 268, in rmtree\n    os.rmdir(path)\nOSError: [Errno 39] Directory not empty: \u0027.poretools_tmp/test-data\u0027\n.",  "Job in error state.. tool_id: toolshed.g2.bx.psu.edu/repos/iuc/poretools_events/poretools_events/0.6.1a1.1, exit_code: 1, stderr: Traceback (most recent call last):\n  File \"/usr/local/bin/poretools\", line 11, in \u003cmodule\u003e\n    load_entry_point(\u0027poretools==0.6.0\u0027, \u0027console_scripts\u0027, \u0027poretools\u0027)()\n  File \"/usr/local/lib/python2.7/site-packages/poretools/poretools_main.py\", line 543, in main\n    args.func(parser, args)\n  File \"/usr/local/lib/python2.7/site-packages/poretools/poretools_main.py\", line 55, in run_subtool\n    submodule.run(parser, args)\n  File \"/usr/local/lib/python2.7/site-packages/poretools/events.py\", line 17, in run\n    for fast5 in Fast5File.Fast5FileSet(args.files):\n  File \"/usr/local/lib/python2.7/site-packages/poretools/Fast5File.py\", line 110, in next\n    shutil.rmtree(PORETOOLS_TMPDIR)\n  File \"/usr/local/lib/python2.7/shutil.py\", line 261, in rmtree\n    rmtree(fullname, ignore_errors, onerror)\n  File \"/usr/local/lib/python2.7/shutil.py\", line 270, in rmtree\n    onerror(os.rmdir, path, sys.exc_info())\n  File \"/usr/local/lib/python2.7/shutil.py\", line 268, in rmtree\n    os.rmdir(path)\nOSError: [Errno 39] Directory not empty: \u0027.poretools_tmp/test-data\u0027\n." ], "status": "failure", "test_index": 0, "time_seconds": 69.42980217933655, "tool_id": "poretools_events", "tool_version": "0.6.1a1.1"}
                ]]></error>
            
            <system-out><![CDATA[
            
            ]]></system-out>
            <system-err><![CDATA[
            Traceback (most recent call last):  File "/usr/local/bin/poretools", line 11, in <module>    load_entry_point('poretools==0.6.0', 'console_scripts', 'poretools')()  File "/usr/local/lib/python2.7/site-packages/poretools/poretools_main.py", line 543, in main    args.func(parser, args)  File "/usr/local/lib/python2.7/site-packages/poretools/poretools_main.py", line 55, in run_subtool    submodule.run(parser, args)  File "/usr/local/lib/python2.7/site-packages/poretools/events.py", line 17, in run    for fast5 in Fast5File.Fast5FileSet(args.files):  File "/usr/local/lib/python2.7/site-packages/poretools/Fast5File.py", line 110, in next    shutil.rmtree(PORETOOLS_TMPDIR)  File "/usr/local/lib/python2.7/shutil.py", line 261, in rmtree    rmtree(fullname, ignore_errors, onerror)  File "/usr/local/lib/python2.7/shutil.py", line 270, in rmtree    onerror(os.rmdir, path, sys.exc_info())  File "/usr/local/lib/python2.7/shutil.py", line 268, in rmtree    os.rmdir(path)OSError: [Errno 39] Directory not empty: '.poretools_tmp/test-data'
            ]]></system-err>
        
    </testcase>
    
    <testcase classname="poretools_events (Test #2)" name="1" time="33.45587611198425">
        
            
                <error type="error" message="Tool exit code: 1"><![CDATA[
                    { "inputs": {  "input": {   "id": "3f9cbcca4a73bf87",   "src": "hda"  },  "precalled": true }, "job": {  "command_line": "poretools events --pre-basecalled \u0027/galaxy/server/database/objects/5/0/5/dataset_5053e72e-6cda-4eb5-9b47-6fc40c557d2b.dat\u0027 \u003e \u0027/galaxy/server/database/objects/9/8/a/dataset_98a9521f-6c60-4474-823c-5d5c599cfa3f.dat\u0027",  "command_version": "",  "copied_from_job_id": null,  "create_time": "2025-03-02T18:47:58.137693",  "dependencies": [],  "exit_code": 1,  "external_id": "gxy-lglcb",  "galaxy_version": "24.1",  "handler": null,  "history_id": "68ce40de164b1c88",  "id": "dd13ee8feb224360",  "inputs": {   "input": {    "id": "3f9cbcca4a73bf87",    "src": "hda",    "uuid": "5053e72e-6cda-4eb5-9b47-6fc40c557d2b"   }  },  "job_messages": [   {    "code_desc": "",    "desc": "Fatal error: Exit code 1 ()",    "error_level": 3,    "exit_code": 1,    "type": "exit_code"   },   {    "code_desc": "",    "desc": "Fatal error: ",    "error_level": 3,    "match": "Error:",    "stream": "stderr",    "type": "regex"   }  ],  "job_metrics": [   {    "name": "runtime_seconds",    "plugin": "core",    "raw_value": "1.0000000",    "title": "Job Runtime (Wall Clock)",    "value": "1 second"   },   {    "name": "end_epoch",    "plugin": "core",    "raw_value": "1740941280.0000000",    "title": "Job End Time",    "value": "2025-03-02 18:48:00"   },   {    "name": "start_epoch",    "plugin": "core",    "raw_value": "1740941279.0000000",    "title": "Job Start Time",    "value": "2025-03-02 18:47:59"   },   {    "name": "galaxy_memory_mb",    "plugin": "core",    "raw_value": "12240.0000000",    "title": "Memory Allocated (MB)",    "value": "12240"   },   {    "name": "galaxy_slots",    "plugin": "core",    "raw_value": "1.0000000",    "title": "Cores Allocated",    "value": "1"   }  ],  "job_runner_name": null,  "job_stderr": "",  "job_stdout": "",  "model_class": "Job",  "output_collections": {},  "outputs": {   "output": {    "id": "548a9bf539ba2e96",    "src": "hda",    "uuid": "98a9521f-6c60-4474-823c-5d5c599cfa3f"   }  },  "params": {   "__input_ext": "\"input\"",   "chromInfo": "\"/cvmfs/data.galaxyproject.org/managed/len/ucsc/?.len\"",   "dbkey": "\"?\"",   "precalled": "true"  },  "state": "error",  "stderr": "Traceback (most recent call last):\n  File \"/usr/local/bin/poretools\", line 11, in \u003cmodule\u003e\n    load_entry_point(\u0027poretools==0.6.0\u0027, \u0027console_scripts\u0027, \u0027poretools\u0027)()\n  File \"/usr/local/lib/python2.7/site-packages/poretools/poretools_main.py\", line 543, in main\n    args.func(parser, args)\n  File \"/usr/local/lib/python2.7/site-packages/poretools/poretools_main.py\", line 55, in run_subtool\n    submodule.run(parser, args)\n  File \"/usr/local/lib/python2.7/site-packages/poretools/events.py\", line 13, in run\n    for fast5 in Fast5File.Fast5FileSet(args.files):\n  File \"/usr/local/lib/python2.7/site-packages/poretools/Fast5File.py\", line 110, in next\n    shutil.rmtree(PORETOOLS_TMPDIR)\n  File \"/usr/local/lib/python2.7/shutil.py\", line 261, in rmtree\n    rmtree(fullname, ignore_errors, onerror)\n  File \"/usr/local/lib/python2.7/shutil.py\", line 270, in rmtree\n    onerror(os.rmdir, path, sys.exc_info())\n  File \"/usr/local/lib/python2.7/shutil.py\", line 268, in rmtree\n    os.rmdir(path)\nOSError: [Errno 39] Directory not empty: \u0027.poretools_tmp/test-data\u0027\n",  "stdout": "",  "tool_id": "toolshed.g2.bx.psu.edu/repos/iuc/poretools_events/poretools_events/0.6.1a1.1",  "tool_stderr": "Traceback (most recent call last):\n  File \"/usr/local/bin/poretools\", line 11, in \u003cmodule\u003e\n    load_entry_point(\u0027poretools==0.6.0\u0027, \u0027console_scripts\u0027, \u0027poretools\u0027)()\n  File \"/usr/local/lib/python2.7/site-packages/poretools/poretools_main.py\", line 543, in main\n    args.func(parser, args)\n  File \"/usr/local/lib/python2.7/site-packages/poretools/poretools_main.py\", line 55, in run_subtool\n    submodule.run(parser, args)\n  File \"/usr/local/lib/python2.7/site-packages/poretools/events.py\", line 13, in run\n    for fast5 in Fast5File.Fast5FileSet(args.files):\n  File \"/usr/local/lib/python2.7/site-packages/poretools/Fast5File.py\", line 110, in next\n    shutil.rmtree(PORETOOLS_TMPDIR)\n  File \"/usr/local/lib/python2.7/shutil.py\", line 261, in rmtree\n    rmtree(fullname, ignore_errors, onerror)\n  File \"/usr/local/lib/python2.7/shutil.py\", line 270, in rmtree\n    onerror(os.rmdir, path, sys.exc_info())\n  File \"/usr/local/lib/python2.7/shutil.py\", line 268, in rmtree\n    os.rmdir(path)\nOSError: [Errno 39] Directory not empty: \u0027.poretools_tmp/test-data\u0027\n",  "tool_stdout": "",  "update_time": "2025-03-02T18:48:11.913581",  "user_email": "tests@fake.org" }, "output_problems": [  "Job in error state.. tool_id: toolshed.g2.bx.psu.edu/repos/iuc/poretools_events/poretools_events/0.6.1a1.1, exit_code: 1, stderr: Traceback (most recent call last):\n  File \"/usr/local/bin/poretools\", line 11, in \u003cmodule\u003e\n    load_entry_point(\u0027poretools==0.6.0\u0027, \u0027console_scripts\u0027, \u0027poretools\u0027)()\n  File \"/usr/local/lib/python2.7/site-packages/poretools/poretools_main.py\", line 543, in main\n    args.func(parser, args)\n  File \"/usr/local/lib/python2.7/site-packages/poretools/poretools_main.py\", line 55, in run_subtool\n    submodule.run(parser, args)\n  File \"/usr/local/lib/python2.7/site-packages/poretools/events.py\", line 13, in run\n    for fast5 in Fast5File.Fast5FileSet(args.files):\n  File \"/usr/local/lib/python2.7/site-packages/poretools/Fast5File.py\", line 110, in next\n    shutil.rmtree(PORETOOLS_TMPDIR)\n  File \"/usr/local/lib/python2.7/shutil.py\", line 261, in rmtree\n    rmtree(fullname, ignore_errors, onerror)\n  File \"/usr/local/lib/python2.7/shutil.py\", line 270, in rmtree\n    onerror(os.rmdir, path, sys.exc_info())\n  File \"/usr/local/lib/python2.7/shutil.py\", line 268, in rmtree\n    os.rmdir(path)\nOSError: [Errno 39] Directory not empty: \u0027.poretools_tmp/test-data\u0027\n.",  "Job in error state.. tool_id: toolshed.g2.bx.psu.edu/repos/iuc/poretools_events/poretools_events/0.6.1a1.1, exit_code: 1, stderr: Traceback (most recent call last):\n  File \"/usr/local/bin/poretools\", line 11, in \u003cmodule\u003e\n    load_entry_point(\u0027poretools==0.6.0\u0027, \u0027console_scripts\u0027, \u0027poretools\u0027)()\n  File \"/usr/local/lib/python2.7/site-packages/poretools/poretools_main.py\", line 543, in main\n    args.func(parser, args)\n  File \"/usr/local/lib/python2.7/site-packages/poretools/poretools_main.py\", line 55, in run_subtool\n    submodule.run(parser, args)\n  File \"/usr/local/lib/python2.7/site-packages/poretools/events.py\", line 13, in run\n    for fast5 in Fast5File.Fast5FileSet(args.files):\n  File \"/usr/local/lib/python2.7/site-packages/poretools/Fast5File.py\", line 110, in next\n    shutil.rmtree(PORETOOLS_TMPDIR)\n  File \"/usr/local/lib/python2.7/shutil.py\", line 261, in rmtree\n    rmtree(fullname, ignore_errors, onerror)\n  File \"/usr/local/lib/python2.7/shutil.py\", line 270, in rmtree\n    onerror(os.rmdir, path, sys.exc_info())\n  File \"/usr/local/lib/python2.7/shutil.py\", line 268, in rmtree\n    os.rmdir(path)\nOSError: [Errno 39] Directory not empty: \u0027.poretools_tmp/test-data\u0027\n." ], "status": "failure", "test_index": 1, "time_seconds": 33.45587611198425, "tool_id": "poretools_events", "tool_version": "0.6.1a1.1"}
                ]]></error>
            
            <system-out><![CDATA[
            
            ]]></system-out>
            <system-err><![CDATA[
            Traceback (most recent call last):  File "/usr/local/bin/poretools", line 11, in <module>    load_entry_point('poretools==0.6.0', 'console_scripts', 'poretools')()  File "/usr/local/lib/python2.7/site-packages/poretools/poretools_main.py", line 543, in main    args.func(parser, args)  File "/usr/local/lib/python2.7/site-packages/poretools/poretools_main.py", line 55, in run_subtool    submodule.run(parser, args)  File "/usr/local/lib/python2.7/site-packages/poretools/events.py", line 13, in run    for fast5 in Fast5File.Fast5FileSet(args.files):  File "/usr/local/lib/python2.7/site-packages/poretools/Fast5File.py", line 110, in next    shutil.rmtree(PORETOOLS_TMPDIR)  File "/usr/local/lib/python2.7/shutil.py", line 261, in rmtree    rmtree(fullname, ignore_errors, onerror)  File "/usr/local/lib/python2.7/shutil.py", line 270, in rmtree    onerror(os.rmdir, path, sys.exc_info())  File "/usr/local/lib/python2.7/shutil.py", line 268, in rmtree    os.rmdir(path)OSError: [Errno 39] Directory not empty: '.poretools_tmp/test-data'
            ]]></system-err>
        
    </testcase>
    
    <testcase classname="qualimap_bamqc (Test #1)" name="0" time="83.43911218643188">
        
            
            <system-out><![CDATA[
            Java memory size is set to 1200MLaunching application...detected environment java options -Djava.awt.headless=true -Xmx25769mQualiMap v.2.3Built on 2023-05-19 16:57Selected tool: bamqcAvailable memory (Mb): 419Max memory (Mb): 27028Starting bam qc....Loading sam header...Loading locator...Loading reference...Only flagged duplicate alignments will be skipped...Number of windows: 400, effective number of windows: 325Chunk of reads size: 1000Number of threads: 6Processed 50 out of 325 windows...Processed 100 out of 325 windows...Processed 150 out of 325 windows...Processed 200 out of 325 windows...Processed 250 out of 325 windows...Processed 300 out of 325 windows...Total processed windows:325Number of reads: 100Number of valid reads: 100Number of correct strand reads:0Inside of regions...Num mapped reads: 100Num mapped first of pair: 0Num mapped second of pair: 0Num singletons: 0Time taken to analyze reads: 0Computing descriptors...numberOfMappedBases: 12665referenceSize: 650numberOfSequencedBases: 7465numberOfAs: 1910Computing per chromosome statistics...Computing histograms...Overall analysis time: 0end of bam qcComputing report...Writing HTML report...HTML report created successfullyFinished
            ]]></system-out>
            <system-err><![CDATA[
            
            ]]></system-err>
        
    </testcase>
    
    <testcase classname="qualimap_bamqc (Test #2)" name="1" time="27.179938077926636">
        
            
                <error type="error" message="Tool exit code: None"><![CDATA[
                    { "inputs": {  "input1": {   "id": "a9d017c5a55a6734",   "src": "hda"  },  "per_base_coverage": true }, "job": {  "command_line": "export JAVA_OPTS=\"-Djava.awt.headless=true -Xmx${GALAXY_MEMORY_MB:-1024}m\" \u0026\u0026    ln -s \u0027/galaxy/server/database/objects/3/5/4/dataset_3544cf20-faf2-48f9-bee3-a7e0b3f19ea0.dat\u0027 \u0027test_mapped_reads_bam\u0027 \u0026\u0026  qualimap bamqc -bam \u0027test_mapped_reads_bam\u0027 -outdir results -outformat html --collect-overlap-pairs --output-genome-coverage results/coverage.txt -nw 400 --paint-chromosome-limits -hm 3  --skip-duplicated --skip-dup-mode 0 -nt ${GALAXY_SLOTS:-1} \u0026\u0026  mv results/coverage.txt \u0027/galaxy/server/database/objects/e/c/8/dataset_ec8c8cc6-32c9-4c28-a16a-d655056421a9.dat\u0027 \u0026\u0026  sed \u0027s|images_qualimapReport/||g;s|css/||g\u0027 results/qualimapReport.html \u003e \u0027/galaxy/server/database/objects/a/7/f/dataset_a7fba86a-0b85-4505-b2b5-634cee896065.dat\u0027 \u0026\u0026 mkdir \u0027/galaxy/server/database/objects/a/7/f/dataset_a7fba86a-0b85-4505-b2b5-634cee896065_files\u0027 \u0026\u0026 mv results/css/*.css \u0027/galaxy/server/database/objects/a/7/f/dataset_a7fba86a-0b85-4505-b2b5-634cee896065_files\u0027 \u0026\u0026 mv results/css/*.png \u0027/galaxy/server/database/objects/a/7/f/dataset_a7fba86a-0b85-4505-b2b5-634cee896065_files\u0027 \u0026\u0026 if [ -d results/images_qualimapReport ]; then mv results/images_qualimapReport/* \u0027/galaxy/server/database/objects/a/7/f/dataset_a7fba86a-0b85-4505-b2b5-634cee896065_files\u0027 \u0026\u0026 for file in $(ls -A results/raw_data_qualimapReport); do mv \"results/raw_data_qualimapReport/$file\" `echo \"results/$file\" | sed \u0027s/(//;s/)//\u0027`; done fi \u0026\u0026 mv results/genome_results.txt results/summary_report.txt",  "command_version": null,  "copied_from_job_id": null,  "create_time": "2025-03-02T18:53:58.616046",  "dependencies": [],  "exit_code": null,  "external_id": "gxy-lhwnp",  "galaxy_version": "24.1",  "handler": null,  "history_id": "68ce40de164b1c88",  "id": "6a569fe5f02478f7",  "inputs": {   "input1": {    "id": "a9d017c5a55a6734",    "src": "hda",    "uuid": "3544cf20-faf2-48f9-bee3-a7e0b3f19ea0"   }  },  "job_messages": null,  "job_metrics": [],  "job_runner_name": null,  "job_stderr": null,  "job_stdout": null,  "model_class": "Job",  "output_collections": {   "raw_data": {    "id": "8984a99fc4d46543",    "src": "hdca"   }  },  "outputs": {   "output_html": {    "id": "2aab8344b08277e7",    "src": "hda",    "uuid": "a7fba86a-0b85-4505-b2b5-634cee896065"   },   "output_per_base_coverage": {    "id": "461138ca6d06484b",    "src": "hda",    "uuid": "ec8c8cc6-32c9-4c28-a16a-d655056421a9"   },   "raw_data|__part__|coverage_across_reference": {    "id": "f52e7a51b6e009bc",    "src": "hda",    "uuid": "5aaba8d2-74e4-431d-b614-14d18e4c3a2a"   },   "raw_data|__part__|coverage_histogram": {    "id": "19dc10f380a6abf0",    "src": "hda",    "uuid": "c7d850e0-9389-412e-ad21-4b8f9fbc4657"   },   "raw_data|__part__|duplication_rate_histogram": {    "id": "b7bcefcf002e0063",    "src": "hda",    "uuid": "9447f21f-f8c4-4144-95a1-d4f965f1946c"   },   "raw_data|__part__|genome_fraction_coverage": {    "id": "71247b07866860ac",    "src": "hda",    "uuid": "a656a76e-e598-4bdc-9936-ea5ffcbd75ea"   },   "raw_data|__part__|genome_results": {    "id": "5407b12a49f0b416",    "src": "hda",    "uuid": "c6215085-9b64-43b0-bf9f-a2e42be5eaf9"   },   "raw_data|__part__|homopolymer_indels": {    "id": "24b4d7bc84d6b297",    "src": "hda",    "uuid": "b96dd04a-6b18-4eb9-822a-5046359ce4fc"   },   "raw_data|__part__|insert_size_across_reference": {    "id": "25c829ab87368387",    "src": "hda",    "uuid": "27a5aa9e-d25e-4257-a717-f2d29875dec1"   },   "raw_data|__part__|insert_size_histogram": {    "id": "713d5406783848fb",    "src": "hda",    "uuid": "d083c952-76a5-49c3-ad54-dff6a912768d"   },   "raw_data|__part__|mapped_reads_clipping_profile": {    "id": "12a27e3e86da5a37",    "src": "hda",    "uuid": "4202d4a8-9da3-49a6-abb4-41c83b0c01c8"   },   "raw_data|__part__|mapped_reads_gc-content_distribution": {    "id": "4897da8c193d4c3f",    "src": "hda",    "uuid": "59b1fe22-a6dd-40d8-bbee-904cc4d545a4"   },   "raw_data|__part__|mapped_reads_nucleotide_content": {    "id": "d9d826cdf7318e41",    "src": "hda",    "uuid": "a83660fd-dba6-4c4e-838a-dc6a5df74b22"   },   "raw_data|__part__|mapping_quality_across_reference": {    "id": "531897228741e3ef",    "src": "hda",    "uuid": "1ac99452-2208-4173-b52b-084e317de114"   },   "raw_data|__part__|mapping_quality_histogram": {    "id": "70c75c86c68b0cd1",    "src": "hda",    "uuid": "5dfcbc7a-4950-42e1-a66c-9e2dd1d4ae55"   }  },  "params": {   "__input_ext": "\"input\"",   "chromInfo": "\"/cvmfs/data.galaxyproject.org/managed/len/ucsc/?.len\"",   "dbkey": "\"?\"",   "duplicate_skipping": "\"0\"",   "per_base_coverage": "true",   "plot_specific": "{\"genome_gc_distr\": null, \"homopolymer_size\": \"3\", \"n_bins\": \"400\", \"paint_chromosome_limits\": true}",   "stats_regions": "{\"__current_case__\": 0, \"region_select\": \"all\"}"  },  "state": "error",  "stderr": "",  "stdout": "Java memory size is set to 1200M\nLaunching application...\n\ndetected environment java options -Djava.awt.headless=true -Xmx25769m\nQualiMap v.2.3\nBuilt on 2023-05-19 16:57\n\nSelected tool: bamqc\nAvailable memory (Mb): 419\nMax memory (Mb): 27028\nStarting bam qc....\nLoading sam header...\nLoading locator...\nLoading reference...\nOnly flagged duplicate alignments will be skipped...\nNumber of windows: 400, effective number of windows: 325\nChunk of reads size: 1000\nNumber of threads: 6\nProcessed 50 out of 325 windows...\nProcessed 100 out of 325 windows...\nProcessed 150 out of 325 windows...\nProcessed 200 out of 325 windows...\nProcessed 250 out of 325 windows...\nProcessed 300 out of 325 windows...\nTotal processed windows:325\nNumber of reads: 100\nNumber of valid reads: 100\nNumber of correct strand reads:0\n\nInside of regions...\nNum mapped reads: 100\nNum mapped first of pair: 0\nNum mapped second of pair: 0\nNum singletons: 0\nTime taken to analyze reads: 0\nComputing descriptors...\nnumberOfMappedBases: 12665\nreferenceSize: 650\nnumberOfSequencedBases: 7465\nnumberOfAs: 1910\nComputing per chromosome statistics...\nComputing histograms...\nOverall analysis time: 0\nend of bam qc\nComputing report...\nWriting HTML report...\nHTML report created successfully\n\nFinished\n",  "tool_id": "toolshed.g2.bx.psu.edu/repos/iuc/qualimap_bamqc/qualimap_bamqc/2.3+galaxy0",  "tool_stderr": "",  "tool_stdout": "Java memory size is set to 1200M\nLaunching application...\n\ndetected environment java options -Djava.awt.headless=true -Xmx25769m\nQualiMap v.2.3\nBuilt on 2023-05-19 16:57\n\nSelected tool: bamqc\nAvailable memory (Mb): 419\nMax memory (Mb): 27028\nStarting bam qc....\nLoading sam header...\nLoading locator...\nLoading reference...\nOnly flagged duplicate alignments will be skipped...\nNumber of windows: 400, effective number of windows: 325\nChunk of reads size: 1000\nNumber of threads: 6\nProcessed 50 out of 325 windows...\nProcessed 100 out of 325 windows...\nProcessed 150 out of 325 windows...\nProcessed 200 out of 325 windows...\nProcessed 250 out of 325 windows...\nProcessed 300 out of 325 windows...\nTotal processed windows:325\nNumber of reads: 100\nNumber of valid reads: 100\nNumber of correct strand reads:0\n\nInside of regions...\nNum mapped reads: 100\nNum mapped first of pair: 0\nNum mapped second of pair: 0\nNum singletons: 0\nTime taken to analyze reads: 0\nComputing descriptors...\nnumberOfMappedBases: 12665\nreferenceSize: 650\nnumberOfSequencedBases: 7465\nnumberOfAs: 1910\nComputing per chromosome statistics...\nComputing histograms...\nOverall analysis time: 0\nend of bam qc\nComputing report...\nWriting HTML report...\nHTML report created successfully\n\nFinished\n",  "update_time": "2025-03-02T18:54:05.140777",  "user_email": "tests@fake.org" }, "output_problems": [  "Job in error state.. tool_id: toolshed.g2.bx.psu.edu/repos/iuc/qualimap_bamqc/qualimap_bamqc/2.3+galaxy0, exit_code: None, stderr: .",  "Job in error state.. tool_id: toolshed.g2.bx.psu.edu/repos/iuc/qualimap_bamqc/qualimap_bamqc/2.3+galaxy0, exit_code: None, stderr: .",  "Job in error state.. tool_id: toolshed.g2.bx.psu.edu/repos/iuc/qualimap_bamqc/qualimap_bamqc/2.3+galaxy0, exit_code: None, stderr: ." ], "status": "failure", "test_index": 1, "time_seconds": 27.179938077926636, "tool_id": "qualimap_bamqc", "tool_version": "2.3+galaxy0"}
                ]]></error>
            
            <system-out><![CDATA[
            Java memory size is set to 1200MLaunching application...detected environment java options -Djava.awt.headless=true -Xmx25769mQualiMap v.2.3Built on 2023-05-19 16:57Selected tool: bamqcAvailable memory (Mb): 419Max memory (Mb): 27028Starting bam qc....Loading sam header...Loading locator...Loading reference...Only flagged duplicate alignments will be skipped...Number of windows: 400, effective number of windows: 325Chunk of reads size: 1000Number of threads: 6Processed 50 out of 325 windows...Processed 100 out of 325 windows...Processed 150 out of 325 windows...Processed 200 out of 325 windows...Processed 250 out of 325 windows...Processed 300 out of 325 windows...Total processed windows:325Number of reads: 100Number of valid reads: 100Number of correct strand reads:0Inside of regions...Num mapped reads: 100Num mapped first of pair: 0Num mapped second of pair: 0Num singletons: 0Time taken to analyze reads: 0Computing descriptors...numberOfMappedBases: 12665referenceSize: 650numberOfSequencedBases: 7465numberOfAs: 1910Computing per chromosome statistics...Computing histograms...Overall analysis time: 0end of bam qcComputing report...Writing HTML report...HTML report created successfullyFinished
            ]]></system-out>
            <system-err><![CDATA[
            
            ]]></system-err>
        
    </testcase>
    
    <testcase classname="qualimap_bamqc (Test #3)" name="2" time="39.49533176422119">
        
            
            <system-out><![CDATA[
            Java memory size is set to 1200MLaunching application...detected environment java options -Djava.awt.headless=true -Xmx25769mQualiMap v.2.3Built on 2023-05-19 16:57Selected tool: bamqcAvailable memory (Mb): 419Max memory (Mb): 27028Starting bam qc....Loading sam header...Loading locator...Loading reference...Only flagged duplicate alignments will be skipped...Number of windows: 400, effective number of windows: 325Chunk of reads size: 1000Number of threads: 6Initializing regions from regions.gtf.....Found 4 regionsFilling region references... Processed 50 out of 325 windows...Processed 100 out of 325 windows...Processed 150 out of 325 windows...Processed 200 out of 325 windows...Processed 250 out of 325 windows...Processed 300 out of 325 windows...Total processed windows:325Number of reads: 100Number of valid reads: 100Number of correct strand reads:0Inside of regions...Num mapped reads: 82Num mapped first of pair: 0Num mapped second of pair: 0Num singletons: 0Time taken to analyze reads: 0Computing descriptors...numberOfMappedBases: 6451referenceSize: 650numberOfSequencedBases: 5101numberOfAs: 1243Computing per chromosome statistics...Computing histograms...Overall analysis time: 0end of bam qcComputing report...Writing HTML report...HTML report created successfullyFinished
            ]]></system-out>
            <system-err><![CDATA[
            
            ]]></system-err>
        
    </testcase>
    
    <testcase classname="qualimap_bamqc (Test #4)" name="3" time="37.697108030319214">
        
            
            <system-out><![CDATA[
            Java memory size is set to 1200MLaunching application...detected environment java options -Djava.awt.headless=true -Xmx25769mQualiMap v.2.3Built on 2023-05-19 16:57Selected tool: bamqcAvailable memory (Mb): 419Max memory (Mb): 27028Starting bam qc....Loading sam header...Loading locator...Loading reference...Only flagged duplicate alignments will be skipped...Number of windows: 400, effective number of windows: 325Chunk of reads size: 1000Number of threads: 6Initializing regions from regions.gtf.....Found 4 regionsFilling region references... Processed 50 out of 325 windows...Processed 100 out of 325 windows...Processed 150 out of 325 windows...Processed 200 out of 325 windows...Processed 250 out of 325 windows...Processed 300 out of 325 windows...Total processed windows:325Number of reads: 100Number of valid reads: 100Number of correct strand reads:0Inside of regions...Num mapped reads: 82Num mapped first of pair: 0Num mapped second of pair: 0Num singletons: 0Time taken to analyze reads: 0Computing descriptors...numberOfMappedBases: 6451referenceSize: 650numberOfSequencedBases: 5101numberOfAs: 1243Computing per chromosome statistics...Computing histograms...Overall analysis time: 0end of bam qcComputing report...Writing HTML report...HTML report created successfullyFinished
            ]]></system-out>
            <system-err><![CDATA[
            
            ]]></system-err>
        
    </testcase>
    
    <testcase classname="qualimap_bamqc (Test #5)" name="4" time="29.95004940032959">
        
            
                <error type="error" message="Tool exit code: None"><![CDATA[
                    { "inputs": {  "input1": {   "id": "07bd394deaf53e4a",   "src": "hda"  },  "per_base_coverage": true,  "stats_regions|outside_stats": true,  "stats_regions|region_select": "custom_regions",  "stats_regions|regions": {   "id": "a2c129bb8c1951e1",   "src": "hda"  } }, "job": {  "command_line": "export JAVA_OPTS=\"-Djava.awt.headless=true -Xmx${GALAXY_MEMORY_MB:-1024}m\" \u0026\u0026   ln -s \u0027/galaxy/server/database/objects/3/3/d/dataset_33d8dadc-33c3-44dd-8bd6-c8b6960c5646.dat\u0027 regions.gtf \u0026\u0026   ln -s \u0027/galaxy/server/database/objects/1/0/3/dataset_103d893b-8534-49b0-906a-b6475be64dcd.dat\u0027 \u0027test_mapped_reads_bam\u0027 \u0026\u0026  qualimap bamqc -bam \u0027test_mapped_reads_bam\u0027 -outdir results -outformat html --collect-overlap-pairs -gff regions.gtf --outside-stats --output-genome-coverage /dev/null -nw 400 --paint-chromosome-limits -hm 3  --skip-duplicated --skip-dup-mode 0 -nt ${GALAXY_SLOTS:-1} \u0026\u0026  mv results/outside_coverage.txt \u0027/galaxy/server/database/objects/8/7/5/dataset_87531ebe-6d51-4af9-bed7-04cfa9cab8e5.dat\u0027 \u0026\u0026  sed \u0027s|images_qualimapReportOutsideRegions/||g;s|css/||g\u0027 results/qualimapReportOutsideRegions.html \u003e \u0027/galaxy/server/database/objects/1/6/a/dataset_16a6be07-bf16-4f72-8b03-8db94fecaab0.dat\u0027 \u0026\u0026 mkdir \u0027/galaxy/server/database/objects/1/6/a/dataset_16a6be07-bf16-4f72-8b03-8db94fecaab0_files\u0027 \u0026\u0026 mv results/css/*.css \u0027/galaxy/server/database/objects/1/6/a/dataset_16a6be07-bf16-4f72-8b03-8db94fecaab0_files\u0027 \u0026\u0026 mv results/css/*.png \u0027/galaxy/server/database/objects/1/6/a/dataset_16a6be07-bf16-4f72-8b03-8db94fecaab0_files\u0027 \u0026\u0026 if [ -d results/images_qualimapReportOutsideRegions ]; then mv results/images_qualimapReportOutsideRegions/* \u0027/galaxy/server/database/objects/1/6/a/dataset_16a6be07-bf16-4f72-8b03-8db94fecaab0_files\u0027 \u0026\u0026 for file in $(ls -A results/raw_data_qualimapReportOutsideRegions); do mv \"results/raw_data_qualimapReportOutsideRegions/$file\" `echo \"results/$file\" | sed \u0027s/(//;s/)//\u0027`; done fi \u0026\u0026 mv results/outside_results.txt results/summary_report.txt",  "command_version": null,  "copied_from_job_id": null,  "create_time": "2025-03-02T18:55:44.200864",  "dependencies": [],  "exit_code": null,  "external_id": "gxy-6ghn2",  "galaxy_version": "24.1",  "handler": null,  "history_id": "68ce40de164b1c88",  "id": "81094bca5e46533e",  "inputs": {   "input1": {    "id": "07bd394deaf53e4a",    "src": "hda",    "uuid": "103d893b-8534-49b0-906a-b6475be64dcd"   },   "stats_regions|regions": {    "id": "a2c129bb8c1951e1",    "src": "hda",    "uuid": "33d8dadc-33c3-44dd-8bd6-c8b6960c5646"   }  },  "job_messages": null,  "job_metrics": [],  "job_runner_name": null,  "job_stderr": null,  "job_stdout": null,  "model_class": "Job",  "output_collections": {   "raw_data": {    "id": "9fd6f44e085c51d1",    "src": "hdca"   }  },  "outputs": {   "output_html": {    "id": "d4bde842cce48c1b",    "src": "hda",    "uuid": "16a6be07-bf16-4f72-8b03-8db94fecaab0"   },   "output_per_base_coverage": {    "id": "c742820fe1b233ab",    "src": "hda",    "uuid": "87531ebe-6d51-4af9-bed7-04cfa9cab8e5"   },   "raw_data|__part__|coverage_across_reference": {    "id": "d9df3bb43b982358",    "src": "hda",    "uuid": "615caaf6-da26-45bb-b5b3-eb8d1f238c31"   },   "raw_data|__part__|coverage_histogram": {    "id": "0521629b0a48a8ba",    "src": "hda",    "uuid": "9d26f25d-491e-479a-8cfc-41e3e69dffe6"   },   "raw_data|__part__|duplication_rate_histogram": {    "id": "0e936f3a0aae0cc4",    "src": "hda",    "uuid": "dfd3039c-9e66-4f2c-a0e6-ed58e0599bf8"   },   "raw_data|__part__|genome_fraction_coverage": {    "id": "acb9a45c4c7bc1d0",    "src": "hda",    "uuid": "0980d25b-09c9-40de-b329-6d83b4de054e"   },   "raw_data|__part__|genome_results": {    "id": "c6e06fe56d5c9d78",    "src": "hda",    "uuid": "a99f1646-70f6-4ad4-ad5c-5f2385fade45"   },   "raw_data|__part__|homopolymer_indels": {    "id": "2719a4c43beb30e3",    "src": "hda",    "uuid": "6e89dc91-7a47-4937-9a9a-324497d6e467"   },   "raw_data|__part__|insert_size_across_reference": {    "id": "aee94ed87959964b",    "src": "hda",    "uuid": "2532c674-d360-4523-9a05-6ee41cf2def0"   },   "raw_data|__part__|insert_size_histogram": {    "id": "15976caf5c64f057",    "src": "hda",    "uuid": "e6259256-cb78-462d-b7a7-2cf0819b8499"   },   "raw_data|__part__|mapped_reads_clipping_profile": {    "id": "363ca2f6e8eaf322",    "src": "hda",    "uuid": "bd0160f3-ff7a-4149-b2ff-95d00392d811"   },   "raw_data|__part__|mapped_reads_gc-content_distribution": {    "id": "ac0cb52a9cd57f05",    "src": "hda",    "uuid": "a31345ab-2e8e-49f9-9977-70abb5242ded"   },   "raw_data|__part__|mapped_reads_nucleotide_content": {    "id": "a00cd2bacfee6024",    "src": "hda",    "uuid": "a492ae3a-6e68-4e7d-90b7-e2f8be72b619"   },   "raw_data|__part__|mapping_quality_across_reference": {    "id": "9cfa2bce748308ba",    "src": "hda",    "uuid": "410cc9f4-1972-4440-a073-9f487e654f09"   },   "raw_data|__part__|mapping_quality_histogram": {    "id": "513ed1c4b92fd917",    "src": "hda",    "uuid": "a0c2b3b2-a4f5-43e4-a3c8-4164f640b313"   }  },  "params": {   "__input_ext": "\"input\"",   "chromInfo": "\"/cvmfs/data.galaxyproject.org/managed/len/ucsc/?.len\"",   "dbkey": "\"?\"",   "duplicate_skipping": "\"0\"",   "per_base_coverage": "true",   "plot_specific": "{\"genome_gc_distr\": null, \"homopolymer_size\": \"3\", \"n_bins\": \"400\", \"paint_chromosome_limits\": true}",   "stats_regions": "{\"__current_case__\": 1, \"outside_stats\": true, \"region_select\": \"custom_regions\", \"regions\": {\"values\": [{\"id\": 151, \"src\": \"hda\"}]}}"  },  "state": "error",  "stderr": "",  "stdout": "Java memory size is set to 1200M\nLaunching application...\n\ndetected environment java options -Djava.awt.headless=true -Xmx25769m\nQualiMap v.2.3\nBuilt on 2023-05-19 16:57\n\nSelected tool: bamqc\nAvailable memory (Mb): 419\nMax memory (Mb): 27028\nStarting bam qc....\nLoading sam header...\nLoading locator...\nLoading reference...\nOnly flagged duplicate alignments will be skipped...\nNumber of windows: 400, effective number of windows: 325\nChunk of reads size: 1000\nNumber of threads: 6\nInitializing regions from regions.gtf.....\nFound 4 regions\nFilling region references... \nProcessed 50 out of 325 windows...\nProcessed 100 out of 325 windows...\nProcessed 150 out of 325 windows...\nProcessed 200 out of 325 windows...\nProcessed 250 out of 325 windows...\nProcessed 300 out of 325 windows...\nTotal processed windows:325\nNumber of reads: 100\nNumber of valid reads: 100\nNumber of correct strand reads:0\n\nInside of regions...\nNum mapped reads: 82\nNum mapped first of pair: 0\nNum mapped second of pair: 0\nNum singletons: 0\n\nOuside of regions...\nNum mapped reads: 18\nNum mapped first of pair: 0\nNum mapped second of pair: 0\nNum singletons: 0\nTime taken to analyze reads: 0\nComputing descriptors...\nnumberOfMappedBases: 6451\nreferenceSize: 650\nnumberOfSequencedBases: 5101\nnumberOfAs: 1243\nComputing per chromosome statistics...\nComputing histograms...\nComputing descriptors for outside regions...\nnumberOfMappedBases: 6214\nreferenceSize: 650\nnumberOfSequencedBases: 2364\nnumberOfAs: 667\nComputing per chromosome statistics for outside regions...\nComputing histograms for outside regions...\nOverall analysis time: 0\nend of bam qc\nComputing report...\nWriting HTML report...\nHTML report created successfully\n\nFinished\n",  "tool_id": "toolshed.g2.bx.psu.edu/repos/iuc/qualimap_bamqc/qualimap_bamqc/2.3+galaxy0",  "tool_stderr": "",  "tool_stdout": "Java memory size is set to 1200M\nLaunching application...\n\ndetected environment java options -Djava.awt.headless=true -Xmx25769m\nQualiMap v.2.3\nBuilt on 2023-05-19 16:57\n\nSelected tool: bamqc\nAvailable memory (Mb): 419\nMax memory (Mb): 27028\nStarting bam qc....\nLoading sam header...\nLoading locator...\nLoading reference...\nOnly flagged duplicate alignments will be skipped...\nNumber of windows: 400, effective number of windows: 325\nChunk of reads size: 1000\nNumber of threads: 6\nInitializing regions from regions.gtf.....\nFound 4 regions\nFilling region references... \nProcessed 50 out of 325 windows...\nProcessed 100 out of 325 windows...\nProcessed 150 out of 325 windows...\nProcessed 200 out of 325 windows...\nProcessed 250 out of 325 windows...\nProcessed 300 out of 325 windows...\nTotal processed windows:325\nNumber of reads: 100\nNumber of valid reads: 100\nNumber of correct strand reads:0\n\nInside of regions...\nNum mapped reads: 82\nNum mapped first of pair: 0\nNum mapped second of pair: 0\nNum singletons: 0\n\nOuside of regions...\nNum mapped reads: 18\nNum mapped first of pair: 0\nNum mapped second of pair: 0\nNum singletons: 0\nTime taken to analyze reads: 0\nComputing descriptors...\nnumberOfMappedBases: 6451\nreferenceSize: 650\nnumberOfSequencedBases: 5101\nnumberOfAs: 1243\nComputing per chromosome statistics...\nComputing histograms...\nComputing descriptors for outside regions...\nnumberOfMappedBases: 6214\nreferenceSize: 650\nnumberOfSequencedBases: 2364\nnumberOfAs: 667\nComputing per chromosome statistics for outside regions...\nComputing histograms for outside regions...\nOverall analysis time: 0\nend of bam qc\nComputing report...\nWriting HTML report...\nHTML report created successfully\n\nFinished\n",  "update_time": "2025-03-02T18:55:52.382977",  "user_email": "tests@fake.org" }, "output_problems": [  "Job in error state.. tool_id: toolshed.g2.bx.psu.edu/repos/iuc/qualimap_bamqc/qualimap_bamqc/2.3+galaxy0, exit_code: None, stderr: .",  "Job in error state.. tool_id: toolshed.g2.bx.psu.edu/repos/iuc/qualimap_bamqc/qualimap_bamqc/2.3+galaxy0, exit_code: None, stderr: .",  "Job in error state.. tool_id: toolshed.g2.bx.psu.edu/repos/iuc/qualimap_bamqc/qualimap_bamqc/2.3+galaxy0, exit_code: None, stderr: ." ], "status": "failure", "test_index": 4, "time_seconds": 29.95004940032959, "tool_id": "qualimap_bamqc", "tool_version": "2.3+galaxy0"}
                ]]></error>
            
            <system-out><![CDATA[
            Java memory size is set to 1200MLaunching application...detected environment java options -Djava.awt.headless=true -Xmx25769mQualiMap v.2.3Built on 2023-05-19 16:57Selected tool: bamqcAvailable memory (Mb): 419Max memory (Mb): 27028Starting bam qc....Loading sam header...Loading locator...Loading reference...Only flagged duplicate alignments will be skipped...Number of windows: 400, effective number of windows: 325Chunk of reads size: 1000Number of threads: 6Initializing regions from regions.gtf.....Found 4 regionsFilling region references... Processed 50 out of 325 windows...Processed 100 out of 325 windows...Processed 150 out of 325 windows...Processed 200 out of 325 windows...Processed 250 out of 325 windows...Processed 300 out of 325 windows...Total processed windows:325Number of reads: 100Number of valid reads: 100Number of correct strand reads:0Inside of regions...Num mapped reads: 82Num mapped first of pair: 0Num mapped second of pair: 0Num singletons: 0Ouside of regions...Num mapped reads: 18Num mapped first of pair: 0Num mapped second of pair: 0Num singletons: 0Time taken to analyze reads: 0Computing descriptors...numberOfMappedBases: 6451referenceSize: 650numberOfSequencedBases: 5101numberOfAs: 1243Computing per chromosome statistics...Computing histograms...Computing descriptors for outside regions...numberOfMappedBases: 6214referenceSize: 650numberOfSequencedBases: 2364numberOfAs: 667Computing per chromosome statistics for outside regions...Computing histograms for outside regions...Overall analysis time: 0end of bam qcComputing report...Writing HTML report...HTML report created successfullyFinished
            ]]></system-out>
            <system-err><![CDATA[
            
            ]]></system-err>
        
    </testcase>
    
    <testcase classname="samtools_stats (Test #1)" name="0" time="38.40069580078125">
        
            
            <system-out><![CDATA[
            
            ]]></system-out>
            <system-err><![CDATA[
            
            ]]></system-err>
        
    </testcase>
    
    <testcase classname="samtools_stats (Test #1)" name="0" time="37.48736000061035">
        
            
            <system-out><![CDATA[
            
            ]]></system-out>
            <system-err><![CDATA[
            
            ]]></system-err>
        
    </testcase>
    
    <testcase classname="samtools_stats (Test #2)" name="1" time="35.0664279460907">
        
            
            <system-out><![CDATA[
            
            ]]></system-out>
            <system-err><![CDATA[
            
            ]]></system-err>
        
    </testcase>
    
    <testcase classname="samtools_stats (Test #2)" name="1" time="35.26485323905945">
        
            
            <system-out><![CDATA[
            
            ]]></system-out>
            <system-err><![CDATA[
            
            ]]></system-err>
        
    </testcase>
    
    <testcase classname="samtools_stats (Test #11)" name="10" time="35.08413600921631">
        
            
            <system-out><![CDATA[
            
            ]]></system-out>
            <system-err><![CDATA[
            
            ]]></system-err>
        
    </testcase>
    
    <testcase classname="samtools_stats (Test #11)" name="10" time="34.96799921989441">
        
            
            <system-out><![CDATA[
            
            ]]></system-out>
            <system-err><![CDATA[
            
            ]]></system-err>
        
    </testcase>
    
    <testcase classname="samtools_stats (Test #12)" name="11" time="29.724551677703857">
        
            
                <error type="error" message="Tool exit code: None"><![CDATA[
                    { "inputs": {  "addref_cond|addref_select": "history",  "addref_cond|ref": {   "id": "e7143c11eae9cf14",   "src": "hda"  },  "input": {   "id": "eed346207fb23835",   "src": "hda"  } }, "job": {  "command_line": "addthreads=${GALAXY_SLOTS:-1} \u0026\u0026 (( addthreads-- )) \u0026\u0026   ln -s \u0027/galaxy/server/database/objects/0/3/1/dataset_031d28d6-5dd6-49f7-94a5-54db5be41ea1.dat\u0027 infile \u0026\u0026 ln -s \u0027/galaxy/server/database/objects/_metadata_files/0/f/4/metadata_0f45e63c-9d0c-4889-be25-14bbd84f2073.dat\u0027 infile.bai \u0026\u0026      reffa=\"reference.fa\" \u0026\u0026 ln -s \u0027/galaxy/server/database/objects/a/3/6/dataset_a365ee66-a97b-41cb-8a93-baef750a5abb.dat\u0027 $reffa \u0026\u0026 samtools faidx $reffa \u0026\u0026 reffai=$reffa.fai \u0026\u0026  samtools stats   --ref-seq \"$reffa\"     -@ $addthreads infile   \u003e \u0027/galaxy/server/database/objects/5/7/5/dataset_575126e5-ab6e-42d0-a94c-cf6f178e76c9.dat\u0027",  "command_version": null,  "copied_from_job_id": null,  "create_time": "2025-03-02T19:02:14.714470",  "dependencies": [],  "exit_code": null,  "external_id": "gxy-9pnzq",  "galaxy_version": "24.1",  "handler": null,  "history_id": "68ce40de164b1c88",  "id": "19dc10f380a6abf0",  "inputs": {   "addref_cond|ref": {    "id": "e7143c11eae9cf14",    "src": "hda",    "uuid": "a365ee66-a97b-41cb-8a93-baef750a5abb"   },   "input": {    "id": "eed346207fb23835",    "src": "hda",    "uuid": "031d28d6-5dd6-49f7-94a5-54db5be41ea1"   }  },  "job_messages": null,  "job_metrics": [],  "job_runner_name": null,  "job_stderr": null,  "job_stdout": null,  "model_class": "Job",  "output_collections": {},  "outputs": {   "output": {    "id": "9a43ddb6a133bfee",    "src": "hda",    "uuid": "575126e5-ab6e-42d0-a94c-cf6f178e76c9"   }  },  "params": {   "__input_ext": "\"input\"",   "addref_cond": "{\"__current_case__\": 1, \"addref_select\": \"history\", \"ref\": {\"values\": [{\"id\": 198, \"src\": \"hda\"}]}}",   "chromInfo": "\"/cvmfs/data.galaxyproject.org/managed/len/ucsc/?.len\"",   "cond_region": "{\"__current_case__\": 0, \"select_region\": \"no\"}",   "cov_threshold": "\"\"",   "coverage_cond": "{\"__current_case__\": 0, \"coverage_select\": \"no\"}",   "dbkey": "\"?\"",   "filter_by_flags": "{\"__current_case__\": 1, \"filter_flags\": \"nofilter\"}",   "gc_depth": "\"\"",   "insert_size": "\"\"",   "most_inserts": "\"\"",   "read_group": null,   "read_length": "\"\"",   "remove_dups": "false",   "remove_overlaps": "false",   "sparse": "false",   "split_output_cond": "{\"__current_case__\": 0, \"split_output_selector\": \"no\"}",   "trim_quality": "\"\""  },  "state": "error",  "stderr": "",  "stdout": "",  "tool_id": "toolshed.g2.bx.psu.edu/repos/devteam/samtools_stats/samtools_stats/2.0.5",  "tool_stderr": "",  "tool_stdout": "",  "update_time": "2025-03-02T19:02:20.036199",  "user_email": "tests@fake.org" }, "output_problems": [  "Job in error state.. tool_id: toolshed.g2.bx.psu.edu/repos/devteam/samtools_stats/samtools_stats/2.0.5, exit_code: None, stderr: .",  "Job in error state.. tool_id: toolshed.g2.bx.psu.edu/repos/devteam/samtools_stats/samtools_stats/2.0.5, exit_code: None, stderr: ." ], "status": "failure", "test_index": 11, "time_seconds": 29.724551677703857, "tool_id": "samtools_stats", "tool_version": "2.0.5"}
                ]]></error>
            
            <system-out><![CDATA[
            
            ]]></system-out>
            <system-err><![CDATA[
            
            ]]></system-err>
        
    </testcase>
    
    <testcase classname="samtools_stats (Test #12)" name="11" time="34.4830756187439">
        
            
            <system-out><![CDATA[
            
            ]]></system-out>
            <system-err><![CDATA[
            
            ]]></system-err>
        
    </testcase>
    
    <testcase classname="samtools_stats (Test #13)" name="12" time="38.86493372917175">
        
            
            <system-out><![CDATA[
            
            ]]></system-out>
            <system-err><![CDATA[
            
            ]]></system-err>
        
    </testcase>
    
    <testcase classname="samtools_stats (Test #13)" name="12" time="36.40042996406555">
        
            
            <system-out><![CDATA[
            
            ]]></system-out>
            <system-err><![CDATA[
            
            ]]></system-err>
        
    </testcase>
    
    <testcase classname="samtools_stats (Test #3)" name="2" time="26.86879825592041">
        
            
                <error type="error" message="Tool exit code: None"><![CDATA[
                    { "inputs": {  "addref_cond|addref_select": "history",  "addref_cond|ref": {   "id": "854832f8fcfa5137",   "src": "hda"  },  "input": {   "id": "e9a2da0177d2e54f",   "src": "hda"  },  "insert_size": "0" }, "job": {  "command_line": "addthreads=${GALAXY_SLOTS:-1} \u0026\u0026 (( addthreads-- )) \u0026\u0026   ln -s \u0027/galaxy/server/database/objects/a/5/e/dataset_a5e2dfd5-25be-474c-889b-9e8ad91c6e16.dat\u0027 infile \u0026\u0026      reffa=\"reference.fa\" \u0026\u0026 ln -s \u0027/galaxy/server/database/objects/5/4/c/dataset_54c4d6cf-4a28-4921-bdf5-6ff1e99b6885.dat\u0027 $reffa \u0026\u0026 samtools faidx $reffa \u0026\u0026 reffai=$reffa.fai \u0026\u0026  samtools stats  --insert-size 0  --ref-seq \"$reffa\"     -@ $addthreads infile   \u003e \u0027/galaxy/server/database/objects/6/a/e/dataset_6aee76c8-10c4-4b7f-b3c4-775f9be4ddac.dat\u0027",  "command_version": null,  "copied_from_job_id": null,  "create_time": "2025-03-02T18:57:28.012553",  "dependencies": [],  "exit_code": null,  "external_id": "gxy-4mtmk",  "galaxy_version": "24.1",  "handler": null,  "history_id": "68ce40de164b1c88",  "id": "691194b951393fc9",  "inputs": {   "addref_cond|ref": {    "id": "854832f8fcfa5137",    "src": "hda",    "uuid": "54c4d6cf-4a28-4921-bdf5-6ff1e99b6885"   },   "input": {    "id": "e9a2da0177d2e54f",    "src": "hda",    "uuid": "a5e2dfd5-25be-474c-889b-9e8ad91c6e16"   }  },  "job_messages": null,  "job_metrics": [],  "job_runner_name": null,  "job_stderr": null,  "job_stdout": null,  "model_class": "Job",  "output_collections": {},  "outputs": {   "output": {    "id": "460697e4038cd3c7",    "src": "hda",    "uuid": "6aee76c8-10c4-4b7f-b3c4-775f9be4ddac"   }  },  "params": {   "__input_ext": "\"input\"",   "addref_cond": "{\"__current_case__\": 1, \"addref_select\": \"history\", \"ref\": {\"values\": [{\"id\": 174, \"src\": \"hda\"}]}}",   "chromInfo": "\"/cvmfs/data.galaxyproject.org/managed/len/ucsc/?.len\"",   "cond_region": "{\"__current_case__\": 0, \"select_region\": \"no\"}",   "cov_threshold": "\"\"",   "coverage_cond": "{\"__current_case__\": 0, \"coverage_select\": \"no\"}",   "dbkey": "\"?\"",   "filter_by_flags": "{\"__current_case__\": 1, \"filter_flags\": \"nofilter\"}",   "gc_depth": "\"\"",   "insert_size": "\"0\"",   "most_inserts": "\"\"",   "read_group": null,   "read_length": "\"\"",   "remove_dups": "false",   "remove_overlaps": "false",   "sparse": "false",   "split_output_cond": "{\"__current_case__\": 0, \"split_output_selector\": \"no\"}",   "trim_quality": "\"\""  },  "state": "error",  "stderr": "",  "stdout": "",  "tool_id": "toolshed.g2.bx.psu.edu/repos/devteam/samtools_stats/samtools_stats/2.0.5",  "tool_stderr": "",  "tool_stdout": "",  "update_time": "2025-03-02T18:57:34.329461",  "user_email": "tests@fake.org" }, "output_problems": [  "Job in error state.. tool_id: toolshed.g2.bx.psu.edu/repos/devteam/samtools_stats/samtools_stats/2.0.5, exit_code: None, stderr: .",  "Job in error state.. tool_id: toolshed.g2.bx.psu.edu/repos/devteam/samtools_stats/samtools_stats/2.0.5, exit_code: None, stderr: ." ], "status": "failure", "test_index": 2, "time_seconds": 26.86879825592041, "tool_id": "samtools_stats", "tool_version": "2.0.5"}
                ]]></error>
            
            <system-out><![CDATA[
            
            ]]></system-out>
            <system-err><![CDATA[
            
            ]]></system-err>
        
    </testcase>
    
    <testcase classname="samtools_stats (Test #3)" name="2" time="34.90661573410034">
        
            
            <system-out><![CDATA[
            
            ]]></system-out>
            <system-err><![CDATA[
            
            ]]></system-err>
        
    </testcase>
    
    <testcase classname="samtools_stats (Test #4)" name="3" time="33.52635955810547">
        
            
            <system-out><![CDATA[
            
            ]]></system-out>
            <system-err><![CDATA[
            Barcodes with tag BC differ in length at sequence 'ref1_grp1_p002'
            ]]></system-err>
        
    </testcase>
    
    <testcase classname="samtools_stats (Test #4)" name="3" time="33.28595972061157">
        
            
            <system-out><![CDATA[
            
            ]]></system-out>
            <system-err><![CDATA[
            Barcodes with tag BC differ in length at sequence 'ref1_grp1_p002'
            ]]></system-err>
        
    </testcase>
    
    <testcase classname="samtools_stats (Test #5)" name="4" time="33.898317098617554">
        
            
            <system-out><![CDATA[
            
            ]]></system-out>
            <system-err><![CDATA[
            Barcodes with tag BC differ in length at sequence 'ref1_grp1_p002'
            ]]></system-err>
        
    </testcase>
    
    <testcase classname="samtools_stats (Test #5)" name="4" time="32.88971018791199">
        
            
            <system-out><![CDATA[
            
            ]]></system-out>
            <system-err><![CDATA[
            Barcodes with tag BC differ in length at sequence 'ref1_grp1_p002'
            ]]></system-err>
        
    </testcase>
    
    <testcase classname="samtools_stats (Test #6)" name="5" time="34.696215867996216">
        
            
            <system-out><![CDATA[
            
            ]]></system-out>
            <system-err><![CDATA[
            Barcodes with tag BC differ in length at sequence 'ref1_grp1_p002'
            ]]></system-err>
        
    </testcase>
    
    <testcase classname="samtools_stats (Test #6)" name="5" time="34.04076170921326">
        
            
            <system-out><![CDATA[
            
            ]]></system-out>
            <system-err><![CDATA[
            Barcodes with tag BC differ in length at sequence 'ref1_grp1_p002'
            ]]></system-err>
        
    </testcase>
    
    <testcase classname="samtools_stats (Test #7)" name="6" time="35.16700053215027">
        
            
            <system-out><![CDATA[
            
            ]]></system-out>
            <system-err><![CDATA[
            Barcodes with tag BC differ in length at sequence 'ref1_grp1_p002'
            ]]></system-err>
        
    </testcase>
    
    <testcase classname="samtools_stats (Test #7)" name="6" time="33.79444622993469">
        
            
            <system-out><![CDATA[
            
            ]]></system-out>
            <system-err><![CDATA[
            Barcodes with tag BC differ in length at sequence 'ref1_grp1_p002'
            ]]></system-err>
        
    </testcase>
    
    <testcase classname="samtools_stats (Test #8)" name="7" time="35.94763231277466">
        
            
            <system-out><![CDATA[
            
            ]]></system-out>
            <system-err><![CDATA[
            
            ]]></system-err>
        
    </testcase>
    
    <testcase classname="samtools_stats (Test #8)" name="7" time="33.441903591156006">
        
            
            <system-out><![CDATA[
            
            ]]></system-out>
            <system-err><![CDATA[
            
            ]]></system-err>
        
    </testcase>
    
    <testcase classname="samtools_stats (Test #9)" name="8" time="35.24776744842529">
        
            
            <system-out><![CDATA[
            
            ]]></system-out>
            <system-err><![CDATA[
            
            ]]></system-err>
        
    </testcase>
    
    <testcase classname="samtools_stats (Test #9)" name="8" time="19.04354238510132">
        
            <error type="error" message="Input staging problem: Job in error state.. tool_id: upload1, exit_code: None, stderr: ."><![CDATA[
                { "execution_problem": "Input staging problem: Job in error state.. tool_id: upload1, exit_code: None, stderr: .", "status": "error", "test_index": 8, "time_seconds": 19.04354238510132, "tool_id": "samtools_stats", "tool_version": "2.0.5"}
            ]]></error>
        
    </testcase>
    
    <testcase classname="samtools_stats (Test #10)" name="9" time="11.979209184646606">
        
            <error type="error" message="Input staging problem: Job in error state.. tool_id: upload1, exit_code: None, stderr: ."><![CDATA[
                { "execution_problem": "Input staging problem: Job in error state.. tool_id: upload1, exit_code: None, stderr: .", "status": "error", "test_index": 9, "time_seconds": 11.979209184646606, "tool_id": "samtools_stats", "tool_version": "2.0.5"}
            ]]></error>
        
    </testcase>
    
    <testcase classname="samtools_stats (Test #10)" name="9" time="34.7630078792572">
        
            
            <system-out><![CDATA[
            
            ]]></system-out>
            <system-err><![CDATA[
            
            ]]></system-err>
        
    </testcase>
    
    <testcase classname="scanpy_find_markers (Test #1)" name="0" time="0.09662914276123047">
        
            <error type="error" message="Input staging problem: Test input file (louvain_1.0) cannot be found."><![CDATA[
                { "execution_problem": "Input staging problem: Test input file (louvain_1.0) cannot be found.", "status": "error", "test_index": 0, "time_seconds": 0.09662914276123047, "tool_id": "scanpy_find_markers", "tool_version": "1.9.3+galaxy0"}
            ]]></error>
        
    </testcase>
    
    <testcase classname="scanpy_find_markers (Test #1)" name="0" time="0.0969393253326416">
        
            <error type="error" message="Input staging problem: Test input file (louvain_1.0) cannot be found."><![CDATA[
                { "execution_problem": "Input staging problem: Test input file (louvain_1.0) cannot be found.", "status": "error", "test_index": 0, "time_seconds": 0.0969393253326416, "tool_id": "scanpy_find_markers", "tool_version": "1.9.3+galaxy0"}
            ]]></error>
        
    </testcase>
    
    <testcase classname="scanpy_find_markers (Test #2)" name="1" time="0.05580568313598633">
        
            <error type="error" message="Input staging problem: Test input file (louvain_1.0) cannot be found."><![CDATA[
                { "execution_problem": "Input staging problem: Test input file (louvain_1.0) cannot be found.", "status": "error", "test_index": 1, "time_seconds": 0.05580568313598633, "tool_id": "scanpy_find_markers", "tool_version": "1.9.3+galaxy0"}
            ]]></error>
        
    </testcase>
    
    <testcase classname="scanpy_find_markers (Test #2)" name="1" time="0.052927255630493164">
        
            <error type="error" message="Input staging problem: Test input file (louvain_1.0) cannot be found."><![CDATA[
                { "execution_problem": "Input staging problem: Test input file (louvain_1.0) cannot be found.", "status": "error", "test_index": 1, "time_seconds": 0.052927255630493164, "tool_id": "scanpy_find_markers", "tool_version": "1.9.3+galaxy0"}
            ]]></error>
        
    </testcase>
    
    <testcase classname="scanpy_find_markers (Test #3)" name="2" time="0.055635929107666016">
        
            <error type="error" message="Input staging problem: Test input file (mnn.h5) cannot be found."><![CDATA[
                { "execution_problem": "Input staging problem: Test input file (mnn.h5) cannot be found.", "status": "error", "test_index": 2, "time_seconds": 0.055635929107666016, "tool_id": "scanpy_find_markers", "tool_version": "1.9.3+galaxy0"}
            ]]></error>
        
    </testcase>
    
    <testcase classname="scanpy_find_markers (Test #3)" name="2" time="0.0572052001953125">
        
            <error type="error" message="Input staging problem: Test input file (mnn.h5) cannot be found."><![CDATA[
                { "execution_problem": "Input staging problem: Test input file (mnn.h5) cannot be found.", "status": "error", "test_index": 2, "time_seconds": 0.0572052001953125, "tool_id": "scanpy_find_markers", "tool_version": "1.9.3+galaxy0"}
            ]]></error>
        
    </testcase>
    
    <testcase classname="scater_filter (Test #1)" name="0" time="82.78826093673706">
        
            
            <system-out><![CDATA[
            [1] "Starting with 40 cells and 2000 features."[1] "After filtering out low library counts:  39 cells and 2000 features."[1] "After filtering out high MT gene counts:  34 cells and 2000 features."[1] "After filtering out cells with low feature counts:  34 cells and 2000 features."[1] "After filtering out rare features:  34 cells and 1148 features."[1] TRUE
            ]]></system-out>
            <system-err><![CDATA[
            Loading required package: S4VectorsLoading required package: stats4Loading required package: BiocGenericsAttaching package: BiocGenericsThe following objects are masked from package:stats:    IQR, mad, sd, var, xtabsThe following objects are masked from package:base:    anyDuplicated, append, as.data.frame, basename, cbind, colnames,    dirname, do.call, duplicated, eval, evalq, Filter, Find, get, grep,    grepl, intersect, is.unsorted, lapply, Map, mapply, match, mget,    order, paste, pmax, pmax.int, pmin, pmin.int, Position, rank,    rbind, Reduce, rownames, sapply, setdiff, sort, table, tapply,    union, unique, unsplit, which.max, which.minAttaching package: S4VectorsThe following objects are masked from package:base:    expand.grid, I, unnameLoading required package: SingleCellExperimentLoading required package: SummarizedExperimentLoading required package: MatrixGenericsLoading required package: matrixStatsAttaching package: MatrixGenericsThe following objects are masked from package:matrixStats:    colAlls, colAnyNAs, colAnys, colAvgsPerRowSet, colCollapse,    colCounts, colCummaxs, colCummins, colCumprods, colCumsums,    colDiffs, colIQRDiffs, colIQRs, colLogSumExps, colMadDiffs,    colMads, colMaxs, colMeans2, colMedians, colMins, colOrderStats,    colProds, colQuantiles, colRanges, colRanks, colSdDiffs, colSds,    colSums2, colTabulates, colVarDiffs, colVars, colWeightedMads,    colWeightedMeans, colWeightedMedians, colWeightedSds,    colWeightedVars, rowAlls, rowAnyNAs, rowAnys, rowAvgsPerColSet,    rowCollapse, rowCounts, rowCummaxs, rowCummins, rowCumprods,    rowCumsums, rowDiffs, rowIQRDiffs, rowIQRs, rowLogSumExps,    rowMadDiffs, rowMads, rowMaxs, rowMeans2, rowMedians, rowMins,    rowOrderStats, rowProds, rowQuantiles, rowRanges, rowRanks,    rowSdDiffs, rowSds, rowSums2, rowTabulates, rowVarDiffs, rowVars,    rowWeightedMads, rowWeightedMeans, rowWeightedMedians,    rowWeightedSds, rowWeightedVarsLoading required package: GenomicRangesLoading required package: IRangesLoading required package: GenomeInfoDbLoading required package: BiobaseWelcome to Bioconductor    Vignettes contain introductory material; view with    'browseVignettes()'. To cite Bioconductor, see    'citation("Biobase")', and for packages 'citation("pkgname")'.Attaching package: BiobaseThe following object is masked from package:MatrixGenerics:    rowMediansThe following objects are masked from package:matrixStats:    anyMissing, rowMediansLoading required package: rhdf5Loading required package: BiocIOLoading required package: scuttleLoading required package: ggplot2Warning message:In value[[3L]](cond) :  zero-length inputs cannot be mixed with those of non-zero length
            ]]></system-err>
        
    </testcase>
    
    <testcase classname="scater_filter (Test #1)" name="0" time="45.53160858154297">
        
            
            <system-out><![CDATA[
            [1] "Starting with 40 cells and 2000 features."[1] "After filtering out low library counts:  39 cells and 2000 features."[1] "After filtering out high MT gene counts:  34 cells and 2000 features."[1] "After filtering out cells with low feature counts:  34 cells and 2000 features."[1] "After filtering out rare features:  34 cells and 1148 features."[1] TRUE
            ]]></system-out>
            <system-err><![CDATA[
            Loading required package: S4VectorsLoading required package: stats4Loading required package: BiocGenericsAttaching package: BiocGenericsThe following objects are masked from package:stats:    IQR, mad, sd, var, xtabsThe following objects are masked from package:base:    anyDuplicated, append, as.data.frame, basename, cbind, colnames,    dirname, do.call, duplicated, eval, evalq, Filter, Find, get, grep,    grepl, intersect, is.unsorted, lapply, Map, mapply, match, mget,    order, paste, pmax, pmax.int, pmin, pmin.int, Position, rank,    rbind, Reduce, rownames, sapply, setdiff, sort, table, tapply,    union, unique, unsplit, which.max, which.minAttaching package: S4VectorsThe following objects are masked from package:base:    expand.grid, I, unnameLoading required package: SingleCellExperimentLoading required package: SummarizedExperimentLoading required package: MatrixGenericsLoading required package: matrixStatsAttaching package: MatrixGenericsThe following objects are masked from package:matrixStats:    colAlls, colAnyNAs, colAnys, colAvgsPerRowSet, colCollapse,    colCounts, colCummaxs, colCummins, colCumprods, colCumsums,    colDiffs, colIQRDiffs, colIQRs, colLogSumExps, colMadDiffs,    colMads, colMaxs, colMeans2, colMedians, colMins, colOrderStats,    colProds, colQuantiles, colRanges, colRanks, colSdDiffs, colSds,    colSums2, colTabulates, colVarDiffs, colVars, colWeightedMads,    colWeightedMeans, colWeightedMedians, colWeightedSds,    colWeightedVars, rowAlls, rowAnyNAs, rowAnys, rowAvgsPerColSet,    rowCollapse, rowCounts, rowCummaxs, rowCummins, rowCumprods,    rowCumsums, rowDiffs, rowIQRDiffs, rowIQRs, rowLogSumExps,    rowMadDiffs, rowMads, rowMaxs, rowMeans2, rowMedians, rowMins,    rowOrderStats, rowProds, rowQuantiles, rowRanges, rowRanks,    rowSdDiffs, rowSds, rowSums2, rowTabulates, rowVarDiffs, rowVars,    rowWeightedMads, rowWeightedMeans, rowWeightedMedians,    rowWeightedSds, rowWeightedVarsLoading required package: GenomicRangesLoading required package: IRangesLoading required package: GenomeInfoDbLoading required package: BiobaseWelcome to Bioconductor    Vignettes contain introductory material; view with    'browseVignettes()'. To cite Bioconductor, see    'citation("Biobase")', and for packages 'citation("pkgname")'.Attaching package: BiobaseThe following object is masked from package:MatrixGenerics:    rowMediansThe following objects are masked from package:matrixStats:    anyMissing, rowMediansLoading required package: rhdf5Loading required package: BiocIOLoading required package: scuttleLoading required package: ggplot2Warning message:In value[[3L]](cond) :  zero-length inputs cannot be mixed with those of non-zero length
            ]]></system-err>
        
    </testcase>
    
    <testcase classname="scater_filter (Test #2)" name="1" time="11.443028926849365">
        
            <error type="error" message="Input staging problem: Job in error state.. tool_id: upload1, exit_code: None, stderr: ."><![CDATA[
                { "execution_problem": "Input staging problem: Job in error state.. tool_id: upload1, exit_code: None, stderr: .", "status": "error", "test_index": 1, "time_seconds": 11.443028926849365, "tool_id": "scater_filter", "tool_version": "1.22.0"}
            ]]></error>
        
    </testcase>
    
    <testcase classname="scater_filter (Test #2)" name="1" time="42.238389015197754">
        
            
            <system-out><![CDATA[
            [1] "Starting with 40 cells"[1] "Ending with 33 cells"[1] TRUE
            ]]></system-out>
            <system-err><![CDATA[
            Loading required package: S4VectorsLoading required package: stats4Loading required package: BiocGenericsAttaching package: BiocGenericsThe following objects are masked from package:stats:    IQR, mad, sd, var, xtabsThe following objects are masked from package:base:    anyDuplicated, append, as.data.frame, basename, cbind, colnames,    dirname, do.call, duplicated, eval, evalq, Filter, Find, get, grep,    grepl, intersect, is.unsorted, lapply, Map, mapply, match, mget,    order, paste, pmax, pmax.int, pmin, pmin.int, Position, rank,    rbind, Reduce, rownames, sapply, setdiff, sort, table, tapply,    union, unique, unsplit, which.max, which.minAttaching package: S4VectorsThe following objects are masked from package:base:    expand.grid, I, unnameLoading required package: SingleCellExperimentLoading required package: SummarizedExperimentLoading required package: MatrixGenericsLoading required package: matrixStatsAttaching package: MatrixGenericsThe following objects are masked from package:matrixStats:    colAlls, colAnyNAs, colAnys, colAvgsPerRowSet, colCollapse,    colCounts, colCummaxs, colCummins, colCumprods, colCumsums,    colDiffs, colIQRDiffs, colIQRs, colLogSumExps, colMadDiffs,    colMads, colMaxs, colMeans2, colMedians, colMins, colOrderStats,    colProds, colQuantiles, colRanges, colRanks, colSdDiffs, colSds,    colSums2, colTabulates, colVarDiffs, colVars, colWeightedMads,    colWeightedMeans, colWeightedMedians, colWeightedSds,    colWeightedVars, rowAlls, rowAnyNAs, rowAnys, rowAvgsPerColSet,    rowCollapse, rowCounts, rowCummaxs, rowCummins, rowCumprods,    rowCumsums, rowDiffs, rowIQRDiffs, rowIQRs, rowLogSumExps,    rowMadDiffs, rowMads, rowMaxs, rowMeans2, rowMedians, rowMins,    rowOrderStats, rowProds, rowQuantiles, rowRanges, rowRanks,    rowSdDiffs, rowSds, rowSums2, rowTabulates, rowVarDiffs, rowVars,    rowWeightedMads, rowWeightedMeans, rowWeightedMedians,    rowWeightedSds, rowWeightedVarsLoading required package: GenomicRangesLoading required package: IRangesLoading required package: GenomeInfoDbLoading required package: BiobaseWelcome to Bioconductor    Vignettes contain introductory material; view with    'browseVignettes()'. To cite Bioconductor, see    'citation("Biobase")', and for packages 'citation("pkgname")'.Attaching package: BiobaseThe following object is masked from package:MatrixGenerics:    rowMediansThe following objects are masked from package:matrixStats:    anyMissing, rowMediansLoading required package: rhdf5Loading required package: BiocIOLoading required package: scuttleLoading required package: ggplot2Attaching package: robustbaseThe following object is masked from package:Biobase:    rowMediansThe following objects are masked from package:MatrixGenerics:    colMedians, rowMediansThe following objects are masked from package:matrixStats:    colMedians, rowMedians
            ]]></system-err>
        
    </testcase>
    
    <testcase classname="sceasy_convert (Test #1)" name="0" time="0.10059452056884766">
        
            <error type="error" message="Input staging problem: Test input file (input.loom) cannot be found."><![CDATA[
                { "execution_problem": "Input staging problem: Test input file (input.loom) cannot be found.", "status": "error", "test_index": 0, "time_seconds": 0.10059452056884766, "tool_id": "sceasy_convert", "tool_version": "0.0.5+galaxy1"}
            ]]></error>
        
    </testcase>
    
    <testcase classname="vcfbreakcreatemulti (Test #1)" name="0" time="41.97529149055481">
        
            
            <system-out><![CDATA[
            
            ]]></system-out>
            <system-err><![CDATA[
            
            ]]></system-err>
        
    </testcase>
    
    <testcase classname="vcfbreakcreatemulti (Test #2)" name="1" time="34.01646327972412">
        
            
            <system-out><![CDATA[
            
            ]]></system-out>
            <system-err><![CDATA[
            
            ]]></system-err>
        
    </testcase>
    
    <testcase classname="vcfselectsamples (Test #1)" name="0" time="32.869227170944214">
        
            
            <system-out><![CDATA[
            
            ]]></system-out>
            <system-err><![CDATA[
            
            ]]></system-err>
        
    </testcase>
    
</testsuite>