<?xml version="1.0" encoding="UTF-8"?>
<testsuite name="Results (powered by Planemo)"
           tests="39"
           errors="0"
           failures="3"
           skip="0">
    
    <testcase classname="bam_to_sam (Test #1)" name="0" time="116.55300307273865">
        
            
            <system-out><![CDATA[
            
            ]]></system-out>
            <system-err><![CDATA[
            
            ]]></system-err>
        
    </testcase>
    
    <testcase classname="bam_to_sam (Test #2)" name="1" time="116.0299711227417">
        
            
            <system-out><![CDATA[
            
            ]]></system-out>
            <system-err><![CDATA[
            
            ]]></system-err>
        
    </testcase>
    
    <testcase classname="bam_to_sam (Test #3)" name="2" time="117.49489092826843">
        
            
            <system-out><![CDATA[
            
            ]]></system-out>
            <system-err><![CDATA[
            
            ]]></system-err>
        
    </testcase>
    
    <testcase classname="bcftools_merge (Test #1)" name="0" time="123.46136474609375">
        
            
            <system-out><![CDATA[
            
            ]]></system-out>
            <system-err><![CDATA[
            
            ]]></system-err>
        
    </testcase>
    
    <testcase classname="bcftools_merge (Test #2)" name="1" time="118.3398950099945">
        
            
            <system-out><![CDATA[
            
            ]]></system-out>
            <system-err><![CDATA[
            
            ]]></system-err>
        
    </testcase>
    
    <testcase classname="bcftools_merge (Test #3)" name="2" time="119.48114514350891">
        
            
            <system-out><![CDATA[
            
            ]]></system-out>
            <system-err><![CDATA[
            
            ]]></system-err>
        
    </testcase>
    
    <testcase classname="bcftools_merge (Test #4)" name="3" time="120.15159130096436">
        
            
            <system-out><![CDATA[
            
            ]]></system-out>
            <system-err><![CDATA[
            
            ]]></system-err>
        
    </testcase>
    
    <testcase classname="bcftools_merge (Test #5)" name="4" time="121.55608534812927">
        
            
            <system-out><![CDATA[
            
            ]]></system-out>
            <system-err><![CDATA[
            
            ]]></system-err>
        
    </testcase>
    
    <testcase classname="bcftools_merge (Test #6)" name="5" time="119.12974786758423">
        
            
            <system-out><![CDATA[
            
            ]]></system-out>
            <system-err><![CDATA[
            
            ]]></system-err>
        
    </testcase>
    
    <testcase classname="bcftools_plugin_missing2ref (Test #1)" name="0" time="127.38563370704651">
        
            
            <system-out><![CDATA[
            
            ]]></system-out>
            <system-err><![CDATA[
            Filled 44 REF alleles
            ]]></system-err>
        
    </testcase>
    
    <testcase classname="column_order_header_sort (Test #1)" name="0" time="122.86425161361694">
        
            
                <error type="error" message="Tool exit code: 0"><![CDATA[
                    { "inputs": {  "input_tabular": {   "id": "1ac46ba513d72e31",   "src": "hda"  },  "key_column": "1" }, "job": {  "command_line": "python \u0027/cvmfs/cloud.galaxyproject.org/tools/toolshed.g2.bx.psu.edu/repos/iuc/column_order_header_sort/6ae9724caf4d/column_order_header_sort/column_order_header_sort.py\u0027 \u0027/galaxy/server/database/objects/2/8/f/dataset_28fd8a56-a12e-48ce-82a8-a17cd34293db.dat\u0027 \u0027/galaxy/server/database/objects/2/d/d/dataset_2dd67c77-17a2-4ff1-bb98-7dc36f97e493.dat\u0027 \u0027\t\u0027 \u00271\u0027",  "command_version": "",  "create_time": "2023-09-08T00:41:19.980550",  "dependencies": [],  "exit_code": 0,  "external_id": "gxy-gsw26",  "galaxy_version": "21.09",  "history_id": "1ac46ba513d72e31",  "id": "4a99db1f3dd6599e",  "inputs": {   "input_tabular": {    "id": "1ac46ba513d72e31",    "src": "hda",    "uuid": "28fd8a56-a12e-48ce-82a8-a17cd34293db"   }  },  "job_messages": [],  "job_metrics": [   {    "name": "runtime_seconds",    "plugin": "core",    "raw_value": "0E-7",    "title": "Job Runtime (Wall Clock)",    "value": "0 seconds"   },   {    "name": "end_epoch",    "plugin": "core",    "raw_value": "1694133783.0000000",    "title": "Job End Time",    "value": "2023-09-08 00:43:03"   },   {    "name": "start_epoch",    "plugin": "core",    "raw_value": "1694133783.0000000",    "title": "Job Start Time",    "value": "2023-09-08 00:43:03"   },   {    "name": "galaxy_memory_mb",    "plugin": "core",    "raw_value": "2000.0000000",    "title": "Memory Allocated (MB)",    "value": "2000"   },   {    "name": "galaxy_slots",    "plugin": "core",    "raw_value": "1.0000000",    "title": "Cores Allocated",    "value": "1"   }  ],  "job_stderr": "",  "job_stdout": "",  "model_class": "Job",  "output_collections": {},  "outputs": {   "output_tabular": {    "id": "4a99db1f3dd6599e",    "src": "hda",    "uuid": "2dd67c77-17a2-4ff1-bb98-7dc36f97e493"   }  },  "params": {   "__input_ext": "\"tabular\"",   "chromInfo": "\"/cvmfs/data.galaxyproject.org/managed/len/ucsc/?.len\"",   "dbkey": "\"?\"",   "key_column": "\"1\""  },  "state": "ok",  "stderr": "",  "stdout": "",  "tool_id": "toolshed.g2.bx.psu.edu/repos/iuc/column_order_header_sort/column_order_header_sort/0.0.1",  "tool_stderr": "",  "tool_stdout": "",  "traceback": null,  "update_time": "2023-09-08T00:43:13.173628",  "user_email": "tests@fake.org" }, "output_problems": [  "Output output_tabular:  different than expected, difference (using diff):\n( /tmp/tmptjrh6tmpout_1.tabular v. /tmp/tmpqir29cuvout_1.tabular )\n--- local_file\n+++ history_data\n@@ -1,4 +1,4 @@\n #KEY\ta\tb\tc\n one\t1-3\t1-1\t1-2\n two\t1-6\t1-4\t1-5\n-three\t1-9\t1-7\t1-8+three\t1-9\t1-7\t1-8\n" ], "status": "failure", "test_index": 0, "time_seconds": 122.86425161361694, "tool_id": "column_order_header_sort", "tool_version": "0.0.1"}
                ]]></error>
            
            <system-out><![CDATA[
            
            ]]></system-out>
            <system-err><![CDATA[
            
            ]]></system-err>
        
    </testcase>
    
    <testcase classname="deeptools_plot_pca (Test #1)" name="0" time="147.49438381195068">
        
            
            <system-out><![CDATA[
            
            ]]></system-out>
            <system-err><![CDATA[
            
            ]]></system-err>
        
    </testcase>
    
    <testcase classname="deeptools_plot_pca (Test #2)" name="1" time="121.6902506351471">
        
            
            <system-out><![CDATA[
            
            ]]></system-out>
            <system-err><![CDATA[
            
            ]]></system-err>
        
    </testcase>
    
    <testcase classname="fastp (Test #1)" name="0" time="119.81792140007019">
        
            
            <system-out><![CDATA[
            
            ]]></system-out>
            <system-err><![CDATA[
            Detecting adapter sequence for read1...No adapter detected for read1Read1 before filtering:total reads: 2total bases: 302Q20 bases: 262(86.755%)Q30 bases: 241(79.8013%)Read1 after filtering:total reads: 2total bases: 302Q20 bases: 262(86.755%)Q30 bases: 241(79.8013%)Filtering result:reads passed filter: 2reads failed due to low quality: 0reads failed due to too many N: 0reads failed due to too short: 0reads with adapter trimmed: 0bases trimmed due to adapters: 0Duplication rate (may be overestimated since this is SE data): 0%JSON report: fastp.jsonHTML report: fastp.htmlfastp --thread 1 --report_title fastp report for R1_fq.fastq -i R1_fq.fastq -o first.fastq fastp v0.23.2, time used: 0 seconds
            ]]></system-err>
        
    </testcase>
    
    <testcase classname="fastp (Test #2)" name="1" time="118.43636965751648">
        
            
            <system-out><![CDATA[
            
            ]]></system-out>
            <system-err><![CDATA[
            Detecting adapter sequence for read1...No adapter detected for read1Detecting adapter sequence for read2...No adapter detected for read2WARNNIG: different read numbers of the 0 packRead1 pack size: 99Read2 pack size: 100Read1 before filtering:total reads: 99total bases: 24849Q20 bases: 23268(93.6376%)Q30 bases: 22391(90.1083%)Read2 before filtering:total reads: 99total bases: 24849Q20 bases: 22676(91.2552%)Q30 bases: 21532(86.6514%)Read1 after filtering:total reads: 97total bases: 22942Q20 bases: 21680(94.4992%)Q30 bases: 20981(91.4524%)Read2 after filtering:total reads: 97total bases: 22942Q20 bases: 21535(93.8671%)Q30 bases: 20672(90.1055%)Filtering result:reads passed filter: 194reads failed due to low quality: 2reads failed due to too many N: 2reads failed due to too short: 0reads with adapter trimmed: 68bases trimmed due to adapters: 2824Duplication rate: 0%Insert size peak (evaluated by paired-end reads): 308JSON report: fastp.jsonHTML report: fastp.htmlfastp --thread 1 --report_title fastp report for Unnamed Collection.fastq -i Unnamed Collection.fastq -o first.fastq -I Unnamed Collection_R2.fastq -O second.fastq --detect_adapter_for_pe fastp v0.23.2, time used: 1 seconds
            ]]></system-err>
        
    </testcase>
    
    <testcase classname="fastp (Test #11)" name="10" time="120.97416067123413">
        
            
            <system-out><![CDATA[
            
            ]]></system-out>
            <system-err><![CDATA[
            Detecting adapter sequence for read1...No adapter detected for read1Read1 before filtering:total reads: 2total bases: 302Q20 bases: 262(86.755%)Q30 bases: 241(79.8013%)Read1 after filtering:total reads: 2total bases: 302Q20 bases: 262(86.755%)Q30 bases: 241(79.8013%)Filtering result:reads passed filter: 2reads failed due to low quality: 0reads failed due to too many N: 0reads failed due to too short: 0reads with adapter trimmed: 0bases trimmed due to adapters: 0reads with polyX in 3' end: 0bases trimmed in polyX tail: 0Duplication rate (may be overestimated since this is SE data): 0%JSON report: fastp.jsonHTML report: fastp.htmlfastp --thread 1 --report_title fastp report for R1_fq_gz.fastq.gz -i R1_fq_gz.fastq.gz -o first.fastq.gz -x --poly_x_min_len 10 fastp v0.23.2, time used: 0 seconds
            ]]></system-err>
        
    </testcase>
    
    <testcase classname="fastp (Test #3)" name="2" time="115.95109701156616">
        
            
            <system-out><![CDATA[
            
            ]]></system-out>
            <system-err><![CDATA[
            Read1 before filtering:total reads: 2total bases: 302Q20 bases: 262(86.755%)Q30 bases: 241(79.8013%)Read1 after filtering:total reads: 1total bases: 151Q20 bases: 114(75.4967%)Q30 bases: 98(64.9007%)Filtering result:reads passed filter: 1reads failed due to low quality: 0reads failed due to too many N: 0reads failed due to too short: 1reads with adapter trimmed: 1bases trimmed due to adapters: 139Duplication rate (may be overestimated since this is SE data): 0%JSON report: fastp.jsonHTML report: fastp.htmlfastp --thread 1 --report_title fastp report for R1_fq.fastq -i R1_fq.fastq -o first.fastq --adapter_sequence ATCG fastp v0.23.2, time used: 0 seconds
            ]]></system-err>
        
    </testcase>
    
    <testcase classname="fastp (Test #4)" name="3" time="116.44837474822998">
        
            
            <system-out><![CDATA[
            
            ]]></system-out>
            <system-err><![CDATA[
            Detecting adapter sequence for read1...No adapter detected for read1Read1 before filtering:total reads: 2total bases: 302Q20 bases: 262(86.755%)Q30 bases: 241(79.8013%)Read1 after filtering:total reads: 2total bases: 286Q20 bases: 246(86.014%)Q30 bases: 226(79.021%)Filtering result:reads passed filter: 2reads failed due to low quality: 0reads failed due to too many N: 0reads failed due to too short: 0reads with adapter trimmed: 0bases trimmed due to adapters: 0Duplication rate (may be overestimated since this is SE data): 0%JSON report: fastp.jsonHTML report: fastp.htmlfastp --thread 1 --report_title fastp report for R1_fq.fastq -i R1_fq.fastq -o first.fastq -U --umi_loc read1 --umi_len 8 fastp v0.23.2, time used: 0 seconds
            ]]></system-err>
        
    </testcase>
    
    <testcase classname="fastp (Test #5)" name="4" time="115.27293038368225">
        
            
            <system-out><![CDATA[
            
            ]]></system-out>
            <system-err><![CDATA[
            Detecting adapter sequence for read1...No adapter detected for read1Read1 before filtering:total reads: 2total bases: 302Q20 bases: 262(86.755%)Q30 bases: 241(79.8013%)Read1 after filtering:total reads: 2total bases: 278Q20 bases: 239(85.9712%)Q30 bases: 220(79.1367%)Filtering result:reads passed filter: 2reads failed due to low quality: 0reads failed due to too many N: 0reads failed due to too short: 0reads with adapter trimmed: 0bases trimmed due to adapters: 0Duplication rate (may be overestimated since this is SE data): 0%JSON report: fastp.jsonHTML report: fastp.htmlfastp --thread 1 --report_title fastp report for R1_fq.fastq -i R1_fq.fastq -o first.fastq -U --umi_loc read1 --umi_len 12 fastp v0.23.2, time used: 0 seconds
            ]]></system-err>
        
    </testcase>
    
    <testcase classname="fastp (Test #6)" name="5" time="120.36568331718445">
        
            
            <system-out><![CDATA[
            
            ]]></system-out>
            <system-err><![CDATA[
            Detecting adapter sequence for read1...No adapter detected for read1Detecting adapter sequence for read2...No adapter detected for read2WARNNIG: different read numbers of the 0 packRead1 pack size: 99Read2 pack size: 100Read1 before filtering:total reads: 99total bases: 24849Q20 bases: 23268(93.6376%)Q30 bases: 22391(90.1083%)Read2 before filtering:total reads: 99total bases: 24849Q20 bases: 22676(91.2552%)Q30 bases: 21532(86.6514%)Read1 after filtering:total reads: 97total bases: 22942Q20 bases: 21680(94.4992%)Q30 bases: 20981(91.4524%)Read2 after filtering:total reads: 97total bases: 22942Q20 bases: 21535(93.8671%)Q30 bases: 20672(90.1055%)Filtering result:reads passed filter: 194reads failed due to low quality: 2reads failed due to too many N: 2reads failed due to too short: 0reads with adapter trimmed: 68bases trimmed due to adapters: 2824Duplication rate: 0%Insert size peak (evaluated by paired-end reads): 308JSON report: fastp.jsonHTML report: fastp.htmlfastp --thread 1 --report_title fastp report for bwa-mem-fastq1_fq.fastq -i bwa-mem-fastq1_fq.fastq -o first.fastq -I bwa-mem-fastq2_fq_R2.fastq -O second.fastq --detect_adapter_for_pe fastp v0.23.2, time used: 1 seconds
            ]]></system-err>
        
    </testcase>
    
    <testcase classname="fastp (Test #7)" name="6" time="116.4350745677948">
        
            
            <system-out><![CDATA[
            
            ]]></system-out>
            <system-err><![CDATA[
            Detecting adapter sequence for read1...No adapter detected for read1Detecting adapter sequence for read2...No adapter detected for read2WARNNIG: different read numbers of the 0 packRead1 pack size: 99Read2 pack size: 100Read1 before filtering:total reads: 99total bases: 24849Q20 bases: 23268(93.6376%)Q30 bases: 22391(90.1083%)Read2 before filtering:total reads: 99total bases: 24849Q20 bases: 22676(91.2552%)Q30 bases: 21532(86.6514%)Read1 after filtering:total reads: 97total bases: 22166Q20 bases: 20935(94.4464%)Q30 bases: 20255(91.3787%)Read2 after filtering:total reads: 97total bases: 22646Q20 bases: 21284(93.9857%)Q30 bases: 20447(90.2897%)Filtering result:reads passed filter: 194reads failed due to low quality: 2reads failed due to too many N: 2reads failed due to too short: 0reads with adapter trimmed: 76bases trimmed due to adapters: 3128Duplication rate: 0%Insert size peak (evaluated by paired-end reads): 243JSON report: fastp.jsonHTML report: fastp.htmlfastp --thread 1 --report_title fastp report for bwa-mem-fastq1_fq.fastq -i bwa-mem-fastq1_fq.fastq -o first.fastq -I bwa-mem-fastq2_fq_R2.fastq -O second.fastq --detect_adapter_for_pe -U --umi_loc read1 --umi_len 8 fastp v0.23.2, time used: 1 seconds
            ]]></system-err>
        
    </testcase>
    
    <testcase classname="fastp (Test #8)" name="7" time="118.53436422348022">
        
            
            <system-out><![CDATA[
            
            ]]></system-out>
            <system-err><![CDATA[
            Detecting adapter sequence for read1...No adapter detected for read1Detecting adapter sequence for read2...No adapter detected for read2WARNNIG: different read numbers of the 0 packRead1 pack size: 99Read2 pack size: 100Read1 before filtering:total reads: 99total bases: 24849Q20 bases: 23268(93.6376%)Q30 bases: 22391(90.1083%)Read2 before filtering:total reads: 99total bases: 24849Q20 bases: 22676(91.2552%)Q30 bases: 21532(86.6514%)Read1 after filtering:total reads: 97total bases: 22678Q20 bases: 21439(94.5366%)Q30 bases: 20756(91.5248%)Read2 after filtering:total reads: 97total bases: 22166Q20 bases: 20766(93.684%)Q30 bases: 19910(89.8223%)Filtering result:reads passed filter: 194reads failed due to low quality: 2reads failed due to too many N: 2reads failed due to too short: 0reads with adapter trimmed: 68bases trimmed due to adapters: 3096Duplication rate: 0%Insert size peak (evaluated by paired-end reads): 300JSON report: fastp.jsonHTML report: fastp.htmlfastp --thread 1 --report_title fastp report for bwa-mem-fastq1_fq.fastq -i bwa-mem-fastq1_fq.fastq -o first.fastq -I bwa-mem-fastq2_fq_R2.fastq -O second.fastq --detect_adapter_for_pe -U --umi_loc read2 --umi_len 8 fastp v0.23.2, time used: 0 seconds
            ]]></system-err>
        
    </testcase>
    
    <testcase classname="fastp (Test #9)" name="8" time="117.86653685569763">
        
            
            <system-out><![CDATA[
            
            ]]></system-out>
            <system-err><![CDATA[
            Detecting adapter sequence for read1...No adapter detected for read1Read1 before filtering:total reads: 2total bases: 302Q20 bases: 262(86.755%)Q30 bases: 241(79.8013%)Read1 after filtering:total reads: 2total bases: 302Q20 bases: 262(86.755%)Q30 bases: 241(79.8013%)Filtering result:reads passed filter: 2reads failed due to low quality: 0reads failed due to too many N: 0reads failed due to too short: 0reads with adapter trimmed: 0bases trimmed due to adapters: 0Duplication rate (may be overestimated since this is SE data): 0%JSON report: fastp.jsonHTML report: fastp.htmlfastp --thread 1 --report_title fastp report for R1_fq.fastq -i R1_fq.fastq -o first.fastq fastp v0.23.2, time used: 0 seconds
            ]]></system-err>
        
    </testcase>
    
    <testcase classname="fastp (Test #10)" name="9" time="119.13887643814087">
        
            
            <system-out><![CDATA[
            
            ]]></system-out>
            <system-err><![CDATA[
            Detecting adapter sequence for read1...No adapter detected for read1Read1 before filtering:total reads: 2total bases: 302Q20 bases: 262(86.755%)Q30 bases: 241(79.8013%)Read1 after filtering:total reads: 2total bases: 302Q20 bases: 262(86.755%)Q30 bases: 241(79.8013%)Filtering result:reads passed filter: 2reads failed due to low quality: 0reads failed due to too many N: 0reads failed due to too short: 0reads with adapter trimmed: 0bases trimmed due to adapters: 0Duplication rate (may be overestimated since this is SE data): 0%JSON report: fastp.jsonHTML report: fastp.htmlfastp --thread 1 --report_title fastp report for R1_fq_gz.fastq.gz -i R1_fq_gz.fastq.gz -o first.fastq.gz --poly_g_min_len 10 -g fastp v0.23.2, time used: 0 seconds
            ]]></system-err>
        
    </testcase>
    
    <testcase classname="ivar_variants (Test #1)" name="0" time="119.90084052085876">
        
            
            <system-out><![CDATA[
            A GFF file containing the open reading frames (ORFs) has not been provided. Amino acid translation will not be done.A reference sequence has not been supplied. Amino acid translation will not be done.
            ]]></system-out>
            <system-err><![CDATA[
            [mpileup] 1 samples in 1 input files[mpileup] Max depth set to maximum value (2147483647)
            ]]></system-err>
        
    </testcase>
    
    <testcase classname="lofreq_viterbi (Test #1)" name="0" time="123.85098147392273">
        
            
            <system-out><![CDATA[
            
            ]]></system-out>
            <system-err><![CDATA[
            
            ]]></system-err>
        
    </testcase>
    
    <testcase classname="lofreq_viterbi (Test #2)" name="1" time="118.5778157711029">
        
            
            <system-out><![CDATA[
            
            ]]></system-out>
            <system-err><![CDATA[
            
            ]]></system-err>
        
    </testcase>
    
    <testcase classname="poretools_events (Test #1)" name="0" time="147.76888370513916">
        
            
                <error type="error" message="Tool exit code: 1"><![CDATA[
                    { "inputs": {  "input": {   "id": "e1857a73fb60bb70",   "src": "hda"  },  "precalled": false }, "job": {  "command_line": "poretools events  \u0027/galaxy/server/database/objects/1/9/e/dataset_19e06ddd-2f5e-4564-b853-7a7fa7177b48.dat\u0027 \u003e \u0027/galaxy/server/database/objects/1/d/5/dataset_1d5590f7-8def-4869-b31d-51ce0d33950b.dat\u0027",  "command_version": "",  "create_time": "2023-09-08T01:37:38.490737",  "dependencies": [],  "exit_code": 1,  "external_id": "gxy-nxxcq",  "galaxy_version": "21.09",  "history_id": "1ac46ba513d72e31",  "id": "8ce4b93d5adaf445",  "inputs": {   "input": {    "id": "e1857a73fb60bb70",    "src": "hda",    "uuid": "19e06ddd-2f5e-4564-b853-7a7fa7177b48"   }  },  "job_messages": [   {    "code_desc": "",    "desc": "Fatal error: Exit code 1 ()",    "error_level": 3,    "exit_code": 1,    "type": "exit_code"   }  ],  "job_metrics": [   {    "name": "runtime_seconds",    "plugin": "core",    "raw_value": "0E-7",    "title": "Job Runtime (Wall Clock)",    "value": "0 seconds"   },   {    "name": "end_epoch",    "plugin": "core",    "raw_value": "1694137179.0000000",    "title": "Job End Time",    "value": "2023-09-08 01:39:39"   },   {    "name": "start_epoch",    "plugin": "core",    "raw_value": "1694137179.0000000",    "title": "Job Start Time",    "value": "2023-09-08 01:39:39"   },   {    "name": "galaxy_memory_mb",    "plugin": "core",    "raw_value": "2000.0000000",    "title": "Memory Allocated (MB)",    "value": "2000"   },   {    "name": "galaxy_slots",    "plugin": "core",    "raw_value": "1.0000000",    "title": "Cores Allocated",    "value": "1"   }  ],  "job_stderr": "Traceback (most recent call last):\n  File \"/usr/local/bin/poretools\", line 11, in \u003cmodule\u003e\n    load_entry_point(\u0027poretools==0.6.0\u0027, \u0027console_scripts\u0027, \u0027poretools\u0027)()\n  File \"/usr/local/lib/python2.7/site-packages/poretools/poretools_main.py\", line 543, in main\n    args.func(parser, args)\n  File \"/usr/local/lib/python2.7/site-packages/poretools/poretools_main.py\", line 55, in run_subtool\n    submodule.run(parser, args)\n  File \"/usr/local/lib/python2.7/site-packages/poretools/events.py\", line 17, in run\n    for fast5 in Fast5File.Fast5FileSet(args.files):\n  File \"/usr/local/lib/python2.7/site-packages/poretools/Fast5File.py\", line 110, in next\n    shutil.rmtree(PORETOOLS_TMPDIR)\n  File \"/usr/local/lib/python2.7/shutil.py\", line 261, in rmtree\n    rmtree(fullname, ignore_errors, onerror)\n  File \"/usr/local/lib/python2.7/shutil.py\", line 270, in rmtree\n    onerror(os.rmdir, path, sys.exc_info())\n  File \"/usr/local/lib/python2.7/shutil.py\", line 268, in rmtree\n    os.rmdir(path)\nOSError: [Errno 39] Directory not empty: \u0027.poretools_tmp/test-data\u0027\n",  "job_stdout": "",  "model_class": "Job",  "output_collections": {},  "outputs": {   "output": {    "id": "30844ea884b1d9d9",    "src": "hda",    "uuid": "1d5590f7-8def-4869-b31d-51ce0d33950b"   }  },  "params": {   "__input_ext": "\"fast5.tar\"",   "chromInfo": "\"/cvmfs/data.galaxyproject.org/managed/len/ucsc/?.len\"",   "dbkey": "\"?\"",   "precalled": "\"false\""  },  "state": "error",  "stderr": "\nTraceback (most recent call last):\n  File \"/usr/local/bin/poretools\", line 11, in \u003cmodule\u003e\n    load_entry_point(\u0027poretools==0.6.0\u0027, \u0027console_scripts\u0027, \u0027poretools\u0027)()\n  File \"/usr/local/lib/python2.7/site-packages/poretools/poretools_main.py\", line 543, in main\n    args.func(parser, args)\n  File \"/usr/local/lib/python2.7/site-packages/poretools/poretools_main.py\", line 55, in run_subtool\n    submodule.run(parser, args)\n  File \"/usr/local/lib/python2.7/site-packages/poretools/events.py\", line 17, in run\n    for fast5 in Fast5File.Fast5FileSet(args.files):\n  File \"/usr/local/lib/python2.7/site-packages/poretools/Fast5File.py\", line 110, in next\n    shutil.rmtree(PORETOOLS_TMPDIR)\n  File \"/usr/local/lib/python2.7/shutil.py\", line 261, in rmtree\n    rmtree(fullname, ignore_errors, onerror)\n  File \"/usr/local/lib/python2.7/shutil.py\", line 270, in rmtree\n    onerror(os.rmdir, path, sys.exc_info())\n  File \"/usr/local/lib/python2.7/shutil.py\", line 268, in rmtree\n    os.rmdir(path)\nOSError: [Errno 39] Directory not empty: \u0027.poretools_tmp/test-data\u0027\n",  "stdout": "",  "tool_id": "toolshed.g2.bx.psu.edu/repos/iuc/poretools_events/poretools_events/0.6.1a1.1",  "tool_stderr": "",  "tool_stdout": "",  "traceback": null,  "update_time": "2023-09-08T01:39:55.802482",  "user_email": "tests@fake.org" }, "output_problems": [  "Job in error state.. tool_id: toolshed.g2.bx.psu.edu/repos/iuc/poretools_events/poretools_events/0.6.1a1.1, exit_code: 1, stderr: \nTraceback (most recent call last):\n  File \"/usr/local/bin/poretools\", line 11, in \u003cmodule\u003e\n    load_entry_point(\u0027poretools==0.6.0\u0027, \u0027console_scripts\u0027, \u0027poretools\u0027)()\n  File \"/usr/local/lib/python2.7/site-packages/poretools/poretools_main.py\", line 543, in main\n    args.func(parser, args)\n  File \"/usr/local/lib/python2.7/site-packages/poretools/poretools_main.py\", line 55, in run_subtool\n    submodule.run(parser, args)\n  File \"/usr/local/lib/python2.7/site-packages/poretools/events.py\", line 17, in run\n    for fast5 in Fast5File.Fast5FileSet(args.files):\n  File \"/usr/local/lib/python2.7/site-packages/poretools/Fast5File.py\", line 110, in next\n    shutil.rmtree(PORETOOLS_TMPDIR)\n  File \"/usr/local/lib/python2.7/shutil.py\", line 261, in rmtree\n    rmtree(fullname, ignore_errors, onerror)\n  File \"/usr/local/lib/python2.7/shutil.py\", line 270, in rmtree\n    onerror(os.rmdir, path, sys.exc_info())\n  File \"/usr/local/lib/python2.7/shutil.py\", line 268, in rmtree\n    os.rmdir(path)\nOSError: [Errno 39] Directory not empty: \u0027.poretools_tmp/test-data\u0027\n.",  "Job in error state.. tool_id: toolshed.g2.bx.psu.edu/repos/iuc/poretools_events/poretools_events/0.6.1a1.1, exit_code: 1, stderr: \nTraceback (most recent call last):\n  File \"/usr/local/bin/poretools\", line 11, in \u003cmodule\u003e\n    load_entry_point(\u0027poretools==0.6.0\u0027, \u0027console_scripts\u0027, \u0027poretools\u0027)()\n  File \"/usr/local/lib/python2.7/site-packages/poretools/poretools_main.py\", line 543, in main\n    args.func(parser, args)\n  File \"/usr/local/lib/python2.7/site-packages/poretools/poretools_main.py\", line 55, in run_subtool\n    submodule.run(parser, args)\n  File \"/usr/local/lib/python2.7/site-packages/poretools/events.py\", line 17, in run\n    for fast5 in Fast5File.Fast5FileSet(args.files):\n  File \"/usr/local/lib/python2.7/site-packages/poretools/Fast5File.py\", line 110, in next\n    shutil.rmtree(PORETOOLS_TMPDIR)\n  File \"/usr/local/lib/python2.7/shutil.py\", line 261, in rmtree\n    rmtree(fullname, ignore_errors, onerror)\n  File \"/usr/local/lib/python2.7/shutil.py\", line 270, in rmtree\n    onerror(os.rmdir, path, sys.exc_info())\n  File \"/usr/local/lib/python2.7/shutil.py\", line 268, in rmtree\n    os.rmdir(path)\nOSError: [Errno 39] Directory not empty: \u0027.poretools_tmp/test-data\u0027\n." ], "status": "failure", "test_index": 0, "time_seconds": 147.76888370513916, "tool_id": "poretools_events", "tool_version": "0.6.1a1.1"}
                ]]></error>
            
            <system-out><![CDATA[
            
            ]]></system-out>
            <system-err><![CDATA[
            Traceback (most recent call last):  File "/usr/local/bin/poretools", line 11, in <module>    load_entry_point('poretools==0.6.0', 'console_scripts', 'poretools')()  File "/usr/local/lib/python2.7/site-packages/poretools/poretools_main.py", line 543, in main    args.func(parser, args)  File "/usr/local/lib/python2.7/site-packages/poretools/poretools_main.py", line 55, in run_subtool    submodule.run(parser, args)  File "/usr/local/lib/python2.7/site-packages/poretools/events.py", line 17, in run    for fast5 in Fast5File.Fast5FileSet(args.files):  File "/usr/local/lib/python2.7/site-packages/poretools/Fast5File.py", line 110, in next    shutil.rmtree(PORETOOLS_TMPDIR)  File "/usr/local/lib/python2.7/shutil.py", line 261, in rmtree    rmtree(fullname, ignore_errors, onerror)  File "/usr/local/lib/python2.7/shutil.py", line 270, in rmtree    onerror(os.rmdir, path, sys.exc_info())  File "/usr/local/lib/python2.7/shutil.py", line 268, in rmtree    os.rmdir(path)OSError: [Errno 39] Directory not empty: '.poretools_tmp/test-data'
            ]]></system-err>
        
    </testcase>
    
    <testcase classname="poretools_events (Test #2)" name="1" time="118.25541567802429">
        
            
                <error type="error" message="Tool exit code: 1"><![CDATA[
                    { "inputs": {  "input": {   "id": "1d9263e1b99e9e17",   "src": "hda"  },  "precalled": true }, "job": {  "command_line": "poretools events --pre-basecalled \u0027/galaxy/server/database/objects/7/b/9/dataset_7b9a4100-6559-4257-9700-6f08eb16f981.dat\u0027 \u003e \u0027/galaxy/server/database/objects/7/1/8/dataset_7181d167-0bdb-4763-a8b8-08b16bd65fd6.dat\u0027",  "command_version": "",  "create_time": "2023-09-08T01:40:05.332284",  "dependencies": [],  "exit_code": 1,  "external_id": "gxy-fznc6",  "galaxy_version": "21.09",  "history_id": "1ac46ba513d72e31",  "id": "36d9cabb32042dba",  "inputs": {   "input": {    "id": "1d9263e1b99e9e17",    "src": "hda",    "uuid": "7b9a4100-6559-4257-9700-6f08eb16f981"   }  },  "job_messages": [   {    "code_desc": "",    "desc": "Fatal error: Exit code 1 ()",    "error_level": 3,    "exit_code": 1,    "type": "exit_code"   }  ],  "job_metrics": [   {    "name": "runtime_seconds",    "plugin": "core",    "raw_value": "1.0000000",    "title": "Job Runtime (Wall Clock)",    "value": "1 second"   },   {    "name": "end_epoch",    "plugin": "core",    "raw_value": "1694137304.0000000",    "title": "Job End Time",    "value": "2023-09-08 01:41:44"   },   {    "name": "start_epoch",    "plugin": "core",    "raw_value": "1694137303.0000000",    "title": "Job Start Time",    "value": "2023-09-08 01:41:43"   },   {    "name": "galaxy_memory_mb",    "plugin": "core",    "raw_value": "2000.0000000",    "title": "Memory Allocated (MB)",    "value": "2000"   },   {    "name": "galaxy_slots",    "plugin": "core",    "raw_value": "1.0000000",    "title": "Cores Allocated",    "value": "1"   }  ],  "job_stderr": "Traceback (most recent call last):\n  File \"/usr/local/bin/poretools\", line 11, in \u003cmodule\u003e\n    load_entry_point(\u0027poretools==0.6.0\u0027, \u0027console_scripts\u0027, \u0027poretools\u0027)()\n  File \"/usr/local/lib/python2.7/site-packages/poretools/poretools_main.py\", line 543, in main\n    args.func(parser, args)\n  File \"/usr/local/lib/python2.7/site-packages/poretools/poretools_main.py\", line 55, in run_subtool\n    submodule.run(parser, args)\n  File \"/usr/local/lib/python2.7/site-packages/poretools/events.py\", line 13, in run\n    for fast5 in Fast5File.Fast5FileSet(args.files):\n  File \"/usr/local/lib/python2.7/site-packages/poretools/Fast5File.py\", line 110, in next\n    shutil.rmtree(PORETOOLS_TMPDIR)\n  File \"/usr/local/lib/python2.7/shutil.py\", line 261, in rmtree\n    rmtree(fullname, ignore_errors, onerror)\n  File \"/usr/local/lib/python2.7/shutil.py\", line 270, in rmtree\n    onerror(os.rmdir, path, sys.exc_info())\n  File \"/usr/local/lib/python2.7/shutil.py\", line 268, in rmtree\n    os.rmdir(path)\nOSError: [Errno 39] Directory not empty: \u0027.poretools_tmp/test-data\u0027\n",  "job_stdout": "",  "model_class": "Job",  "output_collections": {},  "outputs": {   "output": {    "id": "d48fe744e595bae2",    "src": "hda",    "uuid": "7181d167-0bdb-4763-a8b8-08b16bd65fd6"   }  },  "params": {   "__input_ext": "\"fast5.tar\"",   "chromInfo": "\"/cvmfs/data.galaxyproject.org/managed/len/ucsc/?.len\"",   "dbkey": "\"?\"",   "precalled": "\"true\""  },  "state": "error",  "stderr": "\nTraceback (most recent call last):\n  File \"/usr/local/bin/poretools\", line 11, in \u003cmodule\u003e\n    load_entry_point(\u0027poretools==0.6.0\u0027, \u0027console_scripts\u0027, \u0027poretools\u0027)()\n  File \"/usr/local/lib/python2.7/site-packages/poretools/poretools_main.py\", line 543, in main\n    args.func(parser, args)\n  File \"/usr/local/lib/python2.7/site-packages/poretools/poretools_main.py\", line 55, in run_subtool\n    submodule.run(parser, args)\n  File \"/usr/local/lib/python2.7/site-packages/poretools/events.py\", line 13, in run\n    for fast5 in Fast5File.Fast5FileSet(args.files):\n  File \"/usr/local/lib/python2.7/site-packages/poretools/Fast5File.py\", line 110, in next\n    shutil.rmtree(PORETOOLS_TMPDIR)\n  File \"/usr/local/lib/python2.7/shutil.py\", line 261, in rmtree\n    rmtree(fullname, ignore_errors, onerror)\n  File \"/usr/local/lib/python2.7/shutil.py\", line 270, in rmtree\n    onerror(os.rmdir, path, sys.exc_info())\n  File \"/usr/local/lib/python2.7/shutil.py\", line 268, in rmtree\n    os.rmdir(path)\nOSError: [Errno 39] Directory not empty: \u0027.poretools_tmp/test-data\u0027\n",  "stdout": "",  "tool_id": "toolshed.g2.bx.psu.edu/repos/iuc/poretools_events/poretools_events/0.6.1a1.1",  "tool_stderr": "",  "tool_stdout": "",  "traceback": null,  "update_time": "2023-09-08T01:41:54.044810",  "user_email": "tests@fake.org" }, "output_problems": [  "Job in error state.. tool_id: toolshed.g2.bx.psu.edu/repos/iuc/poretools_events/poretools_events/0.6.1a1.1, exit_code: 1, stderr: \nTraceback (most recent call last):\n  File \"/usr/local/bin/poretools\", line 11, in \u003cmodule\u003e\n    load_entry_point(\u0027poretools==0.6.0\u0027, \u0027console_scripts\u0027, \u0027poretools\u0027)()\n  File \"/usr/local/lib/python2.7/site-packages/poretools/poretools_main.py\", line 543, in main\n    args.func(parser, args)\n  File \"/usr/local/lib/python2.7/site-packages/poretools/poretools_main.py\", line 55, in run_subtool\n    submodule.run(parser, args)\n  File \"/usr/local/lib/python2.7/site-packages/poretools/events.py\", line 13, in run\n    for fast5 in Fast5File.Fast5FileSet(args.files):\n  File \"/usr/local/lib/python2.7/site-packages/poretools/Fast5File.py\", line 110, in next\n    shutil.rmtree(PORETOOLS_TMPDIR)\n  File \"/usr/local/lib/python2.7/shutil.py\", line 261, in rmtree\n    rmtree(fullname, ignore_errors, onerror)\n  File \"/usr/local/lib/python2.7/shutil.py\", line 270, in rmtree\n    onerror(os.rmdir, path, sys.exc_info())\n  File \"/usr/local/lib/python2.7/shutil.py\", line 268, in rmtree\n    os.rmdir(path)\nOSError: [Errno 39] Directory not empty: \u0027.poretools_tmp/test-data\u0027\n.",  "Job in error state.. tool_id: toolshed.g2.bx.psu.edu/repos/iuc/poretools_events/poretools_events/0.6.1a1.1, exit_code: 1, stderr: \nTraceback (most recent call last):\n  File \"/usr/local/bin/poretools\", line 11, in \u003cmodule\u003e\n    load_entry_point(\u0027poretools==0.6.0\u0027, \u0027console_scripts\u0027, \u0027poretools\u0027)()\n  File \"/usr/local/lib/python2.7/site-packages/poretools/poretools_main.py\", line 543, in main\n    args.func(parser, args)\n  File \"/usr/local/lib/python2.7/site-packages/poretools/poretools_main.py\", line 55, in run_subtool\n    submodule.run(parser, args)\n  File \"/usr/local/lib/python2.7/site-packages/poretools/events.py\", line 13, in run\n    for fast5 in Fast5File.Fast5FileSet(args.files):\n  File \"/usr/local/lib/python2.7/site-packages/poretools/Fast5File.py\", line 110, in next\n    shutil.rmtree(PORETOOLS_TMPDIR)\n  File \"/usr/local/lib/python2.7/shutil.py\", line 261, in rmtree\n    rmtree(fullname, ignore_errors, onerror)\n  File \"/usr/local/lib/python2.7/shutil.py\", line 270, in rmtree\n    onerror(os.rmdir, path, sys.exc_info())\n  File \"/usr/local/lib/python2.7/shutil.py\", line 268, in rmtree\n    os.rmdir(path)\nOSError: [Errno 39] Directory not empty: \u0027.poretools_tmp/test-data\u0027\n." ], "status": "failure", "test_index": 1, "time_seconds": 118.25541567802429, "tool_id": "poretools_events", "tool_version": "0.6.1a1.1"}
                ]]></error>
            
            <system-out><![CDATA[
            
            ]]></system-out>
            <system-err><![CDATA[
            Traceback (most recent call last):  File "/usr/local/bin/poretools", line 11, in <module>    load_entry_point('poretools==0.6.0', 'console_scripts', 'poretools')()  File "/usr/local/lib/python2.7/site-packages/poretools/poretools_main.py", line 543, in main    args.func(parser, args)  File "/usr/local/lib/python2.7/site-packages/poretools/poretools_main.py", line 55, in run_subtool    submodule.run(parser, args)  File "/usr/local/lib/python2.7/site-packages/poretools/events.py", line 13, in run    for fast5 in Fast5File.Fast5FileSet(args.files):  File "/usr/local/lib/python2.7/site-packages/poretools/Fast5File.py", line 110, in next    shutil.rmtree(PORETOOLS_TMPDIR)  File "/usr/local/lib/python2.7/shutil.py", line 261, in rmtree    rmtree(fullname, ignore_errors, onerror)  File "/usr/local/lib/python2.7/shutil.py", line 270, in rmtree    onerror(os.rmdir, path, sys.exc_info())  File "/usr/local/lib/python2.7/shutil.py", line 268, in rmtree    os.rmdir(path)OSError: [Errno 39] Directory not empty: '.poretools_tmp/test-data'
            ]]></system-err>
        
    </testcase>
    
    <testcase classname="samtools_merge (Test #1)" name="0" time="124.31713676452637">
        
            
            <system-out><![CDATA[
            
            ]]></system-out>
            <system-err><![CDATA[
            
            ]]></system-err>
        
    </testcase>
    
    <testcase classname="samtools_merge (Test #2)" name="1" time="123.33713364601135">
        
            
            <system-out><![CDATA[
            
            ]]></system-out>
            <system-err><![CDATA[
            [bam_translate] PG tag "colt" on read "r001" encountered with no corresponding entry in header, tag lost. Unknown tags are only reported once per input file for each tag ID.
            ]]></system-err>
        
    </testcase>
    
    <testcase classname="samtools_merge (Test #3)" name="2" time="117.51664519309998">
        
            
            <system-out><![CDATA[
            
            ]]></system-out>
            <system-err><![CDATA[
            
            ]]></system-err>
        
    </testcase>
    
    <testcase classname="samtools_merge (Test #4)" name="3" time="118.30988216400146">
        
            
            <system-out><![CDATA[
            
            ]]></system-out>
            <system-err><![CDATA[
            [bam_translate] PG tag "colt" on read "r001" encountered with no corresponding entry in header, tag lost. Unknown tags are only reported once per input file for each tag ID.
            ]]></system-err>
        
    </testcase>
    
    <testcase classname="samtools_merge (Test #5)" name="4" time="117.08446383476257">
        
            
            <system-out><![CDATA[
            
            ]]></system-out>
            <system-err><![CDATA[
            [bam_translate] PG tag "colt" on read "r001" encountered with no corresponding entry in header, tag lost. Unknown tags are only reported once per input file for each tag ID.
            ]]></system-err>
        
    </testcase>
    
    <testcase classname="vcfannotategenotypes (Test #1)" name="0" time="124.78709602355957">
        
            
            <system-out><![CDATA[
            
            ]]></system-out>
            <system-err><![CDATA[
            
            ]]></system-err>
        
    </testcase>
    
    <testcase classname="vcfsort (Test #1)" name="0" time="21.105648279190063">
        
            
            <system-out><![CDATA[
            
            ]]></system-out>
            <system-err><![CDATA[
            
            ]]></system-err>
        
    </testcase>
    
    <testcase classname="volcanoplot (Test #1)" name="0" time="139.75722217559814">
        
            
            <system-out><![CDATA[
            [1] "Header row detected"null device           1 R version 4.0.5 (2021-03-31)Platform: x86_64-conda-linux-gnu (64-bit)Running under: Debian GNU/Linux 10 (buster)Matrix products: defaultBLAS/LAPACK: /usr/local/lib/libopenblasp-r0.3.15.solocale: [1] LC_CTYPE=C.UTF-8       LC_NUMERIC=C           LC_TIME=C.UTF-8        [4] LC_COLLATE=C.UTF-8     LC_MONETARY=C.UTF-8    LC_MESSAGES=C.UTF-8    [7] LC_PAPER=C.UTF-8       LC_NAME=C              LC_ADDRESS=C          [10] LC_TELEPHONE=C         LC_MEASUREMENT=C.UTF-8 LC_IDENTIFICATION=C   attached base packages:[1] stats     graphics  grDevices utils     datasets  methods   base     other attached packages:[1] ggrepel_0.9.1 ggplot2_3.3.3 dplyr_1.0.6  loaded via a namespace (and not attached): [1] Rcpp_1.0.6       magrittr_2.0.1   tidyselect_1.1.1 munsell_0.5.0    [5] colorspace_2.0-1 R6_2.5.0         rlang_0.4.11     fansi_0.5.0      [9] grid_4.0.5       gtable_0.3.0     utf8_1.2.1       withr_2.4.2     [13] ellipsis_0.3.2   digest_0.6.27    tibble_3.1.2     lifecycle_1.0.0 [17] crayon_1.4.1     purrr_0.3.4      farver_2.1.0     vctrs_0.3.8     [21] glue_1.4.2       labeling_0.4.2   compiler_4.0.5   pillar_1.6.1    [25] generics_0.1.0   scales_1.1.1     pkgconfig_2.0.3 
            ]]></system-out>
            <system-err><![CDATA[
            Warning message:In Sys.setlocale("LC_MESSAGES", "en_US.UTF-8") :  OS reports request to set locale to "en_US.UTF-8" cannot be honored
            ]]></system-err>
        
    </testcase>
    
    <testcase classname="volcanoplot (Test #2)" name="1" time="123.44414496421814">
        
            
            <system-out><![CDATA[
            [1] "Header row detected"null device           1 R version 4.0.5 (2021-03-31)Platform: x86_64-conda-linux-gnu (64-bit)Running under: Debian GNU/Linux 10 (buster)Matrix products: defaultBLAS/LAPACK: /usr/local/lib/libopenblasp-r0.3.15.solocale: [1] LC_CTYPE=C.UTF-8       LC_NUMERIC=C           LC_TIME=C.UTF-8        [4] LC_COLLATE=C.UTF-8     LC_MONETARY=C.UTF-8    LC_MESSAGES=C.UTF-8    [7] LC_PAPER=C.UTF-8       LC_NAME=C              LC_ADDRESS=C          [10] LC_TELEPHONE=C         LC_MEASUREMENT=C.UTF-8 LC_IDENTIFICATION=C   attached base packages:[1] stats     graphics  grDevices utils     datasets  methods   base     other attached packages:[1] ggrepel_0.9.1 ggplot2_3.3.3 dplyr_1.0.6  loaded via a namespace (and not attached): [1] Rcpp_1.0.6       magrittr_2.0.1   tidyselect_1.1.1 munsell_0.5.0    [5] colorspace_2.0-1 R6_2.5.0         rlang_0.4.11     fansi_0.5.0      [9] grid_4.0.5       gtable_0.3.0     utf8_1.2.1       withr_2.4.2     [13] ellipsis_0.3.2   digest_0.6.27    tibble_3.1.2     lifecycle_1.0.0 [17] crayon_1.4.1     purrr_0.3.4      farver_2.1.0     vctrs_0.3.8     [21] glue_1.4.2       labeling_0.4.2   compiler_4.0.5   pillar_1.6.1    [25] generics_0.1.0   scales_1.1.1     pkgconfig_2.0.3 
            ]]></system-out>
            <system-err><![CDATA[
            Warning message:In Sys.setlocale("LC_MESSAGES", "en_US.UTF-8") :  OS reports request to set locale to "en_US.UTF-8" cannot be honored
            ]]></system-err>
        
    </testcase>
    
    <testcase classname="volcanoplot (Test #3)" name="2" time="125.06891107559204">
        
            
            <system-out><![CDATA[
            null device           1 R version 4.0.5 (2021-03-31)Platform: x86_64-conda-linux-gnu (64-bit)Running under: Debian GNU/Linux 10 (buster)Matrix products: defaultBLAS/LAPACK: /usr/local/lib/libopenblasp-r0.3.15.solocale: [1] LC_CTYPE=C.UTF-8       LC_NUMERIC=C           LC_TIME=C.UTF-8        [4] LC_COLLATE=C.UTF-8     LC_MONETARY=C.UTF-8    LC_MESSAGES=C.UTF-8    [7] LC_PAPER=C.UTF-8       LC_NAME=C              LC_ADDRESS=C          [10] LC_TELEPHONE=C         LC_MEASUREMENT=C.UTF-8 LC_IDENTIFICATION=C   attached base packages:[1] stats     graphics  grDevices utils     datasets  methods   base     other attached packages:[1] ggrepel_0.9.1 ggplot2_3.3.3 dplyr_1.0.6  loaded via a namespace (and not attached): [1] Rcpp_1.0.6       magrittr_2.0.1   tidyselect_1.1.1 munsell_0.5.0    [5] colorspace_2.0-1 R6_2.5.0         rlang_0.4.11     fansi_0.5.0      [9] grid_4.0.5       gtable_0.3.0     utf8_1.2.1       withr_2.4.2     [13] ellipsis_0.3.2   digest_0.6.27    tibble_3.1.2     lifecycle_1.0.0 [17] crayon_1.4.1     purrr_0.3.4      farver_2.1.0     vctrs_0.3.8     [21] glue_1.4.2       labeling_0.4.2   compiler_4.0.5   pillar_1.6.1    [25] generics_0.1.0   scales_1.1.1     pkgconfig_2.0.3 
            ]]></system-out>
            <system-err><![CDATA[
            Warning message:In Sys.setlocale("LC_MESSAGES", "en_US.UTF-8") :  OS reports request to set locale to "en_US.UTF-8" cannot be honored
            ]]></system-err>
        
    </testcase>
    
</testsuite>