<?xml version="1.0" encoding="UTF-8"?>
<testsuite name="Results (powered by Planemo)"
           tests="80"
           errors="6"
           failures="2"
           skip="0">
    
    <testcase classname="anndata_import (Test #1)" name="0" time="47.29429507255554">
        
            
            <system-out><![CDATA[
            import anndata as ad        adata = ad.read_loom(    '/galaxy/server/database/objects/3/b/e/dataset_3be93767-e890-41db-8322-5d5050299b89.dat',    sparse=True,    cleanup=False,    X_name='spliced',    obs_names='CellID',    var_names='Gene')adata.write('anndata.h5ad')
            ]]></system-out>
            <system-err><![CDATA[
            Observation names are not unique. To make them unique, call `.obs_names_make_unique`.... storing 'cell_type' as categorical
            ]]></system-err>
        
    </testcase>
    
    <testcase classname="anndata_import (Test #1)" name="0" time="28.71418046951294">
        
            
            <system-out><![CDATA[
            import anndata as ad        adata = ad.read_loom(    '/galaxy/server/database/objects/b/3/2/dataset_b324212c-4871-454d-8521-1b34e68546d7.dat',    sparse=True,    cleanup=False,    X_name='spliced',    obs_names='CellID',    var_names='Gene')adata.write('anndata.h5ad')
            ]]></system-out>
            <system-err><![CDATA[
            Observation names are not unique. To make them unique, call `.obs_names_make_unique`.... storing 'cell_type' as categorical
            ]]></system-err>
        
    </testcase>
    
    <testcase classname="anndata_import (Test #2)" name="1" time="8.919340372085571">
        
            <error type="error" message="Input staging problem: Job in error state.. tool_id: upload1, exit_code: None, stderr: ."><![CDATA[
                { "execution_problem": "Input staging problem: Job in error state.. tool_id: upload1, exit_code: None, stderr: .", "status": "error", "test_index": 1, "time_seconds": 8.919340372085571, "tool_id": "anndata_import", "tool_version": "0.7.5+galaxy1"}
            ]]></error>
        
    </testcase>
    
    <testcase classname="anndata_import (Test #2)" name="1" time="27.285136461257935">
        
            
            <system-out><![CDATA[
            import anndata as ad        adata = ad.read_csv(    '/galaxy/server/database/objects/a/5/4/dataset_a543c9ba-e1cd-45da-b79e-e9e051459177.dat',    delimiter=',',    first_column_names=True)adata.write('anndata.h5ad')
            ]]></system-out>
            <system-err><![CDATA[
            
            ]]></system-err>
        
    </testcase>
    
    <testcase classname="anndata_import (Test #3)" name="2" time="27.50443959236145">
        
            
            <system-out><![CDATA[
            import anndata as ad        adata = ad.read_csv(    '/galaxy/server/database/objects/a/8/2/dataset_a8226ee1-1d7a-4f32-a76a-517233c12e3b.dat',    delimiter='\t',    first_column_names=True)adata.write('anndata.h5ad')
            ]]></system-out>
            <system-err><![CDATA[
            
            ]]></system-err>
        
    </testcase>
    
    <testcase classname="anndata_import (Test #3)" name="2" time="26.355883598327637">
        
            
            <system-out><![CDATA[
            import anndata as ad        adata = ad.read_csv(    '/galaxy/server/database/objects/6/8/e/dataset_68e2b65c-119e-416f-b065-74bc3eb84ab9.dat',    delimiter='\t',    first_column_names=True)adata.write('anndata.h5ad')
            ]]></system-out>
            <system-err><![CDATA[
            
            ]]></system-err>
        
    </testcase>
    
    <testcase classname="anndata_import (Test #4)" name="3" time="26.50822615623474">
        
            
            <system-out><![CDATA[
            import anndata as ad        adata = ad.read_mtx(filename='/galaxy/server/database/objects/f/c/a/dataset_fcaa58ba-ccca-4e6b-936f-8bbc7540dd6f.dat')adata.write('anndata.h5ad')
            ]]></system-out>
            <system-err><![CDATA[
            
            ]]></system-err>
        
    </testcase>
    
    <testcase classname="anndata_import (Test #4)" name="3" time="28.359792470932007">
        
            
            <system-out><![CDATA[
            import anndata as ad        adata = ad.read_mtx(filename='/galaxy/server/database/objects/3/8/9/dataset_38952b20-bf25-4bcd-a3ef-2839e5dff649.dat')adata.write('anndata.h5ad')
            ]]></system-out>
            <system-err><![CDATA[
            
            ]]></system-err>
        
    </testcase>
    
    <testcase classname="anndata_import (Test #5)" name="4" time="28.206621170043945">
        
            
            <system-out><![CDATA[
            import anndata as ad        adata = ad.read_umi_tools('umi_tools_input.gz')adata.write('anndata.h5ad')
            ]]></system-out>
            <system-err><![CDATA[
            
            ]]></system-err>
        
    </testcase>
    
    <testcase classname="anndata_import (Test #5)" name="4" time="27.211787700653076">
        
            
            <system-out><![CDATA[
            import anndata as ad        adata = ad.read_umi_tools('umi_tools_input.gz')adata.write('anndata.h5ad')
            ]]></system-out>
            <system-err><![CDATA[
            
            ]]></system-err>
        
    </testcase>
    
    <testcase classname="anndata_import (Test #6)" name="5" time="36.09318542480469">
        
            
            <system-out><![CDATA[
            
            ]]></system-out>
            <system-err><![CDATA[
            
            ]]></system-err>
        
    </testcase>
    
    <testcase classname="anndata_import (Test #6)" name="5" time="38.639317750930786">
        
            
            <system-out><![CDATA[
            
            ]]></system-out>
            <system-err><![CDATA[
            
            ]]></system-err>
        
    </testcase>
    
    <testcase classname="anndata_import (Test #7)" name="6" time="27.80256223678589">
        
            
            <system-out><![CDATA[
            import anndata as ad        import scanpy as scadata = sc.read_10x_h5('/galaxy/server/database/objects/e/6/0/dataset_e60e8c47-c579-484c-a909-ca436be6f3f9.dat')adata.write('anndata.h5ad')
            ]]></system-out>
            <system-err><![CDATA[
            
            ]]></system-err>
        
    </testcase>
    
    <testcase classname="anndata_import (Test #7)" name="6" time="28.237085580825806">
        
            
            <system-out><![CDATA[
            import anndata as ad        import scanpy as scadata = sc.read_10x_h5('/galaxy/server/database/objects/5/d/0/dataset_5d0532c1-b733-4718-82eb-88e6df6d96ec.dat')adata.write('anndata.h5ad')
            ]]></system-out>
            <system-err><![CDATA[
            
            ]]></system-err>
        
    </testcase>
    
    <testcase classname="bcftools_plugin_fixploidy (Test #1)" name="0" time="38.15799140930176">
        
            
            <system-out><![CDATA[
            
            ]]></system-out>
            <system-err><![CDATA[
            
            ]]></system-err>
        
    </testcase>
    
    <testcase classname="bcftools_stats (Test #1)" name="0" time="52.57902789115906">
        
            
            <system-out><![CDATA[
            
            ]]></system-out>
            <system-err><![CDATA[
            
            ]]></system-err>
        
    </testcase>
    
    <testcase classname="bcftools_stats (Test #2)" name="1" time="">
        
            <error type="error" message=""><![CDATA[
                { "status": "skip", "test_index": 1, "tool_id": "bcftools_stats", "tool_version": "1.10"}
            ]]></error>
        
    </testcase>
    
    <testcase classname="bcftools_stats (Test #3)" name="2" time="26.47493553161621">
        
            
                <error type="error" message="Tool exit code: 1"><![CDATA[
                    { "inputs": {  "input_file": {   "id": "54d06cd793ea5be5",   "src": "hda"  },  "plot_title": "Plot for mpileup.vcf" }, "job": {  "command_line": "export BCFTOOLS_PLUGINS=`which bcftools | sed \u0027s,bin/bcftools,libexec/bcftools,\u0027`;     bgzip -c \u0027/galaxy/server/database/objects/f/8/2/dataset_f82bf2bb-60a4-4b37-a8da-fe866778f027.dat\u0027 \u003e input0.vcf.gz \u0026\u0026 bcftools index input0.vcf.gz \u0026\u0026 echo \u0027input0.vcf.gz\u0027 \u003e\u003e vcfs_list \u0026\u0026                     bcftools stats                              input0.vcf.gz  \u003e \u0027/galaxy/server/database/objects/c/3/0/dataset_c30ba086-f925-49b3-9f09-f03733b081a2.dat\u0027 \u0026\u0026 plot-vcfstats -p \u0027plot_tmp/\u0027 -T \u0027Plot for mpileup.vcf\u0027 -s \u0027/galaxy/server/database/objects/c/3/0/dataset_c30ba086-f925-49b3-9f09-f03733b081a2.dat\u0027 || (printf \"The content of plot_tmp/plot-vcfstats.log is:\\n\" \u003e\u00262 \u0026\u0026 cat plot_tmp/plot-vcfstats.log \u003e\u00262 \u0026\u0026 exit 1)",  "command_version": "Version: 1.10.2 (using htslib 1.10.2)",  "create_time": "2023-06-15T19:07:51.543827",  "dependencies": [],  "exit_code": 1,  "external_id": "gxy-ck4ll",  "galaxy_version": "23.0",  "history_id": "3a43b9bb9f22de3f",  "id": "ab368026945a2b7d",  "inputs": {   "input_file": {    "id": "54d06cd793ea5be5",    "src": "hda",    "uuid": "f82bf2bb-60a4-4b37-a8da-fe866778f027"   }  },  "job_messages": [   {    "code_desc": "",    "desc": "Fatal error: Exit code 1 ()",    "error_level": 3,    "exit_code": 1,    "type": "exit_code"   },   {    "code_desc": "",    "desc": "Fatal error: ",    "error_level": 3,    "match": "error:",    "stream": "stderr",    "type": "regex"   }  ],  "job_metrics": [   {    "name": "runtime_seconds",    "plugin": "core",    "raw_value": "2.0000000",    "title": "Job Runtime (Wall Clock)",    "value": "2 seconds"   },   {    "name": "end_epoch",    "plugin": "core",    "raw_value": "1686856075.0000000",    "title": "Job End Time",    "value": "2023-06-15 19:07:55"   },   {    "name": "start_epoch",    "plugin": "core",    "raw_value": "1686856073.0000000",    "title": "Job Start Time",    "value": "2023-06-15 19:07:53"   },   {    "name": "galaxy_memory_mb",    "plugin": "core",    "raw_value": "4080.0000000",    "title": "Memory Allocated (MB)",    "value": "4080"   },   {    "name": "galaxy_slots",    "plugin": "core",    "raw_value": "1.0000000",    "title": "Cores Allocated",    "value": "1"   }  ],  "job_stderr": "",  "job_stdout": "",  "model_class": "Job",  "output_collections": {},  "outputs": {   "output_file": {    "id": "6c8191bd82e1ec55",    "src": "hda",    "uuid": "c30ba086-f925-49b3-9f09-f03733b081a2"   },   "output_pdf": {    "id": "446df9e5f0ec7a39",    "src": "hda",    "uuid": "11ee8419-25f8-4ad2-9167-85aab3349c42"   }  },  "params": {   "__input_ext": "\"input\"",   "chromInfo": "\"/cvmfs/data.galaxyproject.org/managed/len/ucsc/?.len\"",   "dbkey": "\"?\"",   "inputB_file": null,   "plot_title": "\"Plot for mpileup.vcf\"",   "sec_default": "{\"af_tag\": \"\", \"afbins\": {\"__current_case__\": 0, \"afbins_select\": \"default\"}, \"depth\": {\"__current_case__\": 0, \"set_depth\": \"no\"}, \"exons_file\": null, \"first_allele_only\": false, \"reference_source\": {\"__current_case__\": 0, \"reference_source_selector\": \"\"}, \"split_by_ID\": false, \"user_tstv\": \"\", \"verbose\": false}",   "sec_restrict": "{\"apply_filters\": \"\", \"collapse\": null, \"exclude\": null, \"include\": null, \"invert_samples\": false, \"invert_samples_file\": false, \"regions\": {\"__current_case__\": 0, \"regions_src\": \"__none__\"}, \"samples\": \"\", \"samples_file\": null, \"targets\": {\"__current_case__\": 0, \"targets_src\": \"__none__\"}}"  },  "state": "error",  "stderr": "Parsing bcftools stats output: /galaxy/server/database/objects/c/3/0/dataset_c30ba086-f925-49b3-9f09-f03733b081a2.dat\nPlotting graphs: python3 plot.py\nCreating PDF: tectonic summary.tex \u003eplot-vcfstats.log 2\u003e\u00261\nThe command exited with non-zero status, please consult the output of tectonic: plot_tmp/plot-vcfstats.log\n\n at /usr/local/bin/plot-vcfstats line 111.\n\tmain::error(\"The command exited with non-zero status, please consult the o\"...) called at /usr/local/bin/plot-vcfstats line 2086\n\tmain::create_pdf(HASH(0x5583c6235798)) called at /usr/local/bin/plot-vcfstats line 72\nThe content of plot_tmp/plot-vcfstats.log is:\nnote: this is a BETA release; ask questions and report bugs at https://tectonic.newton.cx/\nnote: indexing https://archive.org/services/purl/net/pkgwpub/tectonic-default\nerror: could not get backend summary digest\ncaused by: couldn\u0027t probe https://archive.org/services/purl/net/pkgwpub/tectonic-default\ncaused by: Invalid Status provided\n",  "stdout": "",  "tool_id": "toolshed.g2.bx.psu.edu/repos/iuc/bcftools_stats/bcftools_stats/1.10",  "tool_stderr": "Parsing bcftools stats output: /galaxy/server/database/objects/c/3/0/dataset_c30ba086-f925-49b3-9f09-f03733b081a2.dat\nPlotting graphs: python3 plot.py\nCreating PDF: tectonic summary.tex \u003eplot-vcfstats.log 2\u003e\u00261\nThe command exited with non-zero status, please consult the output of tectonic: plot_tmp/plot-vcfstats.log\n\n at /usr/local/bin/plot-vcfstats line 111.\n\tmain::error(\"The command exited with non-zero status, please consult the o\"...) called at /usr/local/bin/plot-vcfstats line 2086\n\tmain::create_pdf(HASH(0x5583c6235798)) called at /usr/local/bin/plot-vcfstats line 72\nThe content of plot_tmp/plot-vcfstats.log is:\nnote: this is a BETA release; ask questions and report bugs at https://tectonic.newton.cx/\nnote: indexing https://archive.org/services/purl/net/pkgwpub/tectonic-default\nerror: could not get backend summary digest\ncaused by: couldn\u0027t probe https://archive.org/services/purl/net/pkgwpub/tectonic-default\ncaused by: Invalid Status provided\n",  "tool_stdout": "",  "traceback": null,  "update_time": "2023-06-15T19:08:03.449382",  "user_email": "tests@fake.org" }, "output_problems": [  "Job in error state.. tool_id: toolshed.g2.bx.psu.edu/repos/iuc/bcftools_stats/bcftools_stats/1.10, exit_code: 1, stderr: Parsing bcftools stats output: /galaxy/server/database/objects/c/3/0/dataset_c30ba086-f925-49b3-9f09-f03733b081a2.dat\nPlotting graphs: python3 plot.py\nCreating PDF: tectonic summary.tex \u003eplot-vcfstats.log 2\u003e\u00261\nThe command exited with non-zero status, please consult the output of tectonic: plot_tmp/plot-vcfstats.log\n\n at /usr/local/bin/plot-vcfstats line 111.\n\tmain::error(\"The command exited with non-zero status, please consult the o\"...) called at /usr/local/bin/plot-vcfstats line 2086\n\tmain::create_pdf(HASH(0x5583c6235798)) called at /usr/local/bin/plot-vcfstats line 72\nThe content of plot_tmp/plot-vcfstats.log is:\nnote: this is a BETA release; ask questions and report bugs at https://tectonic.newton.cx/\nnote: indexing https://archive.org/services/purl/net/pkgwpub/tectonic-default\nerror: could not get backend summary digest\ncaused by: couldn\u0027t probe https://archive.org/services/purl/net/pkgwpub/tectonic-default\ncaused by: Invalid Status provided\n.",  "Job in error state.. tool_id: toolshed.g2.bx.psu.edu/repos/iuc/bcftools_stats/bcftools_stats/1.10, exit_code: 1, stderr: Parsing bcftools stats output: /galaxy/server/database/objects/c/3/0/dataset_c30ba086-f925-49b3-9f09-f03733b081a2.dat\nPlotting graphs: python3 plot.py\nCreating PDF: tectonic summary.tex \u003eplot-vcfstats.log 2\u003e\u00261\nThe command exited with non-zero status, please consult the output of tectonic: plot_tmp/plot-vcfstats.log\n\n at /usr/local/bin/plot-vcfstats line 111.\n\tmain::error(\"The command exited with non-zero status, please consult the o\"...) called at /usr/local/bin/plot-vcfstats line 2086\n\tmain::create_pdf(HASH(0x5583c6235798)) called at /usr/local/bin/plot-vcfstats line 72\nThe content of plot_tmp/plot-vcfstats.log is:\nnote: this is a BETA release; ask questions and report bugs at https://tectonic.newton.cx/\nnote: indexing https://archive.org/services/purl/net/pkgwpub/tectonic-default\nerror: could not get backend summary digest\ncaused by: couldn\u0027t probe https://archive.org/services/purl/net/pkgwpub/tectonic-default\ncaused by: Invalid Status provided\n.",  "Job in error state.. tool_id: toolshed.g2.bx.psu.edu/repos/iuc/bcftools_stats/bcftools_stats/1.10, exit_code: 1, stderr: Parsing bcftools stats output: /galaxy/server/database/objects/c/3/0/dataset_c30ba086-f925-49b3-9f09-f03733b081a2.dat\nPlotting graphs: python3 plot.py\nCreating PDF: tectonic summary.tex \u003eplot-vcfstats.log 2\u003e\u00261\nThe command exited with non-zero status, please consult the output of tectonic: plot_tmp/plot-vcfstats.log\n\n at /usr/local/bin/plot-vcfstats line 111.\n\tmain::error(\"The command exited with non-zero status, please consult the o\"...) called at /usr/local/bin/plot-vcfstats line 2086\n\tmain::create_pdf(HASH(0x5583c6235798)) called at /usr/local/bin/plot-vcfstats line 72\nThe content of plot_tmp/plot-vcfstats.log is:\nnote: this is a BETA release; ask questions and report bugs at https://tectonic.newton.cx/\nnote: indexing https://archive.org/services/purl/net/pkgwpub/tectonic-default\nerror: could not get backend summary digest\ncaused by: couldn\u0027t probe https://archive.org/services/purl/net/pkgwpub/tectonic-default\ncaused by: Invalid Status provided\n." ], "status": "failure", "test_index": 2, "time_seconds": 26.47493553161621, "tool_id": "bcftools_stats", "tool_version": "1.10"}
                ]]></error>
            
            <system-out><![CDATA[
            
            ]]></system-out>
            <system-err><![CDATA[
            Parsing bcftools stats output: /galaxy/server/database/objects/c/3/0/dataset_c30ba086-f925-49b3-9f09-f03733b081a2.datPlotting graphs: python3 plot.pyCreating PDF: tectonic summary.tex >plot-vcfstats.log 2>&1The command exited with non-zero status, please consult the output of tectonic: plot_tmp/plot-vcfstats.log at /usr/local/bin/plot-vcfstats line 111.main::error("The command exited with non-zero status, please consult the o"...) called at /usr/local/bin/plot-vcfstats line 2086main::create_pdf(HASH(0x5583c6235798)) called at /usr/local/bin/plot-vcfstats line 72The content of plot_tmp/plot-vcfstats.log is:note: this is a BETA release; ask questions and report bugs at https://tectonic.newton.cx/note: indexing https://archive.org/services/purl/net/pkgwpub/tectonic-defaulterror: could not get backend summary digestcaused by: couldn't probe https://archive.org/services/purl/net/pkgwpub/tectonic-defaultcaused by: Invalid Status provided
            ]]></system-err>
        
    </testcase>
    
    <testcase classname="collection_element_identifiers (Test #1)" name="0" time="34.53473091125488">
        
            
            <system-out><![CDATA[
            
            ]]></system-out>
            <system-err><![CDATA[
            
            ]]></system-err>
        
    </testcase>
    
    <testcase classname="collection_element_identifiers (Test #2)" name="1" time="26.3328378200531">
        
            
            <system-out><![CDATA[
            
            ]]></system-out>
            <system-err><![CDATA[
            
            ]]></system-err>
        
    </testcase>
    
    <testcase classname="deeptools_plot_correlation (Test #1)" name="0" time="94.71703338623047">
        
            
            <system-out><![CDATA[
            
            ]]></system-out>
            <system-err><![CDATA[
            
            ]]></system-err>
        
    </testcase>
    
    <testcase classname="deeptools_plot_correlation (Test #2)" name="1" time="25.85733962059021">
        
            
            <system-out><![CDATA[
            
            ]]></system-out>
            <system-err><![CDATA[
            
            ]]></system-err>
        
    </testcase>
    
    <testcase classname="flash (Test #1)" name="0" time="31.05622911453247">
        
            
            <system-out><![CDATA[
            
            ]]></system-out>
            <system-err><![CDATA[
            
            ]]></system-err>
        
    </testcase>
    
    <testcase classname="flash (Test #2)" name="1" time="30.55158758163452">
        
            
            <system-out><![CDATA[
            
            ]]></system-out>
            <system-err><![CDATA[
            
            ]]></system-err>
        
    </testcase>
    
    <testcase classname="flash (Test #3)" name="2" time="29.320973873138428">
        
            
            <system-out><![CDATA[
            [FLASH] Starting FLASH v1.2.11[FLASH] Fast Length Adjustment of SHort reads[FLASH]  [FLASH] Input files:[FLASH]     /galaxy/server/database/objects/0/3/f/dataset_03f4b47c-84f6-4108-9b21-0838feca8d38.dat[FLASH]     /galaxy/server/database/objects/6/3/5/dataset_63572d7a-b38d-49cd-a970-fdd0f6361693.dat[FLASH]  [FLASH] Output files:[FLASH]     ./out.extendedFrags.fastq[FLASH]     ./out.notCombined_1.fastq[FLASH]     ./out.notCombined_2.fastq[FLASH]     ./out.hist[FLASH]     ./out.histogram[FLASH]  [FLASH] Parameters:[FLASH]     Min overlap:           10[FLASH]     Max overlap:           65[FLASH]     Max mismatch density:  0.250000[FLASH]     Allow "outie" pairs:   false[FLASH]     Cap mismatch quals:    false[FLASH]     Combiner threads:      1[FLASH]     Input format:          FASTQ, phred_offset=64[FLASH]     Output format:         FASTQ, phred_offset=64[FLASH]  [FLASH] Starting reader and writer threads[FLASH] Starting 1 combiner threads[FLASH] Processed 200 read pairs[FLASH]  [FLASH] Read combination statistics:[FLASH]     Total pairs:      200[FLASH]     Combined pairs:   5[FLASH]     Uncombined pairs: 195[FLASH]     Percent combined: 2.50%[FLASH]  [FLASH] Writing histogram files.[FLASH]  [FLASH] FLASH v1.2.11 complete![FLASH] 0.024 seconds elapsed
            ]]></system-out>
            <system-err><![CDATA[
            
            ]]></system-err>
        
    </testcase>
    
    <testcase classname="flash (Test #4)" name="3" time="29.39551544189453">
        
            
            <system-out><![CDATA[
            
            ]]></system-out>
            <system-err><![CDATA[
            
            ]]></system-err>
        
    </testcase>
    
    <testcase classname="flash (Test #5)" name="4" time="27.560108423233032">
        
            
            <system-out><![CDATA[
            [FLASH] Starting FLASH v1.2.11[FLASH] Fast Length Adjustment of SHort reads[FLASH]  [FLASH] Input files:[FLASH]     /galaxy/server/database/objects/0/4/e/dataset_04e59c28-993c-42c0-9138-67aae2dbc807.dat[FLASH]     /galaxy/server/database/objects/c/a/b/dataset_cab770a1-57e6-4b73-a9ab-7014f2afe240.dat[FLASH]  [FLASH] Output files:[FLASH]     ./out.extendedFrags.fastq[FLASH]     ./out.notCombined_1.fastq[FLASH]     ./out.notCombined_2.fastq[FLASH]     ./out.hist[FLASH]     ./out.histogram[FLASH]  [FLASH] Parameters:[FLASH]     Min overlap:           10[FLASH]     Max overlap:           65[FLASH]     Max mismatch density:  0.250000[FLASH]     Allow "outie" pairs:   false[FLASH]     Cap mismatch quals:    false[FLASH]     Combiner threads:      1[FLASH]     Input format:          FASTQ, phred_offset=33[FLASH]     Output format:         FASTQ, phred_offset=33, gzip[FLASH]  [FLASH] Starting reader and writer threads[FLASH] Starting 1 combiner threads[FLASH] Processed 500 read pairs[FLASH]  [FLASH] Read combination statistics:[FLASH]     Total pairs:      500[FLASH]     Combined pairs:   18[FLASH]     Uncombined pairs: 482[FLASH]     Percent combined: 3.60%[FLASH]  [FLASH] Writing histogram files.[FLASH]  [FLASH] FLASH v1.2.11 complete![FLASH] 0.039 seconds elapsed
            ]]></system-out>
            <system-err><![CDATA[
            
            ]]></system-err>
        
    </testcase>
    
    <testcase classname="lofreq_call (Test #1)" name="0" time="34.23419976234436">
        
            
            <system-out><![CDATA[
            INFO [2023-06-15 19:03:49,239]: Using 2 threads with following basic args: lofreq call --verbose --ref reference.fa --sig 0.01 --bonf dynamic reads.bamINFO [2023-06-15 19:03:49,249]: Adding 5 commands to mp-poolNumber of substitution tests performed: 66Number of indel tests performed: 0INFO [2023-06-15 19:03:50,453]: Executing lofreq filter -i /galaxy/server/database/jobs_directory/000/159/tmp/lofreq2_call_parallelso4_3swo/concat.vcf.gz -o variants.vcf --snvqual-thresh 38 --indelqual-thresh 20set_lofreq_standard
            ]]></system-out>
            <system-err><![CDATA[
            
            ]]></system-err>
        
    </testcase>
    
    <testcase classname="lofreq_call (Test #2)" name="1" time="28.685949325561523">
        
            
            <system-out><![CDATA[
            INFO [2023-06-15 19:04:18,527]: Using 2 threads with following basic args: lofreq call --verbose --ref reference.fa --min-cov 1 --max-depth 1000000 --min-bq 6 --min-alt-bq 6 --min-mq 0 --max-mq 255 --min-jq 0 --min-alt-jq 0 --def-alt-jq 0 --sig 0.01 --bonf dynamic reads.bamINFO [2023-06-15 19:04:18,540]: Adding 5 commands to mp-poolNumber of substitution tests performed: 66Number of indel tests performed: 0INFO [2023-06-15 19:04:19,751]: Executing lofreq filter -i /galaxy/server/database/jobs_directory/000/162/tmp/lofreq2_call_parallel4ad6_21u/concat.vcf.gz -o variants.vcf --snvqual-thresh 38 --indelqual-thresh 20set_lofreq_standard
            ]]></system-out>
            <system-err><![CDATA[
            
            ]]></system-err>
        
    </testcase>
    
    <testcase classname="lofreq_call (Test #3)" name="2" time="35.0273711681366">
        
            
            <system-out><![CDATA[
            INFO [2023-06-15 19:04:52,639]: Using 2 threads with following basic args: lofreq call --verbose --ref reference.fa --min-cov 1 --max-depth 1000000 --min-bq 6 --min-alt-bq 6 --min-mq 0 --max-mq 255 --src-qual --ign-vcf ign0.vcf --def-nm-q 40 --min-jq 0 --min-alt-jq 0 --def-alt-jq 0 --sig 0.01 --bonf dynamic reads.bamINFO [2023-06-15 19:04:52,650]: Adding 5 commands to mp-poolNumber of substitution tests performed: 66Number of indel tests performed: 0INFO [2023-06-15 19:04:54,116]: Executing lofreq filter -i /galaxy/server/database/jobs_directory/000/166/tmp/lofreq2_call_paralleln5qgyn91/concat.vcf.gz -o variants.vcf --snvqual-thresh 38 --indelqual-thresh 20set_lofreq_standard
            ]]></system-out>
            <system-err><![CDATA[
            
            ]]></system-err>
        
    </testcase>
    
    <testcase classname="lofreq_call (Test #4)" name="3" time="30.565929889678955">
        
            
            <system-out><![CDATA[
            INFO [2023-06-15 19:05:23,568]: Using 2 threads with following basic args: lofreq call --verbose --ref reference.fa --sig 1 --bonf 1 --no-default-filter reads.bamINFO [2023-06-15 19:05:23,579]: Adding 5 commands to mp-poolNumber of substitution tests performed: 66Number of indel tests performed: 0INFO [2023-06-15 19:05:24,811]: Copying concatenated vcf file to final destinationset_all_off
            ]]></system-out>
            <system-err><![CDATA[
            
            ]]></system-err>
        
    </testcase>
    
    <testcase classname="lofreq_call (Test #5)" name="4" time="28.642444133758545">
        
            
            <system-out><![CDATA[
            INFO [2023-06-15 19:05:52,432]: Using 2 threads with following basic args: lofreq call --verbose --ref reference.fa --call-indels --only-indels --sig 1 --bonf 1 --no-default-filter reads.bamINFO [2023-06-15 19:05:52,443]: Adding 5 commands to mp-poolNumber of substitution tests performed: 0Number of indel tests performed: 9INFO [2023-06-15 19:05:54,160]: Copying concatenated vcf file to final destinationset_all_off
            ]]></system-out>
            <system-err><![CDATA[
            
            ]]></system-err>
        
    </testcase>
    
    <testcase classname="medaka_variant (Test #1)" name="0" time="64.14202308654785">
        
            
            <system-out><![CDATA[
            [18:37:19 - DataIndex] Loaded 1/2 (50.00%) sample files.[18:37:19 - DataIndex] Loaded 2/2 (100.00%) sample files.[18:37:19 - Variants] Label decoding is:0: ('*',)1: ('A',)2: ('C',)3: ('G',)4: ('T',)[18:37:19 - Variants] Processing NC_045512.2:0-.[18:37:19 - TrimOverlap] NC_045512.2:30.0-2939.0 is contained within NC_045512.2:30.0-2939.0, skipping.
            ]]></system-out>
            <system-err><![CDATA[
            
            ]]></system-err>
        
    </testcase>
    
    <testcase classname="medaka_variant (Test #2)" name="1" time="34.66583824157715">
        
            
            <system-out><![CDATA[
            [18:38:01 - DataIndex] Loaded 1/1 (100.00%) sample files.[18:38:01 - Variants] Label decoding is:0: ('*',)1: ('A',)2: ('C',)3: ('G',)4: ('T',)[18:38:01 - Variants] Processing NC_045512.2:0-.
            ]]></system-out>
            <system-err><![CDATA[
            
            ]]></system-err>
        
    </testcase>
    
    <testcase classname="medaka_variant (Test #3)" name="2" time="29.03113293647766">
        
            
            <system-out><![CDATA[
            [18:38:32 - DataIndex] Loaded 1/1 (100.00%) sample files.[18:38:32 - Variants] Label decoding is:0: ('*',)1: ('A',)2: ('C',)3: ('G',)4: ('T',)[18:38:32 - Variants] Processing NC_045512.2:0-.
            ]]></system-out>
            <system-err><![CDATA[
            
            ]]></system-err>
        
    </testcase>
    
    <testcase classname="poretools_times (Test #1)" name="0" time="53.330097675323486">
        
            
            <system-out><![CDATA[
            
            ]]></system-out>
            <system-err><![CDATA[
            
            ]]></system-err>
        
    </testcase>
    
    <testcase classname="poretools_times (Test #2)" name="1" time="27.771602869033813">
        
            
            <system-out><![CDATA[
            
            ]]></system-out>
            <system-err><![CDATA[
            
            ]]></system-err>
        
    </testcase>
    
    <testcase classname="poretools_times (Test #3)" name="2" time="26.059797048568726">
        
            
            <system-out><![CDATA[
            
            ]]></system-out>
            <system-err><![CDATA[
            
            ]]></system-err>
        
    </testcase>
    
    <testcase classname="poretools_times (Test #4)" name="3" time="25.327794790267944">
        
            
            <system-out><![CDATA[
            
            ]]></system-out>
            <system-err><![CDATA[
            
            ]]></system-err>
        
    </testcase>
    
    <testcase classname="poretools_times (Test #5)" name="4" time="26.279825448989868">
        
            
            <system-out><![CDATA[
            
            ]]></system-out>
            <system-err><![CDATA[
            
            ]]></system-err>
        
    </testcase>
    
    <testcase classname="raceid_inspecttrajectory (Test #1)" name="0" time="52.38308644294739">
        
            
            <system-out><![CDATA[
            null device           1 
            ]]></system-out>
            <system-err><![CDATA[
            
            ]]></system-err>
        
    </testcase>
    
    <testcase classname="raceid_inspecttrajectory (Test #1)" name="0" time="28.05047345161438">
        
            
            <system-out><![CDATA[
            null device           1 
            ]]></system-out>
            <system-err><![CDATA[
            
            ]]></system-err>
        
    </testcase>
    
    <testcase classname="raceid_inspecttrajectory (Test #2)" name="1" time="29.79568362236023">
        
            
            <system-out><![CDATA[
            NULLNULLNULLNULLNULLNULLNULLNULLNULLNULLNULLNULLnull device           1 
            ]]></system-out>
            <system-err><![CDATA[
            
            ]]></system-err>
        
    </testcase>
    
    <testcase classname="raceid_inspecttrajectory (Test #2)" name="1" time="30.17383575439453">
        
            
            <system-out><![CDATA[
            NULLNULLNULLNULLNULLNULLNULLNULLNULLNULLNULLNULLnull device           1 
            ]]></system-out>
            <system-err><![CDATA[
            
            ]]></system-err>
        
    </testcase>
    
    <testcase classname="raceid_inspecttrajectory (Test #3)" name="2" time="31.76473593711853">
        
            
            <system-out><![CDATA[
            [1] 1NULL[1] 1NULL[1] 1NULL[1] 1NULLnull device           1 
            ]]></system-out>
            <system-err><![CDATA[
            
            ]]></system-err>
        
    </testcase>
    
    <testcase classname="raceid_inspecttrajectory (Test #3)" name="2" time="31.798017740249634">
        
            
            <system-out><![CDATA[
            [1] 1NULL[1] 1NULL[1] 1NULL[1] 1NULLnull device           1 
            ]]></system-out>
            <system-err><![CDATA[
            
            ]]></system-err>
        
    </testcase>
    
    <testcase classname="raceid_inspecttrajectory (Test #4)" name="3" time="31.723262548446655">
        
            
            <system-out><![CDATA[
            [1] 1NULL[1] 1NULL[1] 1NULL[1] 1NULLNULLNULLNULLnull device           1 
            ]]></system-out>
            <system-err><![CDATA[
            
            ]]></system-err>
        
    </testcase>
    
    <testcase classname="raceid_inspecttrajectory (Test #4)" name="3" time="31.087135076522827">
        
            
            <system-out><![CDATA[
            [1] 1NULL[1] 1NULL[1] 1NULL[1] 1NULLNULLNULLNULLnull device           1 
            ]]></system-out>
            <system-err><![CDATA[
            
            ]]></system-err>
        
    </testcase>
    
    <testcase classname="raceid_inspecttrajectory (Test #5)" name="4" time="36.10356831550598">
        
            
            <system-out><![CDATA[
            NULLNULLNULLNULLNULLNULLNULLNULLNULLNULLNULLNULL[1] 1NULL[1] 1NULL[1] 1NULL[1] 1NULLNULLNULLNULLnull device           1 
            ]]></system-out>
            <system-err><![CDATA[
            
            ]]></system-err>
        
    </testcase>
    
    <testcase classname="raceid_inspecttrajectory (Test #5)" name="4" time="35.41391086578369">
        
            
            <system-out><![CDATA[
            NULLNULLNULLNULLNULLNULLNULLNULLNULLNULLNULLNULL[1] 1NULL[1] 1NULL[1] 1NULL[1] 1NULLNULLNULLNULLnull device           1 
            ]]></system-out>
            <system-err><![CDATA[
            
            ]]></system-err>
        
    </testcase>
    
    <testcase classname="sailfish (Test #1)" name="0" time="42.942383766174316">
        
            
            <system-out><![CDATA[
            
            ]]></system-out>
            <system-err><![CDATA[
            Version Info: This is the most recent version of Sailfishwriting log to ./index_dir/logs/sailfish_index.logRapMap Indexer[Step 1 of 4] : counting k-mersElapsed time: 0.00103634sReplaced 0 non-ATCG nucleotidesClipped poly-A tails from 0 transcriptsBuilding rank-select dictionary and saving to disk doneElapsed time: 3.868e-05sWriting sequence data to file . . . doneElapsed time: 7.527e-05s[info] Building 32-bit suffix array (length of generalized text is 28577)Building suffix array . . . successsaving to disk . . . doneElapsed time: 9.653e-05sdoneElapsed time: 0.0060528sprocessed 0 positionskhash had 18955 keyssaving hash to disk . . . doneElapsed time: 0.00122371sVersion Info: This is the most recent version of Sailfish# sailfish (quasi-mapping-based) v0.9.2# [ program ] => sailfish # [ command ] => quant # [ index ] => { ./index_dir }# [ mates1 ] => { ./mate1.fastq }# [ mates2 ] => { ./mate2.fastq }# [ libType ] => { IU }# [ output ] => { ./results }# [ threads ] => { 6 }# [ gcSizeSamp ] => { 1 }# [ gcSpeedSamp ] => { 1 }# [ fldMean ] => { 200 }# [ fldSD ] => { 80 }# [ maxReadOcc ] => { 200 }# [ maxFragLen ] => { 1000 }# [ txpAggregationKey ] => { gene_id }# [ numBiasSamples ] => { 1000000 }# [ numFragSamples ] => { 10000 }# [ numGibbsSamples ] => { 0 }# [ numBootstraps ] => { 0 }Logs will be written to ./results/logs[2023-06-15 18:41:54.885] [jointLog] [info] parsing read library formatthere is 1 libLoading 32-bit quasi index[2023-06-15 18:41:54.922] [stderrLog] [info] Loading Suffix Array [2023-06-15 18:41:54.922] [stderrLog] [info] Loading Position Hash[2023-06-15 18:41:54.923] [stderrLog] [info] Loading Transcript Info [2023-06-15 18:41:54.923] [stderrLog] [info] Loading Rank-Select Bit Array[2023-06-15 18:41:54.923] [stderrLog] [info] There were 15 set bits in the bit array[2023-06-15 18:41:54.924] [stderrLog] [info] Computing transcript lengths[2023-06-15 18:41:54.924] [stderrLog] [info] Waiting to finish loading hash[2023-06-15 18:41:54.924] [stderrLog] [info] Done loading indexIndex contained 15 targetsLoaded targets[2023-06-15 18:41:54.920] [jointLog] [info] Loading Quasi index[2023-06-15 18:41:54.924] [jointLog] [info] done[2023-06-15 18:41:54.945] [jointLog] [info] Gathered fragment lengths from all threads[2023-06-15 18:41:54.945] [jointLog] [warning] Sailfish saw fewer then 10000 uniquely mapped reads so 200 will be used as the mean fragment length and 80 as the standard deviation for effective length correction[2023-06-15 18:41:54.946] [jointLog] [info] Estimating effective lengthsDone Quasi-Mapping [2023-06-15 18:41:54.954] [jointLog] [info] Computed 21 rich equivalence classes for further processing[2023-06-15 18:41:54.954] [jointLog] [info] Counted 10000 total reads in the equivalence classes [2023-06-15 18:41:54.954] [jointLog] [info] Starting optimizer:[2023-06-15 18:41:54.954] [jointLog] [info] Optimizing over 21 equivalence classes[2023-06-15 18:41:54.954] [jointLog] [info] iteration = 0 | max rel diff. = 14.873[2023-06-15 18:41:54.955] [jointLog] [info] iteration = 64 | max rel diff. = 0.00117687[2023-06-15 18:41:54.955] [jointLog] [info] Finished optimizer[2023-06-15 18:41:54.955] [jointLog] [info] writing output 
            ]]></system-err>
        
    </testcase>
    
    <testcase classname="sailfish (Test #2)" name="1" time="33.310250997543335">
        
            
            <system-out><![CDATA[
            
            ]]></system-out>
            <system-err><![CDATA[
            Version Info: This is the most recent version of Sailfishwriting log to ./index_dir/logs/sailfish_index.logRapMap Indexer[Step 1 of 4] : counting k-mersElapsed time: 0.00126946sReplaced 0 non-ATCG nucleotidesClipped poly-A tails from 0 transcriptsBuilding rank-select dictionary and saving to disk doneElapsed time: 0.00010717sWriting sequence data to file . . . doneElapsed time: 0.00011562s[info] Building 32-bit suffix array (length of generalized text is 28577)Building suffix array . . . successsaving to disk . . . doneElapsed time: 0.00012541sdoneElapsed time: 0.0150179sprocessed 0 positionskhash had 18955 keyssaving hash to disk . . . doneElapsed time: 0.00123921sVersion Info: This is the most recent version of Sailfish# sailfish (quasi-mapping-based) v0.9.2# [ program ] => sailfish # [ command ] => quant # [ index ] => { ./index_dir }# [ mates1 ] => { /dev/fd/63 }# [ mates2 ] => { /dev/fd/62 }# [ libType ] => { IU }# [ output ] => { ./results }# [ threads ] => { 6 }# [ gcSizeSamp ] => { 1 }# [ gcSpeedSamp ] => { 1 }# [ fldMean ] => { 200 }# [ fldSD ] => { 80 }# [ maxReadOcc ] => { 200 }# [ maxFragLen ] => { 1000 }# [ txpAggregationKey ] => { gene_id }# [ numBiasSamples ] => { 1000000 }# [ numFragSamples ] => { 10000 }# [ numGibbsSamples ] => { 0 }# [ numBootstraps ] => { 0 }Logs will be written to ./results/logs[2023-06-15 18:42:30.323] [jointLog] [info] parsing read library formatthere is 1 lib[2023-06-15 18:42:30.357] [jointLog] [info] Loading Quasi indexLoading 32-bit quasi indexIndex contained 15 targetsLoaded targets[2023-06-15 18:42:30.361] [jointLog] [info] done[2023-06-15 18:42:30.359] [stderrLog] [info] Loading Suffix Array [2023-06-15 18:42:30.359] [stderrLog] [info] Loading Position Hash[2023-06-15 18:42:30.359] [stderrLog] [info] Loading Transcript Info [2023-06-15 18:42:30.360] [stderrLog] [info] Loading Rank-Select Bit Array[2023-06-15 18:42:30.360] [stderrLog] [info] There were 15 set bits in the bit array[2023-06-15 18:42:30.361] [stderrLog] [info] Computing transcript lengths[2023-06-15 18:42:30.361] [stderrLog] [info] Waiting to finish loading hash[2023-06-15 18:42:30.361] [stderrLog] [info] Done loading index[2023-06-15 18:42:30.393] [jointLog] [info] Gathered fragment lengths from all threads[2023-06-15 18:42:30.393] [jointLog] [warning] Sailfish saw fewer then 10000 uniquely mapped reads so 200 will be used as the mean fragment length and 80 as the standard deviation for effective length correction[2023-06-15 18:42:30.393] [jointLog] [info] Estimating effective lengthsDone Quasi-Mapping [2023-06-15 18:42:30.402] [jointLog] [info] Computed 21 rich equivalence classes for further processing[2023-06-15 18:42:30.402] [jointLog] [info] Counted 10000 total reads in the equivalence classes [2023-06-15 18:42:30.402] [jointLog] [info] Starting optimizer:[2023-06-15 18:42:30.402] [jointLog] [info] Optimizing over 21 equivalence classes[2023-06-15 18:42:30.402] [jointLog] [info] iteration = 0 | max rel diff. = 14.873[2023-06-15 18:42:30.402] [jointLog] [info] iteration = 64 | max rel diff. = 0.00117687[2023-06-15 18:42:30.402] [jointLog] [info] Finished optimizer[2023-06-15 18:42:30.402] [jointLog] [info] writing output 
            ]]></system-err>
        
    </testcase>
    
    <testcase classname="sailfish (Test #3)" name="2" time="32.73107028007507">
        
            
            <system-out><![CDATA[
            
            ]]></system-out>
            <system-err><![CDATA[
            Version Info: This is the most recent version of Sailfishwriting log to ./index_dir/logs/sailfish_index.logRapMap Indexer[Step 1 of 4] : counting k-mersElapsed time: 0.00129796sReplaced 0 non-ATCG nucleotidesClipped poly-A tails from 0 transcriptsBuilding rank-select dictionary and saving to disk doneElapsed time: 8.949e-05sWriting sequence data to file . . . doneElapsed time: 0.00016338s[info] Building 32-bit suffix array (length of generalized text is 28577)Building suffix array . . . successsaving to disk . . . doneElapsed time: 0.00014789sdoneElapsed time: 0.00265057sprocessed 0 positionskhash had 18955 keyssaving hash to disk . . . doneElapsed time: 0.00120181sVersion Info: This is the most recent version of Sailfish# sailfish (quasi-mapping-based) v0.9.2# [ program ] => sailfish # [ command ] => quant # [ index ] => { ./index_dir }# [ mates1 ] => { ./mate1.fastq }# [ mates2 ] => { ./mate2.fastq }# [ libType ] => { IU }# [ output ] => { ./results }# [ biasCorrect ] => { }# [ threads ] => { 6 }# [ gcSizeSamp ] => { 1 }# [ gcSpeedSamp ] => { 1 }# [ fldMean ] => { 200 }# [ fldSD ] => { 80 }# [ maxReadOcc ] => { 200 }# [ maxFragLen ] => { 1000 }# [ txpAggregationKey ] => { gene_id }# [ numBiasSamples ] => { 1000000 }# [ numFragSamples ] => { 10000 }# [ numGibbsSamples ] => { 0 }# [ numBootstraps ] => { 0 }Logs will be written to ./results/logs[2023-06-15 18:43:03.363] [jointLog] [info] parsing read library formatthere is 1 libLoading 32-bit quasi indexIndex contained 15 targetsLoaded targets[2023-06-15 18:43:03.405] [jointLog] [info] Loading Quasi index[2023-06-15 18:43:03.410] [jointLog] [info] done[2023-06-15 18:43:03.432] [jointLog] [info] Gathered fragment lengths from all threads[2023-06-15 18:43:03.432] [jointLog] [warning] Sailfish saw fewer then 10000 uniquely mapped reads so 200 will be used as the mean fragment length and 80 as the standard deviation for effective length correction[2023-06-15 18:43:03.433] [jointLog] [info] Estimating effective lengthsDone Quasi-Mapping [2023-06-15 18:43:03.440] [jointLog] [info] Computed 21 rich equivalence classes for further processing[2023-06-15 18:43:03.440] [jointLog] [info] Counted 10000 total reads in the equivalence classes [2023-06-15 18:43:03.440] [jointLog] [info] Starting optimizer:[2023-06-15 18:43:03.440] [jointLog] [info] Optimizing over 21 equivalence classes[2023-06-15 18:43:03.440] [jointLog] [info] iteration = 0 | max rel diff. = 14.873[2023-06-15 18:43:03.441] [jointLog] [info] iteration 50, recomputing effective lengths[2023-06-15 18:43:03.442] [jointLog] [info] iteration = 63 | max rel diff. = 0.00199953[2023-06-15 18:43:03.442] [jointLog] [info] Finished optimizer[2023-06-15 18:43:03.442] [jointLog] [info] writing output [2023-06-15 18:43:03.406] [stderrLog] [info] Loading Suffix Array [2023-06-15 18:43:03.407] [stderrLog] [info] Loading Position Hash[2023-06-15 18:43:03.408] [stderrLog] [info] Loading Transcript Info [2023-06-15 18:43:03.410] [stderrLog] [info] Loading Rank-Select Bit Array[2023-06-15 18:43:03.410] [stderrLog] [info] There were 15 set bits in the bit array[2023-06-15 18:43:03.410] [stderrLog] [info] Computing transcript lengths[2023-06-15 18:43:03.410] [stderrLog] [info] Waiting to finish loading hash[2023-06-15 18:43:03.410] [stderrLog] [info] Done loading index
            ]]></system-err>
        
    </testcase>
    
    <testcase classname="sailfish (Test #4)" name="3" time="36.48010182380676">
        
            
            <system-out><![CDATA[
            
            ]]></system-out>
            <system-err><![CDATA[
            Version Info: This is the most recent version of Sailfishwriting log to ./index_dir/logs/sailfish_index.logRapMap Indexer[Step 1 of 4] : counting k-mersElapsed time: 0.00117174sReplaced 0 non-ATCG nucleotidesClipped poly-A tails from 0 transcriptsBuilding rank-select dictionary and saving to disk doneElapsed time: 0.00020863sWriting sequence data to file . . . doneElapsed time: 0.00011541s[info] Building 32-bit suffix array (length of generalized text is 28577)Building suffix array . . . successsaving to disk . . . doneElapsed time: 0.00051289sdoneElapsed time: 0.00347715sprocessed 0 positionskhash had 18955 keyssaving hash to disk . . . doneElapsed time: 0.00100448sVersion Info: This is the most recent version of Sailfish# sailfish (quasi-mapping-based) v0.9.2# [ program ] => sailfish # [ command ] => quant # [ index ] => { ./index_dir }# [ mates1 ] => { ./mate1.fastq }# [ mates2 ] => { ./mate2.fastq }# [ libType ] => { IU }# [ output ] => { ./results }# [ biasCorrect ] => { }# [ threads ] => { 6 }# [ gcSizeSamp ] => { 1 }# [ gcSpeedSamp ] => { 1 }# [ fldMean ] => { 200 }# [ fldSD ] => { 80 }# [ maxReadOcc ] => { 200 }# [ geneMap ] => { ./geneMap.tabular }# [ maxFragLen ] => { 1000 }# [ txpAggregationKey ] => { gene_id }# [ numBiasSamples ] => { 1000000 }# [ numFragSamples ] => { 10000 }# [ numGibbsSamples ] => { 0 }# [ numBootstraps ] => { 0 }Logs will be written to ./results/logs[2023-06-15 18:43:39.942] [jointLog] [info] parsing read library formatthere is 1 libLoading 32-bit quasi indexIndex contained 15 targetsLoaded targets[2023-06-15 18:43:39.979] [jointLog] [info] Loading Quasi index[2023-06-15 18:43:39.984] [jointLog] [info] done[2023-06-15 18:43:40.005] [jointLog] [info] Gathered fragment lengths from all threads[2023-06-15 18:43:40.005] [jointLog] [warning] Sailfish saw fewer then 10000 uniquely mapped reads so 200 will be used as the mean fragment length and 80 as the standard deviation for effective length correction[2023-06-15 18:43:40.006] [jointLog] [info] Estimating effective lengthsDone Quasi-Mapping [2023-06-15 18:43:40.014] [jointLog] [info] Computed 21 rich equivalence classes for further processing[2023-06-15 18:43:40.014] [jointLog] [info] Counted 10000 total reads in the equivalence classes [2023-06-15 18:43:40.015] [jointLog] [info] Starting optimizer:[2023-06-15 18:43:40.015] [jointLog] [info] Optimizing over 21 equivalence classes[2023-06-15 18:43:40.015] [jointLog] [info] iteration = 0 | max rel diff. = 14.873[2023-06-15 18:43:40.015] [jointLog] [info] iteration 50, recomputing effective lengths[2023-06-15 18:43:40.017] [jointLog] [info] iteration = 63 | max rel diff. = 0.00199953[2023-06-15 18:43:40.017] [jointLog] [info] Finished optimizer[2023-06-15 18:43:40.017] [jointLog] [info] writing output Computing gene-level abundance estimatesThere were 3 transcripts mapping to 3 genesWARNING: couldn't find transcript named [NR_031764]; returning transcript  as it's own genedoneAggregating expressions to gene level . . . done[2023-06-15 18:43:39.981] [stderrLog] [info] Loading Position Hash[2023-06-15 18:43:39.981] [stderrLog] [info] Loading Suffix Array [2023-06-15 18:43:39.982] [stderrLog] [info] Loading Transcript Info [2023-06-15 18:43:39.984] [stderrLog] [info] Loading Rank-Select Bit Array[2023-06-15 18:43:39.984] [stderrLog] [info] There were 15 set bits in the bit array[2023-06-15 18:43:39.984] [stderrLog] [info] Computing transcript lengths[2023-06-15 18:43:39.984] [stderrLog] [info] Waiting to finish loading hash[2023-06-15 18:43:39.984] [stderrLog] [info] Done loading index
            ]]></system-err>
        
    </testcase>
    
    <testcase classname="samtools_mpileup (Test #1)" name="0" time="37.24958372116089">
        
            
            <system-out><![CDATA[
            
            ]]></system-out>
            <system-err><![CDATA[
            [mpileup] 3 samples in 3 input files
            ]]></system-err>
        
    </testcase>
    
    <testcase classname="samtools_mpileup (Test #2)" name="1" time="27.800169229507446">
        
            
            <system-out><![CDATA[
            
            ]]></system-out>
            <system-err><![CDATA[
            [mpileup] 1 samples in 1 input files
            ]]></system-err>
        
    </testcase>
    
    <testcase classname="samtools_mpileup (Test #3)" name="2" time="27.285714387893677">
        
            
            <system-out><![CDATA[
            
            ]]></system-out>
            <system-err><![CDATA[
            [mpileup] 1 samples in 1 input files
            ]]></system-err>
        
    </testcase>
    
    <testcase classname="samtools_mpileup (Test #4)" name="3" time="28.788391828536987">
        
            
            <system-out><![CDATA[
            
            ]]></system-out>
            <system-err><![CDATA[
            [mpileup] 1 samples in 1 input files
            ]]></system-err>
        
    </testcase>
    
    <testcase classname="samtools_mpileup (Test #5)" name="4" time="25.57183027267456">
        
            
            <system-out><![CDATA[
            
            ]]></system-out>
            <system-err><![CDATA[
            [mpileup] 1 samples in 1 input files
            ]]></system-err>
        
    </testcase>
    
    <testcase classname="samtools_phase (Test #1)" name="0" time="31.48428177833557">
        
            
            <system-out><![CDATA[
            
            ]]></system-out>
            <system-err><![CDATA[
            
            ]]></system-err>
        
    </testcase>
    
    <testcase classname="samtools_phase (Test #1)" name="0" time="26.634466886520386">
        
            
            <system-out><![CDATA[
            
            ]]></system-out>
            <system-err><![CDATA[
            
            ]]></system-err>
        
    </testcase>
    
    <testcase classname="samtools_phase (Test #2)" name="1" time="29.159456968307495">
        
            
            <system-out><![CDATA[
            
            ]]></system-out>
            <system-err><![CDATA[
            
            ]]></system-err>
        
    </testcase>
    
    <testcase classname="samtools_phase (Test #2)" name="1" time="28.86137557029724">
        
            
            <system-out><![CDATA[
            
            ]]></system-out>
            <system-err><![CDATA[
            
            ]]></system-err>
        
    </testcase>
    
    <testcase classname="samtools_phase (Test #3)" name="2" time="26.24846053123474">
        
            
            <system-out><![CDATA[
            
            ]]></system-out>
            <system-err><![CDATA[
            
            ]]></system-err>
        
    </testcase>
    
    <testcase classname="samtools_phase (Test #3)" name="2" time="26.909113883972168">
        
            
            <system-out><![CDATA[
            
            ]]></system-out>
            <system-err><![CDATA[
            
            ]]></system-err>
        
    </testcase>
    
    <testcase classname="scanpy_normalize (Test #1)" name="0" time="14.591968536376953">
        
            <error type="error" message="Input staging problem: Job in error state.. tool_id: upload1, exit_code: None, stderr: ."><![CDATA[
                { "execution_problem": "Input staging problem: Job in error state.. tool_id: upload1, exit_code: None, stderr: .", "status": "error", "test_index": 0, "time_seconds": 14.591968536376953, "tool_id": "scanpy_normalize", "tool_version": "1.7.1+galaxy0"}
            ]]></error>
        
    </testcase>
    
    <testcase classname="scanpy_normalize (Test #2)" name="1" time="14.212852239608765">
        
            <error type="error" message="Input staging problem: Job in error state.. tool_id: upload1, exit_code: None, stderr: ."><![CDATA[
                { "execution_problem": "Input staging problem: Job in error state.. tool_id: upload1, exit_code: None, stderr: .", "status": "error", "test_index": 1, "time_seconds": 14.212852239608765, "tool_id": "scanpy_normalize", "tool_version": "1.7.1+galaxy0"}
            ]]></error>
        
    </testcase>
    
    <testcase classname="scanpy_normalize (Test #3)" name="2" time="14.995945453643799">
        
            <error type="error" message="Input staging problem: Job in error state.. tool_id: upload1, exit_code: None, stderr: ."><![CDATA[
                { "execution_problem": "Input staging problem: Job in error state.. tool_id: upload1, exit_code: None, stderr: .", "status": "error", "test_index": 2, "time_seconds": 14.995945453643799, "tool_id": "scanpy_normalize", "tool_version": "1.7.1+galaxy0"}
            ]]></error>
        
    </testcase>
    
    <testcase classname="scanpy_normalize (Test #4)" name="3" time="51.5753858089447">
        
            
            <system-out><![CDATA[
            [n_obs  n_vars]-    1000  1[obs]-    n_counts_all-    n_genes[var]-    n_counts-    mean-    std-    n_cells[uns]-    log1p
            ]]></system-out>
            <system-err><![CDATA[
            WARNING: Some cells have total count of genes equal to zero
            ]]></system-err>
        
    </testcase>
    
    <testcase classname="scanpy_scale_data (Test #1)" name="0" time="0.10122299194335938">
        
            <error type="error" message="Input staging problem: Test input file (find_variable_genes.h5) cannot be found."><![CDATA[
                { "execution_problem": "Input staging problem: Test input file (find_variable_genes.h5) cannot be found.", "status": "error", "test_index": 0, "time_seconds": 0.10122299194335938, "tool_id": "scanpy_scale_data", "tool_version": "1.8.1+3+galaxy0"}
            ]]></error>
        
    </testcase>
    
    <testcase classname="scanpy_scale_data (Test #1)" name="0" time="0.09684181213378906">
        
            <error type="error" message="Input staging problem: Test input file (find_variable_genes.h5) cannot be found."><![CDATA[
                { "execution_problem": "Input staging problem: Test input file (find_variable_genes.h5) cannot be found.", "status": "error", "test_index": 0, "time_seconds": 0.09684181213378906, "tool_id": "scanpy_scale_data", "tool_version": "1.8.1+3+galaxy0"}
            ]]></error>
        
    </testcase>
    
    <testcase classname="snpeff_sars_cov_2 (Test #1)" name="0" time="53.56413197517395">
        
            
            <system-out><![CDATA[
            
            ]]></system-out>
            <system-err><![CDATA[
            
            ]]></system-err>
        
    </testcase>
    
    <testcase classname="vcf2tsv (Test #1)" name="0" time="32.724865674972534">
        
            
            <system-out><![CDATA[
            
            ]]></system-out>
            <system-err><![CDATA[
            
            ]]></system-err>
        
    </testcase>
    
    <testcase classname="vcf2tsv (Test #2)" name="1" time="24.547120332717896">
        
            
            <system-out><![CDATA[
            
            ]]></system-out>
            <system-err><![CDATA[
            
            ]]></system-err>
        
    </testcase>
    
    <testcase classname="vcfhethom (Test #1)" name="0" time="26.004727840423584">
        
            
            <system-out><![CDATA[
            
            ]]></system-out>
            <system-err><![CDATA[
            
            ]]></system-err>
        
    </testcase>
    
    <testcase classname="vcfhethom (Test #2)" name="1" time="33.33149266242981">
        
            
            <system-out><![CDATA[
            
            ]]></system-out>
            <system-err><![CDATA[
            
            ]]></system-err>
        
    </testcase>
    
    <testcase classname="vcfhethom (Test #3)" name="2" time="26.65111470222473">
        
            
                <error type="error" message="Tool exit code: None"><![CDATA[
                    { "inputs": {  "analysis_type": "allele_count",  "vcf_input": {   "id": "48cf17b585a27c52",   "src": "hda"  } }, "job": {  "command_line": "vcfcountalleles \u0027/galaxy/server/database/objects/f/f/4/dataset_ff4e64cb-1303-4ddc-9423-c68abea17694.dat\u0027 \u003e \u0027/galaxy/server/database/objects/4/f/e/dataset_4fe2c04e-777f-4216-ab74-2be43c39fe98.dat\u0027",  "command_version": null,  "create_time": "2023-06-15T19:10:23.668313",  "dependencies": [],  "exit_code": null,  "external_id": "gxy-j6w76",  "galaxy_version": "23.0",  "history_id": "3a43b9bb9f22de3f",  "id": "8ccfc3a4a2d0c5b7",  "inputs": {   "vcf_input": {    "id": "48cf17b585a27c52",    "src": "hda",    "uuid": "ff4e64cb-1303-4ddc-9423-c68abea17694"   }  },  "job_messages": null,  "job_metrics": [],  "job_stderr": null,  "job_stdout": null,  "model_class": "Job",  "output_collections": {},  "outputs": {   "out_file1": {    "id": "eafedbfb6c9c4ba4",    "src": "hda",    "uuid": "4fe2c04e-777f-4216-ab74-2be43c39fe98"   }  },  "params": {   "__input_ext": "\"vcf\"",   "analysis_type": "\"allele_count\"",   "chromInfo": "\"/cvmfs/data.galaxyproject.org/managed/len/ucsc/?.len\"",   "dbkey": "\"?\""  },  "state": "error",  "stderr": "",  "stdout": "",  "tool_id": "toolshed.g2.bx.psu.edu/repos/devteam/vcfhethom/vcfhethom/1.0.0_rc3+galaxy0",  "tool_stderr": "",  "tool_stdout": "",  "traceback": null,  "update_time": "2023-06-15T19:10:29.888066",  "user_email": "tests@fake.org" }, "output_problems": [  "Job in error state.. tool_id: toolshed.g2.bx.psu.edu/repos/devteam/vcfhethom/vcfhethom/1.0.0_rc3+galaxy0, exit_code: None, stderr: .",  "Job in error state.. tool_id: toolshed.g2.bx.psu.edu/repos/devteam/vcfhethom/vcfhethom/1.0.0_rc3+galaxy0, exit_code: None, stderr: ." ], "status": "failure", "test_index": 2, "time_seconds": 26.65111470222473, "tool_id": "vcfhethom", "tool_version": "1.0.0_rc3+galaxy0"}
                ]]></error>
            
            <system-out><![CDATA[
            
            ]]></system-out>
            <system-err><![CDATA[
            
            ]]></system-err>
        
    </testcase>
    
    <testcase classname="volcanoplot (Test #1)" name="0" time="48.27461075782776">
        
            
            <system-out><![CDATA[
            [1] "Header row detected"null device           1 R version 4.0.5 (2021-03-31)Platform: x86_64-conda-linux-gnu (64-bit)Running under: Debian GNU/Linux 10 (buster)Matrix products: defaultBLAS/LAPACK: /usr/local/lib/libopenblasp-r0.3.15.solocale: [1] LC_CTYPE=C.UTF-8       LC_NUMERIC=C           LC_TIME=C.UTF-8        [4] LC_COLLATE=C.UTF-8     LC_MONETARY=C.UTF-8    LC_MESSAGES=C.UTF-8    [7] LC_PAPER=C.UTF-8       LC_NAME=C              LC_ADDRESS=C          [10] LC_TELEPHONE=C         LC_MEASUREMENT=C.UTF-8 LC_IDENTIFICATION=C   attached base packages:[1] stats     graphics  grDevices utils     datasets  methods   base     other attached packages:[1] ggrepel_0.9.1 ggplot2_3.3.3 dplyr_1.0.6  loaded via a namespace (and not attached): [1] Rcpp_1.0.6       magrittr_2.0.1   tidyselect_1.1.1 munsell_0.5.0    [5] colorspace_2.0-1 R6_2.5.0         rlang_0.4.11     fansi_0.5.0      [9] grid_4.0.5       gtable_0.3.0     utf8_1.2.1       withr_2.4.2     [13] ellipsis_0.3.2   digest_0.6.27    tibble_3.1.2     lifecycle_1.0.0 [17] crayon_1.4.1     purrr_0.3.4      farver_2.1.0     vctrs_0.3.8     [21] glue_1.4.2       labeling_0.4.2   compiler_4.0.5   pillar_1.6.1    [25] generics_0.1.0   scales_1.1.1     pkgconfig_2.0.3 
            ]]></system-out>
            <system-err><![CDATA[
            Warning message:In Sys.setlocale("LC_MESSAGES", "en_US.UTF-8") :  OS reports request to set locale to "en_US.UTF-8" cannot be honored
            ]]></system-err>
        
    </testcase>
    
    <testcase classname="volcanoplot (Test #2)" name="1" time="37.899548053741455">
        
            
            <system-out><![CDATA[
            [1] "Header row detected"null device           1 R version 4.0.5 (2021-03-31)Platform: x86_64-conda-linux-gnu (64-bit)Running under: Debian GNU/Linux 10 (buster)Matrix products: defaultBLAS/LAPACK: /usr/local/lib/libopenblasp-r0.3.15.solocale: [1] LC_CTYPE=C.UTF-8       LC_NUMERIC=C           LC_TIME=C.UTF-8        [4] LC_COLLATE=C.UTF-8     LC_MONETARY=C.UTF-8    LC_MESSAGES=C.UTF-8    [7] LC_PAPER=C.UTF-8       LC_NAME=C              LC_ADDRESS=C          [10] LC_TELEPHONE=C         LC_MEASUREMENT=C.UTF-8 LC_IDENTIFICATION=C   attached base packages:[1] stats     graphics  grDevices utils     datasets  methods   base     other attached packages:[1] ggrepel_0.9.1 ggplot2_3.3.3 dplyr_1.0.6  loaded via a namespace (and not attached): [1] Rcpp_1.0.6       magrittr_2.0.1   tidyselect_1.1.1 munsell_0.5.0    [5] colorspace_2.0-1 R6_2.5.0         rlang_0.4.11     fansi_0.5.0      [9] grid_4.0.5       gtable_0.3.0     utf8_1.2.1       withr_2.4.2     [13] ellipsis_0.3.2   digest_0.6.27    tibble_3.1.2     lifecycle_1.0.0 [17] crayon_1.4.1     purrr_0.3.4      farver_2.1.0     vctrs_0.3.8     [21] glue_1.4.2       labeling_0.4.2   compiler_4.0.5   pillar_1.6.1    [25] generics_0.1.0   scales_1.1.1     pkgconfig_2.0.3 
            ]]></system-out>
            <system-err><![CDATA[
            Warning message:In Sys.setlocale("LC_MESSAGES", "en_US.UTF-8") :  OS reports request to set locale to "en_US.UTF-8" cannot be honored
            ]]></system-err>
        
    </testcase>
    
    <testcase classname="volcanoplot (Test #3)" name="2" time="32.812947511672974">
        
            
            <system-out><![CDATA[
            null device           1 R version 4.0.5 (2021-03-31)Platform: x86_64-conda-linux-gnu (64-bit)Running under: Debian GNU/Linux 10 (buster)Matrix products: defaultBLAS/LAPACK: /usr/local/lib/libopenblasp-r0.3.15.solocale: [1] LC_CTYPE=C.UTF-8       LC_NUMERIC=C           LC_TIME=C.UTF-8        [4] LC_COLLATE=C.UTF-8     LC_MONETARY=C.UTF-8    LC_MESSAGES=C.UTF-8    [7] LC_PAPER=C.UTF-8       LC_NAME=C              LC_ADDRESS=C          [10] LC_TELEPHONE=C         LC_MEASUREMENT=C.UTF-8 LC_IDENTIFICATION=C   attached base packages:[1] stats     graphics  grDevices utils     datasets  methods   base     other attached packages:[1] ggrepel_0.9.1 ggplot2_3.3.3 dplyr_1.0.6  loaded via a namespace (and not attached): [1] Rcpp_1.0.6       magrittr_2.0.1   tidyselect_1.1.1 munsell_0.5.0    [5] colorspace_2.0-1 R6_2.5.0         rlang_0.4.11     fansi_0.5.0      [9] grid_4.0.5       gtable_0.3.0     utf8_1.2.1       withr_2.4.2     [13] ellipsis_0.3.2   digest_0.6.27    tibble_3.1.2     lifecycle_1.0.0 [17] crayon_1.4.1     purrr_0.3.4      farver_2.1.0     vctrs_0.3.8     [21] glue_1.4.2       labeling_0.4.2   compiler_4.0.5   pillar_1.6.1    [25] generics_0.1.0   scales_1.1.1     pkgconfig_2.0.3 
            ]]></system-out>
            <system-err><![CDATA[
            Warning message:In Sys.setlocale("LC_MESSAGES", "en_US.UTF-8") :  OS reports request to set locale to "en_US.UTF-8" cannot be honored
            ]]></system-err>
        
    </testcase>
    
</testsuite>