<?xml version="1.0" encoding="UTF-8"?>
<testsuite name="Results (powered by Planemo)"
           tests="90"
           errors="19"
           failures="7"
           skip="0">
    
    <testcase classname="bcftools_call (Test #1)" name="0" time="28.860559701919556">
        
            
                <error type="error" message="Tool exit code: None"><![CDATA[
                    { "inputs": {  "input_file": {   "id": "e91db77130d5101e",   "src": "hda"  },  "output_type": "v",  "sec_consensus_variant_calling|variant_calling|method": "multiallelic",  "sec_input_output|variants_only": true }, "job": {  "command_line": "export BCFTOOLS_PLUGINS=`which bcftools | sed \u0027s,bin/bcftools,libexec/bcftools,\u0027`;     bgzip -c \u0027/galaxy/server/database/objects/0/4/7/dataset_04742f57-2fe3-426c-a3b0-f992df586055.dat\u0027 \u003e input.vcf.gz \u0026\u0026 bcftools index input.vcf.gz \u0026\u0026        bcftools call  -m --prior 0.0011                  --variants-only    --output-type \u0027v\u0027   --threads ${GALAXY_SLOTS:-4}    input.vcf.gz  \u003e \u0027/galaxy/server/database/objects/2/f/6/dataset_2f614a5d-44f5-4a50-8038-caca3eb7ef09.dat\u0027",  "command_version": null,  "copied_from_job_id": null,  "create_time": "2024-11-10T19:21:39.832955",  "dependencies": [],  "exit_code": null,  "external_id": "gxy-pf76c",  "galaxy_version": "24.1",  "handler": null,  "history_id": "e1e76306515b5456",  "id": "45e31afe540025e4",  "inputs": {   "input_file": {    "id": "e91db77130d5101e",    "src": "hda",    "uuid": "04742f57-2fe3-426c-a3b0-f992df586055"   }  },  "job_messages": null,  "job_metrics": [],  "job_runner_name": null,  "job_stderr": null,  "job_stdout": null,  "model_class": "Job",  "output_collections": {},  "outputs": {   "output_file": {    "id": "f1ac855a8aafdce6",    "src": "hda",    "uuid": "2f614a5d-44f5-4a50-8038-caca3eb7ef09"   }  },  "params": {   "__input_ext": "\"input\"",   "chromInfo": "\"/cvmfs/data.galaxyproject.org/managed/len/ucsc/?.len\"",   "dbkey": "\"?\"",   "output_type": "\"v\"",   "sec_consensus_variant_calling": "{\"variant_calling\": {\"__current_case__\": 0, \"genotypes\": {\"__current_case__\": 0, \"constrain\": \"none\", \"targets\": {\"__current_case__\": 0, \"targets_src\": \"__none__\"}, \"targets_overlap\": null}, \"gvcf\": \"\", \"method\": \"multiallelic\", \"prior\": \"0.0011\", \"prior_freqs\": \"\"}}",   "sec_file_format": "{\"invert_samples\": false, \"invert_samples_file\": false, \"ploidy\": null, \"ploidy_file\": null, \"regions\": {\"__current_case__\": 0, \"regions_src\": \"__none__\"}, \"regions_overlap\": null, \"samples\": \"\", \"samples_file\": null}",   "sec_input_output": "{\"format_fields\": \"\", \"group_samples\": false, \"keep_alts\": false, \"keep_masked_ref\": false, \"output_tags\": null, \"skip_variants\": null, \"variants_only\": true}",   "sec_restrict": "{\"invert_samples\": false, \"invert_samples_file\": false, \"regions\": {\"__current_case__\": 0, \"regions_src\": \"__none__\"}, \"regions_overlap\": null, \"samples\": \"\", \"samples_file\": null}"  },  "state": "error",  "stderr": "Note: none of --samples-file, --ploidy or --ploidy-file given, assuming all sites are diploid\n",  "stdout": "",  "tool_id": "toolshed.g2.bx.psu.edu/repos/iuc/bcftools_call/bcftools_call/1.15.1+galaxy5",  "tool_stderr": "Note: none of --samples-file, --ploidy or --ploidy-file given, assuming all sites are diploid\n",  "tool_stdout": "",  "update_time": "2024-11-10T19:21:46.028486",  "user_email": "tests@fake.org" }, "output_problems": [  "Job in error state.. tool_id: toolshed.g2.bx.psu.edu/repos/iuc/bcftools_call/bcftools_call/1.15.1+galaxy5, exit_code: None, stderr: Note: none of --samples-file, --ploidy or --ploidy-file given, assuming all sites are diploid\n.",  "Job in error state.. tool_id: toolshed.g2.bx.psu.edu/repos/iuc/bcftools_call/bcftools_call/1.15.1+galaxy5, exit_code: None, stderr: Note: none of --samples-file, --ploidy or --ploidy-file given, assuming all sites are diploid\n." ], "status": "failure", "test_index": 0, "time_seconds": 28.860559701919556, "tool_id": "bcftools_call", "tool_version": "1.15.1+galaxy5"}
                ]]></error>
            
            <system-out><![CDATA[
            
            ]]></system-out>
            <system-err><![CDATA[
            Note: none of --samples-file, --ploidy or --ploidy-file given, assuming all sites are diploid
            ]]></system-err>
        
    </testcase>
    
    <testcase classname="bcftools_call (Test #2)" name="1" time="38.43742370605469">
        
            
            <system-out><![CDATA[
            
            ]]></system-out>
            <system-err><![CDATA[
            Note: none of --samples-file, --ploidy or --ploidy-file given, assuming all sites are diploid
            ]]></system-err>
        
    </testcase>
    
    <testcase classname="bcftools_call (Test #3)" name="2" time="45.21255826950073">
        
            
            <system-out><![CDATA[
            
            ]]></system-out>
            <system-err><![CDATA[
            
            ]]></system-err>
        
    </testcase>
    
    <testcase classname="bcftools_call (Test #4)" name="3" time="23.14734411239624">
        
            <error type="error" message="Input staging problem: Job in error state.. tool_id: upload1, exit_code: None, stderr: ."><![CDATA[
                { "execution_problem": "Input staging problem: Job in error state.. tool_id: upload1, exit_code: None, stderr: .", "status": "error", "test_index": 3, "time_seconds": 23.14734411239624, "tool_id": "bcftools_call", "tool_version": "1.15.1+galaxy5"}
            ]]></error>
        
    </testcase>
    
    <testcase classname="bcftools_call (Test #5)" name="4" time="28.977421045303345">
        
            
                <error type="error" message="Tool exit code: None"><![CDATA[
                    { "inputs": {  "input_file": {   "id": "6d8bad228e024665",   "src": "hda"  },  "output_type": "v",  "sec_consensus_variant_calling|variant_calling|method": "consensus",  "sec_file_format|ploidy_file": {   "id": "a70b992ff524eb9b",   "src": "hda"  },  "sec_input_output|output_tags": "INFO/PV4" }, "job": {  "command_line": "export BCFTOOLS_PLUGINS=`which bcftools | sed \u0027s,bin/bcftools,libexec/bcftools,\u0027`;     bgzip -c \u0027/galaxy/server/database/objects/f/8/f/dataset_f8fe8e09-3f40-46c3-8fae-59079c8945c0.dat\u0027 \u003e input.vcf.gz \u0026\u0026 bcftools index input.vcf.gz \u0026\u0026        bcftools call  -c --pval-threshold 0.5          --ploidy-file \u0027/galaxy/server/database/objects/d/a/7/dataset_da729e9c-31f7-4d98-bfa5-9985a15e4f3a.dat\u0027       --annotate INFO/PV4   --output-type \u0027v\u0027   --threads ${GALAXY_SLOTS:-4}    input.vcf.gz  \u003e \u0027/galaxy/server/database/objects/2/d/e/dataset_2de70b9b-052e-4a4d-b597-bae278f0fa0a.dat\u0027",  "command_version": null,  "copied_from_job_id": null,  "create_time": "2024-11-10T19:23:57.000960",  "dependencies": [],  "exit_code": null,  "external_id": "gxy-ck997",  "galaxy_version": "24.1",  "handler": null,  "history_id": "e1e76306515b5456",  "id": "99565a5adf1ea249",  "inputs": {   "input_file": {    "id": "6d8bad228e024665",    "src": "hda",    "uuid": "f8fe8e09-3f40-46c3-8fae-59079c8945c0"   },   "sec_file_format|ploidy_file": {    "id": "a70b992ff524eb9b",    "src": "hda",    "uuid": "da729e9c-31f7-4d98-bfa5-9985a15e4f3a"   }  },  "job_messages": null,  "job_metrics": [],  "job_runner_name": null,  "job_stderr": null,  "job_stdout": null,  "model_class": "Job",  "output_collections": {},  "outputs": {   "output_file": {    "id": "252ee10f13670fad",    "src": "hda",    "uuid": "2de70b9b-052e-4a4d-b597-bae278f0fa0a"   }  },  "params": {   "__input_ext": "\"input\"",   "chromInfo": "\"/cvmfs/data.galaxyproject.org/managed/len/ucsc/?.len\"",   "dbkey": "\"?\"",   "output_type": "\"v\"",   "sec_consensus_variant_calling": "{\"variant_calling\": {\"__current_case__\": 1, \"genotypes\": {\"__current_case__\": 0, \"constrain\": \"none\"}, \"method\": \"consensus\", \"pval_threshold\": \"0.5\", \"targets\": {\"__current_case__\": 0, \"targets_src\": \"__none__\"}, \"targets_overlap\": null}}",   "sec_file_format": "{\"invert_samples\": false, \"invert_samples_file\": false, \"ploidy\": null, \"ploidy_file\": {\"values\": [{\"id\": 294, \"src\": \"hda\"}]}, \"regions\": {\"__current_case__\": 0, \"regions_src\": \"__none__\"}, \"regions_overlap\": null, \"samples\": \"\", \"samples_file\": null}",   "sec_input_output": "{\"format_fields\": \"\", \"group_samples\": false, \"keep_alts\": false, \"keep_masked_ref\": false, \"output_tags\": \"INFO/PV4\", \"skip_variants\": null, \"variants_only\": false}",   "sec_restrict": "{\"invert_samples\": false, \"invert_samples_file\": false, \"regions\": {\"__current_case__\": 0, \"regions_src\": \"__none__\"}, \"regions_overlap\": null, \"samples\": \"\", \"samples_file\": null}"  },  "state": "error",  "stderr": "",  "stdout": "",  "tool_id": "toolshed.g2.bx.psu.edu/repos/iuc/bcftools_call/bcftools_call/1.15.1+galaxy5",  "tool_stderr": "",  "tool_stdout": "",  "update_time": "2024-11-10T19:24:02.203615",  "user_email": "tests@fake.org" }, "output_problems": [  "Job in error state.. tool_id: toolshed.g2.bx.psu.edu/repos/iuc/bcftools_call/bcftools_call/1.15.1+galaxy5, exit_code: None, stderr: .",  "Job in error state.. tool_id: toolshed.g2.bx.psu.edu/repos/iuc/bcftools_call/bcftools_call/1.15.1+galaxy5, exit_code: None, stderr: ." ], "status": "failure", "test_index": 4, "time_seconds": 28.977421045303345, "tool_id": "bcftools_call", "tool_version": "1.15.1+galaxy5"}
                ]]></error>
            
            <system-out><![CDATA[
            
            ]]></system-out>
            <system-err><![CDATA[
            
            ]]></system-err>
        
    </testcase>
    
    <testcase classname="bcftools_call (Test #6)" name="5" time="39.14967107772827">
        
            
            <system-out><![CDATA[
            
            ]]></system-out>
            <system-err><![CDATA[
            Note: none of --samples-file, --ploidy or --ploidy-file given, assuming all sites are diploid
            ]]></system-err>
        
    </testcase>
    
    <testcase classname="bcftools_call (Test #7)" name="6" time="38.25253486633301">
        
            
            <system-out><![CDATA[
            
            ]]></system-out>
            <system-err><![CDATA[
            Note: none of --samples-file, --ploidy or --ploidy-file given, assuming all sites are diploid
            ]]></system-err>
        
    </testcase>
    
    <testcase classname="bcftools_call (Test #8)" name="7" time="39.3704674243927">
        
            
            <system-out><![CDATA[
            
            ]]></system-out>
            <system-err><![CDATA[
            Note: none of --samples-file, --ploidy or --ploidy-file given, assuming all sites are diploid
            ]]></system-err>
        
    </testcase>
    
    <testcase classname="bcftools_plugin_setgt (Test #1)" name="0" time="43.69125962257385">
        
            
            <system-out><![CDATA[
            
            ]]></system-out>
            <system-err><![CDATA[
            Filled 44 alleles
            ]]></system-err>
        
    </testcase>
    
    <testcase classname="bcftools_plugin_setgt (Test #2)" name="1" time="38.558549642562866">
        
            
            <system-out><![CDATA[
            
            ]]></system-out>
            <system-err><![CDATA[
            Filled 0 alleles
            ]]></system-err>
        
    </testcase>
    
    <testcase classname="deeptools_plot_heatmap (Test #1)" name="0" time="96.09019994735718">
        
            
            <system-out><![CDATA[
            
            ]]></system-out>
            <system-err><![CDATA[
            
            ]]></system-err>
        
    </testcase>
    
    <testcase classname="deeptools_plot_heatmap (Test #2)" name="1" time="39.102333545684814">
        
            
            <system-out><![CDATA[
            
            ]]></system-out>
            <system-err><![CDATA[
            
            ]]></system-err>
        
    </testcase>
    
    <testcase classname="deeptools_plot_profile (Test #1)" name="0" time="38.54897928237915">
        
            
            <system-out><![CDATA[
            
            ]]></system-out>
            <system-err><![CDATA[
            
            ]]></system-err>
        
    </testcase>
    
    <testcase classname="deeptools_plot_profile (Test #2)" name="1" time="40.767169713974">
        
            
            <system-out><![CDATA[
            
            ]]></system-out>
            <system-err><![CDATA[
            
            ]]></system-err>
        
    </testcase>
    
    <testcase classname="dropletutils (Test #1)" name="0" time="85.64889311790466">
        
            
            <system-out><![CDATA[
            
            ]]></system-out>
            <system-err><![CDATA[
            Error in print.default(ifelse(is.na(y), NA_character_, sQuote(y)), quote = FALSE,  :   ignoring SIGPIPE signalCalls: <Anonymous> -> print.numeric_version -> print -> print.defaultExecution haltedCells: 1025
            ]]></system-err>
        
    </testcase>
    
    <testcase classname="dropletutils (Test #1)" name="0" time="23.779834985733032">
        
            <error type="error" message="Input staging problem: Job in error state.. tool_id: upload1, exit_code: None, stderr: ."><![CDATA[
                { "execution_problem": "Input staging problem: Job in error state.. tool_id: upload1, exit_code: None, stderr: .", "status": "error", "test_index": 0, "time_seconds": 23.779834985733032, "tool_id": "dropletutils", "tool_version": "1.10.0+galaxy2"}
            ]]></error>
        
    </testcase>
    
    <testcase classname="dropletutils (Test #2)" name="1" time="14.18168020248413">
        
            <error type="error" message="Input staging problem: Job in error state.. tool_id: upload1, exit_code: None, stderr: ."><![CDATA[
                { "execution_problem": "Input staging problem: Job in error state.. tool_id: upload1, exit_code: None, stderr: .", "status": "error", "test_index": 1, "time_seconds": 14.18168020248413, "tool_id": "dropletutils", "tool_version": "1.10.0+galaxy2"}
            ]]></error>
        
    </testcase>
    
    <testcase classname="dropletutils (Test #2)" name="1" time="54.92813777923584">
        
            
            <system-out><![CDATA[
            
            ]]></system-out>
            <system-err><![CDATA[
            Error in print.default(ifelse(is.na(y), NA_character_, sQuote(y)), quote = FALSE,  :   ignoring SIGPIPE signalCalls: <Anonymous> -> print.numeric_version -> print -> print.defaultExecution haltedCells: 1025
            ]]></system-err>
        
    </testcase>
    
    <testcase classname="dropletutils (Test #3)" name="2" time="16.506091117858887">
        
            <error type="error" message="Input staging problem: Job in error state.. tool_id: upload1, exit_code: None, stderr: ."><![CDATA[
                { "execution_problem": "Input staging problem: Job in error state.. tool_id: upload1, exit_code: None, stderr: .", "status": "error", "test_index": 2, "time_seconds": 16.506091117858887, "tool_id": "dropletutils", "tool_version": "1.10.0+galaxy2"}
            ]]></error>
        
    </testcase>
    
    <testcase classname="dropletutils (Test #3)" name="2" time="53.841575145721436">
        
            
            <system-out><![CDATA[
            [1] "knee = 324 , inflection =  151"
            ]]></system-out>
            <system-err><![CDATA[
            Error in print.default(ifelse(is.na(y), NA_character_, sQuote(y)), quote = FALSE,  :   ignoring SIGPIPE signalCalls: <Anonymous> -> print.numeric_version -> print -> print.defaultExecution haltedWarning message:In xy.coords(x, y, xlabel, ylabel, log) :  7432 y values <= 0 omitted from logarithmic plot
            ]]></system-err>
        
    </testcase>
    
    <testcase classname="dropletutils (Test #4)" name="3" time="58.39859104156494">
        
            
            <system-out><![CDATA[
            [1] "Cell Library Size Distribution:"   Min. 1st Qu.  Median    Mean 3rd Qu.    Max.    0.00    0.00    0.00   46.53    3.00 1153.00 
            ]]></system-out>
            <system-err><![CDATA[
            Error in print.default(ifelse(is.na(y), NA_character_, sQuote(y)), quote = FALSE,  :   ignoring SIGPIPE signalCalls: <Anonymous> -> print.numeric_version -> print -> print.defaultExecution haltedCells: 998Cells and Limited: 998
            ]]></system-err>
        
    </testcase>
    
    <testcase classname="dropletutils (Test #4)" name="3" time="23.04208779335022">
        
            <error type="error" message="Input staging problem: Job in error state.. tool_id: upload1, exit_code: None, stderr: ."><![CDATA[
                { "execution_problem": "Input staging problem: Job in error state.. tool_id: upload1, exit_code: None, stderr: .", "status": "error", "test_index": 3, "time_seconds": 23.04208779335022, "tool_id": "dropletutils", "tool_version": "1.10.0+galaxy2"}
            ]]></error>
        
    </testcase>
    
    <testcase classname="dropletutils (Test #5)" name="4" time="52.0274384021759">
        
            
            <system-out><![CDATA[
            [1] "Cell Library Size Distribution:"   Min. 1st Qu.  Median    Mean 3rd Qu.    Max.     0.0     8.0    20.0   114.3    46.0  2347.0 
            ]]></system-out>
            <system-err><![CDATA[
            Error in print.default(ifelse(is.na(y), NA_character_, sQuote(y)), quote = FALSE,  :   ignoring SIGPIPE signalCalls: <Anonymous> -> print.numeric_version -> print -> print.defaultExecution haltedCells: 954Cells and Limited: 85
            ]]></system-err>
        
    </testcase>
    
    <testcase classname="dropletutils (Test #5)" name="4" time="43.23607349395752">
        
            
                <error type="error" message="Tool exit code: None"><![CDATA[
                    { "inputs": {  "operation|method|fdr_thresh": "0.02",  "operation|method|lower": "150",  "operation|method|use": "emptydrops",  "operation|outformat": "h5",  "operation|use": "filter",  "tenx_format|input": {   "id": "45cd63728befae7c",   "src": "hda"  },  "tenx_format|use": "h5" }, "job": {  "command_line": "Rscript \u0027/cvmfs/cloud.galaxyproject.org/tools/toolshed.g2.bx.psu.edu/repos/iuc/dropletutils/a9caad671439/dropletutils/scripts/dropletutils.Rscript\u0027 \u0027/galaxy/server/database/jobs_directory/000/167/configs/tmpqvj0inf6\u0027",  "command_version": null,  "copied_from_job_id": null,  "create_time": "2024-11-10T19:14:49.992344",  "dependencies": [],  "exit_code": null,  "external_id": "gxy-d6k2t",  "galaxy_version": "24.1",  "handler": null,  "history_id": "e1e76306515b5456",  "id": "8601b95260f02cbe",  "inputs": {   "tenx_format|input": {    "id": "45cd63728befae7c",    "src": "hda",    "uuid": "b88bc598-2750-4b9a-957f-c39604ec01af"   }  },  "job_messages": null,  "job_metrics": [],  "job_runner_name": null,  "job_stderr": null,  "job_stdout": null,  "model_class": "Job",  "output_collections": {},  "outputs": {   "fileout_h5": {    "id": "5aaa0e4fc37f2a89",    "src": "hda",    "uuid": "f4ca4009-f1d5-4e15-a9e6-f4fedaaeeb01"   },   "plot": {    "id": "0a859e8ac292f15a",    "src": "hda",    "uuid": "9e9d56b6-faad-47d4-9eb7-c2233105035e"   },   "table": {    "id": "22ab244906af8e51",    "src": "hda",    "uuid": "c27d4906-baac-4f02-aace-de36bf9e3496"   }  },  "params": {   "__input_ext": "\"h5\"",   "chromInfo": "\"/cvmfs/data.galaxyproject.org/managed/len/ucsc/?.len\"",   "dbkey": "\"?\"",   "operation": "{\"__current_case__\": 0, \"method\": {\"__current_case__\": 1, \"fdr_thresh\": \"0.02\", \"lower\": \"150\", \"use\": \"emptydrops\"}, \"outformat\": \"h5\", \"use\": \"filter\"}",   "seed": "\"100\"",   "tenx_format": "{\"__current_case__\": 1, \"input\": {\"values\": [{\"id\": 263, \"src\": \"hda\"}]}, \"use\": \"h5\"}"  },  "state": "error",  "stderr": "Error in print.default(ifelse(is.na(y), NA_character_, sQuote(y)), quote = FALSE,  : \n  ignoring SIGPIPE signal\nCalls: \u003cAnonymous\u003e -\u003e print.numeric_version -\u003e print -\u003e print.default\nExecution halted\nCells: 954\nCells and Limited: 85\n",  "stdout": "[1] \"Cell Library Size Distribution:\"\n   Min. 1st Qu.  Median    Mean 3rd Qu.    Max. \n    0.0     8.0    20.0   114.3    46.0  2347.0 \n",  "tool_id": "toolshed.g2.bx.psu.edu/repos/iuc/dropletutils/dropletutils/1.10.0+galaxy2",  "tool_stderr": "Error in print.default(ifelse(is.na(y), NA_character_, sQuote(y)), quote = FALSE,  : \n  ignoring SIGPIPE signal\nCalls: \u003cAnonymous\u003e -\u003e print.numeric_version -\u003e print -\u003e print.default\nExecution halted\nCells: 954\nCells and Limited: 85\n",  "tool_stdout": "[1] \"Cell Library Size Distribution:\"\n   Min. 1st Qu.  Median    Mean 3rd Qu.    Max. \n    0.0     8.0    20.0   114.3    46.0  2347.0 \n",  "update_time": "2024-11-10T19:15:09.948114",  "user_email": "tests@fake.org" }, "output_problems": [  "Job in error state.. tool_id: toolshed.g2.bx.psu.edu/repos/iuc/dropletutils/dropletutils/1.10.0+galaxy2, exit_code: None, stderr: Error in print.default(ifelse(is.na(y), NA_character_, sQuote(y)), quote = FALSE,  : \n  ignoring SIGPIPE signal\nCalls: \u003cAnonymous\u003e -\u003e print.numeric_version -\u003e print -\u003e print.default\nExecution halted\nCells: 954\nCells and Limited: 85\n.",  "Job in error state.. tool_id: toolshed.g2.bx.psu.edu/repos/iuc/dropletutils/dropletutils/1.10.0+galaxy2, exit_code: None, stderr: Error in print.default(ifelse(is.na(y), NA_character_, sQuote(y)), quote = FALSE,  : \n  ignoring SIGPIPE signal\nCalls: \u003cAnonymous\u003e -\u003e print.numeric_version -\u003e print -\u003e print.default\nExecution halted\nCells: 954\nCells and Limited: 85\n.",  "Job in error state.. tool_id: toolshed.g2.bx.psu.edu/repos/iuc/dropletutils/dropletutils/1.10.0+galaxy2, exit_code: None, stderr: Error in print.default(ifelse(is.na(y), NA_character_, sQuote(y)), quote = FALSE,  : \n  ignoring SIGPIPE signal\nCalls: \u003cAnonymous\u003e -\u003e print.numeric_version -\u003e print -\u003e print.default\nExecution halted\nCells: 954\nCells and Limited: 85\n.",  "Job in error state.. tool_id: toolshed.g2.bx.psu.edu/repos/iuc/dropletutils/dropletutils/1.10.0+galaxy2, exit_code: None, stderr: Error in print.default(ifelse(is.na(y), NA_character_, sQuote(y)), quote = FALSE,  : \n  ignoring SIGPIPE signal\nCalls: \u003cAnonymous\u003e -\u003e print.numeric_version -\u003e print -\u003e print.default\nExecution halted\nCells: 954\nCells and Limited: 85\n." ], "status": "failure", "test_index": 4, "time_seconds": 43.23607349395752, "tool_id": "dropletutils", "tool_version": "1.10.0+galaxy2"}
                ]]></error>
            
            <system-out><![CDATA[
            [1] "Cell Library Size Distribution:"   Min. 1st Qu.  Median    Mean 3rd Qu.    Max.     0.0     8.0    20.0   114.3    46.0  2347.0 
            ]]></system-out>
            <system-err><![CDATA[
            Error in print.default(ifelse(is.na(y), NA_character_, sQuote(y)), quote = FALSE,  :   ignoring SIGPIPE signalCalls: <Anonymous> -> print.numeric_version -> print -> print.defaultExecution haltedCells: 954Cells and Limited: 85
            ]]></system-err>
        
    </testcase>
    
    <testcase classname="dropletutils (Test #6)" name="5" time="50.01236867904663">
        
            
            <system-out><![CDATA[
            
            ]]></system-out>
            <system-err><![CDATA[
            Error in print.default(ifelse(is.na(y), NA_character_, sQuote(y)), quote = FALSE,  :   ignoring SIGPIPE signalCalls: <Anonymous> -> print.numeric_version -> print -> print.defaultExecution haltedCells: 2650
            ]]></system-err>
        
    </testcase>
    
    <testcase classname="dropletutils (Test #6)" name="5" time="49.81581258773804">
        
            
            <system-out><![CDATA[
            
            ]]></system-out>
            <system-err><![CDATA[
            Error in print.default(ifelse(is.na(y), NA_character_, sQuote(y)), quote = FALSE,  :   ignoring SIGPIPE signalCalls: <Anonymous> -> print.numeric_version -> print -> print.defaultExecution haltedCells: 2650
            ]]></system-err>
        
    </testcase>
    
    <testcase classname="fastp (Test #1)" name="0" time="31.22842788696289">
        
            
                <error type="error" message="Tool exit code: None"><![CDATA[
                    { "inputs": {  "single_paired|in1": {   "id": "e140f20f423ce852",   "src": "hda"  },  "single_paired|single_paired_selector": "single" }, "job": {  "command_line": "ln -sf \u0027/galaxy/server/database/objects/7/0/1/dataset_70149b28-3e74-493c-9699-8d70f6b98dd6.dat\u0027 \u0027R1_fq.fastq\u0027 \u0026\u0026     fastp  --thread ${GALAXY_SLOTS:-1} --report_title \u0027fastp report for R1_fq.fastq\u0027   -i \u0027R1_fq.fastq\u0027 -o first.fastq                                                 \u0026\u0026  mv first.fastq \u0027/galaxy/server/database/objects/7/a/9/dataset_7a97eca3-5937-403c-8062-dc9d738e3f7f.dat\u0027",  "command_version": null,  "copied_from_job_id": null,  "create_time": "2024-11-10T18:35:18.925216",  "dependencies": [],  "exit_code": null,  "external_id": "gxy-f2qtx",  "galaxy_version": "24.1",  "handler": null,  "history_id": "e1e76306515b5456",  "id": "e140f20f423ce852",  "inputs": {   "single_paired|in1": {    "id": "e140f20f423ce852",    "src": "hda",    "uuid": "70149b28-3e74-493c-9699-8d70f6b98dd6"   }  },  "job_messages": null,  "job_metrics": [],  "job_runner_name": null,  "job_stderr": null,  "job_stdout": null,  "model_class": "Job",  "output_collections": {},  "outputs": {   "out1": {    "id": "23399ea289df6bc4",    "src": "hda",    "uuid": "7a97eca3-5937-403c-8062-dc9d738e3f7f"   },   "report_html": {    "id": "027f41c90ab88ac2",    "src": "hda",    "uuid": "1d4fd905-15e6-4375-944a-73cf72f891d4"   }  },  "params": {   "__input_ext": "\"input\"",   "chromInfo": "\"/cvmfs/data.galaxyproject.org/managed/len/ucsc/?.len\"",   "dbkey": "\"?\"",   "filter_options": "{\"length_filtering_options\": {\"disable_length_filtering\": false, \"length_limit\": \"\", \"length_required\": \"\"}, \"low_complexity_filter\": {\"complexity_threshold\": \"\", \"enable_low_complexity_filter\": false}, \"quality_filtering_options\": {\"disable_quality_filtering\": false, \"n_base_limit\": \"\", \"qualified_quality_phred\": \"\", \"unqualified_percent_limit\": \"\"}}",   "output_options": "{\"report_html\": true, \"report_json\": false}",   "overrepresented_sequence_analysis": "{\"overrepresentation_analysis\": false, \"overrepresentation_sampling\": \"\"}",   "read_mod_options": "{\"base_correction_options\": {\"correction\": false}, \"cutting_by_quality_options\": {\"cut_by_quality3\": false, \"cut_by_quality5\": false, \"cut_mean_quality\": \"\", \"cut_window_size\": \"\"}, \"polyg_tail_trimming\": {\"__current_case__\": 1, \"poly_g_min_len\": \"\", \"trimming_select\": \"\"}, \"polyx_tail_trimming\": {\"__current_case__\": 1, \"polyx_trimming_select\": \"\"}, \"umi_processing\": {\"umi\": false, \"umi_len\": \"\", \"umi_loc\": null, \"umi_prefix\": null}}",   "single_paired": "{\"__current_case__\": 0, \"adapter_trimming_options\": {\"adapter_sequence1\": null, \"disable_adapter_trimming\": false}, \"global_trimming_options\": {\"trim_front1\": \"\", \"trim_tail1\": \"\"}, \"in1\": {\"values\": [{\"id\": 10, \"src\": \"hda\"}]}, \"single_paired_selector\": \"single\"}"  },  "state": "error",  "stderr": "Detecting adapter sequence for read1...\nNo adapter detected for read1\n\nRead1 before filtering:\ntotal reads: 2\ntotal bases: 302\nQ20 bases: 262(86.755%)\nQ30 bases: 241(79.8013%)\n\nRead1 after filtering:\ntotal reads: 2\ntotal bases: 302\nQ20 bases: 262(86.755%)\nQ30 bases: 241(79.8013%)\n\nFiltering result:\nreads passed filter: 2\nreads failed due to low quality: 0\nreads failed due to too many N: 0\nreads failed due to too short: 0\nreads with adapter trimmed: 0\nbases trimmed due to adapters: 0\n\nDuplication rate (may be overestimated since this is SE data): 0%\n\nJSON report: fastp.json\nHTML report: fastp.html\n\nfastp --thread 4 --report_title fastp report for R1_fq.fastq -i R1_fq.fastq -o first.fastq \nfastp v0.23.4, time used: 1 seconds\n",  "stdout": "",  "tool_id": "toolshed.g2.bx.psu.edu/repos/iuc/fastp/fastp/0.23.4+galaxy1",  "tool_stderr": "Detecting adapter sequence for read1...\nNo adapter detected for read1\n\nRead1 before filtering:\ntotal reads: 2\ntotal bases: 302\nQ20 bases: 262(86.755%)\nQ30 bases: 241(79.8013%)\n\nRead1 after filtering:\ntotal reads: 2\ntotal bases: 302\nQ20 bases: 262(86.755%)\nQ30 bases: 241(79.8013%)\n\nFiltering result:\nreads passed filter: 2\nreads failed due to low quality: 0\nreads failed due to too many N: 0\nreads failed due to too short: 0\nreads with adapter trimmed: 0\nbases trimmed due to adapters: 0\n\nDuplication rate (may be overestimated since this is SE data): 0%\n\nJSON report: fastp.json\nHTML report: fastp.html\n\nfastp --thread 4 --report_title fastp report for R1_fq.fastq -i R1_fq.fastq -o first.fastq \nfastp v0.23.4, time used: 1 seconds\n",  "tool_stdout": "",  "update_time": "2024-11-10T18:35:27.718378",  "user_email": "tests@fake.org" }, "output_problems": [  "Job in error state.. tool_id: toolshed.g2.bx.psu.edu/repos/iuc/fastp/fastp/0.23.4+galaxy1, exit_code: None, stderr: Detecting adapter sequence for read1...\nNo adapter detected for read1\n\nRead1 before filtering:\ntotal reads: 2\ntotal bases: 302\nQ20 bases: 262(86.755%)\nQ30 bases: 241(79.8013%)\n\nRead1 after filtering:\ntotal reads: 2\ntotal bases: 302\nQ20 bases: 262(86.755%)\nQ30 bases: 241(79.8013%)\n\nFiltering result:\nreads passed filter: 2\nreads failed due to low quality: 0\nreads failed due to too many N: 0\nreads failed due to too short: 0\nreads with adapter trimmed: 0\nbases trimmed due to adapters: 0\n\nDuplication rate (may be overestimated since this is SE data): 0%\n\nJSON report: fastp.json\nHTML report: fastp.html\n\nfastp --thread 4 --report_title fastp report for R1_fq.fastq -i R1_fq.fastq -o first.fastq \nfastp v0.23.4, time used: 1 seconds\n.",  "Job in error state.. tool_id: toolshed.g2.bx.psu.edu/repos/iuc/fastp/fastp/0.23.4+galaxy1, exit_code: None, stderr: Detecting adapter sequence for read1...\nNo adapter detected for read1\n\nRead1 before filtering:\ntotal reads: 2\ntotal bases: 302\nQ20 bases: 262(86.755%)\nQ30 bases: 241(79.8013%)\n\nRead1 after filtering:\ntotal reads: 2\ntotal bases: 302\nQ20 bases: 262(86.755%)\nQ30 bases: 241(79.8013%)\n\nFiltering result:\nreads passed filter: 2\nreads failed due to low quality: 0\nreads failed due to too many N: 0\nreads failed due to too short: 0\nreads with adapter trimmed: 0\nbases trimmed due to adapters: 0\n\nDuplication rate (may be overestimated since this is SE data): 0%\n\nJSON report: fastp.json\nHTML report: fastp.html\n\nfastp --thread 4 --report_title fastp report for R1_fq.fastq -i R1_fq.fastq -o first.fastq \nfastp v0.23.4, time used: 1 seconds\n.",  "Job in error state.. tool_id: toolshed.g2.bx.psu.edu/repos/iuc/fastp/fastp/0.23.4+galaxy1, exit_code: None, stderr: Detecting adapter sequence for read1...\nNo adapter detected for read1\n\nRead1 before filtering:\ntotal reads: 2\ntotal bases: 302\nQ20 bases: 262(86.755%)\nQ30 bases: 241(79.8013%)\n\nRead1 after filtering:\ntotal reads: 2\ntotal bases: 302\nQ20 bases: 262(86.755%)\nQ30 bases: 241(79.8013%)\n\nFiltering result:\nreads passed filter: 2\nreads failed due to low quality: 0\nreads failed due to too many N: 0\nreads failed due to too short: 0\nreads with adapter trimmed: 0\nbases trimmed due to adapters: 0\n\nDuplication rate (may be overestimated since this is SE data): 0%\n\nJSON report: fastp.json\nHTML report: fastp.html\n\nfastp --thread 4 --report_title fastp report for R1_fq.fastq -i R1_fq.fastq -o first.fastq \nfastp v0.23.4, time used: 1 seconds\n." ], "status": "failure", "test_index": 0, "time_seconds": 31.22842788696289, "tool_id": "fastp", "tool_version": "0.23.4+galaxy1"}
                ]]></error>
            
            <system-out><![CDATA[
            
            ]]></system-out>
            <system-err><![CDATA[
            Detecting adapter sequence for read1...No adapter detected for read1Read1 before filtering:total reads: 2total bases: 302Q20 bases: 262(86.755%)Q30 bases: 241(79.8013%)Read1 after filtering:total reads: 2total bases: 302Q20 bases: 262(86.755%)Q30 bases: 241(79.8013%)Filtering result:reads passed filter: 2reads failed due to low quality: 0reads failed due to too many N: 0reads failed due to too short: 0reads with adapter trimmed: 0bases trimmed due to adapters: 0Duplication rate (may be overestimated since this is SE data): 0%JSON report: fastp.jsonHTML report: fastp.htmlfastp --thread 4 --report_title fastp report for R1_fq.fastq -i R1_fq.fastq -o first.fastq fastp v0.23.4, time used: 1 seconds
            ]]></system-err>
        
    </testcase>
    
    <testcase classname="fastp (Test #2)" name="1" time="40.15926504135132">
        
            
            <system-out><![CDATA[
            
            ]]></system-out>
            <system-err><![CDATA[
            Read1 before filtering:total reads: 99total bases: 24849Q20 bases: 23268(93.6376%)Q30 bases: 22391(90.1083%)Read2 before filtering:total reads: 99total bases: 24849Q20 bases: 22676(91.2552%)Q30 bases: 21532(86.6514%)Read1 after filtering:total reads: 97total bases: 22942Q20 bases: 21680(94.4992%)Q30 bases: 20981(91.4524%)Read2 after filtering:total reads: 97total bases: 22942Q20 bases: 21535(93.8671%)Q30 bases: 20672(90.1055%)Filtering result:reads passed filter: 194reads failed due to low quality: 2reads failed due to too many N: 2reads failed due to too short: 0reads with adapter trimmed: 68bases trimmed due to adapters: 2824Duplication rate: 0%Insert size peak (evaluated by paired-end reads): 308JSON report: fastp.jsonHTML report: fastp.htmlfastp --thread 4 --report_title fastp report for Unnamed Collection.fastq -i Unnamed Collection.fastq -o first.fastq -I Unnamed Collection_R2.fastq -O second.fastq fastp v0.23.4, time used: 2 seconds
            ]]></system-err>
        
    </testcase>
    
    <testcase classname="fastp (Test #11)" name="10" time="36.58324193954468">
        
            
            <system-out><![CDATA[
            
            ]]></system-out>
            <system-err><![CDATA[
            Detecting adapter sequence for read1...No adapter detected for read1Read1 before filtering:total reads: 2total bases: 302Q20 bases: 262(86.755%)Q30 bases: 241(79.8013%)Read1 after filtering:total reads: 2total bases: 302Q20 bases: 262(86.755%)Q30 bases: 241(79.8013%)Filtering result:reads passed filter: 2reads failed due to low quality: 0reads failed due to too many N: 0reads failed due to too short: 0reads with adapter trimmed: 0bases trimmed due to adapters: 0reads with polyX in 3' end: 0bases trimmed in polyX tail: 0Duplication rate (may be overestimated since this is SE data): 0%JSON report: fastp.jsonHTML report: fastp.htmlfastp --thread 4 --report_title fastp report for R1_fq_gz.fastq.gz -i R1_fq_gz.fastq.gz -o first.fastq.gz -x --poly_x_min_len 10 fastp v0.23.4, time used: 0 seconds
            ]]></system-err>
        
    </testcase>
    
    <testcase classname="fastp (Test #12)" name="11" time="37.71837615966797">
        
            
            <system-out><![CDATA[
            
            ]]></system-out>
            <system-err><![CDATA[
            WARNNIG: different read numbers of the 0 packRead1 pack size: 99Read2 pack size: 100ERROR: input files don't contain identical amount of reads
            ]]></system-err>
        
    </testcase>
    
    <testcase classname="fastp (Test #3)" name="2" time="13.225514888763428">
        
            <error type="error" message="Input staging problem: Job in error state.. tool_id: upload1, exit_code: None, stderr: ."><![CDATA[
                { "execution_problem": "Input staging problem: Job in error state.. tool_id: upload1, exit_code: None, stderr: .", "status": "error", "test_index": 2, "time_seconds": 13.225514888763428, "tool_id": "fastp", "tool_version": "0.23.4+galaxy1"}
            ]]></error>
        
    </testcase>
    
    <testcase classname="fastp (Test #4)" name="3" time="36.6061429977417">
        
            
            <system-out><![CDATA[
            
            ]]></system-out>
            <system-err><![CDATA[
            Detecting adapter sequence for read1...No adapter detected for read1Read1 before filtering:total reads: 2total bases: 302Q20 bases: 262(86.755%)Q30 bases: 241(79.8013%)Read1 after filtering:total reads: 2total bases: 286Q20 bases: 246(86.014%)Q30 bases: 226(79.021%)Filtering result:reads passed filter: 2reads failed due to low quality: 0reads failed due to too many N: 0reads failed due to too short: 0reads with adapter trimmed: 0bases trimmed due to adapters: 0Duplication rate (may be overestimated since this is SE data): 0%JSON report: fastp.jsonHTML report: fastp.htmlfastp --thread 4 --report_title fastp report for R1_fq.fastq -i R1_fq.fastq -o first.fastq -U --umi_loc read1 --umi_len 8 fastp v0.23.4, time used: 1 seconds
            ]]></system-err>
        
    </testcase>
    
    <testcase classname="fastp (Test #5)" name="4" time="37.58734440803528">
        
            
            <system-out><![CDATA[
            
            ]]></system-out>
            <system-err><![CDATA[
            Detecting adapter sequence for read1...No adapter detected for read1Read1 before filtering:total reads: 2total bases: 302Q20 bases: 262(86.755%)Q30 bases: 241(79.8013%)Read1 after filtering:total reads: 2total bases: 278Q20 bases: 239(85.9712%)Q30 bases: 220(79.1367%)Filtering result:reads passed filter: 2reads failed due to low quality: 0reads failed due to too many N: 0reads failed due to too short: 0reads with adapter trimmed: 0bases trimmed due to adapters: 0Duplication rate (may be overestimated since this is SE data): 0%JSON report: fastp.jsonHTML report: fastp.htmlfastp --thread 4 --report_title fastp report for R1_fq.fastq -i R1_fq.fastq -o first.fastq -U --umi_loc read1 --umi_len 12 fastp v0.23.4, time used: 1 seconds
            ]]></system-err>
        
    </testcase>
    
    <testcase classname="fastp (Test #6)" name="5" time="39.31638550758362">
        
            
            <system-out><![CDATA[
            
            ]]></system-out>
            <system-err><![CDATA[
            Read1 before filtering:total reads: 99total bases: 24849Q20 bases: 23268(93.6376%)Q30 bases: 22391(90.1083%)Read2 before filtering:total reads: 99total bases: 24849Q20 bases: 22676(91.2552%)Q30 bases: 21532(86.6514%)Read1 after filtering:total reads: 97total bases: 22942Q20 bases: 21680(94.4992%)Q30 bases: 20981(91.4524%)Read2 after filtering:total reads: 97total bases: 22942Q20 bases: 21535(93.8671%)Q30 bases: 20672(90.1055%)Filtering result:reads passed filter: 194reads failed due to low quality: 2reads failed due to too many N: 2reads failed due to too short: 0reads with adapter trimmed: 68bases trimmed due to adapters: 2824Duplication rate: 0%Insert size peak (evaluated by paired-end reads): 308JSON report: fastp.jsonHTML report: fastp.htmlfastp --thread 4 --report_title fastp report for bwa-mem-fastq1_fq.fastq -i bwa-mem-fastq1_fq.fastq -o first.fastq -I bwa-mem-fastq2_fq_R2.fastq -O second.fastq fastp v0.23.4, time used: 1 seconds
            ]]></system-err>
        
    </testcase>
    
    <testcase classname="fastp (Test #7)" name="6" time="30.981672763824463">
        
            
                <error type="error" message="Tool exit code: None"><![CDATA[
                    { "inputs": {  "read_mod_options|umi_processing|umi": true,  "read_mod_options|umi_processing|umi_len": "8",  "read_mod_options|umi_processing|umi_loc": "read1",  "single_paired|in1": {   "id": "e2c13920f2f8e8cc",   "src": "hda"  },  "single_paired|in2": {   "id": "477592fb44742539",   "src": "hda"  },  "single_paired|single_paired_selector": "paired" }, "job": {  "command_line": "ln -sf \u0027/galaxy/server/database/objects/5/0/3/dataset_5033ada0-4bc1-4dff-967a-1f410c28a98f.dat\u0027 \u0027bwa-mem-fastq1_fq.fastq\u0027 \u0026\u0026  ln -sf \u0027/galaxy/server/database/objects/7/a/a/dataset_7aa0ee75-0cc6-41da-bba2-231eaa271286.dat\u0027 \u0027bwa-mem-fastq2_fq_R2.fastq\u0027 \u0026\u0026    fastp  --thread ${GALAXY_SLOTS:-1} --report_title \u0027fastp report for bwa-mem-fastq1_fq.fastq\u0027   -i \u0027bwa-mem-fastq1_fq.fastq\u0027 -o first.fastq  -I \u0027bwa-mem-fastq2_fq_R2.fastq\u0027 -O second.fastq                                           -U --umi_loc \u0027read1\u0027 --umi_len 8       \u0026\u0026  mv first.fastq \u0027/galaxy/server/database/objects/1/7/6/dataset_17602f17-c2d3-4b24-a5a9-fd871a7ce76a.dat\u0027 \u0026\u0026 mv second.fastq \u0027/galaxy/server/database/objects/3/7/2/dataset_372866bf-dc45-4961-afcc-6716e4c75727.dat\u0027",  "command_version": null,  "copied_from_job_id": null,  "create_time": "2024-11-10T18:38:38.358594",  "dependencies": [],  "exit_code": null,  "external_id": "gxy-s77sc",  "galaxy_version": "24.1",  "handler": null,  "history_id": "e1e76306515b5456",  "id": "bbaf16ad16553067",  "inputs": {   "single_paired|in1": {    "id": "e2c13920f2f8e8cc",    "src": "hda",    "uuid": "5033ada0-4bc1-4dff-967a-1f410c28a98f"   },   "single_paired|in2": {    "id": "477592fb44742539",    "src": "hda",    "uuid": "7aa0ee75-0cc6-41da-bba2-231eaa271286"   }  },  "job_messages": null,  "job_metrics": [],  "job_runner_name": null,  "job_stderr": null,  "job_stdout": null,  "model_class": "Job",  "output_collections": {},  "outputs": {   "out1": {    "id": "bab261b9f586148a",    "src": "hda",    "uuid": "17602f17-c2d3-4b24-a5a9-fd871a7ce76a"   },   "out2": {    "id": "e3bfe4432ced507a",    "src": "hda",    "uuid": "372866bf-dc45-4961-afcc-6716e4c75727"   },   "report_html": {    "id": "9cc405ebc2290a73",    "src": "hda",    "uuid": "6772dc8b-4ca4-4001-9e66-c10372b917bb"   }  },  "params": {   "__input_ext": "\"input\"",   "chromInfo": "\"/cvmfs/data.galaxyproject.org/managed/len/ucsc/?.len\"",   "dbkey": "\"?\"",   "filter_options": "{\"length_filtering_options\": {\"disable_length_filtering\": false, \"length_limit\": \"\", \"length_required\": \"\"}, \"low_complexity_filter\": {\"complexity_threshold\": \"\", \"enable_low_complexity_filter\": false}, \"quality_filtering_options\": {\"disable_quality_filtering\": false, \"n_base_limit\": \"\", \"qualified_quality_phred\": \"\", \"unqualified_percent_limit\": \"\"}}",   "output_options": "{\"report_html\": true, \"report_json\": false}",   "overrepresented_sequence_analysis": "{\"overrepresentation_analysis\": false, \"overrepresentation_sampling\": \"\"}",   "read_mod_options": "{\"base_correction_options\": {\"correction\": false}, \"cutting_by_quality_options\": {\"cut_by_quality3\": false, \"cut_by_quality5\": false, \"cut_mean_quality\": \"\", \"cut_window_size\": \"\"}, \"polyg_tail_trimming\": {\"__current_case__\": 1, \"poly_g_min_len\": \"\", \"trimming_select\": \"\"}, \"polyx_tail_trimming\": {\"__current_case__\": 1, \"polyx_trimming_select\": \"\"}, \"umi_processing\": {\"umi\": true, \"umi_len\": \"8\", \"umi_loc\": \"read1\", \"umi_prefix\": null}}",   "single_paired": "{\"__current_case__\": 1, \"adapter_trimming_options\": {\"adapter_sequence1\": null, \"adapter_sequence2\": null, \"detect_adapter_for_pe\": false, \"disable_adapter_trimming\": false}, \"global_trimming_options\": {\"trim_front1\": \"\", \"trim_front2\": \"\", \"trim_tail1\": \"\", \"trim_tail2\": \"\"}, \"in1\": {\"values\": [{\"id\": 30, \"src\": \"hda\"}]}, \"in2\": {\"values\": [{\"id\": 31, \"src\": \"hda\"}]}, \"single_paired_selector\": \"paired\"}"  },  "state": "error",  "stderr": "Read1 before filtering:\ntotal reads: 99\ntotal bases: 24849\nQ20 bases: 23268(93.6376%)\nQ30 bases: 22391(90.1083%)\n\nRead2 before filtering:\ntotal reads: 99\ntotal bases: 24849\nQ20 bases: 22676(91.2552%)\nQ30 bases: 21532(86.6514%)\n\nRead1 after filtering:\ntotal reads: 97\ntotal bases: 22166\nQ20 bases: 20935(94.4464%)\nQ30 bases: 20255(91.3787%)\n\nRead2 after filtering:\ntotal reads: 97\ntotal bases: 22646\nQ20 bases: 21284(93.9857%)\nQ30 bases: 20447(90.2897%)\n\nFiltering result:\nreads passed filter: 194\nreads failed due to low quality: 2\nreads failed due to too many N: 2\nreads failed due to too short: 0\nreads with adapter trimmed: 76\nbases trimmed due to adapters: 3128\n\nDuplication rate: 0%\n\nInsert size peak (evaluated by paired-end reads): 243\n\nJSON report: fastp.json\nHTML report: fastp.html\n\nfastp --thread 4 --report_title fastp report for bwa-mem-fastq1_fq.fastq -i bwa-mem-fastq1_fq.fastq -o first.fastq -I bwa-mem-fastq2_fq_R2.fastq -O second.fastq -U --umi_loc read1 --umi_len 8 \nfastp v0.23.4, time used: 1 seconds\n",  "stdout": "",  "tool_id": "toolshed.g2.bx.psu.edu/repos/iuc/fastp/fastp/0.23.4+galaxy1",  "tool_stderr": "Read1 before filtering:\ntotal reads: 99\ntotal bases: 24849\nQ20 bases: 23268(93.6376%)\nQ30 bases: 22391(90.1083%)\n\nRead2 before filtering:\ntotal reads: 99\ntotal bases: 24849\nQ20 bases: 22676(91.2552%)\nQ30 bases: 21532(86.6514%)\n\nRead1 after filtering:\ntotal reads: 97\ntotal bases: 22166\nQ20 bases: 20935(94.4464%)\nQ30 bases: 20255(91.3787%)\n\nRead2 after filtering:\ntotal reads: 97\ntotal bases: 22646\nQ20 bases: 21284(93.9857%)\nQ30 bases: 20447(90.2897%)\n\nFiltering result:\nreads passed filter: 194\nreads failed due to low quality: 2\nreads failed due to too many N: 2\nreads failed due to too short: 0\nreads with adapter trimmed: 76\nbases trimmed due to adapters: 3128\n\nDuplication rate: 0%\n\nInsert size peak (evaluated by paired-end reads): 243\n\nJSON report: fastp.json\nHTML report: fastp.html\n\nfastp --thread 4 --report_title fastp report for bwa-mem-fastq1_fq.fastq -i bwa-mem-fastq1_fq.fastq -o first.fastq -I bwa-mem-fastq2_fq_R2.fastq -O second.fastq -U --umi_loc read1 --umi_len 8 \nfastp v0.23.4, time used: 1 seconds\n",  "tool_stdout": "",  "update_time": "2024-11-10T18:38:46.056608",  "user_email": "tests@fake.org" }, "output_problems": [  "Job in error state.. tool_id: toolshed.g2.bx.psu.edu/repos/iuc/fastp/fastp/0.23.4+galaxy1, exit_code: None, stderr: Read1 before filtering:\ntotal reads: 99\ntotal bases: 24849\nQ20 bases: 23268(93.6376%)\nQ30 bases: 22391(90.1083%)\n\nRead2 before filtering:\ntotal reads: 99\ntotal bases: 24849\nQ20 bases: 22676(91.2552%)\nQ30 bases: 21532(86.6514%)\n\nRead1 after filtering:\ntotal reads: 97\ntotal bases: 22166\nQ20 bases: 20935(94.4464%)\nQ30 bases: 20255(91.3787%)\n\nRead2 after filtering:\ntotal reads: 97\ntotal bases: 22646\nQ20 bases: 21284(93.9857%)\nQ30 bases: 20447(90.2897%)\n\nFiltering result:\nreads passed filter: 194\nreads failed due to low quality: 2\nreads failed due to too many N: 2\nreads failed due to too short: 0\nreads with adapter trimmed: 76\nbases trimmed due to adapters: 3128\n\nDuplication rate: 0%\n\nInsert size peak (evaluated by paired-end reads): 243\n\nJSON report: fastp.json\nHTML report: fastp.html\n\nfastp --thread 4 --report_title fastp report for bwa-mem-fastq1_fq.fastq -i bwa-mem-fastq1_fq.fastq -o first.fastq -I bwa-mem-fastq2_fq_R2.fastq -O second.fastq -U --umi_loc read1 --umi_len 8 \nfastp v0.23.4, time used: 1 seconds\n.",  "Job in error state.. tool_id: toolshed.g2.bx.psu.edu/repos/iuc/fastp/fastp/0.23.4+galaxy1, exit_code: None, stderr: Read1 before filtering:\ntotal reads: 99\ntotal bases: 24849\nQ20 bases: 23268(93.6376%)\nQ30 bases: 22391(90.1083%)\n\nRead2 before filtering:\ntotal reads: 99\ntotal bases: 24849\nQ20 bases: 22676(91.2552%)\nQ30 bases: 21532(86.6514%)\n\nRead1 after filtering:\ntotal reads: 97\ntotal bases: 22166\nQ20 bases: 20935(94.4464%)\nQ30 bases: 20255(91.3787%)\n\nRead2 after filtering:\ntotal reads: 97\ntotal bases: 22646\nQ20 bases: 21284(93.9857%)\nQ30 bases: 20447(90.2897%)\n\nFiltering result:\nreads passed filter: 194\nreads failed due to low quality: 2\nreads failed due to too many N: 2\nreads failed due to too short: 0\nreads with adapter trimmed: 76\nbases trimmed due to adapters: 3128\n\nDuplication rate: 0%\n\nInsert size peak (evaluated by paired-end reads): 243\n\nJSON report: fastp.json\nHTML report: fastp.html\n\nfastp --thread 4 --report_title fastp report for bwa-mem-fastq1_fq.fastq -i bwa-mem-fastq1_fq.fastq -o first.fastq -I bwa-mem-fastq2_fq_R2.fastq -O second.fastq -U --umi_loc read1 --umi_len 8 \nfastp v0.23.4, time used: 1 seconds\n.",  "Job in error state.. tool_id: toolshed.g2.bx.psu.edu/repos/iuc/fastp/fastp/0.23.4+galaxy1, exit_code: None, stderr: Read1 before filtering:\ntotal reads: 99\ntotal bases: 24849\nQ20 bases: 23268(93.6376%)\nQ30 bases: 22391(90.1083%)\n\nRead2 before filtering:\ntotal reads: 99\ntotal bases: 24849\nQ20 bases: 22676(91.2552%)\nQ30 bases: 21532(86.6514%)\n\nRead1 after filtering:\ntotal reads: 97\ntotal bases: 22166\nQ20 bases: 20935(94.4464%)\nQ30 bases: 20255(91.3787%)\n\nRead2 after filtering:\ntotal reads: 97\ntotal bases: 22646\nQ20 bases: 21284(93.9857%)\nQ30 bases: 20447(90.2897%)\n\nFiltering result:\nreads passed filter: 194\nreads failed due to low quality: 2\nreads failed due to too many N: 2\nreads failed due to too short: 0\nreads with adapter trimmed: 76\nbases trimmed due to adapters: 3128\n\nDuplication rate: 0%\n\nInsert size peak (evaluated by paired-end reads): 243\n\nJSON report: fastp.json\nHTML report: fastp.html\n\nfastp --thread 4 --report_title fastp report for bwa-mem-fastq1_fq.fastq -i bwa-mem-fastq1_fq.fastq -o first.fastq -I bwa-mem-fastq2_fq_R2.fastq -O second.fastq -U --umi_loc read1 --umi_len 8 \nfastp v0.23.4, time used: 1 seconds\n." ], "status": "failure", "test_index": 6, "time_seconds": 30.981672763824463, "tool_id": "fastp", "tool_version": "0.23.4+galaxy1"}
                ]]></error>
            
            <system-out><![CDATA[
            
            ]]></system-out>
            <system-err><![CDATA[
            Read1 before filtering:total reads: 99total bases: 24849Q20 bases: 23268(93.6376%)Q30 bases: 22391(90.1083%)Read2 before filtering:total reads: 99total bases: 24849Q20 bases: 22676(91.2552%)Q30 bases: 21532(86.6514%)Read1 after filtering:total reads: 97total bases: 22166Q20 bases: 20935(94.4464%)Q30 bases: 20255(91.3787%)Read2 after filtering:total reads: 97total bases: 22646Q20 bases: 21284(93.9857%)Q30 bases: 20447(90.2897%)Filtering result:reads passed filter: 194reads failed due to low quality: 2reads failed due to too many N: 2reads failed due to too short: 0reads with adapter trimmed: 76bases trimmed due to adapters: 3128Duplication rate: 0%Insert size peak (evaluated by paired-end reads): 243JSON report: fastp.jsonHTML report: fastp.htmlfastp --thread 4 --report_title fastp report for bwa-mem-fastq1_fq.fastq -i bwa-mem-fastq1_fq.fastq -o first.fastq -I bwa-mem-fastq2_fq_R2.fastq -O second.fastq -U --umi_loc read1 --umi_len 8 fastp v0.23.4, time used: 1 seconds
            ]]></system-err>
        
    </testcase>
    
    <testcase classname="fastp (Test #8)" name="7" time="39.104273557662964">
        
            
            <system-out><![CDATA[
            
            ]]></system-out>
            <system-err><![CDATA[
            Read1 before filtering:total reads: 99total bases: 24849Q20 bases: 23268(93.6376%)Q30 bases: 22391(90.1083%)Read2 before filtering:total reads: 99total bases: 24849Q20 bases: 22676(91.2552%)Q30 bases: 21532(86.6514%)Read1 after filtering:total reads: 97total bases: 22678Q20 bases: 21439(94.5366%)Q30 bases: 20756(91.5248%)Read2 after filtering:total reads: 97total bases: 22166Q20 bases: 20766(93.684%)Q30 bases: 19910(89.8223%)Filtering result:reads passed filter: 194reads failed due to low quality: 2reads failed due to too many N: 2reads failed due to too short: 0reads with adapter trimmed: 68bases trimmed due to adapters: 3096Duplication rate: 0%Insert size peak (evaluated by paired-end reads): 300JSON report: fastp.jsonHTML report: fastp.htmlfastp --thread 4 --report_title fastp report for bwa-mem-fastq1_fq.fastq -i bwa-mem-fastq1_fq.fastq -o first.fastq -I bwa-mem-fastq2_fq_R2.fastq -O second.fastq -U --umi_loc read2 --umi_len 8 fastp v0.23.4, time used: 1 seconds
            ]]></system-err>
        
    </testcase>
    
    <testcase classname="fastp (Test #9)" name="8" time="38.24598574638367">
        
            
            <system-out><![CDATA[
            
            ]]></system-out>
            <system-err><![CDATA[
            Detecting adapter sequence for read1...No adapter detected for read1Read1 before filtering:total reads: 2total bases: 302Q20 bases: 262(86.755%)Q30 bases: 241(79.8013%)Read1 after filtering:total reads: 2total bases: 302Q20 bases: 262(86.755%)Q30 bases: 241(79.8013%)Filtering result:reads passed filter: 2reads failed due to low quality: 0reads failed due to too many N: 0reads failed due to too short: 0reads with adapter trimmed: 0bases trimmed due to adapters: 0Duplication rate (may be overestimated since this is SE data): 0%JSON report: fastp.jsonHTML report: fastp.htmlfastp --thread 4 --report_title fastp report for R1_fq.fastq -i R1_fq.fastq -o first.fastq fastp v0.23.4, time used: 1 seconds
            ]]></system-err>
        
    </testcase>
    
    <testcase classname="fastp (Test #10)" name="9" time="36.90315294265747">
        
            
            <system-out><![CDATA[
            
            ]]></system-out>
            <system-err><![CDATA[
            Detecting adapter sequence for read1...No adapter detected for read1Read1 before filtering:total reads: 2total bases: 302Q20 bases: 262(86.755%)Q30 bases: 241(79.8013%)Read1 after filtering:total reads: 2total bases: 302Q20 bases: 262(86.755%)Q30 bases: 241(79.8013%)Filtering result:reads passed filter: 2reads failed due to low quality: 0reads failed due to too many N: 0reads failed due to too short: 0reads with adapter trimmed: 0bases trimmed due to adapters: 0Duplication rate (may be overestimated since this is SE data): 0%JSON report: fastp.jsonHTML report: fastp.htmlfastp --thread 4 --report_title fastp report for R1_fq_gz.fastq.gz -i R1_fq_gz.fastq.gz -o first.fastq.gz --poly_g_min_len 10 -g fastp v0.23.4, time used: 1 seconds
            ]]></system-err>
        
    </testcase>
    
    <testcase classname="pharmcat (Test #1)" name="0" time="101.7062439918518">
        
            
            <system-out><![CDATA[
            
            ]]></system-out>
            <system-err><![CDATA[
            Picked up _JAVA_OPTIONS: -Xmx4G -Xms1G
            ]]></system-err>
        
    </testcase>
    
    <testcase classname="pharmcat (Test #2)" name="1" time="40.195377349853516">
        
            
            <system-out><![CDATA[
            
            ]]></system-out>
            <system-err><![CDATA[
            Picked up _JAVA_OPTIONS: -Xmx4G -Xms1G
            ]]></system-err>
        
    </testcase>
    
    <testcase classname="pharmcat (Test #3)" name="2" time="21.782383680343628">
        
            <error type="error" message="Input staging problem: Job in error state.. tool_id: upload1, exit_code: None, stderr: ."><![CDATA[
                { "execution_problem": "Input staging problem: Job in error state.. tool_id: upload1, exit_code: None, stderr: .", "status": "error", "test_index": 2, "time_seconds": 21.782383680343628, "tool_id": "pharmcat", "tool_version": "1.7.0+galaxy0"}
            ]]></error>
        
    </testcase>
    
    <testcase classname="pharmcat (Test #4)" name="3" time="39.755101680755615">
        
            
            <system-out><![CDATA[
            
            ]]></system-out>
            <system-err><![CDATA[
            Picked up _JAVA_OPTIONS: -Xmx4G -Xms1G
            ]]></system-err>
        
    </testcase>
    
    <testcase classname="pharmcat (Test #5)" name="4" time="39.54071593284607">
        
            
            <system-out><![CDATA[
            
            ]]></system-out>
            <system-err><![CDATA[
            Picked up _JAVA_OPTIONS: -Xmx4G -Xms1G
            ]]></system-err>
        
    </testcase>
    
    <testcase classname="poretools_events (Test #1)" name="0" time="64.73801898956299">
        
            
                <error type="error" message="Tool exit code: 1"><![CDATA[
                    { "inputs": {  "input": {   "id": "b002b46e7bbcc38a",   "src": "hda"  },  "precalled": false }, "job": {  "command_line": "poretools events  \u0027/galaxy/server/database/objects/5/c/c/dataset_5ccd8dfe-954c-4af0-b1f2-21213dfc143a.dat\u0027 \u003e \u0027/galaxy/server/database/objects/f/6/9/dataset_f69f4e21-490c-49cb-9fbe-292342c3131c.dat\u0027",  "command_version": "",  "copied_from_job_id": null,  "create_time": "2024-11-10T18:42:21.606510",  "dependencies": [],  "exit_code": 1,  "external_id": "gxy-rrt28",  "galaxy_version": "24.1",  "handler": null,  "history_id": "e1e76306515b5456",  "id": "65089b14c812b5db",  "inputs": {   "input": {    "id": "b002b46e7bbcc38a",    "src": "hda",    "uuid": "5ccd8dfe-954c-4af0-b1f2-21213dfc143a"   }  },  "job_messages": [   {    "code_desc": "",    "desc": "Fatal error: Exit code 1 ()",    "error_level": 3,    "exit_code": 1,    "type": "exit_code"   },   {    "code_desc": "",    "desc": "Fatal error: ",    "error_level": 3,    "match": "Error:",    "stream": "stderr",    "type": "regex"   }  ],  "job_metrics": [   {    "name": "galaxy_slots",    "plugin": "core",    "raw_value": "1.0000000",    "title": "Cores Allocated",    "value": "1"   },   {    "name": "galaxy_memory_mb",    "plugin": "core",    "raw_value": "12240.0000000",    "title": "Memory Allocated (MB)",    "value": "12240"   },   {    "name": "start_epoch",    "plugin": "core",    "raw_value": "1731264161.0000000",    "title": "Job Start Time",    "value": "2024-11-10 18:42:41"   },   {    "name": "end_epoch",    "plugin": "core",    "raw_value": "1731264162.0000000",    "title": "Job End Time",    "value": "2024-11-10 18:42:42"   },   {    "name": "runtime_seconds",    "plugin": "core",    "raw_value": "1.0000000",    "title": "Job Runtime (Wall Clock)",    "value": "1 second"   }  ],  "job_runner_name": null,  "job_stderr": "",  "job_stdout": "",  "model_class": "Job",  "output_collections": {},  "outputs": {   "output": {    "id": "46070c2b44f8c65b",    "src": "hda",    "uuid": "f69f4e21-490c-49cb-9fbe-292342c3131c"   }  },  "params": {   "__input_ext": "\"fast5.tar\"",   "chromInfo": "\"/cvmfs/data.galaxyproject.org/managed/len/ucsc/?.len\"",   "dbkey": "\"?\"",   "precalled": "false"  },  "state": "error",  "stderr": "Traceback (most recent call last):\n  File \"/usr/local/bin/poretools\", line 11, in \u003cmodule\u003e\n    load_entry_point(\u0027poretools==0.6.0\u0027, \u0027console_scripts\u0027, \u0027poretools\u0027)()\n  File \"/usr/local/lib/python2.7/site-packages/poretools/poretools_main.py\", line 543, in main\n    args.func(parser, args)\n  File \"/usr/local/lib/python2.7/site-packages/poretools/poretools_main.py\", line 55, in run_subtool\n    submodule.run(parser, args)\n  File \"/usr/local/lib/python2.7/site-packages/poretools/events.py\", line 17, in run\n    for fast5 in Fast5File.Fast5FileSet(args.files):\n  File \"/usr/local/lib/python2.7/site-packages/poretools/Fast5File.py\", line 110, in next\n    shutil.rmtree(PORETOOLS_TMPDIR)\n  File \"/usr/local/lib/python2.7/shutil.py\", line 261, in rmtree\n    rmtree(fullname, ignore_errors, onerror)\n  File \"/usr/local/lib/python2.7/shutil.py\", line 270, in rmtree\n    onerror(os.rmdir, path, sys.exc_info())\n  File \"/usr/local/lib/python2.7/shutil.py\", line 268, in rmtree\n    os.rmdir(path)\nOSError: [Errno 39] Directory not empty: \u0027.poretools_tmp/test-data\u0027\n",  "stdout": "",  "tool_id": "toolshed.g2.bx.psu.edu/repos/iuc/poretools_events/poretools_events/0.6.1a1.1",  "tool_stderr": "Traceback (most recent call last):\n  File \"/usr/local/bin/poretools\", line 11, in \u003cmodule\u003e\n    load_entry_point(\u0027poretools==0.6.0\u0027, \u0027console_scripts\u0027, \u0027poretools\u0027)()\n  File \"/usr/local/lib/python2.7/site-packages/poretools/poretools_main.py\", line 543, in main\n    args.func(parser, args)\n  File \"/usr/local/lib/python2.7/site-packages/poretools/poretools_main.py\", line 55, in run_subtool\n    submodule.run(parser, args)\n  File \"/usr/local/lib/python2.7/site-packages/poretools/events.py\", line 17, in run\n    for fast5 in Fast5File.Fast5FileSet(args.files):\n  File \"/usr/local/lib/python2.7/site-packages/poretools/Fast5File.py\", line 110, in next\n    shutil.rmtree(PORETOOLS_TMPDIR)\n  File \"/usr/local/lib/python2.7/shutil.py\", line 261, in rmtree\n    rmtree(fullname, ignore_errors, onerror)\n  File \"/usr/local/lib/python2.7/shutil.py\", line 270, in rmtree\n    onerror(os.rmdir, path, sys.exc_info())\n  File \"/usr/local/lib/python2.7/shutil.py\", line 268, in rmtree\n    os.rmdir(path)\nOSError: [Errno 39] Directory not empty: \u0027.poretools_tmp/test-data\u0027\n",  "tool_stdout": "",  "update_time": "2024-11-10T18:43:02.971344",  "user_email": "tests@fake.org" }, "output_problems": [  "Job in error state.. tool_id: toolshed.g2.bx.psu.edu/repos/iuc/poretools_events/poretools_events/0.6.1a1.1, exit_code: 1, stderr: Traceback (most recent call last):\n  File \"/usr/local/bin/poretools\", line 11, in \u003cmodule\u003e\n    load_entry_point(\u0027poretools==0.6.0\u0027, \u0027console_scripts\u0027, \u0027poretools\u0027)()\n  File \"/usr/local/lib/python2.7/site-packages/poretools/poretools_main.py\", line 543, in main\n    args.func(parser, args)\n  File \"/usr/local/lib/python2.7/site-packages/poretools/poretools_main.py\", line 55, in run_subtool\n    submodule.run(parser, args)\n  File \"/usr/local/lib/python2.7/site-packages/poretools/events.py\", line 17, in run\n    for fast5 in Fast5File.Fast5FileSet(args.files):\n  File \"/usr/local/lib/python2.7/site-packages/poretools/Fast5File.py\", line 110, in next\n    shutil.rmtree(PORETOOLS_TMPDIR)\n  File \"/usr/local/lib/python2.7/shutil.py\", line 261, in rmtree\n    rmtree(fullname, ignore_errors, onerror)\n  File \"/usr/local/lib/python2.7/shutil.py\", line 270, in rmtree\n    onerror(os.rmdir, path, sys.exc_info())\n  File \"/usr/local/lib/python2.7/shutil.py\", line 268, in rmtree\n    os.rmdir(path)\nOSError: [Errno 39] Directory not empty: \u0027.poretools_tmp/test-data\u0027\n.",  "Job in error state.. tool_id: toolshed.g2.bx.psu.edu/repos/iuc/poretools_events/poretools_events/0.6.1a1.1, exit_code: 1, stderr: Traceback (most recent call last):\n  File \"/usr/local/bin/poretools\", line 11, in \u003cmodule\u003e\n    load_entry_point(\u0027poretools==0.6.0\u0027, \u0027console_scripts\u0027, \u0027poretools\u0027)()\n  File \"/usr/local/lib/python2.7/site-packages/poretools/poretools_main.py\", line 543, in main\n    args.func(parser, args)\n  File \"/usr/local/lib/python2.7/site-packages/poretools/poretools_main.py\", line 55, in run_subtool\n    submodule.run(parser, args)\n  File \"/usr/local/lib/python2.7/site-packages/poretools/events.py\", line 17, in run\n    for fast5 in Fast5File.Fast5FileSet(args.files):\n  File \"/usr/local/lib/python2.7/site-packages/poretools/Fast5File.py\", line 110, in next\n    shutil.rmtree(PORETOOLS_TMPDIR)\n  File \"/usr/local/lib/python2.7/shutil.py\", line 261, in rmtree\n    rmtree(fullname, ignore_errors, onerror)\n  File \"/usr/local/lib/python2.7/shutil.py\", line 270, in rmtree\n    onerror(os.rmdir, path, sys.exc_info())\n  File \"/usr/local/lib/python2.7/shutil.py\", line 268, in rmtree\n    os.rmdir(path)\nOSError: [Errno 39] Directory not empty: \u0027.poretools_tmp/test-data\u0027\n." ], "status": "failure", "test_index": 0, "time_seconds": 64.73801898956299, "tool_id": "poretools_events", "tool_version": "0.6.1a1.1"}
                ]]></error>
            
            <system-out><![CDATA[
            
            ]]></system-out>
            <system-err><![CDATA[
            Traceback (most recent call last):  File "/usr/local/bin/poretools", line 11, in <module>    load_entry_point('poretools==0.6.0', 'console_scripts', 'poretools')()  File "/usr/local/lib/python2.7/site-packages/poretools/poretools_main.py", line 543, in main    args.func(parser, args)  File "/usr/local/lib/python2.7/site-packages/poretools/poretools_main.py", line 55, in run_subtool    submodule.run(parser, args)  File "/usr/local/lib/python2.7/site-packages/poretools/events.py", line 17, in run    for fast5 in Fast5File.Fast5FileSet(args.files):  File "/usr/local/lib/python2.7/site-packages/poretools/Fast5File.py", line 110, in next    shutil.rmtree(PORETOOLS_TMPDIR)  File "/usr/local/lib/python2.7/shutil.py", line 261, in rmtree    rmtree(fullname, ignore_errors, onerror)  File "/usr/local/lib/python2.7/shutil.py", line 270, in rmtree    onerror(os.rmdir, path, sys.exc_info())  File "/usr/local/lib/python2.7/shutil.py", line 268, in rmtree    os.rmdir(path)OSError: [Errno 39] Directory not empty: '.poretools_tmp/test-data'
            ]]></system-err>
        
    </testcase>
    
    <testcase classname="poretools_events (Test #2)" name="1" time="11.948740482330322">
        
            <error type="error" message="Input staging problem: Job in error state.. tool_id: upload1, exit_code: None, stderr: ."><![CDATA[
                { "execution_problem": "Input staging problem: Job in error state.. tool_id: upload1, exit_code: None, stderr: .", "status": "error", "test_index": 1, "time_seconds": 11.948740482330322, "tool_id": "poretools_events", "tool_version": "0.6.1a1.1"}
            ]]></error>
        
    </testcase>
    
    <testcase classname="qualimap_bamqc (Test #1)" name="0" time="99.45194792747498">
        
            
            <system-out><![CDATA[
            Java memory size is set to 1200MLaunching application...detected environment java options -Djava.awt.headless=true -Xmx25769mQualiMap v.2.3Built on 2023-05-19 16:57Selected tool: bamqcAvailable memory (Mb): 389Max memory (Mb): 26121Starting bam qc....Loading sam header...Loading locator...Loading reference...Only flagged duplicate alignments will be skipped...Number of windows: 400, effective number of windows: 325Chunk of reads size: 1000Number of threads: 1Processed 50 out of 325 windows...Processed 100 out of 325 windows...Processed 150 out of 325 windows...Processed 200 out of 325 windows...Processed 250 out of 325 windows...Processed 300 out of 325 windows...Total processed windows:325Number of reads: 100Number of valid reads: 100Number of correct strand reads:0Inside of regions...Num mapped reads: 100Num mapped first of pair: 0Num mapped second of pair: 0Num singletons: 0Time taken to analyze reads: 0Computing descriptors...numberOfMappedBases: 12665referenceSize: 650numberOfSequencedBases: 7465numberOfAs: 1910Computing per chromosome statistics...Computing histograms...Overall analysis time: 0end of bam qcComputing report...Writing HTML report...HTML report created successfullyFinished
            ]]></system-out>
            <system-err><![CDATA[
            
            ]]></system-err>
        
    </testcase>
    
    <testcase classname="qualimap_bamqc (Test #2)" name="1" time="44.66850304603577">
        
            
            <system-out><![CDATA[
            Java memory size is set to 1200MLaunching application...detected environment java options -Djava.awt.headless=true -Xmx25769mQualiMap v.2.3Built on 2023-05-19 16:57Selected tool: bamqcAvailable memory (Mb): 389Max memory (Mb): 26121Starting bam qc....Loading sam header...Loading locator...Loading reference...Only flagged duplicate alignments will be skipped...Number of windows: 400, effective number of windows: 325Chunk of reads size: 1000Number of threads: 1Processed 50 out of 325 windows...Processed 100 out of 325 windows...Processed 150 out of 325 windows...Processed 200 out of 325 windows...Processed 250 out of 325 windows...Processed 300 out of 325 windows...Total processed windows:325Number of reads: 100Number of valid reads: 100Number of correct strand reads:0Inside of regions...Num mapped reads: 100Num mapped first of pair: 0Num mapped second of pair: 0Num singletons: 0Time taken to analyze reads: 0Computing descriptors...numberOfMappedBases: 12665referenceSize: 650numberOfSequencedBases: 7465numberOfAs: 1910Computing per chromosome statistics...Computing histograms...Overall analysis time: 0end of bam qcComputing report...Writing HTML report...HTML report created successfullyFinished
            ]]></system-out>
            <system-err><![CDATA[
            
            ]]></system-err>
        
    </testcase>
    
    <testcase classname="qualimap_bamqc (Test #3)" name="2" time="44.26268148422241">
        
            
            <system-out><![CDATA[
            Java memory size is set to 1200MLaunching application...detected environment java options -Djava.awt.headless=true -Xmx25769mQualiMap v.2.3Built on 2023-05-19 16:57Selected tool: bamqcAvailable memory (Mb): 389Max memory (Mb): 26121Starting bam qc....Loading sam header...Loading locator...Loading reference...Only flagged duplicate alignments will be skipped...Number of windows: 400, effective number of windows: 325Chunk of reads size: 1000Number of threads: 1Initializing regions from regions.gtf.....Found 4 regionsFilling region references... Processed 50 out of 325 windows...Processed 100 out of 325 windows...Processed 150 out of 325 windows...Processed 200 out of 325 windows...Processed 250 out of 325 windows...Processed 300 out of 325 windows...Total processed windows:325Number of reads: 100Number of valid reads: 100Number of correct strand reads:0Inside of regions...Num mapped reads: 82Num mapped first of pair: 0Num mapped second of pair: 0Num singletons: 0Time taken to analyze reads: 0Computing descriptors...numberOfMappedBases: 6451referenceSize: 650numberOfSequencedBases: 5101numberOfAs: 1243Computing per chromosome statistics...Computing histograms...Overall analysis time: 0end of bam qcComputing report...Writing HTML report...HTML report created successfullyFinished
            ]]></system-out>
            <system-err><![CDATA[
            
            ]]></system-err>
        
    </testcase>
    
    <testcase classname="qualimap_bamqc (Test #4)" name="3" time="46.334357261657715">
        
            
            <system-out><![CDATA[
            Java memory size is set to 1200MLaunching application...detected environment java options -Djava.awt.headless=true -Xmx25769mQualiMap v.2.3Built on 2023-05-19 16:57Selected tool: bamqcAvailable memory (Mb): 389Max memory (Mb): 26121Starting bam qc....Loading sam header...Loading locator...Loading reference...Only flagged duplicate alignments will be skipped...Number of windows: 400, effective number of windows: 325Chunk of reads size: 1000Number of threads: 1Initializing regions from regions.gtf.....Found 4 regionsFilling region references... Processed 50 out of 325 windows...Processed 100 out of 325 windows...Processed 150 out of 325 windows...Processed 200 out of 325 windows...Processed 250 out of 325 windows...Processed 300 out of 325 windows...Total processed windows:325Number of reads: 100Number of valid reads: 100Number of correct strand reads:0Inside of regions...Num mapped reads: 82Num mapped first of pair: 0Num mapped second of pair: 0Num singletons: 0Time taken to analyze reads: 0Computing descriptors...numberOfMappedBases: 6451referenceSize: 650numberOfSequencedBases: 5101numberOfAs: 1243Computing per chromosome statistics...Computing histograms...Overall analysis time: 0end of bam qcComputing report...Writing HTML report...HTML report created successfullyFinished
            ]]></system-out>
            <system-err><![CDATA[
            
            ]]></system-err>
        
    </testcase>
    
    <testcase classname="qualimap_bamqc (Test #5)" name="4" time="46.581987380981445">
        
            
            <system-out><![CDATA[
            Java memory size is set to 1200MLaunching application...detected environment java options -Djava.awt.headless=true -Xmx25769mQualiMap v.2.3Built on 2023-05-19 16:57Selected tool: bamqcAvailable memory (Mb): 389Max memory (Mb): 26121Starting bam qc....Loading sam header...Loading locator...Loading reference...Only flagged duplicate alignments will be skipped...Number of windows: 400, effective number of windows: 325Chunk of reads size: 1000Number of threads: 1Initializing regions from regions.gtf.....Found 4 regionsFilling region references... Processed 50 out of 325 windows...Processed 100 out of 325 windows...Processed 150 out of 325 windows...Processed 200 out of 325 windows...Processed 250 out of 325 windows...Processed 300 out of 325 windows...Total processed windows:325Number of reads: 100Number of valid reads: 100Number of correct strand reads:0Inside of regions...Num mapped reads: 82Num mapped first of pair: 0Num mapped second of pair: 0Num singletons: 0Ouside of regions...Num mapped reads: 18Num mapped first of pair: 0Num mapped second of pair: 0Num singletons: 0Time taken to analyze reads: 0Computing descriptors...numberOfMappedBases: 6451referenceSize: 650numberOfSequencedBases: 5101numberOfAs: 1243Computing per chromosome statistics...Computing histograms...Computing descriptors for outside regions...numberOfMappedBases: 6214referenceSize: 650numberOfSequencedBases: 2364numberOfAs: 667Computing per chromosome statistics for outside regions...Computing histograms for outside regions...Overall analysis time: 0end of bam qcComputing report...Writing HTML report...HTML report created successfullyFinished
            ]]></system-out>
            <system-err><![CDATA[
            
            ]]></system-err>
        
    </testcase>
    
    <testcase classname="samtools_stats (Test #1)" name="0" time="12.319359302520752">
        
            <error type="error" message="Input staging problem: Job in error state.. tool_id: upload1, exit_code: None, stderr: ."><![CDATA[
                { "execution_problem": "Input staging problem: Job in error state.. tool_id: upload1, exit_code: None, stderr: .", "status": "error", "test_index": 0, "time_seconds": 12.319359302520752, "tool_id": "samtools_stats", "tool_version": "2.0.5"}
            ]]></error>
        
    </testcase>
    
    <testcase classname="samtools_stats (Test #1)" name="0" time="39.613868713378906">
        
            
            <system-out><![CDATA[
            
            ]]></system-out>
            <system-err><![CDATA[
            
            ]]></system-err>
        
    </testcase>
    
    <testcase classname="samtools_stats (Test #2)" name="1" time="41.971431493759155">
        
            
            <system-out><![CDATA[
            
            ]]></system-out>
            <system-err><![CDATA[
            
            ]]></system-err>
        
    </testcase>
    
    <testcase classname="samtools_stats (Test #2)" name="1" time="38.726524114608765">
        
            
            <system-out><![CDATA[
            
            ]]></system-out>
            <system-err><![CDATA[
            
            ]]></system-err>
        
    </testcase>
    
    <testcase classname="samtools_stats (Test #11)" name="10" time="12.91386604309082">
        
            <error type="error" message="Input staging problem: Job in error state.. tool_id: upload1, exit_code: None, stderr: ."><![CDATA[
                { "execution_problem": "Input staging problem: Job in error state.. tool_id: upload1, exit_code: None, stderr: .", "status": "error", "test_index": 10, "time_seconds": 12.91386604309082, "tool_id": "samtools_stats", "tool_version": "2.0.5"}
            ]]></error>
        
    </testcase>
    
    <testcase classname="samtools_stats (Test #11)" name="10" time="38.59760761260986">
        
            
            <system-out><![CDATA[
            
            ]]></system-out>
            <system-err><![CDATA[
            
            ]]></system-err>
        
    </testcase>
    
    <testcase classname="samtools_stats (Test #12)" name="11" time="39.71901535987854">
        
            
            <system-out><![CDATA[
            
            ]]></system-out>
            <system-err><![CDATA[
            
            ]]></system-err>
        
    </testcase>
    
    <testcase classname="samtools_stats (Test #12)" name="11" time="39.62313270568848">
        
            
            <system-out><![CDATA[
            
            ]]></system-out>
            <system-err><![CDATA[
            
            ]]></system-err>
        
    </testcase>
    
    <testcase classname="samtools_stats (Test #13)" name="12" time="23.501094579696655">
        
            <error type="error" message="Input staging problem: Job in error state.. tool_id: upload1, exit_code: None, stderr: ."><![CDATA[
                { "execution_problem": "Input staging problem: Job in error state.. tool_id: upload1, exit_code: None, stderr: .", "status": "error", "test_index": 12, "time_seconds": 23.501094579696655, "tool_id": "samtools_stats", "tool_version": "2.0.5"}
            ]]></error>
        
    </testcase>
    
    <testcase classname="samtools_stats (Test #13)" name="12" time="39.88473892211914">
        
            
            <system-out><![CDATA[
            
            ]]></system-out>
            <system-err><![CDATA[
            
            ]]></system-err>
        
    </testcase>
    
    <testcase classname="samtools_stats (Test #3)" name="2" time="38.7715048789978">
        
            
            <system-out><![CDATA[
            
            ]]></system-out>
            <system-err><![CDATA[
            
            ]]></system-err>
        
    </testcase>
    
    <testcase classname="samtools_stats (Test #3)" name="2" time="39.281282901763916">
        
            
            <system-out><![CDATA[
            
            ]]></system-out>
            <system-err><![CDATA[
            
            ]]></system-err>
        
    </testcase>
    
    <testcase classname="samtools_stats (Test #4)" name="3" time="38.62924671173096">
        
            
            <system-out><![CDATA[
            
            ]]></system-out>
            <system-err><![CDATA[
            Barcodes with tag BC differ in length at sequence 'ref1_grp1_p002'
            ]]></system-err>
        
    </testcase>
    
    <testcase classname="samtools_stats (Test #4)" name="3" time="27.96663212776184">
        
            
                <error type="error" message="Tool exit code: None"><![CDATA[
                    { "inputs": {  "addref_cond|addref_select": "no",  "cond_region|select_region": "tab",  "cond_region|targetregions": {   "id": "68da5ac9c46e785d",   "src": "hda"  },  "input": {   "id": "f8e41e73a9f84c3c",   "src": "hda"  } }, "job": {  "command_line": "addthreads=${GALAXY_SLOTS:-1} \u0026\u0026 (( addthreads-- )) \u0026\u0026   ln -s \u0027/galaxy/server/database/objects/5/c/4/dataset_5c47d64c-f9af-4fd5-9bbd-fae0c0cef041.dat\u0027 infile \u0026\u0026       samtools stats     -t \u0027/galaxy/server/database/objects/4/3/3/dataset_433028ef-4298-4dfe-ad33-3443ddd0ed48.dat\u0027   -@ $addthreads infile   \u003e \u0027/galaxy/server/database/objects/7/3/7/dataset_737ea92a-eed1-4841-a7f1-650f9f673ec0.dat\u0027",  "command_version": null,  "copied_from_job_id": null,  "create_time": "2024-11-10T19:01:18.057053",  "dependencies": [],  "exit_code": null,  "external_id": "gxy-hzt4v",  "galaxy_version": "24.1",  "handler": null,  "history_id": "e1e76306515b5456",  "id": "56f06c244584ffa8",  "inputs": {   "cond_region|targetregions": {    "id": "68da5ac9c46e785d",    "src": "hda",    "uuid": "433028ef-4298-4dfe-ad33-3443ddd0ed48"   },   "input": {    "id": "f8e41e73a9f84c3c",    "src": "hda",    "uuid": "5c47d64c-f9af-4fd5-9bbd-fae0c0cef041"   }  },  "job_messages": null,  "job_metrics": [],  "job_runner_name": null,  "job_stderr": null,  "job_stdout": null,  "model_class": "Job",  "output_collections": {},  "outputs": {   "output": {    "id": "4e762c2402f92c23",    "src": "hda",    "uuid": "737ea92a-eed1-4841-a7f1-650f9f673ec0"   }  },  "params": {   "__input_ext": "\"input\"",   "addref_cond": "{\"__current_case__\": 0, \"addref_select\": \"no\"}",   "chromInfo": "\"/cvmfs/data.galaxyproject.org/managed/len/ucsc/?.len\"",   "cond_region": "{\"__current_case__\": 2, \"select_region\": \"tab\", \"targetregions\": {\"values\": [{\"id\": 196, \"src\": \"hda\"}]}}",   "cov_threshold": "\"\"",   "coverage_cond": "{\"__current_case__\": 0, \"coverage_select\": \"no\"}",   "dbkey": "\"?\"",   "filter_by_flags": "{\"__current_case__\": 1, \"filter_flags\": \"nofilter\"}",   "gc_depth": "\"\"",   "insert_size": "\"\"",   "most_inserts": "\"\"",   "read_group": null,   "read_length": "\"\"",   "remove_dups": "false",   "remove_overlaps": "false",   "sparse": "false",   "split_output_cond": "{\"__current_case__\": 0, \"split_output_selector\": \"no\"}",   "trim_quality": "\"\""  },  "state": "error",  "stderr": "Barcodes with tag BC differ in length at sequence \u0027ref1_grp1_p002\u0027\n",  "stdout": "",  "tool_id": "toolshed.g2.bx.psu.edu/repos/devteam/samtools_stats/samtools_stats/2.0.5",  "tool_stderr": "Barcodes with tag BC differ in length at sequence \u0027ref1_grp1_p002\u0027\n",  "tool_stdout": "",  "update_time": "2024-11-10T19:01:23.191134",  "user_email": "tests@fake.org" }, "output_problems": [  "Job in error state.. tool_id: toolshed.g2.bx.psu.edu/repos/devteam/samtools_stats/samtools_stats/2.0.5, exit_code: None, stderr: Barcodes with tag BC differ in length at sequence \u0027ref1_grp1_p002\u0027\n.",  "Job in error state.. tool_id: toolshed.g2.bx.psu.edu/repos/devteam/samtools_stats/samtools_stats/2.0.5, exit_code: None, stderr: Barcodes with tag BC differ in length at sequence \u0027ref1_grp1_p002\u0027\n." ], "status": "failure", "test_index": 3, "time_seconds": 27.96663212776184, "tool_id": "samtools_stats", "tool_version": "2.0.5"}
                ]]></error>
            
            <system-out><![CDATA[
            
            ]]></system-out>
            <system-err><![CDATA[
            Barcodes with tag BC differ in length at sequence 'ref1_grp1_p002'
            ]]></system-err>
        
    </testcase>
    
    <testcase classname="samtools_stats (Test #5)" name="4" time="38.460819721221924">
        
            
            <system-out><![CDATA[
            
            ]]></system-out>
            <system-err><![CDATA[
            Barcodes with tag BC differ in length at sequence 'ref1_grp1_p002'
            ]]></system-err>
        
    </testcase>
    
    <testcase classname="samtools_stats (Test #5)" name="4" time="37.030733823776245">
        
            
            <system-out><![CDATA[
            
            ]]></system-out>
            <system-err><![CDATA[
            Barcodes with tag BC differ in length at sequence 'ref1_grp1_p002'
            ]]></system-err>
        
    </testcase>
    
    <testcase classname="samtools_stats (Test #6)" name="5" time="38.20928978919983">
        
            
            <system-out><![CDATA[
            
            ]]></system-out>
            <system-err><![CDATA[
            Barcodes with tag BC differ in length at sequence 'ref1_grp1_p002'
            ]]></system-err>
        
    </testcase>
    
    <testcase classname="samtools_stats (Test #6)" name="5" time="38.599844217300415">
        
            
            <system-out><![CDATA[
            
            ]]></system-out>
            <system-err><![CDATA[
            Barcodes with tag BC differ in length at sequence 'ref1_grp1_p002'
            ]]></system-err>
        
    </testcase>
    
    <testcase classname="samtools_stats (Test #7)" name="6" time="37.31545662879944">
        
            
            <system-out><![CDATA[
            
            ]]></system-out>
            <system-err><![CDATA[
            Barcodes with tag BC differ in length at sequence 'ref1_grp1_p002'
            ]]></system-err>
        
    </testcase>
    
    <testcase classname="samtools_stats (Test #7)" name="6" time="37.42079496383667">
        
            
            <system-out><![CDATA[
            
            ]]></system-out>
            <system-err><![CDATA[
            Barcodes with tag BC differ in length at sequence 'ref1_grp1_p002'
            ]]></system-err>
        
    </testcase>
    
    <testcase classname="samtools_stats (Test #8)" name="7" time="39.46002960205078">
        
            
            <system-out><![CDATA[
            
            ]]></system-out>
            <system-err><![CDATA[
            
            ]]></system-err>
        
    </testcase>
    
    <testcase classname="samtools_stats (Test #8)" name="7" time="39.400193214416504">
        
            
            <system-out><![CDATA[
            
            ]]></system-out>
            <system-err><![CDATA[
            
            ]]></system-err>
        
    </testcase>
    
    <testcase classname="samtools_stats (Test #9)" name="8" time="13.035312175750732">
        
            <error type="error" message="Input staging problem: Job in error state.. tool_id: upload1, exit_code: None, stderr: ."><![CDATA[
                { "execution_problem": "Input staging problem: Job in error state.. tool_id: upload1, exit_code: None, stderr: .", "status": "error", "test_index": 8, "time_seconds": 13.035312175750732, "tool_id": "samtools_stats", "tool_version": "2.0.5"}
            ]]></error>
        
    </testcase>
    
    <testcase classname="samtools_stats (Test #9)" name="8" time="37.70324683189392">
        
            
            <system-out><![CDATA[
            
            ]]></system-out>
            <system-err><![CDATA[
            
            ]]></system-err>
        
    </testcase>
    
    <testcase classname="samtools_stats (Test #10)" name="9" time="38.93971514701843">
        
            
            <system-out><![CDATA[
            
            ]]></system-out>
            <system-err><![CDATA[
            
            ]]></system-err>
        
    </testcase>
    
    <testcase classname="samtools_stats (Test #10)" name="9" time="39.566410779953">
        
            
            <system-out><![CDATA[
            
            ]]></system-out>
            <system-err><![CDATA[
            
            ]]></system-err>
        
    </testcase>
    
    <testcase classname="scanpy_find_markers (Test #1)" name="0" time="0.11124682426452637">
        
            <error type="error" message="Input staging problem: Test input file (louvain_1.0) cannot be found."><![CDATA[
                { "execution_problem": "Input staging problem: Test input file (louvain_1.0) cannot be found.", "status": "error", "test_index": 0, "time_seconds": 0.11124682426452637, "tool_id": "scanpy_find_markers", "tool_version": "1.9.3+galaxy0"}
            ]]></error>
        
    </testcase>
    
    <testcase classname="scanpy_find_markers (Test #1)" name="0" time="0.09811615943908691">
        
            <error type="error" message="Input staging problem: Test input file (louvain_1.0) cannot be found."><![CDATA[
                { "execution_problem": "Input staging problem: Test input file (louvain_1.0) cannot be found.", "status": "error", "test_index": 0, "time_seconds": 0.09811615943908691, "tool_id": "scanpy_find_markers", "tool_version": "1.9.3+galaxy0"}
            ]]></error>
        
    </testcase>
    
    <testcase classname="scanpy_find_markers (Test #2)" name="1" time="0.05344033241271973">
        
            <error type="error" message="Input staging problem: Test input file (louvain_1.0) cannot be found."><![CDATA[
                { "execution_problem": "Input staging problem: Test input file (louvain_1.0) cannot be found.", "status": "error", "test_index": 1, "time_seconds": 0.05344033241271973, "tool_id": "scanpy_find_markers", "tool_version": "1.9.3+galaxy0"}
            ]]></error>
        
    </testcase>
    
    <testcase classname="scanpy_find_markers (Test #2)" name="1" time="0.05418729782104492">
        
            <error type="error" message="Input staging problem: Test input file (louvain_1.0) cannot be found."><![CDATA[
                { "execution_problem": "Input staging problem: Test input file (louvain_1.0) cannot be found.", "status": "error", "test_index": 1, "time_seconds": 0.05418729782104492, "tool_id": "scanpy_find_markers", "tool_version": "1.9.3+galaxy0"}
            ]]></error>
        
    </testcase>
    
    <testcase classname="scanpy_find_markers (Test #3)" name="2" time="0.053554534912109375">
        
            <error type="error" message="Input staging problem: Test input file (mnn.h5) cannot be found."><![CDATA[
                { "execution_problem": "Input staging problem: Test input file (mnn.h5) cannot be found.", "status": "error", "test_index": 2, "time_seconds": 0.053554534912109375, "tool_id": "scanpy_find_markers", "tool_version": "1.9.3+galaxy0"}
            ]]></error>
        
    </testcase>
    
    <testcase classname="scanpy_find_markers (Test #3)" name="2" time="0.05351996421813965">
        
            <error type="error" message="Input staging problem: Test input file (mnn.h5) cannot be found."><![CDATA[
                { "execution_problem": "Input staging problem: Test input file (mnn.h5) cannot be found.", "status": "error", "test_index": 2, "time_seconds": 0.05351996421813965, "tool_id": "scanpy_find_markers", "tool_version": "1.9.3+galaxy0"}
            ]]></error>
        
    </testcase>
    
    <testcase classname="scater_filter (Test #1)" name="0" time="78.77319693565369">
        
            
            <system-out><![CDATA[
            [1] "Starting with 40 cells and 2000 features."[1] "After filtering out low library counts:  39 cells and 2000 features."[1] "After filtering out high MT gene counts:  34 cells and 2000 features."[1] "After filtering out cells with low feature counts:  34 cells and 2000 features."[1] "After filtering out rare features:  34 cells and 1148 features."[1] TRUE
            ]]></system-out>
            <system-err><![CDATA[
            Loading required package: S4VectorsLoading required package: stats4Loading required package: BiocGenericsAttaching package: BiocGenericsThe following objects are masked from package:stats:    IQR, mad, sd, var, xtabsThe following objects are masked from package:base:    anyDuplicated, append, as.data.frame, basename, cbind, colnames,    dirname, do.call, duplicated, eval, evalq, Filter, Find, get, grep,    grepl, intersect, is.unsorted, lapply, Map, mapply, match, mget,    order, paste, pmax, pmax.int, pmin, pmin.int, Position, rank,    rbind, Reduce, rownames, sapply, setdiff, sort, table, tapply,    union, unique, unsplit, which.max, which.minAttaching package: S4VectorsThe following objects are masked from package:base:    expand.grid, I, unnameLoading required package: SingleCellExperimentLoading required package: SummarizedExperimentLoading required package: MatrixGenericsLoading required package: matrixStatsAttaching package: MatrixGenericsThe following objects are masked from package:matrixStats:    colAlls, colAnyNAs, colAnys, colAvgsPerRowSet, colCollapse,    colCounts, colCummaxs, colCummins, colCumprods, colCumsums,    colDiffs, colIQRDiffs, colIQRs, colLogSumExps, colMadDiffs,    colMads, colMaxs, colMeans2, colMedians, colMins, colOrderStats,    colProds, colQuantiles, colRanges, colRanks, colSdDiffs, colSds,    colSums2, colTabulates, colVarDiffs, colVars, colWeightedMads,    colWeightedMeans, colWeightedMedians, colWeightedSds,    colWeightedVars, rowAlls, rowAnyNAs, rowAnys, rowAvgsPerColSet,    rowCollapse, rowCounts, rowCummaxs, rowCummins, rowCumprods,    rowCumsums, rowDiffs, rowIQRDiffs, rowIQRs, rowLogSumExps,    rowMadDiffs, rowMads, rowMaxs, rowMeans2, rowMedians, rowMins,    rowOrderStats, rowProds, rowQuantiles, rowRanges, rowRanks,    rowSdDiffs, rowSds, rowSums2, rowTabulates, rowVarDiffs, rowVars,    rowWeightedMads, rowWeightedMeans, rowWeightedMedians,    rowWeightedSds, rowWeightedVarsLoading required package: GenomicRangesLoading required package: IRangesLoading required package: GenomeInfoDbLoading required package: BiobaseWelcome to Bioconductor    Vignettes contain introductory material; view with    'browseVignettes()'. To cite Bioconductor, see    'citation("Biobase")', and for packages 'citation("pkgname")'.Attaching package: BiobaseThe following object is masked from package:MatrixGenerics:    rowMediansThe following objects are masked from package:matrixStats:    anyMissing, rowMediansLoading required package: rhdf5Loading required package: BiocIOLoading required package: scuttleLoading required package: ggplot2Warning message:In value[[3L]](cond) :  zero-length inputs cannot be mixed with those of non-zero length
            ]]></system-err>
        
    </testcase>
    
    <testcase classname="scater_filter (Test #1)" name="0" time="48.581820011138916">
        
            
            <system-out><![CDATA[
            [1] "Starting with 40 cells and 2000 features."[1] "After filtering out low library counts:  39 cells and 2000 features."[1] "After filtering out high MT gene counts:  34 cells and 2000 features."[1] "After filtering out cells with low feature counts:  34 cells and 2000 features."[1] "After filtering out rare features:  34 cells and 1148 features."[1] TRUE
            ]]></system-out>
            <system-err><![CDATA[
            Loading required package: S4VectorsLoading required package: stats4Loading required package: BiocGenericsAttaching package: BiocGenericsThe following objects are masked from package:stats:    IQR, mad, sd, var, xtabsThe following objects are masked from package:base:    anyDuplicated, append, as.data.frame, basename, cbind, colnames,    dirname, do.call, duplicated, eval, evalq, Filter, Find, get, grep,    grepl, intersect, is.unsorted, lapply, Map, mapply, match, mget,    order, paste, pmax, pmax.int, pmin, pmin.int, Position, rank,    rbind, Reduce, rownames, sapply, setdiff, sort, table, tapply,    union, unique, unsplit, which.max, which.minAttaching package: S4VectorsThe following objects are masked from package:base:    expand.grid, I, unnameLoading required package: SingleCellExperimentLoading required package: SummarizedExperimentLoading required package: MatrixGenericsLoading required package: matrixStatsAttaching package: MatrixGenericsThe following objects are masked from package:matrixStats:    colAlls, colAnyNAs, colAnys, colAvgsPerRowSet, colCollapse,    colCounts, colCummaxs, colCummins, colCumprods, colCumsums,    colDiffs, colIQRDiffs, colIQRs, colLogSumExps, colMadDiffs,    colMads, colMaxs, colMeans2, colMedians, colMins, colOrderStats,    colProds, colQuantiles, colRanges, colRanks, colSdDiffs, colSds,    colSums2, colTabulates, colVarDiffs, colVars, colWeightedMads,    colWeightedMeans, colWeightedMedians, colWeightedSds,    colWeightedVars, rowAlls, rowAnyNAs, rowAnys, rowAvgsPerColSet,    rowCollapse, rowCounts, rowCummaxs, rowCummins, rowCumprods,    rowCumsums, rowDiffs, rowIQRDiffs, rowIQRs, rowLogSumExps,    rowMadDiffs, rowMads, rowMaxs, rowMeans2, rowMedians, rowMins,    rowOrderStats, rowProds, rowQuantiles, rowRanges, rowRanks,    rowSdDiffs, rowSds, rowSums2, rowTabulates, rowVarDiffs, rowVars,    rowWeightedMads, rowWeightedMeans, rowWeightedMedians,    rowWeightedSds, rowWeightedVarsLoading required package: GenomicRangesLoading required package: IRangesLoading required package: GenomeInfoDbLoading required package: BiobaseWelcome to Bioconductor    Vignettes contain introductory material; view with    'browseVignettes()'. To cite Bioconductor, see    'citation("Biobase")', and for packages 'citation("pkgname")'.Attaching package: BiobaseThe following object is masked from package:MatrixGenerics:    rowMediansThe following objects are masked from package:matrixStats:    anyMissing, rowMediansLoading required package: rhdf5Loading required package: BiocIOLoading required package: scuttleLoading required package: ggplot2Warning message:In value[[3L]](cond) :  zero-length inputs cannot be mixed with those of non-zero length
            ]]></system-err>
        
    </testcase>
    
    <testcase classname="scater_filter (Test #2)" name="1" time="48.878666639328">
        
            
            <system-out><![CDATA[
            [1] "Starting with 40 cells"[1] "Ending with 33 cells"[1] TRUE
            ]]></system-out>
            <system-err><![CDATA[
            Loading required package: S4VectorsLoading required package: stats4Loading required package: BiocGenericsAttaching package: BiocGenericsThe following objects are masked from package:stats:    IQR, mad, sd, var, xtabsThe following objects are masked from package:base:    anyDuplicated, append, as.data.frame, basename, cbind, colnames,    dirname, do.call, duplicated, eval, evalq, Filter, Find, get, grep,    grepl, intersect, is.unsorted, lapply, Map, mapply, match, mget,    order, paste, pmax, pmax.int, pmin, pmin.int, Position, rank,    rbind, Reduce, rownames, sapply, setdiff, sort, table, tapply,    union, unique, unsplit, which.max, which.minAttaching package: S4VectorsThe following objects are masked from package:base:    expand.grid, I, unnameLoading required package: SingleCellExperimentLoading required package: SummarizedExperimentLoading required package: MatrixGenericsLoading required package: matrixStatsAttaching package: MatrixGenericsThe following objects are masked from package:matrixStats:    colAlls, colAnyNAs, colAnys, colAvgsPerRowSet, colCollapse,    colCounts, colCummaxs, colCummins, colCumprods, colCumsums,    colDiffs, colIQRDiffs, colIQRs, colLogSumExps, colMadDiffs,    colMads, colMaxs, colMeans2, colMedians, colMins, colOrderStats,    colProds, colQuantiles, colRanges, colRanks, colSdDiffs, colSds,    colSums2, colTabulates, colVarDiffs, colVars, colWeightedMads,    colWeightedMeans, colWeightedMedians, colWeightedSds,    colWeightedVars, rowAlls, rowAnyNAs, rowAnys, rowAvgsPerColSet,    rowCollapse, rowCounts, rowCummaxs, rowCummins, rowCumprods,    rowCumsums, rowDiffs, rowIQRDiffs, rowIQRs, rowLogSumExps,    rowMadDiffs, rowMads, rowMaxs, rowMeans2, rowMedians, rowMins,    rowOrderStats, rowProds, rowQuantiles, rowRanges, rowRanks,    rowSdDiffs, rowSds, rowSums2, rowTabulates, rowVarDiffs, rowVars,    rowWeightedMads, rowWeightedMeans, rowWeightedMedians,    rowWeightedSds, rowWeightedVarsLoading required package: GenomicRangesLoading required package: IRangesLoading required package: GenomeInfoDbLoading required package: BiobaseWelcome to Bioconductor    Vignettes contain introductory material; view with    'browseVignettes()'. To cite Bioconductor, see    'citation("Biobase")', and for packages 'citation("pkgname")'.Attaching package: BiobaseThe following object is masked from package:MatrixGenerics:    rowMediansThe following objects are masked from package:matrixStats:    anyMissing, rowMediansLoading required package: rhdf5Loading required package: BiocIOLoading required package: scuttleLoading required package: ggplot2Attaching package: robustbaseThe following object is masked from package:Biobase:    rowMediansThe following objects are masked from package:MatrixGenerics:    colMedians, rowMediansThe following objects are masked from package:matrixStats:    colMedians, rowMedians
            ]]></system-err>
        
    </testcase>
    
    <testcase classname="scater_filter (Test #2)" name="1" time="49.81300330162048">
        
            
            <system-out><![CDATA[
            [1] "Starting with 40 cells"[1] "Ending with 33 cells"[1] TRUE
            ]]></system-out>
            <system-err><![CDATA[
            Loading required package: S4VectorsLoading required package: stats4Loading required package: BiocGenericsAttaching package: BiocGenericsThe following objects are masked from package:stats:    IQR, mad, sd, var, xtabsThe following objects are masked from package:base:    anyDuplicated, append, as.data.frame, basename, cbind, colnames,    dirname, do.call, duplicated, eval, evalq, Filter, Find, get, grep,    grepl, intersect, is.unsorted, lapply, Map, mapply, match, mget,    order, paste, pmax, pmax.int, pmin, pmin.int, Position, rank,    rbind, Reduce, rownames, sapply, setdiff, sort, table, tapply,    union, unique, unsplit, which.max, which.minAttaching package: S4VectorsThe following objects are masked from package:base:    expand.grid, I, unnameLoading required package: SingleCellExperimentLoading required package: SummarizedExperimentLoading required package: MatrixGenericsLoading required package: matrixStatsAttaching package: MatrixGenericsThe following objects are masked from package:matrixStats:    colAlls, colAnyNAs, colAnys, colAvgsPerRowSet, colCollapse,    colCounts, colCummaxs, colCummins, colCumprods, colCumsums,    colDiffs, colIQRDiffs, colIQRs, colLogSumExps, colMadDiffs,    colMads, colMaxs, colMeans2, colMedians, colMins, colOrderStats,    colProds, colQuantiles, colRanges, colRanks, colSdDiffs, colSds,    colSums2, colTabulates, colVarDiffs, colVars, colWeightedMads,    colWeightedMeans, colWeightedMedians, colWeightedSds,    colWeightedVars, rowAlls, rowAnyNAs, rowAnys, rowAvgsPerColSet,    rowCollapse, rowCounts, rowCummaxs, rowCummins, rowCumprods,    rowCumsums, rowDiffs, rowIQRDiffs, rowIQRs, rowLogSumExps,    rowMadDiffs, rowMads, rowMaxs, rowMeans2, rowMedians, rowMins,    rowOrderStats, rowProds, rowQuantiles, rowRanges, rowRanks,    rowSdDiffs, rowSds, rowSums2, rowTabulates, rowVarDiffs, rowVars,    rowWeightedMads, rowWeightedMeans, rowWeightedMedians,    rowWeightedSds, rowWeightedVarsLoading required package: GenomicRangesLoading required package: IRangesLoading required package: GenomeInfoDbLoading required package: BiobaseWelcome to Bioconductor    Vignettes contain introductory material; view with    'browseVignettes()'. To cite Bioconductor, see    'citation("Biobase")', and for packages 'citation("pkgname")'.Attaching package: BiobaseThe following object is masked from package:MatrixGenerics:    rowMediansThe following objects are masked from package:matrixStats:    anyMissing, rowMediansLoading required package: rhdf5Loading required package: BiocIOLoading required package: scuttleLoading required package: ggplot2Attaching package: robustbaseThe following object is masked from package:Biobase:    rowMediansThe following objects are masked from package:MatrixGenerics:    colMedians, rowMediansThe following objects are masked from package:matrixStats:    colMedians, rowMedians
            ]]></system-err>
        
    </testcase>
    
    <testcase classname="sceasy_convert (Test #1)" name="0" time="0.09966301918029785">
        
            <error type="error" message="Input staging problem: Test input file (input.loom) cannot be found."><![CDATA[
                { "execution_problem": "Input staging problem: Test input file (input.loom) cannot be found.", "status": "error", "test_index": 0, "time_seconds": 0.09966301918029785, "tool_id": "sceasy_convert", "tool_version": "0.0.5+galaxy1"}
            ]]></error>
        
    </testcase>
    
    <testcase classname="vcfbreakcreatemulti (Test #1)" name="0" time="45.38024163246155">
        
            
            <system-out><![CDATA[
            
            ]]></system-out>
            <system-err><![CDATA[
            
            ]]></system-err>
        
    </testcase>
    
    <testcase classname="vcfbreakcreatemulti (Test #2)" name="1" time="36.305869817733765">
        
            
            <system-out><![CDATA[
            
            ]]></system-out>
            <system-err><![CDATA[
            
            ]]></system-err>
        
    </testcase>
    
    <testcase classname="vcfselectsamples (Test #1)" name="0" time="35.49984264373779">
        
            
            <system-out><![CDATA[
            
            ]]></system-out>
            <system-err><![CDATA[
            
            ]]></system-err>
        
    </testcase>
    
</testsuite>