<?xml version="1.0" encoding="UTF-8"?>
<testsuite name="Results (powered by Planemo)"
           tests="93"
           errors="13"
           failures="7"
           skip="0">
    
    <testcase classname="bcftools_call (Test #1)" name="0" time="31.419282913208008">
        
            
            <system-out><![CDATA[
            
            ]]></system-out>
            <system-err><![CDATA[
            Note: none of --samples-file, --ploidy or --ploidy-file given, assuming all sites are diploid
            ]]></system-err>
        
    </testcase>
    
    <testcase classname="bcftools_call (Test #2)" name="1" time="32.348490476608276">
        
            
            <system-out><![CDATA[
            
            ]]></system-out>
            <system-err><![CDATA[
            Note: none of --samples-file, --ploidy or --ploidy-file given, assuming all sites are diploid
            ]]></system-err>
        
    </testcase>
    
    <testcase classname="bcftools_call (Test #3)" name="2" time="35.82942986488342">
        
            
            <system-out><![CDATA[
            
            ]]></system-out>
            <system-err><![CDATA[
            
            ]]></system-err>
        
    </testcase>
    
    <testcase classname="bcftools_call (Test #4)" name="3" time="34.335275650024414">
        
            
            <system-out><![CDATA[
            
            ]]></system-out>
            <system-err><![CDATA[
            
            ]]></system-err>
        
    </testcase>
    
    <testcase classname="bcftools_call (Test #5)" name="4" time="32.3730525970459">
        
            
            <system-out><![CDATA[
            
            ]]></system-out>
            <system-err><![CDATA[
            
            ]]></system-err>
        
    </testcase>
    
    <testcase classname="bcftools_call (Test #6)" name="5" time="10.92812705039978">
        
            <error type="error" message="Input staging problem: Job in error state.. tool_id: upload1, exit_code: None, stderr: ."><![CDATA[
                { "execution_problem": "Input staging problem: Job in error state.. tool_id: upload1, exit_code: None, stderr: .", "status": "error", "test_index": 5, "time_seconds": 10.92812705039978, "tool_id": "bcftools_call", "tool_version": "1.15.1+galaxy5"}
            ]]></error>
        
    </testcase>
    
    <testcase classname="bcftools_call (Test #7)" name="6" time="32.74592852592468">
        
            
            <system-out><![CDATA[
            
            ]]></system-out>
            <system-err><![CDATA[
            Note: none of --samples-file, --ploidy or --ploidy-file given, assuming all sites are diploid
            ]]></system-err>
        
    </testcase>
    
    <testcase classname="bcftools_call (Test #8)" name="7" time="33.3181734085083">
        
            
            <system-out><![CDATA[
            
            ]]></system-out>
            <system-err><![CDATA[
            Note: none of --samples-file, --ploidy or --ploidy-file given, assuming all sites are diploid
            ]]></system-err>
        
    </testcase>
    
    <testcase classname="bcftools_plugin_setgt (Test #1)" name="0" time="37.214253664016724">
        
            
            <system-out><![CDATA[
            
            ]]></system-out>
            <system-err><![CDATA[
            Filled 44 alleles
            ]]></system-err>
        
    </testcase>
    
    <testcase classname="bcftools_plugin_setgt (Test #2)" name="1" time="30.899055004119873">
        
            
            <system-out><![CDATA[
            
            ]]></system-out>
            <system-err><![CDATA[
            Filled 0 alleles
            ]]></system-err>
        
    </testcase>
    
    <testcase classname="deeptools_plot_heatmap (Test #1)" name="0" time="77.66944169998169">
        
            
                <error type="error" message="Tool exit code: None"><![CDATA[
                    { "inputs": {  "matrixFile": {   "id": "946bab34ae72a318",   "src": "hda"  } }, "job": {  "command_line": "plotHeatmap --matrixFile \u0027/galaxy/server/database/objects/6/8/c/dataset_68c65228-b44f-4312-aa87-608e4fc00865.dat\u0027 --outFileName \u0027/galaxy/server/database/objects/c/6/b/dataset_c6b75c44-9db1-4158-b501-e39ce8bdd39b.dat\u0027  --plotFileFormat \u0027png\u0027",  "command_version": null,  "copied_from_job_id": null,  "create_time": "2024-12-15T18:33:35.038217",  "dependencies": [],  "exit_code": null,  "external_id": "gxy-84dp2",  "galaxy_version": "24.1",  "handler": null,  "history_id": "946bab34ae72a318",  "id": "6f4db6dfd701a48d",  "inputs": {   "matrixFile": {    "id": "946bab34ae72a318",    "src": "hda",    "uuid": "68c65228-b44f-4312-aa87-608e4fc00865"   }  },  "job_messages": null,  "job_metrics": [],  "job_runner_name": null,  "job_stderr": null,  "job_stdout": null,  "model_class": "Job",  "output_collections": {},  "outputs": {   "outFileName": {    "id": "6f4db6dfd701a48d",    "src": "hda",    "uuid": "c6b75c44-9db1-4158-b501-e39ce8bdd39b"   }  },  "params": {   "__input_ext": "\"input\"",   "advancedOpt": "{\"__current_case__\": 0, \"showAdvancedOpt\": \"no\"}",   "chromInfo": "\"/cvmfs/data.galaxyproject.org/managed/len/ucsc/?.len\"",   "dbkey": "\"?\"",   "output": "{\"__current_case__\": 0, \"showOutputSettings\": \"no\"}"  },  "state": "error",  "stderr": "",  "stdout": "",  "tool_id": "toolshed.g2.bx.psu.edu/repos/bgruening/deeptools_plot_heatmap/deeptools_plot_heatmap/3.5.4+galaxy0",  "tool_stderr": "",  "tool_stdout": "",  "update_time": "2024-12-15T18:34:28.151237",  "user_email": "tests@fake.org" }, "output_problems": [  "Job in error state.. tool_id: toolshed.g2.bx.psu.edu/repos/bgruening/deeptools_plot_heatmap/deeptools_plot_heatmap/3.5.4+galaxy0, exit_code: None, stderr: .",  "Job in error state.. tool_id: toolshed.g2.bx.psu.edu/repos/bgruening/deeptools_plot_heatmap/deeptools_plot_heatmap/3.5.4+galaxy0, exit_code: None, stderr: ." ], "status": "failure", "test_index": 0, "time_seconds": 77.66944169998169, "tool_id": "deeptools_plot_heatmap", "tool_version": "3.5.4+galaxy0"}
                ]]></error>
            
            <system-out><![CDATA[
            
            ]]></system-out>
            <system-err><![CDATA[
            
            ]]></system-err>
        
    </testcase>
    
    <testcase classname="deeptools_plot_heatmap (Test #2)" name="1" time="33.41050624847412">
        
            
            <system-out><![CDATA[
            
            ]]></system-out>
            <system-err><![CDATA[
            
            ]]></system-err>
        
    </testcase>
    
    <testcase classname="deeptools_plot_profile (Test #1)" name="0" time="34.32034778594971">
        
            
            <system-out><![CDATA[
            
            ]]></system-out>
            <system-err><![CDATA[
            
            ]]></system-err>
        
    </testcase>
    
    <testcase classname="deeptools_plot_profile (Test #2)" name="1" time="34.871716022491455">
        
            
            <system-out><![CDATA[
            
            ]]></system-out>
            <system-err><![CDATA[
            
            ]]></system-err>
        
    </testcase>
    
    <testcase classname="dropletutils (Test #1)" name="0" time="71.15001845359802">
        
            
            <system-out><![CDATA[
            
            ]]></system-out>
            <system-err><![CDATA[
            Error in print.default(ifelse(is.na(y), NA_character_, sQuote(y)), quote = FALSE,  :   ignoring SIGPIPE signalCalls: <Anonymous> -> print.numeric_version -> print -> print.defaultExecution haltedCells: 1025
            ]]></system-err>
        
    </testcase>
    
    <testcase classname="dropletutils (Test #1)" name="0" time="43.257100105285645">
        
            
            <system-out><![CDATA[
            
            ]]></system-out>
            <system-err><![CDATA[
            Error in print.default(ifelse(is.na(y), NA_character_, sQuote(y)), quote = FALSE,  :   ignoring SIGPIPE signalCalls: <Anonymous> -> print.numeric_version -> print -> print.defaultExecution haltedCells: 1025
            ]]></system-err>
        
    </testcase>
    
    <testcase classname="dropletutils (Test #2)" name="1" time="44.85026502609253">
        
            
            <system-out><![CDATA[
            
            ]]></system-out>
            <system-err><![CDATA[
            Error in print.default(ifelse(is.na(y), NA_character_, sQuote(y)), quote = FALSE,  :   ignoring SIGPIPE signalCalls: <Anonymous> -> print.numeric_version -> print -> print.defaultExecution haltedCells: 1025
            ]]></system-err>
        
    </testcase>
    
    <testcase classname="dropletutils (Test #2)" name="1" time="43.709925174713135">
        
            
            <system-out><![CDATA[
            
            ]]></system-out>
            <system-err><![CDATA[
            Error in print.default(ifelse(is.na(y), NA_character_, sQuote(y)), quote = FALSE,  :   ignoring SIGPIPE signalCalls: <Anonymous> -> print.numeric_version -> print -> print.defaultExecution haltedCells: 1025
            ]]></system-err>
        
    </testcase>
    
    <testcase classname="dropletutils (Test #3)" name="2" time="42.25890278816223">
        
            
            <system-out><![CDATA[
            [1] "knee = 324 , inflection =  151"
            ]]></system-out>
            <system-err><![CDATA[
            Error in print.default(ifelse(is.na(y), NA_character_, sQuote(y)), quote = FALSE,  :   ignoring SIGPIPE signalCalls: <Anonymous> -> print.numeric_version -> print -> print.defaultExecution haltedWarning message:In xy.coords(x, y, xlabel, ylabel, log) :  7432 y values <= 0 omitted from logarithmic plot
            ]]></system-err>
        
    </testcase>
    
    <testcase classname="dropletutils (Test #3)" name="2" time="43.56122541427612">
        
            
            <system-out><![CDATA[
            [1] "knee = 324 , inflection =  151"
            ]]></system-out>
            <system-err><![CDATA[
            Error in print.default(ifelse(is.na(y), NA_character_, sQuote(y)), quote = FALSE,  :   ignoring SIGPIPE signalCalls: <Anonymous> -> print.numeric_version -> print -> print.defaultExecution haltedWarning message:In xy.coords(x, y, xlabel, ylabel, log) :  7432 y values <= 0 omitted from logarithmic plot
            ]]></system-err>
        
    </testcase>
    
    <testcase classname="dropletutils (Test #4)" name="3" time="45.352619886398315">
        
            
            <system-out><![CDATA[
            [1] "Cell Library Size Distribution:"   Min. 1st Qu.  Median    Mean 3rd Qu.    Max.    0.00    0.00    0.00   46.53    3.00 1153.00 
            ]]></system-out>
            <system-err><![CDATA[
            Error in print.default(ifelse(is.na(y), NA_character_, sQuote(y)), quote = FALSE,  :   ignoring SIGPIPE signalCalls: <Anonymous> -> print.numeric_version -> print -> print.defaultExecution haltedCells: 998Cells and Limited: 998
            ]]></system-err>
        
    </testcase>
    
    <testcase classname="dropletutils (Test #4)" name="3" time="44.115867376327515">
        
            
            <system-out><![CDATA[
            [1] "Cell Library Size Distribution:"   Min. 1st Qu.  Median    Mean 3rd Qu.    Max.    0.00    0.00    0.00   46.53    3.00 1153.00 
            ]]></system-out>
            <system-err><![CDATA[
            Error in print.default(ifelse(is.na(y), NA_character_, sQuote(y)), quote = FALSE,  :   ignoring SIGPIPE signalCalls: <Anonymous> -> print.numeric_version -> print -> print.defaultExecution haltedCells: 998Cells and Limited: 998
            ]]></system-err>
        
    </testcase>
    
    <testcase classname="dropletutils (Test #5)" name="4" time="41.81902241706848">
        
            
            <system-out><![CDATA[
            [1] "Cell Library Size Distribution:"   Min. 1st Qu.  Median    Mean 3rd Qu.    Max.     0.0     8.0    20.0   114.3    46.0  2347.0 
            ]]></system-out>
            <system-err><![CDATA[
            Error in print.default(ifelse(is.na(y), NA_character_, sQuote(y)), quote = FALSE,  :   ignoring SIGPIPE signalCalls: <Anonymous> -> print.numeric_version -> print -> print.defaultExecution haltedCells: 954Cells and Limited: 85
            ]]></system-err>
        
    </testcase>
    
    <testcase classname="dropletutils (Test #5)" name="4" time="42.73712134361267">
        
            
            <system-out><![CDATA[
            [1] "Cell Library Size Distribution:"   Min. 1st Qu.  Median    Mean 3rd Qu.    Max.     0.0     8.0    20.0   114.3    46.0  2347.0 
            ]]></system-out>
            <system-err><![CDATA[
            Error in print.default(ifelse(is.na(y), NA_character_, sQuote(y)), quote = FALSE,  :   ignoring SIGPIPE signalCalls: <Anonymous> -> print.numeric_version -> print -> print.defaultExecution haltedCells: 954Cells and Limited: 85
            ]]></system-err>
        
    </testcase>
    
    <testcase classname="dropletutils (Test #6)" name="5" time="41.30609464645386">
        
            
            <system-out><![CDATA[
            
            ]]></system-out>
            <system-err><![CDATA[
            Error in print.default(ifelse(is.na(y), NA_character_, sQuote(y)), quote = FALSE,  :   ignoring SIGPIPE signalCalls: <Anonymous> -> print.numeric_version -> print -> print.defaultExecution haltedCells: 2650
            ]]></system-err>
        
    </testcase>
    
    <testcase classname="dropletutils (Test #6)" name="5" time="40.400919914245605">
        
            
            <system-out><![CDATA[
            
            ]]></system-out>
            <system-err><![CDATA[
            Error in print.default(ifelse(is.na(y), NA_character_, sQuote(y)), quote = FALSE,  :   ignoring SIGPIPE signalCalls: <Anonymous> -> print.numeric_version -> print -> print.defaultExecution haltedCells: 2650
            ]]></system-err>
        
    </testcase>
    
    <testcase classname="fastp (Test #1)" name="0" time="35.26458954811096">
        
            
            <system-out><![CDATA[
            
            ]]></system-out>
            <system-err><![CDATA[
            Detecting adapter sequence for read1...No adapter detected for read1Read1 before filtering:total reads: 2total bases: 302Q20 bases: 262(86.755%)Q30 bases: 241(79.8013%)Read1 after filtering:total reads: 2total bases: 302Q20 bases: 262(86.755%)Q30 bases: 241(79.8013%)Filtering result:reads passed filter: 2reads failed due to low quality: 0reads failed due to too many N: 0reads failed due to too short: 0reads with adapter trimmed: 0bases trimmed due to adapters: 0Duplication rate (may be overestimated since this is SE data): 0%JSON report: fastp.jsonHTML report: fastp.htmlfastp --thread 4 --report_title fastp report for R1_fq.fastqsanger -i R1_fq.fastqsanger -o first.fastqsanger fastp v0.23.4, time used: 1 seconds
            ]]></system-err>
        
    </testcase>
    
    <testcase classname="fastp (Test #2)" name="1" time="31.59109377861023">
        
            
            <system-out><![CDATA[
            
            ]]></system-out>
            <system-err><![CDATA[
            Read1 before filtering:total reads: 99total bases: 24849Q20 bases: 23268(93.6376%)Q30 bases: 22391(90.1083%)Read2 before filtering:total reads: 99total bases: 24849Q20 bases: 22676(91.2552%)Q30 bases: 21532(86.6514%)Read1 after filtering:total reads: 97total bases: 22942Q20 bases: 21680(94.4992%)Q30 bases: 20981(91.4524%)Read2 after filtering:total reads: 97total bases: 22942Q20 bases: 21535(93.8671%)Q30 bases: 20672(90.1055%)Filtering result:reads passed filter: 194reads failed due to low quality: 2reads failed due to too many N: 2reads failed due to too short: 0reads with adapter trimmed: 68bases trimmed due to adapters: 2824Duplication rate: 0%Insert size peak (evaluated by paired-end reads): 308JSON report: fastp.jsonHTML report: fastp.htmlfastp --thread 4 --report_title fastp report for Unnamed Collection.fastqsanger -i Unnamed Collection.fastqsanger -I Unnamed Collection_R2.fastqsanger -o first.fastqsanger -O second.fastqsanger fastp v0.23.4, time used: 1 seconds
            ]]></system-err>
        
    </testcase>
    
    <testcase classname="fastp (Test #11)" name="10" time="32.204527378082275">
        
            
            <system-out><![CDATA[
            
            ]]></system-out>
            <system-err><![CDATA[
            Detecting adapter sequence for read1...No adapter detected for read1Read1 before filtering:total reads: 2total bases: 302Q20 bases: 262(86.755%)Q30 bases: 241(79.8013%)Read1 after filtering:total reads: 2total bases: 302Q20 bases: 262(86.755%)Q30 bases: 241(79.8013%)Filtering result:reads passed filter: 2reads failed due to low quality: 0reads failed due to too many N: 0reads failed due to too short: 0reads with adapter trimmed: 0bases trimmed due to adapters: 0reads with polyX in 3' end: 0bases trimmed in polyX tail: 0Duplication rate (may be overestimated since this is SE data): 0%JSON report: fastp.jsonHTML report: fastp.htmlfastp --thread 4 --report_title fastp report for R1_fq_gz.fastqsanger.gz -i R1_fq_gz.fastqsanger.gz -o first.fastqsanger.gz -x --poly_x_min_len 10 fastp v0.23.4, time used: 1 seconds
            ]]></system-err>
        
    </testcase>
    
    <testcase classname="fastp (Test #12)" name="11" time="18.90603542327881">
        
            <error type="error" message="Input staging problem: Job in error state.. tool_id: upload1, exit_code: None, stderr: ."><![CDATA[
                { "execution_problem": "Input staging problem: Job in error state.. tool_id: upload1, exit_code: None, stderr: .", "status": "error", "test_index": 11, "time_seconds": 18.90603542327881, "tool_id": "fastp", "tool_version": "0.23.4+galaxy2"}
            ]]></error>
        
    </testcase>
    
    <testcase classname="fastp (Test #13)" name="12" time="33.38528347015381">
        
            
            <system-out><![CDATA[
            
            ]]></system-out>
            <system-err><![CDATA[
            Read1 before filtering:total reads: 99total bases: 24849Q20 bases: 23268(93.6376%)Q30 bases: 22391(90.1083%)Read2 before filtering:total reads: 99total bases: 24849Q20 bases: 22676(91.2552%)Q30 bases: 21532(86.6514%)Merged and filtered:total reads: 97total bases: 25703Q20 bases: 24459(95.1601%)Q30 bases: 23743(92.3744%)Filtering result:reads passed filter: 196reads failed due to low quality: 2reads failed due to too many N: 0reads failed due to too short: 0reads with adapter trimmed: 68bases trimmed due to adapters: 2824reads corrected by overlap analysis: 55bases corrected by overlap analysis: 101Duplication rate: 0%Insert size peak (evaluated by paired-end reads): 308Read pairs merged: 97% of original read pairs: 97.9798%% in reads after filtering: 100%JSON report: fastp.jsonHTML report: fastp.htmlfastp --thread 4 --report_title fastp report for bwa-mem-fastq1_fq.fastqsanger -i bwa-mem-fastq1_fq.fastqsanger -I bwa-mem-fastq2_fq_R2.fastqsanger --merge --merged_out /galaxy/server/database/objects/d/a/f/dataset_daf1da3e-8915-415e-9785-37bbc929a30b.dat --out1 /galaxy/server/database/objects/e/0/3/dataset_e03823dd-8b08-449a-9d94-3f4ad2c48878.dat --out2 /galaxy/server/database/objects/9/f/b/dataset_9fb9b415-d6cb-450e-bf93-38193d14cfb8.dat --unpaired1 /galaxy/server/database/objects/4/d/1/dataset_4d185dc1-0e63-4b03-9f19-060201dfaec8.dat --unpaired2 /galaxy/server/database/objects/a/8/4/dataset_a847385a-a395-440d-b7b8-1220b4770289.dat fastp v0.23.4, time used: 1 seconds
            ]]></system-err>
        
    </testcase>
    
    <testcase classname="fastp (Test #14)" name="13" time="31.05229663848877">
        
            
            <system-out><![CDATA[
            
            ]]></system-out>
            <system-err><![CDATA[
            Read1 before filtering:total reads: 99total bases: 24849Q20 bases: 23268(93.6376%)Q30 bases: 22391(90.1083%)Read2 before filtering:total reads: 99total bases: 24849Q20 bases: 22676(91.2552%)Q30 bases: 21532(86.6514%)Merged and filtered:total reads: 100total bases: 26456Q20 bases: 25141(95.0295%)Q30 bases: 24378(92.1454%)Filtering result:reads passed filter: 197reads failed due to low quality: 1reads failed due to too many N: 0reads failed due to too short: 0reads with adapter trimmed: 68bases trimmed due to adapters: 2824reads corrected by overlap analysis: 55bases corrected by overlap analysis: 101Duplication rate: 0%Insert size peak (evaluated by paired-end reads): 308Read pairs merged: 97% of original read pairs: 97.9798%% in reads after filtering: 97%JSON report: fastp.jsonHTML report: fastp.htmlfastp --thread 4 --report_title fastp report for Unnamed Collection.fastqsanger -i Unnamed Collection.fastqsanger -I Unnamed Collection_R2.fastqsanger --merge --merged_out /galaxy/server/database/objects/d/7/9/dataset_d79dab6c-e9a0-4e0b-a557-d3f9b12bbbbc.dat --include_unmerged fastp v0.23.4, time used: 1 seconds
            ]]></system-err>
        
    </testcase>
    
    <testcase classname="fastp (Test #15)" name="14" time="32.99048113822937">
        
            
            <system-out><![CDATA[
            
            ]]></system-out>
            <system-err><![CDATA[
            Read1 before filtering:total reads: 99total bases: 24849Q20 bases: 22676(91.2552%)Q30 bases: 21532(86.6514%)Read2 before filtering:total reads: 99total bases: 24849Q20 bases: 23268(93.6376%)Q30 bases: 22391(90.1083%)Read1 after filtering:total reads: 97total bases: 22942Q20 bases: 21535(93.8671%)Q30 bases: 20672(90.1055%)Read2 after filtering:total reads: 97total bases: 22942Q20 bases: 21680(94.4992%)Q30 bases: 20981(91.4524%)Filtering result:reads passed filter: 194reads failed due to low quality: 2reads failed due to too many N: 2reads failed due to too short: 0reads with adapter trimmed: 68bases trimmed due to adapters: 2824Duplication rate: 0%Insert size peak (evaluated by paired-end reads): 308JSON report: fastp.jsonHTML report: fastp.htmlfastp --thread 4 --report_title fastp report for Unnamed Collection.fastqsanger.gz -i Unnamed Collection.fastqsanger.gz -I Unnamed Collection_R2.fastqsanger.gz -o first.fastqsanger.gz -O second.fastqsanger.gz fastp v0.23.4, time used: 1 seconds
            ]]></system-err>
        
    </testcase>
    
    <testcase classname="fastp (Test #3)" name="2" time="32.82248830795288">
        
            
            <system-out><![CDATA[
            
            ]]></system-out>
            <system-err><![CDATA[
            Read1 before filtering:total reads: 2total bases: 302Q20 bases: 262(86.755%)Q30 bases: 241(79.8013%)Read1 after filtering:total reads: 1total bases: 151Q20 bases: 114(75.4967%)Q30 bases: 98(64.9007%)Filtering result:reads passed filter: 1reads failed due to low quality: 0reads failed due to too many N: 0reads failed due to too short: 1reads with adapter trimmed: 1bases trimmed due to adapters: 139Duplication rate (may be overestimated since this is SE data): 0%JSON report: fastp.jsonHTML report: fastp.htmlfastp --thread 4 --report_title fastp report for R1_fq.fastqsanger -i R1_fq.fastqsanger -o first.fastqsanger --adapter_sequence ATCG fastp v0.23.4, time used: 1 seconds
            ]]></system-err>
        
    </testcase>
    
    <testcase classname="fastp (Test #4)" name="3" time="32.218690156936646">
        
            
            <system-out><![CDATA[
            
            ]]></system-out>
            <system-err><![CDATA[
            Detecting adapter sequence for read1...No adapter detected for read1Read1 before filtering:total reads: 2total bases: 302Q20 bases: 262(86.755%)Q30 bases: 241(79.8013%)Read1 after filtering:total reads: 2total bases: 286Q20 bases: 246(86.014%)Q30 bases: 226(79.021%)Filtering result:reads passed filter: 2reads failed due to low quality: 0reads failed due to too many N: 0reads failed due to too short: 0reads with adapter trimmed: 0bases trimmed due to adapters: 0Duplication rate (may be overestimated since this is SE data): 0%JSON report: fastp.jsonHTML report: fastp.htmlfastp --thread 4 --report_title fastp report for R1_fq.fastqsanger -i R1_fq.fastqsanger -o first.fastqsanger -U --umi_loc read1 --umi_len 8 fastp v0.23.4, time used: 0 seconds
            ]]></system-err>
        
    </testcase>
    
    <testcase classname="fastp (Test #5)" name="4" time="10.988799095153809">
        
            <error type="error" message="Input staging problem: Job in error state.. tool_id: upload1, exit_code: None, stderr: ."><![CDATA[
                { "execution_problem": "Input staging problem: Job in error state.. tool_id: upload1, exit_code: None, stderr: .", "status": "error", "test_index": 4, "time_seconds": 10.988799095153809, "tool_id": "fastp", "tool_version": "0.23.4+galaxy2"}
            ]]></error>
        
    </testcase>
    
    <testcase classname="fastp (Test #6)" name="5" time="33.03907012939453">
        
            
            <system-out><![CDATA[
            
            ]]></system-out>
            <system-err><![CDATA[
            Read1 before filtering:total reads: 99total bases: 24849Q20 bases: 23268(93.6376%)Q30 bases: 22391(90.1083%)Read2 before filtering:total reads: 99total bases: 24849Q20 bases: 22676(91.2552%)Q30 bases: 21532(86.6514%)Read1 after filtering:total reads: 97total bases: 22942Q20 bases: 21680(94.4992%)Q30 bases: 20981(91.4524%)Read2 after filtering:total reads: 97total bases: 22942Q20 bases: 21535(93.8671%)Q30 bases: 20672(90.1055%)Filtering result:reads passed filter: 194reads failed due to low quality: 2reads failed due to too many N: 2reads failed due to too short: 0reads with adapter trimmed: 68bases trimmed due to adapters: 2824Duplication rate: 0%Insert size peak (evaluated by paired-end reads): 308JSON report: fastp.jsonHTML report: fastp.htmlfastp --thread 4 --report_title fastp report for bwa-mem-fastq1_fq.fastqsanger -i bwa-mem-fastq1_fq.fastqsanger -I bwa-mem-fastq2_fq_R2.fastqsanger -o first.fastqsanger -O second.fastqsanger fastp v0.23.4, time used: 1 seconds
            ]]></system-err>
        
    </testcase>
    
    <testcase classname="fastp (Test #7)" name="6" time="32.351139068603516">
        
            
            <system-out><![CDATA[
            
            ]]></system-out>
            <system-err><![CDATA[
            Read1 before filtering:total reads: 99total bases: 24849Q20 bases: 23268(93.6376%)Q30 bases: 22391(90.1083%)Read2 before filtering:total reads: 99total bases: 24849Q20 bases: 22676(91.2552%)Q30 bases: 21532(86.6514%)Read1 after filtering:total reads: 97total bases: 22166Q20 bases: 20935(94.4464%)Q30 bases: 20255(91.3787%)Read2 after filtering:total reads: 97total bases: 22646Q20 bases: 21284(93.9857%)Q30 bases: 20447(90.2897%)Filtering result:reads passed filter: 194reads failed due to low quality: 2reads failed due to too many N: 2reads failed due to too short: 0reads with adapter trimmed: 76bases trimmed due to adapters: 3128Duplication rate: 0%Insert size peak (evaluated by paired-end reads): 243JSON report: fastp.jsonHTML report: fastp.htmlfastp --thread 4 --report_title fastp report for bwa-mem-fastq1_fq.fastqsanger -i bwa-mem-fastq1_fq.fastqsanger -I bwa-mem-fastq2_fq_R2.fastqsanger -o first.fastqsanger -O second.fastqsanger -U --umi_loc read1 --umi_len 8 fastp v0.23.4, time used: 1 seconds
            ]]></system-err>
        
    </testcase>
    
    <testcase classname="fastp (Test #8)" name="7" time="33.61200952529907">
        
            
            <system-out><![CDATA[
            
            ]]></system-out>
            <system-err><![CDATA[
            Read1 before filtering:total reads: 99total bases: 24849Q20 bases: 23268(93.6376%)Q30 bases: 22391(90.1083%)Read2 before filtering:total reads: 99total bases: 24849Q20 bases: 22676(91.2552%)Q30 bases: 21532(86.6514%)Read1 after filtering:total reads: 97total bases: 22678Q20 bases: 21439(94.5366%)Q30 bases: 20756(91.5248%)Read2 after filtering:total reads: 97total bases: 22166Q20 bases: 20766(93.684%)Q30 bases: 19910(89.8223%)Filtering result:reads passed filter: 194reads failed due to low quality: 2reads failed due to too many N: 2reads failed due to too short: 0reads with adapter trimmed: 68bases trimmed due to adapters: 3096Duplication rate: 0%Insert size peak (evaluated by paired-end reads): 300JSON report: fastp.jsonHTML report: fastp.htmlfastp --thread 4 --report_title fastp report for bwa-mem-fastq1_fq.fastqsanger -i bwa-mem-fastq1_fq.fastqsanger -I bwa-mem-fastq2_fq_R2.fastqsanger -o first.fastqsanger -O second.fastqsanger -U --umi_loc read2 --umi_len 8 fastp v0.23.4, time used: 0 seconds
            ]]></system-err>
        
    </testcase>
    
    <testcase classname="fastp (Test #9)" name="8" time="24.65095853805542">
        
            
                <error type="error" message="Tool exit code: None"><![CDATA[
                    { "inputs": {  "output_options|report_html": false,  "single_paired|in1": {   "id": "c478ad620039066d",   "src": "hda"  },  "single_paired|single_paired_selector": "single" }, "job": {  "command_line": "ln -sf \u0027/galaxy/server/database/objects/c/2/d/dataset_c2d8a767-5f3a-4222-9bb2-0bbb0ce2580c.dat\u0027 \u0027R1_fq.fastqsanger\u0027 \u0026\u0026   cp \u0027/galaxy/server/database/jobs_directory/000/29/configs/tmpuix86j7e\u0027 galaxy.json \u0026\u0026   fastp  --thread ${GALAXY_SLOTS:-1} --report_title \u0027fastp report for R1_fq.fastqsanger\u0027   -i \u0027R1_fq.fastqsanger\u0027   -o first.fastqsanger                                               \u0026\u0026 mv first.fastqsanger \u0027/galaxy/server/database/objects/0/2/7/dataset_0274494f-9882-4b1d-a96c-4998807a4e24.dat\u0027",  "command_version": null,  "copied_from_job_id": null,  "create_time": "2024-12-15T18:40:33.798727",  "dependencies": [],  "exit_code": null,  "external_id": "gxy-4wn4t",  "galaxy_version": "24.1",  "handler": null,  "history_id": "946bab34ae72a318",  "id": "455dfc709e695a30",  "inputs": {   "single_paired|in1": {    "id": "c478ad620039066d",    "src": "hda",    "uuid": "c2d8a767-5f3a-4222-9bb2-0bbb0ce2580c"   }  },  "job_messages": null,  "job_metrics": [],  "job_runner_name": null,  "job_stderr": null,  "job_stdout": null,  "model_class": "Job",  "output_collections": {},  "outputs": {   "out1": {    "id": "1ddc597dcf330b00",    "src": "hda",    "uuid": "0274494f-9882-4b1d-a96c-4998807a4e24"   },   "report_json": {    "id": "29c279726ce3a77a",    "src": "hda",    "uuid": "72eece42-e80a-4f96-91fd-55a2ed2e7ad1"   }  },  "params": {   "__input_ext": "\"input\"",   "chromInfo": "\"/cvmfs/data.galaxyproject.org/managed/len/ucsc/?.len\"",   "dbkey": "\"?\"",   "filter_options": "{\"length_filtering_options\": {\"disable_length_filtering\": false, \"length_limit\": \"\", \"length_required\": \"\"}, \"low_complexity_filter\": {\"complexity_threshold\": \"\", \"enable_low_complexity_filter\": false}, \"quality_filtering_options\": {\"disable_quality_filtering\": false, \"n_base_limit\": \"\", \"qualified_quality_phred\": \"\", \"unqualified_percent_limit\": \"\"}}",   "output_options": "{\"report_html\": false, \"report_json\": true}",   "overrepresented_sequence_analysis": "{\"overrepresentation_analysis\": false, \"overrepresentation_sampling\": \"\"}",   "read_mod_options": "{\"base_correction_options\": {\"correction\": false}, \"cutting_by_quality_options\": {\"cut_by_quality3\": false, \"cut_by_quality5\": false, \"cut_mean_quality\": \"\", \"cut_window_size\": \"\"}, \"polyg_tail_trimming\": {\"__current_case__\": 1, \"poly_g_min_len\": \"\", \"trimming_select\": \"\"}, \"polyx_tail_trimming\": {\"__current_case__\": 1, \"polyx_trimming_select\": \"\"}, \"umi_processing\": {\"umi\": false, \"umi_len\": \"\", \"umi_loc\": null, \"umi_prefix\": null}}",   "single_paired": "{\"__current_case__\": 0, \"adapter_trimming_options\": {\"adapter_sequence1\": null, \"disable_adapter_trimming\": false}, \"global_trimming_options\": {\"trim_front1\": \"\", \"trim_tail1\": \"\"}, \"in1\": {\"values\": [{\"id\": 42, \"src\": \"hda\"}]}, \"single_paired_selector\": \"single\"}"  },  "state": "error",  "stderr": "Detecting adapter sequence for read1...\nNo adapter detected for read1\n\nRead1 before filtering:\ntotal reads: 2\ntotal bases: 302\nQ20 bases: 262(86.755%)\nQ30 bases: 241(79.8013%)\n\nRead1 after filtering:\ntotal reads: 2\ntotal bases: 302\nQ20 bases: 262(86.755%)\nQ30 bases: 241(79.8013%)\n\nFiltering result:\nreads passed filter: 2\nreads failed due to low quality: 0\nreads failed due to too many N: 0\nreads failed due to too short: 0\nreads with adapter trimmed: 0\nbases trimmed due to adapters: 0\n\nDuplication rate (may be overestimated since this is SE data): 0%\n\nJSON report: fastp.json\nHTML report: fastp.html\n\nfastp --thread 4 --report_title fastp report for R1_fq.fastqsanger -i R1_fq.fastqsanger -o first.fastqsanger \nfastp v0.23.4, time used: 1 seconds\n",  "stdout": "",  "tool_id": "toolshed.g2.bx.psu.edu/repos/iuc/fastp/fastp/0.23.4+galaxy2",  "tool_stderr": "Detecting adapter sequence for read1...\nNo adapter detected for read1\n\nRead1 before filtering:\ntotal reads: 2\ntotal bases: 302\nQ20 bases: 262(86.755%)\nQ30 bases: 241(79.8013%)\n\nRead1 after filtering:\ntotal reads: 2\ntotal bases: 302\nQ20 bases: 262(86.755%)\nQ30 bases: 241(79.8013%)\n\nFiltering result:\nreads passed filter: 2\nreads failed due to low quality: 0\nreads failed due to too many N: 0\nreads failed due to too short: 0\nreads with adapter trimmed: 0\nbases trimmed due to adapters: 0\n\nDuplication rate (may be overestimated since this is SE data): 0%\n\nJSON report: fastp.json\nHTML report: fastp.html\n\nfastp --thread 4 --report_title fastp report for R1_fq.fastqsanger -i R1_fq.fastqsanger -o first.fastqsanger \nfastp v0.23.4, time used: 1 seconds\n",  "tool_stdout": "",  "update_time": "2024-12-15T18:40:39.785840",  "user_email": "tests@fake.org" }, "output_problems": [  "Job in error state.. tool_id: toolshed.g2.bx.psu.edu/repos/iuc/fastp/fastp/0.23.4+galaxy2, exit_code: None, stderr: Detecting adapter sequence for read1...\nNo adapter detected for read1\n\nRead1 before filtering:\ntotal reads: 2\ntotal bases: 302\nQ20 bases: 262(86.755%)\nQ30 bases: 241(79.8013%)\n\nRead1 after filtering:\ntotal reads: 2\ntotal bases: 302\nQ20 bases: 262(86.755%)\nQ30 bases: 241(79.8013%)\n\nFiltering result:\nreads passed filter: 2\nreads failed due to low quality: 0\nreads failed due to too many N: 0\nreads failed due to too short: 0\nreads with adapter trimmed: 0\nbases trimmed due to adapters: 0\n\nDuplication rate (may be overestimated since this is SE data): 0%\n\nJSON report: fastp.json\nHTML report: fastp.html\n\nfastp --thread 4 --report_title fastp report for R1_fq.fastqsanger -i R1_fq.fastqsanger -o first.fastqsanger \nfastp v0.23.4, time used: 1 seconds\n.",  "Job in error state.. tool_id: toolshed.g2.bx.psu.edu/repos/iuc/fastp/fastp/0.23.4+galaxy2, exit_code: None, stderr: Detecting adapter sequence for read1...\nNo adapter detected for read1\n\nRead1 before filtering:\ntotal reads: 2\ntotal bases: 302\nQ20 bases: 262(86.755%)\nQ30 bases: 241(79.8013%)\n\nRead1 after filtering:\ntotal reads: 2\ntotal bases: 302\nQ20 bases: 262(86.755%)\nQ30 bases: 241(79.8013%)\n\nFiltering result:\nreads passed filter: 2\nreads failed due to low quality: 0\nreads failed due to too many N: 0\nreads failed due to too short: 0\nreads with adapter trimmed: 0\nbases trimmed due to adapters: 0\n\nDuplication rate (may be overestimated since this is SE data): 0%\n\nJSON report: fastp.json\nHTML report: fastp.html\n\nfastp --thread 4 --report_title fastp report for R1_fq.fastqsanger -i R1_fq.fastqsanger -o first.fastqsanger \nfastp v0.23.4, time used: 1 seconds\n.",  "Job in error state.. tool_id: toolshed.g2.bx.psu.edu/repos/iuc/fastp/fastp/0.23.4+galaxy2, exit_code: None, stderr: Detecting adapter sequence for read1...\nNo adapter detected for read1\n\nRead1 before filtering:\ntotal reads: 2\ntotal bases: 302\nQ20 bases: 262(86.755%)\nQ30 bases: 241(79.8013%)\n\nRead1 after filtering:\ntotal reads: 2\ntotal bases: 302\nQ20 bases: 262(86.755%)\nQ30 bases: 241(79.8013%)\n\nFiltering result:\nreads passed filter: 2\nreads failed due to low quality: 0\nreads failed due to too many N: 0\nreads failed due to too short: 0\nreads with adapter trimmed: 0\nbases trimmed due to adapters: 0\n\nDuplication rate (may be overestimated since this is SE data): 0%\n\nJSON report: fastp.json\nHTML report: fastp.html\n\nfastp --thread 4 --report_title fastp report for R1_fq.fastqsanger -i R1_fq.fastqsanger -o first.fastqsanger \nfastp v0.23.4, time used: 1 seconds\n." ], "status": "failure", "test_index": 8, "time_seconds": 24.65095853805542, "tool_id": "fastp", "tool_version": "0.23.4+galaxy2"}
                ]]></error>
            
            <system-out><![CDATA[
            
            ]]></system-out>
            <system-err><![CDATA[
            Detecting adapter sequence for read1...No adapter detected for read1Read1 before filtering:total reads: 2total bases: 302Q20 bases: 262(86.755%)Q30 bases: 241(79.8013%)Read1 after filtering:total reads: 2total bases: 302Q20 bases: 262(86.755%)Q30 bases: 241(79.8013%)Filtering result:reads passed filter: 2reads failed due to low quality: 0reads failed due to too many N: 0reads failed due to too short: 0reads with adapter trimmed: 0bases trimmed due to adapters: 0Duplication rate (may be overestimated since this is SE data): 0%JSON report: fastp.jsonHTML report: fastp.htmlfastp --thread 4 --report_title fastp report for R1_fq.fastqsanger -i R1_fq.fastqsanger -o first.fastqsanger fastp v0.23.4, time used: 1 seconds
            ]]></system-err>
        
    </testcase>
    
    <testcase classname="fastp (Test #10)" name="9" time="31.802256107330322">
        
            
            <system-out><![CDATA[
            
            ]]></system-out>
            <system-err><![CDATA[
            Detecting adapter sequence for read1...No adapter detected for read1Read1 before filtering:total reads: 2total bases: 302Q20 bases: 262(86.755%)Q30 bases: 241(79.8013%)Read1 after filtering:total reads: 2total bases: 302Q20 bases: 262(86.755%)Q30 bases: 241(79.8013%)Filtering result:reads passed filter: 2reads failed due to low quality: 0reads failed due to too many N: 0reads failed due to too short: 0reads with adapter trimmed: 0bases trimmed due to adapters: 0Duplication rate (may be overestimated since this is SE data): 0%JSON report: fastp.jsonHTML report: fastp.htmlfastp --thread 4 --report_title fastp report for R1_fq_gz.fastqsanger.gz -i R1_fq_gz.fastqsanger.gz -o first.fastqsanger.gz --poly_g_min_len 10 -g fastp v0.23.4, time used: 1 seconds
            ]]></system-err>
        
    </testcase>
    
    <testcase classname="pharmcat (Test #1)" name="0" time="91.32393169403076">
        
            
            <system-out><![CDATA[
            
            ]]></system-out>
            <system-err><![CDATA[
            Picked up _JAVA_OPTIONS: -Xmx4G -Xms1G
            ]]></system-err>
        
    </testcase>
    
    <testcase classname="pharmcat (Test #2)" name="1" time="10.109638452529907">
        
            <error type="error" message="Input staging problem: Job in error state.. tool_id: upload1, exit_code: None, stderr: ."><![CDATA[
                { "execution_problem": "Input staging problem: Job in error state.. tool_id: upload1, exit_code: None, stderr: .", "status": "error", "test_index": 1, "time_seconds": 10.109638452529907, "tool_id": "pharmcat", "tool_version": "1.7.0+galaxy0"}
            ]]></error>
        
    </testcase>
    
    <testcase classname="pharmcat (Test #3)" name="2" time="35.07953691482544">
        
            
            <system-out><![CDATA[
            
            ]]></system-out>
            <system-err><![CDATA[
            Picked up _JAVA_OPTIONS: -Xmx4G -Xms1G
            ]]></system-err>
        
    </testcase>
    
    <testcase classname="pharmcat (Test #4)" name="3" time="32.91030025482178">
        
            
            <system-out><![CDATA[
            
            ]]></system-out>
            <system-err><![CDATA[
            Picked up _JAVA_OPTIONS: -Xmx4G -Xms1G
            ]]></system-err>
        
    </testcase>
    
    <testcase classname="pharmcat (Test #5)" name="4" time="33.55060267448425">
        
            
            <system-out><![CDATA[
            
            ]]></system-out>
            <system-err><![CDATA[
            Picked up _JAVA_OPTIONS: -Xmx4G -Xms1G
            ]]></system-err>
        
    </testcase>
    
    <testcase classname="poretools_events (Test #1)" name="0" time="10.966012954711914">
        
            <error type="error" message="Input staging problem: Job in error state.. tool_id: upload1, exit_code: None, stderr: ."><![CDATA[
                { "execution_problem": "Input staging problem: Job in error state.. tool_id: upload1, exit_code: None, stderr: .", "status": "error", "test_index": 0, "time_seconds": 10.966012954711914, "tool_id": "poretools_events", "tool_version": "0.6.1a1.1"}
            ]]></error>
        
    </testcase>
    
    <testcase classname="poretools_events (Test #2)" name="1" time="58.143885374069214">
        
            
                <error type="error" message="Tool exit code: 1"><![CDATA[
                    { "inputs": {  "input": {   "id": "38c9879d5c030e08",   "src": "hda"  },  "precalled": true }, "job": {  "command_line": "poretools events --pre-basecalled \u0027/galaxy/server/database/objects/d/5/5/dataset_d55f657a-495e-4db7-a2f3-ea40a90f1f60.dat\u0027 \u003e \u0027/galaxy/server/database/objects/6/7/1/dataset_6719b62f-ac16-4078-926e-5e62d703cbe8.dat\u0027",  "command_version": "",  "copied_from_job_id": null,  "create_time": "2024-12-15T18:44:13.762791",  "dependencies": [],  "exit_code": 1,  "external_id": "gxy-6f2z6",  "galaxy_version": "24.1",  "handler": null,  "history_id": "946bab34ae72a318",  "id": "51fbecc159f82cab",  "inputs": {   "input": {    "id": "38c9879d5c030e08",    "src": "hda",    "uuid": "d55f657a-495e-4db7-a2f3-ea40a90f1f60"   }  },  "job_messages": [   {    "code_desc": "",    "desc": "Fatal error: Exit code 1 ()",    "error_level": 3,    "exit_code": 1,    "type": "exit_code"   },   {    "code_desc": "",    "desc": "Fatal error: ",    "error_level": 3,    "match": "Error:",    "stream": "stderr",    "type": "regex"   }  ],  "job_metrics": [   {    "name": "runtime_seconds",    "plugin": "core",    "raw_value": "1.0000000",    "title": "Job Runtime (Wall Clock)",    "value": "1 second"   },   {    "name": "end_epoch",    "plugin": "core",    "raw_value": "1734288275.0000000",    "title": "Job End Time",    "value": "2024-12-15 18:44:35"   },   {    "name": "start_epoch",    "plugin": "core",    "raw_value": "1734288274.0000000",    "title": "Job Start Time",    "value": "2024-12-15 18:44:34"   },   {    "name": "galaxy_memory_mb",    "plugin": "core",    "raw_value": "12240.0000000",    "title": "Memory Allocated (MB)",    "value": "12240"   },   {    "name": "galaxy_slots",    "plugin": "core",    "raw_value": "1.0000000",    "title": "Cores Allocated",    "value": "1"   }  ],  "job_runner_name": null,  "job_stderr": "",  "job_stdout": "",  "model_class": "Job",  "output_collections": {},  "outputs": {   "output": {    "id": "9eeef5f5b8b93045",    "src": "hda",    "uuid": "6719b62f-ac16-4078-926e-5e62d703cbe8"   }  },  "params": {   "__input_ext": "\"input\"",   "chromInfo": "\"/cvmfs/data.galaxyproject.org/managed/len/ucsc/?.len\"",   "dbkey": "\"?\"",   "precalled": "true"  },  "state": "error",  "stderr": "Traceback (most recent call last):\n  File \"/usr/local/bin/poretools\", line 11, in \u003cmodule\u003e\n    load_entry_point(\u0027poretools==0.6.0\u0027, \u0027console_scripts\u0027, \u0027poretools\u0027)()\n  File \"/usr/local/lib/python2.7/site-packages/poretools/poretools_main.py\", line 543, in main\n    args.func(parser, args)\n  File \"/usr/local/lib/python2.7/site-packages/poretools/poretools_main.py\", line 55, in run_subtool\n    submodule.run(parser, args)\n  File \"/usr/local/lib/python2.7/site-packages/poretools/events.py\", line 13, in run\n    for fast5 in Fast5File.Fast5FileSet(args.files):\n  File \"/usr/local/lib/python2.7/site-packages/poretools/Fast5File.py\", line 110, in next\n    shutil.rmtree(PORETOOLS_TMPDIR)\n  File \"/usr/local/lib/python2.7/shutil.py\", line 261, in rmtree\n    rmtree(fullname, ignore_errors, onerror)\n  File \"/usr/local/lib/python2.7/shutil.py\", line 270, in rmtree\n    onerror(os.rmdir, path, sys.exc_info())\n  File \"/usr/local/lib/python2.7/shutil.py\", line 268, in rmtree\n    os.rmdir(path)\nOSError: [Errno 39] Directory not empty: \u0027.poretools_tmp/test-data\u0027\n",  "stdout": "",  "tool_id": "toolshed.g2.bx.psu.edu/repos/iuc/poretools_events/poretools_events/0.6.1a1.1",  "tool_stderr": "Traceback (most recent call last):\n  File \"/usr/local/bin/poretools\", line 11, in \u003cmodule\u003e\n    load_entry_point(\u0027poretools==0.6.0\u0027, \u0027console_scripts\u0027, \u0027poretools\u0027)()\n  File \"/usr/local/lib/python2.7/site-packages/poretools/poretools_main.py\", line 543, in main\n    args.func(parser, args)\n  File \"/usr/local/lib/python2.7/site-packages/poretools/poretools_main.py\", line 55, in run_subtool\n    submodule.run(parser, args)\n  File \"/usr/local/lib/python2.7/site-packages/poretools/events.py\", line 13, in run\n    for fast5 in Fast5File.Fast5FileSet(args.files):\n  File \"/usr/local/lib/python2.7/site-packages/poretools/Fast5File.py\", line 110, in next\n    shutil.rmtree(PORETOOLS_TMPDIR)\n  File \"/usr/local/lib/python2.7/shutil.py\", line 261, in rmtree\n    rmtree(fullname, ignore_errors, onerror)\n  File \"/usr/local/lib/python2.7/shutil.py\", line 270, in rmtree\n    onerror(os.rmdir, path, sys.exc_info())\n  File \"/usr/local/lib/python2.7/shutil.py\", line 268, in rmtree\n    os.rmdir(path)\nOSError: [Errno 39] Directory not empty: \u0027.poretools_tmp/test-data\u0027\n",  "tool_stdout": "",  "update_time": "2024-12-15T18:44:52.986703",  "user_email": "tests@fake.org" }, "output_problems": [  "Job in error state.. tool_id: toolshed.g2.bx.psu.edu/repos/iuc/poretools_events/poretools_events/0.6.1a1.1, exit_code: 1, stderr: Traceback (most recent call last):\n  File \"/usr/local/bin/poretools\", line 11, in \u003cmodule\u003e\n    load_entry_point(\u0027poretools==0.6.0\u0027, \u0027console_scripts\u0027, \u0027poretools\u0027)()\n  File \"/usr/local/lib/python2.7/site-packages/poretools/poretools_main.py\", line 543, in main\n    args.func(parser, args)\n  File \"/usr/local/lib/python2.7/site-packages/poretools/poretools_main.py\", line 55, in run_subtool\n    submodule.run(parser, args)\n  File \"/usr/local/lib/python2.7/site-packages/poretools/events.py\", line 13, in run\n    for fast5 in Fast5File.Fast5FileSet(args.files):\n  File \"/usr/local/lib/python2.7/site-packages/poretools/Fast5File.py\", line 110, in next\n    shutil.rmtree(PORETOOLS_TMPDIR)\n  File \"/usr/local/lib/python2.7/shutil.py\", line 261, in rmtree\n    rmtree(fullname, ignore_errors, onerror)\n  File \"/usr/local/lib/python2.7/shutil.py\", line 270, in rmtree\n    onerror(os.rmdir, path, sys.exc_info())\n  File \"/usr/local/lib/python2.7/shutil.py\", line 268, in rmtree\n    os.rmdir(path)\nOSError: [Errno 39] Directory not empty: \u0027.poretools_tmp/test-data\u0027\n.",  "Job in error state.. tool_id: toolshed.g2.bx.psu.edu/repos/iuc/poretools_events/poretools_events/0.6.1a1.1, exit_code: 1, stderr: Traceback (most recent call last):\n  File \"/usr/local/bin/poretools\", line 11, in \u003cmodule\u003e\n    load_entry_point(\u0027poretools==0.6.0\u0027, \u0027console_scripts\u0027, \u0027poretools\u0027)()\n  File \"/usr/local/lib/python2.7/site-packages/poretools/poretools_main.py\", line 543, in main\n    args.func(parser, args)\n  File \"/usr/local/lib/python2.7/site-packages/poretools/poretools_main.py\", line 55, in run_subtool\n    submodule.run(parser, args)\n  File \"/usr/local/lib/python2.7/site-packages/poretools/events.py\", line 13, in run\n    for fast5 in Fast5File.Fast5FileSet(args.files):\n  File \"/usr/local/lib/python2.7/site-packages/poretools/Fast5File.py\", line 110, in next\n    shutil.rmtree(PORETOOLS_TMPDIR)\n  File \"/usr/local/lib/python2.7/shutil.py\", line 261, in rmtree\n    rmtree(fullname, ignore_errors, onerror)\n  File \"/usr/local/lib/python2.7/shutil.py\", line 270, in rmtree\n    onerror(os.rmdir, path, sys.exc_info())\n  File \"/usr/local/lib/python2.7/shutil.py\", line 268, in rmtree\n    os.rmdir(path)\nOSError: [Errno 39] Directory not empty: \u0027.poretools_tmp/test-data\u0027\n." ], "status": "failure", "test_index": 1, "time_seconds": 58.143885374069214, "tool_id": "poretools_events", "tool_version": "0.6.1a1.1"}
                ]]></error>
            
            <system-out><![CDATA[
            
            ]]></system-out>
            <system-err><![CDATA[
            Traceback (most recent call last):  File "/usr/local/bin/poretools", line 11, in <module>    load_entry_point('poretools==0.6.0', 'console_scripts', 'poretools')()  File "/usr/local/lib/python2.7/site-packages/poretools/poretools_main.py", line 543, in main    args.func(parser, args)  File "/usr/local/lib/python2.7/site-packages/poretools/poretools_main.py", line 55, in run_subtool    submodule.run(parser, args)  File "/usr/local/lib/python2.7/site-packages/poretools/events.py", line 13, in run    for fast5 in Fast5File.Fast5FileSet(args.files):  File "/usr/local/lib/python2.7/site-packages/poretools/Fast5File.py", line 110, in next    shutil.rmtree(PORETOOLS_TMPDIR)  File "/usr/local/lib/python2.7/shutil.py", line 261, in rmtree    rmtree(fullname, ignore_errors, onerror)  File "/usr/local/lib/python2.7/shutil.py", line 270, in rmtree    onerror(os.rmdir, path, sys.exc_info())  File "/usr/local/lib/python2.7/shutil.py", line 268, in rmtree    os.rmdir(path)OSError: [Errno 39] Directory not empty: '.poretools_tmp/test-data'
            ]]></system-err>
        
    </testcase>
    
    <testcase classname="qualimap_bamqc (Test #1)" name="0" time="10.749244213104248">
        
            <error type="error" message="Input staging problem: Job in error state.. tool_id: upload1, exit_code: None, stderr: ."><![CDATA[
                { "execution_problem": "Input staging problem: Job in error state.. tool_id: upload1, exit_code: None, stderr: .", "status": "error", "test_index": 0, "time_seconds": 10.749244213104248, "tool_id": "qualimap_bamqc", "tool_version": "2.3+galaxy0"}
            ]]></error>
        
    </testcase>
    
    <testcase classname="qualimap_bamqc (Test #2)" name="1" time="70.56175971031189">
        
            
            <system-out><![CDATA[
            Java memory size is set to 1200MLaunching application...detected environment java options -Djava.awt.headless=true -Xmx25769mQualiMap v.2.3Built on 2023-05-19 16:57Selected tool: bamqcAvailable memory (Mb): 389Max memory (Mb): 26121Starting bam qc....Loading sam header...Loading locator...Loading reference...Only flagged duplicate alignments will be skipped...Number of windows: 400, effective number of windows: 325Chunk of reads size: 1000Number of threads: 1Processed 50 out of 325 windows...Processed 100 out of 325 windows...Processed 150 out of 325 windows...Processed 200 out of 325 windows...Processed 250 out of 325 windows...Processed 300 out of 325 windows...Total processed windows:325Number of reads: 100Number of valid reads: 100Number of correct strand reads:0Inside of regions...Num mapped reads: 100Num mapped first of pair: 0Num mapped second of pair: 0Num singletons: 0Time taken to analyze reads: 0Computing descriptors...numberOfMappedBases: 12665referenceSize: 650numberOfSequencedBases: 7465numberOfAs: 1910Computing per chromosome statistics...Computing histograms...Overall analysis time: 0end of bam qcComputing report...Writing HTML report...HTML report created successfullyFinished
            ]]></system-out>
            <system-err><![CDATA[
            
            ]]></system-err>
        
    </testcase>
    
    <testcase classname="qualimap_bamqc (Test #3)" name="2" time="36.52009057998657">
        
            
            <system-out><![CDATA[
            Java memory size is set to 1200MLaunching application...detected environment java options -Djava.awt.headless=true -Xmx25769mQualiMap v.2.3Built on 2023-05-19 16:57Selected tool: bamqcAvailable memory (Mb): 389Max memory (Mb): 26121Starting bam qc....Loading sam header...Loading locator...Loading reference...Only flagged duplicate alignments will be skipped...Number of windows: 400, effective number of windows: 325Chunk of reads size: 1000Number of threads: 1Initializing regions from regions.gtf.....Found 4 regionsFilling region references... Processed 50 out of 325 windows...Processed 100 out of 325 windows...Processed 150 out of 325 windows...Processed 200 out of 325 windows...Processed 250 out of 325 windows...Processed 300 out of 325 windows...Total processed windows:325Number of reads: 100Number of valid reads: 100Number of correct strand reads:0Inside of regions...Num mapped reads: 82Num mapped first of pair: 0Num mapped second of pair: 0Num singletons: 0Time taken to analyze reads: 0Computing descriptors...numberOfMappedBases: 6451referenceSize: 650numberOfSequencedBases: 5101numberOfAs: 1243Computing per chromosome statistics...Computing histograms...Overall analysis time: 0end of bam qcComputing report...Writing HTML report...HTML report created successfullyFinished
            ]]></system-out>
            <system-err><![CDATA[
            
            ]]></system-err>
        
    </testcase>
    
    <testcase classname="qualimap_bamqc (Test #4)" name="3" time="36.55905270576477">
        
            
            <system-out><![CDATA[
            Java memory size is set to 1200MLaunching application...detected environment java options -Djava.awt.headless=true -Xmx25769mQualiMap v.2.3Built on 2023-05-19 16:57Selected tool: bamqcAvailable memory (Mb): 389Max memory (Mb): 26121Starting bam qc....Loading sam header...Loading locator...Loading reference...Only flagged duplicate alignments will be skipped...Number of windows: 400, effective number of windows: 325Chunk of reads size: 1000Number of threads: 1Initializing regions from regions.gtf.....Found 4 regionsFilling region references... Processed 50 out of 325 windows...Processed 100 out of 325 windows...Processed 150 out of 325 windows...Processed 200 out of 325 windows...Processed 250 out of 325 windows...Processed 300 out of 325 windows...Total processed windows:325Number of reads: 100Number of valid reads: 100Number of correct strand reads:0Inside of regions...Num mapped reads: 82Num mapped first of pair: 0Num mapped second of pair: 0Num singletons: 0Time taken to analyze reads: 0Computing descriptors...numberOfMappedBases: 6451referenceSize: 650numberOfSequencedBases: 5101numberOfAs: 1243Computing per chromosome statistics...Computing histograms...Overall analysis time: 0end of bam qcComputing report...Writing HTML report...HTML report created successfullyFinished
            ]]></system-out>
            <system-err><![CDATA[
            
            ]]></system-err>
        
    </testcase>
    
    <testcase classname="qualimap_bamqc (Test #5)" name="4" time="36.54046630859375">
        
            
            <system-out><![CDATA[
            Java memory size is set to 1200MLaunching application...detected environment java options -Djava.awt.headless=true -Xmx25769mQualiMap v.2.3Built on 2023-05-19 16:57Selected tool: bamqcAvailable memory (Mb): 389Max memory (Mb): 26121Starting bam qc....Loading sam header...Loading locator...Loading reference...Only flagged duplicate alignments will be skipped...Number of windows: 400, effective number of windows: 325Chunk of reads size: 1000Number of threads: 1Initializing regions from regions.gtf.....Found 4 regionsFilling region references... Processed 50 out of 325 windows...Processed 100 out of 325 windows...Processed 150 out of 325 windows...Processed 200 out of 325 windows...Processed 250 out of 325 windows...Processed 300 out of 325 windows...Total processed windows:325Number of reads: 100Number of valid reads: 100Number of correct strand reads:0Inside of regions...Num mapped reads: 82Num mapped first of pair: 0Num mapped second of pair: 0Num singletons: 0Ouside of regions...Num mapped reads: 18Num mapped first of pair: 0Num mapped second of pair: 0Num singletons: 0Time taken to analyze reads: 0Computing descriptors...numberOfMappedBases: 6451referenceSize: 650numberOfSequencedBases: 5101numberOfAs: 1243Computing per chromosome statistics...Computing histograms...Computing descriptors for outside regions...numberOfMappedBases: 6214referenceSize: 650numberOfSequencedBases: 2364numberOfAs: 667Computing per chromosome statistics for outside regions...Computing histograms for outside regions...Overall analysis time: 0end of bam qcComputing report...Writing HTML report...HTML report created successfullyFinished
            ]]></system-out>
            <system-err><![CDATA[
            
            ]]></system-err>
        
    </testcase>
    
    <testcase classname="samtools_stats (Test #1)" name="0" time="34.736496448516846">
        
            
            <system-out><![CDATA[
            
            ]]></system-out>
            <system-err><![CDATA[
            
            ]]></system-err>
        
    </testcase>
    
    <testcase classname="samtools_stats (Test #1)" name="0" time="31.58443021774292">
        
            
            <system-out><![CDATA[
            
            ]]></system-out>
            <system-err><![CDATA[
            
            ]]></system-err>
        
    </testcase>
    
    <testcase classname="samtools_stats (Test #2)" name="1" time="31.342302322387695">
        
            
            <system-out><![CDATA[
            
            ]]></system-out>
            <system-err><![CDATA[
            
            ]]></system-err>
        
    </testcase>
    
    <testcase classname="samtools_stats (Test #2)" name="1" time="32.529184103012085">
        
            
            <system-out><![CDATA[
            
            ]]></system-out>
            <system-err><![CDATA[
            
            ]]></system-err>
        
    </testcase>
    
    <testcase classname="samtools_stats (Test #11)" name="10" time="23.573857069015503">
        
            
                <error type="error" message="Tool exit code: None"><![CDATA[
                    { "inputs": {  "addref_cond|addref_select": "no",  "cond_region|select_region": "tab",  "cond_region|targetregions": {   "id": "0be5382c77e0f304",   "src": "hda"  },  "input": {   "id": "bce39e21c66e62b4",   "src": "hda"  },  "remove_overlaps": true }, "job": {  "command_line": "addthreads=${GALAXY_SLOTS:-1} \u0026\u0026 (( addthreads-- )) \u0026\u0026   ln -s \u0027/galaxy/server/database/objects/e/9/c/dataset_e9cf522b-8ca9-40c3-9a09-cc87c435b51e.dat\u0027 infile \u0026\u0026 ln -s \u0027/galaxy/server/database/objects/_metadata_files/a/7/8/metadata_a788d459-f837-4e03-9dde-f9653870f0cc.dat\u0027 infile.bai \u0026\u0026       samtools stats     -t \u0027/galaxy/server/database/objects/b/d/8/dataset_bd8c74ae-7566-4e42-a214-ef2c1d5f4410.dat\u0027  -p -@ $addthreads infile   \u003e \u0027/galaxy/server/database/objects/3/c/2/dataset_3c2ef013-832f-4c03-80f1-4ccf2dfc740a.dat\u0027",  "command_version": null,  "copied_from_job_id": null,  "create_time": "2024-12-15T18:57:10.649129",  "dependencies": [],  "exit_code": null,  "external_id": "gxy-5mwtt",  "galaxy_version": "24.1",  "handler": null,  "history_id": "946bab34ae72a318",  "id": "01527a6481d72629",  "inputs": {   "cond_region|targetregions": {    "id": "0be5382c77e0f304",    "src": "hda",    "uuid": "bd8c74ae-7566-4e42-a214-ef2c1d5f4410"   },   "input": {    "id": "bce39e21c66e62b4",    "src": "hda",    "uuid": "e9cf522b-8ca9-40c3-9a09-cc87c435b51e"   }  },  "job_messages": null,  "job_metrics": [],  "job_runner_name": null,  "job_stderr": null,  "job_stdout": null,  "model_class": "Job",  "output_collections": {},  "outputs": {   "output": {    "id": "cdba815e66d7f95b",    "src": "hda",    "uuid": "3c2ef013-832f-4c03-80f1-4ccf2dfc740a"   }  },  "params": {   "__input_ext": "\"input\"",   "addref_cond": "{\"__current_case__\": 0, \"addref_select\": \"no\"}",   "chromInfo": "\"/cvmfs/data.galaxyproject.org/managed/len/ucsc/?.len\"",   "cond_region": "{\"__current_case__\": 2, \"select_region\": \"tab\", \"targetregions\": {\"values\": [{\"id\": 184, \"src\": \"hda\"}]}}",   "cov_threshold": "\"\"",   "coverage_cond": "{\"__current_case__\": 0, \"coverage_select\": \"no\"}",   "dbkey": "\"?\"",   "filter_by_flags": "{\"__current_case__\": 1, \"filter_flags\": \"nofilter\"}",   "gc_depth": "\"\"",   "insert_size": "\"\"",   "most_inserts": "\"\"",   "read_group": null,   "read_length": "\"\"",   "remove_dups": "false",   "remove_overlaps": "true",   "sparse": "false",   "split_output_cond": "{\"__current_case__\": 0, \"split_output_selector\": \"no\"}",   "trim_quality": "\"\""  },  "state": "error",  "stderr": "",  "stdout": "",  "tool_id": "toolshed.g2.bx.psu.edu/repos/devteam/samtools_stats/samtools_stats/2.0.5",  "tool_stderr": "",  "tool_stdout": "",  "update_time": "2024-12-15T18:57:14.944239",  "user_email": "tests@fake.org" }, "output_problems": [  "Job in error state.. tool_id: toolshed.g2.bx.psu.edu/repos/devteam/samtools_stats/samtools_stats/2.0.5, exit_code: None, stderr: .",  "Job in error state.. tool_id: toolshed.g2.bx.psu.edu/repos/devteam/samtools_stats/samtools_stats/2.0.5, exit_code: None, stderr: ." ], "status": "failure", "test_index": 10, "time_seconds": 23.573857069015503, "tool_id": "samtools_stats", "tool_version": "2.0.5"}
                ]]></error>
            
            <system-out><![CDATA[
            
            ]]></system-out>
            <system-err><![CDATA[
            
            ]]></system-err>
        
    </testcase>
    
    <testcase classname="samtools_stats (Test #11)" name="10" time="32.56486535072327">
        
            
            <system-out><![CDATA[
            
            ]]></system-out>
            <system-err><![CDATA[
            
            ]]></system-err>
        
    </testcase>
    
    <testcase classname="samtools_stats (Test #12)" name="11" time="31.781571865081787">
        
            
            <system-out><![CDATA[
            
            ]]></system-out>
            <system-err><![CDATA[
            
            ]]></system-err>
        
    </testcase>
    
    <testcase classname="samtools_stats (Test #12)" name="11" time="33.712265729904175">
        
            
            <system-out><![CDATA[
            
            ]]></system-out>
            <system-err><![CDATA[
            
            ]]></system-err>
        
    </testcase>
    
    <testcase classname="samtools_stats (Test #13)" name="12" time="23.272963047027588">
        
            
                <error type="error" message="Tool exit code: None"><![CDATA[
                    { "inputs": {  "addref_cond|addref_select": "history",  "addref_cond|ref": {   "id": "f48e3004253f6bae",   "src": "hda"  },  "input": {   "id": "fcef14420ef35301",   "src": "hda"  },  "split_output_cond|generate_tables": [   "SN",   "MPC",   "GCC"  ],  "split_output_cond|split_output_selector": "yes" }, "job": {  "command_line": "addthreads=${GALAXY_SLOTS:-1} \u0026\u0026 (( addthreads-- )) \u0026\u0026   ln -s \u0027/galaxy/server/database/objects/6/6/2/dataset_66223f6a-0aa5-41a3-9e64-feefb5148eae.dat\u0027 infile \u0026\u0026 ln -s \u0027/galaxy/server/database/objects/_metadata_files/3/2/4/metadata_324254a9-2b5d-46e9-9378-9f44b281e3d1.dat\u0027 infile.bai \u0026\u0026      reffa=\"reference.fa\" \u0026\u0026 ln -s \u0027/galaxy/server/database/objects/c/f/3/dataset_cf3f4e74-d5d1-41b8-bfe4-933433416d11.dat\u0027 $reffa \u0026\u0026 samtools faidx $reffa \u0026\u0026 reffai=$reffa.fai \u0026\u0026  samtools stats   --ref-seq \"$reffa\"     -@ $addthreads infile   \u003e \u0027XXXX\u0027  \u0026\u0026 mkdir split \u0026\u0026 name=`cat \u0027XXXX\u0027 | grep \u0027\\^SN\u0027 | cut -d\u0027.\u0027 -f 1 | sed \u0027s/^# //\u0027` \u0026\u0026 awk \u0027/\\^/{out=0} /\\^SN/{out=1} {if(out==1){print $0}}\u0027 \u0027XXXX\u0027 | sed \u0027s/Use `grep .*` to extract this part.//\u0027 | sed \u0027s/SN\\t//\u0027 \u003e \"split/$name.tab\" \u0026\u0026 name=`cat \u0027XXXX\u0027 | grep \u0027\\^MPC\u0027 | cut -d\u0027.\u0027 -f 1 | sed \u0027s/^# //\u0027` \u0026\u0026 awk \u0027/\\^/{out=0} /\\^MPC/{out=1} {if(out==1){print $0}}\u0027 \u0027XXXX\u0027 | sed \u0027s/Use `grep .*` to extract this part.//\u0027 | sed \u0027s/MPC\\t//\u0027 \u003e \"split/$name.tab\" \u0026\u0026 name=`cat \u0027XXXX\u0027 | grep \u0027\\^GCC\u0027 | cut -d\u0027.\u0027 -f 1 | sed \u0027s/^# //\u0027` \u0026\u0026 awk \u0027/\\^/{out=0} /\\^GCC/{out=1} {if(out==1){print $0}}\u0027 \u0027XXXX\u0027 | sed \u0027s/Use `grep .*` to extract this part.//\u0027 | sed \u0027s/GCC\\t//\u0027 \u003e \"split/$name.tab\"",  "command_version": null,  "copied_from_job_id": null,  "create_time": "2024-12-15T18:58:05.872601",  "dependencies": [],  "exit_code": null,  "external_id": "gxy-9flh2",  "galaxy_version": "24.1",  "handler": null,  "history_id": "946bab34ae72a318",  "id": "c74c870894a9a248",  "inputs": {   "addref_cond|ref": {    "id": "f48e3004253f6bae",    "src": "hda",    "uuid": "cf3f4e74-d5d1-41b8-bfe4-933433416d11"   },   "input": {    "id": "fcef14420ef35301",    "src": "hda",    "uuid": "66223f6a-0aa5-41a3-9e64-feefb5148eae"   }  },  "job_messages": null,  "job_metrics": [],  "job_runner_name": null,  "job_stderr": null,  "job_stdout": null,  "model_class": "Job",  "output_collections": {   "output_collection": {    "id": "370940dfcc8d3458",    "src": "hdca"   }  },  "outputs": {},  "params": {   "__input_ext": "\"input\"",   "addref_cond": "{\"__current_case__\": 1, \"addref_select\": \"history\", \"ref\": {\"values\": [{\"id\": 190, \"src\": \"hda\"}]}}",   "chromInfo": "\"/cvmfs/data.galaxyproject.org/managed/len/ucsc/?.len\"",   "cond_region": "{\"__current_case__\": 0, \"select_region\": \"no\"}",   "cov_threshold": "\"\"",   "coverage_cond": "{\"__current_case__\": 0, \"coverage_select\": \"no\"}",   "dbkey": "\"?\"",   "filter_by_flags": "{\"__current_case__\": 1, \"filter_flags\": \"nofilter\"}",   "gc_depth": "\"\"",   "insert_size": "\"\"",   "most_inserts": "\"\"",   "read_group": null,   "read_length": "\"\"",   "remove_dups": "false",   "remove_overlaps": "false",   "sparse": "false",   "split_output_cond": "{\"__current_case__\": 1, \"generate_tables\": [\"SN\", \"MPC\", \"GCC\"], \"split_output_selector\": \"yes\"}",   "trim_quality": "\"\""  },  "state": "error",  "stderr": "",  "stdout": "",  "tool_id": "toolshed.g2.bx.psu.edu/repos/devteam/samtools_stats/samtools_stats/2.0.5",  "tool_stderr": "",  "tool_stdout": "",  "update_time": "2024-12-15T18:58:10.136222",  "user_email": "tests@fake.org" }, "output_problems": [  "Job in error state.. tool_id: toolshed.g2.bx.psu.edu/repos/devteam/samtools_stats/samtools_stats/2.0.5, exit_code: None, stderr: .",  "Output collection \u0027output_collection\u0027: failed to find identifier \u0027ACGT content per cycle\u0027 in the tool generated elements []" ], "status": "failure", "test_index": 12, "time_seconds": 23.272963047027588, "tool_id": "samtools_stats", "tool_version": "2.0.5"}
                ]]></error>
            
            <system-out><![CDATA[
            
            ]]></system-out>
            <system-err><![CDATA[
            
            ]]></system-err>
        
    </testcase>
    
    <testcase classname="samtools_stats (Test #13)" name="12" time="32.57273817062378">
        
            
            <system-out><![CDATA[
            
            ]]></system-out>
            <system-err><![CDATA[
            
            ]]></system-err>
        
    </testcase>
    
    <testcase classname="samtools_stats (Test #3)" name="2" time="32.51737833023071">
        
            
            <system-out><![CDATA[
            
            ]]></system-out>
            <system-err><![CDATA[
            
            ]]></system-err>
        
    </testcase>
    
    <testcase classname="samtools_stats (Test #3)" name="2" time="31.549675226211548">
        
            
            <system-out><![CDATA[
            
            ]]></system-out>
            <system-err><![CDATA[
            
            ]]></system-err>
        
    </testcase>
    
    <testcase classname="samtools_stats (Test #4)" name="3" time="32.24933695793152">
        
            
            <system-out><![CDATA[
            
            ]]></system-out>
            <system-err><![CDATA[
            Barcodes with tag BC differ in length at sequence 'ref1_grp1_p002'
            ]]></system-err>
        
    </testcase>
    
    <testcase classname="samtools_stats (Test #4)" name="3" time="31.646431922912598">
        
            
            <system-out><![CDATA[
            
            ]]></system-out>
            <system-err><![CDATA[
            Barcodes with tag BC differ in length at sequence 'ref1_grp1_p002'
            ]]></system-err>
        
    </testcase>
    
    <testcase classname="samtools_stats (Test #5)" name="4" time="31.326416492462158">
        
            
            <system-out><![CDATA[
            
            ]]></system-out>
            <system-err><![CDATA[
            Barcodes with tag BC differ in length at sequence 'ref1_grp1_p002'
            ]]></system-err>
        
    </testcase>
    
    <testcase classname="samtools_stats (Test #5)" name="4" time="23.952290058135986">
        
            
                <error type="error" message="Tool exit code: None"><![CDATA[
                    { "inputs": {  "addref_cond|addref_select": "no",  "cond_region|regions_repeat_0|region": "ref1:10-24",  "cond_region|regions_repeat_1|region": "ref1:30-46",  "cond_region|regions_repeat_2|region": "ref1:39-56",  "cond_region|select_region": "text",  "input": {   "id": "841ed7a619ba0d21",   "src": "hda"  } }, "job": {  "command_line": "addthreads=${GALAXY_SLOTS:-1} \u0026\u0026 (( addthreads-- )) \u0026\u0026   ln -s \u0027/galaxy/server/database/objects/5/3/6/dataset_53665b7e-6497-4189-872d-d269c7f2e943.dat\u0027 infile \u0026\u0026 ln -s \u0027/galaxy/server/database/objects/_metadata_files/4/0/5/metadata_405d3231-8afd-4b68-9f1b-ef38011ac4f6.dat\u0027 infile.bai \u0026\u0026       samtools stats       -@ $addthreads infile  \u0027ref1:10-24\u0027 \u0027ref1:30-46\u0027 \u0027ref1:39-56\u0027  \u003e \u0027/galaxy/server/database/objects/c/b/e/dataset_cbe45f22-65df-4ea2-9593-f9ee125bc539.dat\u0027",  "command_version": null,  "copied_from_job_id": null,  "create_time": "2024-12-15T19:00:36.949123",  "dependencies": [],  "exit_code": null,  "external_id": "gxy-pz2c5",  "galaxy_version": "24.1",  "handler": null,  "history_id": "946bab34ae72a318",  "id": "6d930aef5d71e94e",  "inputs": {   "input": {    "id": "841ed7a619ba0d21",    "src": "hda",    "uuid": "53665b7e-6497-4189-872d-d269c7f2e943"   }  },  "job_messages": null,  "job_metrics": [],  "job_runner_name": null,  "job_stderr": null,  "job_stdout": null,  "model_class": "Job",  "output_collections": {},  "outputs": {   "output": {    "id": "384e1338b04dc140",    "src": "hda",    "uuid": "cbe45f22-65df-4ea2-9593-f9ee125bc539"   }  },  "params": {   "__input_ext": "\"input\"",   "addref_cond": "{\"__current_case__\": 0, \"addref_select\": \"no\"}",   "chromInfo": "\"/cvmfs/data.galaxyproject.org/managed/len/ucsc/?.len\"",   "cond_region": "{\"__current_case__\": 1, \"regions_repeat\": [{\"__index__\": 0, \"region\": \"ref1:10-24\"}, {\"__index__\": 1, \"region\": \"ref1:30-46\"}, {\"__index__\": 2, \"region\": \"ref1:39-56\"}], \"select_region\": \"text\"}",   "cov_threshold": "\"\"",   "coverage_cond": "{\"__current_case__\": 0, \"coverage_select\": \"no\"}",   "dbkey": "\"?\"",   "filter_by_flags": "{\"__current_case__\": 1, \"filter_flags\": \"nofilter\"}",   "gc_depth": "\"\"",   "insert_size": "\"\"",   "most_inserts": "\"\"",   "read_group": null,   "read_length": "\"\"",   "remove_dups": "false",   "remove_overlaps": "false",   "sparse": "false",   "split_output_cond": "{\"__current_case__\": 0, \"split_output_selector\": \"no\"}",   "trim_quality": "\"\""  },  "state": "error",  "stderr": "Barcodes with tag BC differ in length at sequence \u0027ref1_grp1_p002\u0027\n",  "stdout": "",  "tool_id": "toolshed.g2.bx.psu.edu/repos/devteam/samtools_stats/samtools_stats/2.0.5",  "tool_stderr": "Barcodes with tag BC differ in length at sequence \u0027ref1_grp1_p002\u0027\n",  "tool_stdout": "",  "update_time": "2024-12-15T19:00:42.685337",  "user_email": "tests@fake.org" }, "output_problems": [  "Job in error state.. tool_id: toolshed.g2.bx.psu.edu/repos/devteam/samtools_stats/samtools_stats/2.0.5, exit_code: None, stderr: Barcodes with tag BC differ in length at sequence \u0027ref1_grp1_p002\u0027\n.",  "Job in error state.. tool_id: toolshed.g2.bx.psu.edu/repos/devteam/samtools_stats/samtools_stats/2.0.5, exit_code: None, stderr: Barcodes with tag BC differ in length at sequence \u0027ref1_grp1_p002\u0027\n." ], "status": "failure", "test_index": 4, "time_seconds": 23.952290058135986, "tool_id": "samtools_stats", "tool_version": "2.0.5"}
                ]]></error>
            
            <system-out><![CDATA[
            
            ]]></system-out>
            <system-err><![CDATA[
            Barcodes with tag BC differ in length at sequence 'ref1_grp1_p002'
            ]]></system-err>
        
    </testcase>
    
    <testcase classname="samtools_stats (Test #6)" name="5" time="30.3211932182312">
        
            
            <system-out><![CDATA[
            
            ]]></system-out>
            <system-err><![CDATA[
            Barcodes with tag BC differ in length at sequence 'ref1_grp1_p002'
            ]]></system-err>
        
    </testcase>
    
    <testcase classname="samtools_stats (Test #6)" name="5" time="31.771471977233887">
        
            
            <system-out><![CDATA[
            
            ]]></system-out>
            <system-err><![CDATA[
            Barcodes with tag BC differ in length at sequence 'ref1_grp1_p002'
            ]]></system-err>
        
    </testcase>
    
    <testcase classname="samtools_stats (Test #7)" name="6" time="31.27025604248047">
        
            
            <system-out><![CDATA[
            
            ]]></system-out>
            <system-err><![CDATA[
            Barcodes with tag BC differ in length at sequence 'ref1_grp1_p002'
            ]]></system-err>
        
    </testcase>
    
    <testcase classname="samtools_stats (Test #7)" name="6" time="31.620574235916138">
        
            
            <system-out><![CDATA[
            
            ]]></system-out>
            <system-err><![CDATA[
            Barcodes with tag BC differ in length at sequence 'ref1_grp1_p002'
            ]]></system-err>
        
    </testcase>
    
    <testcase classname="samtools_stats (Test #8)" name="7" time="32.142608642578125">
        
            
            <system-out><![CDATA[
            
            ]]></system-out>
            <system-err><![CDATA[
            
            ]]></system-err>
        
    </testcase>
    
    <testcase classname="samtools_stats (Test #8)" name="7" time="25.057250499725342">
        
            
                <error type="error" message="Tool exit code: None"><![CDATA[
                    { "inputs": {  "addref_cond|addref_select": "no",  "cond_region|select_region": "tab",  "cond_region|targetregions": {   "id": "c522b466ce71e9d8",   "src": "hda"  },  "input": {   "id": "93a286334a9347d5",   "src": "hda"  } }, "job": {  "command_line": "addthreads=${GALAXY_SLOTS:-1} \u0026\u0026 (( addthreads-- )) \u0026\u0026   ln -s \u0027/galaxy/server/database/objects/a/8/e/dataset_a8e4da25-90e6-4358-b7ec-59ba32370b47.dat\u0027 infile \u0026\u0026 ln -s \u0027/galaxy/server/database/objects/_metadata_files/2/1/2/metadata_21295ba8-3fdd-4bc9-a3aa-fd63dcb30a9b.dat\u0027 infile.bai \u0026\u0026       samtools stats     -t \u0027/galaxy/server/database/objects/1/6/9/dataset_16934f83-2d9f-4999-9e4a-6d874c951023.dat\u0027   -@ $addthreads infile   \u003e \u0027/galaxy/server/database/objects/6/0/a/dataset_60aef3d6-2b62-4f8a-955a-a1298394a9ba.dat\u0027",  "command_version": null,  "copied_from_job_id": null,  "create_time": "2024-12-15T19:02:05.825590",  "dependencies": [],  "exit_code": null,  "external_id": "gxy-dppnv",  "galaxy_version": "24.1",  "handler": null,  "history_id": "946bab34ae72a318",  "id": "94d697e6183cd3ad",  "inputs": {   "cond_region|targetregions": {    "id": "c522b466ce71e9d8",    "src": "hda",    "uuid": "16934f83-2d9f-4999-9e4a-6d874c951023"   },   "input": {    "id": "93a286334a9347d5",    "src": "hda",    "uuid": "a8e4da25-90e6-4358-b7ec-59ba32370b47"   }  },  "job_messages": null,  "job_metrics": [],  "job_runner_name": null,  "job_stderr": null,  "job_stdout": null,  "model_class": "Job",  "output_collections": {},  "outputs": {   "output": {    "id": "247c5053338708be",    "src": "hda",    "uuid": "60aef3d6-2b62-4f8a-955a-a1298394a9ba"   }  },  "params": {   "__input_ext": "\"input\"",   "addref_cond": "{\"__current_case__\": 0, \"addref_select\": \"no\"}",   "chromInfo": "\"/cvmfs/data.galaxyproject.org/managed/len/ucsc/?.len\"",   "cond_region": "{\"__current_case__\": 2, \"select_region\": \"tab\", \"targetregions\": {\"values\": [{\"id\": 211, \"src\": \"hda\"}]}}",   "cov_threshold": "\"\"",   "coverage_cond": "{\"__current_case__\": 0, \"coverage_select\": \"no\"}",   "dbkey": "\"?\"",   "filter_by_flags": "{\"__current_case__\": 1, \"filter_flags\": \"nofilter\"}",   "gc_depth": "\"\"",   "insert_size": "\"\"",   "most_inserts": "\"\"",   "read_group": null,   "read_length": "\"\"",   "remove_dups": "false",   "remove_overlaps": "false",   "sparse": "false",   "split_output_cond": "{\"__current_case__\": 0, \"split_output_selector\": \"no\"}",   "trim_quality": "\"\""  },  "state": "error",  "stderr": "",  "stdout": "",  "tool_id": "toolshed.g2.bx.psu.edu/repos/devteam/samtools_stats/samtools_stats/2.0.5",  "tool_stderr": "",  "tool_stdout": "",  "update_time": "2024-12-15T19:02:11.027687",  "user_email": "tests@fake.org" }, "output_problems": [  "Job in error state.. tool_id: toolshed.g2.bx.psu.edu/repos/devteam/samtools_stats/samtools_stats/2.0.5, exit_code: None, stderr: .",  "Job in error state.. tool_id: toolshed.g2.bx.psu.edu/repos/devteam/samtools_stats/samtools_stats/2.0.5, exit_code: None, stderr: ." ], "status": "failure", "test_index": 7, "time_seconds": 25.057250499725342, "tool_id": "samtools_stats", "tool_version": "2.0.5"}
                ]]></error>
            
            <system-out><![CDATA[
            
            ]]></system-out>
            <system-err><![CDATA[
            
            ]]></system-err>
        
    </testcase>
    
    <testcase classname="samtools_stats (Test #9)" name="8" time="32.604721784591675">
        
            
            <system-out><![CDATA[
            
            ]]></system-out>
            <system-err><![CDATA[
            
            ]]></system-err>
        
    </testcase>
    
    <testcase classname="samtools_stats (Test #9)" name="8" time="32.810901165008545">
        
            
            <system-out><![CDATA[
            
            ]]></system-out>
            <system-err><![CDATA[
            
            ]]></system-err>
        
    </testcase>
    
    <testcase classname="samtools_stats (Test #10)" name="9" time="32.26742196083069">
        
            
            <system-out><![CDATA[
            
            ]]></system-out>
            <system-err><![CDATA[
            
            ]]></system-err>
        
    </testcase>
    
    <testcase classname="samtools_stats (Test #10)" name="9" time="33.09026646614075">
        
            
            <system-out><![CDATA[
            
            ]]></system-out>
            <system-err><![CDATA[
            
            ]]></system-err>
        
    </testcase>
    
    <testcase classname="scanpy_find_markers (Test #1)" name="0" time="0.0959165096282959">
        
            <error type="error" message="Input staging problem: Test input file (louvain_1.0) cannot be found."><![CDATA[
                { "execution_problem": "Input staging problem: Test input file (louvain_1.0) cannot be found.", "status": "error", "test_index": 0, "time_seconds": 0.0959165096282959, "tool_id": "scanpy_find_markers", "tool_version": "1.9.3+galaxy0"}
            ]]></error>
        
    </testcase>
    
    <testcase classname="scanpy_find_markers (Test #1)" name="0" time="0.09323573112487793">
        
            <error type="error" message="Input staging problem: Test input file (louvain_1.0) cannot be found."><![CDATA[
                { "execution_problem": "Input staging problem: Test input file (louvain_1.0) cannot be found.", "status": "error", "test_index": 0, "time_seconds": 0.09323573112487793, "tool_id": "scanpy_find_markers", "tool_version": "1.9.3+galaxy0"}
            ]]></error>
        
    </testcase>
    
    <testcase classname="scanpy_find_markers (Test #2)" name="1" time="0.05325913429260254">
        
            <error type="error" message="Input staging problem: Test input file (louvain_1.0) cannot be found."><![CDATA[
                { "execution_problem": "Input staging problem: Test input file (louvain_1.0) cannot be found.", "status": "error", "test_index": 1, "time_seconds": 0.05325913429260254, "tool_id": "scanpy_find_markers", "tool_version": "1.9.3+galaxy0"}
            ]]></error>
        
    </testcase>
    
    <testcase classname="scanpy_find_markers (Test #2)" name="1" time="0.0525357723236084">
        
            <error type="error" message="Input staging problem: Test input file (louvain_1.0) cannot be found."><![CDATA[
                { "execution_problem": "Input staging problem: Test input file (louvain_1.0) cannot be found.", "status": "error", "test_index": 1, "time_seconds": 0.0525357723236084, "tool_id": "scanpy_find_markers", "tool_version": "1.9.3+galaxy0"}
            ]]></error>
        
    </testcase>
    
    <testcase classname="scanpy_find_markers (Test #3)" name="2" time="0.05298352241516113">
        
            <error type="error" message="Input staging problem: Test input file (mnn.h5) cannot be found."><![CDATA[
                { "execution_problem": "Input staging problem: Test input file (mnn.h5) cannot be found.", "status": "error", "test_index": 2, "time_seconds": 0.05298352241516113, "tool_id": "scanpy_find_markers", "tool_version": "1.9.3+galaxy0"}
            ]]></error>
        
    </testcase>
    
    <testcase classname="scanpy_find_markers (Test #3)" name="2" time="0.05232691764831543">
        
            <error type="error" message="Input staging problem: Test input file (mnn.h5) cannot be found."><![CDATA[
                { "execution_problem": "Input staging problem: Test input file (mnn.h5) cannot be found.", "status": "error", "test_index": 2, "time_seconds": 0.05232691764831543, "tool_id": "scanpy_find_markers", "tool_version": "1.9.3+galaxy0"}
            ]]></error>
        
    </testcase>
    
    <testcase classname="scater_filter (Test #1)" name="0" time="68.22735857963562">
        
            
            <system-out><![CDATA[
            [1] "Starting with 40 cells and 2000 features."[1] "After filtering out low library counts:  39 cells and 2000 features."[1] "After filtering out high MT gene counts:  34 cells and 2000 features."[1] "After filtering out cells with low feature counts:  34 cells and 2000 features."[1] "After filtering out rare features:  34 cells and 1148 features."[1] TRUE
            ]]></system-out>
            <system-err><![CDATA[
            Loading required package: S4VectorsLoading required package: stats4Loading required package: BiocGenericsAttaching package: BiocGenericsThe following objects are masked from package:stats:    IQR, mad, sd, var, xtabsThe following objects are masked from package:base:    anyDuplicated, append, as.data.frame, basename, cbind, colnames,    dirname, do.call, duplicated, eval, evalq, Filter, Find, get, grep,    grepl, intersect, is.unsorted, lapply, Map, mapply, match, mget,    order, paste, pmax, pmax.int, pmin, pmin.int, Position, rank,    rbind, Reduce, rownames, sapply, setdiff, sort, table, tapply,    union, unique, unsplit, which.max, which.minAttaching package: S4VectorsThe following objects are masked from package:base:    expand.grid, I, unnameLoading required package: SingleCellExperimentLoading required package: SummarizedExperimentLoading required package: MatrixGenericsLoading required package: matrixStatsAttaching package: MatrixGenericsThe following objects are masked from package:matrixStats:    colAlls, colAnyNAs, colAnys, colAvgsPerRowSet, colCollapse,    colCounts, colCummaxs, colCummins, colCumprods, colCumsums,    colDiffs, colIQRDiffs, colIQRs, colLogSumExps, colMadDiffs,    colMads, colMaxs, colMeans2, colMedians, colMins, colOrderStats,    colProds, colQuantiles, colRanges, colRanks, colSdDiffs, colSds,    colSums2, colTabulates, colVarDiffs, colVars, colWeightedMads,    colWeightedMeans, colWeightedMedians, colWeightedSds,    colWeightedVars, rowAlls, rowAnyNAs, rowAnys, rowAvgsPerColSet,    rowCollapse, rowCounts, rowCummaxs, rowCummins, rowCumprods,    rowCumsums, rowDiffs, rowIQRDiffs, rowIQRs, rowLogSumExps,    rowMadDiffs, rowMads, rowMaxs, rowMeans2, rowMedians, rowMins,    rowOrderStats, rowProds, rowQuantiles, rowRanges, rowRanks,    rowSdDiffs, rowSds, rowSums2, rowTabulates, rowVarDiffs, rowVars,    rowWeightedMads, rowWeightedMeans, rowWeightedMedians,    rowWeightedSds, rowWeightedVarsLoading required package: GenomicRangesLoading required package: IRangesLoading required package: GenomeInfoDbLoading required package: BiobaseWelcome to Bioconductor    Vignettes contain introductory material; view with    'browseVignettes()'. To cite Bioconductor, see    'citation("Biobase")', and for packages 'citation("pkgname")'.Attaching package: BiobaseThe following object is masked from package:MatrixGenerics:    rowMediansThe following objects are masked from package:matrixStats:    anyMissing, rowMediansLoading required package: rhdf5Loading required package: BiocIOLoading required package: scuttleLoading required package: ggplot2Warning message:In value[[3L]](cond) :  zero-length inputs cannot be mixed with those of non-zero length
            ]]></system-err>
        
    </testcase>
    
    <testcase classname="scater_filter (Test #1)" name="0" time="41.655335426330566">
        
            
            <system-out><![CDATA[
            [1] "Starting with 40 cells and 2000 features."[1] "After filtering out low library counts:  39 cells and 2000 features."[1] "After filtering out high MT gene counts:  34 cells and 2000 features."[1] "After filtering out cells with low feature counts:  34 cells and 2000 features."[1] "After filtering out rare features:  34 cells and 1148 features."[1] TRUE
            ]]></system-out>
            <system-err><![CDATA[
            Loading required package: S4VectorsLoading required package: stats4Loading required package: BiocGenericsAttaching package: BiocGenericsThe following objects are masked from package:stats:    IQR, mad, sd, var, xtabsThe following objects are masked from package:base:    anyDuplicated, append, as.data.frame, basename, cbind, colnames,    dirname, do.call, duplicated, eval, evalq, Filter, Find, get, grep,    grepl, intersect, is.unsorted, lapply, Map, mapply, match, mget,    order, paste, pmax, pmax.int, pmin, pmin.int, Position, rank,    rbind, Reduce, rownames, sapply, setdiff, sort, table, tapply,    union, unique, unsplit, which.max, which.minAttaching package: S4VectorsThe following objects are masked from package:base:    expand.grid, I, unnameLoading required package: SingleCellExperimentLoading required package: SummarizedExperimentLoading required package: MatrixGenericsLoading required package: matrixStatsAttaching package: MatrixGenericsThe following objects are masked from package:matrixStats:    colAlls, colAnyNAs, colAnys, colAvgsPerRowSet, colCollapse,    colCounts, colCummaxs, colCummins, colCumprods, colCumsums,    colDiffs, colIQRDiffs, colIQRs, colLogSumExps, colMadDiffs,    colMads, colMaxs, colMeans2, colMedians, colMins, colOrderStats,    colProds, colQuantiles, colRanges, colRanks, colSdDiffs, colSds,    colSums2, colTabulates, colVarDiffs, colVars, colWeightedMads,    colWeightedMeans, colWeightedMedians, colWeightedSds,    colWeightedVars, rowAlls, rowAnyNAs, rowAnys, rowAvgsPerColSet,    rowCollapse, rowCounts, rowCummaxs, rowCummins, rowCumprods,    rowCumsums, rowDiffs, rowIQRDiffs, rowIQRs, rowLogSumExps,    rowMadDiffs, rowMads, rowMaxs, rowMeans2, rowMedians, rowMins,    rowOrderStats, rowProds, rowQuantiles, rowRanges, rowRanks,    rowSdDiffs, rowSds, rowSums2, rowTabulates, rowVarDiffs, rowVars,    rowWeightedMads, rowWeightedMeans, rowWeightedMedians,    rowWeightedSds, rowWeightedVarsLoading required package: GenomicRangesLoading required package: IRangesLoading required package: GenomeInfoDbLoading required package: BiobaseWelcome to Bioconductor    Vignettes contain introductory material; view with    'browseVignettes()'. To cite Bioconductor, see    'citation("Biobase")', and for packages 'citation("pkgname")'.Attaching package: BiobaseThe following object is masked from package:MatrixGenerics:    rowMediansThe following objects are masked from package:matrixStats:    anyMissing, rowMediansLoading required package: rhdf5Loading required package: BiocIOLoading required package: scuttleLoading required package: ggplot2Warning message:In value[[3L]](cond) :  zero-length inputs cannot be mixed with those of non-zero length
            ]]></system-err>
        
    </testcase>
    
    <testcase classname="scater_filter (Test #2)" name="1" time="38.37257695198059">
        
            
            <system-out><![CDATA[
            [1] "Starting with 40 cells"[1] "Ending with 33 cells"[1] TRUE
            ]]></system-out>
            <system-err><![CDATA[
            Loading required package: S4VectorsLoading required package: stats4Loading required package: BiocGenericsAttaching package: BiocGenericsThe following objects are masked from package:stats:    IQR, mad, sd, var, xtabsThe following objects are masked from package:base:    anyDuplicated, append, as.data.frame, basename, cbind, colnames,    dirname, do.call, duplicated, eval, evalq, Filter, Find, get, grep,    grepl, intersect, is.unsorted, lapply, Map, mapply, match, mget,    order, paste, pmax, pmax.int, pmin, pmin.int, Position, rank,    rbind, Reduce, rownames, sapply, setdiff, sort, table, tapply,    union, unique, unsplit, which.max, which.minAttaching package: S4VectorsThe following objects are masked from package:base:    expand.grid, I, unnameLoading required package: SingleCellExperimentLoading required package: SummarizedExperimentLoading required package: MatrixGenericsLoading required package: matrixStatsAttaching package: MatrixGenericsThe following objects are masked from package:matrixStats:    colAlls, colAnyNAs, colAnys, colAvgsPerRowSet, colCollapse,    colCounts, colCummaxs, colCummins, colCumprods, colCumsums,    colDiffs, colIQRDiffs, colIQRs, colLogSumExps, colMadDiffs,    colMads, colMaxs, colMeans2, colMedians, colMins, colOrderStats,    colProds, colQuantiles, colRanges, colRanks, colSdDiffs, colSds,    colSums2, colTabulates, colVarDiffs, colVars, colWeightedMads,    colWeightedMeans, colWeightedMedians, colWeightedSds,    colWeightedVars, rowAlls, rowAnyNAs, rowAnys, rowAvgsPerColSet,    rowCollapse, rowCounts, rowCummaxs, rowCummins, rowCumprods,    rowCumsums, rowDiffs, rowIQRDiffs, rowIQRs, rowLogSumExps,    rowMadDiffs, rowMads, rowMaxs, rowMeans2, rowMedians, rowMins,    rowOrderStats, rowProds, rowQuantiles, rowRanges, rowRanks,    rowSdDiffs, rowSds, rowSums2, rowTabulates, rowVarDiffs, rowVars,    rowWeightedMads, rowWeightedMeans, rowWeightedMedians,    rowWeightedSds, rowWeightedVarsLoading required package: GenomicRangesLoading required package: IRangesLoading required package: GenomeInfoDbLoading required package: BiobaseWelcome to Bioconductor    Vignettes contain introductory material; view with    'browseVignettes()'. To cite Bioconductor, see    'citation("Biobase")', and for packages 'citation("pkgname")'.Attaching package: BiobaseThe following object is masked from package:MatrixGenerics:    rowMediansThe following objects are masked from package:matrixStats:    anyMissing, rowMediansLoading required package: rhdf5Loading required package: BiocIOLoading required package: scuttleLoading required package: ggplot2Attaching package: robustbaseThe following object is masked from package:Biobase:    rowMediansThe following objects are masked from package:MatrixGenerics:    colMedians, rowMediansThe following objects are masked from package:matrixStats:    colMedians, rowMedians
            ]]></system-err>
        
    </testcase>
    
    <testcase classname="scater_filter (Test #2)" name="1" time="38.10790705680847">
        
            
            <system-out><![CDATA[
            [1] "Starting with 40 cells"[1] "Ending with 33 cells"[1] TRUE
            ]]></system-out>
            <system-err><![CDATA[
            Loading required package: S4VectorsLoading required package: stats4Loading required package: BiocGenericsAttaching package: BiocGenericsThe following objects are masked from package:stats:    IQR, mad, sd, var, xtabsThe following objects are masked from package:base:    anyDuplicated, append, as.data.frame, basename, cbind, colnames,    dirname, do.call, duplicated, eval, evalq, Filter, Find, get, grep,    grepl, intersect, is.unsorted, lapply, Map, mapply, match, mget,    order, paste, pmax, pmax.int, pmin, pmin.int, Position, rank,    rbind, Reduce, rownames, sapply, setdiff, sort, table, tapply,    union, unique, unsplit, which.max, which.minAttaching package: S4VectorsThe following objects are masked from package:base:    expand.grid, I, unnameLoading required package: SingleCellExperimentLoading required package: SummarizedExperimentLoading required package: MatrixGenericsLoading required package: matrixStatsAttaching package: MatrixGenericsThe following objects are masked from package:matrixStats:    colAlls, colAnyNAs, colAnys, colAvgsPerRowSet, colCollapse,    colCounts, colCummaxs, colCummins, colCumprods, colCumsums,    colDiffs, colIQRDiffs, colIQRs, colLogSumExps, colMadDiffs,    colMads, colMaxs, colMeans2, colMedians, colMins, colOrderStats,    colProds, colQuantiles, colRanges, colRanks, colSdDiffs, colSds,    colSums2, colTabulates, colVarDiffs, colVars, colWeightedMads,    colWeightedMeans, colWeightedMedians, colWeightedSds,    colWeightedVars, rowAlls, rowAnyNAs, rowAnys, rowAvgsPerColSet,    rowCollapse, rowCounts, rowCummaxs, rowCummins, rowCumprods,    rowCumsums, rowDiffs, rowIQRDiffs, rowIQRs, rowLogSumExps,    rowMadDiffs, rowMads, rowMaxs, rowMeans2, rowMedians, rowMins,    rowOrderStats, rowProds, rowQuantiles, rowRanges, rowRanks,    rowSdDiffs, rowSds, rowSums2, rowTabulates, rowVarDiffs, rowVars,    rowWeightedMads, rowWeightedMeans, rowWeightedMedians,    rowWeightedSds, rowWeightedVarsLoading required package: GenomicRangesLoading required package: IRangesLoading required package: GenomeInfoDbLoading required package: BiobaseWelcome to Bioconductor    Vignettes contain introductory material; view with    'browseVignettes()'. To cite Bioconductor, see    'citation("Biobase")', and for packages 'citation("pkgname")'.Attaching package: BiobaseThe following object is masked from package:MatrixGenerics:    rowMediansThe following objects are masked from package:matrixStats:    anyMissing, rowMediansLoading required package: rhdf5Loading required package: BiocIOLoading required package: scuttleLoading required package: ggplot2Attaching package: robustbaseThe following object is masked from package:Biobase:    rowMediansThe following objects are masked from package:MatrixGenerics:    colMedians, rowMediansThe following objects are masked from package:matrixStats:    colMedians, rowMedians
            ]]></system-err>
        
    </testcase>
    
    <testcase classname="sceasy_convert (Test #1)" name="0" time="0.09820795059204102">
        
            <error type="error" message="Input staging problem: Test input file (input.loom) cannot be found."><![CDATA[
                { "execution_problem": "Input staging problem: Test input file (input.loom) cannot be found.", "status": "error", "test_index": 0, "time_seconds": 0.09820795059204102, "tool_id": "sceasy_convert", "tool_version": "0.0.5+galaxy1"}
            ]]></error>
        
    </testcase>
    
    <testcase classname="vcfbreakcreatemulti (Test #1)" name="0" time="36.31935715675354">
        
            
            <system-out><![CDATA[
            
            ]]></system-out>
            <system-err><![CDATA[
            
            ]]></system-err>
        
    </testcase>
    
    <testcase classname="vcfbreakcreatemulti (Test #2)" name="1" time="29.924971103668213">
        
            
            <system-out><![CDATA[
            
            ]]></system-out>
            <system-err><![CDATA[
            
            ]]></system-err>
        
    </testcase>
    
    <testcase classname="vcfselectsamples (Test #1)" name="0" time="31.49774146080017">
        
            
            <system-out><![CDATA[
            
            ]]></system-out>
            <system-err><![CDATA[
            
            ]]></system-err>
        
    </testcase>
    
</testsuite>