<?xml version="1.0" encoding="UTF-8"?>
<testsuite name="Results (powered by Planemo)"
           tests="82"
           errors="5"
           failures="6"
           skip="0">
    
    <testcase classname="bcftools_call (Test #1)" name="0" time="26.441948175430298">
        
            
            <system-out><![CDATA[
            
            ]]></system-out>
            <system-err><![CDATA[
            Note: none of --samples-file, --ploidy or --ploidy-file given, assuming all sites are diploid
            ]]></system-err>
        
    </testcase>
    
    <testcase classname="bcftools_call (Test #2)" name="1" time="24.97124433517456">
        
            
            <system-out><![CDATA[
            
            ]]></system-out>
            <system-err><![CDATA[
            Note: none of --samples-file, --ploidy or --ploidy-file given, assuming all sites are diploid
            ]]></system-err>
        
    </testcase>
    
    <testcase classname="bcftools_call (Test #3)" name="2" time="26.29694104194641">
        
            
                <error type="error" message="Tool exit code: None"><![CDATA[
                    { "inputs": {  "input_file": {   "id": "72f55e69fcfe660e",   "src": "hda"  },  "output_type": "v",  "sec_consensus_variant_calling|variant_calling|method": "multiallelic",  "sec_file_format|ploidy_file": {   "id": "b37450dc0de085e2",   "src": "hda"  },  "sec_restrict|samples_file": {   "id": "ab875341766d8a54",   "src": "hda"  } }, "job": {  "command_line": "export BCFTOOLS_PLUGINS=`which bcftools | sed \u0027s,bin/bcftools,libexec/bcftools,\u0027`;     bgzip -c \u0027/galaxy/server/database/objects/b/9/2/dataset_b922960e-e4ee-45fa-bc24-8a6a9431b6cc.dat\u0027 \u003e input.vcf.gz \u0026\u0026 bcftools index input.vcf.gz \u0026\u0026        bcftools call  -m --prior 0.0011           --samples-file \"/galaxy/server/database/objects/0/b/8/dataset_0b8043cd-b293-4c82-9f57-bd10f397d673.dat\"   --ploidy-file \u0027/galaxy/server/database/objects/9/3/7/dataset_9375f79d-81b7-42bc-9850-c09efeffc163.dat\u0027       --output-type \u0027v\u0027   --threads ${GALAXY_SLOTS:-4}    input.vcf.gz  \u003e \u0027/galaxy/server/database/objects/7/9/d/dataset_79d21816-9337-4f27-bea4-5c89005a7a05.dat\u0027",  "command_version": null,  "create_time": "2023-10-08T19:08:19.203033",  "dependencies": [],  "exit_code": null,  "external_id": "gxy-kkct6",  "galaxy_version": "23.0",  "history_id": "af8b5c7f82366f8b",  "id": "ec11dc7161a6327c",  "inputs": {   "input_file": {    "id": "72f55e69fcfe660e",    "src": "hda",    "uuid": "b922960e-e4ee-45fa-bc24-8a6a9431b6cc"   },   "ploidy_file": {    "id": "b37450dc0de085e2",    "src": "hda",    "uuid": "9375f79d-81b7-42bc-9850-c09efeffc163"   }  },  "job_messages": null,  "job_metrics": [],  "job_stderr": null,  "job_stdout": null,  "model_class": "Job",  "output_collections": {},  "outputs": {   "output_file": {    "id": "a0dc136d97ad6a09",    "src": "hda",    "uuid": "79d21816-9337-4f27-bea4-5c89005a7a05"   }  },  "params": {   "__input_ext": "\"vcf\"",   "chromInfo": "\"/cvmfs/data.galaxyproject.org/managed/len/ucsc/?.len\"",   "dbkey": "\"?\"",   "output_type": "\"v\"",   "sec_consensus_variant_calling": "{\"variant_calling\": {\"__current_case__\": 0, \"genotypes\": {\"__current_case__\": 0, \"constrain\": \"none\", \"targets\": {\"__current_case__\": 0, \"targets_src\": \"__none__\"}}, \"gvcf\": \"\", \"method\": \"multiallelic\", \"prior\": \"0.0011\", \"prior_freqs\": \"\"}}",   "sec_file_format": "{\"invert_samples\": false, \"invert_samples_file\": false, \"ploidy\": null, \"ploidy_file\": {\"values\": [{\"id\": 298, \"src\": \"hda\"}]}, \"regions\": {\"__current_case__\": 0, \"regions_src\": \"__none__\"}, \"samples\": \"\", \"samples_file\": null}",   "sec_input_output": "{\"format_fields\": \"\", \"keep_alts\": false, \"keep_masked_ref\": false, \"skip_variants\": null, \"variants_only\": false}",   "sec_restrict": "{\"invert_samples\": false, \"invert_samples_file\": false, \"regions\": {\"__current_case__\": 0, \"regions_src\": \"__none__\"}, \"samples\": \"\", \"samples_file\": {\"values\": [{\"id\": 297, \"src\": \"hda\"}]}}"  },  "state": "error",  "stderr": "",  "stdout": "",  "tool_id": "toolshed.g2.bx.psu.edu/repos/iuc/bcftools_call/bcftools_call/1.10",  "tool_stderr": "",  "tool_stdout": "",  "traceback": null,  "update_time": "2023-10-08T19:08:25.192783",  "user_email": "tests@fake.org" }, "output_problems": [  "Job in error state.. tool_id: toolshed.g2.bx.psu.edu/repos/iuc/bcftools_call/bcftools_call/1.10, exit_code: None, stderr: .",  "Job in error state.. tool_id: toolshed.g2.bx.psu.edu/repos/iuc/bcftools_call/bcftools_call/1.10, exit_code: None, stderr: ." ], "status": "failure", "test_index": 2, "time_seconds": 26.29694104194641, "tool_id": "bcftools_call", "tool_version": "1.10"}
                ]]></error>
            
            <system-out><![CDATA[
            
            ]]></system-out>
            <system-err><![CDATA[
            
            ]]></system-err>
        
    </testcase>
    
    <testcase classname="bcftools_call (Test #4)" name="3" time="28.31484842300415">
        
            
            <system-out><![CDATA[
            
            ]]></system-out>
            <system-err><![CDATA[
            
            ]]></system-err>
        
    </testcase>
    
    <testcase classname="bcftools_plugin_setgt (Test #1)" name="0" time="30.461379766464233">
        
            
            <system-out><![CDATA[
            
            ]]></system-out>
            <system-err><![CDATA[
            Filled 44 alleles
            ]]></system-err>
        
    </testcase>
    
    <testcase classname="deeptools_plot_heatmap (Test #1)" name="0" time="113.03090500831604">
        
            
            <system-out><![CDATA[
            
            ]]></system-out>
            <system-err><![CDATA[
            
            ]]></system-err>
        
    </testcase>
    
    <testcase classname="deeptools_plot_heatmap (Test #2)" name="1" time="25.746622800827026">
        
            
            <system-out><![CDATA[
            
            ]]></system-out>
            <system-err><![CDATA[
            
            ]]></system-err>
        
    </testcase>
    
    <testcase classname="deeptools_plot_profile (Test #1)" name="0" time="28.011852979660034">
        
            
            <system-out><![CDATA[
            
            ]]></system-out>
            <system-err><![CDATA[
            
            ]]></system-err>
        
    </testcase>
    
    <testcase classname="deeptools_plot_profile (Test #2)" name="1" time="27.969528436660767">
        
            
            <system-out><![CDATA[
            
            ]]></system-out>
            <system-err><![CDATA[
            
            ]]></system-err>
        
    </testcase>
    
    <testcase classname="dropletutils (Test #1)" name="0" time="65.30330801010132">
        
            
            <system-out><![CDATA[
            
            ]]></system-out>
            <system-err><![CDATA[
            Error in print.default(ifelse(is.na(y), NA_character_, sQuote(y)), quote = FALSE,  :   ignoring SIGPIPE signalCalls: <Anonymous> -> print.numeric_version -> print -> print.defaultExecution haltedCells: 1025
            ]]></system-err>
        
    </testcase>
    
    <testcase classname="dropletutils (Test #1)" name="0" time="39.93961787223816">
        
            
            <system-out><![CDATA[
            
            ]]></system-out>
            <system-err><![CDATA[
            Error in print.default(ifelse(is.na(y), NA_character_, sQuote(y)), quote = FALSE,  :   ignoring SIGPIPE signalCalls: <Anonymous> -> print.numeric_version -> print -> print.defaultExecution haltedCells: 1025
            ]]></system-err>
        
    </testcase>
    
    <testcase classname="dropletutils (Test #2)" name="1" time="39.957831621170044">
        
            
            <system-out><![CDATA[
            
            ]]></system-out>
            <system-err><![CDATA[
            Error in print.default(ifelse(is.na(y), NA_character_, sQuote(y)), quote = FALSE,  :   ignoring SIGPIPE signalCalls: <Anonymous> -> print.numeric_version -> print -> print.defaultExecution haltedCells: 1025
            ]]></system-err>
        
    </testcase>
    
    <testcase classname="dropletutils (Test #2)" name="1" time="39.05689001083374">
        
            
            <system-out><![CDATA[
            
            ]]></system-out>
            <system-err><![CDATA[
            Error in print.default(ifelse(is.na(y), NA_character_, sQuote(y)), quote = FALSE,  :   ignoring SIGPIPE signalCalls: <Anonymous> -> print.numeric_version -> print -> print.defaultExecution haltedCells: 1025
            ]]></system-err>
        
    </testcase>
    
    <testcase classname="dropletutils (Test #3)" name="2" time="41.498003005981445">
        
            
            <system-out><![CDATA[
            [1] "knee = 324 , inflection =  151"
            ]]></system-out>
            <system-err><![CDATA[
            Error in print.default(ifelse(is.na(y), NA_character_, sQuote(y)), quote = FALSE,  :   ignoring SIGPIPE signalCalls: <Anonymous> -> print.numeric_version -> print -> print.defaultExecution haltedWarning message:In xy.coords(x, y, xlabel, ylabel, log) :  7432 y values <= 0 omitted from logarithmic plot
            ]]></system-err>
        
    </testcase>
    
    <testcase classname="dropletutils (Test #3)" name="2" time="41.35207200050354">
        
            
            <system-out><![CDATA[
            [1] "knee = 324 , inflection =  151"
            ]]></system-out>
            <system-err><![CDATA[
            Error in print.default(ifelse(is.na(y), NA_character_, sQuote(y)), quote = FALSE,  :   ignoring SIGPIPE signalCalls: <Anonymous> -> print.numeric_version -> print -> print.defaultExecution haltedWarning message:In xy.coords(x, y, xlabel, ylabel, log) :  7432 y values <= 0 omitted from logarithmic plot
            ]]></system-err>
        
    </testcase>
    
    <testcase classname="dropletutils (Test #4)" name="3" time="41.55057668685913">
        
            
            <system-out><![CDATA[
            [1] "Cell Library Size Distribution:"   Min. 1st Qu.  Median    Mean 3rd Qu.    Max.    0.00    0.00    0.00   46.53    3.00 1153.00 
            ]]></system-out>
            <system-err><![CDATA[
            Error in print.default(ifelse(is.na(y), NA_character_, sQuote(y)), quote = FALSE,  :   ignoring SIGPIPE signalCalls: <Anonymous> -> print.numeric_version -> print -> print.defaultExecution haltedCells: 998Cells and Limited: 998
            ]]></system-err>
        
    </testcase>
    
    <testcase classname="dropletutils (Test #4)" name="3" time="41.661964893341064">
        
            
            <system-out><![CDATA[
            [1] "Cell Library Size Distribution:"   Min. 1st Qu.  Median    Mean 3rd Qu.    Max.    0.00    0.00    0.00   46.53    3.00 1153.00 
            ]]></system-out>
            <system-err><![CDATA[
            Error in print.default(ifelse(is.na(y), NA_character_, sQuote(y)), quote = FALSE,  :   ignoring SIGPIPE signalCalls: <Anonymous> -> print.numeric_version -> print -> print.defaultExecution haltedCells: 998Cells and Limited: 998
            ]]></system-err>
        
    </testcase>
    
    <testcase classname="dropletutils (Test #5)" name="4" time="36.8336968421936">
        
            
            <system-out><![CDATA[
            [1] "Cell Library Size Distribution:"   Min. 1st Qu.  Median    Mean 3rd Qu.    Max.     0.0     8.0    20.0   114.3    46.0  2347.0 
            ]]></system-out>
            <system-err><![CDATA[
            Error in print.default(ifelse(is.na(y), NA_character_, sQuote(y)), quote = FALSE,  :   ignoring SIGPIPE signalCalls: <Anonymous> -> print.numeric_version -> print -> print.defaultExecution haltedCells: 954Cells and Limited: 85
            ]]></system-err>
        
    </testcase>
    
    <testcase classname="dropletutils (Test #5)" name="4" time="37.5468316078186">
        
            
            <system-out><![CDATA[
            [1] "Cell Library Size Distribution:"   Min. 1st Qu.  Median    Mean 3rd Qu.    Max.     0.0     8.0    20.0   114.3    46.0  2347.0 
            ]]></system-out>
            <system-err><![CDATA[
            Error in print.default(ifelse(is.na(y), NA_character_, sQuote(y)), quote = FALSE,  :   ignoring SIGPIPE signalCalls: <Anonymous> -> print.numeric_version -> print -> print.defaultExecution haltedCells: 954Cells and Limited: 85
            ]]></system-err>
        
    </testcase>
    
    <testcase classname="dropletutils (Test #6)" name="5" time="35.687029123306274">
        
            
            <system-out><![CDATA[
            
            ]]></system-out>
            <system-err><![CDATA[
            Error in print.default(ifelse(is.na(y), NA_character_, sQuote(y)), quote = FALSE,  :   ignoring SIGPIPE signalCalls: <Anonymous> -> print.numeric_version -> print -> print.defaultExecution haltedCells: 2650
            ]]></system-err>
        
    </testcase>
    
    <testcase classname="dropletutils (Test #6)" name="5" time="33.75727033615112">
        
            
            <system-out><![CDATA[
            
            ]]></system-out>
            <system-err><![CDATA[
            Error in print.default(ifelse(is.na(y), NA_character_, sQuote(y)), quote = FALSE,  :   ignoring SIGPIPE signalCalls: <Anonymous> -> print.numeric_version -> print -> print.defaultExecution haltedCells: 2650
            ]]></system-err>
        
    </testcase>
    
    <testcase classname="fastp (Test #1)" name="0" time="27.13796591758728">
        
            
            <system-out><![CDATA[
            
            ]]></system-out>
            <system-err><![CDATA[
            Detecting adapter sequence for read1...No adapter detected for read1Read1 before filtering:total reads: 2total bases: 302Q20 bases: 262(86.755%)Q30 bases: 241(79.8013%)Read1 after filtering:total reads: 2total bases: 302Q20 bases: 262(86.755%)Q30 bases: 241(79.8013%)Filtering result:reads passed filter: 2reads failed due to low quality: 0reads failed due to too many N: 0reads failed due to too short: 0reads with adapter trimmed: 0bases trimmed due to adapters: 0Duplication rate (may be overestimated since this is SE data): 0%JSON report: fastp.jsonHTML report: fastp.htmlfastp --thread 4 --report_title fastp report for R1_fq.fastq -i R1_fq.fastq -o first.fastq fastp v0.23.2, time used: 1 seconds
            ]]></system-err>
        
    </testcase>
    
    <testcase classname="fastp (Test #2)" name="1" time="28.462663888931274">
        
            
            <system-out><![CDATA[
            
            ]]></system-out>
            <system-err><![CDATA[
            Detecting adapter sequence for read1...No adapter detected for read1Detecting adapter sequence for read2...No adapter detected for read2WARNNIG: different read numbers of the 0 packRead1 pack size: 99Read2 pack size: 100Read1 before filtering:total reads: 99total bases: 24849Q20 bases: 23268(93.6376%)Q30 bases: 22391(90.1083%)Read2 before filtering:total reads: 99total bases: 24849Q20 bases: 22676(91.2552%)Q30 bases: 21532(86.6514%)Read1 after filtering:total reads: 97total bases: 22942Q20 bases: 21680(94.4992%)Q30 bases: 20981(91.4524%)Read2 after filtering:total reads: 97total bases: 22942Q20 bases: 21535(93.8671%)Q30 bases: 20672(90.1055%)Filtering result:reads passed filter: 194reads failed due to low quality: 2reads failed due to too many N: 2reads failed due to too short: 0reads with adapter trimmed: 68bases trimmed due to adapters: 2824Duplication rate: 0%Insert size peak (evaluated by paired-end reads): 308JSON report: fastp.jsonHTML report: fastp.htmlfastp --thread 4 --report_title fastp report for Unnamed Collection.fastq -i Unnamed Collection.fastq -o first.fastq -I Unnamed Collection_R2.fastq -O second.fastq --detect_adapter_for_pe fastp v0.23.2, time used: 1 seconds
            ]]></system-err>
        
    </testcase>
    
    <testcase classname="fastp (Test #11)" name="10" time="27.46330428123474">
        
            
            <system-out><![CDATA[
            
            ]]></system-out>
            <system-err><![CDATA[
            Detecting adapter sequence for read1...No adapter detected for read1Read1 before filtering:total reads: 2total bases: 302Q20 bases: 262(86.755%)Q30 bases: 241(79.8013%)Read1 after filtering:total reads: 2total bases: 302Q20 bases: 262(86.755%)Q30 bases: 241(79.8013%)Filtering result:reads passed filter: 2reads failed due to low quality: 0reads failed due to too many N: 0reads failed due to too short: 0reads with adapter trimmed: 0bases trimmed due to adapters: 0reads with polyX in 3' end: 0bases trimmed in polyX tail: 0Duplication rate (may be overestimated since this is SE data): 0%JSON report: fastp.jsonHTML report: fastp.htmlfastp --thread 4 --report_title fastp report for R1_fq_gz.fastq.gz -i R1_fq_gz.fastq.gz -o first.fastq.gz -x --poly_x_min_len 10 fastp v0.23.2, time used: 0 seconds
            ]]></system-err>
        
    </testcase>
    
    <testcase classname="fastp (Test #3)" name="2" time="23.22560167312622">
        
            
            <system-out><![CDATA[
            
            ]]></system-out>
            <system-err><![CDATA[
            Read1 before filtering:total reads: 2total bases: 302Q20 bases: 262(86.755%)Q30 bases: 241(79.8013%)Read1 after filtering:total reads: 1total bases: 151Q20 bases: 114(75.4967%)Q30 bases: 98(64.9007%)Filtering result:reads passed filter: 1reads failed due to low quality: 0reads failed due to too many N: 0reads failed due to too short: 1reads with adapter trimmed: 1bases trimmed due to adapters: 139Duplication rate (may be overestimated since this is SE data): 0%JSON report: fastp.jsonHTML report: fastp.htmlfastp --thread 4 --report_title fastp report for R1_fq.fastq -i R1_fq.fastq -o first.fastq --adapter_sequence ATCG fastp v0.23.2, time used: 0 seconds
            ]]></system-err>
        
    </testcase>
    
    <testcase classname="fastp (Test #4)" name="3" time="25.251025915145874">
        
            
            <system-out><![CDATA[
            
            ]]></system-out>
            <system-err><![CDATA[
            Detecting adapter sequence for read1...No adapter detected for read1Read1 before filtering:total reads: 2total bases: 302Q20 bases: 262(86.755%)Q30 bases: 241(79.8013%)Read1 after filtering:total reads: 2total bases: 286Q20 bases: 246(86.014%)Q30 bases: 226(79.021%)Filtering result:reads passed filter: 2reads failed due to low quality: 0reads failed due to too many N: 0reads failed due to too short: 0reads with adapter trimmed: 0bases trimmed due to adapters: 0Duplication rate (may be overestimated since this is SE data): 0%JSON report: fastp.jsonHTML report: fastp.htmlfastp --thread 4 --report_title fastp report for R1_fq.fastq -i R1_fq.fastq -o first.fastq -U --umi_loc read1 --umi_len 8 fastp v0.23.2, time used: 1 seconds
            ]]></system-err>
        
    </testcase>
    
    <testcase classname="fastp (Test #5)" name="4" time="27.403193950653076">
        
            
            <system-out><![CDATA[
            
            ]]></system-out>
            <system-err><![CDATA[
            Detecting adapter sequence for read1...No adapter detected for read1Read1 before filtering:total reads: 2total bases: 302Q20 bases: 262(86.755%)Q30 bases: 241(79.8013%)Read1 after filtering:total reads: 2total bases: 278Q20 bases: 239(85.9712%)Q30 bases: 220(79.1367%)Filtering result:reads passed filter: 2reads failed due to low quality: 0reads failed due to too many N: 0reads failed due to too short: 0reads with adapter trimmed: 0bases trimmed due to adapters: 0Duplication rate (may be overestimated since this is SE data): 0%JSON report: fastp.jsonHTML report: fastp.htmlfastp --thread 4 --report_title fastp report for R1_fq.fastq -i R1_fq.fastq -o first.fastq -U --umi_loc read1 --umi_len 12 fastp v0.23.2, time used: 1 seconds
            ]]></system-err>
        
    </testcase>
    
    <testcase classname="fastp (Test #6)" name="5" time="26.387380599975586">
        
            
            <system-out><![CDATA[
            
            ]]></system-out>
            <system-err><![CDATA[
            Detecting adapter sequence for read1...No adapter detected for read1Detecting adapter sequence for read2...No adapter detected for read2WARNNIG: different read numbers of the 0 packRead1 pack size: 99Read2 pack size: 100Read1 before filtering:total reads: 99total bases: 24849Q20 bases: 23268(93.6376%)Q30 bases: 22391(90.1083%)Read2 before filtering:total reads: 99total bases: 24849Q20 bases: 22676(91.2552%)Q30 bases: 21532(86.6514%)Read1 after filtering:total reads: 97total bases: 22942Q20 bases: 21680(94.4992%)Q30 bases: 20981(91.4524%)Read2 after filtering:total reads: 97total bases: 22942Q20 bases: 21535(93.8671%)Q30 bases: 20672(90.1055%)Filtering result:reads passed filter: 194reads failed due to low quality: 2reads failed due to too many N: 2reads failed due to too short: 0reads with adapter trimmed: 68bases trimmed due to adapters: 2824Duplication rate: 0%Insert size peak (evaluated by paired-end reads): 308JSON report: fastp.jsonHTML report: fastp.htmlfastp --thread 4 --report_title fastp report for bwa-mem-fastq1_fq.fastq -i bwa-mem-fastq1_fq.fastq -o first.fastq -I bwa-mem-fastq2_fq_R2.fastq -O second.fastq --detect_adapter_for_pe fastp v0.23.2, time used: 0 seconds
            ]]></system-err>
        
    </testcase>
    
    <testcase classname="fastp (Test #7)" name="6" time="26.658326625823975">
        
            
            <system-out><![CDATA[
            
            ]]></system-out>
            <system-err><![CDATA[
            Detecting adapter sequence for read1...No adapter detected for read1Detecting adapter sequence for read2...No adapter detected for read2WARNNIG: different read numbers of the 0 packRead1 pack size: 99Read2 pack size: 100Read1 before filtering:total reads: 99total bases: 24849Q20 bases: 23268(93.6376%)Q30 bases: 22391(90.1083%)Read2 before filtering:total reads: 99total bases: 24849Q20 bases: 22676(91.2552%)Q30 bases: 21532(86.6514%)Read1 after filtering:total reads: 97total bases: 22166Q20 bases: 20935(94.4464%)Q30 bases: 20255(91.3787%)Read2 after filtering:total reads: 97total bases: 22646Q20 bases: 21284(93.9857%)Q30 bases: 20447(90.2897%)Filtering result:reads passed filter: 194reads failed due to low quality: 2reads failed due to too many N: 2reads failed due to too short: 0reads with adapter trimmed: 76bases trimmed due to adapters: 3128Duplication rate: 0%Insert size peak (evaluated by paired-end reads): 243JSON report: fastp.jsonHTML report: fastp.htmlfastp --thread 4 --report_title fastp report for bwa-mem-fastq1_fq.fastq -i bwa-mem-fastq1_fq.fastq -o first.fastq -I bwa-mem-fastq2_fq_R2.fastq -O second.fastq --detect_adapter_for_pe -U --umi_loc read1 --umi_len 8 fastp v0.23.2, time used: 0 seconds
            ]]></system-err>
        
    </testcase>
    
    <testcase classname="fastp (Test #8)" name="7" time="28.387855768203735">
        
            
            <system-out><![CDATA[
            
            ]]></system-out>
            <system-err><![CDATA[
            Detecting adapter sequence for read1...No adapter detected for read1Detecting adapter sequence for read2...No adapter detected for read2WARNNIG: different read numbers of the 0 packRead1 pack size: 99Read2 pack size: 100Read1 before filtering:total reads: 99total bases: 24849Q20 bases: 23268(93.6376%)Q30 bases: 22391(90.1083%)Read2 before filtering:total reads: 99total bases: 24849Q20 bases: 22676(91.2552%)Q30 bases: 21532(86.6514%)Read1 after filtering:total reads: 97total bases: 22678Q20 bases: 21439(94.5366%)Q30 bases: 20756(91.5248%)Read2 after filtering:total reads: 97total bases: 22166Q20 bases: 20766(93.684%)Q30 bases: 19910(89.8223%)Filtering result:reads passed filter: 194reads failed due to low quality: 2reads failed due to too many N: 2reads failed due to too short: 0reads with adapter trimmed: 68bases trimmed due to adapters: 3096Duplication rate: 0%Insert size peak (evaluated by paired-end reads): 300JSON report: fastp.jsonHTML report: fastp.htmlfastp --thread 4 --report_title fastp report for bwa-mem-fastq1_fq.fastq -i bwa-mem-fastq1_fq.fastq -o first.fastq -I bwa-mem-fastq2_fq_R2.fastq -O second.fastq --detect_adapter_for_pe -U --umi_loc read2 --umi_len 8 fastp v0.23.2, time used: 0 seconds
            ]]></system-err>
        
    </testcase>
    
    <testcase classname="fastp (Test #9)" name="8" time="26.392781496047974">
        
            
            <system-out><![CDATA[
            
            ]]></system-out>
            <system-err><![CDATA[
            Detecting adapter sequence for read1...No adapter detected for read1Read1 before filtering:total reads: 2total bases: 302Q20 bases: 262(86.755%)Q30 bases: 241(79.8013%)Read1 after filtering:total reads: 2total bases: 302Q20 bases: 262(86.755%)Q30 bases: 241(79.8013%)Filtering result:reads passed filter: 2reads failed due to low quality: 0reads failed due to too many N: 0reads failed due to too short: 0reads with adapter trimmed: 0bases trimmed due to adapters: 0Duplication rate (may be overestimated since this is SE data): 0%JSON report: fastp.jsonHTML report: fastp.htmlfastp --thread 4 --report_title fastp report for R1_fq.fastq -i R1_fq.fastq -o first.fastq fastp v0.23.2, time used: 0 seconds
            ]]></system-err>
        
    </testcase>
    
    <testcase classname="fastp (Test #10)" name="9" time="24.928075790405273">
        
            
            <system-out><![CDATA[
            
            ]]></system-out>
            <system-err><![CDATA[
            Detecting adapter sequence for read1...No adapter detected for read1Read1 before filtering:total reads: 2total bases: 302Q20 bases: 262(86.755%)Q30 bases: 241(79.8013%)Read1 after filtering:total reads: 2total bases: 302Q20 bases: 262(86.755%)Q30 bases: 241(79.8013%)Filtering result:reads passed filter: 2reads failed due to low quality: 0reads failed due to too many N: 0reads failed due to too short: 0reads with adapter trimmed: 0bases trimmed due to adapters: 0Duplication rate (may be overestimated since this is SE data): 0%JSON report: fastp.jsonHTML report: fastp.htmlfastp --thread 4 --report_title fastp report for R1_fq_gz.fastq.gz -i R1_fq_gz.fastq.gz -o first.fastq.gz --poly_g_min_len 10 -g fastp v0.23.2, time used: 0 seconds
            ]]></system-err>
        
    </testcase>
    
    <testcase classname="pharmcat (Test #1)" name="0" time="91.4021065235138">
        
            
            <system-out><![CDATA[
            
            ]]></system-out>
            <system-err><![CDATA[
            Picked up _JAVA_OPTIONS: -Xmx4G -Xms1G
            ]]></system-err>
        
    </testcase>
    
    <testcase classname="pharmcat (Test #2)" name="1" time="27.94218945503235">
        
            
            <system-out><![CDATA[
            
            ]]></system-out>
            <system-err><![CDATA[
            Picked up _JAVA_OPTIONS: -Xmx4G -Xms1G
            ]]></system-err>
        
    </testcase>
    
    <testcase classname="pharmcat (Test #3)" name="2" time="29.227882862091064">
        
            
            <system-out><![CDATA[
            
            ]]></system-out>
            <system-err><![CDATA[
            Picked up _JAVA_OPTIONS: -Xmx4G -Xms1G
            ]]></system-err>
        
    </testcase>
    
    <testcase classname="pharmcat (Test #4)" name="3" time="26.438947439193726">
        
            
            <system-out><![CDATA[
            
            ]]></system-out>
            <system-err><![CDATA[
            Picked up _JAVA_OPTIONS: -Xmx4G -Xms1G
            ]]></system-err>
        
    </testcase>
    
    <testcase classname="pharmcat (Test #5)" name="4" time="22.775981187820435">
        
            
                <error type="error" message="Tool exit code: None"><![CDATA[
                    { "inputs": {  "function_select|function": "report",  "function_select|input": {   "id": "c1f3db5568f2ac21",   "src": "hda"  } }, "job": {  "command_line": "ln -s \u0027/galaxy/server/database/objects/b/5/e/dataset_b5ec3408-1656-4dfd-90dc-3eb2bf3b6377.dat\u0027 ./input.json \u0026\u0026 java -cp /pharmcat/pharmcat.jar org.pharmgkb.pharmcat.reporter.Reporter -p input.json -j output.json -o output.html",  "command_version": null,  "create_time": "2023-10-08T18:40:15.509544",  "dependencies": [],  "exit_code": null,  "external_id": "gxy-jdrzf",  "galaxy_version": "23.0",  "history_id": "af8b5c7f82366f8b",  "id": "d2f15b0c0e460f8c",  "inputs": {   "input": {    "id": "c1f3db5568f2ac21",    "src": "hda",    "uuid": "b5ec3408-1656-4dfd-90dc-3eb2bf3b6377"   }  },  "job_messages": null,  "job_metrics": [],  "job_stderr": null,  "job_stdout": null,  "model_class": "Job",  "output_collections": {},  "outputs": {   "report_html": {    "id": "0c2e8296bf4b5003",    "src": "hda",    "uuid": "a763dde5-2628-4bd1-817f-ec0df406633e"   },   "report_json": {    "id": "e866b0da1ad496a4",    "src": "hda",    "uuid": "c6fd908a-77dc-490e-9bab-1a6938865e73"   }  },  "params": {   "__input_ext": "\"input\"",   "chromInfo": "\"/cvmfs/data.galaxyproject.org/managed/len/ucsc/?.len\"",   "dbkey": "\"?\"",   "function_select": "{\"__current_case__\": 3, \"function\": \"report\", \"input\": {\"values\": [{\"id\": 68, \"src\": \"hda\"}]}, \"title\": null}"  },  "state": "error",  "stderr": "",  "stdout": "",  "tool_id": "toolshed.g2.bx.psu.edu/repos/bgruening/pharmcat/pharmcat/1.3.1+galaxy0",  "tool_stderr": "",  "tool_stdout": "",  "traceback": null,  "update_time": "2023-10-08T18:40:22.812276",  "user_email": "tests@fake.org" }, "output_problems": [  "Job in error state.. tool_id: toolshed.g2.bx.psu.edu/repos/bgruening/pharmcat/pharmcat/1.3.1+galaxy0, exit_code: None, stderr: .",  "Job in error state.. tool_id: toolshed.g2.bx.psu.edu/repos/bgruening/pharmcat/pharmcat/1.3.1+galaxy0, exit_code: None, stderr: .",  "Job in error state.. tool_id: toolshed.g2.bx.psu.edu/repos/bgruening/pharmcat/pharmcat/1.3.1+galaxy0, exit_code: None, stderr: ." ], "status": "failure", "test_index": 4, "time_seconds": 22.775981187820435, "tool_id": "pharmcat", "tool_version": "1.3.1+galaxy0"}
                ]]></error>
            
            <system-out><![CDATA[
            
            ]]></system-out>
            <system-err><![CDATA[
            
            ]]></system-err>
        
    </testcase>
    
    <testcase classname="poretools_events (Test #1)" name="0" time="53.82403564453125">
        
            
                <error type="error" message="Tool exit code: 1"><![CDATA[
                    { "inputs": {  "input": {   "id": "47cd34a4890f5488",   "src": "hda"  },  "precalled": false }, "job": {  "command_line": "poretools events  \u0027/galaxy/server/database/objects/3/1/9/dataset_3190c9c7-ca0b-4af5-9c66-bcd7e03bd357.dat\u0027 \u003e \u0027/galaxy/server/database/objects/3/8/e/dataset_38eab046-c99f-4c09-835a-ed79a1082494.dat\u0027",  "command_version": "",  "create_time": "2023-10-08T18:35:57.895837",  "dependencies": [],  "exit_code": 1,  "external_id": "gxy-25d4s",  "galaxy_version": "23.0",  "history_id": "af8b5c7f82366f8b",  "id": "028e62564e87dd69",  "inputs": {   "input": {    "id": "47cd34a4890f5488",    "src": "hda",    "uuid": "3190c9c7-ca0b-4af5-9c66-bcd7e03bd357"   }  },  "job_messages": [   {    "code_desc": "",    "desc": "Fatal error: Exit code 1 ()",    "error_level": 3,    "exit_code": 1,    "type": "exit_code"   },   {    "code_desc": "",    "desc": "Fatal error: ",    "error_level": 3,    "match": "Error:",    "stream": "stderr",    "type": "regex"   }  ],  "job_metrics": [   {    "name": "runtime_seconds",    "plugin": "core",    "raw_value": "1.0000000",    "title": "Job Runtime (Wall Clock)",    "value": "1 second"   },   {    "name": "end_epoch",    "plugin": "core",    "raw_value": "1696790180.0000000",    "title": "Job End Time",    "value": "2023-10-08 18:36:20"   },   {    "name": "start_epoch",    "plugin": "core",    "raw_value": "1696790179.0000000",    "title": "Job Start Time",    "value": "2023-10-08 18:36:19"   },   {    "name": "galaxy_memory_mb",    "plugin": "core",    "raw_value": "12240.0000000",    "title": "Memory Allocated (MB)",    "value": "12240"   },   {    "name": "galaxy_slots",    "plugin": "core",    "raw_value": "1.0000000",    "title": "Cores Allocated",    "value": "1"   }  ],  "job_stderr": "",  "job_stdout": "",  "model_class": "Job",  "output_collections": {},  "outputs": {   "output": {    "id": "6c7e6f912a9d8664",    "src": "hda",    "uuid": "38eab046-c99f-4c09-835a-ed79a1082494"   }  },  "params": {   "__input_ext": "\"fast5.tar\"",   "chromInfo": "\"/cvmfs/data.galaxyproject.org/managed/len/ucsc/?.len\"",   "dbkey": "\"?\"",   "precalled": "false"  },  "state": "error",  "stderr": "Traceback (most recent call last):\n  File \"/usr/local/bin/poretools\", line 11, in \u003cmodule\u003e\n    load_entry_point(\u0027poretools==0.6.0\u0027, \u0027console_scripts\u0027, \u0027poretools\u0027)()\n  File \"/usr/local/lib/python2.7/site-packages/poretools/poretools_main.py\", line 543, in main\n    args.func(parser, args)\n  File \"/usr/local/lib/python2.7/site-packages/poretools/poretools_main.py\", line 55, in run_subtool\n    submodule.run(parser, args)\n  File \"/usr/local/lib/python2.7/site-packages/poretools/events.py\", line 17, in run\n    for fast5 in Fast5File.Fast5FileSet(args.files):\n  File \"/usr/local/lib/python2.7/site-packages/poretools/Fast5File.py\", line 110, in next\n    shutil.rmtree(PORETOOLS_TMPDIR)\n  File \"/usr/local/lib/python2.7/shutil.py\", line 261, in rmtree\n    rmtree(fullname, ignore_errors, onerror)\n  File \"/usr/local/lib/python2.7/shutil.py\", line 270, in rmtree\n    onerror(os.rmdir, path, sys.exc_info())\n  File \"/usr/local/lib/python2.7/shutil.py\", line 268, in rmtree\n    os.rmdir(path)\nOSError: [Errno 39] Directory not empty: \u0027.poretools_tmp/test-data\u0027\n",  "stdout": "",  "tool_id": "toolshed.g2.bx.psu.edu/repos/iuc/poretools_events/poretools_events/0.6.1a1.1",  "tool_stderr": "Traceback (most recent call last):\n  File \"/usr/local/bin/poretools\", line 11, in \u003cmodule\u003e\n    load_entry_point(\u0027poretools==0.6.0\u0027, \u0027console_scripts\u0027, \u0027poretools\u0027)()\n  File \"/usr/local/lib/python2.7/site-packages/poretools/poretools_main.py\", line 543, in main\n    args.func(parser, args)\n  File \"/usr/local/lib/python2.7/site-packages/poretools/poretools_main.py\", line 55, in run_subtool\n    submodule.run(parser, args)\n  File \"/usr/local/lib/python2.7/site-packages/poretools/events.py\", line 17, in run\n    for fast5 in Fast5File.Fast5FileSet(args.files):\n  File \"/usr/local/lib/python2.7/site-packages/poretools/Fast5File.py\", line 110, in next\n    shutil.rmtree(PORETOOLS_TMPDIR)\n  File \"/usr/local/lib/python2.7/shutil.py\", line 261, in rmtree\n    rmtree(fullname, ignore_errors, onerror)\n  File \"/usr/local/lib/python2.7/shutil.py\", line 270, in rmtree\n    onerror(os.rmdir, path, sys.exc_info())\n  File \"/usr/local/lib/python2.7/shutil.py\", line 268, in rmtree\n    os.rmdir(path)\nOSError: [Errno 39] Directory not empty: \u0027.poretools_tmp/test-data\u0027\n",  "tool_stdout": "",  "traceback": null,  "update_time": "2023-10-08T18:36:36.437661",  "user_email": "tests@fake.org" }, "output_problems": [  "Job in error state.. tool_id: toolshed.g2.bx.psu.edu/repos/iuc/poretools_events/poretools_events/0.6.1a1.1, exit_code: 1, stderr: Traceback (most recent call last):\n  File \"/usr/local/bin/poretools\", line 11, in \u003cmodule\u003e\n    load_entry_point(\u0027poretools==0.6.0\u0027, \u0027console_scripts\u0027, \u0027poretools\u0027)()\n  File \"/usr/local/lib/python2.7/site-packages/poretools/poretools_main.py\", line 543, in main\n    args.func(parser, args)\n  File \"/usr/local/lib/python2.7/site-packages/poretools/poretools_main.py\", line 55, in run_subtool\n    submodule.run(parser, args)\n  File \"/usr/local/lib/python2.7/site-packages/poretools/events.py\", line 17, in run\n    for fast5 in Fast5File.Fast5FileSet(args.files):\n  File \"/usr/local/lib/python2.7/site-packages/poretools/Fast5File.py\", line 110, in next\n    shutil.rmtree(PORETOOLS_TMPDIR)\n  File \"/usr/local/lib/python2.7/shutil.py\", line 261, in rmtree\n    rmtree(fullname, ignore_errors, onerror)\n  File \"/usr/local/lib/python2.7/shutil.py\", line 270, in rmtree\n    onerror(os.rmdir, path, sys.exc_info())\n  File \"/usr/local/lib/python2.7/shutil.py\", line 268, in rmtree\n    os.rmdir(path)\nOSError: [Errno 39] Directory not empty: \u0027.poretools_tmp/test-data\u0027\n.",  "Job in error state.. tool_id: toolshed.g2.bx.psu.edu/repos/iuc/poretools_events/poretools_events/0.6.1a1.1, exit_code: 1, stderr: Traceback (most recent call last):\n  File \"/usr/local/bin/poretools\", line 11, in \u003cmodule\u003e\n    load_entry_point(\u0027poretools==0.6.0\u0027, \u0027console_scripts\u0027, \u0027poretools\u0027)()\n  File \"/usr/local/lib/python2.7/site-packages/poretools/poretools_main.py\", line 543, in main\n    args.func(parser, args)\n  File \"/usr/local/lib/python2.7/site-packages/poretools/poretools_main.py\", line 55, in run_subtool\n    submodule.run(parser, args)\n  File \"/usr/local/lib/python2.7/site-packages/poretools/events.py\", line 17, in run\n    for fast5 in Fast5File.Fast5FileSet(args.files):\n  File \"/usr/local/lib/python2.7/site-packages/poretools/Fast5File.py\", line 110, in next\n    shutil.rmtree(PORETOOLS_TMPDIR)\n  File \"/usr/local/lib/python2.7/shutil.py\", line 261, in rmtree\n    rmtree(fullname, ignore_errors, onerror)\n  File \"/usr/local/lib/python2.7/shutil.py\", line 270, in rmtree\n    onerror(os.rmdir, path, sys.exc_info())\n  File \"/usr/local/lib/python2.7/shutil.py\", line 268, in rmtree\n    os.rmdir(path)\nOSError: [Errno 39] Directory not empty: \u0027.poretools_tmp/test-data\u0027\n." ], "status": "failure", "test_index": 0, "time_seconds": 53.82403564453125, "tool_id": "poretools_events", "tool_version": "0.6.1a1.1"}
                ]]></error>
            
            <system-out><![CDATA[
            
            ]]></system-out>
            <system-err><![CDATA[
            Traceback (most recent call last):  File "/usr/local/bin/poretools", line 11, in <module>    load_entry_point('poretools==0.6.0', 'console_scripts', 'poretools')()  File "/usr/local/lib/python2.7/site-packages/poretools/poretools_main.py", line 543, in main    args.func(parser, args)  File "/usr/local/lib/python2.7/site-packages/poretools/poretools_main.py", line 55, in run_subtool    submodule.run(parser, args)  File "/usr/local/lib/python2.7/site-packages/poretools/events.py", line 17, in run    for fast5 in Fast5File.Fast5FileSet(args.files):  File "/usr/local/lib/python2.7/site-packages/poretools/Fast5File.py", line 110, in next    shutil.rmtree(PORETOOLS_TMPDIR)  File "/usr/local/lib/python2.7/shutil.py", line 261, in rmtree    rmtree(fullname, ignore_errors, onerror)  File "/usr/local/lib/python2.7/shutil.py", line 270, in rmtree    onerror(os.rmdir, path, sys.exc_info())  File "/usr/local/lib/python2.7/shutil.py", line 268, in rmtree    os.rmdir(path)OSError: [Errno 39] Directory not empty: '.poretools_tmp/test-data'
            ]]></system-err>
        
    </testcase>
    
    <testcase classname="poretools_events (Test #2)" name="1" time="27.23188281059265">
        
            
                <error type="error" message="Tool exit code: 1"><![CDATA[
                    { "inputs": {  "input": {   "id": "6f16f441115c3c5e",   "src": "hda"  },  "precalled": true }, "job": {  "command_line": "poretools events --pre-basecalled \u0027/galaxy/server/database/objects/2/a/2/dataset_2a289a1e-2a99-477b-b645-e27d45fb4497.dat\u0027 \u003e \u0027/galaxy/server/database/objects/c/6/a/dataset_c6ad0229-6c4a-4e6b-9d63-b87f96849d4b.dat\u0027",  "command_version": "",  "create_time": "2023-10-08T18:36:51.711246",  "dependencies": [],  "exit_code": 1,  "external_id": "gxy-2995n",  "galaxy_version": "23.0",  "history_id": "af8b5c7f82366f8b",  "id": "24e422237db9c3db",  "inputs": {   "input": {    "id": "6f16f441115c3c5e",    "src": "hda",    "uuid": "2a289a1e-2a99-477b-b645-e27d45fb4497"   }  },  "job_messages": [   {    "code_desc": "",    "desc": "Fatal error: Exit code 1 ()",    "error_level": 3,    "exit_code": 1,    "type": "exit_code"   },   {    "code_desc": "",    "desc": "Fatal error: ",    "error_level": 3,    "match": "Error:",    "stream": "stderr",    "type": "regex"   }  ],  "job_metrics": [   {    "name": "runtime_seconds",    "plugin": "core",    "raw_value": "1.0000000",    "title": "Job Runtime (Wall Clock)",    "value": "1 second"   },   {    "name": "end_epoch",    "plugin": "core",    "raw_value": "1696790214.0000000",    "title": "Job End Time",    "value": "2023-10-08 18:36:54"   },   {    "name": "start_epoch",    "plugin": "core",    "raw_value": "1696790213.0000000",    "title": "Job Start Time",    "value": "2023-10-08 18:36:53"   },   {    "name": "galaxy_memory_mb",    "plugin": "core",    "raw_value": "12240.0000000",    "title": "Memory Allocated (MB)",    "value": "12240"   },   {    "name": "galaxy_slots",    "plugin": "core",    "raw_value": "1.0000000",    "title": "Cores Allocated",    "value": "1"   }  ],  "job_stderr": "",  "job_stdout": "",  "model_class": "Job",  "output_collections": {},  "outputs": {   "output": {    "id": "fd9fada757228fa0",    "src": "hda",    "uuid": "c6ad0229-6c4a-4e6b-9d63-b87f96849d4b"   }  },  "params": {   "__input_ext": "\"fast5.tar\"",   "chromInfo": "\"/cvmfs/data.galaxyproject.org/managed/len/ucsc/?.len\"",   "dbkey": "\"?\"",   "precalled": "true"  },  "state": "error",  "stderr": "Traceback (most recent call last):\n  File \"/usr/local/bin/poretools\", line 11, in \u003cmodule\u003e\n    load_entry_point(\u0027poretools==0.6.0\u0027, \u0027console_scripts\u0027, \u0027poretools\u0027)()\n  File \"/usr/local/lib/python2.7/site-packages/poretools/poretools_main.py\", line 543, in main\n    args.func(parser, args)\n  File \"/usr/local/lib/python2.7/site-packages/poretools/poretools_main.py\", line 55, in run_subtool\n    submodule.run(parser, args)\n  File \"/usr/local/lib/python2.7/site-packages/poretools/events.py\", line 13, in run\n    for fast5 in Fast5File.Fast5FileSet(args.files):\n  File \"/usr/local/lib/python2.7/site-packages/poretools/Fast5File.py\", line 110, in next\n    shutil.rmtree(PORETOOLS_TMPDIR)\n  File \"/usr/local/lib/python2.7/shutil.py\", line 261, in rmtree\n    rmtree(fullname, ignore_errors, onerror)\n  File \"/usr/local/lib/python2.7/shutil.py\", line 270, in rmtree\n    onerror(os.rmdir, path, sys.exc_info())\n  File \"/usr/local/lib/python2.7/shutil.py\", line 268, in rmtree\n    os.rmdir(path)\nOSError: [Errno 39] Directory not empty: \u0027.poretools_tmp/test-data\u0027\n",  "stdout": "",  "tool_id": "toolshed.g2.bx.psu.edu/repos/iuc/poretools_events/poretools_events/0.6.1a1.1",  "tool_stderr": "Traceback (most recent call last):\n  File \"/usr/local/bin/poretools\", line 11, in \u003cmodule\u003e\n    load_entry_point(\u0027poretools==0.6.0\u0027, \u0027console_scripts\u0027, \u0027poretools\u0027)()\n  File \"/usr/local/lib/python2.7/site-packages/poretools/poretools_main.py\", line 543, in main\n    args.func(parser, args)\n  File \"/usr/local/lib/python2.7/site-packages/poretools/poretools_main.py\", line 55, in run_subtool\n    submodule.run(parser, args)\n  File \"/usr/local/lib/python2.7/site-packages/poretools/events.py\", line 13, in run\n    for fast5 in Fast5File.Fast5FileSet(args.files):\n  File \"/usr/local/lib/python2.7/site-packages/poretools/Fast5File.py\", line 110, in next\n    shutil.rmtree(PORETOOLS_TMPDIR)\n  File \"/usr/local/lib/python2.7/shutil.py\", line 261, in rmtree\n    rmtree(fullname, ignore_errors, onerror)\n  File \"/usr/local/lib/python2.7/shutil.py\", line 270, in rmtree\n    onerror(os.rmdir, path, sys.exc_info())\n  File \"/usr/local/lib/python2.7/shutil.py\", line 268, in rmtree\n    os.rmdir(path)\nOSError: [Errno 39] Directory not empty: \u0027.poretools_tmp/test-data\u0027\n",  "tool_stdout": "",  "traceback": null,  "update_time": "2023-10-08T18:37:03.740579",  "user_email": "tests@fake.org" }, "output_problems": [  "Job in error state.. tool_id: toolshed.g2.bx.psu.edu/repos/iuc/poretools_events/poretools_events/0.6.1a1.1, exit_code: 1, stderr: Traceback (most recent call last):\n  File \"/usr/local/bin/poretools\", line 11, in \u003cmodule\u003e\n    load_entry_point(\u0027poretools==0.6.0\u0027, \u0027console_scripts\u0027, \u0027poretools\u0027)()\n  File \"/usr/local/lib/python2.7/site-packages/poretools/poretools_main.py\", line 543, in main\n    args.func(parser, args)\n  File \"/usr/local/lib/python2.7/site-packages/poretools/poretools_main.py\", line 55, in run_subtool\n    submodule.run(parser, args)\n  File \"/usr/local/lib/python2.7/site-packages/poretools/events.py\", line 13, in run\n    for fast5 in Fast5File.Fast5FileSet(args.files):\n  File \"/usr/local/lib/python2.7/site-packages/poretools/Fast5File.py\", line 110, in next\n    shutil.rmtree(PORETOOLS_TMPDIR)\n  File \"/usr/local/lib/python2.7/shutil.py\", line 261, in rmtree\n    rmtree(fullname, ignore_errors, onerror)\n  File \"/usr/local/lib/python2.7/shutil.py\", line 270, in rmtree\n    onerror(os.rmdir, path, sys.exc_info())\n  File \"/usr/local/lib/python2.7/shutil.py\", line 268, in rmtree\n    os.rmdir(path)\nOSError: [Errno 39] Directory not empty: \u0027.poretools_tmp/test-data\u0027\n.",  "Job in error state.. tool_id: toolshed.g2.bx.psu.edu/repos/iuc/poretools_events/poretools_events/0.6.1a1.1, exit_code: 1, stderr: Traceback (most recent call last):\n  File \"/usr/local/bin/poretools\", line 11, in \u003cmodule\u003e\n    load_entry_point(\u0027poretools==0.6.0\u0027, \u0027console_scripts\u0027, \u0027poretools\u0027)()\n  File \"/usr/local/lib/python2.7/site-packages/poretools/poretools_main.py\", line 543, in main\n    args.func(parser, args)\n  File \"/usr/local/lib/python2.7/site-packages/poretools/poretools_main.py\", line 55, in run_subtool\n    submodule.run(parser, args)\n  File \"/usr/local/lib/python2.7/site-packages/poretools/events.py\", line 13, in run\n    for fast5 in Fast5File.Fast5FileSet(args.files):\n  File \"/usr/local/lib/python2.7/site-packages/poretools/Fast5File.py\", line 110, in next\n    shutil.rmtree(PORETOOLS_TMPDIR)\n  File \"/usr/local/lib/python2.7/shutil.py\", line 261, in rmtree\n    rmtree(fullname, ignore_errors, onerror)\n  File \"/usr/local/lib/python2.7/shutil.py\", line 270, in rmtree\n    onerror(os.rmdir, path, sys.exc_info())\n  File \"/usr/local/lib/python2.7/shutil.py\", line 268, in rmtree\n    os.rmdir(path)\nOSError: [Errno 39] Directory not empty: \u0027.poretools_tmp/test-data\u0027\n." ], "status": "failure", "test_index": 1, "time_seconds": 27.23188281059265, "tool_id": "poretools_events", "tool_version": "0.6.1a1.1"}
                ]]></error>
            
            <system-out><![CDATA[
            
            ]]></system-out>
            <system-err><![CDATA[
            Traceback (most recent call last):  File "/usr/local/bin/poretools", line 11, in <module>    load_entry_point('poretools==0.6.0', 'console_scripts', 'poretools')()  File "/usr/local/lib/python2.7/site-packages/poretools/poretools_main.py", line 543, in main    args.func(parser, args)  File "/usr/local/lib/python2.7/site-packages/poretools/poretools_main.py", line 55, in run_subtool    submodule.run(parser, args)  File "/usr/local/lib/python2.7/site-packages/poretools/events.py", line 13, in run    for fast5 in Fast5File.Fast5FileSet(args.files):  File "/usr/local/lib/python2.7/site-packages/poretools/Fast5File.py", line 110, in next    shutil.rmtree(PORETOOLS_TMPDIR)  File "/usr/local/lib/python2.7/shutil.py", line 261, in rmtree    rmtree(fullname, ignore_errors, onerror)  File "/usr/local/lib/python2.7/shutil.py", line 270, in rmtree    onerror(os.rmdir, path, sys.exc_info())  File "/usr/local/lib/python2.7/shutil.py", line 268, in rmtree    os.rmdir(path)OSError: [Errno 39] Directory not empty: '.poretools_tmp/test-data'
            ]]></system-err>
        
    </testcase>
    
    <testcase classname="qualimap_bamqc (Test #1)" name="0" time="61.247018814086914">
        
            
            <system-out><![CDATA[
            Java memory size is set to 1200MLaunching application...detected environment java options -Djava.awt.headless=true -Xmx25769mQualiMap v.2.2.2-devBuilt on 2019-11-11 14:05Selected tool: bamqcAvailable memory (Mb): 389Max memory (Mb): 26121Starting bam qc....Loading sam header...Loading locator...Loading reference...Only flagged duplicate alignments will be skipped...Number of windows: 400, effective number of windows: 325Chunk of reads size: 1000Number of threads: 1Processed 50 out of 325 windows...Processed 100 out of 325 windows...Processed 150 out of 325 windows...Processed 200 out of 325 windows...Processed 250 out of 325 windows...Processed 300 out of 325 windows...Total processed windows:325Number of reads: 100Number of valid reads: 100Number of correct strand reads:0Inside of regions...Num mapped reads: 100Num mapped first of pair: 0Num mapped second of pair: 0Num singletons: 0Time taken to analyze reads: 0Computing descriptors...numberOfMappedBases: 12665referenceSize: 650numberOfSequencedBases: 7465numberOfAs: 1910Computing per chromosome statistics...Computing histograms...Overall analysis time: 0end of bam qcComputing report...Writing HTML report...HTML report created successfullyFinished
            ]]></system-out>
            <system-err><![CDATA[
            
            ]]></system-err>
        
    </testcase>
    
    <testcase classname="qualimap_bamqc (Test #2)" name="1" time="31.864617347717285">
        
            
            <system-out><![CDATA[
            Java memory size is set to 1200MLaunching application...detected environment java options -Djava.awt.headless=true -Xmx25769mQualiMap v.2.2.2-devBuilt on 2019-11-11 14:05Selected tool: bamqcAvailable memory (Mb): 389Max memory (Mb): 26121Starting bam qc....Loading sam header...Loading locator...Loading reference...Only flagged duplicate alignments will be skipped...Number of windows: 400, effective number of windows: 325Chunk of reads size: 1000Number of threads: 1Processed 50 out of 325 windows...Processed 100 out of 325 windows...Processed 150 out of 325 windows...Processed 200 out of 325 windows...Processed 250 out of 325 windows...Processed 300 out of 325 windows...Total processed windows:325Number of reads: 100Number of valid reads: 100Number of correct strand reads:0Inside of regions...Num mapped reads: 100Num mapped first of pair: 0Num mapped second of pair: 0Num singletons: 0Time taken to analyze reads: 0Computing descriptors...numberOfMappedBases: 12665referenceSize: 650numberOfSequencedBases: 7465numberOfAs: 1910Computing per chromosome statistics...Computing histograms...Overall analysis time: 0end of bam qcComputing report...Writing HTML report...HTML report created successfullyFinished
            ]]></system-out>
            <system-err><![CDATA[
            
            ]]></system-err>
        
    </testcase>
    
    <testcase classname="qualimap_bamqc (Test #3)" name="2" time="32.20460486412048">
        
            
            <system-out><![CDATA[
            Java memory size is set to 1200MLaunching application...detected environment java options -Djava.awt.headless=true -Xmx25769mQualiMap v.2.2.2-devBuilt on 2019-11-11 14:05Selected tool: bamqcAvailable memory (Mb): 389Max memory (Mb): 26121Starting bam qc....Loading sam header...Loading locator...Loading reference...Only flagged duplicate alignments will be skipped...Number of windows: 400, effective number of windows: 325Chunk of reads size: 1000Number of threads: 1Initializing regions from regions.gtf.....Found 4 regionsFilling region references... Processed 50 out of 325 windows...Processed 100 out of 325 windows...Processed 150 out of 325 windows...Processed 200 out of 325 windows...Processed 250 out of 325 windows...Processed 300 out of 325 windows...Total processed windows:325Number of reads: 100Number of valid reads: 100Number of correct strand reads:0Inside of regions...Num mapped reads: 82Num mapped first of pair: 0Num mapped second of pair: 0Num singletons: 0Time taken to analyze reads: 0Computing descriptors...numberOfMappedBases: 6451referenceSize: 650numberOfSequencedBases: 5101numberOfAs: 1243Computing per chromosome statistics...Computing histograms...Overall analysis time: 0end of bam qcComputing report...Writing HTML report...HTML report created successfullyFinished
            ]]></system-out>
            <system-err><![CDATA[
            
            ]]></system-err>
        
    </testcase>
    
    <testcase classname="qualimap_bamqc (Test #4)" name="3" time="34.15248155593872">
        
            
            <system-out><![CDATA[
            Java memory size is set to 1200MLaunching application...detected environment java options -Djava.awt.headless=true -Xmx25769mQualiMap v.2.2.2-devBuilt on 2019-11-11 14:05Selected tool: bamqcAvailable memory (Mb): 389Max memory (Mb): 26121Starting bam qc....Loading sam header...Loading locator...Loading reference...Only flagged duplicate alignments will be skipped...Number of windows: 400, effective number of windows: 325Chunk of reads size: 1000Number of threads: 1Initializing regions from regions.gtf.....Found 4 regionsFilling region references... Processed 50 out of 325 windows...Processed 100 out of 325 windows...Processed 150 out of 325 windows...Processed 200 out of 325 windows...Processed 250 out of 325 windows...Processed 300 out of 325 windows...Total processed windows:325Number of reads: 100Number of valid reads: 100Number of correct strand reads:0Inside of regions...Num mapped reads: 82Num mapped first of pair: 0Num mapped second of pair: 0Num singletons: 0Time taken to analyze reads: 0Computing descriptors...numberOfMappedBases: 6451referenceSize: 650numberOfSequencedBases: 5101numberOfAs: 1243Computing per chromosome statistics...Computing histograms...Overall analysis time: 0end of bam qcComputing report...Writing HTML report...HTML report created successfullyFinished
            ]]></system-out>
            <system-err><![CDATA[
            
            ]]></system-err>
        
    </testcase>
    
    <testcase classname="qualimap_bamqc (Test #5)" name="4" time="34.843042850494385">
        
            
            <system-out><![CDATA[
            Java memory size is set to 1200MLaunching application...detected environment java options -Djava.awt.headless=true -Xmx25769mQualiMap v.2.2.2-devBuilt on 2019-11-11 14:05Selected tool: bamqcAvailable memory (Mb): 389Max memory (Mb): 26121Starting bam qc....Loading sam header...Loading locator...Loading reference...Only flagged duplicate alignments will be skipped...Number of windows: 400, effective number of windows: 325Chunk of reads size: 1000Number of threads: 1Initializing regions from regions.gtf.....Found 4 regionsFilling region references... Processed 50 out of 325 windows...Processed 100 out of 325 windows...Processed 150 out of 325 windows...Processed 200 out of 325 windows...Processed 250 out of 325 windows...Processed 300 out of 325 windows...Total processed windows:325Number of reads: 100Number of valid reads: 100Number of correct strand reads:0Inside of regions...Num mapped reads: 82Num mapped first of pair: 0Num mapped second of pair: 0Num singletons: 0Ouside of regions...Num mapped reads: 18Num mapped first of pair: 0Num mapped second of pair: 0Num singletons: 0Time taken to analyze reads: 0Computing descriptors...numberOfMappedBases: 6451referenceSize: 650numberOfSequencedBases: 5101numberOfAs: 1243Computing per chromosome statistics...Computing histograms...Computing descriptors for outside regions...numberOfMappedBases: 6214referenceSize: 650numberOfSequencedBases: 2364numberOfAs: 667Computing per chromosome statistics for outside regions...Computing histograms for outside regions...Overall analysis time: 0end of bam qcComputing report...Writing HTML report...HTML report created successfullyFinished
            ]]></system-out>
            <system-err><![CDATA[
            
            ]]></system-err>
        
    </testcase>
    
    <testcase classname="samtools_stats (Test #1)" name="0" time="31.549108505249023">
        
            
            <system-out><![CDATA[
            
            ]]></system-out>
            <system-err><![CDATA[
            
            ]]></system-err>
        
    </testcase>
    
    <testcase classname="samtools_stats (Test #1)" name="0" time="27.267032861709595">
        
            
            <system-out><![CDATA[
            
            ]]></system-out>
            <system-err><![CDATA[
            
            ]]></system-err>
        
    </testcase>
    
    <testcase classname="samtools_stats (Test #2)" name="1" time="26.62197232246399">
        
            
            <system-out><![CDATA[
            
            ]]></system-out>
            <system-err><![CDATA[
            
            ]]></system-err>
        
    </testcase>
    
    <testcase classname="samtools_stats (Test #2)" name="1" time="27.610118865966797">
        
            
            <system-out><![CDATA[
            
            ]]></system-out>
            <system-err><![CDATA[
            
            ]]></system-err>
        
    </testcase>
    
    <testcase classname="samtools_stats (Test #11)" name="10" time="27.41748547554016">
        
            
            <system-out><![CDATA[
            
            ]]></system-out>
            <system-err><![CDATA[
            
            ]]></system-err>
        
    </testcase>
    
    <testcase classname="samtools_stats (Test #11)" name="10" time="26.76498579978943">
        
            
            <system-out><![CDATA[
            
            ]]></system-out>
            <system-err><![CDATA[
            
            ]]></system-err>
        
    </testcase>
    
    <testcase classname="samtools_stats (Test #12)" name="11" time="29.624645709991455">
        
            
            <system-out><![CDATA[
            
            ]]></system-out>
            <system-err><![CDATA[
            
            ]]></system-err>
        
    </testcase>
    
    <testcase classname="samtools_stats (Test #12)" name="11" time="21.828930377960205">
        
            
                <error type="error" message="Tool exit code: None"><![CDATA[
                    { "inputs": {  "addref_cond|addref_select": "history",  "addref_cond|ref": {   "id": "0ff525e94d4ee7bf",   "src": "hda"  },  "input": {   "id": "71e7c7b5661f39e7",   "src": "hda"  } }, "job": {  "command_line": "addthreads=${GALAXY_SLOTS:-1} \u0026\u0026 (( addthreads-- )) \u0026\u0026   ln -s \u0027/galaxy/server/database/objects/9/8/2/dataset_982970e4-3633-4f41-9bd8-921e4aecd3dc.dat\u0027 infile \u0026\u0026 ln -s \u0027/galaxy/server/database/objects/_metadata_files/4/c/a/metadata_4ca7d2d8-44d8-48e1-aeee-026531676099.dat\u0027 infile.bai \u0026\u0026   ln -s \u0027/galaxy/server/database/objects/4/5/6/dataset_4562e961-b93b-4717-9af9-c10b64d7d529.dat\u0027 reference.fa \u0026\u0026 samtools faidx reference.fa \u0026\u0026  samtools stats   --ref-seq \u0027reference.fa\u0027     -@ $addthreads infile   \u003e \u0027/galaxy/server/database/objects/3/3/b/dataset_33b2929e-a4e0-4de2-bb90-f0cefaafb060.dat\u0027",  "command_version": null,  "create_time": "2023-10-08T18:54:51.944527",  "dependencies": [],  "exit_code": null,  "external_id": "gxy-dn9dn",  "galaxy_version": "23.0",  "history_id": "af8b5c7f82366f8b",  "id": "7886fc876d4d7e2e",  "inputs": {   "input": {    "id": "71e7c7b5661f39e7",    "src": "hda",    "uuid": "982970e4-3633-4f41-9bd8-921e4aecd3dc"   },   "ref": {    "id": "0ff525e94d4ee7bf",    "src": "hda",    "uuid": "4562e961-b93b-4717-9af9-c10b64d7d529"   }  },  "job_messages": null,  "job_metrics": [],  "job_stderr": null,  "job_stdout": null,  "model_class": "Job",  "output_collections": {},  "outputs": {   "output": {    "id": "21eb150fb044a774",    "src": "hda",    "uuid": "33b2929e-a4e0-4de2-bb90-f0cefaafb060"   }  },  "params": {   "__input_ext": "\"bam\"",   "addref_cond": "{\"__current_case__\": 2, \"addref_select\": \"history\", \"ref\": {\"values\": [{\"id\": 223, \"src\": \"hda\"}]}}",   "chromInfo": "\"/cvmfs/data.galaxyproject.org/managed/len/ucsc/?.len\"",   "cond_region": "{\"__current_case__\": 0, \"select_region\": \"no\"}",   "cov_threshold": "\"\"",   "coverage_cond": "{\"__current_case__\": 0, \"coverage_select\": \"no\"}",   "dbkey": "\"?\"",   "filter_by_flags": "{\"__current_case__\": 1, \"filter_flags\": \"nofilter\"}",   "gc_depth": "\"\"",   "insert_size": "\"\"",   "most_inserts": "\"\"",   "read_length": "\"\"",   "remove_dups": "false",   "remove_overlaps": "false",   "sparse": "false",   "split_output_cond": "{\"__current_case__\": 0, \"split_output_selector\": \"no\"}",   "trim_quality": "\"\""  },  "state": "error",  "stderr": "",  "stdout": "",  "tool_id": "toolshed.g2.bx.psu.edu/repos/devteam/samtools_stats/samtools_stats/2.0.2+galaxy2",  "tool_stderr": "",  "tool_stdout": "",  "traceback": null,  "update_time": "2023-10-08T18:54:57.111578",  "user_email": "tests@fake.org" }, "output_problems": [  "Job in error state.. tool_id: toolshed.g2.bx.psu.edu/repos/devteam/samtools_stats/samtools_stats/2.0.2+galaxy2, exit_code: None, stderr: .",  "Job in error state.. tool_id: toolshed.g2.bx.psu.edu/repos/devteam/samtools_stats/samtools_stats/2.0.2+galaxy2, exit_code: None, stderr: ." ], "status": "failure", "test_index": 11, "time_seconds": 21.828930377960205, "tool_id": "samtools_stats", "tool_version": "2.0.2+galaxy2"}
                ]]></error>
            
            <system-out><![CDATA[
            
            ]]></system-out>
            <system-err><![CDATA[
            
            ]]></system-err>
        
    </testcase>
    
    <testcase classname="samtools_stats (Test #13)" name="12" time="27.227139472961426">
        
            
            <system-out><![CDATA[
            
            ]]></system-out>
            <system-err><![CDATA[
            
            ]]></system-err>
        
    </testcase>
    
    <testcase classname="samtools_stats (Test #13)" name="12" time="26.609996795654297">
        
            
            <system-out><![CDATA[
            
            ]]></system-out>
            <system-err><![CDATA[
            
            ]]></system-err>
        
    </testcase>
    
    <testcase classname="samtools_stats (Test #3)" name="2" time="22.840128183364868">
        
            
                <error type="error" message="Tool exit code: None"><![CDATA[
                    { "inputs": {  "addref_cond|addref_select": "history",  "addref_cond|ref": {   "id": "e4bcf916b75b42b9",   "src": "hda"  },  "input": {   "id": "9ee8f432ca014325",   "src": "hda"  },  "insert_size": "0" }, "job": {  "command_line": "addthreads=${GALAXY_SLOTS:-1} \u0026\u0026 (( addthreads-- )) \u0026\u0026   ln -s \u0027/galaxy/server/database/objects/8/9/8/dataset_8988f752-e414-48ac-b668-e801069dc8d6.dat\u0027 infile \u0026\u0026   ln -s \u0027/galaxy/server/database/objects/1/b/5/dataset_1b551f7e-6c8c-4aad-9829-fbc945c255a0.dat\u0027 reference.fa \u0026\u0026 samtools faidx reference.fa \u0026\u0026  samtools stats  --insert-size 0  --ref-seq \u0027reference.fa\u0027     -@ $addthreads infile   \u003e \u0027/galaxy/server/database/objects/8/4/d/dataset_84d0ddf8-8da5-4f84-ae77-684199a71b36.dat\u0027",  "command_version": null,  "create_time": "2023-10-08T18:44:54.937338",  "dependencies": [],  "exit_code": null,  "external_id": "gxy-wx86k",  "galaxy_version": "23.0",  "history_id": "af8b5c7f82366f8b",  "id": "2acb05551f90549f",  "inputs": {   "input": {    "id": "9ee8f432ca014325",    "src": "hda",    "uuid": "8988f752-e414-48ac-b668-e801069dc8d6"   },   "ref": {    "id": "e4bcf916b75b42b9",    "src": "hda",    "uuid": "1b551f7e-6c8c-4aad-9829-fbc945c255a0"   }  },  "job_messages": null,  "job_metrics": [],  "job_stderr": null,  "job_stdout": null,  "model_class": "Job",  "output_collections": {},  "outputs": {   "output": {    "id": "377f2abf03180c49",    "src": "hda",    "uuid": "84d0ddf8-8da5-4f84-ae77-684199a71b36"   }  },  "params": {   "__input_ext": "\"sam\"",   "addref_cond": "{\"__current_case__\": 2, \"addref_select\": \"history\", \"ref\": {\"values\": [{\"id\": 159, \"src\": \"hda\"}]}}",   "chromInfo": "\"/cvmfs/data.galaxyproject.org/managed/len/ucsc/?.len\"",   "cond_region": "{\"__current_case__\": 0, \"select_region\": \"no\"}",   "cov_threshold": "\"\"",   "coverage_cond": "{\"__current_case__\": 0, \"coverage_select\": \"no\"}",   "dbkey": "\"?\"",   "filter_by_flags": "{\"__current_case__\": 1, \"filter_flags\": \"nofilter\"}",   "gc_depth": "\"\"",   "insert_size": "\"0\"",   "most_inserts": "\"\"",   "read_length": "\"\"",   "remove_dups": "false",   "remove_overlaps": "false",   "sparse": "false",   "split_output_cond": "{\"__current_case__\": 0, \"split_output_selector\": \"no\"}",   "trim_quality": "\"\""  },  "state": "error",  "stderr": "",  "stdout": "",  "tool_id": "toolshed.g2.bx.psu.edu/repos/devteam/samtools_stats/samtools_stats/2.0.2+galaxy2",  "tool_stderr": "",  "tool_stdout": "",  "traceback": null,  "update_time": "2023-10-08T18:45:00.810262",  "user_email": "tests@fake.org" }, "output_problems": [  "Job in error state.. tool_id: toolshed.g2.bx.psu.edu/repos/devteam/samtools_stats/samtools_stats/2.0.2+galaxy2, exit_code: None, stderr: .",  "Job in error state.. tool_id: toolshed.g2.bx.psu.edu/repos/devteam/samtools_stats/samtools_stats/2.0.2+galaxy2, exit_code: None, stderr: ." ], "status": "failure", "test_index": 2, "time_seconds": 22.840128183364868, "tool_id": "samtools_stats", "tool_version": "2.0.2+galaxy2"}
                ]]></error>
            
            <system-out><![CDATA[
            
            ]]></system-out>
            <system-err><![CDATA[
            
            ]]></system-err>
        
    </testcase>
    
    <testcase classname="samtools_stats (Test #3)" name="2" time="26.579792499542236">
        
            
            <system-out><![CDATA[
            
            ]]></system-out>
            <system-err><![CDATA[
            
            ]]></system-err>
        
    </testcase>
    
    <testcase classname="samtools_stats (Test #4)" name="3" time="27.527549743652344">
        
            
            <system-out><![CDATA[
            
            ]]></system-out>
            <system-err><![CDATA[
            
            ]]></system-err>
        
    </testcase>
    
    <testcase classname="samtools_stats (Test #4)" name="3" time="26.958844423294067">
        
            
            <system-out><![CDATA[
            
            ]]></system-out>
            <system-err><![CDATA[
            
            ]]></system-err>
        
    </testcase>
    
    <testcase classname="samtools_stats (Test #5)" name="4" time="27.09766149520874">
        
            
            <system-out><![CDATA[
            
            ]]></system-out>
            <system-err><![CDATA[
            
            ]]></system-err>
        
    </testcase>
    
    <testcase classname="samtools_stats (Test #5)" name="4" time="26.131002187728882">
        
            
            <system-out><![CDATA[
            
            ]]></system-out>
            <system-err><![CDATA[
            
            ]]></system-err>
        
    </testcase>
    
    <testcase classname="samtools_stats (Test #6)" name="5" time="26.82710862159729">
        
            
            <system-out><![CDATA[
            
            ]]></system-out>
            <system-err><![CDATA[
            
            ]]></system-err>
        
    </testcase>
    
    <testcase classname="samtools_stats (Test #6)" name="5" time="27.785741090774536">
        
            
            <system-out><![CDATA[
            
            ]]></system-out>
            <system-err><![CDATA[
            
            ]]></system-err>
        
    </testcase>
    
    <testcase classname="samtools_stats (Test #7)" name="6" time="26.56946349143982">
        
            
            <system-out><![CDATA[
            
            ]]></system-out>
            <system-err><![CDATA[
            
            ]]></system-err>
        
    </testcase>
    
    <testcase classname="samtools_stats (Test #7)" name="6" time="25.23074722290039">
        
            
            <system-out><![CDATA[
            
            ]]></system-out>
            <system-err><![CDATA[
            
            ]]></system-err>
        
    </testcase>
    
    <testcase classname="samtools_stats (Test #8)" name="7" time="28.448826789855957">
        
            
            <system-out><![CDATA[
            
            ]]></system-out>
            <system-err><![CDATA[
            
            ]]></system-err>
        
    </testcase>
    
    <testcase classname="samtools_stats (Test #8)" name="7" time="27.802027940750122">
        
            
            <system-out><![CDATA[
            
            ]]></system-out>
            <system-err><![CDATA[
            
            ]]></system-err>
        
    </testcase>
    
    <testcase classname="samtools_stats (Test #9)" name="8" time="27.798767566680908">
        
            
            <system-out><![CDATA[
            
            ]]></system-out>
            <system-err><![CDATA[
            
            ]]></system-err>
        
    </testcase>
    
    <testcase classname="samtools_stats (Test #9)" name="8" time="26.500999689102173">
        
            
            <system-out><![CDATA[
            
            ]]></system-out>
            <system-err><![CDATA[
            
            ]]></system-err>
        
    </testcase>
    
    <testcase classname="samtools_stats (Test #10)" name="9" time="27.803606033325195">
        
            
            <system-out><![CDATA[
            
            ]]></system-out>
            <system-err><![CDATA[
            
            ]]></system-err>
        
    </testcase>
    
    <testcase classname="samtools_stats (Test #10)" name="9" time="27.243545293807983">
        
            
            <system-out><![CDATA[
            
            ]]></system-out>
            <system-err><![CDATA[
            
            ]]></system-err>
        
    </testcase>
    
    <testcase classname="scanpy_find_markers (Test #1)" name="0" time="0.09804725646972656">
        
            <error type="error" message="Input staging problem: Test input file (louvain_1.0) cannot be found."><![CDATA[
                { "execution_problem": "Input staging problem: Test input file (louvain_1.0) cannot be found.", "status": "error", "test_index": 0, "time_seconds": 0.09804725646972656, "tool_id": "scanpy_find_markers", "tool_version": "1.8.1+3+galaxy0"}
            ]]></error>
        
    </testcase>
    
    <testcase classname="scanpy_find_markers (Test #1)" name="0" time="0.10106515884399414">
        
            <error type="error" message="Input staging problem: Test input file (louvain_1.0) cannot be found."><![CDATA[
                { "execution_problem": "Input staging problem: Test input file (louvain_1.0) cannot be found.", "status": "error", "test_index": 0, "time_seconds": 0.10106515884399414, "tool_id": "scanpy_find_markers", "tool_version": "1.8.1+3+galaxy0"}
            ]]></error>
        
    </testcase>
    
    <testcase classname="scanpy_find_markers (Test #2)" name="1" time="0.05426931381225586">
        
            <error type="error" message="Input staging problem: Test input file (louvain_1.0) cannot be found."><![CDATA[
                { "execution_problem": "Input staging problem: Test input file (louvain_1.0) cannot be found.", "status": "error", "test_index": 1, "time_seconds": 0.05426931381225586, "tool_id": "scanpy_find_markers", "tool_version": "1.8.1+3+galaxy0"}
            ]]></error>
        
    </testcase>
    
    <testcase classname="scanpy_find_markers (Test #2)" name="1" time="0.05469560623168945">
        
            <error type="error" message="Input staging problem: Test input file (louvain_1.0) cannot be found."><![CDATA[
                { "execution_problem": "Input staging problem: Test input file (louvain_1.0) cannot be found.", "status": "error", "test_index": 1, "time_seconds": 0.05469560623168945, "tool_id": "scanpy_find_markers", "tool_version": "1.8.1+3+galaxy0"}
            ]]></error>
        
    </testcase>
    
    <testcase classname="scater_filter (Test #1)" name="0" time="61.18770790100098">
        
            
            <system-out><![CDATA[
            [1] "Starting with 40 cells and 2000 features."[1] "After filtering out low library counts:  39 cells and 2000 features."[1] "After filtering out high MT gene counts:  34 cells and 2000 features."[1] "After filtering out cells with low feature counts:  34 cells and 2000 features."[1] "After filtering out rare features:  34 cells and 1148 features."[1] TRUE
            ]]></system-out>
            <system-err><![CDATA[
            Loading required package: S4VectorsLoading required package: stats4Loading required package: BiocGenericsAttaching package: BiocGenericsThe following objects are masked from package:stats:    IQR, mad, sd, var, xtabsThe following objects are masked from package:base:    anyDuplicated, append, as.data.frame, basename, cbind, colnames,    dirname, do.call, duplicated, eval, evalq, Filter, Find, get, grep,    grepl, intersect, is.unsorted, lapply, Map, mapply, match, mget,    order, paste, pmax, pmax.int, pmin, pmin.int, Position, rank,    rbind, Reduce, rownames, sapply, setdiff, sort, table, tapply,    union, unique, unsplit, which.max, which.minAttaching package: S4VectorsThe following objects are masked from package:base:    expand.grid, I, unnameLoading required package: SingleCellExperimentLoading required package: SummarizedExperimentLoading required package: MatrixGenericsLoading required package: matrixStatsAttaching package: MatrixGenericsThe following objects are masked from package:matrixStats:    colAlls, colAnyNAs, colAnys, colAvgsPerRowSet, colCollapse,    colCounts, colCummaxs, colCummins, colCumprods, colCumsums,    colDiffs, colIQRDiffs, colIQRs, colLogSumExps, colMadDiffs,    colMads, colMaxs, colMeans2, colMedians, colMins, colOrderStats,    colProds, colQuantiles, colRanges, colRanks, colSdDiffs, colSds,    colSums2, colTabulates, colVarDiffs, colVars, colWeightedMads,    colWeightedMeans, colWeightedMedians, colWeightedSds,    colWeightedVars, rowAlls, rowAnyNAs, rowAnys, rowAvgsPerColSet,    rowCollapse, rowCounts, rowCummaxs, rowCummins, rowCumprods,    rowCumsums, rowDiffs, rowIQRDiffs, rowIQRs, rowLogSumExps,    rowMadDiffs, rowMads, rowMaxs, rowMeans2, rowMedians, rowMins,    rowOrderStats, rowProds, rowQuantiles, rowRanges, rowRanks,    rowSdDiffs, rowSds, rowSums2, rowTabulates, rowVarDiffs, rowVars,    rowWeightedMads, rowWeightedMeans, rowWeightedMedians,    rowWeightedSds, rowWeightedVarsLoading required package: GenomicRangesLoading required package: IRangesLoading required package: GenomeInfoDbLoading required package: BiobaseWelcome to Bioconductor    Vignettes contain introductory material; view with    'browseVignettes()'. To cite Bioconductor, see    'citation("Biobase")', and for packages 'citation("pkgname")'.Attaching package: BiobaseThe following object is masked from package:MatrixGenerics:    rowMediansThe following objects are masked from package:matrixStats:    anyMissing, rowMediansLoading required package: rhdf5Loading required package: BiocIOLoading required package: scuttleLoading required package: ggplot2Warning message:In value[[3L]](cond) :  zero-length inputs cannot be mixed with those of non-zero length
            ]]></system-err>
        
    </testcase>
    
    <testcase classname="scater_filter (Test #1)" name="0" time="34.359248876571655">
        
            
            <system-out><![CDATA[
            [1] "Starting with 40 cells and 2000 features."[1] "After filtering out low library counts:  39 cells and 2000 features."[1] "After filtering out high MT gene counts:  34 cells and 2000 features."[1] "After filtering out cells with low feature counts:  34 cells and 2000 features."[1] "After filtering out rare features:  34 cells and 1148 features."[1] TRUE
            ]]></system-out>
            <system-err><![CDATA[
            Loading required package: S4VectorsLoading required package: stats4Loading required package: BiocGenericsAttaching package: BiocGenericsThe following objects are masked from package:stats:    IQR, mad, sd, var, xtabsThe following objects are masked from package:base:    anyDuplicated, append, as.data.frame, basename, cbind, colnames,    dirname, do.call, duplicated, eval, evalq, Filter, Find, get, grep,    grepl, intersect, is.unsorted, lapply, Map, mapply, match, mget,    order, paste, pmax, pmax.int, pmin, pmin.int, Position, rank,    rbind, Reduce, rownames, sapply, setdiff, sort, table, tapply,    union, unique, unsplit, which.max, which.minAttaching package: S4VectorsThe following objects are masked from package:base:    expand.grid, I, unnameLoading required package: SingleCellExperimentLoading required package: SummarizedExperimentLoading required package: MatrixGenericsLoading required package: matrixStatsAttaching package: MatrixGenericsThe following objects are masked from package:matrixStats:    colAlls, colAnyNAs, colAnys, colAvgsPerRowSet, colCollapse,    colCounts, colCummaxs, colCummins, colCumprods, colCumsums,    colDiffs, colIQRDiffs, colIQRs, colLogSumExps, colMadDiffs,    colMads, colMaxs, colMeans2, colMedians, colMins, colOrderStats,    colProds, colQuantiles, colRanges, colRanks, colSdDiffs, colSds,    colSums2, colTabulates, colVarDiffs, colVars, colWeightedMads,    colWeightedMeans, colWeightedMedians, colWeightedSds,    colWeightedVars, rowAlls, rowAnyNAs, rowAnys, rowAvgsPerColSet,    rowCollapse, rowCounts, rowCummaxs, rowCummins, rowCumprods,    rowCumsums, rowDiffs, rowIQRDiffs, rowIQRs, rowLogSumExps,    rowMadDiffs, rowMads, rowMaxs, rowMeans2, rowMedians, rowMins,    rowOrderStats, rowProds, rowQuantiles, rowRanges, rowRanks,    rowSdDiffs, rowSds, rowSums2, rowTabulates, rowVarDiffs, rowVars,    rowWeightedMads, rowWeightedMeans, rowWeightedMedians,    rowWeightedSds, rowWeightedVarsLoading required package: GenomicRangesLoading required package: IRangesLoading required package: GenomeInfoDbLoading required package: BiobaseWelcome to Bioconductor    Vignettes contain introductory material; view with    'browseVignettes()'. To cite Bioconductor, see    'citation("Biobase")', and for packages 'citation("pkgname")'.Attaching package: BiobaseThe following object is masked from package:MatrixGenerics:    rowMediansThe following objects are masked from package:matrixStats:    anyMissing, rowMediansLoading required package: rhdf5Loading required package: BiocIOLoading required package: scuttleLoading required package: ggplot2Warning message:In value[[3L]](cond) :  zero-length inputs cannot be mixed with those of non-zero length
            ]]></system-err>
        
    </testcase>
    
    <testcase classname="scater_filter (Test #2)" name="1" time="34.281384229660034">
        
            
            <system-out><![CDATA[
            [1] "Starting with 40 cells"[1] "Ending with 33 cells"[1] TRUE
            ]]></system-out>
            <system-err><![CDATA[
            Loading required package: S4VectorsLoading required package: stats4Loading required package: BiocGenericsAttaching package: BiocGenericsThe following objects are masked from package:stats:    IQR, mad, sd, var, xtabsThe following objects are masked from package:base:    anyDuplicated, append, as.data.frame, basename, cbind, colnames,    dirname, do.call, duplicated, eval, evalq, Filter, Find, get, grep,    grepl, intersect, is.unsorted, lapply, Map, mapply, match, mget,    order, paste, pmax, pmax.int, pmin, pmin.int, Position, rank,    rbind, Reduce, rownames, sapply, setdiff, sort, table, tapply,    union, unique, unsplit, which.max, which.minAttaching package: S4VectorsThe following objects are masked from package:base:    expand.grid, I, unnameLoading required package: SingleCellExperimentLoading required package: SummarizedExperimentLoading required package: MatrixGenericsLoading required package: matrixStatsAttaching package: MatrixGenericsThe following objects are masked from package:matrixStats:    colAlls, colAnyNAs, colAnys, colAvgsPerRowSet, colCollapse,    colCounts, colCummaxs, colCummins, colCumprods, colCumsums,    colDiffs, colIQRDiffs, colIQRs, colLogSumExps, colMadDiffs,    colMads, colMaxs, colMeans2, colMedians, colMins, colOrderStats,    colProds, colQuantiles, colRanges, colRanks, colSdDiffs, colSds,    colSums2, colTabulates, colVarDiffs, colVars, colWeightedMads,    colWeightedMeans, colWeightedMedians, colWeightedSds,    colWeightedVars, rowAlls, rowAnyNAs, rowAnys, rowAvgsPerColSet,    rowCollapse, rowCounts, rowCummaxs, rowCummins, rowCumprods,    rowCumsums, rowDiffs, rowIQRDiffs, rowIQRs, rowLogSumExps,    rowMadDiffs, rowMads, rowMaxs, rowMeans2, rowMedians, rowMins,    rowOrderStats, rowProds, rowQuantiles, rowRanges, rowRanks,    rowSdDiffs, rowSds, rowSums2, rowTabulates, rowVarDiffs, rowVars,    rowWeightedMads, rowWeightedMeans, rowWeightedMedians,    rowWeightedSds, rowWeightedVarsLoading required package: GenomicRangesLoading required package: IRangesLoading required package: GenomeInfoDbLoading required package: BiobaseWelcome to Bioconductor    Vignettes contain introductory material; view with    'browseVignettes()'. To cite Bioconductor, see    'citation("Biobase")', and for packages 'citation("pkgname")'.Attaching package: BiobaseThe following object is masked from package:MatrixGenerics:    rowMediansThe following objects are masked from package:matrixStats:    anyMissing, rowMediansLoading required package: rhdf5Loading required package: BiocIOLoading required package: scuttleLoading required package: ggplot2Attaching package: robustbaseThe following object is masked from package:Biobase:    rowMediansThe following objects are masked from package:MatrixGenerics:    colMedians, rowMediansThe following objects are masked from package:matrixStats:    colMedians, rowMedians
            ]]></system-err>
        
    </testcase>
    
    <testcase classname="scater_filter (Test #2)" name="1" time="34.82095909118652">
        
            
            <system-out><![CDATA[
            [1] "Starting with 40 cells"[1] "Ending with 33 cells"[1] TRUE
            ]]></system-out>
            <system-err><![CDATA[
            Loading required package: S4VectorsLoading required package: stats4Loading required package: BiocGenericsAttaching package: BiocGenericsThe following objects are masked from package:stats:    IQR, mad, sd, var, xtabsThe following objects are masked from package:base:    anyDuplicated, append, as.data.frame, basename, cbind, colnames,    dirname, do.call, duplicated, eval, evalq, Filter, Find, get, grep,    grepl, intersect, is.unsorted, lapply, Map, mapply, match, mget,    order, paste, pmax, pmax.int, pmin, pmin.int, Position, rank,    rbind, Reduce, rownames, sapply, setdiff, sort, table, tapply,    union, unique, unsplit, which.max, which.minAttaching package: S4VectorsThe following objects are masked from package:base:    expand.grid, I, unnameLoading required package: SingleCellExperimentLoading required package: SummarizedExperimentLoading required package: MatrixGenericsLoading required package: matrixStatsAttaching package: MatrixGenericsThe following objects are masked from package:matrixStats:    colAlls, colAnyNAs, colAnys, colAvgsPerRowSet, colCollapse,    colCounts, colCummaxs, colCummins, colCumprods, colCumsums,    colDiffs, colIQRDiffs, colIQRs, colLogSumExps, colMadDiffs,    colMads, colMaxs, colMeans2, colMedians, colMins, colOrderStats,    colProds, colQuantiles, colRanges, colRanks, colSdDiffs, colSds,    colSums2, colTabulates, colVarDiffs, colVars, colWeightedMads,    colWeightedMeans, colWeightedMedians, colWeightedSds,    colWeightedVars, rowAlls, rowAnyNAs, rowAnys, rowAvgsPerColSet,    rowCollapse, rowCounts, rowCummaxs, rowCummins, rowCumprods,    rowCumsums, rowDiffs, rowIQRDiffs, rowIQRs, rowLogSumExps,    rowMadDiffs, rowMads, rowMaxs, rowMeans2, rowMedians, rowMins,    rowOrderStats, rowProds, rowQuantiles, rowRanges, rowRanks,    rowSdDiffs, rowSds, rowSums2, rowTabulates, rowVarDiffs, rowVars,    rowWeightedMads, rowWeightedMeans, rowWeightedMedians,    rowWeightedSds, rowWeightedVarsLoading required package: GenomicRangesLoading required package: IRangesLoading required package: GenomeInfoDbLoading required package: BiobaseWelcome to Bioconductor    Vignettes contain introductory material; view with    'browseVignettes()'. To cite Bioconductor, see    'citation("Biobase")', and for packages 'citation("pkgname")'.Attaching package: BiobaseThe following object is masked from package:MatrixGenerics:    rowMediansThe following objects are masked from package:matrixStats:    anyMissing, rowMediansLoading required package: rhdf5Loading required package: BiocIOLoading required package: scuttleLoading required package: ggplot2Attaching package: robustbaseThe following object is masked from package:Biobase:    rowMediansThe following objects are masked from package:MatrixGenerics:    colMedians, rowMediansThe following objects are masked from package:matrixStats:    colMedians, rowMedians
            ]]></system-err>
        
    </testcase>
    
    <testcase classname="sceasy_convert (Test #1)" name="0" time="0.09910106658935547">
        
            <error type="error" message="Input staging problem: Test input file (input.loom) cannot be found."><![CDATA[
                { "execution_problem": "Input staging problem: Test input file (input.loom) cannot be found.", "status": "error", "test_index": 0, "time_seconds": 0.09910106658935547, "tool_id": "sceasy_convert", "tool_version": "0.0.5+galaxy1"}
            ]]></error>
        
    </testcase>
    
    <testcase classname="vcfbreakcreatemulti (Test #1)" name="0" time="30.434450387954712">
        
            
            <system-out><![CDATA[
            
            ]]></system-out>
            <system-err><![CDATA[
            
            ]]></system-err>
        
    </testcase>
    
    <testcase classname="vcfbreakcreatemulti (Test #2)" name="1" time="25.745454788208008">
        
            
            <system-out><![CDATA[
            
            ]]></system-out>
            <system-err><![CDATA[
            
            ]]></system-err>
        
    </testcase>
    
    <testcase classname="vcfselectsamples (Test #1)" name="0" time="27.090943098068237">
        
            
            <system-out><![CDATA[
            
            ]]></system-out>
            <system-err><![CDATA[
            
            ]]></system-err>
        
    </testcase>
    
</testsuite>