<?xml version="1.0" encoding="UTF-8"?>
<testsuite name="Results (powered by Planemo)"
           tests="92"
           errors="15"
           failures="7"
           skip="0">
    
    <testcase classname="annotatemyids (Test #1)" name="0" time="79.34568691253662">
        
            
            <system-out><![CDATA[
            
            ]]></system-out>
            <system-err><![CDATA[
            Warning message:In Sys.setlocale("LC_MESSAGES", "en_US.UTF-8") :  OS reports request to set locale to "en_US.UTF-8" cannot be honored'select()' returned 1:1 mapping between keys and columns
            ]]></system-err>
        
    </testcase>
    
    <testcase classname="annotatemyids (Test #1)" name="0" time="49.93383264541626">
        
            
            <system-out><![CDATA[
            
            ]]></system-out>
            <system-err><![CDATA[
            Warning message:In Sys.setlocale("LC_MESSAGES", "en_US.UTF-8") :  OS reports request to set locale to "en_US.UTF-8" cannot be honored'select()' returned 1:1 mapping between keys and columns
            ]]></system-err>
        
    </testcase>
    
    <testcase classname="annotatemyids (Test #2)" name="1" time="49.37846899032593">
        
            
            <system-out><![CDATA[
            
            ]]></system-out>
            <system-err><![CDATA[
            Warning message:In Sys.setlocale("LC_MESSAGES", "en_US.UTF-8") :  OS reports request to set locale to "en_US.UTF-8" cannot be honored'select()' returned 1:1 mapping between keys and columns
            ]]></system-err>
        
    </testcase>
    
    <testcase classname="annotatemyids (Test #2)" name="1" time="50.19753408432007">
        
            
            <system-out><![CDATA[
            
            ]]></system-out>
            <system-err><![CDATA[
            Warning message:In Sys.setlocale("LC_MESSAGES", "en_US.UTF-8") :  OS reports request to set locale to "en_US.UTF-8" cannot be honored'select()' returned 1:1 mapping between keys and columns
            ]]></system-err>
        
    </testcase>
    
    <testcase classname="annotatemyids (Test #3)" name="2" time="50.63040041923523">
        
            
            <system-out><![CDATA[
            
            ]]></system-out>
            <system-err><![CDATA[
            Warning message:In Sys.setlocale("LC_MESSAGES", "en_US.UTF-8") :  OS reports request to set locale to "en_US.UTF-8" cannot be honored'select()' returned 1:many mapping between keys and columns
            ]]></system-err>
        
    </testcase>
    
    <testcase classname="annotatemyids (Test #3)" name="2" time="51.14466834068298">
        
            
            <system-out><![CDATA[
            
            ]]></system-out>
            <system-err><![CDATA[
            Warning message:In Sys.setlocale("LC_MESSAGES", "en_US.UTF-8") :  OS reports request to set locale to "en_US.UTF-8" cannot be honored'select()' returned 1:many mapping between keys and columns
            ]]></system-err>
        
    </testcase>
    
    <testcase classname="annotatemyids (Test #4)" name="3" time="50.20266795158386">
        
            
            <system-out><![CDATA[
            
            ]]></system-out>
            <system-err><![CDATA[
            Warning message:In Sys.setlocale("LC_MESSAGES", "en_US.UTF-8") :  OS reports request to set locale to "en_US.UTF-8" cannot be honored'select()' returned 1:many mapping between keys and columns
            ]]></system-err>
        
    </testcase>
    
    <testcase classname="annotatemyids (Test #4)" name="3" time="11.606764793395996">
        
            <error type="error" message="Input staging problem: Job in error state.. tool_id: upload1, exit_code: None, stderr: ."><![CDATA[
                { "execution_problem": "Input staging problem: Job in error state.. tool_id: upload1, exit_code: None, stderr: .", "status": "error", "test_index": 3, "time_seconds": 11.606764793395996, "tool_id": "annotatemyids", "tool_version": "3.5.0.1"}
            ]]></error>
        
    </testcase>
    
    <testcase classname="bcftools_consensus (Test #1)" name="0" time="47.45433759689331">
        
            
            <system-out><![CDATA[
            
            ]]></system-out>
            <system-err><![CDATA[
            Note: the --sample option not given, applying all records regardless of the genotypeThe site 1:5 overlaps with another variant, skipping...Applied 12 variants
            ]]></system-err>
        
    </testcase>
    
    <testcase classname="bcftools_consensus (Test #2)" name="1" time="">
        
            <error type="error" message=""><![CDATA[
                { "status": "skip", "test_index": 1, "tool_id": "bcftools_consensus", "tool_version": "1.15.1+galaxy4"}
            ]]></error>
        
    </testcase>
    
    <testcase classname="bcftools_consensus (Test #3)" name="2" time="33.43417739868164">
        
            
                <error type="error" message="Tool exit code: None"><![CDATA[
                    { "inputs": {  "chain": false,  "input_file": {   "id": "3d79cdcc4d19fa1b",   "src": "hda"  },  "reference_source|fasta_ref": {   "id": "b97646ae42195c6c",   "src": "hda"  },  "reference_source|reference_source_selector": "history",  "rename": true,  "sec_default|mask": {   "id": "ca008655ccef5132",   "src": "hda"  } }, "job": {  "command_line": "export BCFTOOLS_PLUGINS=`which bcftools | sed \u0027s,bin/bcftools,libexec/bcftools,\u0027`;     bgzip -c \u0027/galaxy/server/database/objects/a/d/4/dataset_ad4e7bd2-5ea4-42dc-a239-96ae1c4bfb34.dat\u0027 \u003e input.vcf.gz \u0026\u0026 bcftools index input.vcf.gz \u0026\u0026     ln -s \u0027/galaxy/server/database/objects/0/b/8/dataset_0b8766a8-b315-4d23-be7c-9105ac336c20.dat\u0027 ref.fa \u0026\u0026 samtools faidx ref.fa \u0026\u0026    bcftools consensus   --fasta-ref ref.fa      --mask \u0027/galaxy/server/database/objects/1/a/c/dataset_1ac6716c-20c1-40ff-b5d1-25e4ad4aedbd.dat\u0027                input.vcf.gz  | awk \u0027BEGIN {i=1} {if (match($0, /^\u003e/)) {if (i==1) {name=\"consensus.vcf\"} else {name=sprintf(\"%s-%d\",\"consensus.vcf\",i);} print(gensub(/\u003e[^ ]+( ?.*)/, \"\u003e\" name \"\\\\1\", 1)); i=i+1;} else {print}}\u0027 \u003e \u0027/galaxy/server/database/objects/5/e/7/dataset_5e78c50d-bd96-4ce6-9acc-94d2ba9ec009.dat\u0027",  "command_version": null,  "copied_from_job_id": null,  "create_time": "2025-02-26T19:35:31.534305",  "dependencies": [],  "exit_code": null,  "external_id": "gxy-pn4c2",  "galaxy_version": "24.1",  "handler": null,  "history_id": "9a6a95ee3efbd1f0",  "id": "dbad90227b40ef37",  "inputs": {   "input_file": {    "id": "3d79cdcc4d19fa1b",    "src": "hda",    "uuid": "ad4e7bd2-5ea4-42dc-a239-96ae1c4bfb34"   },   "reference_source|fasta_ref": {    "id": "b97646ae42195c6c",    "src": "hda",    "uuid": "0b8766a8-b315-4d23-be7c-9105ac336c20"   },   "sec_default|mask": {    "id": "ca008655ccef5132",    "src": "hda",    "uuid": "1ac6716c-20c1-40ff-b5d1-25e4ad4aedbd"   }  },  "job_messages": null,  "job_metrics": [],  "job_runner_name": null,  "job_stderr": null,  "job_stdout": null,  "model_class": "Job",  "output_collections": {},  "outputs": {   "output_file": {    "id": "8a059deb5b27c065",    "src": "hda",    "uuid": "5e78c50d-bd96-4ce6-9acc-94d2ba9ec009"   }  },  "params": {   "__input_ext": "\"input\"",   "absent": "\"\"",   "chain": "false",   "chromInfo": "\"/cvmfs/data.galaxyproject.org/managed/len/ucsc/?.len\"",   "dbkey": "\"?\"",   "reference_source": "{\"__current_case__\": 1, \"fasta_ref\": {\"values\": [{\"id\": 272, \"src\": \"hda\"}]}, \"reference_source_selector\": \"history\"}",   "rename": "true",   "sec_default": "{\"conditional_mask\": {\"__current_case__\": 0, \"selector\": \"disabled\"}, \"iupac_codes\": false, \"mark_del\": \"\", \"mark_ins\": null, \"mark_snv\": null, \"mask\": {\"values\": [{\"id\": 273, \"src\": \"hda\"}]}, \"sample\": null, \"select_haplotype\": null}",   "sec_restrict": "{\"exclude\": null, \"include\": null}"  },  "state": "error",  "stderr": "Note: the --sample option not given, applying all records regardless of the genotype\nThe site 1:5 overlaps with another variant, skipping...\nApplied 12 variants\n",  "stdout": "",  "tool_id": "toolshed.g2.bx.psu.edu/repos/iuc/bcftools_consensus/bcftools_consensus/1.15.1+galaxy4",  "tool_stderr": "Note: the --sample option not given, applying all records regardless of the genotype\nThe site 1:5 overlaps with another variant, skipping...\nApplied 12 variants\n",  "tool_stdout": "",  "update_time": "2025-02-26T19:35:37.616790",  "user_email": "tests@fake.org" }, "output_problems": [  "Job in error state.. tool_id: toolshed.g2.bx.psu.edu/repos/iuc/bcftools_consensus/bcftools_consensus/1.15.1+galaxy4, exit_code: None, stderr: Note: the --sample option not given, applying all records regardless of the genotype\nThe site 1:5 overlaps with another variant, skipping...\nApplied 12 variants\n.",  "Job in error state.. tool_id: toolshed.g2.bx.psu.edu/repos/iuc/bcftools_consensus/bcftools_consensus/1.15.1+galaxy4, exit_code: None, stderr: Note: the --sample option not given, applying all records regardless of the genotype\nThe site 1:5 overlaps with another variant, skipping...\nApplied 12 variants\n." ], "status": "failure", "test_index": 2, "time_seconds": 33.43417739868164, "tool_id": "bcftools_consensus", "tool_version": "1.15.1+galaxy4"}
                ]]></error>
            
            <system-out><![CDATA[
            
            ]]></system-out>
            <system-err><![CDATA[
            Note: the --sample option not given, applying all records regardless of the genotypeThe site 1:5 overlaps with another variant, skipping...Applied 12 variants
            ]]></system-err>
        
    </testcase>
    
    <testcase classname="bcftools_consensus (Test #4)" name="3" time="32.79879069328308">
        
            
            <system-out><![CDATA[
            
            ]]></system-out>
            <system-err><![CDATA[
            Note: the --sample option not given, applying all records regardless of the genotypeThe site 1:5 overlaps with another variant, skipping...Applied 6 variants
            ]]></system-err>
        
    </testcase>
    
    <testcase classname="bcftools_consensus (Test #5)" name="4" time="33.47060298919678">
        
            
            <system-out><![CDATA[
            
            ]]></system-out>
            <system-err><![CDATA[
            Note: the --sample option not given, applying all records regardless of the genotypeThe site 1:5 overlaps with another variant, skipping...Applied 6 variants
            ]]></system-err>
        
    </testcase>
    
    <testcase classname="bcftools_consensus (Test #6)" name="5" time="33.88657593727112">
        
            
            <system-out><![CDATA[
            
            ]]></system-out>
            <system-err><![CDATA[
            Note: the --sample option not given, applying all records regardless of the genotypeThe site 1:5 overlaps with another variant, skipping...Applied 6 variants
            ]]></system-err>
        
    </testcase>
    
    <testcase classname="bcftools_plugin_impute_info (Test #1)" name="0" time="67.24002408981323">
        
            
            <system-out><![CDATA[
            
            ]]></system-out>
            <system-err><![CDATA[
            [impute-info.c] Warning: info tag not added to sites that are not biallelic diploidLines total/info-added/unchanged-no-tag/unchanged-not-biallelic-diploid:33/32/0/1
            ]]></system-err>
        
    </testcase>
    
    <testcase classname="bcftools_query (Test #1)" name="0" time="33.23313498497009">
        
            
            <system-out><![CDATA[
            
            ]]></system-out>
            <system-err><![CDATA[
            
            ]]></system-err>
        
    </testcase>
    
    <testcase classname="bcftools_query (Test #2)" name="1" time="32.312023878097534">
        
            
            <system-out><![CDATA[
            
            ]]></system-out>
            <system-err><![CDATA[
            
            ]]></system-err>
        
    </testcase>
    
    <testcase classname="circos (Test #1)" name="0" time="63.12484407424927">
        
            
            <system-out><![CDATA[
            debuggroup summary 0.12s welcome to circos v0.69-8 15 Jun 2019 on Perl 5.026002debuggroup summary 0.13s current working directory /galaxy/server/database/jobs_directory/000/9/workingdebuggroup summary 0.13s command /usr/local/bin/circos -conf circos/conf/circos.conf -noparanoiddebuggroup summary 0.13s loading configuration from file circos/conf/circos.confdebuggroup summary 0.13s found conf file circos/conf/circos.confdebuggroup summary 0.23s debug will appear for these features: output,summarydebuggroup summary 0.23s bitmap output image ./circos.pngdebuggroup summary 0.23s SVG output image ./circos.svgdebuggroup summary 0.23s parsing karyotype and organizing ideogramsdebuggroup summary 0.23s karyotype has 2 chromosomes of total size 56,082debuggroup summary 0.23s applying global and local scalingdebuggroup summary 0.23s allocating image, colors and brushesdebuggroup summary 5.06s drawing 2 ideograms of total size 56,082debuggroup summary 5.06s drawing highlights and ideogramsdebuggroup output 5.06s generating outputdebuggroup output 5.35s created PNG image ./circos.png (40 kb)debuggroup output 5.36s created SVG image ./circos.svg (2 kb)
            ]]></system-out>
            <system-err><![CDATA[
            Use of uninitialized value in subroutine entry at /usr/local/bin/../lib/Circos/Configuration.pm line 781.
            ]]></system-err>
        
    </testcase>
    
    <testcase classname="circos (Test #2)" name="1" time="50.1125590801239">
        
            
            <system-out><![CDATA[
            debuggroup summary 0.13s welcome to circos v0.69-8 15 Jun 2019 on Perl 5.026002debuggroup summary 0.14s current working directory /galaxy/server/database/jobs_directory/000/14/workingdebuggroup summary 0.14s command /usr/local/bin/circos -conf circos/conf/circos.conf -noparanoiddebuggroup summary 0.14s loading configuration from file circos/conf/circos.confdebuggroup summary 0.14s found conf file circos/conf/circos.confdebuggroup summary 0.25s debug will appear for these features: output,summarydebuggroup summary 0.25s bitmap output image ./circos.pngdebuggroup summary 0.25s SVG output image ./circos.svgdebuggroup summary 0.25s parsing karyotype and organizing ideogramsdebuggroup summary 0.26s karyotype has 2 chromosomes of total size 56,082debuggroup summary 0.26s applying global and local scalingdebuggroup summary 0.26s allocating image, colors and brushesdebuggroup summary 5.18s drawing 2 ideograms of total size 56,082debuggroup summary 5.18s drawing highlights and ideogramsdebuggroup summary 5.22s found conf file /usr/local/bin/../etc/tracks/link.confdebuggroup summary 5.22s process track_0 link circos/conf/../data/links-0.txtdebuggroup summary 5.22s drawing link track_0 z 0debuggroup !circoswarning 5.26s  Data point of type [link] [50000-50500] extended past end of ideogram [ctgA 0-50001]. This data point will be [trimmed].debuggroup !circoswarning 5.26s  Data point of type [link] [51000-51500] extended past end of ideogram [ctgA 0-50001]. This data point will be [hidden].debuggroup summary 5.26s found conf file /usr/local/bin/../etc/tracks/histogram.confdebuggroup summary 5.26s found conf file /usr/local/bin/../etc/tracks/scatter.confdebuggroup summary 5.26s found conf file /usr/local/bin/../etc/tracks/tile.confdebuggroup summary 5.26s processing track_0 histogram circos/conf/../data/data-0.txtdebuggroup summary 5.33s processing track_1 scatter circos/conf/../data/data-1.txtdebuggroup summary 5.45s processing track_2 tile circos/conf/../data/data-2.txtdebuggroup summary 5.46s drawing track_0 histogram z 0 data-0.txt orient outdebuggroup summary 5.47s found conf file /usr/local/bin/../etc/tracks/axis.confdebuggroup summary 6.03s drawing track_1 scatter z 0 data-1.txt orient outdebuggroup summary 6.04s found conf file /usr/local/bin/../etc/tracks/axis.confdebuggroup summary 6.19s drawing track_2 tile z 0 data-2.txt orient outdebuggroup summary 6.20s found conf file /usr/local/bin/../etc/tracks/axis.confdebuggroup !circoswarning 6.34s  Data point of type [tile] [3013-6130] extended past end of ideogram [ctgB 0-6079]. This data point will be [trimmed].debuggroup output 6.34s generating outputdebuggroup output 6.70s created PNG image ./circos.png (539 kb)debuggroup output 6.70s created SVG image ./circos.svg (414 kb)
            ]]></system-out>
            <system-err><![CDATA[
            Use of uninitialized value in subroutine entry at /usr/local/bin/../lib/Circos/Configuration.pm line 781.Use of uninitialized value in subroutine entry at /usr/local/bin/../lib/Circos/Configuration.pm line 781.Use of uninitialized value within %Circos::Error::GROUPERROR in uc at /usr/local/bin/../lib/Circos/Error.pm line 354, <F> line 21.Use of uninitialized value within %Circos::Error::GROUPERROR in uc at /usr/local/bin/../lib/Circos/Error.pm line 354, <F> line 21.Use of uninitialized value in subroutine entry at /usr/local/bin/../lib/Circos/Configuration.pm line 781, <F> line 21.Use of uninitialized value in subroutine entry at /usr/local/bin/../lib/Circos/Configuration.pm line 781.Use of uninitialized value in subroutine entry at /usr/local/bin/../lib/Circos/Configuration.pm line 781.Use of uninitialized value in subroutine entry at /usr/local/bin/../lib/Circos/Configuration.pm line 781, <F> line 1214.Use of uninitialized value in subroutine entry at /usr/local/bin/../lib/Circos/Configuration.pm line 781.Use of uninitialized value in subroutine entry at /usr/local/bin/../lib/Circos/Configuration.pm line 781.Use of uninitialized value within %Circos::Error::GROUPERROR in uc at /usr/local/bin/../lib/Circos/Error.pm line 354.
            ]]></system-err>
        
    </testcase>
    
    <testcase classname="deeptools_multi_bam_summary (Test #1)" name="0" time="0.2352616786956787">
        
            <error type="error" message="Input staging problem: Test input file (bowtie2 test1.bam) cannot be found."><![CDATA[
                { "execution_problem": "Input staging problem: Test input file (bowtie2 test1.bam) cannot be found.", "status": "error", "test_index": 0, "time_seconds": 0.2352616786956787, "tool_id": "deeptools_multi_bam_summary", "tool_version": "3.5.4+galaxy0"}
            ]]></error>
        
    </testcase>
    
    <testcase classname="deeptools_multi_bam_summary (Test #2)" name="1" time="0.12064075469970703">
        
            <error type="error" message="Input staging problem: Test input file (bowtie2 test1.bam) cannot be found."><![CDATA[
                { "execution_problem": "Input staging problem: Test input file (bowtie2 test1.bam) cannot be found.", "status": "error", "test_index": 1, "time_seconds": 0.12064075469970703, "tool_id": "deeptools_multi_bam_summary", "tool_version": "3.5.4+galaxy0"}
            ]]></error>
        
    </testcase>
    
    <testcase classname="diff (Test #1)" name="0" time="35.54076266288757">
        
            
            <system-out><![CDATA[
            
            ]]></system-out>
            <system-err><![CDATA[
            
            ]]></system-err>
        
    </testcase>
    
    <testcase classname="diff (Test #2)" name="1" time="33.53519010543823">
        
            
            <system-out><![CDATA[
            
            ]]></system-out>
            <system-err><![CDATA[
            
            ]]></system-err>
        
    </testcase>
    
    <testcase classname="diff (Test #3)" name="2" time="11.849266529083252">
        
            <error type="error" message="Input staging problem: Job in error state.. tool_id: upload1, exit_code: None, stderr: ."><![CDATA[
                { "execution_problem": "Input staging problem: Job in error state.. tool_id: upload1, exit_code: None, stderr: .", "status": "error", "test_index": 2, "time_seconds": 11.849266529083252, "tool_id": "diff", "tool_version": "3.7+galaxy0"}
            ]]></error>
        
    </testcase>
    
    <testcase classname="diff (Test #4)" name="3" time="33.698989152908325">
        
            
            <system-out><![CDATA[
            
            ]]></system-out>
            <system-err><![CDATA[
            
            ]]></system-err>
        
    </testcase>
    
    <testcase classname="diff (Test #5)" name="4" time="20.93694543838501">
        
            <error type="error" message="Input staging problem: Job in error state.. tool_id: upload1, exit_code: None, stderr: ."><![CDATA[
                { "execution_problem": "Input staging problem: Job in error state.. tool_id: upload1, exit_code: None, stderr: .", "status": "error", "test_index": 4, "time_seconds": 20.93694543838501, "tool_id": "diff", "tool_version": "3.7+galaxy0"}
            ]]></error>
        
    </testcase>
    
    <testcase classname="diff (Test #6)" name="5" time="33.77677798271179">
        
            
            <system-out><![CDATA[
            
            ]]></system-out>
            <system-err><![CDATA[
            
            ]]></system-err>
        
    </testcase>
    
    <testcase classname="fastq_paired_end_deinterlacer (Test #1)" name="0" time="76.74440217018127">
        
            
            <system-out><![CDATA[
            De-interlaced 5.0 pairs of sequences.
            ]]></system-out>
            <system-err><![CDATA[
            
            ]]></system-err>
        
    </testcase>
    
    <testcase classname="fastq_paired_end_deinterlacer (Test #2)" name="1" time="34.471150636672974">
        
            
            <system-out><![CDATA[
            There were 2 reads with no mate.De-interlaced 4.0 pairs of sequences.
            ]]></system-out>
            <system-err><![CDATA[
            
            ]]></system-err>
        
    </testcase>
    
    <testcase classname="fastq_paired_end_deinterlacer (Test #3)" name="2" time="34.10575342178345">
        
            
            <system-out><![CDATA[
            There were 2 reads with no mate.De-interlaced 4.0 pairs of sequences.
            ]]></system-out>
            <system-err><![CDATA[
            
            ]]></system-err>
        
    </testcase>
    
    <testcase classname="fastq_paired_end_deinterlacer (Test #4)" name="3" time="10.514981985092163">
        
            <error type="error" message="Input staging problem: Job in error state.. tool_id: upload1, exit_code: None, stderr: ."><![CDATA[
                { "execution_problem": "Input staging problem: Job in error state.. tool_id: upload1, exit_code: None, stderr: .", "status": "error", "test_index": 3, "time_seconds": 10.514981985092163, "tool_id": "fastq_paired_end_deinterlacer", "tool_version": "1.1.5+galaxy2"}
            ]]></error>
        
    </testcase>
    
    <testcase classname="ivar_trim (Test #1)" name="0" time="43.6241557598114">
        
            
            <system-out><![CDATA[
            
            ]]></system-out>
            <system-err><![CDATA[
            Found 196 primers in BED fileReading from sorted.bam-------Results: Primer NameRead CountnCoV-2019_1_LEFT25nCoV-2019_1_RIGHT9nCoV-2019_2_LEFT10nCoV-2019_2_RIGHT17nCoV-2019_3_LEFT22nCoV-2019_3_RIGHT29nCoV-2019_4_LEFT20nCoV-2019_4_RIGHT5nCoV-2019_5_LEFT4nCoV-2019_5_RIGHT16nCoV-2019_6_LEFT17nCoV-2019_6_RIGHT10nCoV-2019_7_LEFT21nCoV-2019_7_RIGHT14nCoV-2019_8_LEFT5nCoV-2019_8_RIGHT10nCoV-2019_9_LEFT18nCoV-2019_9_RIGHT11nCoV-2019_10_LEFT20nCoV-2019_10_RIGHT11nCoV-2019_11_LEFT15nCoV-2019_11_RIGHT31nCoV-2019_12_LEFT48nCoV-2019_12_RIGHT11nCoV-2019_13_LEFT31nCoV-2019_13_RIGHT64nCoV-2019_14_LEFT53nCoV-2019_14_RIGHT89nCoV-2019_15_LEFT64nCoV-2019_15_RIGHT57nCoV-2019_16_LEFT168nCoV-2019_16_RIGHT112nCoV-2019_17_LEFT100nCoV-2019_17_RIGHT23nCoV-2019_18_LEFT19nCoV-2019_18_RIGHT42nCoV-2019_19_LEFT72nCoV-2019_19_RIGHT43nCoV-2019_20_LEFT31nCoV-2019_20_RIGHT63nCoV-2019_21_LEFT126nCoV-2019_21_RIGHT23nCoV-2019_22_LEFT55nCoV-2019_22_RIGHT58nCoV-2019_23_LEFT46nCoV-2019_23_RIGHT2nCoV-2019_24_LEFT22nCoV-2019_24_RIGHT6nCoV-2019_25_LEFT7nCoV-2019_25_RIGHT11nCoV-2019_26_LEFT13nCoV-2019_26_RIGHT14nCoV-2019_27_LEFT70nCoV-2019_27_RIGHT31nCoV-2019_28_LEFT15nCoV-2019_28_RIGHT6nCoV-2019_29_LEFT4nCoV-2019_29_RIGHT70nCoV-2019_30_LEFT10nCoV-2019_30_RIGHT26nCoV-2019_31_LEFT33nCoV-2019_31_RIGHT75nCoV-2019_32_LEFT119nCoV-2019_32_RIGHT52nCoV-2019_33_LEFT23nCoV-2019_33_RIGHT43nCoV-2019_34_LEFT51nCoV-2019_34_RIGHT40nCoV-2019_35_LEFT44nCoV-2019_35_RIGHT86nCoV-2019_36_LEFT113nCoV-2019_36_RIGHT131nCoV-2019_37_LEFT74nCoV-2019_37_RIGHT163nCoV-2019_38_LEFT185nCoV-2019_38_RIGHT113nCoV-2019_39_LEFT97nCoV-2019_39_RIGHT39nCoV-2019_40_LEFT67nCoV-2019_40_RIGHT17nCoV-2019_41_LEFT31nCoV-2019_41_RIGHT5nCoV-2019_42_LEFT39nCoV-2019_42_RIGHT89nCoV-2019_43_LEFT47nCoV-2019_43_RIGHT23nCoV-2019_44_LEFT51nCoV-2019_44_RIGHT70nCoV-2019_45_LEFT43nCoV-2019_45_RIGHT16nCoV-2019_46_LEFT11nCoV-2019_46_RIGHT35nCoV-2019_47_LEFT27nCoV-2019_47_RIGHT25nCoV-2019_48_LEFT74nCoV-2019_48_RIGHT41nCoV-2019_49_LEFT40nCoV-2019_49_RIGHT54nCoV-2019_50_LEFT26nCoV-2019_50_RIGHT19nCoV-2019_51_LEFT81nCoV-2019_51_RIGHT47nCoV-2019_52_LEFT33nCoV-2019_52_RIGHT28nCoV-2019_53_LEFT75nCoV-2019_53_RIGHT35nCoV-2019_54_LEFT44nCoV-2019_54_RIGHT13nCoV-2019_55_LEFT66nCoV-2019_55_RIGHT96nCoV-2019_56_LEFT35nCoV-2019_56_RIGHT69nCoV-2019_57_LEFT112nCoV-2019_57_RIGHT78nCoV-2019_58_LEFT15nCoV-2019_58_RIGHT6nCoV-2019_59_LEFT35nCoV-2019_59_RIGHT23nCoV-2019_60_LEFT22nCoV-2019_60_RIGHT19nCoV-2019_61_LEFT33nCoV-2019_61_RIGHT33nCoV-2019_62_LEFT16nCoV-2019_62_RIGHT17nCoV-2019_63_LEFT47nCoV-2019_63_RIGHT31nCoV-2019_64_LEFT6nCoV-2019_64_RIGHT8nCoV-2019_65_LEFT6nCoV-2019_65_RIGHT59nCoV-2019_66_LEFT29nCoV-2019_66_RIGHT2nCoV-2019_67_LEFT6nCoV-2019_67_RIGHT0nCoV-2019_68_LEFT8nCoV-2019_68_RIGHT9nCoV-2019_69_LEFT17nCoV-2019_69_RIGHT5nCoV-2019_70_LEFT0nCoV-2019_70_RIGHT1nCoV-2019_71_LEFT1nCoV-2019_71_RIGHT5nCoV-2019_72_LEFT7nCoV-2019_72_RIGHT4nCoV-2019_73_LEFT0nCoV-2019_73_RIGHT4nCoV-2019_74_LEFT0nCoV-2019_74_RIGHT0nCoV-2019_75_LEFT2nCoV-2019_75_RIGHT1nCoV-2019_76_LEFT2nCoV-2019_76_RIGHT13nCoV-2019_77_LEFT27nCoV-2019_77_RIGHT87nCoV-2019_78_LEFT63nCoV-2019_78_RIGHT23nCoV-2019_79_LEFT5nCoV-2019_79_RIGHT17nCoV-2019_80_LEFT92nCoV-2019_80_RIGHT33nCoV-2019_81_LEFT28nCoV-2019_81_RIGHT79nCoV-2019_82_LEFT150nCoV-2019_82_RIGHT50nCoV-2019_83_LEFT22nCoV-2019_83_RIGHT41nCoV-2019_84_LEFT32nCoV-2019_84_RIGHT50nCoV-2019_85_LEFT77nCoV-2019_85_RIGHT37nCoV-2019_86_LEFT54nCoV-2019_86_RIGHT30nCoV-2019_87_LEFT48nCoV-2019_87_RIGHT3nCoV-2019_88_LEFT58nCoV-2019_88_RIGHT91nCoV-2019_89_LEFT37nCoV-2019_89_RIGHT30nCoV-2019_90_LEFT28nCoV-2019_90_RIGHT21nCoV-2019_91_LEFT27nCoV-2019_91_RIGHT2nCoV-2019_92_LEFT9nCoV-2019_92_RIGHT14nCoV-2019_93_LEFT38nCoV-2019_93_RIGHT23nCoV-2019_94_LEFT116nCoV-2019_94_RIGHT55nCoV-2019_95_LEFT39nCoV-2019_95_RIGHT8nCoV-2019_96_LEFT24nCoV-2019_96_RIGHT17nCoV-2019_97_LEFT0nCoV-2019_97_RIGHT1nCoV-2019_98_LEFT2nCoV-2019_98_RIGHT2Trimmed primers from 13.29% (6871) of reads.3.5% (1811) of reads were quality trimmed below the minimum length of 30 bp and were not written to file.84.15% (43493) of reads started outside of primer regions. Since the -e flag was given, these reads were written to file.58.16% (30061) of reads had their insert size smaller than their read length[bam_sort_core] merging from 0 files and 8 in-memory blocks...
            ]]></system-err>
        
    </testcase>
    
    <testcase classname="ivar_trim (Test #2)" name="1" time="49.287677526474">
        
            
            <system-out><![CDATA[
            
            ]]></system-out>
            <system-err><![CDATA[
            Found 196 primers in BED fileReading from sorted.bam-------Results: Primer NameRead Countregion_025region_19region_210region_317region_422region_529region_620region_75region_84region_916region_1017region_1110region_1221region_1314region_145region_1510region_1618region_1711region_1820region_1911region_2015region_2131region_2248region_2311region_2431region_2564region_2653region_2789region_2864region_2957region_30168region_31112region_32100region_3323region_3419region_3542region_3672region_3743region_3831region_3963region_40126region_4123region_4255region_4358region_4446region_452region_4622region_476region_487region_4911region_5013region_5114region_5270region_5331region_5415region_556region_564region_5770region_5810region_5926region_6033region_6175region_62119region_6352region_6423region_6543region_6651region_6740region_6844region_6986region_70113region_71131region_7274region_73163region_74185region_75113region_7697region_7739region_7867region_7917region_8031region_815region_8239region_8389region_8447region_8523region_8651region_8770region_8843region_8916region_9011region_9135region_9227region_9325region_9474region_9541region_9640region_9754region_9826region_9919region_10081region_10147region_10233region_10328region_10475region_10535region_10644region_10713region_10866region_10996region_11035region_11169region_112112region_11378region_11415region_1156region_11635region_11723region_11822region_11919region_12033region_12133region_12216region_12317region_12447region_12531region_1266region_1278region_1286region_12959region_13029region_1312region_1326region_1330region_1348region_1359region_13617region_1375region_1380region_1391region_1401region_1415region_1427region_1434region_1440region_1454region_1460region_1470region_1482region_1491region_1502region_15113region_15227region_15387region_15463region_15523region_1565region_15717region_15892region_15933region_16028region_16179region_162150region_16350region_16422region_16541region_16632region_16750region_16877region_16937region_17054region_17130region_17248region_1733region_17458region_17591region_17637region_17730region_17828region_17921region_18027region_1812region_1829region_18314region_18438region_18523region_186116region_18755region_18839region_1898region_19024region_19117region_1920region_1931region_1942region_1952Trimmed primers from 13.29% (6871) of reads.3.5% (1811) of reads were quality trimmed below the minimum length of 30 bp and were not written to file.84.15% (43493) of reads started outside of primer regions. Since the -e flag was given, these reads were written to file.58.16% (30061) of reads had their insert size smaller than their read length[bam_sort_core] merging from 0 files and 8 in-memory blocks...
            ]]></system-err>
        
    </testcase>
    
    <testcase classname="ivar_trim (Test #3)" name="2" time="19.652347564697266">
        
            <error type="error" message="Input staging problem: Job in error state.. tool_id: upload1, exit_code: None, stderr: ."><![CDATA[
                { "execution_problem": "Input staging problem: Job in error state.. tool_id: upload1, exit_code: None, stderr: .", "status": "error", "test_index": 2, "time_seconds": 19.652347564697266, "tool_id": "ivar_trim", "tool_version": "1.4.3+galaxy0"}
            ]]></error>
        
    </testcase>
    
    <testcase classname="ivar_trim (Test #4)" name="3" time="35.86325764656067">
        
            
            <system-out><![CDATA[
            
            ]]></system-out>
            <system-err><![CDATA[
            Found 68 primers in BED fileReading from sorted.bamMinimum Read Length based on 1000 reads: 125-------Results: Primer NameRead Count400_1_out_R156400_2_out_L227400_2_out_R238400_3_out_L*76400_3_out_R*76400_4_out_L91400_4_out_R98400_5_out_L1548400_5_out_R1541400_6_out_L37400_6_out_R38400_7_out_L540400_7_out_R538400_8_out_L*143400_8_out_R*143400_9_out_L*90400_9_out_R*93400_10_out_L400400_10_out_R402400_11_out_L2536400_11_out_R2534400_12_out_L146400_12_out_R141400_13_out_L299400_13_out_R307400_14_out_L*676400_14_out_R*671400_15_out_L183400_15_out_R180400_16_out_L*419400_16_out_R*417400_17_out_L**2322400_17_out_R**2315400_18_out_L**32400_18_out_R**6400_19_out_L67400_19_out_R69400_20_out_L*1653400_20_out_R*1681400_21_out_L*18400_21_out_R*13400_22_out_L**18400_22_out_R**2400_23_out_L297400_23_out_R292400_24_out_L**61400_24_out_R**68400_25_out_L**4363400_25_out_R**4382400_26_out_L310400_26_out_R305400_27_out_L95400_27_out_R21400_28_out_L17400_28_out_R17400_29_out_L185400_29_out_R187400_30_out_L1512400_30_out_R1510400_31_out_L266400_31_out_R273400_32_out_L413400_32_out_R411400_33_out_L*546400_33_out_R*536400_34_out_L*699400_34_out_R*699400_35_out_L0Trimmed primers from 99.17% (40620) of reads.18.42% (7545) of reads were quality trimmed below the minimum length of 125 bp and were not written to file.0.67% (274) of reads that started outside of primer regions were not written to file0.57% (232) of reads had their insert size smaller than their read length[bam_sort_core] merging from 0 files and 8 in-memory blocks...
            ]]></system-err>
        
    </testcase>
    
    <testcase classname="ivar_trim (Test #5)" name="4" time="">
        
            <error type="error" message=""><![CDATA[
                { "status": "skip", "test_index": 4, "tool_id": "ivar_trim", "tool_version": "1.4.3+galaxy0"}
            ]]></error>
        
    </testcase>
    
    <testcase classname="ivar_trim (Test #6)" name="5" time="">
        
            <error type="error" message=""><![CDATA[
                { "status": "skip", "test_index": 5, "tool_id": "ivar_trim", "tool_version": "1.4.3+galaxy0"}
            ]]></error>
        
    </testcase>
    
    <testcase classname="limma_voom (Test #1)" name="0" time="93.78486323356628">
        
            
            <system-out><![CDATA[
            Warning message:In Sys.setlocale("LC_MESSAGES", "en_US.UTF-8") :  OS reports request to set locale to "en_US.UTF-8" cannot be honored[1] "Extracting counts"[1] "Generating DGEList object"[1] "Generating Design"[1] "Calculating Normalisation Factors"[1] "Generating Contrasts"[1] "Generating MDS plot"[1] "Generating DE results"
            ]]></system-out>
            <system-err><![CDATA[
            Warning message:In Sys.setlocale("LC_MESSAGES", "en_US.UTF-8") :  OS reports request to set locale to "en_US.UTF-8" cannot be honored
            ]]></system-err>
        
    </testcase>
    
    <testcase classname="limma_voom (Test #1)" name="0" time="51.08972764015198">
        
            
            <system-out><![CDATA[
            Warning message:In Sys.setlocale("LC_MESSAGES", "en_US.UTF-8") :  OS reports request to set locale to "en_US.UTF-8" cannot be honored[1] "Extracting counts"[1] "Generating DGEList object"[1] "Generating Design"[1] "Calculating Normalisation Factors"[1] "Generating Contrasts"[1] "Generating MDS plot"[1] "Generating DE results"
            ]]></system-out>
            <system-err><![CDATA[
            Warning message:In Sys.setlocale("LC_MESSAGES", "en_US.UTF-8") :  OS reports request to set locale to "en_US.UTF-8" cannot be honored
            ]]></system-err>
        
    </testcase>
    
    <testcase classname="limma_voom (Test #2)" name="1" time="50.905091524124146">
        
            
            <system-out><![CDATA[
            Warning message:In Sys.setlocale("LC_MESSAGES", "en_US.UTF-8") :  OS reports request to set locale to "en_US.UTF-8" cannot be honored[1] "Extracting counts"[1] "Generating DGEList object"[1] "Generating Design"[1] "Calculating Normalisation Factors"[1] "Generating Contrasts"[1] "Generating MDS plot"[1] "Generating DE results"
            ]]></system-out>
            <system-err><![CDATA[
            Warning message:In Sys.setlocale("LC_MESSAGES", "en_US.UTF-8") :  OS reports request to set locale to "en_US.UTF-8" cannot be honored
            ]]></system-err>
        
    </testcase>
    
    <testcase classname="limma_voom (Test #2)" name="1" time="51.72364783287048">
        
            
            <system-out><![CDATA[
            Warning message:In Sys.setlocale("LC_MESSAGES", "en_US.UTF-8") :  OS reports request to set locale to "en_US.UTF-8" cannot be honored[1] "Extracting counts"[1] "Generating DGEList object"[1] "Generating Design"[1] "Calculating Normalisation Factors"[1] "Generating Contrasts"[1] "Generating MDS plot"[1] "Generating DE results"
            ]]></system-out>
            <system-err><![CDATA[
            Warning message:In Sys.setlocale("LC_MESSAGES", "en_US.UTF-8") :  OS reports request to set locale to "en_US.UTF-8" cannot be honored
            ]]></system-err>
        
    </testcase>
    
    <testcase classname="limma_voom (Test #11)" name="10" time="51.782695293426514">
        
            
            <system-out><![CDATA[
            Warning message:In Sys.setlocale("LC_MESSAGES", "en_US.UTF-8") :  OS reports request to set locale to "en_US.UTF-8" cannot be honored[1] "Extracting counts"[1] "Generating DGEList object"[1] "Generating Design"[1] "Calculating Normalisation Factors"[1] "Generating Contrasts"[1] "Generating MDS plot"[1] "Generating DE results"
            ]]></system-out>
            <system-err><![CDATA[
            Warning message:In Sys.setlocale("LC_MESSAGES", "en_US.UTF-8") :  OS reports request to set locale to "en_US.UTF-8" cannot be honored
            ]]></system-err>
        
    </testcase>
    
    <testcase classname="limma_voom (Test #11)" name="10" time="49.34703588485718">
        
            
            <system-out><![CDATA[
            Warning message:In Sys.setlocale("LC_MESSAGES", "en_US.UTF-8") :  OS reports request to set locale to "en_US.UTF-8" cannot be honored[1] "Extracting counts"[1] "Generating DGEList object"[1] "Generating Design"[1] "Calculating Normalisation Factors"[1] "Generating Contrasts"[1] "Generating MDS plot"[1] "Generating DE results"
            ]]></system-out>
            <system-err><![CDATA[
            Warning message:In Sys.setlocale("LC_MESSAGES", "en_US.UTF-8") :  OS reports request to set locale to "en_US.UTF-8" cannot be honored
            ]]></system-err>
        
    </testcase>
    
    <testcase classname="limma_voom (Test #3)" name="2" time="51.292113065719604">
        
            
            <system-out><![CDATA[
            Warning message:In Sys.setlocale("LC_MESSAGES", "en_US.UTF-8") :  OS reports request to set locale to "en_US.UTF-8" cannot be honored[1] "Extracting counts"[1] "Generating DGEList object"[1] "Generating Design"[1] "Calculating Normalisation Factors"[1] "Generating Contrasts"[1] "Generating MDS plot"[1] "Generating DE results"[1] "Saving RData"
            ]]></system-out>
            <system-err><![CDATA[
            Warning message:In Sys.setlocale("LC_MESSAGES", "en_US.UTF-8") :  OS reports request to set locale to "en_US.UTF-8" cannot be honored
            ]]></system-err>
        
    </testcase>
    
    <testcase classname="limma_voom (Test #3)" name="2" time="50.12099647521973">
        
            
            <system-out><![CDATA[
            Warning message:In Sys.setlocale("LC_MESSAGES", "en_US.UTF-8") :  OS reports request to set locale to "en_US.UTF-8" cannot be honored[1] "Extracting counts"[1] "Generating DGEList object"[1] "Generating Design"[1] "Calculating Normalisation Factors"[1] "Generating Contrasts"[1] "Generating MDS plot"[1] "Generating DE results"[1] "Saving RData"
            ]]></system-out>
            <system-err><![CDATA[
            Warning message:In Sys.setlocale("LC_MESSAGES", "en_US.UTF-8") :  OS reports request to set locale to "en_US.UTF-8" cannot be honored
            ]]></system-err>
        
    </testcase>
    
    <testcase classname="limma_voom (Test #4)" name="3" time="51.46200680732727">
        
            
            <system-out><![CDATA[
            Warning message:In Sys.setlocale("LC_MESSAGES", "en_US.UTF-8") :  OS reports request to set locale to "en_US.UTF-8" cannot be honored[1] "Extracting counts"[1] "Generating DGEList object"[1] "Generating Design"[1] "Calculating Normalisation Factors"[1] "Generating Contrasts"[1] "Generating MDS plot"[1] "Generating DE results"
            ]]></system-out>
            <system-err><![CDATA[
            Warning message:In Sys.setlocale("LC_MESSAGES", "en_US.UTF-8") :  OS reports request to set locale to "en_US.UTF-8" cannot be honored
            ]]></system-err>
        
    </testcase>
    
    <testcase classname="limma_voom (Test #4)" name="3" time="47.797165632247925">
        
            
            <system-out><![CDATA[
            Warning message:In Sys.setlocale("LC_MESSAGES", "en_US.UTF-8") :  OS reports request to set locale to "en_US.UTF-8" cannot be honored[1] "Extracting counts"[1] "Generating DGEList object"[1] "Generating Design"[1] "Calculating Normalisation Factors"[1] "Generating Contrasts"[1] "Generating MDS plot"[1] "Generating DE results"
            ]]></system-out>
            <system-err><![CDATA[
            Warning message:In Sys.setlocale("LC_MESSAGES", "en_US.UTF-8") :  OS reports request to set locale to "en_US.UTF-8" cannot be honored
            ]]></system-err>
        
    </testcase>
    
    <testcase classname="limma_voom (Test #5)" name="4" time="50.05778908729553">
        
            
            <system-out><![CDATA[
            Warning message:In Sys.setlocale("LC_MESSAGES", "en_US.UTF-8") :  OS reports request to set locale to "en_US.UTF-8" cannot be honored[1] "Extracting counts"[1] "Generating DGEList object"[1] "Generating Design"[1] "Calculating Normalisation Factors"[1] "Generating Contrasts"[1] "Generating MDS plot"[1] "Generating DE results"
            ]]></system-out>
            <system-err><![CDATA[
            Warning message:In Sys.setlocale("LC_MESSAGES", "en_US.UTF-8") :  OS reports request to set locale to "en_US.UTF-8" cannot be honored
            ]]></system-err>
        
    </testcase>
    
    <testcase classname="limma_voom (Test #5)" name="4" time="49.424660444259644">
        
            
            <system-out><![CDATA[
            Warning message:In Sys.setlocale("LC_MESSAGES", "en_US.UTF-8") :  OS reports request to set locale to "en_US.UTF-8" cannot be honored[1] "Extracting counts"[1] "Generating DGEList object"[1] "Generating Design"[1] "Calculating Normalisation Factors"[1] "Generating Contrasts"[1] "Generating MDS plot"[1] "Generating DE results"
            ]]></system-out>
            <system-err><![CDATA[
            Warning message:In Sys.setlocale("LC_MESSAGES", "en_US.UTF-8") :  OS reports request to set locale to "en_US.UTF-8" cannot be honored
            ]]></system-err>
        
    </testcase>
    
    <testcase classname="limma_voom (Test #6)" name="5" time="50.87515187263489">
        
            
            <system-out><![CDATA[
            Warning message:In Sys.setlocale("LC_MESSAGES", "en_US.UTF-8") :  OS reports request to set locale to "en_US.UTF-8" cannot be honored[1] "Extracting counts"[1] "Outputting filtered counts"[1] "Generating DGEList object"[1] "Generating Design"[1] "Calculating Normalisation Factors"[1] "Generating Contrasts"[1] "Generating MDS plot"[1] "Generating DE results"
            ]]></system-out>
            <system-err><![CDATA[
            Warning message:In Sys.setlocale("LC_MESSAGES", "en_US.UTF-8") :  OS reports request to set locale to "en_US.UTF-8" cannot be honored
            ]]></system-err>
        
    </testcase>
    
    <testcase classname="limma_voom (Test #6)" name="5" time="49.55803036689758">
        
            
            <system-out><![CDATA[
            Warning message:In Sys.setlocale("LC_MESSAGES", "en_US.UTF-8") :  OS reports request to set locale to "en_US.UTF-8" cannot be honored[1] "Extracting counts"[1] "Outputting filtered counts"[1] "Generating DGEList object"[1] "Generating Design"[1] "Calculating Normalisation Factors"[1] "Generating Contrasts"[1] "Generating MDS plot"[1] "Generating DE results"
            ]]></system-out>
            <system-err><![CDATA[
            Warning message:In Sys.setlocale("LC_MESSAGES", "en_US.UTF-8") :  OS reports request to set locale to "en_US.UTF-8" cannot be honored
            ]]></system-err>
        
    </testcase>
    
    <testcase classname="limma_voom (Test #7)" name="6" time="11.331455945968628">
        
            <error type="error" message="Input staging problem: Job in error state.. tool_id: upload1, exit_code: None, stderr: ."><![CDATA[
                { "execution_problem": "Input staging problem: Job in error state.. tool_id: upload1, exit_code: None, stderr: .", "status": "error", "test_index": 6, "time_seconds": 11.331455945968628, "tool_id": "limma_voom", "tool_version": "3.58.1+galaxy0"}
            ]]></error>
        
    </testcase>
    
    <testcase classname="limma_voom (Test #7)" name="6" time="99.02479147911072">
        
            
            <system-out><![CDATA[
            Warning message:In Sys.setlocale("LC_MESSAGES", "en_US.UTF-8") :  OS reports request to set locale to "en_US.UTF-8" cannot be honored[1] "Extracting counts"[1] "Generating DGEList object"[1] "Generating Design"[1] "Calculating Normalisation Factors"[1] "Generating Contrasts"[1] "Generating MDS plot"[1] "Generating DE results"
            ]]></system-out>
            <system-err><![CDATA[
            Warning message:In Sys.setlocale("LC_MESSAGES", "en_US.UTF-8") :  OS reports request to set locale to "en_US.UTF-8" cannot be honored
            ]]></system-err>
        
    </testcase>
    
    <testcase classname="limma_voom (Test #8)" name="7" time="82.04919719696045">
        
            
            <system-out><![CDATA[
            Warning message:In Sys.setlocale("LC_MESSAGES", "en_US.UTF-8") :  OS reports request to set locale to "en_US.UTF-8" cannot be honored[1] "Extracting counts"[1] "Generating DGEList object"[1] "Generating Design"[1] "Calculating Normalisation Factors"[1] "Generating Contrasts"[1] "Generating MDS plot"[1] "Generating DE results"
            ]]></system-out>
            <system-err><![CDATA[
            Warning message:In Sys.setlocale("LC_MESSAGES", "en_US.UTF-8") :  OS reports request to set locale to "en_US.UTF-8" cannot be honored
            ]]></system-err>
        
    </testcase>
    
    <testcase classname="limma_voom (Test #8)" name="7" time="51.46642303466797">
        
            
            <system-out><![CDATA[
            Warning message:In Sys.setlocale("LC_MESSAGES", "en_US.UTF-8") :  OS reports request to set locale to "en_US.UTF-8" cannot be honored[1] "Extracting counts"[1] "Generating DGEList object"[1] "Generating Design"[1] "Calculating Normalisation Factors"[1] "Generating Contrasts"[1] "Generating MDS plot"[1] "Generating DE results"
            ]]></system-out>
            <system-err><![CDATA[
            Warning message:In Sys.setlocale("LC_MESSAGES", "en_US.UTF-8") :  OS reports request to set locale to "en_US.UTF-8" cannot be honored
            ]]></system-err>
        
    </testcase>
    
    <testcase classname="limma_voom (Test #9)" name="8" time="52.51940131187439">
        
            
            <system-out><![CDATA[
            Warning message:In Sys.setlocale("LC_MESSAGES", "en_US.UTF-8") :  OS reports request to set locale to "en_US.UTF-8" cannot be honored[1] "Extracting counts"[1] "Generating DGEList object"[1] "Generating Design"[1] "Calculating Normalisation Factors"[1] "Generating Contrasts"[1] "Generating MDS plot"[1] "Generating DE results"
            ]]></system-out>
            <system-err><![CDATA[
            Warning message:In Sys.setlocale("LC_MESSAGES", "en_US.UTF-8") :  OS reports request to set locale to "en_US.UTF-8" cannot be honored
            ]]></system-err>
        
    </testcase>
    
    <testcase classname="limma_voom (Test #9)" name="8" time="52.89214873313904">
        
            
            <system-out><![CDATA[
            Warning message:In Sys.setlocale("LC_MESSAGES", "en_US.UTF-8") :  OS reports request to set locale to "en_US.UTF-8" cannot be honored[1] "Extracting counts"[1] "Generating DGEList object"[1] "Generating Design"[1] "Calculating Normalisation Factors"[1] "Generating Contrasts"[1] "Generating MDS plot"[1] "Generating DE results"
            ]]></system-out>
            <system-err><![CDATA[
            Warning message:In Sys.setlocale("LC_MESSAGES", "en_US.UTF-8") :  OS reports request to set locale to "en_US.UTF-8" cannot be honored
            ]]></system-err>
        
    </testcase>
    
    <testcase classname="limma_voom (Test #10)" name="9" time="53.861799001693726">
        
            
            <system-out><![CDATA[
            Warning message:In Sys.setlocale("LC_MESSAGES", "en_US.UTF-8") :  OS reports request to set locale to "en_US.UTF-8" cannot be honored[1] "Extracting counts"[1] "Generating DGEList object"[1] "Generating Design"[1] "Calculating Normalisation Factors"[1] "Generating Contrasts"[1] "Generating MDS plot"[1] "Generating DE results"
            ]]></system-out>
            <system-err><![CDATA[
            Warning message:In Sys.setlocale("LC_MESSAGES", "en_US.UTF-8") :  OS reports request to set locale to "en_US.UTF-8" cannot be honored
            ]]></system-err>
        
    </testcase>
    
    <testcase classname="limma_voom (Test #10)" name="9" time="52.725119829177856">
        
            
            <system-out><![CDATA[
            Warning message:In Sys.setlocale("LC_MESSAGES", "en_US.UTF-8") :  OS reports request to set locale to "en_US.UTF-8" cannot be honored[1] "Extracting counts"[1] "Generating DGEList object"[1] "Generating Design"[1] "Calculating Normalisation Factors"[1] "Generating Contrasts"[1] "Generating MDS plot"[1] "Generating DE results"
            ]]></system-out>
            <system-err><![CDATA[
            Warning message:In Sys.setlocale("LC_MESSAGES", "en_US.UTF-8") :  OS reports request to set locale to "en_US.UTF-8" cannot be honored
            ]]></system-err>
        
    </testcase>
    
    <testcase classname="mummer_mummer (Test #1)" name="0" time="60.36017656326294">
        
            
            <system-out><![CDATA[
            gnuplot 5.4 patchlevel 8
            ]]></system-out>
            <system-err><![CDATA[
            Reading mummer file /galaxy/server/database/objects/7/7/e/dataset_77edd618-9356-4492-b8fb-0601fb756b0d.dat (use mummer -c)Writing plot files out.fplot, out.rplot, out.hplotWriting gnuplot script out.gpRendering plot out.pngWARNING: Unable to run 'false out.gp', Inappropriate ioctl for device
            ]]></system-err>
        
    </testcase>
    
    <testcase classname="music_construct_eset (Test #1)" name="0" time="60.21856689453125">
        
            
            <system-out><![CDATA[
            
            ]]></system-out>
            <system-err><![CDATA[
            
            ]]></system-err>
        
    </testcase>
    
    <testcase classname="music_construct_eset (Test #1)" name="0" time="37.64696025848389">
        
            
            <system-out><![CDATA[
            
            ]]></system-out>
            <system-err><![CDATA[
            
            ]]></system-err>
        
    </testcase>
    
    <testcase classname="porechop (Test #1)" name="0" time="12.331929445266724">
        
            <error type="error" message="Input staging problem: Job in error state.. tool_id: upload1, exit_code: None, stderr: ."><![CDATA[
                { "execution_problem": "Input staging problem: Job in error state.. tool_id: upload1, exit_code: None, stderr: .", "status": "error", "test_index": 0, "time_seconds": 12.331929445266724, "tool_id": "porechop", "tool_version": "0.2.4+galaxy0"}
            ]]></error>
        
    </testcase>
    
    <testcase classname="porechop (Test #2)" name="1" time="38.00207877159119">
        
            
            <system-out><![CDATA[
            [1m[4mLoading reads[0m/galaxy/server/database/objects/0/5/0/dataset_050b6c2c-f1f5-448a-88df-cdfe81ac1371.dat9 reads loaded[1m[4mLooking for known adapter sets[0m0 / 9 (0.0%)9 / 9 (100.0%)9 / 9 (100.0%)                                        Best               [0m                                        read       Best    [0m                                        start      read end[0m  [4mSet                                   %ID        %ID     [0m  [32mSQK-NSK007                                96.4       95.5[0m  Rapid                                     62.5        0.0  RBK004_upstream                           72.7        0.0  SQK-MAP006                                62.2       63.6  SQK-MAP006 short                          60.7       60.0  PCR adapters 1                            66.7       73.9  PCR adapters 2                            66.7       63.6  PCR adapters 3                            68.0       72.0  1D^2 part 1                               62.1       58.8  1D^2 part 2                               79.4       68.8  cDNA SSP                                  57.1       61.4  Barcode 1 (reverse)                       59.4       66.7  Barcode 2 (reverse)                       66.7       63.0  Barcode 3 (reverse)                       69.2       72.0  Barcode 4 (reverse)                       66.7       63.3  Barcode 5 (reverse)                       62.5       66.7  Barcode 6 (reverse)                       73.1       62.5  Barcode 7 (reverse)                       65.4       65.5  Barcode 8 (reverse)                       69.2       58.3  Barcode 9 (reverse)                       75.0       66.7  Barcode 10 (reverse)                      62.5       60.0  Barcode 11 (reverse)                      69.2       60.5  Barcode 12 (reverse)                      65.6       64.0  Barcode 1 (forward)                       65.4       61.5  Barcode 2 (forward)                       69.2       70.4  Barcode 3 (forward)                       73.1       68.0  Barcode 4 (forward)                       73.1       64.3  Barcode 5 (forward)                       62.5       66.7  Barcode 6 (forward)                       65.5       65.6  Barcode 7 (forward)                       73.1       66.7  Barcode 8 (forward)                       62.1       60.7  Barcode 9 (forward)                       68.0       70.8  Barcode 10 (forward)                      69.2       66.7  Barcode 11 (forward)                      65.4       60.7  Barcode 12 (forward)                      64.3       66.7  Barcode 13 (forward)                      64.3       69.2  Barcode 14 (forward)                      63.3       66.7  Barcode 15 (forward)                      66.7       66.7  Barcode 16 (forward)                      70.8       65.5  Barcode 17 (forward)                      69.2       66.7  Barcode 18 (forward)                      70.4       70.4  Barcode 19 (forward)                      65.5       64.0  Barcode 20 (forward)                      65.5       64.0  Barcode 21 (forward)                      64.3       66.7  Barcode 22 (forward)                      69.2       68.0  Barcode 23 (forward)                      61.5       66.7  Barcode 24 (forward)                      66.7       65.4  Barcode 25 (forward)                      64.0       65.5  Barcode 26 (forward)                      72.0       72.0  Barcode 27 (forward)                      77.8       60.7  Barcode 28 (forward)                      65.5       66.7  Barcode 29 (forward)                      62.5       66.7  Barcode 30 (forward)                      68.0       65.4  Barcode 31 (forward)                      62.5       69.2  Barcode 32 (forward)                      68.0       70.8  Barcode 33 (forward)                      62.5       70.4  Barcode 34 (forward)                      64.0       62.5  Barcode 35 (forward)                      65.5       65.4  Barcode 36 (forward)                      63.0       63.0  Barcode 37 (forward)                      67.9       64.3  Barcode 38 (forward)                      64.0       62.1  Barcode 39 (forward)                      64.0       69.2  Barcode 40 (forward)                      62.5       64.0  Barcode 41 (forward)                      68.0       65.5  Barcode 42 (forward)                      70.4       69.2  Barcode 43 (forward)                      63.3       63.3  Barcode 44 (forward)                      60.0       66.7  Barcode 45 (forward)                      73.1       65.4  Barcode 46 (forward)                      65.4       60.7  Barcode 47 (forward)                      65.5       64.0  Barcode 48 (forward)                      71.4       62.1  Barcode 49 (forward)                      69.2       62.1  Barcode 50 (forward)                      66.7       63.0  Barcode 51 (forward)                      69.2       64.3  Barcode 52 (forward)                      66.7       64.0  Barcode 53 (forward)                      67.9       69.0  Barcode 54 (forward)                      69.2       64.0  Barcode 55 (forward)                      66.7       73.1  Barcode 56 (forward)                      66.7       72.0  Barcode 57 (forward)                      69.0       60.0  Barcode 58 (forward)                      70.4       72.0  Barcode 59 (forward)                      56.7       66.7  Barcode 60 (forward)                      66.7       66.7  Barcode 61 (forward)                      70.8       65.5  Barcode 62 (forward)                      66.7       68.0  Barcode 63 (forward)                      66.7       60.7  Barcode 64 (forward)                      69.2       66.7  Barcode 65 (forward)                      61.5       69.0  Barcode 66 (forward)                      64.3       63.0  Barcode 67 (forward)                      66.7       67.9  Barcode 68 (forward)                      67.9       69.2  Barcode 69 (forward)                      69.2       75.0  Barcode 70 (forward)                      64.3       73.1  Barcode 71 (forward)                      64.0       71.4  Barcode 72 (forward)                      66.7       62.1  Barcode 73 (forward)                      67.7       64.0  Barcode 74 (forward)                      64.5       68.0  Barcode 75 (forward)                      65.4       65.5  Barcode 76 (forward)                      70.4       70.8  Barcode 77 (forward)                      65.4       64.3  Barcode 78 (forward)                      67.7       63.0  Barcode 79 (forward)                      70.8       69.2  Barcode 80 (forward)                      71.4       72.0  Barcode 81 (forward)                      68.0       66.7  Barcode 82 (forward)                      64.7       66.7  Barcode 83 (forward)                      69.2       68.0  Barcode 84 (forward)                      70.8       67.9  Barcode 85 (forward)                      61.5       60.0  Barcode 86 (forward)                      64.3       65.4  Barcode 87 (forward)                      66.7       65.4  Barcode 88 (forward)                      63.3       60.7  Barcode 89 (forward)                      69.2       66.7  Barcode 90 (forward)                      66.7       64.0  Barcode 91 (forward)                      68.0       64.3  Barcode 92 (forward)                      65.5       68.0  Barcode 93 (forward)                      69.2       73.1  Barcode 94 (forward)                      63.0       68.0  Barcode 95 (forward)                      64.0       63.3  Barcode 96 (forward)                      69.0       68.0[1m[4mTrimming adapters from read ends[0m     SQK-NSK007_Y_Top: [31mAATGTACTTCGTTCAGTTACGTATTGCT[0m  SQK-NSK007_Y_Bottom: [31mGCAATACGTAACTGAACGAAGT[0m0 / 9 (0.0%)9 / 9 (100.0%)9 / 9 (100.0%)4 / 9 reads had adapters trimmed from their start (74 bp removed)3 / 9 reads had adapters trimmed from their end (49 bp removed)[1m[4mSplitting reads containing middle adapters[0m0 / 9 (0.0%)9 / 9 (100.0%)10 / 9 (111.1%)9 / 9 (100.0%)4 / 9 reads were split based on middle adapters[1m[4mSaving trimmed reads to file[0mSaved result to /galaxy/server/database/jobs_directory/000/20/working/out.fastq
            ]]></system-out>
            <system-err><![CDATA[
            
            ]]></system-err>
        
    </testcase>
    
    <testcase classname="porechop (Test #3)" name="2" time="11.446395874023438">
        
            <error type="error" message="Input staging problem: Job in error state.. tool_id: upload1, exit_code: None, stderr: ."><![CDATA[
                { "execution_problem": "Input staging problem: Job in error state.. tool_id: upload1, exit_code: None, stderr: .", "status": "error", "test_index": 2, "time_seconds": 11.446395874023438, "tool_id": "porechop", "tool_version": "0.2.4+galaxy0"}
            ]]></error>
        
    </testcase>
    
    <testcase classname="porechop (Test #4)" name="3" time="33.43173885345459">
        
            
            <system-out><![CDATA[
            [1m[4mLoading reads[0m/galaxy/server/database/objects/d/4/e/dataset_d4e3d081-7a59-49f1-9c1a-a0bb50515913.dat9 reads loaded[1m[4mLooking for known adapter sets[0m0 / 9 (0.0%)9 / 9 (100.0%)9 / 9 (100.0%)                                        Best               [0m                                        read       Best    [0m                                        start      read end[0m  [4mSet                                   %ID        %ID     [0m  [32mSQK-NSK007                                96.4       95.5[0m  Rapid                                     62.5        0.0  RBK004_upstream                           72.7        0.0  SQK-MAP006                                62.2       63.6  SQK-MAP006 short                          60.7       60.0  PCR adapters 1                            66.7       73.9  PCR adapters 2                            66.7       63.6  PCR adapters 3                            68.0       72.0  1D^2 part 1                               62.1       58.8  1D^2 part 2                               79.4       68.8  cDNA SSP                                  57.1       61.4  Barcode 1 (reverse)                       59.4       66.7  Barcode 2 (reverse)                       66.7       63.0  Barcode 3 (reverse)                       69.2       72.0  Barcode 4 (reverse)                       66.7       63.3  Barcode 5 (reverse)                       62.5       66.7  Barcode 6 (reverse)                       73.1       62.5  Barcode 7 (reverse)                       65.4       65.5  Barcode 8 (reverse)                       69.2       58.3  Barcode 9 (reverse)                       75.0       66.7  Barcode 10 (reverse)                      62.5       60.0  Barcode 11 (reverse)                      69.2       60.5  Barcode 12 (reverse)                      65.6       64.0  Barcode 1 (forward)                       65.4       61.5  Barcode 2 (forward)                       69.2       70.4  Barcode 3 (forward)                       73.1       68.0  Barcode 4 (forward)                       73.1       64.3  Barcode 5 (forward)                       62.5       66.7  Barcode 6 (forward)                       65.5       65.6  Barcode 7 (forward)                       73.1       66.7  Barcode 8 (forward)                       62.1       60.7  Barcode 9 (forward)                       68.0       70.8  Barcode 10 (forward)                      69.2       66.7  Barcode 11 (forward)                      65.4       60.7  Barcode 12 (forward)                      64.3       66.7  Barcode 13 (forward)                      64.3       69.2  Barcode 14 (forward)                      63.3       66.7  Barcode 15 (forward)                      66.7       66.7  Barcode 16 (forward)                      70.8       65.5  Barcode 17 (forward)                      69.2       66.7  Barcode 18 (forward)                      70.4       70.4  Barcode 19 (forward)                      65.5       64.0  Barcode 20 (forward)                      65.5       64.0  Barcode 21 (forward)                      64.3       66.7  Barcode 22 (forward)                      69.2       68.0  Barcode 23 (forward)                      61.5       66.7  Barcode 24 (forward)                      66.7       65.4  Barcode 25 (forward)                      64.0       65.5  Barcode 26 (forward)                      72.0       72.0  Barcode 27 (forward)                      77.8       60.7  Barcode 28 (forward)                      65.5       66.7  Barcode 29 (forward)                      62.5       66.7  Barcode 30 (forward)                      68.0       65.4  Barcode 31 (forward)                      62.5       69.2  Barcode 32 (forward)                      68.0       70.8  Barcode 33 (forward)                      62.5       70.4  Barcode 34 (forward)                      64.0       62.5  Barcode 35 (forward)                      65.5       65.4  Barcode 36 (forward)                      63.0       63.0  Barcode 37 (forward)                      67.9       64.3  Barcode 38 (forward)                      64.0       62.1  Barcode 39 (forward)                      64.0       69.2  Barcode 40 (forward)                      62.5       64.0  Barcode 41 (forward)                      68.0       65.5  Barcode 42 (forward)                      70.4       69.2  Barcode 43 (forward)                      63.3       63.3  Barcode 44 (forward)                      60.0       66.7  Barcode 45 (forward)                      73.1       65.4  Barcode 46 (forward)                      65.4       60.7  Barcode 47 (forward)                      65.5       64.0  Barcode 48 (forward)                      71.4       62.1  Barcode 49 (forward)                      69.2       62.1  Barcode 50 (forward)                      66.7       63.0  Barcode 51 (forward)                      69.2       64.3  Barcode 52 (forward)                      66.7       64.0  Barcode 53 (forward)                      67.9       69.0  Barcode 54 (forward)                      69.2       64.0  Barcode 55 (forward)                      66.7       73.1  Barcode 56 (forward)                      66.7       72.0  Barcode 57 (forward)                      69.0       60.0  Barcode 58 (forward)                      70.4       72.0  Barcode 59 (forward)                      56.7       66.7  Barcode 60 (forward)                      66.7       66.7  Barcode 61 (forward)                      70.8       65.5  Barcode 62 (forward)                      66.7       68.0  Barcode 63 (forward)                      66.7       60.7  Barcode 64 (forward)                      69.2       66.7  Barcode 65 (forward)                      61.5       69.0  Barcode 66 (forward)                      64.3       63.0  Barcode 67 (forward)                      66.7       67.9  Barcode 68 (forward)                      67.9       69.2  Barcode 69 (forward)                      69.2       75.0  Barcode 70 (forward)                      64.3       73.1  Barcode 71 (forward)                      64.0       71.4  Barcode 72 (forward)                      66.7       62.1  Barcode 73 (forward)                      67.7       64.0  Barcode 74 (forward)                      64.5       68.0  Barcode 75 (forward)                      65.4       65.5  Barcode 76 (forward)                      70.4       70.8  Barcode 77 (forward)                      65.4       64.3  Barcode 78 (forward)                      67.7       63.0  Barcode 79 (forward)                      70.8       69.2  Barcode 80 (forward)                      71.4       72.0  Barcode 81 (forward)                      68.0       66.7  Barcode 82 (forward)                      64.7       66.7  Barcode 83 (forward)                      69.2       68.0  Barcode 84 (forward)                      70.8       67.9  Barcode 85 (forward)                      61.5       60.0  Barcode 86 (forward)                      64.3       65.4  Barcode 87 (forward)                      66.7       65.4  Barcode 88 (forward)                      63.3       60.7  Barcode 89 (forward)                      69.2       66.7  Barcode 90 (forward)                      66.7       64.0  Barcode 91 (forward)                      68.0       64.3  Barcode 92 (forward)                      65.5       68.0  Barcode 93 (forward)                      69.2       73.1  Barcode 94 (forward)                      63.0       68.0  Barcode 95 (forward)                      64.0       63.3  Barcode 96 (forward)                      69.0       68.0[1m[4mTrimming adapters from read ends[0m     SQK-NSK007_Y_Top: [31mAATGTACTTCGTTCAGTTACGTATTGCT[0m  SQK-NSK007_Y_Bottom: [31mGCAATACGTAACTGAACGAAGT[0m0 / 9 (0.0%)9 / 9 (100.0%)9 / 9 (100.0%)4 / 9 reads had adapters trimmed from their start (74 bp removed)3 / 9 reads had adapters trimmed from their end (49 bp removed)[1m[4mSplitting reads containing middle adapters[0m0 / 9 (0.0%)9 / 9 (100.0%)10 / 9 (111.1%)9 / 9 (100.0%)4 / 9 reads were split based on middle adapters[1m[4mSaving trimmed reads to file[0mpigz not found - using gzip to compressSaved result to /galaxy/server/database/jobs_directory/000/23/working/out.fasta.gz
            ]]></system-out>
            <system-err><![CDATA[
            
            ]]></system-err>
        
    </testcase>
    
    <testcase classname="porechop (Test #5)" name="4" time="11.150184631347656">
        
            <error type="error" message="Input staging problem: Job in error state.. tool_id: upload1, exit_code: None, stderr: ."><![CDATA[
                { "execution_problem": "Input staging problem: Job in error state.. tool_id: upload1, exit_code: None, stderr: .", "status": "error", "test_index": 4, "time_seconds": 11.150184631347656, "tool_id": "porechop", "tool_version": "0.2.4+galaxy0"}
            ]]></error>
        
    </testcase>
    
    <testcase classname="porechop (Test #6)" name="5" time="33.414809703826904">
        
            
            <system-out><![CDATA[
            [1m[4mLoading reads[0m/galaxy/server/database/objects/0/d/1/dataset_0d1e6f6c-5224-434c-85cb-cac3d27280db.dat9 reads loaded[1m[4mLooking for known adapter sets[0m0 / 9 (0.0%)9 / 9 (100.0%)9 / 9 (100.0%)                                        Best               [0m                                        read       Best    [0m                                        start      read end[0m  [4mSet                                   %ID        %ID     [0m  [32mSQK-NSK007                                96.4       95.5[0m  Rapid                                     62.5        0.0  RBK004_upstream                           72.7        0.0  SQK-MAP006                                58.8       63.6  SQK-MAP006 short                          58.6       57.7  PCR adapters 1                            66.7       73.9  PCR adapters 2                            65.4       63.6  PCR adapters 3                            68.0       70.4  1D^2 part 1                               66.7       58.6  1D^2 part 2                               79.4       68.8  cDNA SSP                                  58.7       61.4  Barcode 1 (reverse)                       58.3       66.7  Barcode 2 (reverse)                       66.7       50.0  Barcode 3 (reverse)                       69.2       69.2  Barcode 4 (reverse)                       66.7       61.5  Barcode 5 (reverse)                       62.5       69.2  Barcode 6 (reverse)                       65.4       62.5  Barcode 7 (reverse)                       62.5       65.5  Barcode 8 (reverse)                       59.3       58.3  Barcode 9 (reverse)                       75.0       66.7  Barcode 10 (reverse)                      57.7       60.0  Barcode 11 (reverse)                      69.2       60.5  Barcode 12 (reverse)                      65.6       55.2  Barcode 1 (forward)                       65.4       62.1  Barcode 2 (forward)                       69.2       70.4  Barcode 3 (forward)                       65.4       68.0  Barcode 4 (forward)                       63.3       64.3  Barcode 5 (forward)                       57.1       56.0  Barcode 6 (forward)                       45.7       63.0  Barcode 7 (forward)                       73.1       62.1  Barcode 8 (forward)                       62.1       60.6  Barcode 9 (forward)                       64.3       66.7  Barcode 10 (forward)                      61.8       68.0  Barcode 11 (forward)                      65.4       60.7  Barcode 12 (forward)                      60.6       66.7  Barcode 13 (forward)                      64.5       69.2  Barcode 14 (forward)                      63.3       66.7  Barcode 15 (forward)                      66.7       66.7  Barcode 16 (forward)                      65.5       64.0  Barcode 17 (forward)                      69.2       66.7  Barcode 18 (forward)                      70.4       64.0  Barcode 19 (forward)                      64.5       63.0  Barcode 20 (forward)                      65.5       64.0  Barcode 21 (forward)                      64.3       66.7  Barcode 22 (forward)                      69.2       68.0  Barcode 23 (forward)                      57.9       65.5  Barcode 24 (forward)                      66.7       61.3  Barcode 25 (forward)                      59.4       68.0  Barcode 26 (forward)                      64.3       72.0  Barcode 27 (forward)                      61.3       59.4  Barcode 28 (forward)                      65.4       62.5  Barcode 29 (forward)                      57.7       62.5  Barcode 30 (forward)                      68.0       64.0  Barcode 31 (forward)                      62.1       61.5  Barcode 32 (forward)                      68.0       70.8  Barcode 33 (forward)                      46.2       70.4  Barcode 34 (forward)                      64.0       18.5  Barcode 35 (forward)                      64.3       65.4  Barcode 36 (forward)                      63.0       63.0  Barcode 37 (forward)                      67.9       64.3  Barcode 38 (forward)                      64.0       62.1  Barcode 39 (forward)                      61.5       62.5  Barcode 40 (forward)                      62.5       64.0  Barcode 41 (forward)                      68.0       65.5  Barcode 42 (forward)                      70.4       69.2  Barcode 43 (forward)                      63.3       62.5  Barcode 44 (forward)                      60.0       66.7  Barcode 45 (forward)                      73.1       65.4  Barcode 46 (forward)                      66.7       60.7  Barcode 47 (forward)                      64.3       61.5  Barcode 48 (forward)                      71.4       65.4  Barcode 49 (forward)                      69.2       62.1  Barcode 50 (forward)                      66.7       57.1  Barcode 51 (forward)                      69.2       59.3  Barcode 52 (forward)                      62.5       64.0  Barcode 53 (forward)                      65.4       69.0  Barcode 54 (forward)                      69.2       62.1  Barcode 55 (forward)                      66.7       73.1  Barcode 56 (forward)                      62.5       64.0  Barcode 57 (forward)                      66.7       55.6  Barcode 58 (forward)                      67.7       66.7  Barcode 59 (forward)                      56.7       59.4  Barcode 60 (forward)                      66.7       63.0  Barcode 61 (forward)                      70.8       65.5  Barcode 62 (forward)                      66.7       68.0  Barcode 63 (forward)                      66.7       62.5  Barcode 64 (forward)                      60.7       67.9  Barcode 65 (forward)                      61.5       62.5  Barcode 66 (forward)                      61.5       61.3  Barcode 67 (forward)                      66.7       60.0  Barcode 68 (forward)                      67.9       69.2  Barcode 69 (forward)                      65.5       66.7  Barcode 70 (forward)                      64.3       73.1  Barcode 71 (forward)                      60.7       71.4  Barcode 72 (forward)                      66.7       62.1  Barcode 73 (forward)                      67.7       63.6  Barcode 74 (forward)                      64.5       68.0  Barcode 75 (forward)                      65.4       65.5  Barcode 76 (forward)                      60.6       64.0  Barcode 77 (forward)                      65.4       62.1  Barcode 78 (forward)                      66.7       63.3  Barcode 79 (forward)                      70.8       66.7  Barcode 80 (forward)                      62.5       66.7  Barcode 81 (forward)                      68.0       66.7  Barcode 82 (forward)                      64.0       66.7  Barcode 83 (forward)                      64.0       68.0  Barcode 84 (forward)                      64.5       67.9  Barcode 85 (forward)                      61.5       58.3  Barcode 86 (forward)                      64.3       66.7  Barcode 87 (forward)                      66.7       65.5  Barcode 88 (forward)                      63.3       61.5  Barcode 89 (forward)                      69.0       66.7  Barcode 90 (forward)                      64.3       61.3  Barcode 91 (forward)                      53.3       64.0  Barcode 92 (forward)                      65.5       68.0  Barcode 93 (forward)                      63.3       71.4  Barcode 94 (forward)                      61.5       64.5  Barcode 95 (forward)                      62.1       63.3  Barcode 96 (forward)                      69.0       68.0[1m[4mTrimming adapters from read ends[0m     SQK-NSK007_Y_Top: [31mAATGTACTTCGTTCAGTTACGTATTGCT[0m  SQK-NSK007_Y_Bottom: [31mGCAATACGTAACTGAACGAAGT[0m0 / 9 (0.0%)9 / 9 (100.0%)9 / 9 (100.0%)4 / 9 reads had adapters trimmed from their start (70 bp removed)3 / 9 reads had adapters trimmed from their end (46 bp removed)[1m[4mDiscarding reads containing middle adapters[0m0 / 9 (0.0%)9 / 9 (100.0%)10 / 9 (111.1%)9 / 9 (100.0%)4 / 9 reads were discarded based on middle adapters[1m[4mSaving trimmed reads to file[0mSaved result to /galaxy/server/database/jobs_directory/000/26/working/out.fasta
            ]]></system-out>
            <system-err><![CDATA[
            
            ]]></system-err>
        
    </testcase>
    
    <testcase classname="raceid_clustering (Test #1)" name="0" time="91.87288880348206">
        
            
            <system-out><![CDATA[
            
            ]]></system-out>
            <system-err><![CDATA[
            
            ]]></system-err>
        
    </testcase>
    
    <testcase classname="raceid_clustering (Test #1)" name="0" time="68.68196058273315">
        
            
            <system-out><![CDATA[
            
            ]]></system-out>
            <system-err><![CDATA[
            
            ]]></system-err>
        
    </testcase>
    
    <testcase classname="raceid_clustering (Test #2)" name="1" time="11.72165060043335">
        
            <error type="error" message="Input staging problem: Job in error state.. tool_id: upload1, exit_code: None, stderr: ."><![CDATA[
                { "execution_problem": "Input staging problem: Job in error state.. tool_id: upload1, exit_code: None, stderr: .", "status": "error", "test_index": 1, "time_seconds": 11.72165060043335, "tool_id": "raceid_clustering", "tool_version": "0.2.3+galaxy3"}
            ]]></error>
        
    </testcase>
    
    <testcase classname="raceid_clustering (Test #2)" name="1" time="65.98540902137756">
        
            
            <system-out><![CDATA[
            
            ]]></system-out>
            <system-err><![CDATA[
            
            ]]></system-err>
        
    </testcase>
    
    <testcase classname="raceid_clustering (Test #3)" name="2" time="119.567049741745">
        
            
            <system-out><![CDATA[
            
            ]]></system-out>
            <system-err><![CDATA[
            
            ]]></system-err>
        
    </testcase>
    
    <testcase classname="raceid_clustering (Test #3)" name="2" time="116.80487537384033">
        
            
            <system-out><![CDATA[
            
            ]]></system-out>
            <system-err><![CDATA[
            
            ]]></system-err>
        
    </testcase>
    
    <testcase classname="sam2interval (Test #1)" name="0" time="36.464975357055664">
        
            
            <system-out><![CDATA[
            
            ]]></system-out>
            <system-err><![CDATA[
            
            ]]></system-err>
        
    </testcase>
    
    <testcase classname="sam2interval (Test #2)" name="1" time="32.99571967124939">
        
            
            <system-out><![CDATA[
            
            ]]></system-out>
            <system-err><![CDATA[
            
            ]]></system-err>
        
    </testcase>
    
    <testcase classname="sam2interval (Test #3)" name="2" time="33.09697437286377">
        
            
            <system-out><![CDATA[
            
            ]]></system-out>
            <system-err><![CDATA[
            
            ]]></system-err>
        
    </testcase>
    
    <testcase classname="samtools_flagstat (Test #1)" name="0" time="35.8767147064209">
        
            
            <system-out><![CDATA[
            
            ]]></system-out>
            <system-err><![CDATA[
            
            ]]></system-err>
        
    </testcase>
    
    <testcase classname="samtools_flagstat (Test #2)" name="1" time="32.532119274139404">
        
            
            <system-out><![CDATA[
            
            ]]></system-out>
            <system-err><![CDATA[
            
            ]]></system-err>
        
    </testcase>
    
    <testcase classname="samtools_flagstat (Test #3)" name="2" time="32.07779860496521">
        
            
            <system-out><![CDATA[
            
            ]]></system-out>
            <system-err><![CDATA[
            
            ]]></system-err>
        
    </testcase>
    
    <testcase classname="scanpy_filter (Test #1)" name="0" time="72.97680592536926">
        
            
                <error type="error" message="Tool exit code: 0"><![CDATA[
                    { "inputs": {  "adata": {   "id": "97a1bb2b6bf261cd",   "src": "hda"  },  "advanced_common|show_log": true,  "method|filter|filter": "min_counts",  "method|filter|min_counts": "3",  "method|method": "pp.filter_cells" }, "job": {  "command_line": "cp \u0027/galaxy/server/database/objects/9/e/f/dataset_9ef38551-720b-4b79-8569-bd30f2400561.dat\u0027 \u0027anndata.h5ad\u0027 \u0026\u0026 cat \u0027/galaxy/server/database/jobs_directory/000/134/configs/tmplfflnme0\u0027 \u003e \u0027/galaxy/server/database/objects/d/9/9/dataset_d99c01d8-982d-4a58-af95-4efa8996f546.dat\u0027 \u0026\u0026 python \u0027/galaxy/server/database/jobs_directory/000/134/configs/tmplfflnme0\u0027 \u003e\u003e \u0027/galaxy/server/database/objects/d/9/9/dataset_d99c01d8-982d-4a58-af95-4efa8996f546.dat\u0027 \u0026\u0026 ls . \u003e\u003e \u0027/galaxy/server/database/objects/d/9/9/dataset_d99c01d8-982d-4a58-af95-4efa8996f546.dat\u0027 \u0026\u0026 touch \u0027anndata_info.txt\u0027 \u0026\u0026 cat \u0027anndata_info.txt\u0027  | sed -r \u00271 s|AnnData object with (.+) = (.*)\\s*|\\1: \\2|g\u0027 | sed \"s|\u0027||g\"  | sed -r \u0027s|^\\s*(.*):\\s(.*)|[\\1]\\n-    \\2|g\u0027 | sed \u0027s|, |\\n-    |g\u0027",  "command_version": "scanpy version: 1.9.6",  "copied_from_job_id": null,  "create_time": "2025-02-26T19:17:45.127218",  "dependencies": [],  "exit_code": 0,  "external_id": "gxy-m29pj",  "galaxy_version": "24.1",  "handler": null,  "history_id": "9a6a95ee3efbd1f0",  "id": "878570837c3ba92e",  "inputs": {   "adata": {    "id": "97a1bb2b6bf261cd",    "src": "hda",    "uuid": "9ef38551-720b-4b79-8569-bd30f2400561"   }  },  "job_messages": [],  "job_metrics": [   {    "name": "runtime_seconds",    "plugin": "core",    "raw_value": "4.0000000",    "title": "Job Runtime (Wall Clock)",    "value": "4 seconds"   },   {    "name": "end_epoch",    "plugin": "core",    "raw_value": "1740597497.0000000",    "title": "Job End Time",    "value": "2025-02-26 19:18:17"   },   {    "name": "start_epoch",    "plugin": "core",    "raw_value": "1740597493.0000000",    "title": "Job Start Time",    "value": "2025-02-26 19:18:13"   },   {    "name": "galaxy_memory_mb",    "plugin": "core",    "raw_value": "12240.0000000",    "title": "Memory Allocated (MB)",    "value": "12240"   },   {    "name": "galaxy_slots",    "plugin": "core",    "raw_value": "4.0000000",    "title": "Cores Allocated",    "value": "4"   }  ],  "job_runner_name": null,  "job_stderr": "",  "job_stdout": "",  "model_class": "Job",  "output_collections": {},  "outputs": {   "anndata_out": {    "id": "b35110d498fdea26",    "src": "hda",    "uuid": "bedd86bb-b887-4906-98d9-270dcd1ee668"   },   "hidden_output": {    "id": "b46426c13dbc4c79",    "src": "hda",    "uuid": "d99c01d8-982d-4a58-af95-4efa8996f546"   }  },  "params": {   "__input_ext": "\"input\"",   "advanced_common": "{\"show_log\": true}",   "chromInfo": "\"/cvmfs/data.galaxyproject.org/managed/len/ucsc/?.len\"",   "dbkey": "\"?\"",   "method": "{\"__current_case__\": 0, \"filter\": {\"__current_case__\": 0, \"filter\": \"min_counts\", \"min_counts\": \"3\"}, \"method\": \"pp.filter_cells\"}"  },  "state": "ok",  "stderr": "",  "stdout": "[n_obs \u00d7 n_vars]\n-    336 \u00d7 11\n[obs]\n-    cell_type\n-    n_counts\n[uns]\n-    cell_type_colors\n-    highlights\n-    iroot\n",  "tool_id": "toolshed.g2.bx.psu.edu/repos/iuc/scanpy_filter/scanpy_filter/1.9.6+galaxy4",  "tool_stderr": "",  "tool_stdout": "[n_obs \u00d7 n_vars]\n-    336 \u00d7 11\n[obs]\n-    cell_type\n-    n_counts\n[uns]\n-    cell_type_colors\n-    highlights\n-    iroot\n",  "update_time": "2025-02-26T19:18:37.716674",  "user_email": "tests@fake.org" }, "output_problems": [  "Output anndata_out: Test output file (pp.filter_cells.krumsiek11-min_counts.h5ad) is missing. If you are using planemo, try adding --update_test_data to generate it." ], "status": "failure", "test_index": 0, "time_seconds": 72.97680592536926, "tool_id": "scanpy_filter", "tool_version": "1.9.6+galaxy4"}
                ]]></error>
            
            <system-out><![CDATA[
            [n_obs  n_vars]-    336  11[obs]-    cell_type-    n_counts[uns]-    cell_type_colors-    highlights-    iroot
            ]]></system-out>
            <system-err><![CDATA[
            
            ]]></system-err>
        
    </testcase>
    
    <testcase classname="scanpy_filter (Test #2)" name="1" time="35.23760223388672">
        
            
                <error type="error" message="Tool exit code: 0"><![CDATA[
                    { "inputs": {  "adata": {   "id": "8bda7443ed5d097d",   "src": "hda"  },  "advanced_common|show_log": true,  "method|filter|filter": "max_genes",  "method|filter|max_genes": "100",  "method|method": "pp.filter_cells" }, "job": {  "command_line": "cp \u0027/galaxy/server/database/objects/6/f/6/dataset_6f65eed6-33b8-4f75-b2e5-a651de7a7537.dat\u0027 \u0027anndata.h5ad\u0027 \u0026\u0026 cat \u0027/galaxy/server/database/jobs_directory/000/136/configs/tmp7uxb_8qa\u0027 \u003e \u0027/galaxy/server/database/objects/e/9/d/dataset_e9de03ac-3e91-48d1-a10b-0fad73476da0.dat\u0027 \u0026\u0026 python \u0027/galaxy/server/database/jobs_directory/000/136/configs/tmp7uxb_8qa\u0027 \u003e\u003e \u0027/galaxy/server/database/objects/e/9/d/dataset_e9de03ac-3e91-48d1-a10b-0fad73476da0.dat\u0027 \u0026\u0026 ls . \u003e\u003e \u0027/galaxy/server/database/objects/e/9/d/dataset_e9de03ac-3e91-48d1-a10b-0fad73476da0.dat\u0027 \u0026\u0026 touch \u0027anndata_info.txt\u0027 \u0026\u0026 cat \u0027anndata_info.txt\u0027  | sed -r \u00271 s|AnnData object with (.+) = (.*)\\s*|\\1: \\2|g\u0027 | sed \"s|\u0027||g\"  | sed -r \u0027s|^\\s*(.*):\\s(.*)|[\\1]\\n-    \\2|g\u0027 | sed \u0027s|, |\\n-    |g\u0027",  "command_version": "scanpy version: 1.9.6",  "copied_from_job_id": null,  "create_time": "2025-02-26T19:18:57.304278",  "dependencies": [],  "exit_code": 0,  "external_id": "gxy-cwmmd",  "galaxy_version": "24.1",  "handler": null,  "history_id": "9a6a95ee3efbd1f0",  "id": "132fa1436aa0f2e7",  "inputs": {   "adata": {    "id": "8bda7443ed5d097d",    "src": "hda",    "uuid": "6f65eed6-33b8-4f75-b2e5-a651de7a7537"   }  },  "job_messages": [],  "job_metrics": [   {    "name": "runtime_seconds",    "plugin": "core",    "raw_value": "4.0000000",    "title": "Job Runtime (Wall Clock)",    "value": "4 seconds"   },   {    "name": "end_epoch",    "plugin": "core",    "raw_value": "1740597542.0000000",    "title": "Job End Time",    "value": "2025-02-26 19:19:02"   },   {    "name": "start_epoch",    "plugin": "core",    "raw_value": "1740597538.0000000",    "title": "Job Start Time",    "value": "2025-02-26 19:18:58"   },   {    "name": "galaxy_memory_mb",    "plugin": "core",    "raw_value": "12240.0000000",    "title": "Memory Allocated (MB)",    "value": "12240"   },   {    "name": "galaxy_slots",    "plugin": "core",    "raw_value": "4.0000000",    "title": "Cores Allocated",    "value": "4"   }  ],  "job_runner_name": null,  "job_stderr": "",  "job_stdout": "",  "model_class": "Job",  "output_collections": {},  "outputs": {   "anndata_out": {    "id": "04f45f1840830d3d",    "src": "hda",    "uuid": "88769356-437c-4666-9916-1840401aa853"   },   "hidden_output": {    "id": "fbdc5c6002ecddfc",    "src": "hda",    "uuid": "e9de03ac-3e91-48d1-a10b-0fad73476da0"   }  },  "params": {   "__input_ext": "\"input\"",   "advanced_common": "{\"show_log\": true}",   "chromInfo": "\"/cvmfs/data.galaxyproject.org/managed/len/ucsc/?.len\"",   "dbkey": "\"?\"",   "method": "{\"__current_case__\": 0, \"filter\": {\"__current_case__\": 3, \"filter\": \"max_genes\", \"max_genes\": \"100\"}, \"method\": \"pp.filter_cells\"}"  },  "state": "ok",  "stderr": "",  "stdout": "[n_obs \u00d7 n_vars]\n-    640 \u00d7 11\n[obs]\n-    cell_type\n-    n_genes\n[uns]\n-    cell_type_colors\n-    highlights\n-    iroot\n",  "tool_id": "toolshed.g2.bx.psu.edu/repos/iuc/scanpy_filter/scanpy_filter/1.9.6+galaxy4",  "tool_stderr": "",  "tool_stdout": "[n_obs \u00d7 n_vars]\n-    640 \u00d7 11\n[obs]\n-    cell_type\n-    n_genes\n[uns]\n-    cell_type_colors\n-    highlights\n-    iroot\n",  "update_time": "2025-02-26T19:19:13.053597",  "user_email": "tests@fake.org" }, "output_problems": [  "Output anndata_out: Test output file (pp.filter_cells.krumsiek11-max_genes.h5ad) is missing. If you are using planemo, try adding --update_test_data to generate it." ], "status": "failure", "test_index": 1, "time_seconds": 35.23760223388672, "tool_id": "scanpy_filter", "tool_version": "1.9.6+galaxy4"}
                ]]></error>
            
            <system-out><![CDATA[
            [n_obs  n_vars]-    640  11[obs]-    cell_type-    n_genes[uns]-    cell_type_colors-    highlights-    iroot
            ]]></system-out>
            <system-err><![CDATA[
            
            ]]></system-err>
        
    </testcase>
    
    <testcase classname="scanpy_filter (Test #3)" name="2" time="34.64680337905884">
        
            
                <error type="error" message="Tool exit code: 0"><![CDATA[
                    { "inputs": {  "adata": {   "id": "fe9dc950ba4455b2",   "src": "hda"  },  "advanced_common|show_log": true,  "method|filter|filter": "min_counts",  "method|filter|min_counts": "3",  "method|method": "pp.filter_genes" }, "job": {  "command_line": "cp \u0027/galaxy/server/database/objects/1/9/7/dataset_1975aba2-3933-4981-93eb-f4a40842b0a6.dat\u0027 \u0027anndata.h5ad\u0027 \u0026\u0026 cat \u0027/galaxy/server/database/jobs_directory/000/138/configs/tmpvzn4e6dw\u0027 \u003e \u0027/galaxy/server/database/objects/6/0/a/dataset_60a943d7-aff2-490b-835b-4e2c4a066a5d.dat\u0027 \u0026\u0026 python \u0027/galaxy/server/database/jobs_directory/000/138/configs/tmpvzn4e6dw\u0027 \u003e\u003e \u0027/galaxy/server/database/objects/6/0/a/dataset_60a943d7-aff2-490b-835b-4e2c4a066a5d.dat\u0027 \u0026\u0026 ls . \u003e\u003e \u0027/galaxy/server/database/objects/6/0/a/dataset_60a943d7-aff2-490b-835b-4e2c4a066a5d.dat\u0027 \u0026\u0026 touch \u0027anndata_info.txt\u0027 \u0026\u0026 cat \u0027anndata_info.txt\u0027  | sed -r \u00271 s|AnnData object with (.+) = (.*)\\s*|\\1: \\2|g\u0027 | sed \"s|\u0027||g\"  | sed -r \u0027s|^\\s*(.*):\\s(.*)|[\\1]\\n-    \\2|g\u0027 | sed \u0027s|, |\\n-    |g\u0027",  "command_version": "scanpy version: 1.9.6",  "copied_from_job_id": null,  "create_time": "2025-02-26T19:19:32.018832",  "dependencies": [],  "exit_code": 0,  "external_id": "gxy-r7c4b",  "galaxy_version": "24.1",  "handler": null,  "history_id": "9a6a95ee3efbd1f0",  "id": "612301e86ba12983",  "inputs": {   "adata": {    "id": "fe9dc950ba4455b2",    "src": "hda",    "uuid": "1975aba2-3933-4981-93eb-f4a40842b0a6"   }  },  "job_messages": [],  "job_metrics": [   {    "name": "runtime_seconds",    "plugin": "core",    "raw_value": "4.0000000",    "title": "Job Runtime (Wall Clock)",    "value": "4 seconds"   },   {    "name": "end_epoch",    "plugin": "core",    "raw_value": "1740597577.0000000",    "title": "Job End Time",    "value": "2025-02-26 19:19:37"   },   {    "name": "start_epoch",    "plugin": "core",    "raw_value": "1740597573.0000000",    "title": "Job Start Time",    "value": "2025-02-26 19:19:33"   },   {    "name": "galaxy_memory_mb",    "plugin": "core",    "raw_value": "12240.0000000",    "title": "Memory Allocated (MB)",    "value": "12240"   },   {    "name": "galaxy_slots",    "plugin": "core",    "raw_value": "4.0000000",    "title": "Cores Allocated",    "value": "4"   }  ],  "job_runner_name": null,  "job_stderr": "",  "job_stdout": "",  "model_class": "Job",  "output_collections": {},  "outputs": {   "anndata_out": {    "id": "329496a01e3c8fbf",    "src": "hda",    "uuid": "ff86fe03-3c9e-40e5-a886-29ff287b9a1b"   },   "hidden_output": {    "id": "5cdbb5b868a16fa5",    "src": "hda",    "uuid": "60a943d7-aff2-490b-835b-4e2c4a066a5d"   }  },  "params": {   "__input_ext": "\"input\"",   "advanced_common": "{\"show_log\": true}",   "chromInfo": "\"/cvmfs/data.galaxyproject.org/managed/len/ucsc/?.len\"",   "dbkey": "\"?\"",   "method": "{\"__current_case__\": 1, \"filter\": {\"__current_case__\": 0, \"filter\": \"min_counts\", \"min_counts\": \"3\"}, \"method\": \"pp.filter_genes\"}"  },  "state": "ok",  "stderr": "",  "stdout": "[n_obs \u00d7 n_vars]\n-    640 \u00d7 11\n[obs]\n-    cell_type\n[var]\n-    n_counts\n[uns]\n-    cell_type_colors\n-    highlights\n-    iroot\n",  "tool_id": "toolshed.g2.bx.psu.edu/repos/iuc/scanpy_filter/scanpy_filter/1.9.6+galaxy4",  "tool_stderr": "",  "tool_stdout": "[n_obs \u00d7 n_vars]\n-    640 \u00d7 11\n[obs]\n-    cell_type\n[var]\n-    n_counts\n[uns]\n-    cell_type_colors\n-    highlights\n-    iroot\n",  "update_time": "2025-02-26T19:19:47.775125",  "user_email": "tests@fake.org" }, "output_problems": [  "Output anndata_out: Test output file (pp.filter_genes.krumsiek11-min_counts.h5ad) is missing. If you are using planemo, try adding --update_test_data to generate it." ], "status": "failure", "test_index": 2, "time_seconds": 34.64680337905884, "tool_id": "scanpy_filter", "tool_version": "1.9.6+galaxy4"}
                ]]></error>
            
            <system-out><![CDATA[
            [n_obs  n_vars]-    640  11[obs]-    cell_type[var]-    n_counts[uns]-    cell_type_colors-    highlights-    iroot
            ]]></system-out>
            <system-err><![CDATA[
            
            ]]></system-err>
        
    </testcase>
    
    <testcase classname="scanpy_filter (Test #4)" name="3" time="35.382867097854614">
        
            
            <system-out><![CDATA[
            [n_obs  n_vars]-    640  11[obs]-    blobs[var]-    highly_variable-    means-    dispersions-    dispersions_norm[uns]-    hvg
            ]]></system-out>
            <system-err><![CDATA[
            
            ]]></system-err>
        
    </testcase>
    
    <testcase classname="scanpy_filter (Test #5)" name="4" time="35.66282320022583">
        
            
                <error type="error" message="Tool exit code: 0"><![CDATA[
                    { "inputs": {  "adata": {   "id": "8cb3c5c05c263be1",   "src": "hda"  },  "advanced_common|show_log": true,  "method|flavor|flavor": "cell_ranger",  "method|flavor|n_top_genes": "2",  "method|method": "pp.highly_variable_genes",  "method|n_bins": "20",  "method|subset": true }, "job": {  "command_line": "cp \u0027/galaxy/server/database/objects/6/9/5/dataset_6959cda1-3211-4dc1-a0ef-86d3aaf61d08.dat\u0027 \u0027anndata.h5ad\u0027 \u0026\u0026 cat \u0027/galaxy/server/database/jobs_directory/000/142/configs/tmp234au_ud\u0027 \u003e \u0027/galaxy/server/database/objects/4/8/c/dataset_48c63029-44bd-4a83-9b6b-832882b0f1e0.dat\u0027 \u0026\u0026 python \u0027/galaxy/server/database/jobs_directory/000/142/configs/tmp234au_ud\u0027 \u003e\u003e \u0027/galaxy/server/database/objects/4/8/c/dataset_48c63029-44bd-4a83-9b6b-832882b0f1e0.dat\u0027 \u0026\u0026 ls . \u003e\u003e \u0027/galaxy/server/database/objects/4/8/c/dataset_48c63029-44bd-4a83-9b6b-832882b0f1e0.dat\u0027 \u0026\u0026 touch \u0027anndata_info.txt\u0027 \u0026\u0026 cat \u0027anndata_info.txt\u0027  | sed -r \u00271 s|AnnData object with (.+) = (.*)\\s*|\\1: \\2|g\u0027 | sed \"s|\u0027||g\"  | sed -r \u0027s|^\\s*(.*):\\s(.*)|[\\1]\\n-    \\2|g\u0027 | sed \u0027s|, |\\n-    |g\u0027",  "command_version": "scanpy version: 1.9.6",  "copied_from_job_id": null,  "create_time": "2025-02-26T19:20:42.618417",  "dependencies": [],  "exit_code": 0,  "external_id": "gxy-2l974",  "galaxy_version": "24.1",  "handler": null,  "history_id": "9a6a95ee3efbd1f0",  "id": "5d0302bcc3867ffb",  "inputs": {   "adata": {    "id": "8cb3c5c05c263be1",    "src": "hda",    "uuid": "6959cda1-3211-4dc1-a0ef-86d3aaf61d08"   }  },  "job_messages": [],  "job_metrics": [   {    "name": "runtime_seconds",    "plugin": "core",    "raw_value": "3.0000000",    "title": "Job Runtime (Wall Clock)",    "value": "3 seconds"   },   {    "name": "end_epoch",    "plugin": "core",    "raw_value": "1740597648.0000000",    "title": "Job End Time",    "value": "2025-02-26 19:20:48"   },   {    "name": "start_epoch",    "plugin": "core",    "raw_value": "1740597645.0000000",    "title": "Job Start Time",    "value": "2025-02-26 19:20:45"   },   {    "name": "galaxy_memory_mb",    "plugin": "core",    "raw_value": "12240.0000000",    "title": "Memory Allocated (MB)",    "value": "12240"   },   {    "name": "galaxy_slots",    "plugin": "core",    "raw_value": "4.0000000",    "title": "Cores Allocated",    "value": "4"   }  ],  "job_runner_name": null,  "job_stderr": "",  "job_stdout": "",  "model_class": "Job",  "output_collections": {},  "outputs": {   "anndata_out": {    "id": "09b1c15e33781de5",    "src": "hda",    "uuid": "e75155db-c190-4c57-ad47-8062127834d0"   },   "hidden_output": {    "id": "a89caca2b4b6710f",    "src": "hda",    "uuid": "48c63029-44bd-4a83-9b6b-832882b0f1e0"   }  },  "params": {   "__input_ext": "\"input\"",   "advanced_common": "{\"show_log\": true}",   "chromInfo": "\"/cvmfs/data.galaxyproject.org/managed/len/ucsc/?.len\"",   "dbkey": "\"?\"",   "method": "{\"__current_case__\": 3, \"flavor\": {\"__current_case__\": 1, \"flavor\": \"cell_ranger\", \"n_top_genes\": \"2\"}, \"method\": \"pp.highly_variable_genes\", \"n_bins\": \"20\", \"subset\": true}"  },  "state": "ok",  "stderr": "",  "stdout": "[n_obs \u00d7 n_vars]\n-    640 \u00d7 11\n[obs]\n-    cell_type\n[var]\n-    highly_variable\n-    means\n-    dispersions\n-    dispersions_norm\n[uns]\n-    cell_type_colors\n-    highlights\n-    iroot\n-    hvg\n",  "tool_id": "toolshed.g2.bx.psu.edu/repos/iuc/scanpy_filter/scanpy_filter/1.9.6+galaxy4",  "tool_stderr": "",  "tool_stdout": "[n_obs \u00d7 n_vars]\n-    640 \u00d7 11\n[obs]\n-    cell_type\n[var]\n-    highly_variable\n-    means\n-    dispersions\n-    dispersions_norm\n[uns]\n-    cell_type_colors\n-    highlights\n-    iroot\n-    hvg\n",  "update_time": "2025-02-26T19:20:59.229245",  "user_email": "tests@fake.org" }, "output_problems": [  "Output anndata_out: Test output file (pp.highly_variable_genes.krumsiek11-cell_ranger.h5ad) is missing. If you are using planemo, try adding --update_test_data to generate it." ], "status": "failure", "test_index": 4, "time_seconds": 35.66282320022583, "tool_id": "scanpy_filter", "tool_version": "1.9.6+galaxy4"}
                ]]></error>
            
            <system-out><![CDATA[
            [n_obs  n_vars]-    640  11[obs]-    cell_type[var]-    highly_variable-    means-    dispersions-    dispersions_norm[uns]-    cell_type_colors-    highlights-    iroot-    hvg
            ]]></system-out>
            <system-err><![CDATA[
            
            ]]></system-err>
        
    </testcase>
    
    <testcase classname="scanpy_filter (Test #6)" name="5" time="11.304925203323364">
        
            <error type="error" message="Input staging problem: Job in error state.. tool_id: upload1, exit_code: None, stderr: ."><![CDATA[
                { "execution_problem": "Input staging problem: Job in error state.. tool_id: upload1, exit_code: None, stderr: .", "status": "error", "test_index": 5, "time_seconds": 11.304925203323364, "tool_id": "scanpy_filter", "tool_version": "1.9.6+galaxy4"}
            ]]></error>
        
    </testcase>
    
    <testcase classname="scanpy_filter (Test #7)" name="6" time="35.61062240600586">
        
            
                <error type="error" message="Tool exit code: 0"><![CDATA[
                    { "inputs": {  "adata": {   "id": "74d4ef9ebb1b5a2a",   "src": "hda"  },  "advanced_common|show_log": true,  "method|method": "pp.subsample",  "method|random_state": "0",  "method|type|n_obs": "10",  "method|type|type": "n_obs" }, "job": {  "command_line": "cp \u0027/galaxy/server/database/objects/4/7/0/dataset_4702ac83-bbb8-40ed-a058-23037bf3c740.dat\u0027 \u0027anndata.h5ad\u0027 \u0026\u0026 cat \u0027/galaxy/server/database/jobs_directory/000/145/configs/tmpi1uvhe0e\u0027 \u003e \u0027/galaxy/server/database/objects/3/a/7/dataset_3a74f49d-419f-4557-85ee-a9bae2792767.dat\u0027 \u0026\u0026 python \u0027/galaxy/server/database/jobs_directory/000/145/configs/tmpi1uvhe0e\u0027 \u003e\u003e \u0027/galaxy/server/database/objects/3/a/7/dataset_3a74f49d-419f-4557-85ee-a9bae2792767.dat\u0027 \u0026\u0026 ls . \u003e\u003e \u0027/galaxy/server/database/objects/3/a/7/dataset_3a74f49d-419f-4557-85ee-a9bae2792767.dat\u0027 \u0026\u0026 touch \u0027anndata_info.txt\u0027 \u0026\u0026 cat \u0027anndata_info.txt\u0027  | sed -r \u00271 s|AnnData object with (.+) = (.*)\\s*|\\1: \\2|g\u0027 | sed \"s|\u0027||g\"  | sed -r \u0027s|^\\s*(.*):\\s(.*)|[\\1]\\n-    \\2|g\u0027 | sed \u0027s|, |\\n-    |g\u0027",  "command_version": "scanpy version: 1.9.6",  "copied_from_job_id": null,  "create_time": "2025-02-26T19:21:30.413028",  "dependencies": [],  "exit_code": 0,  "external_id": "gxy-qjbbw",  "galaxy_version": "24.1",  "handler": null,  "history_id": "9a6a95ee3efbd1f0",  "id": "3d3749cfa5033a1c",  "inputs": {   "adata": {    "id": "74d4ef9ebb1b5a2a",    "src": "hda",    "uuid": "4702ac83-bbb8-40ed-a058-23037bf3c740"   }  },  "job_messages": [],  "job_metrics": [   {    "name": "runtime_seconds",    "plugin": "core",    "raw_value": "4.0000000",    "title": "Job Runtime (Wall Clock)",    "value": "4 seconds"   },   {    "name": "end_epoch",    "plugin": "core",    "raw_value": "1740597695.0000000",    "title": "Job End Time",    "value": "2025-02-26 19:21:35"   },   {    "name": "start_epoch",    "plugin": "core",    "raw_value": "1740597691.0000000",    "title": "Job Start Time",    "value": "2025-02-26 19:21:31"   },   {    "name": "galaxy_memory_mb",    "plugin": "core",    "raw_value": "12240.0000000",    "title": "Memory Allocated (MB)",    "value": "12240"   },   {    "name": "galaxy_slots",    "plugin": "core",    "raw_value": "4.0000000",    "title": "Cores Allocated",    "value": "4"   }  ],  "job_runner_name": null,  "job_stderr": "",  "job_stdout": "",  "model_class": "Job",  "output_collections": {},  "outputs": {   "anndata_out": {    "id": "f0be428b36757603",    "src": "hda",    "uuid": "fefde7b8-9a45-4c75-b303-31fac28aa2cf"   },   "hidden_output": {    "id": "d579ff739370ac7b",    "src": "hda",    "uuid": "3a74f49d-419f-4557-85ee-a9bae2792767"   }  },  "params": {   "__input_ext": "\"input\"",   "advanced_common": "{\"show_log\": true}",   "chromInfo": "\"/cvmfs/data.galaxyproject.org/managed/len/ucsc/?.len\"",   "dbkey": "\"?\"",   "method": "{\"__current_case__\": 4, \"method\": \"pp.subsample\", \"random_state\": \"0\", \"type\": {\"__current_case__\": 1, \"n_obs\": \"10\", \"type\": \"n_obs\"}}"  },  "state": "ok",  "stderr": "",  "stdout": "[n_obs \u00d7 n_vars]\n-    10 \u00d7 11\n[obs]\n-    cell_type\n[uns]\n-    cell_type_colors\n-    highlights\n-    iroot\n",  "tool_id": "toolshed.g2.bx.psu.edu/repos/iuc/scanpy_filter/scanpy_filter/1.9.6+galaxy4",  "tool_stderr": "",  "tool_stdout": "[n_obs \u00d7 n_vars]\n-    10 \u00d7 11\n[obs]\n-    cell_type\n[uns]\n-    cell_type_colors\n-    highlights\n-    iroot\n",  "update_time": "2025-02-26T19:21:46.508752",  "user_email": "tests@fake.org" }, "output_problems": [  "Output anndata_out: Test output file (pp.subsample.krumsiek11_n_obs.h5ad) is missing. If you are using planemo, try adding --update_test_data to generate it." ], "status": "failure", "test_index": 6, "time_seconds": 35.61062240600586, "tool_id": "scanpy_filter", "tool_version": "1.9.6+galaxy4"}
                ]]></error>
            
            <system-out><![CDATA[
            [n_obs  n_vars]-    10  11[obs]-    cell_type[uns]-    cell_type_colors-    highlights-    iroot
            ]]></system-out>
            <system-err><![CDATA[
            
            ]]></system-err>
        
    </testcase>
    
    <testcase classname="scanpy_filter (Test #8)" name="7" time="133.62031435966492">
        
            
                <error type="error" message="Tool exit code: 0"><![CDATA[
                    { "inputs": {  "adata": {   "id": "40394843ebcd4c62",   "src": "hda"  },  "advanced_common|show_log": true,  "method|method": "pp.downsample_counts",  "method|random_state": "0",  "method|replace": false,  "method|total_counts": "20000" }, "job": {  "command_line": "cp \u0027/galaxy/server/database/objects/1/a/e/dataset_1aeca8ae-8918-45e6-8a30-783dd3828d01.dat\u0027 \u0027anndata.h5ad\u0027 \u0026\u0026 cat \u0027/galaxy/server/database/jobs_directory/000/147/configs/tmp1tsg8oqc\u0027 \u003e \u0027/galaxy/server/database/objects/2/8/f/dataset_28f92c46-7a29-466c-9865-4955005ef50a.dat\u0027 \u0026\u0026 python \u0027/galaxy/server/database/jobs_directory/000/147/configs/tmp1tsg8oqc\u0027 \u003e\u003e \u0027/galaxy/server/database/objects/2/8/f/dataset_28f92c46-7a29-466c-9865-4955005ef50a.dat\u0027 \u0026\u0026 ls . \u003e\u003e \u0027/galaxy/server/database/objects/2/8/f/dataset_28f92c46-7a29-466c-9865-4955005ef50a.dat\u0027 \u0026\u0026 touch \u0027anndata_info.txt\u0027 \u0026\u0026 cat \u0027anndata_info.txt\u0027  | sed -r \u00271 s|AnnData object with (.+) = (.*)\\s*|\\1: \\2|g\u0027 | sed \"s|\u0027||g\"  | sed -r \u0027s|^\\s*(.*):\\s(.*)|[\\1]\\n-    \\2|g\u0027 | sed \u0027s|, |\\n-    |g\u0027",  "command_version": "scanpy version: 1.9.6",  "copied_from_job_id": null,  "create_time": "2025-02-26T19:22:07.190534",  "dependencies": [],  "exit_code": 0,  "external_id": "gxy-4w482",  "galaxy_version": "24.1",  "handler": null,  "history_id": "9a6a95ee3efbd1f0",  "id": "1972bbcbad83e4c3",  "inputs": {   "adata": {    "id": "40394843ebcd4c62",    "src": "hda",    "uuid": "1aeca8ae-8918-45e6-8a30-783dd3828d01"   }  },  "job_messages": [],  "job_metrics": [   {    "name": "runtime_seconds",    "plugin": "core",    "raw_value": "100.0000000",    "title": "Job Runtime (Wall Clock)",    "value": "1 minute"   },   {    "name": "end_epoch",    "plugin": "core",    "raw_value": "1740597828.0000000",    "title": "Job End Time",    "value": "2025-02-26 19:23:48"   },   {    "name": "start_epoch",    "plugin": "core",    "raw_value": "1740597728.0000000",    "title": "Job Start Time",    "value": "2025-02-26 19:22:08"   },   {    "name": "galaxy_memory_mb",    "plugin": "core",    "raw_value": "12240.0000000",    "title": "Memory Allocated (MB)",    "value": "12240"   },   {    "name": "galaxy_slots",    "plugin": "core",    "raw_value": "4.0000000",    "title": "Cores Allocated",    "value": "4"   }  ],  "job_runner_name": null,  "job_stderr": "",  "job_stdout": "",  "model_class": "Job",  "output_collections": {},  "outputs": {   "anndata_out": {    "id": "0df13c26e483b462",    "src": "hda",    "uuid": "d1861768-484d-42c0-9f44-251ff66ea68b"   },   "hidden_output": {    "id": "b7fa58126fcf36fe",    "src": "hda",    "uuid": "28f92c46-7a29-466c-9865-4955005ef50a"   }  },  "params": {   "__input_ext": "\"input\"",   "advanced_common": "{\"show_log\": true}",   "chromInfo": "\"/cvmfs/data.galaxyproject.org/managed/len/ucsc/?.len\"",   "dbkey": "\"?\"",   "method": "{\"__current_case__\": 5, \"counts_per_cell\": \"\", \"method\": \"pp.downsample_counts\", \"random_state\": \"0\", \"replace\": false, \"total_counts\": \"20000\"}"  },  "state": "ok",  "stderr": "",  "stdout": "[n_obs \u00d7 n_vars]\n-    1000 \u00d7 1000\n",  "tool_id": "toolshed.g2.bx.psu.edu/repos/iuc/scanpy_filter/scanpy_filter/1.9.6+galaxy4",  "tool_stderr": "",  "tool_stdout": "[n_obs \u00d7 n_vars]\n-    1000 \u00d7 1000\n",  "update_time": "2025-02-26T19:23:59.870412",  "user_email": "tests@fake.org" }, "output_problems": [  "Output anndata_out: Test output file (pp.downsample_counts.random-randint.h5ad) is missing. If you are using planemo, try adding --update_test_data to generate it." ], "status": "failure", "test_index": 7, "time_seconds": 133.62031435966492, "tool_id": "scanpy_filter", "tool_version": "1.9.6+galaxy4"}
                ]]></error>
            
            <system-out><![CDATA[
            [n_obs  n_vars]-    1000  1000
            ]]></system-out>
            <system-err><![CDATA[
            
            ]]></system-err>
        
    </testcase>
    
    <testcase classname="scanpy_filter (Test #9)" name="8" time="45.12631392478943">
        
            
            <system-out><![CDATA[
            [n_obs  n_vars]-    100  221[obs]-    bulk_labels-    n_genes-    percent_mito-    n_counts-    louvain[uns]-    cosg-    rank_genes_groups[obsm]-    X_pca-    X_umap
            ]]></system-out>
            <system-err><![CDATA[
            
            ]]></system-err>
        
    </testcase>
    
    <testcase classname="scanpy_normalise_data (Test #1)" name="0" time="0.24779868125915527">
        
            <error type="error" message="Input staging problem: Test input file (filter_genes.h5) cannot be found."><![CDATA[
                { "execution_problem": "Input staging problem: Test input file (filter_genes.h5) cannot be found.", "status": "error", "test_index": 0, "time_seconds": 0.24779868125915527, "tool_id": "scanpy_normalise_data", "tool_version": "1.9.3+galaxy0"}
            ]]></error>
        
    </testcase>
    
    <testcase classname="scanpy_normalise_data (Test #1)" name="0" time="0.24512219429016113">
        
            <error type="error" message="Input staging problem: Test input file (filter_genes.h5) cannot be found."><![CDATA[
                { "execution_problem": "Input staging problem: Test input file (filter_genes.h5) cannot be found.", "status": "error", "test_index": 0, "time_seconds": 0.24512219429016113, "tool_id": "scanpy_normalise_data", "tool_version": "1.9.3+galaxy0"}
            ]]></error>
        
    </testcase>
    
    <testcase classname="vcfgeno2haplo (Test #1)" name="0" time="40.36158752441406">
        
            
            <system-out><![CDATA[
            
            ]]></system-out>
            <system-err><![CDATA[
            index file localref.fa.fai not found, generating...no alternate alleles remain at phiX174:1015 after haplotype validation
            ]]></system-err>
        
    </testcase>
    
</testsuite>